[main] LOG -> F:\Cursor\AI Whisper Next\ai_whisper_20260516_013452.log
[settings] config loaded from F:\Cursor\AI Whisper Next\config.json
[main][01:34:52.474] ✅ 快捷鍵 ctrl+f12（句號）、ctrl+f11（逗號）已註冊
[main][01:34:52.475] ✅ 記憶快捷鍵 5/5 已註冊 (Win32)
[tap]         🎙️ 敲麥監聽已啟動
[recorder][VAD] 載入 Silero VAD 模型...
Using cache found in C:\Users\Administrator/.cache\torch\hub\snakers4_silero-vad_master
[recorder][VAD] ⚠️ Silero VAD 載入失敗，使用 RMS 備援: No module named 'torchaudio'
[tap][sample][01:34:54.862] 持續=153ms 峰值=8730 ✓ 🎯 敲擊 #1
[tap][sample][01:34:55.123] 持續=162ms 峰值=14321 ✓ 🎯 敲擊 #2
[tap][sample][01:34:55.375] 持續=189ms 峰值=13230 ✓ 🎯 敲擊 #3
[tap]        [01:34:55.375] 🔔 三連敲觸發（間隔 252ms / 225ms，一致性 0.89）
[recorder][01:34:55] ⏱️ InputStream() 2.3ms
[recorder][01:34:55] ⏱️ stream.start() 0.3ms
[recorder][01:34:55] 🎙️ 錄音就緒，總初始化 2.6ms
[main][01:34:55.378] ⏱️ recorder.start() 耗時 2.8ms，ok=True
[main][01:34:55.383] 🎙️ 開始錄音
[tap][dim]   [01:34:55.402] 持續=27ms 峰值=458 ✗弱[recorder][01:34:55] 🎤 第一包音訊到達，麥克風實際開啟延遲 24.1ms

[recorder][VAD] RMS 語音幀 0/33 (0.0%)，有效語音 0.00s，閾值 450，最低比例 16%，最低語音 0.35s
[recorder][flush] ❌ VAD 未達有效語音門檻，略過（語音比例不足 0.0% < 16%）
[recorder][VAD] RMS 語音幀 0/33 (0.0%)，有效語音 0.00s，閾值 450，最低比例 16%，最低語音 0.35s
[recorder][flush] ❌ VAD 未達有效語音門檻，略過（語音比例不足 0.0% < 16%）
[recorder][VAD] RMS 語音幀 0/33 (0.0%)，有效語音 0.00s，閾值 450，最低比例 16%，最低語音 0.35s
[recorder][flush] ❌ VAD 未達有效語音門檻，略過（語音比例不足 0.0% < 16%）
[recorder][VAD] RMS 語音幀 0/33 (0.0%)，有效語音 0.00s，閾值 450，最低比例 16%，最低語音 0.35s
[recorder][flush] ❌ VAD 未達有效語音門檻，略過（語音比例不足 0.0% < 16%）
[tap][sample][01:35:00.838] 持續=855ms 峰值=6763 ✗長
[tap][dim]   [01:35:00.883] 持續=45ms 峰值=342 ✗弱
[tap][sample][01:35:01.288] 持續=315ms 峰值=3917 ✗長
[tap][dim]   [01:35:01.324] 持續=36ms 峰值=489 ✗弱
[tap][sample][01:35:01.549] 持續=180ms 峰值=3055 ✗長
[tap][dim]   [01:35:01.584] 持續=36ms 峰值=401 ✗弱
[tap][sample][01:35:02.412] 持續=189ms 峰值=3316 ✗長
[tap][dim]   [01:35:02.485] 持續=72ms 峰值=535 ✗弱
[tap][sample][01:35:02.863] 持續=378ms 峰值=4417 ✗長
[tap][dim]   [01:35:02.926] 持續=27ms 峰值=472 ✗弱
[tap][sample][01:35:03.052] 持續=126ms 峰值=2059 ✗長
[tap][dim]   [01:35:03.079] 持續=28ms 峰值=303 ✗弱
[tap][sample][01:35:03.403] 持續=27ms 峰值=1832 ✓ 🎯 敲擊 #1
[tap][dim]   [01:35:03.502] 持續=27ms 峰值=501 ✗弱
[tap][sample][01:35:03.763] 持續=135ms 峰值=10914 ✓ 🎯 敲擊 #2
[tap][sample][01:35:04.014] 持續=162ms 峰值=12704 ✓ 🎯 敲擊 #3
[tap]        [01:35:04.014] 🔔 三連敲觸發（間隔 252ms / 225ms，一致性 0.89）
[main][01:35:04.015] ⏳ 預熱 idle 計時器啟動，10 分鐘後關閉麥克風
[recorder][VAD] RMS 語音幀 85/152 (55.9%)，有效語音 2.55s，閾值 450，最低比例 16%，最低語音 0.35s
[main][01:35:04.016] ✅ 錄音完成，送出辨識
[paster][01:35:04] 📏 [UIA] text='ctrl esc to focus or', text_after='', at_end=True, last_punct=False
[paster][01:35:04] 🔮 預取游標位置: at_end=True, last_punct=False (delay=0.26s, est_api=0.71s)
[transcriber][01:35:05.436] ⏱️ API 耗時: 1.25s
[main][01:35:05.437] ✅ 辨識完成: "找的範圍大一點，往右一點"
[paster][01:35:05] 🎯 PASTE: at_end=True, last_punct=False, add_prefix=True (prefetched), prefix='。', final='找的範圍大一點，往右一點'
[paster][01:35:05] 📋 CLIP flow start: target_chars=13, restore_delay=0.30s
[paster][01:35:05] 📋 CLIP backup: count=7, formats=49367:1295B, 13:64B, 50188:24B, 50131:12B, 16:4B, 1:60B, 7:60B, text='還是沒成功，你沒辦法透過某種API取得系'
[paster][01:35:05] 📋 CLIP set attempt 1/4: chars=13, bytes=28, preview='。找的範圍大一點，往右一點'
[paster][01:35:05] 📋 CLIP verify ok: attempt=1, chars=13, text='。找的範圍大一點，往右一點'
[paster][01:35:05] ⌨️ Ctrl+V 準備送出，cb_ok=True，視窗="Fix system tray icon res… - AI Whisper Next - Cursor [系統管理員]"，hwnd=0x00101060，keys_before=async_down=none; logical_down=none，text='。找的範圍大一點，往右一點'
[paster][01:35:05] ⌨️ 貼上前釋放修飾鍵: released=none，restore_later=none，keys_after_release=async_down=none; logical_down=none
[paster][01:35:05] ⌨️ Ctrl+V 已送出，keys_after_send=async_down=none; logical_down=none
[paster][01:35:05] 🚫 CLIP guard armed: manual Ctrl+V suppressed
[paster][01:35:05] ⏱️ 收到→貼上完成: 0.20s
[paster][01:35:05] 📋 CLIP restore wait: 0.30s
[paster][01:35:05] 📋 CLIP restore attempt 1/4: text='還是沒成功，你沒辦法透過某種API取得系'
[paster][01:35:05] 📋 CLIP restore: restored=7/7, formats=49367:1295B, 13:64B, 50188:24B, 50131:12B, 16:4B, 1:60B, 7:60B, text='還是沒成功，你沒辦法透過某種API取得系'
[paster][01:35:06] 📋 CLIP restore verify ok: attempt=1, text='還是沒成功，你沒辦法透過某種API取得系'
[paster][01:35:06] 🚫 CLIP guard disarmed: blocked=0
[paster][01:35:08] 📋 CLIP watchdog done: checks=11, repairs=0, ok=True, final='還是沒成功，你沒辦法透過某種API取得系'
[paster][01:35:08] 📋 剪貼簿已還原驗證（7 種格式，restore_ok=True, watch_ok=True）
