[main] LOG -> F:\Cursor\AI Whisper Next\ai_whisper_20260517_034121.log
[settings] config loaded from F:\Cursor\AI Whisper Next\config.json
[main][03:41:22.192] ✅ 快捷鍵 ctrl+f12（句號）、ctrl+f11（逗號）已註冊
[input][03:41:22.193] ✅ Ctrl狀態防護已啟動
[main][03:41:22.194] ✅ 記憶快捷鍵 5/5 已註冊 (Win32)
[audio-device] default input 1 '麥克風 (Realtek(R) Audio)' has no callback; using 7 '麥克風 (Realtek(R) Audio)' (Windows DirectSound)
[tap]        [03:41:22.535] 🎙️ 敲麥監聽已啟動（device=7 麥克風 (Realtek(R) Audio) / Windows DirectSound）
[recorder][VAD] 載入 Silero VAD 模型...
Using cache found in C:\Users\Administrator/.cache\torch\hub\snakers4_silero-vad_master
[recorder][VAD] Silero VAD 模型載入完成
[tap]        [03:41:41.084] 💤 敲麥監聽已停止
[recorder][03:41:41] ⏱️ InputStream() 56.0ms，device=7 麥克風 (Realtek(R) Audio) / Windows DirectSound
[recorder][03:41:41] ⏱️ stream.start() 0.6ms
[recorder][03:41:41] 🎙️ 錄音就緒，總初始化 56.6ms
[main][03:41:41.141] ⏱️ recorder.start() 耗時 56.9ms，ok=True
[main][03:41:41.149] 🎙️ 開始錄音
[recorder][03:41:41] 🎤 第一包音訊到達，麥克風實際開啟延遲 66.1ms
[recorder][03:41:42] 💤 預熱 stream 已關閉
[tap]        [03:41:42.192] 🎙️ 敲麥監聽已啟動（device=7 麥克風 (Realtek(R) Audio) / Windows DirectSound）
[recorder][VAD] Silero 語音幀 0/29 (0.0%)，有效語音 0.00s，信心閾值 0.6，最低比例 16%，最低語音 0.35s
[recorder][stop] ❌ VAD 未達有效語音門檻，不送出辨識（語音比例不足 0.0% < 16%）
[tap]        [03:42:27.909] 💤 敲麥監聽已停止
[recorder][03:42:27] 💤 預熱 stream 已關閉
[0m