[main] LOG -> F:\Cursor\AI Whisper Next\logs\ai_whisper_20260607_010346_P8-32.current.log
[settings] config loaded from F:\Cursor\AI Whisper Next\config.json
[main][01:03:46.552] ✅ 快捷鍵 ctrl+f11（句號）、ctrl+f12（逗號）已註冊
[main][01:03:46.553] ✅ 主快捷鍵 2/2 已註冊 (Win32)
[main][01:03:46.553] ✅ 記憶快捷鍵 5/5 已註冊 (Win32)
[tap]        [01:03:46.571] 🎙️ 敲麥監聽已啟動
[main][01:03:46.571] 🔧 DIAG 關閉元件: (none)
[debug][01:03:46.692] 🔍 Debug server listening on 127.0.0.1:47643
[recorder][VAD] 載入 Silero VAD 模型 (ONNX): F:\Cursor\AI Whisper Next\assets\silero_vad.onnx
[recorder][VAD] Silero VAD 模型載入完成 (ONNX)
[transcriber][01:03:48.042] 🔌 HTTP 連線預熱完成 (1.47s)
[tap]        [01:04:29.827] 💤 敲麥監聽已停止
[recorder][01:04:29] ⏱️ InputStream() 11.2ms
[recorder][01:04:29] ⏱️ stream.start() 0.8ms
[recorder][01:04:29] 🎙️ 錄音就緒，總初始化 11.9ms
[main][01:04:29.840] ⏱️ recorder.start() 耗時 12.2ms，ok=True
[tap]        [01:04:30.366] 🎙️ 敲麥監聽已啟動
[main][01:04:30.378] 🎙️ 開始錄音
[recorder][01:04:30] 🎤 第一包音訊到達，麥克風實際開啟延遲 777.6ms
[tap][dim]   [01:04:30.878] 持續=27ms 峰值=399 ✗弱
[tap][sample][01:04:33.218] 持續=2340ms 峰值=12615 ✗長 K=1.3 CF=3.8 SC=1069Hz Att=48.4ms | fK=2.0 fCF=4.3 fSC=1189Hz fFlat=0.236 fHF=0.001
[tap][dim]   [01:04:33.281] 持續=63ms 峰值=595 ✗弱
[tap][sample][01:04:34.100] 持續=594ms 峰值=11020 ✗長 K=2.0 CF=4.3 SC=982Hz Att=68.6ms | fK=2.3 fCF=4.5 fSC=980Hz fFlat=0.149 fHF=0.001
[main][01:04:34.301] ⏳ 預熱 idle 計時器啟動，10 分鐘後關閉麥克風
[recorder][VAD] Silero 語音幀 93/115 (80.9%)，有效語音 2.98s，信心閾值 0.6，最低比例 16%，最低語音 0.35s
[main][01:04:34.320] ✅ 錄音完成，送出辨識
[paster][01:04:34] 📏 [UIA] 文字為空 → 不加句號
[paster][01:04:34] 🔮 預取游標位置: at_end=False, last_punct=False (delay=0.17s, est_api=0.62s)
[transcriber][01:04:35.767] ⏱️ API 耗時: 1.45s
[main][01:04:35.773] ✅ 辨識完成: "哈囉哈囉你好你好，有嗎？"
[paster][01:04:35] 🎯 PASTE: at_end=False, last_punct=False, add_prefix=False (prefetched), prefix='。', final='哈囉哈囉你好你好，有嗎？'
[paster][01:04:37] ⌨️ TEXT input skipped: process=python.exe，class=Qt6111QWindowIcon，focus=('AI Whisper', 'MainWindow', 'QApplication.MainWindow', 'WindowControl')，preserve_ctrl=False
[paster][01:04:37] 📋 CLIP flow start: target_chars=12, restore_delay=0.30s
[paster][01:04:37] 📋 CLIP backup: count=7, formats=49377:1158B, 13:12B, 49991:24B, 49941:265B, 16:4B, 1:6B, 7:6B, text='ONNX '
[paster][01:04:37] 📋 CLIP set attempt 1/4: chars=12, bytes=26, preview='哈囉哈囉你好你好，有嗎？'
[paster][01:04:37] 📋 CLIP verify ok: attempt=1, chars=12, text='哈囉哈囉你好你好，有嗎？'
[paster][01:04:37] ⌨️ Ctrl+V 準備送出，cb_ok=True，視窗="AI Whisper"，hwnd=0x070b22bc，process=python.exe，class=Qt6111QWindowIcon，keys_before=async_down=none; logical_down=none，text='哈囉哈囉你好你好，有嗎？'
[paster][01:04:37] ⌨️ 貼上前釋放修飾鍵: released=none，restore_later=none，preserve_ctrl=False，keys_after_release=async_down=none; logical_down=none
[paster][01:04:37] ⌨️ Ctrl+V 已送出，keys_after_send=async_down=none; logical_down=none
[paster][01:04:37] 🚫 CLIP guard armed: manual Ctrl+V suppressed
[paster][01:04:37] ⏱️ 收到→貼上完成: 1.59s
[paster][01:04:37] 📋 CLIP restore wait: 0.30s
[paster][01:04:37] 📋 CLIP restore attempt 1/4: text='ONNX '
[paster][01:04:37] 📋 CLIP restore: restored=7/7, formats=49377:1158B, 13:12B, 49991:24B, 49941:265B, 16:4B, 1:6B, 7:6B, text='ONNX '
[paster][01:04:37] 📋 CLIP restore verify ok: attempt=1, text='ONNX '
[paster][01:04:37] 🚫 CLIP guard disarmed: blocked=0
[paster][01:04:39] 📋 CLIP watchdog done: checks=11, repairs=0, ok=True, final='ONNX '
[paster][01:04:39] 📋 剪貼簿已還原驗證（7 種格式，restore_ok=True, watch_ok=True）
[tap]        [01:06:07.602] 💤 敲麥監聽已停止
[recorder][01:06:07] 🚀 預熱命中，直接開始錄音
[main][01:06:07.602] ⏱️ recorder.start() 耗時 0.4ms，ok=True
[tap]        [01:06:07.607] 🎙️ 敲麥監聽已啟動
[main][01:06:07.618] 🎙️ 開始錄音
[tap][sample][01:06:10.932] 持續=2844ms 峰值=13499 ✗長 K=0.5 CF=3.3 SC=998Hz Att=111.3ms | fK=0.9 fCF=3.7 fSC=1077Hz fFlat=0.213 fHF=0.001
[tap][dim]   [01:06:11.031] 持續=99ms 峰值=544 ✗弱
[main][01:06:11.086] ⏳ 預熱 idle 計時器啟動，10 分鐘後關閉麥克風
[recorder][VAD] Silero 語音幀 88/108 (81.5%)，有效語音 2.82s，信心閾值 0.6，最低比例 16%，最低語音 0.35s
[main][01:06:11.103] ✅ 錄音完成，送出辨識
[paster][01:06:11] 📏 [UIA] 文字為空 → 不加句號
[paster][01:06:11] 🔮 預取游標位置: at_end=False, last_punct=False (delay=0.15s, est_api=0.60s)
[transcriber][01:06:13.303] ⏱️ API 耗時: 2.20s
[main][01:06:13.303] ✅ 辨識完成: "哈囉哈囉你好你好"
[paster][01:06:13] 🎯 PASTE: at_end=False, last_punct=False, add_prefix=False (prefetched), prefix='。', final='哈囉哈囉你好你好'
[paster][01:06:13] ⌨️ TEXT input skipped: process=python.exe，class=Qt6111QWindowIcon，focus=('', 'QScrollArea', 'QApplication.MainWindow.QStackedWidget.QWidget.QWidget.QScrollArea', 'GroupControl')，preserve_ctrl=False
[paster][01:06:13] 📋 CLIP flow start: target_chars=8, restore_delay=0.30s
[paster][01:06:13] 📋 CLIP backup: count=7, formats=49377:1158B, 13:12B, 49991:24B, 49941:265B, 16:4B, 1:6B, 7:6B, text='ONNX '
[paster][01:06:13] 📋 CLIP set attempt 1/4: chars=8, bytes=18, preview='哈囉哈囉你好你好'
[paster][01:06:13] 📋 CLIP verify ok: attempt=1, chars=8, text='哈囉哈囉你好你好'
[paster][01:06:13] ⌨️ Ctrl+V 準備送出，cb_ok=True，視窗="AI Whisper"，hwnd=0x070b22bc，process=python.exe，class=Qt6111QWindowIcon，keys_before=async_down=none; logical_down=none，text='哈囉哈囉你好你好'
[paster][01:06:13] ⌨️ 貼上前釋放修飾鍵: released=none，restore_later=none，preserve_ctrl=False，keys_after_release=async_down=none; logical_down=none
[paster][01:06:13] ⌨️ Ctrl+V 已送出，keys_after_send=async_down=none; logical_down=none
[paster][01:06:13] 🚫 CLIP guard armed: manual Ctrl+V suppressed
[paster][01:06:13] ⏱️ 收到→貼上完成: 0.21s
[paster][01:06:13] 📋 CLIP restore wait: 0.30s
[paster][01:06:13] 📋 CLIP restore attempt 1/4: text='ONNX '
[paster][01:06:13] 📋 CLIP restore: restored=7/7, formats=49377:1158B, 13:12B, 49991:24B, 49941:265B, 16:4B, 1:6B, 7:6B, text='ONNX '
[paster][01:06:13] 📋 CLIP restore verify ok: attempt=1, text='ONNX '
[paster][01:06:13] 🚫 CLIP guard disarmed: blocked=0
[paster][01:06:16] 📋 CLIP watchdog done: checks=11, repairs=0, ok=True, final='ONNX '
[paster][01:06:16] 📋 剪貼簿已還原驗證（7 種格式，restore_ok=True, watch_ok=True）
[tap]        [01:06:45.465] 💤 敲麥監聽已停止
[recorder][01:06:45] 🚀 預熱命中，直接開始錄音
[main][01:06:45.467] ⏱️ recorder.start() 耗時 0.4ms，ok=True
[tap]        [01:06:45.469] 🎙️ 敲麥監聽已啟動
[main][01:06:45.475] 🎙️ 開始錄音
[recorder][VAD] Silero 語音幀 0/31 (0.0%)，有效語音 0.00s，信心閾值 0.6，最低比例 16%，最低語音 0.35s
[recorder][flush] ❌ VAD 未達有效語音門檻，略過（語音比例不足 0.0% < 16%）
[tap][dim]   [01:06:46.526] 持續=27ms 峰值=309 ✗弱
[tap][sample][01:06:48.767] 持續=2241ms 峰值=13653 ✗長 K=0.9 CF=3.5 SC=1024Hz Att=9.0ms | fK=1.6 fCF=4.0 fSC=1135Hz fFlat=0.207 fHF=0.001
[main][01:06:48.772] ⏳ 預熱 idle 計時器啟動，10 分鐘後關閉麥克風
[recorder][VAD] Silero 語音幀 32/71 (45.1%)，有效語音 1.02s，信心閾值 0.6，最低比例 16%，最低語音 0.35s
[main][01:06:48.786] ✅ 錄音完成，送出辨識
[tap][dim]   [01:06:48.795] 持續=27ms 峰值=499 ✗弱
[paster][01:06:48] 📏 [UIA] 文字為空 → 不加句號
[paster][01:06:48] 🔮 預取游標位置: at_end=False, last_punct=False (delay=0.03s, est_api=0.48s)
[transcriber][01:06:49.875] ⏱️ API 耗時: 1.09s
[main][01:06:49.876] ✅ 辨識完成: "哈囉你好你好"
[paster][01:06:49] 🎯 PASTE: at_end=False, last_punct=False, add_prefix=False (prefetched), prefix='。', final='哈囉你好你好'
[paster][01:06:49] ⌨️ TEXT input skipped: process=python.exe，class=Qt6111QWindowIcon，focus=('', 'QScrollArea', 'QApplication.MainWindow.QStackedWidget.QWidget.QWidget.QScrollArea', 'GroupControl')，preserve_ctrl=False
[paster][01:06:49] 📋 CLIP flow start: target_chars=6, restore_delay=0.30s
[paster][01:06:49] 📋 CLIP backup: count=7, formats=49377:1158B, 13:12B, 49991:24B, 49941:265B, 16:4B, 1:6B, 7:6B, text='ONNX '
[paster][01:06:49] 📋 CLIP set attempt 1/4: chars=6, bytes=14, preview='哈囉你好你好'
[paster][01:06:49] 📋 CLIP verify ok: attempt=1, chars=6, text='哈囉你好你好'
[paster][01:06:50] ⌨️ Ctrl+V 準備送出，cb_ok=True，視窗="AI Whisper"，hwnd=0x070b22bc，process=python.exe，class=Qt6111QWindowIcon，keys_before=async_down=none; logical_down=none，text='哈囉你好你好'
[paster][01:06:50] ⌨️ 貼上前釋放修飾鍵: released=none，restore_later=none，preserve_ctrl=False，keys_after_release=async_down=none; logical_down=none
[paster][01:06:50] ⌨️ Ctrl+V 已送出，keys_after_send=async_down=none; logical_down=none
[paster][01:06:50] 🚫 CLIP guard armed: manual Ctrl+V suppressed
[paster][01:06:50] ⏱️ 收到→貼上完成: 0.25s
[paster][01:06:50] 📋 CLIP restore wait: 0.30s
[paster][01:06:50] 📋 CLIP restore attempt 1/4: text='ONNX '
[paster][01:06:50] 📋 CLIP restore: restored=7/7, formats=49377:1158B, 13:12B, 49991:24B, 49941:265B, 16:4B, 1:6B, 7:6B, text='ONNX '
[paster][01:06:50] 📋 CLIP restore verify ok: attempt=1, text='ONNX '
[paster][01:06:50] 🚫 CLIP guard disarmed: blocked=0
[paster][01:06:52] 📋 CLIP watchdog done: checks=11, repairs=0, ok=True, final='ONNX '
[paster][01:06:52] 📋 剪貼簿已還原驗證（7 種格式，restore_ok=True, watch_ok=True）
[main][01:07:56.412] ⌨️ 主快捷鍵觸發（Win32/逗號），keys=async_down=Ctrl,RCtrl; logical_down=Ctrl,RCtrl
[main][01:07:56.414] ⌨️ after(0) 執行延遲 1.8ms
[tap]        [01:07:56.468] 💤 敲麥監聽已停止
[recorder][01:07:56] 🚀 預熱命中，直接開始錄音
[main][01:07:56.475] ⏱️ recorder.start() 耗時 3.1ms，ok=True
[tap]        [01:07:56.492] 🎙️ 敲麥監聽已啟動
[main][01:07:56.503] 🎙️ 開始錄音
[recorder][VAD] Silero 語音幀 0/32 (0.0%)，有效語音 0.00s，信心閾值 0.6，最低比例 16%，最低語音 0.35s
[recorder][flush] ❌ VAD 未達有效語音門檻，略過（語音比例不足 0.0% < 16%）
[tap][sample][01:07:58.337] 持續=315ms 峰值=12630 ✗長 K=1.7 CF=4.0 SC=1275Hz Att=62.2ms | fK=2.1 fCF=4.2 fSC=1278Hz fFlat=0.244 fHF=0.001
[main][01:07:59.503] ⌨️ 主快捷鍵觸發（Win32/逗號），keys=async_down=Ctrl,RCtrl; logical_down=Ctrl,RCtrl
[main][01:07:59.504] ⌨️ after(0) 執行延遲 1.2ms[main][01:07:59.505] ⏳ 預熱 idle 計時器啟動，10 分鐘後關閉麥克風

[recorder][VAD] Silero 語音幀 46/62 (74.2%)，有效語音 1.47s，信心閾值 0.6，最低比例 16%，最低語音 0.35s
[main][01:07:59.514] ✅ 錄音完成，送出辨識
[paster][01:07:59] 📏 [UIA] 文字為空 → 不加句號
[paster][01:07:59] 🔮 預取游標位置: at_end=False, last_punct=False (delay=0.00s, est_api=0.45s)
[tap][sample][01:07:59.588] 持續=1224ms 峰值=12234 ✗長 K=1.8 CF=4.3 SC=2089Hz Att=80.5ms | fK=1.9 fCF=4.4 fSC=2087Hz fFlat=0.477 fHF=0.038
[transcriber][01:08:00.304] ⏱️ API 耗時: 0.79s
[main][01:08:00.305] ✅ 辨識完成: "那你看到的聲音"
[paster][01:08:00] 🎯 PASTE: at_end=False, last_punct=False, add_prefix=False (prefetched), prefix='，', final='那你看到的聲音'
[paster][01:08:00] ⌨️ TEXT input flow start: target_chars=7，視窗="Automating AI Whisper Testing"，hwnd=0x009721f6，process=antigravity.exe，class=Chrome_WidgetWin_1，focus=('Message input', 'max-h-[300px] rounded-md cursor-text overflow-y-auto text-md p-2 outline-none transition-all duration-100 text-sm', '', 'ComboBoxControl')，verify_readable=True，keys_before=async_down=none; logical_down=none，text='那你看到的聲音'
[paster][01:08:00] ⌨️ 直接輸入前釋放修飾鍵: released=none，keys_after_release=async_down=none; logical_down=none
[paster][01:08:00] ⌨️ TEXT input done: ok=True，keys_after_send=async_down=none; logical_down=none
[paster][01:08:00] ⏱️ 收到→直接輸入完成: 0.07s
[paster][01:08:00] ⌨️ TEXT input verify: ok=True，reason=changed
[main][01:08:01.380] ⌨️ 主快捷鍵觸發（Win32/逗號），keys=async_down=Ctrl,RCtrl; logical_down=Ctrl,RCtrl
[main][01:08:01.381] ⌨️ after(0) 執行延遲 1.1ms
[tap]        [01:08:01.417] 💤 敲麥監聽已停止
[recorder][01:08:01] 🚀 預熱命中，直接開始錄音
[main][01:08:01.418] ⏱️ recorder.start() 耗時 0.5ms，ok=True
[tap]        [01:08:01.420] 🎙️ 敲麥監聽已啟動
[main][01:08:01.424] 🎙️ 開始錄音
[main][01:08:02.371] ⌨️ 主快捷鍵觸發（Win32/逗號），keys=async_down=Ctrl,RCtrl; logical_down=Ctrl,RCtrl
[main][01:08:02.373] ⌨️ after(0) 執行延遲 1.2ms[main][01:08:02.373] ⏳ 預熱 idle 計時器啟動，10 分鐘後關閉麥克風

[recorder][VAD] Silero 語音幀 0/29 (0.0%)，有效語音 0.00s，信心閾值 0.6，最低比例 16%，最低語音 0.35s
[recorder][stop] ❌ VAD 未達有效語音門檻，不送出辨識（語音比例不足 0.0% < 16%）
[main][01:08:03.508] ⌨️ 主快捷鍵觸發（Win32/逗號），keys=async_down=Ctrl,RCtrl; logical_down=Ctrl,RCtrl
[main][01:08:03.509] ⌨️ after(0) 執行延遲 1.2ms
[tap]        [01:08:03.550] 💤 敲麥監聽已停止
[recorder][01:08:03] 🚀 預熱命中，直接開始錄音
[main][01:08:03.551] ⏱️ recorder.start() 耗時 0.6ms，ok=True
[tap]        [01:08:03.554] 🎙️ 敲麥監聽已啟動
[main][01:08:03.558] 🎙️ 開始錄音
[recorder][VAD] Silero 語音幀 0/31 (0.0%)，有效語音 0.00s，信心閾值 0.6，最低比例 16%，最低語音 0.35s
[recorder][flush] ❌ VAD 未達有效語音門檻，略過（語音比例不足 0.0% < 16%）
[tap][sample][01:08:05.564] 持續=216ms 峰值=8264 ✗長 K=5.6 CF=6.1 SC=1982Hz Att=90.7ms | fK=6.8 fCF=6.6 fSC=1984Hz fFlat=0.218 fHF=0.015
[tap][sample][01:08:06.213] 持續=621ms 峰值=12273 ✗長 K=1.5 CF=4.0 SC=1429Hz Att=23.9ms | fK=1.7 fCF=4.1 fSC=1431Hz fFlat=0.275 fHF=0.004
[tap][sample][01:08:08.255] 持續=2016ms 峰值=11702 ✗長 K=1.4 CF=4.3 SC=2375Hz Att=218.4ms | fK=1.2 fCF=4.1 fSC=2591Hz fFlat=0.568 fHF=0.076
[tap][sample][01:08:08.553] 持續=234ms 峰值=9217 ✗長 K=2.6 CF=4.7 SC=1388Hz Att=12.8ms | fK=3.4 fCF=5.0 fSC=1392Hz fFlat=0.244 fHF=0.006
[tap][sample][01:08:08.985] 持續=405ms 峰值=8259 ✗長 K=5.6 CF=6.1 SC=1267Hz Att=25.8ms | fK=6.2 fCF=6.3 fSC=1272Hz fFlat=0.253 fHF=0.005
[tap][dim]   [01:08:09.030] 持續=45ms 峰值=497 ✗弱
[main][01:08:09.042] ⌨️ 主快捷鍵觸發（Win32/逗號），keys=async_down=Ctrl,RCtrl; logical_down=Ctrl,RCtrl
[main][01:08:09.043] ⌨️ after(0) 執行延遲 1.3ms[main][01:08:09.044] ⏳ 預熱 idle 計時器啟動，10 分鐘後關閉麥克風

[recorder][VAD] Silero 語音幀 113/139 (81.3%)，有效語音 3.62s，信心閾值 0.6，最低比例 16%，最低語音 0.35s
[main][01:08:09.090] ✅ 錄音完成，送出辨識
[paster][01:08:09] ⚠️ [UIA] 無 TextPattern
[paster][01:08:09] 🔮 預取游標位置: at_end=False, last_punct=False (delay=0.25s, est_api=0.70s)
[transcriber][01:08:11.067] ⏱️ API 耗時: 1.98s
[main][01:08:11.067] ✅ 辨識完成: "你看那個檔案裡面的聲音是大的嗎？"
[paster][01:08:11] 🎯 PASTE: at_end=False, last_punct=False, add_prefix=False (prefetched), prefix='，', final='你看那個檔案裡面的聲音是大的嗎？'
[paster][01:08:11] ⌨️ TEXT input flow start: target_chars=16，視窗="Automating AI Whisper Testing"，hwnd=0x009721f6，process=antigravity.exe，class=Chrome_WidgetWin_1，focus=('Message input', 'max-h-[300px] rounded-md cursor-text overflow-y-auto text-md p-2 outline-none transition-all duration-100 text-sm', '', 'ComboBoxControl')，verify_readable=True，keys_before=async_down=none; logical_down=none，text='你看那個檔案裡面的聲音是大的嗎？'
[paster][01:08:11] ⌨️ 直接輸入前釋放修飾鍵: released=none，keys_after_release=async_down=none; logical_down=none
[paster][01:08:11] ⌨️ TEXT input done: ok=True，keys_after_send=async_down=none; logical_down=none
[paster][01:08:11] ⏱️ 收到→直接輸入完成: 0.08s
[paster][01:08:11] ⌨️ TEXT input verify: ok=True，reason=changed
[main][01:10:43.642] ⌨️ 主快捷鍵觸發（Win32/逗號），keys=async_down=Ctrl,RCtrl; logical_down=Ctrl,RCtrl
[main][01:10:43.647] ⌨️ after(0) 執行延遲 4.5ms
[tap]        [01:10:43.661] 💤 敲麥監聽已停止
[recorder][01:10:43] 🚀 預熱命中，直接開始錄音
[main][01:10:43.663] ⏱️ recorder.start() 耗時 0.8ms，ok=True
[tap]        [01:10:43.670] 🎙️ 敲麥監聽已啟動
[main][01:10:43.675] 🎙️ 開始錄音
[tap][sample][01:10:46.034] 持續=1413ms 峰值=13386 ✗長 K=1.7 CF=4.1 SC=1963Hz Att=26.1ms | fK=1.8 fCF=4.2 fSC=1965Hz fFlat=0.512 fHF=0.025
[tap][sample][01:10:46.745] 持續=684ms 峰值=10192 ✗長 K=1.4 CF=4.4 SC=1873Hz Att=40.2ms | fK=1.6 fCF=4.5 fSC=1871Hz fFlat=0.469 fHF=0.020
[recorder][VAD] Silero 語音幀 65/133 (48.9%)，有效語音 2.08s，信心閾值 0.6，最低比例 16%，最低語音 0.35s
[recorder][flush] ✅ 取出 4.3s 音訊段落
[main][01:10:47.949] ✂️ 自動分段送出（靜音達1s，累積 4.3s，靜音 1.2s）
[paster][01:10:48] 📏 [UIA] 文字為空 → 不加句號
[paster][01:10:48] 🔮 預取游標位置: at_end=False, last_punct=False (delay=0.23s, est_api=0.68s)
[tap][dim]   [01:10:48.221] 持續=36ms 峰值=463 ✗弱
[transcriber][01:10:49.033] ⏱️ API 耗時: 1.08s
[main][01:10:49.034] ✅ 分段辨識完成: "剛才我們前面的計畫"
[paster][01:10:49] 🎯 PASTE: at_end=False, last_punct=False, add_prefix=False (prefetched), prefix='，', final='剛才我們前面的計畫'
[paster][01:10:49] ⌨️ TEXT input flow start: target_chars=9，視窗="Optimizing AI Whisper Performance"，hwnd=0x009721f6，process=antigravity.exe，class=Chrome_WidgetWin_1，focus=('Message input', 'max-h-[300px] rounded-md cursor-text overflow-y-auto text-md p-2 outline-none transition-all duration-100 text-sm', '', 'ComboBoxControl')，verify_readable=True，keys_before=async_down=none; logical_down=none，text='剛才我們前面的計畫'
[paster][01:10:49] ⌨️ 直接輸入前釋放修飾鍵: released=none，keys_after_release=async_down=none; logical_down=none
[tap][sample][01:10:49.077] 持續=855ms 峰值=13160 ✗長 K=2.2 CF=4.3 SC=2269Hz Att=218.4ms | fK=2.3 fCF=4.3 fSC=2269Hz fFlat=0.514 fHF=0.039
[paster][01:10:49] ⌨️ TEXT input done: ok=True，keys_after_send=async_down=none; logical_down=none
[paster][01:10:49] ⏱️ 收到→直接輸入完成: 0.05s
[tap][dim]   [01:10:49.112] 持續=36ms 峰值=423 ✗弱
[paster][01:10:49] ⌨️ TEXT input verify: ok=True，reason=changed
[tap][sample][01:10:49.563] 持續=414ms 峰值=9973 ✗長 K=3.2 CF=4.8 SC=1447Hz Att=66.3ms | fK=3.6 fCF=5.0 fSC=1450Hz fFlat=0.294 fHF=0.003
[main][01:10:49.679] ⌨️ 主快捷鍵觸發（Win32/逗號），keys=async_down=Ctrl,RCtrl; logical_down=Ctrl,RCtrl
[main][01:10:49.682] ⏳ 預熱 idle 計時器啟動，10 分鐘後關閉麥克風[main][01:10:49.682] ⌨️ after(0) 執行延遲 2.2ms

[recorder][VAD] Silero 語音幀 40/54 (74.1%)，有效語音 1.28s，信心閾值 0.6，最低比例 16%，最低語音 0.35s
[main][01:10:49.692] ✅ 錄音完成，送出辨識
[paster][01:10:49] ⚠️ [UIA] 無 TextPattern
[paster][01:10:49] 🔮 預取游標位置: at_end=False, last_punct=False (delay=0.00s, est_api=0.42s)
[transcriber][01:10:50.285] ⏱️ API 耗時: 0.59s
[main][01:10:50.286] ✅ 辨識完成: "執行到哪邊了？"
[paster][01:10:50] 🎯 PASTE: at_end=False, last_punct=False, add_prefix=False (prefetched), prefix='，', final='執行到哪邊了？'
[paster][01:10:50] ⌨️ TEXT input flow start: target_chars=7，視窗="Optimizing AI Whisper Performance"，hwnd=0x009721f6，process=antigravity.exe，class=Chrome_WidgetWin_1，focus=('Message input', 'max-h-[300px] rounded-md cursor-text overflow-y-auto text-md p-2 outline-none transition-all duration-100 text-sm', '', 'ComboBoxControl')，verify_readable=True，keys_before=async_down=none; logical_down=none，text='執行到哪邊了？'
[paster][01:10:50] ⌨️ 直接輸入前釋放修飾鍵: released=none，keys_after_release=async_down=none; logical_down=none
[paster][01:10:50] ⌨️ TEXT input done: ok=True，keys_after_send=async_down=none; logical_down=none
[paster][01:10:50] ⏱️ 收到→直接輸入完成: 0.08s
[paster][01:10:50] ⌨️ TEXT input verify: ok=True，reason=changed
[main][01:11:31.803] ⌨️ 主快捷鍵觸發（Win32/逗號），keys=async_down=Ctrl,RCtrl; logical_down=Ctrl,RCtrl
[main][01:11:31.819] ⌨️ after(0) 執行延遲 15.6ms
[tap]        [01:11:31.836] 💤 敲麥監聽已停止
[recorder][01:11:31] 🚀 預熱命中，直接開始錄音
[main][01:11:31.837] ⏱️ recorder.start() 耗時 0.3ms，ok=True
[tap]        [01:11:31.841] 🎙️ 敲麥監聽已啟動
[main][01:11:31.846] 🎙️ 開始錄音
[tap][dim]   [01:11:32.735] 持續=26ms 峰值=485 ✗弱
[tap][sample][01:11:34.473] 持續=1674ms 峰值=12444 ✗長 K=0.6 CF=3.7 SC=2514Hz Att=69.7ms | fK=0.7 fCF=3.8 fSC=2542Hz fFlat=0.593 fHF=0.066
[tap][sample][01:11:37.695] 持續=3195ms 峰值=12399 ✗長 K=1.6 CF=4.3 SC=2420Hz Att=27.1ms | fK=1.8 fCF=4.3 fSC=2191Hz fFlat=0.540 fHF=0.044
[tap][sample][01:11:38.019] 持續=297ms 峰值=10748 ✗長 K=5.7 CF=5.3 SC=1860Hz Att=0.1ms | fK=6.7 fCF=5.6 fSC=1860Hz fFlat=0.339 fHF=0.026
[tap][sample][01:11:38.792] 持續=648ms 峰值=10101 ✗長 K=2.3 CF=4.7 SC=1598Hz Att=5.0ms | fK=2.5 fCF=4.8 fSC=1598Hz fFlat=0.381 fHF=0.008
[tap][sample][01:11:40.124] 持續=1305ms 峰值=9621 ✗長 K=5.0 CF=6.6 SC=2392Hz Att=965.0ms | fK=5.2 fCF=6.6 fSC=2396Hz fFlat=0.579 fHF=0.053
[tap][dim]   [01:11:40.151] 持續=27ms 峰值=491 ✗弱
[main][01:11:40.195] ⌨️ 主快捷鍵觸發（Win32/逗號），keys=async_down=Ctrl,RCtrl; logical_down=Ctrl,RCtrl
[main][01:11:40.196] ⌨️ after(0) 執行延遲 1.2ms[main][01:11:40.197] ⏳ 預熱 idle 計時器啟動，10 分鐘後關閉麥克風

[recorder][VAD] Silero 語音幀 221/260 (85.0%)，有效語音 7.07s，信心閾值 0.6，最低比例 16%，最低語音 0.35s
[main][01:11:40.231] ✅ 錄音完成，送出辨識
[paster][01:11:40] 📏 [UIA] 文字為空 → 不加句號
[paster][01:11:40] 🔮 預取游標位置: at_end=False, last_punct=False (delay=0.63s, est_api=1.08s)
[transcriber][01:11:41.654] ⏱️ API 耗時: 1.42s
[main][01:11:41.655] ✅ 辨識完成: "這一開始寫的計畫檔案是不是遺失了，如果遺失的話把他再建一個新的回來"
[paster][01:11:41] 🎯 PASTE: at_end=False, last_punct=False, add_prefix=False (prefetched), prefix='，', final='這一開始寫的計畫檔案是不是遺失了，如果遺失的話把他再建一個新的回來'
[paster][01:11:41] ⌨️ TEXT input flow start: target_chars=33，視窗="Optimizing AI Whisper Performance"，hwnd=0x009721f6，process=antigravity.exe，class=Chrome_WidgetWin_1，focus=('Message input', 'max-h-[300px] rounded-md cursor-text overflow-y-auto text-md p-2 outline-none transition-all duration-100 text-sm', '', 'ComboBoxControl')，verify_readable=True，keys_before=async_down=none; logical_down=none，text='這一開始寫的計畫檔案是不是遺失了，如果遺失的話把他再建一個新的回來'
[paster][01:11:41] ⌨️ 直接輸入前釋放修飾鍵: released=none，keys_after_release=async_down=none; logical_down=none
[paster][01:11:41] ⌨️ TEXT input done: ok=True，keys_after_send=async_down=none; logical_down=none
[paster][01:11:41] ⏱️ 收到→直接輸入完成: 0.10s
[paster][01:11:41] ⌨️ TEXT input verify: ok=True，reason=changed
[main][01:14:34.396] ⌨️ 主快捷鍵觸發（Win32/逗號），keys=async_down=Ctrl,RCtrl; logical_down=Ctrl,RCtrl
[main][01:14:34.409] ⌨️ after(0) 執行延遲 13.9ms
[tap]        [01:14:34.456] 💤 敲麥監聽已停止
[recorder][01:14:34] 🚀 預熱命中，直接開始錄音
[main][01:14:34.457] ⏱️ recorder.start() 耗時 1.0ms，ok=True
[tap]        [01:14:34.461] 🎙️ 敲麥監聽已啟動
[main][01:14:34.471] 🎙️ 開始錄音
[tap][dim]   [01:14:35.093] 持續=26ms 峰值=328 ✗弱
[tap][sample][01:14:37.947] 持續=2565ms 峰值=14347 ✗長 K=2.6 CF=4.9 SC=2064Hz Att=185.8ms | fK=2.9 fCF=6.0 fSC=2507Hz fFlat=0.596 fHF=0.060
[tap][dim]   [01:14:38.045] 持續=99ms 峰值=515 ✗弱
[tap][sample][01:14:39.009] 持續=963ms 峰值=11490 ✗長 K=2.0 CF=4.6 SC=2637Hz Att=274.4ms | fK=2.1 fCF=4.7 fSC=2637Hz fFlat=0.600 fHF=0.086
[tap][sample][01:14:39.224] 持續=189ms 峰值=10070 ✓ K=1.5 CF=3.8 SC=1382Hz Att=0.2ms | fK=2.2 fCF=4.1 fSC=1388Hz fFlat=0.368 fHF=0.004 🎯 敲擊 #1
[tap][sample][01:14:40.691] 持續=1440ms 峰值=13501 ✗長 K=0.9 CF=3.6 SC=2594Hz Att=662.4ms | fK=1.0 fCF=3.6 fSC=2592Hz fFlat=0.598 fHF=0.085
[tap][dim]   [01:14:40.737] 持續=45ms 峰值=388 ✗弱
[tap][sample][01:14:41.439] 持續=702ms 峰值=9497 ✗長 K=2.3 CF=5.0 SC=2599Hz Att=0.1ms | fK=2.5 fCF=5.2 fSC=2605Hz fFlat=0.562 fHF=0.068
[main][01:14:41.523] ⌨️ 主快捷鍵觸發（Win32/逗號），keys=async_down=Ctrl,RCtrl; logical_down=Ctrl,RCtrl
[main][01:14:41.524] ⌨️ after(0) 執行延遲 1.3ms[main][01:14:41.524] ⏳ 預熱 idle 計時器啟動，10 分鐘後關閉麥克風

[recorder][VAD] Silero 語音幀 188/221 (85.1%)，有效語音 6.02s，信心閾值 0.6，最低比例 16%，最低語音 0.35s
[main][01:14:41.577] ✅ 錄音完成，送出辨識
[paster][01:14:42] 📏 [UIA] 文字為空 → 不加句號
[paster][01:14:42] 🔮 預取游標位置: at_end=False, last_punct=False (delay=0.51s, est_api=0.96s)
[transcriber][01:14:42.647] ⏱️ API 耗時: 1.07s
[main][01:14:42.648] ✅ 辨識完成: "你能看到目前的CMD嗎？有出現很多條參數錯誤的日誌"
[paster][01:14:42] 🎯 PASTE: at_end=False, last_punct=False, add_prefix=False (prefetched), prefix='，', final='你能看到目前的CMD嗎？有出現很多條參數錯誤的日誌'
[paster][01:14:42] ⌨️ TEXT input flow start: target_chars=25，視窗="Optimizing AI Whisper Performance"，hwnd=0x009721f6，process=antigravity.exe，class=Chrome_WidgetWin_1，focus=('Message input', 'max-h-[300px] rounded-md cursor-text overflow-y-auto text-md p-2 outline-none transition-all duration-100 text-sm', '', 'ComboBoxControl')，verify_readable=True，keys_before=async_down=none; logical_down=none，text='你能看到目前的CMD嗎？有出現很多條參數錯誤的日誌'
[paster][01:14:42] ⌨️ 直接輸入前釋放修飾鍵: released=none，keys_after_release=async_down=none; logical_down=none
[paster][01:14:42] ⌨️ TEXT input done: ok=True，keys_after_send=async_down=none; logical_down=none
[paster][01:14:42] ⏱️ 收到→直接輸入完成: 0.08s
[paster][01:14:42] ⌨️ TEXT input verify: ok=True，reason=changed
[main][01:16:41.309] ⌨️ 主快捷鍵觸發（Win32/逗號），keys=async_down=Ctrl,RCtrl; logical_down=Ctrl,RCtrl
[main][01:16:41.310] ⌨️ after(0) 執行延遲 1.2ms
[tap]        [01:16:41.353] 💤 敲麥監聽已停止
[recorder][01:16:41] 🚀 預熱命中，直接開始錄音
[main][01:16:41.353] ⏱️ recorder.start() 耗時 0.1ms，ok=True
[tap]        [01:16:41.357] 🎙️ 敲麥監聽已啟動
[main][01:16:41.364] 🎙️ 開始錄音
[tap][dim]   [01:16:42.353] 持續=36ms 峰值=555 ✗弱
[tap][sample][01:16:45.612] 持續=2880ms 峰值=13178 ✗長 K=1.8 CF=4.4 SC=2262Hz Att=10.0ms | fK=2.5 fCF=5.0 fSC=2162Hz fFlat=0.532 fHF=0.035
[tap][dim]   [01:16:45.647] 持續=36ms 峰值=335 ✗弱
[tap][dim]   [01:16:46.241] 持續=27ms 峰值=403 ✗弱
[tap][sample][01:16:46.944] 持續=702ms 峰值=10357 ✗長 K=2.6 CF=4.3 SC=980Hz Att=57.0ms | fK=2.9 fCF=4.4 fSC=978Hz fFlat=0.147 fHF=0.001
[tap][sample][01:16:47.087] 持續=117ms 峰值=1718 ✗長 K=16.4 CF=7.1 SC=1365Hz Att=1.1ms | fK=21.0 fCF=8.0 fSC=1343Hz fFlat=0.252 fHF=0.008
[tap][dim]   [01:16:47.141] 持續=54ms 峰值=494 ✗弱
[tap][dim]   [01:16:47.339] 持續=36ms 峰值=534 ✗弱
[tap][sample][01:16:47.753] 持續=414ms 峰值=11598 ✗長 K=1.9 CF=4.2 SC=1257Hz Att=80.0ms | fK=2.2 fCF=4.3 fSC=1257Hz fFlat=0.221 fHF=0.003
[tap][dim]   [01:16:47.781] 持續=26ms 峰值=506 ✗弱
[tap][sample][01:16:48.491] 持續=675ms 峰值=9772 ✗長 K=4.5 CF=5.1 SC=1312Hz Att=40.9ms | fK=4.9 fCF=5.2 fSC=1312Hz fFlat=0.228 fHF=0.007
[tap][dim]   [01:16:49.104] 持續=36ms 峰值=327 ✗弱
[tap][sample][01:16:49.706] 持續=602ms 峰值=10811 ✗長 K=2.7 CF=4.4 SC=1253Hz Att=88.1ms | fK=3.0 fCF=4.5 fSC=1248Hz fFlat=0.243 fHF=0.003
[main][01:16:50.516] ⌨️ 主快捷鍵觸發（Win32/逗號），keys=async_down=Ctrl,RCtrl; logical_down=Ctrl,RCtrl
[main][01:16:50.517] ⌨️ after(0) 執行延遲 1.1ms[main][01:16:50.518] ⏳ 預熱 idle 計時器啟動，10 分鐘後關閉麥克風

[recorder][VAD] Silero 語音幀 156/286 (54.5%)，有效語音 4.99s，信心閾值 0.6，最低比例 16%，最低語音 0.35s
[main][01:16:50.555] ✅ 錄音完成，送出辨識
[tap][sample][01:16:50.660] 持續=27ms 峰值=721 ✓ K=0.5 CF=2.5 SC=1313Hz Att=26.6ms | fK=0.9 fCF=2.9 fSC=709Hz fFlat=0.194 fHF=0.000 🎯 敲擊 #1
[tap][dim]   [01:16:50.733] 持續=72ms 峰值=490 ✗弱
[paster][01:16:51] 📏 [UIA] 文字為空 → 不加句號
[paster][01:16:51] 🔮 預取游標位置: at_end=False, last_punct=False (delay=0.72s, est_api=1.17s)
[transcriber][01:16:51.512] ⏱️ API 耗時: 0.95s
[main][01:16:51.514] ✅ 辨識完成: "不是跑到螢幕外，是因為我有兩個螢幕"
[paster][01:16:51] 🎯 PASTE: at_end=False, last_punct=False, add_prefix=False (prefetched), prefix='，', final='不是跑到螢幕外，是因為我有兩個螢幕'
[paster][01:16:51] ⌨️ TEXT input flow start: target_chars=17，視窗="Optimizing AI Whisper Performance"，hwnd=0x009721f6，process=antigravity.exe，class=Chrome_WidgetWin_1，focus=('Message input', 'max-h-[300px] rounded-md cursor-text overflow-y-auto text-md p-2 outline-none transition-all duration-100 text-sm', '', 'ComboBoxControl')，verify_readable=True，keys_before=async_down=none; logical_down=none，text='不是跑到螢幕外，是因為我有兩個螢幕'
[paster][01:16:51] ⌨️ 直接輸入前釋放修飾鍵: released=none，keys_after_release=async_down=none; logical_down=none
[paster][01:16:51] ⌨️ TEXT input done: ok=True，keys_after_send=async_down=none; logical_down=none
[paster][01:16:51] ⏱️ 收到→直接輸入完成: 0.07s
[paster][01:16:51] ⌨️ TEXT input verify: ok=True，reason=changed
[tap]        [01:20:32.602] 💤 敲麥監聽已停止
[recorder][01:20:32] 💤 預熱 stream 已關閉
