[main]          [19:41:54.001] LOG -> D:\Cursor\AI Whisper Next\logs\ai_whisper_20260608_194153_UA_azrae24.current.log
[settings]      [19:41:54.003] config loaded from D:\Cursor\AI Whisper Next\config.json
[main]          [19:41:54.208] ✅ 快捷鍵 ctrl+f11（句號）、ctrl+f12（逗號）已註冊
[main]          [19:41:54.212] ✅ 主快捷鍵 2/2 已註冊 (Win32)
[main]          [19:41:54.213] ✅ 記憶快捷鍵 5/5 已註冊 (Win32)
[tap]           [19:41:54.262] 🎙️ 敲麥監聽已啟動
[main]          [19:41:54.262] 🔧 DIAG 關閉元件: (none)
[debug]         [19:41:54.283] 🔍 Debug server listening on 127.0.0.1:47643
[recorder][VAD] [19:41:54.801] 載入 Silero VAD 模型 (ONNX): D:\Cursor\AI Whisper Next\assets\silero_vad.onnx
[recorder][VAD] [19:41:54.944] Silero VAD 模型載入完成 (ONNX)
[transcriber]   [19:41:57.076] 🔌 HTTP 連線預熱完成 (2.81s)
[main]          [19:42:06.004] ⌨️ 記憶快捷鍵 1 觸發，keys=async_down=Shift,Alt,LShift,LAlt; logical_down=Shift,Alt,LShift,LAlt
[main]          [19:42:06.004] ⚠️ 記憶 1 不存在
[tap][dim]      [19:42:08.163] 持續=60ms 峰值=461 ✗弱
[tap][sample]   [19:42:08.222] 持續=30ms 峰值=664 ✓ K=1.9 CF=4.3 SC=1496Hz Att=17.1ms | fK=5.9 fCF=6.0 fSC=1475Hz fFlat=0.363 fHF=0.003 🎯 敲擊 #1
[tap][dim]      [19:42:08.293] 持續=30ms 峰值=429 ✗弱
[main]          [19:42:08.293] ⌨️ 主快捷鍵觸發（Win32/逗號），keys=async_down=Ctrl,RCtrl; logical_down=Ctrl,RCtrl
[main]          [19:42:08.293] ⌨️ after(0) 執行延遲 0.6ms
[tap]           [19:42:08.346] 💤 敲麥監聽已停止
[recorder]      [19:42:08.389] ⏱️ InputStream() 42.6ms
[recorder]      [19:42:08.390] ⏱️ stream.start() 1.2ms
[recorder]      [19:42:08.391] 🎙️ 錄音就緒，總初始化 43.7ms
[main]          [19:42:08.391] ⏱️ recorder.start() 耗時 44.4ms，ok=True
[tap]           [19:42:08.406] 🎙️ 敲麥監聽已啟動
[main]          [19:42:08.436] 🎙️ 開始錄音
[recorder]      [19:42:08.438] 🎤 第一包音訊到達，麥克風實際開啟延遲 48.7ms
[tap][sample]   [19:42:09.848] 持續=40ms 峰值=1054 ✓ K=3.5 CF=4.0 SC=1677Hz Att=1.1ms | fK=6.8 fCF=5.2 fSC=1569Hz fFlat=0.328 fHF=0.005 🎯 敲擊 #1
[tap][dim]      [19:42:09.878] 持續=30ms 峰值=437 ✗弱
[tap][sample]   [19:42:10.768] 持續=570ms 峰值=9131 ✗長 K=1.2 CF=4.5 SC=2545Hz Att=8.0ms | fK=1.4 fCF=4.6 fSC=2546Hz fFlat=0.553 fHF=0.073
[tap][sample]   [19:42:11.408] 持續=600ms 峰值=7465 ✗長 K=2.6 CF=5.0 SC=1675Hz Att=7.6ms | fK=2.8 fCF=5.1 fSC=1683Hz fFlat=0.456 fHF=0.013
[tap][sample]   [19:42:12.598] 持續=1150ms 峰值=7447 ✗長 K=1.3 CF=4.9 SC=1194Hz Att=390.0ms | fK=1.4 fCF=5.0 fSC=1194Hz fFlat=0.291 fHF=0.004
[tap][dim]      [19:42:12.628] 持續=30ms 峰值=423 ✗弱
[tap][sample]   [19:42:14.038] 持續=1380ms 峰值=8697 ✗長 K=1.8 CF=5.6 SC=2369Hz Att=565.8ms | fK=1.9 fCF=5.7 fSC=2372Hz fFlat=0.595 fHF=0.044
[tap][sample]   [19:42:16.368] 持續=2300ms 峰值=10455 ✗長 K=3.4 CF=5.9 SC=2029Hz Att=547.8ms | fK=4.5 fCF=6.6 fSC=1721Hz fFlat=0.450 fHF=0.016
[tap][dim]      [19:42:16.408] 持續=40ms 峰值=449 ✗弱
[tap][sample]   [19:42:16.658] 持續=250ms 峰值=5577 ✗長 K=3.5 CF=7.2 SC=2178Hz Att=90.7ms | fK=4.3 fCF=7.6 fSC=2179Hz fFlat=0.532 fHF=0.057
[main]          [19:42:16.812] ⌨️ 主快捷鍵觸發（Win32/逗號），keys=async_down=Ctrl,RCtrl; logical_down=Ctrl,RCtrl
[main]          [19:42:16.814] ⌨️ after(0) 執行延遲 0.5ms
[main]          [19:42:16.814] ⏳ 預熱 idle 計時器啟動，10 分鐘後關閉麥克風
[recorder][VAD] [19:42:16.823] ✅ Silero 11/230 (31.4%), 0.35s speech
[main]          [19:42:16.824] ✅ 錄音完成，送出辨識
[tap][sample]   [19:42:16.918] 持續=230ms 峰值=5838 ✗長 K=1.5 CF=6.3 SC=3602Hz Att=0.1ms | fK=2.1 fCF=6.7 fSC=3600Hz fFlat=0.642 fHF=0.225
[tap][dim]      [19:42:16.977] 持續=60ms 峰值=375 ✗弱
[paster]        [19:42:17.427] 📏 [UIA] 文字為空 → 不加句號
[paster]        [19:42:17.428] 🔮 預取游標位置: at_end=False, last_punct=False (delay=0.54s, est_api=0.99s)
[tap][sample]   [19:42:17.878] 持續=30ms 峰值=2079 ✓ K=16.8 CF=6.9 SC=1307Hz Att=0.6ms | fK=35.8 fCF=9.7 fSC=1297Hz fFlat=0.349 fHF=0.006 🎯 敲擊 #1
[tap][dim]      [19:42:18.448] 持續=30ms 峰值=580 ✗弱
[tap][dim]      [19:42:18.678] 持續=30ms 峰值=308 ✗弱
[transcriber]   [19:42:19.006] ⏱️ API 耗時: 2.18s
[main]          [19:42:19.006] ✅ 辨識完成: "但是不會這麼多了，還要配合外資現貨買賣起來看，現在都是買賣，我覺得明天會再一次"
[paster]        [19:42:19.058] 🎯 PASTE: at_end=False, last_punct=False, add_prefix=False (prefetched), prefix='，', final='但是不會這麼多了，還要配合外資現貨買賣起來看，現在都是買賣，我覺得明天會再一次'
[paster]        [19:42:19.068] ⌨️ TEXT input flow start: target_chars=39，視窗="元芯科技2026年首季法說會 | Google AI Studio - Google Chrome"，hwnd=0x000800fe，process=chrome.exe，class=Chrome_WidgetWin_1，focus=('Enter a prompt', 'cdk-textarea-autosize textarea ng-valid ng-touched ng-dirty', '', 'EditControl')，verify_readable=True，keys_before=async_down=none; logical_down=none，text='但是不會這麼多了，還要配合外資現貨買賣起來看，現在都是買賣，我覺得明天會再一次'
[paster]        [19:42:19.068] ⌨️ 直接輸入前釋放修飾鍵: released=none，keys_after_release=async_down=none; logical_down=none
[paster]        [19:42:19.123] ⌨️ TEXT input done: ok=True，keys_after_send=async_down=none; logical_down=none
[paster]        [19:42:19.136] ⏱️ 收到→直接輸入完成: 0.13s
[paster]        [19:42:19.137] ⌨️ TEXT input verify: ok=True，reason=sendinput_trusted (hwnd unchanged)
[main]          [19:42:21.860] ⌨️ 記憶快捷鍵 1 觸發，keys=async_down=Shift,Alt,LShift,LAlt; logical_down=Shift,Alt,LShift,LAlt
[main]          [19:42:21.860] 📋 貼上記憶 1: "但是不會這麼多了，還要配合外資現貨買賣起"
[paster]        [19:42:21.861] 🎯 PASTE: add_prefix=False (no prefix), final='但是不會這麼多了，還要配合外資現貨買賣起來看，現在都是買賣，我覺得明天會再一次'
[paster]        [19:42:21.871] ⌨️ TEXT input flow start: target_chars=39，視窗="元芯科技2026年首季法說會 | Google AI Studio - Google Chrome"，hwnd=0x000800fe，process=chrome.exe，class=Chrome_WidgetWin_1，focus=('Enter a prompt', 'cdk-textarea-autosize textarea ng-valid ng-touched ng-dirty', '', 'EditControl')，verify_readable=True，keys_before=async_down=Shift,Alt,LShift,LAlt; logical_down=Shift,Alt,LShift,LAlt，text='但是不會這麼多了，還要配合外資現貨買賣起來看，現在都是買賣，我覺得明天會再一次'
[paster]        [19:42:21.872] ⌨️ 直接輸入前釋放修飾鍵: released=LShift,LAlt，keys_after_release=async_down=Shift,Alt,LShift,LAlt; logical_down=Shift,Alt,LShift,LAlt
[paster]        [19:42:21.921] ⌨️ TEXT input done: ok=True，keys_after_send=async_down=Shift,Alt,LShift,LAlt; logical_down=Shift,Alt,LShift,LAlt
[paster]        [19:42:21.921] ⌨️ TEXT input verify: ok=True，reason=sendinput_trusted (hwnd unchanged)
[main]          [19:42:23.428] ⌨️ 記憶快捷鍵 1 觸發，keys=async_down=Shift,Alt,LShift,LAlt; logical_down=Shift,Alt,LShift,LAlt
[main]          [19:42:23.428] 📋 貼上記憶 1: "但是不會這麼多了，還要配合外資現貨買賣起"
[paster]        [19:42:23.428] 🎯 PASTE: add_prefix=False (no prefix), final='但是不會這麼多了，還要配合外資現貨買賣起來看，現在都是買賣，我覺得明天會再一次'
[paster]        [19:42:23.438] ⌨️ TEXT input flow start: target_chars=39，視窗="元芯科技2026年首季法說會 | Google AI Studio - Google Chrome"，hwnd=0x000800fe，process=chrome.exe，class=Chrome_WidgetWin_1，focus=('Enter a prompt', 'cdk-textarea-autosize textarea ng-valid ng-touched ng-dirty', '', 'EditControl')，verify_readable=True，keys_before=async_down=Shift,Alt,LShift,LAlt; logical_down=Shift,Alt,LShift,LAlt，text='但是不會這麼多了，還要配合外資現貨買賣起來看，現在都是買賣，我覺得明天會再一次'
[paster]        [19:42:23.438] ⌨️ 直接輸入前釋放修飾鍵: released=LShift,LAlt，keys_after_release=async_down=Shift,Alt,LShift,LAlt; logical_down=Shift,Alt,LShift,LAlt
[paster]        [19:42:23.493] ⌨️ TEXT input done: ok=True，keys_after_send=async_down=Shift,Alt,LShift,LAlt; logical_down=Shift,Alt,LShift,LAlt
[paster]        [19:42:23.497] ⌨️ TEXT input verify: ok=True，reason=sendinput_trusted (hwnd unchanged)
[main]          [19:42:24.927] ⌨️ 記憶快捷鍵 1 觸發，keys=async_down=Shift,Alt,LShift,LAlt; logical_down=Shift,Alt,LShift,LAlt
[main]          [19:42:24.928] 📋 貼上記憶 1: "但是不會這麼多了，還要配合外資現貨買賣起"
[paster]        [19:42:24.928] 🎯 PASTE: add_prefix=False (no prefix), final='但是不會這麼多了，還要配合外資現貨買賣起來看，現在都是買賣，我覺得明天會再一次'
[paster]        [19:42:24.938] ⌨️ TEXT input flow start: target_chars=39，視窗="元芯科技2026年首季法說會 | Google AI Studio - Google Chrome"，hwnd=0x000800fe，process=chrome.exe，class=Chrome_WidgetWin_1，focus=('Enter a prompt', 'cdk-textarea-autosize textarea ng-valid ng-touched ng-dirty', '', 'EditControl')，verify_readable=True，keys_before=async_down=Shift,Alt,LShift,LAlt; logical_down=Shift,Alt,LShift,LAlt，text='但是不會這麼多了，還要配合外資現貨買賣起來看，現在都是買賣，我覺得明天會再一次'
[paster]        [19:42:24.939] ⌨️ 直接輸入前釋放修飾鍵: released=LShift,LAlt，keys_after_release=async_down=Shift,Alt,LShift,LAlt; logical_down=Shift,Alt,LShift,LAlt
[paster]        [19:42:24.977] ⌨️ TEXT input done: ok=True，keys_after_send=async_down=Shift,Alt,LShift,LAlt; logical_down=Shift,Alt,LShift,LAlt
[paster]        [19:42:24.977] ⌨️ TEXT input verify: ok=True，reason=sendinput_trusted (hwnd unchanged)
[tap][dim]      [19:42:26.968] 持續=40ms 峰值=423 ✗弱
[main]          [19:42:27.822] ⌨️ 記憶快捷鍵 1 觸發，keys=async_down=Shift,Alt,LShift,LAlt; logical_down=Shift,Alt,LShift,LAlt
[main]          [19:42:27.822] 📋 貼上記憶 1: "但是不會這麼多了，還要配合外資現貨買賣起"
[paster]        [19:42:27.824] 🎯 PASTE: add_prefix=False (no prefix), final='但是不會這麼多了，還要配合外資現貨買賣起來看，現在都是買賣，我覺得明天會再一次'
[paster]        [19:42:27.840] ⌨️ TEXT input flow start: target_chars=39，視窗="元芯科技2026年首季法說會 | Google AI Studio - Google Chrome"，hwnd=0x000800fe，process=chrome.exe，class=Chrome_WidgetWin_1，focus=('Enter a prompt', 'cdk-textarea-autosize textarea ng-valid ng-touched ng-dirty', '', 'EditControl')，verify_readable=True，keys_before=async_down=Shift,Alt,LShift,LAlt; logical_down=Shift,Alt,LShift,LAlt，text='但是不會這麼多了，還要配合外資現貨買賣起來看，現在都是買賣，我覺得明天會再一次'
[paster]        [19:42:27.841] ⌨️ 直接輸入前釋放修飾鍵: released=LShift,LAlt，keys_after_release=async_down=Shift,Alt,LShift,LAlt; logical_down=Shift,Alt,LShift,LAlt
[paster]        [19:42:27.875] ⌨️ TEXT input done: ok=True，keys_after_send=async_down=Shift,Alt,LShift,LAlt; logical_down=Shift,Alt,LShift,LAlt
[paster]        [19:42:27.875] ⌨️ TEXT input verify: ok=True，reason=sendinput_trusted (hwnd unchanged)
[tap][dim]      [19:42:29.528] 持續=40ms 峰值=480 ✗弱
[main]          [19:43:14.079] ⌨️ 主快捷鍵觸發（Win32/逗號），keys=async_down=Ctrl,RCtrl; logical_down=Ctrl,RCtrl
[main]          [19:43:14.080] ⌨️ after(0) 執行延遲 1.7ms
[tap]           [19:43:14.110] 💤 敲麥監聽已停止
[recorder]      [19:43:14.110] 🚀 預熱命中，直接開始錄音
[main]          [19:43:14.110] ⏱️ recorder.start() 耗時 0.2ms，ok=True
[tap]           [19:43:14.122] 🎙️ 敲麥監聽已啟動
[main]          [19:43:14.127] 🎙️ 開始錄音
[tap][sample]   [19:43:14.667] 持續=30ms 峰值=751 ✓ K=12.3 CF=7.2 SC=4985Hz Att=8.9ms | fK=23.3 fCF=9.9 fSC=4883Hz fFlat=0.564 fHF=0.837 🎯 敲擊 #1
[tap][sample]   [19:43:15.367] 持續=570ms 峰值=9157 ✗長 K=1.5 CF=4.7 SC=2087Hz Att=194.3ms | fK=1.7 fCF=4.8 fSC=2082Hz fFlat=0.531 fHF=0.027
[tap][dim]      [19:43:15.409] 持續=40ms 峰值=521 ✗弱
[tap][sample]   [19:43:16.138] 持續=700ms 峰值=7541 ✗長 K=2.0 CF=5.1 SC=2089Hz Att=0.2ms | fK=2.3 fCF=5.2 fSC=2093Hz fFlat=0.522 fHF=0.038
[main]          [19:43:16.142] ⌨️ 主快捷鍵觸發（Win32/逗號），keys=async_down=Ctrl,RCtrl; logical_down=Ctrl,RCtrl
[main]          [19:43:16.142] ⌨️ after(0) 執行延遲 0.5ms
[main]          [19:43:16.143] ⏳ 預熱 idle 計時器啟動，10 分鐘後關閉麥克風
[recorder][VAD] [19:43:16.151] ✅ Silero 11/63 (34.4%), 0.35s speech
[main]          [19:43:16.151] ✅ 錄音完成，送出辨識
[paster]        [19:43:16.159] 📏 [UIA] 文字為空 → 不加句號
[paster]        [19:43:16.160] 🔮 預取游標位置: at_end=False, last_punct=False (delay=0.00s, est_api=0.45s)
[tap][dim]      [19:43:16.168] 持續=30ms 峰值=361 ✗弱
[transcriber]   [19:43:17.094] ⏱️ API 耗時: 0.94s
[main]          [19:43:17.094] ✅ 辨識完成: "你剛才改了什麼？"
[paster]        [19:43:17.146] 🎯 PASTE: at_end=False, last_punct=False, add_prefix=False (prefetched), prefix='，', final='你剛才改了什麼？'
[paster]        [19:43:17.155] ⌨️ TEXT input flow start: target_chars=8，視窗="Fixing Hotkey Capture Logic"，hwnd=0x000306da，process=antigravity.exe，class=Chrome_WidgetWin_1，focus=('Message input', 'max-h-[300px] rounded-md cursor-text overflow-y-auto text-md p-2 outline-none transition-all duration-100 text-sm', '', 'ComboBoxControl')，verify_readable=True，keys_before=async_down=none; logical_down=none，text='你剛才改了什麼？'
[paster]        [19:43:17.155] ⌨️ 直接輸入前釋放修飾鍵: released=none，keys_after_release=async_down=none; logical_down=none
[paster]        [19:43:17.160] ⌨️ TEXT input done: ok=True，keys_after_send=async_down=none; logical_down=none
[paster]        [19:43:17.160] ⏱️ 收到→直接輸入完成: 0.07s
[paster]        [19:43:17.161] ⌨️ TEXT input verify: ok=True，reason=sendinput_trusted (hwnd unchanged)
[tap][dim]      [19:43:18.348] 持續=30ms 峰值=528 ✗弱
[main]          [19:43:32.313] ⌨️ 主快捷鍵觸發（Win32/逗號），keys=async_down=Ctrl,RCtrl; logical_down=Ctrl,RCtrl
[main]          [19:43:32.313] ⌨️ after(0) 執行延遲 0.8ms
[tap]           [19:43:32.340] 💤 敲麥監聽已停止
[recorder]      [19:43:32.340] 🚀 預熱命中，直接開始錄音
[main]          [19:43:32.340] ⏱️ recorder.start() 耗時 0.1ms，ok=True
[tap]           [19:43:32.351] 🎙️ 敲麥監聽已啟動
[main]          [19:43:32.356] 🎙️ 開始錄音
[tap][sample]   [19:43:33.758] 持續=640ms 峰值=8580 ✗長 K=1.1 CF=4.4 SC=1234Hz Att=0.1ms | fK=1.3 fCF=4.6 fSC=1237Hz fFlat=0.310 fHF=0.003
[tap][sample]   [19:43:34.078] 持續=280ms 峰值=10453 ✗長 K=0.5 CF=3.3 SC=2859Hz Att=90.4ms | fK=0.9 fCF=3.5 fSC=2859Hz fFlat=0.596 fHF=0.097
[recorder][VAD] [19:43:35.204] ✅ Silero 11/89 (29.7%), 0.35s speech
[recorder][flush][19:43:35.204] ✅ 取出 2.8s 音訊段落
[main]          [19:43:35.205] ✂️ 自動分段送出（靜音達1s，累積 2.8s，靜音 1.1s）
[paster]        [19:43:35.294] ⚠️ [UIA] 無 TextPattern
[paster]        [19:43:35.294] 🔮 預取游標位置: at_end=False, last_punct=False (delay=0.08s, est_api=0.53s)
[transcriber]   [19:43:36.560] ⏱️ API 耗時: 1.36s
[main]          [19:43:36.560] ✅ 分段辨識完成: "最後一次"
[paster]        [19:43:36.592] 🎯 PASTE: at_end=False, last_punct=False, add_prefix=False (prefetched), prefix='，', final='最後一次'
[paster]        [19:43:36.601] ⌨️ TEXT input flow start: target_chars=4，視窗="Fixing Hotkey Capture Logic"，hwnd=0x000306da，process=antigravity.exe，class=Chrome_WidgetWin_1，focus=('Message input', 'max-h-[300px] rounded-md cursor-text overflow-y-auto text-md p-2 outline-none transition-all duration-100 text-sm', '', 'ComboBoxControl')，verify_readable=True，keys_before=async_down=none; logical_down=none，text='最後一次'
[paster]        [19:43:36.601] ⌨️ 直接輸入前釋放修飾鍵: released=none，keys_after_release=async_down=none; logical_down=none
[paster]        [19:43:36.604] ⌨️ TEXT input done: ok=True，keys_after_send=async_down=none; logical_down=none
[paster]        [19:43:36.606] ⏱️ 收到→直接輸入完成: 0.04s
[paster]        [19:43:36.606] ⌨️ TEXT input verify: ok=True，reason=sendinput_trusted (hwnd unchanged)
[tap][dim]      [19:44:07.298] 持續=29ms 峰值=373 ✗弱
[tap][sample]   [19:44:07.488] 持續=30ms 峰值=1462 ✓ K=12.6 CF=7.3 SC=1276Hz Att=0.1ms | fK=27.9 fCF=10.3 fSC=1278Hz fFlat=0.142 fHF=0.000 🎯 敲擊 #1
[tap]           [19:44:10.497] ⏱️ 間隔過長重置（2980ms）
[tap][sample]   [19:44:10.497] 持續=60ms 峰值=1090 ✓ K=6.7 CF=6.9 SC=1527Hz Att=11.9ms | fK=10.6 fCF=8.2 fSC=1494Hz fFlat=0.269 fHF=0.002 🎯 敲擊 #1
[tap][dim]      [19:44:10.528] 持續=30ms 峰值=307 ✗弱
[tap][sample]   [19:44:11.748] 持續=639ms 峰值=8964 ✗長 K=1.4 CF=4.0 SC=1914Hz Att=2.1ms | fK=1.6 fCF=4.1 fSC=1919Hz fFlat=0.453 fHF=0.025
[tap][sample]   [19:44:14.368] 持續=2590ms 峰值=9694 ✗長 K=1.3 CF=4.5 SC=2031Hz Att=7.2ms | fK=1.0 fCF=4.4 fSC=2089Hz fFlat=0.528 fHF=0.022
[tap][dim]      [19:44:14.398] 持續=30ms 峰值=363 ✗弱
[recorder][VAD] [19:44:15.434] ✅ Silero 11/184 (17.2%), 0.35s speech
[recorder][flush][19:44:15.434] ✅ 取出 5.9s 音訊段落
[main]          [19:44:15.434] ✂️ 自動分段送出（靜音達1s，累積 5.9s，靜音 1.1s）
[paster]        [19:44:15.828] 📏 [UIA] 文字為空 → 不加句號
[paster]        [19:44:15.828] 🔮 預取游標位置: at_end=False, last_punct=False (delay=0.39s, est_api=0.84s)
[tap][dim]      [19:44:16.227] 持續=30ms 峰值=415 ✗弱
[transcriber]   [19:44:17.286] ⏱️ API 耗時: 1.85s
[main]          [19:44:17.286] ✅ 分段辨識完成: "可是我的貼上流程也需要前綴啊"
[paster]        [19:44:17.317] 🎯 PASTE: at_end=False, last_punct=False, add_prefix=False (prefetched), prefix='，', final='可是我的貼上流程也需要前綴啊'
[paster]        [19:44:17.325] ⌨️ TEXT input flow start: target_chars=14，視窗="Fixing Hotkey Capture Logic"，hwnd=0x000306da，process=antigravity.exe，class=Chrome_WidgetWin_1，focus=('Message input', 'max-h-[300px] rounded-md cursor-text overflow-y-auto text-md p-2 outline-none transition-all duration-100 text-sm', '', 'ComboBoxControl')，verify_readable=True，keys_before=async_down=none; logical_down=none，text='可是我的貼上流程也需要前綴啊'
[paster]        [19:44:17.325] ⌨️ 直接輸入前釋放修飾鍵: released=none，keys_after_release=async_down=none; logical_down=none
[paster]        [19:44:17.341] ⌨️ TEXT input done: ok=True，keys_after_send=async_down=none; logical_down=none
[paster]        [19:44:17.341] ⏱️ 收到→直接輸入完成: 0.05s
[paster]        [19:44:17.341] ⌨️ TEXT input verify: ok=True，reason=sendinput_trusted (hwnd unchanged)
[tap][dim]      [19:44:18.278] 持續=40ms 峰值=395 ✗弱
[tap][dim]      [19:44:41.888] 持續=30ms 峰值=577 ✗弱
[tap]           [19:45:06.510] 💤 敲麥監聽已停止
[recorder]      [19:45:06.540] 💤 預熱 stream 已關閉
