[main]          [02:19:40.043] LOG -> F:\Cursor\AI Whisper Next\logs\ai_whisper_20260609_021940_P8-32.current.log
[settings]      [02:19:40.044] config loaded from F:\Cursor\AI Whisper Next\config.json
[main]          [02:19:40.175] ✅ 快捷鍵 ctrl+f11（句號）、ctrl+f12（逗號）已註冊
[main]          [02:19:40.176] ✅ 主快捷鍵 2/2 已註冊 (Win32)
[main]          [02:19:40.177] ✅ 記憶快捷鍵 5/5 已註冊 (Win32)
[tap]           [02:19:40.191] 🎙️ 敲麥監聽已啟動
[main]          [02:19:40.192] 🔧 DIAG 關閉元件: (none)
[debug]         [02:19:40.200] 🔍 Debug server listening on 127.0.0.1:47643
[recorder][VAD] [02:19:40.363] 載入 Silero VAD 模型 (ONNX): F:\Cursor\AI Whisper Next\assets\silero_vad.onnx
[recorder][VAD] [02:19:40.449] Silero VAD 模型載入完成 (ONNX)
[main]          [02:19:41.270] ⌨️ 主快捷鍵觸發（Win32/逗號），keys=async_down=Ctrl,RCtrl; logical_down=Ctrl,RCtrl
[main]          [02:19:41.272] ⌨️ after(0) 執行延遲 1.2ms
[tap]           [02:19:41.340] 💤 敲麥監聽已停止
[recorder]      [02:19:41.346] ⏱️ InputStream() 6.4ms
[recorder]      [02:19:41.347] ⏱️ stream.start() 0.4ms
[recorder]      [02:19:41.347] 🎙️ 錄音就緒，總初始化 6.8ms
[main]          [02:19:41.347] ⏱️ recorder.start() 耗時 7.2ms，ok=True
[transcriber]   [02:19:41.352] 🔌 HTTP 連線預熱完成 (1.16s)
[tap]           [02:19:41.879] 🎙️ 敲麥監聽已啟動
[main]          [02:19:41.887] 🎙️ 開始錄音
[recorder]      [02:19:42.125] 🎤 第一包音訊到達，麥克風實際開啟延遲 778.6ms
[tap][sample]   [02:19:43.520] 持續=666ms 峰值=11324 ✗長 K=1.9 CF=4.2 SC=2841Hz Att=113.4ms | fK=2.1 fCF=4.3 fSC=2843Hz fFlat=0.542 fHF=0.143
[tap][dim]      [02:19:43.628] 持續=36ms 峰值=305 ✗弱
[tap][sample]   [02:19:44.258] 持續=630ms 峰值=10414 ✗長 K=1.7 CF=3.9 SC=2908Hz Att=145.6ms | fK=2.0 fCF=4.0 fSC=2908Hz fFlat=0.579 fHF=0.141
[tap][dim]      [02:19:44.447] 持續=90ms 峰值=570 ✗弱
[tap][sample]   [02:19:44.618] 持續=171ms 峰值=1577 ✗長 K=0.6 CF=3.7 SC=691Hz Att=122.6ms | fK=1.1 fCF=3.9 fSC=588Hz fFlat=0.148 fHF=0.000
[tap][dim]      [02:19:44.645] 持續=27ms 峰值=466 ✗弱
[recorder][VAD] [02:19:45.756] ✅ Silero 11/114 (29.7%), 0.35s speech
[recorder][flush][02:19:45.757] ✅ 取出 3.6s 音訊段落
[main]          [02:19:45.758] ✂️ 自動分段送出（靜音達1s，累積 3.6s，靜音 1.1s）
[diag]          [02:19:45.761] ⏱️D9 overlay-painted '識別中' perf=440520.9586
[paster]        [02:19:45.932] 📏 [UIA] 文字為空 → 不加句號
[paster]        [02:19:45.933] 🔮 預取游標位置: at_end=False, last_punct=False (delay=0.14s, est_api=0.56s)
[transcriber]   [02:19:46.774] ⏱️ API 耗時: 1.02s
[main]          [02:19:46.775] ✅ 分段辨識完成: "測試測試"
[diag]          [02:19:46.776] ⏱️Dpaste-start perf=440521.9736[diag]          [02:19:46.776] ⏱️S4 seg-slot-enter perf=440521.9737

[paster]        [02:19:47.494] 🎯 PASTE: at_end=False, last_punct=False, add_prefix=False (prefetched), prefix='，', final='測試測試'[diag]          [02:19:47.494] ⏱️S5 seg-status-set perf=440522.6915

[diag]          [02:19:47.499] ⏱️S7 add_history dur=1ms exit_perf=440522.6969
[diag]          [02:19:47.500] ⏱️D9 overlay-painted '辨識完成 ✓' perf=440522.6980
[paster]        [02:19:47.501] ⌨️ TEXT input flow start: target_chars=4，視窗="Pushing Changes to Git"，hwnd=0x015c200c，process=antigravity.exe，class=Chrome_WidgetWin_1，focus=('Message input', 'max-h-[300px] rounded-md cursor-text overflow-y-auto text-md p-2 outline-none transition-all duration-100 text-sm', '', 'ComboBoxControl')，verify_readable=True，keys_before=async_down=none; logical_down=none，text='測試測試'
[paster]        [02:19:47.502] ⌨️ 直接輸入前釋放修飾鍵: released=none，keys_after_release=async_down=none; logical_down=none
[paster]        [02:19:47.506] ⌨️ TEXT input done: ok=True，keys_after_send=async_down=none; logical_down=none
[paster]        [02:19:47.507] ⏱️ 收到→直接輸入完成: 0.73s
[paster]        [02:19:47.507] ⌨️ TEXT input verify: ok=True，reason=sendinput_trusted (hwnd unchanged)
[tap]           [02:19:58.993] 💤 敲麥監聽已停止
[recorder]      [02:19:59.072] 💤 預熱 stream 已關閉
