[main] LOG -> F:\Cursor\AI Whisper Next\logs\ai_whisper_20260607_022306_P8-32.current.log
[settings] config loaded from F:\Cursor\AI Whisper Next\config.json
[main][02:23:06.870] ✅ 快捷鍵 ctrl+f11（句號）、ctrl+f12（逗號）已註冊
[main][02:23:06.871] ✅ 主快捷鍵 2/2 已註冊 (Win32)
[main][02:23:06.871] ✅ 記憶快捷鍵 5/5 已註冊 (Win32)
[tap]        [02:23:06.888] 🎙️ 敲麥監聽已啟動
[main][02:23:06.889] 🔧 DIAG 關閉元件: (none)
[debug][02:23:06.896] 🔍 Debug server listening on 127.0.0.1:47643
[recorder][VAD] 載入 Silero VAD 模型 (ONNX): F:\Cursor\AI Whisper Next\assets\silero_vad.onnx
[recorder][VAD] Silero VAD 模型載入完成 (ONNX)
[transcriber][02:23:08.345] 🔌 HTTP 連線預熱完成 (1.46s)
[main][02:23:58.642] ⌨️ 主快捷鍵觸發（Win32/逗號），keys=async_down=Ctrl,RCtrl; logical_down=Ctrl,RCtrl
[main][02:23:58.643] ⌨️ after(0) 執行延遲 1.1ms
[tap]        [02:23:58.700] 💤 敲麥監聽已停止
[recorder][02:23:58] ⏱️ InputStream() 9.8ms
[recorder][02:23:58] ⏱️ stream.start() 1.0ms
[recorder][02:23:58] 🎙️ 錄音就緒，總初始化 10.9ms
[main][02:23:58.714] ⏱️ recorder.start() 耗時 14.4ms，ok=True
[tap]        [02:23:59.249] 🎙️ 敲麥監聽已啟動
[main][02:23:59.263] 🎙️ 開始錄音
[recorder][02:23:59] 🎤 第一包音訊到達，麥克風實際開啟延遲 771.8ms
[tap][sample][02:24:01.652] 持續=1413ms 峰值=12539 ✗長 K=1.5 CF=4.1 SC=1958Hz Att=465.4ms | fK=1.6 fCF=4.2 fSC=1961Hz fFlat=0.458 fHF=0.039
[tap][sample][02:24:02.004] 持續=325ms 峰值=10228 ✗長 K=9.3 CF=7.4 SC=1822Hz Att=18.7ms | fK=10.5 fCF=7.8 fSC=1818Hz fFlat=0.384 fHF=0.019
[main][02:24:02.017] ⌨️ 主快捷鍵觸發（Win32/逗號），keys=async_down=Ctrl,RCtrl; logical_down=Ctrl,RCtrl
[main][02:24:02.017] ⌨️ after(0) 執行延遲 0.8ms[main][02:24:02.018] ⏳ 預熱 idle 計時器啟動，10 分鐘後關閉麥克風

[recorder][VAD] Silero 語音幀 11/80 (31.4%)，有效語音 0.35s，信心閾值 0.6，最低比例 16%，最低語音 0.35s
[main][02:24:02.026] ✅ 錄音完成，送出辨識
[tap][dim]   [02:24:02.039] 持續=35ms 峰值=408 ✗弱
[paster][02:24:02] 📏 [UIA] 文字為空 → 不加句號
[paster][02:24:02] 🔮 預取游標位置: at_end=False, last_punct=False (delay=0.06s, est_api=0.51s)
[transcriber][02:24:03.303] ⏱️ API 耗時: 1.28s
[main][02:24:03.304] ✅ 辨識完成: "為什麼無法識別？"
[paster][02:24:03] 🎯 PASTE: at_end=False, last_punct=False, add_prefix=False (prefetched), prefix='，', final='為什麼無法識別？'
[paster][02:24:03] ⌨️ TEXT input flow start: target_chars=8，視窗="Optimizing AI Whisper Performance"，hwnd=0x009721f6，process=antigravity.exe，class=Chrome_WidgetWin_1，focus=('Message input', 'max-h-[300px] rounded-md cursor-text overflow-y-auto text-md p-2 outline-none transition-all duration-100 text-sm', '', 'ComboBoxControl')，verify_readable=True，keys_before=async_down=none; logical_down=none，text='為什麼無法識別？'
[paster][02:24:03] ⌨️ 直接輸入前釋放修飾鍵: released=none，keys_after_release=async_down=none; logical_down=none
[paster][02:24:03] ⌨️ TEXT input done: ok=True，keys_after_send=async_down=none; logical_down=none
[paster][02:24:03] ⏱️ 收到→直接輸入完成: 0.07s
[paster][02:24:03] ⌨️ TEXT input verify: ok=True，reason=changed
[main][02:24:37.426] ⌨️ 主快捷鍵觸發（Win32/逗號），keys=async_down=Ctrl,RCtrl; logical_down=Ctrl,RCtrl
[main][02:24:37.427] ⌨️ after(0) 執行延遲 1.4ms
[tap]        [02:24:37.456] 💤 敲麥監聽已停止
[recorder][02:24:37] 🚀 預熱命中，直接開始錄音
[main][02:24:37.459] ⏱️ recorder.start() 耗時 2.0ms，ok=True
[tap]        [02:24:37.466] 🎙️ 敲麥監聽已啟動
[main][02:24:37.474] 🎙️ 開始錄音
[recorder][VAD] Silero 語音幀 0/32 (0.0%)，有效語音 0.00s，信心閾值 0.6，最低比例 16%，最低語音 0.35s
[recorder][flush] ❌ VAD 未達有效語音門檻，略過（語音比例不足 0.0% < 16%）
[tap][dim]   [02:24:38.525] 持續=27ms 峰值=400 ✗弱
[tap][sample][02:24:39.137] 持續=612ms 峰值=11993 ✗長 K=1.7 CF=4.0 SC=2060Hz Att=254.1ms | fK=2.0 fCF=4.1 fSC=2054Hz fFlat=0.475 fHF=0.040
[tap][dim]   [02:24:39.164] 持續=27ms 峰值=311 ✗弱
[tap][sample][02:24:39.830] 持續=639ms 峰值=11484 ✗長 K=2.7 CF=5.1 SC=2376Hz Att=302.6ms | fK=3.0 fCF=5.2 fSC=2379Hz fFlat=0.583 fHF=0.072
[tap][sample][02:24:40.343] 持續=477ms 峰值=11413 ✗長 K=1.0 CF=3.6 SC=1224Hz Att=0.1ms | fK=1.3 fCF=3.7 fSC=1225Hz fFlat=0.224 fHF=0.004
[tap][dim]   [02:24:40.414] 持續=72ms 峰值=553 ✗弱
[tap][dim]   [02:24:40.702] 持續=36ms 峰值=307 ✗弱
[tap][sample][02:24:44.060] 持續=3357ms 峰值=12546 ✗長 K=3.3 CF=5.3 SC=2174Hz Att=560.8ms | fK=4.0 fCF=5.3 fSC=1816Hz fFlat=0.474 fHF=0.017
[tap][dim]   [02:24:44.096] 持續=36ms 峰值=520 ✗弱
[main][02:24:45.046] ⌨️ 主快捷鍵觸發（Win32/逗號），keys=async_down=Ctrl,RCtrl; logical_down=Ctrl,RCtrl
[main][02:24:45.048] ⌨️ after(0) 執行延遲 1.6ms[main][02:24:45.048] ⏳ 預熱 idle 計時器啟動，10 分鐘後關閉麥克風

[recorder][VAD] Silero 語音幀 11/205 (68.8%)，有效語音 0.35s，信心閾值 0.6，最低比例 16%，最低語音 0.35s
[main][02:24:45.053] ✅ 錄音完成，送出辨識
[paster][02:24:45] 📏 [UIA] 文字為空 → 不加句號
[paster][02:24:45] 🔮 預取游標位置: at_end=False, last_punct=False (delay=0.46s, est_api=0.91s)
[transcriber][02:24:46.716] ⏱️ API 耗時: 1.66s
[main][02:24:46.717] ✅ 辨識完成: "為什麼剛才的實際驗證沒有把這個問題驗出來？"
[paster][02:24:46] 🎯 PASTE: at_end=False, last_punct=False, add_prefix=False (prefetched), prefix='，', final='為什麼剛才的實際驗證沒有把這個問題驗出來？'
[paster][02:24:46] ⌨️ TEXT input flow start: target_chars=21，視窗="Optimizing AI Whisper Performance"，hwnd=0x009721f6，process=antigravity.exe，class=Chrome_WidgetWin_1，focus=('Message input', 'max-h-[300px] rounded-md cursor-text overflow-y-auto text-md p-2 outline-none transition-all duration-100 text-sm', '', 'ComboBoxControl')，verify_readable=True，keys_before=async_down=none; logical_down=none，text='為什麼剛才的實際驗證沒有把這個問題驗出來？'
[paster][02:24:46] ⌨️ 直接輸入前釋放修飾鍵: released=none，keys_after_release=async_down=none; logical_down=none
[paster][02:24:46] ⌨️ TEXT input done: ok=True，keys_after_send=async_down=none; logical_down=none
[paster][02:24:46] ⏱️ 收到→直接輸入完成: 0.09s
[paster][02:24:46] ⌨️ TEXT input verify: ok=True，reason=changed
[main][02:24:48.608] ⌨️ 主快捷鍵觸發（Win32/逗號），keys=async_down=Ctrl,RCtrl; logical_down=Ctrl,RCtrl
[main][02:24:48.610] ⌨️ after(0) 執行延遲 1.5ms
[tap]        [02:24:48.651] 💤 敲麥監聽已停止
[recorder][02:24:48] 🚀 預熱命中，直接開始錄音
[main][02:24:48.653] ⏱️ recorder.start() 耗時 1.2ms，ok=True
[tap]        [02:24:48.657] 🎙️ 敲麥監聽已啟動
[main][02:24:48.662] 🎙️ 開始錄音
[tap][sample][02:24:50.198] 持續=612ms 峰值=10878 ✗長 K=1.8 CF=3.8 SC=1069Hz Att=68.3ms | fK=2.0 fCF=3.9 fSC=1073Hz fFlat=0.191 fHF=0.001
[tap][dim]   [02:24:50.225] 持續=27ms 峰值=323 ✗弱
[tap][sample][02:24:50.891] 持續=630ms 峰值=11175 ✗長 K=2.3 CF=4.8 SC=1342Hz Att=54.6ms | fK=2.5 fCF=4.9 fSC=1343Hz fFlat=0.272 fHF=0.004
[tap][dim]   [02:24:50.936] 持續=45ms 峰值=421 ✗弱
[tap][dim]   [02:24:50.990] 持續=23ms 峰值=400 ✗弱
[tap][sample][02:24:51.765] 持續=775ms 峰值=12326 ✗長 K=4.2 CF=4.9 SC=1595Hz Att=20.9ms | fK=4.5 fCF=5.0 fSC=1594Hz fFlat=0.422 fHF=0.011
[tap][dim]   [02:24:51.800] 持續=35ms 峰值=425 ✗弱
[tap][sample][02:24:51.952] 持續=153ms 峰值=8871 ✓ K=3.3 CF=5.3 SC=3882Hz Att=29.9ms | fK=4.5 fCF=5.8 fSC=3881Hz fFlat=0.636 fHF=0.446 🎯 敲擊 #1
[tap][dim]   [02:24:51.980] 持續=27ms 峰值=472 ✗弱
[tap][sample][02:24:52.241] 持續=261ms 峰值=8212 ✗長 K=6.7 CF=6.2 SC=1461Hz Att=42.8ms | fK=7.9 fCF=6.6 fSC=1463Hz fFlat=0.349 fHF=0.007
[tap][dim]   [02:24:52.277] 持續=36ms 峰值=301 ✗弱
[main][02:24:52.278] ⌨️ 主快捷鍵觸發（Win32/逗號），keys=async_down=Ctrl,RCtrl; logical_down=Ctrl,RCtrl
[main][02:24:52.286] ⌨️ after(0) 執行延遲 7.7ms[main][02:24:52.287] ⏳ 預熱 idle 計時器啟動，10 分鐘後關閉麥克風

[recorder][VAD] Silero 語音幀 11/113 (23.9%)，有效語音 0.35s，信心閾值 0.6，最低比例 16%，最低語音 0.35s
[main][02:24:52.298] ✅ 錄音完成，送出辨識
[paster][02:24:52] ⚠️ [UIA] 無 TextPattern
[paster][02:24:52] 🔮 預取游標位置: at_end=False, last_punct=False (delay=0.16s, est_api=0.61s)
[transcriber][02:24:53.660] ⏱️ API 耗時: 1.36s
[main][02:24:53.660] ✅ 辨識完成: "還要我跟你回報你才知道"
[paster][02:24:53] 🎯 PASTE: at_end=False, last_punct=False, add_prefix=False (prefetched), prefix='，', final='還要我跟你回報你才知道'
[paster][02:24:53] ⌨️ TEXT input flow start: target_chars=11，視窗="Optimizing AI Whisper Performance"，hwnd=0x009721f6，process=antigravity.exe，class=Chrome_WidgetWin_1，focus=('Message input', 'max-h-[300px] rounded-md cursor-text overflow-y-auto text-md p-2 outline-none transition-all duration-100 text-sm', '', 'ComboBoxControl')，verify_readable=True，keys_before=async_down=none; logical_down=none，text='還要我跟你回報你才知道'
[paster][02:24:53] ⌨️ 直接輸入前釋放修飾鍵: released=none，keys_after_release=async_down=none; logical_down=none
[paster][02:24:53] ⌨️ TEXT input done: ok=True，keys_after_send=async_down=none; logical_down=none
[paster][02:24:53] ⏱️ 收到→直接輸入完成: 0.08s
[paster][02:24:53] ⌨️ TEXT input verify: ok=True，reason=changed
[main][02:26:13.007] ⌨️ 主快捷鍵觸發（Win32/逗號），keys=async_down=Ctrl,RCtrl; logical_down=Ctrl,RCtrl
[main][02:26:13.012] ⌨️ after(0) 執行延遲 5.0ms
[tap]        [02:26:13.026] 💤 敲麥監聽已停止
[recorder][02:26:13] 🚀 預熱命中，直接開始錄音
[main][02:26:13.027] ⏱️ recorder.start() 耗時 0.5ms，ok=True
[tap]        [02:26:13.031] 🎙️ 敲麥監聽已啟動
[main][02:26:13.038] 🎙️ 開始錄音
[recorder][VAD] Silero 語音幀 0/32 (0.0%)，有效語音 0.00s，信心閾值 0.6，最低比例 16%，最低語音 0.35s
[recorder][flush] ❌ VAD 未達有效語音門檻，略過（語音比例不足 0.0% < 16%）
[tap][sample][02:26:15.338] 持續=1125ms 峰值=11137 ✗長 K=5.0 CF=6.8 SC=1504Hz Att=709.8ms | fK=5.2 fCF=6.9 fSC=1502Hz fFlat=0.334 fHF=0.005
[tap][dim]   [02:26:15.365] 持續=27ms 峰值=573 ✗弱
[tap][sample][02:26:16.031] 持續=216ms 峰值=7287 ✗長 K=4.2 CF=5.7 SC=1254Hz Att=22.9ms | fK=5.2 fCF=6.1 fSC=1250Hz fFlat=0.209 fHF=0.003
[tap][sample][02:26:16.842] 持續=774ms 峰值=10298 ✗長 K=1.5 CF=4.9 SC=3521Hz Att=294.7ms | fK=1.7 fCF=5.0 fSC=3517Hz fFlat=0.586 fHF=0.258
[tap][dim]   [02:26:16.868] 持續=27ms 峰值=331 ✗弱
[recorder][VAD] Silero 語音幀 11/120 (68.8%)，有效語音 0.35s，信心閾值 0.6，最低比例 16%，最低語音 0.35s
[recorder][flush] ✅ 取出 3.8s 音訊段落
[main][02:26:17.919] ✂️ 自動分段送出（靜音達1s，累積 3.8s，靜音 1.1s）
[paster][02:26:18] 📏 [UIA] 文字為空 → 不加句號
[paster][02:26:18] 🔮 預取游標位置: at_end=False, last_punct=False (delay=0.18s, est_api=0.63s)
[tap][sample][02:26:18.560] 持續=279ms 峰值=10535 ✗長 K=3.7 CF=4.6 SC=1482Hz Att=150.6ms | fK=4.4 fCF=4.8 fSC=1484Hz fFlat=0.248 fHF=0.004
[tap][dim]   [02:26:18.596] 持續=36ms 峰值=532 ✗弱
[transcriber][02:26:18.674] ⏱️ API 耗時: 0.75s
[main][02:26:18.676] ✅ 分段辨識完成: "那你應該把這次"
[paster][02:26:18] 🎯 PASTE: at_end=False, last_punct=False, add_prefix=False (prefetched), prefix='，', final='那你應該把這次'
[paster][02:26:18] ⌨️ TEXT input flow start: target_chars=7，視窗="Optimizing AI Whisper Performance"，hwnd=0x009721f6，process=antigravity.exe，class=Chrome_WidgetWin_1，focus=('Message input', 'max-h-[300px] rounded-md cursor-text overflow-y-auto text-md p-2 outline-none transition-all duration-100 text-sm', '', 'ComboBoxControl')，verify_readable=True，keys_before=async_down=none; logical_down=none，text='那你應該把這次'
[paster][02:26:18] ⌨️ 直接輸入前釋放修飾鍵: released=none，keys_after_release=async_down=none; logical_down=none
[paster][02:26:18] ⌨️ TEXT input done: ok=True，keys_after_send=async_down=none; logical_down=none
[paster][02:26:18] ⏱️ 收到→直接輸入完成: 0.05s
[paster][02:26:18] ⌨️ TEXT input verify: ok=True，reason=changed
[tap][sample][02:26:19.271] 持續=648ms 峰值=9810 ✗長 K=2.8 CF=4.7 SC=1337Hz Att=38.8ms | fK=3.1 fCF=4.8 fSC=1338Hz fFlat=0.313 fHF=0.007
[tap][sample][02:26:19.685] 持續=261ms 峰值=7799 ✗長 K=2.5 CF=5.5 SC=2660Hz Att=113.7ms | fK=3.2 fCF=5.8 fSC=2665Hz fFlat=0.621 fHF=0.093
[tap][dim]   [02:26:19.720] 持續=36ms 峰值=544 ✗弱
[tap][sample][02:26:20.134] 持續=387ms 峰值=9192 ✗長 K=3.6 CF=4.8 SC=1205Hz Att=25.5ms | fK=4.2 fCF=5.0 fSC=1206Hz fFlat=0.202 fHF=0.002
[tap][dim]   [02:26:20.171] 持續=36ms 峰值=527 ✗弱
[tap][dim]   [02:26:20.388] 持續=36ms 峰值=338 ✗弱
[tap][sample][02:26:20.585] 持續=197ms 峰值=8818 ✗長 K=6.6 CF=5.8 SC=1267Hz Att=28.3ms | fK=8.2 fCF=6.3 fSC=1267Hz fFlat=0.168 fHF=0.005
[tap][sample][02:26:20.801] 持續=153ms 峰值=6697 ✗長 K=1.1 CF=3.8 SC=2135Hz Att=10.4ms | fK=1.9 fCF=4.2 fSC=2128Hz fFlat=0.327 fHF=0.023
[tap][sample][02:26:21.250] 持續=387ms 峰值=7383 ✗長 K=9.4 CF=8.6 SC=1774Hz Att=38.8ms | fK=10.4 fCF=9.0 fSC=1775Hz fFlat=0.434 fHF=0.019
[tap][dim]   [02:26:21.287] 持續=36ms 峰值=584 ✗弱
[tap][sample][02:26:21.890] 持續=603ms 峰值=5888 ✗長 K=3.8 CF=6.0 SC=2044Hz Att=363.9ms | fK=4.1 fCF=6.2 fSC=2042Hz fFlat=0.503 fHF=0.025
[tap][dim]   [02:26:21.927] 持續=36ms 峰值=352 ✗弱
[recorder][VAD] Silero 語音幀 11/159 (37.9%)，有效語音 0.35s，信心閾值 0.6，最低比例 16%，最低語音 0.35s
[recorder][flush] ✅ 取出 5.1s 音訊段落
[main][02:26:23.003] ✂️ 自動分段送出（靜音達1s，累積 5.1s，靜音 1.1s）
[main][02:26:23.150] ⌨️ 主快捷鍵觸發（Win32/逗號），keys=async_down=Ctrl,RCtrl; logical_down=Ctrl,RCtrl
[main][02:26:23.150] ⌨️ after(0) 執行延遲 0.4ms[main][02:26:23.150] ⏳ 預熱 idle 計時器啟動，10 分鐘後關閉麥克風

[recorder][stop] 錄音太短 (0.16s)，略過
[paster][02:26:23] ⚠️ [UIA] 無 TextPattern
[paster][02:26:23] 🔮 預取游標位置: at_end=False, last_punct=False (delay=0.31s, est_api=0.76s)
[transcriber][02:26:23.773] ⏱️ API 耗時: 0.77s
[main][02:26:23.774] ✅ 分段辨識完成: "學到的加到MD檔裡面去"
[paster][02:26:23] 🎯 PASTE: at_end=False, last_punct=False, add_prefix=False (prefetched), prefix='，', final='學到的加到MD檔裡面去'
[paster][02:26:23] ⌨️ TEXT input flow start: target_chars=11，視窗="Optimizing AI Whisper Performance"，hwnd=0x009721f6，process=antigravity.exe，class=Chrome_WidgetWin_1，focus=('Message input', 'max-h-[300px] rounded-md cursor-text overflow-y-auto text-md p-2 outline-none transition-all duration-100 text-sm', '', 'ComboBoxControl')，verify_readable=True，keys_before=async_down=none; logical_down=none，text='學到的加到MD檔裡面去'
[paster][02:26:23] ⌨️ 直接輸入前釋放修飾鍵: released=none，keys_after_release=async_down=none; logical_down=none
[paster][02:26:23] ⌨️ TEXT input done: ok=True，keys_after_send=async_down=none; logical_down=none
[paster][02:26:23] ⏱️ 收到→直接輸入完成: 0.05s
[paster][02:26:23] ⌨️ TEXT input verify: ok=True，reason=changed
[main][02:27:10.003] ⌨️ 主快捷鍵觸發（Win32/逗號），keys=async_down=Ctrl,RCtrl; logical_down=Ctrl,RCtrl
[main][02:27:10.010] ⌨️ after(0) 執行延遲 5.8ms
