[main] LOG -> F:\Cursor\AI Whisper Next\ai_whisper_20260517_173032.log
[settings] config loaded from F:\Cursor\AI Whisper Next\config.json
[main][17:30:32.631] ✅ 快捷鍵 ctrl+f12（句號）、ctrl+f11（逗號）已註冊
[main][17:30:32.633] ✅ 主快捷鍵 2/2 已註冊 (Win32)
[main][17:30:32.633] ✅ 記憶快捷鍵 5/5 已註冊 (Win32)
[tap]        [17:30:32.646] 🎙️ 敲麥監聽已啟動
[tap][dim]   [17:30:33.931] 持續=36ms 峰值=376 ✗弱
[tap][sample][17:30:33.966] 持續=36ms 峰值=691 ✓ 🎯 敲擊 #1
[tap][dim]   [17:30:33.994] 持續=27ms 峰值=402 ✗弱
[recorder][VAD] 載入 Silero VAD 模型...
Using cache found in C:\Users\Administrator/.cache\torch\hub\snakers4_silero-vad_master
[recorder][VAD] Silero VAD 模型載入完成
[tap][dim]   [17:31:53.410] 持續=27ms 峰值=320 ✗弱
[tap][dim]   [17:32:41.865] 持續=63ms 峰值=335 ✗弱
[tap][dim]   [17:32:42.703] 持續=36ms 峰值=315 ✗弱
[tap]         ⏱️ 間隔過長重置（169578ms）
[tap][sample][17:33:23.563] 持續=54ms 峰值=877 ✓ 🎯 敲擊 #1
[tap][dim]   [17:33:23.607] 持續=45ms 峰值=426 ✗弱
[tap]         ⏱️ 間隔過長重置（19476ms）
[tap][sample][17:33:43.011] 持續=27ms 峰值=1033 ✓ 🎯 敲擊 #1
[tap][dim]   [17:33:43.074] 持續=63ms 峰值=519 ✗弱
[tap][dim]   [17:34:54.127] 持續=79ms 峰值=574 ✗弱
[tap][dim]   [17:34:55.398] 持續=72ms 峰值=506 ✗弱
[tap][dim]   [17:34:57.253] 持續=36ms 峰值=307 ✗弱
[tap]         ⏱️ 間隔過長重置（89379ms）
[tap][sample][17:35:12.418] 持續=54ms 峰值=985 ✓ 🎯 敲擊 #1
[tap][dim]   [17:35:12.454] 持續=36ms 峰值=382 ✗弱
[tap][dim]   [17:35:23.371] 持續=63ms 峰值=551 ✗弱
[tap][dim]   [17:35:23.577] 持續=81ms 峰值=326 ✗弱
[tap][dim]   [17:35:23.632] 持續=27ms 峰值=364 ✗弱
[tap][dim]   [17:35:24.056] 持續=45ms 峰值=303 ✗弱
[tap][dim]   [17:35:25.333] 持續=72ms 峰值=572 ✗弱
[tap]         ⏱️ 間隔過長重置（13059ms）
[tap][sample][17:35:25.495] 持續=72ms 峰值=830 ✓ 🎯 敲擊 #1
[tap][dim]   [17:35:25.521] 持續=27ms 峰值=353 ✗弱
[tap][dim]   [17:35:26.035] 持續=27ms 峰值=306 ✗弱
[tap]         ⏱️ 間隔過長重置（612ms）
[tap][sample][17:35:26.098] 持續=63ms 峰值=668 ✓ 🎯 敲擊 #1
[tap][dim]   [17:35:26.134] 持續=36ms 峰值=428 ✗弱
[tap][dim]   [17:35:26.998] 持續=27ms 峰值=396 ✗弱
[tap]         ⏱️ 間隔過長重置（963ms）
[tap][sample][17:35:27.035] 持續=36ms 峰值=959 ✓ 🎯 敲擊 #1
[tap][dim]   [17:35:27.096] 持續=63ms 峰值=532 ✗弱
[tap]         ⏱️ 間隔過長重置（990ms）
[tap][sample][17:35:28.059] 持續=72ms 峰值=1135 ✓ 🎯 敲擊 #1
[tap][dim]   [17:35:28.123] 持續=63ms 峰值=534 ✗弱
[tap][dim]   [17:36:02.899] 持續=36ms 峰值=346 ✗弱
[tap][dim]   [17:36:06.840] 持續=108ms 峰值=561 ✗弱
[tap][dim]   [17:36:07.031] 持續=100ms 峰值=382 ✗弱
[tap][dim]   [17:36:08.442] 持續=36ms 峰值=354 ✗弱
[tap][dim]   [17:36:08.569] 持續=72ms 峰值=326 ✗弱
[tap][dim]   [17:36:09.559] 持續=72ms 峰值=448 ✗弱
[tap][dim]   [17:36:09.973] 持續=63ms 峰值=367 ✗弱
[tap][dim]   [17:36:10.774] 持續=63ms 峰值=343 ✗弱
[tap][dim]   [17:36:49.258] 持續=36ms 峰值=439 ✗弱
[tap][dim]   [17:37:00.931] 持續=63ms 峰值=350 ✗弱
[tap][dim]   [17:37:06.546] 持續=63ms 峰值=542 ✗弱
[tap][dim]   [17:37:06.610] 持續=27ms 峰值=300 ✗弱
[tap][dim]   [17:37:20.379] 持續=90ms 峰值=518 ✗弱
[tap][dim]   [17:37:25.950] 持續=27ms 峰值=330 ✗弱
[tap]         ⏱️ 間隔過長重置（117963ms）
[tap][sample][17:37:25.978] 持續=27ms 峰值=676 ✓ 🎯 敲擊 #1
[tap][dim]   [17:37:26.013] 持續=36ms 峰值=371 ✗弱
[tap]         ⏱️ 間隔過長重置（7173ms）
[tap][sample][17:37:33.151] 持續=27ms 峰值=600 ✓ 🎯 敲擊 #1
[tap][dim]   [17:37:33.179] 持續=28ms 峰值=387 ✗弱
[tap][dim]   [17:37:33.825] 持續=27ms 峰值=429 ✗弱
[tap]         ⏱️ 間隔過長重置（702ms）
[tap][sample][17:37:33.852] 持續=27ms 峰值=712 ✓ 🎯 敲擊 #1
[tap][dim]   [17:37:33.924] 持續=72ms 峰值=472 ✗弱
[tap][dim]   [17:37:35.068] 持續=27ms 峰值=400 ✗弱
[tap][dim]   [17:37:41.827] 持續=26ms 峰值=370 ✗弱
[tap][dim]   [17:38:16.720] 持續=63ms 峰值=370 ✗弱
[tap][dim]   [17:38:16.873] 持續=27ms 峰值=313 ✗弱
[tap][dim]   [17:38:34.404] 持續=36ms 峰值=353 ✗弱
[tap]         ⏱️ 間隔過長重置（60579ms）
[tap][sample][17:38:34.432] 持續=27ms 峰值=633 ✓ 🎯 敲擊 #1
[tap][dim]   [17:38:34.467] 持續=36ms 峰值=416 ✗弱
[tap]         ⏱️ 間隔過長重置（31338ms）
[tap][sample][17:39:05.806] 持續=63ms 峰值=1607 ✓ 🎯 敲擊 #1
[tap][dim]   [17:39:05.833] 持續=27ms 峰值=320 ✗弱
[tap][dim]   [17:39:51.481] 持續=99ms 峰值=441 ✗弱
[tap][dim]   [17:39:51.733] 持續=27ms 峰值=360 ✗弱
[tap][dim]   [17:39:51.868] 持續=36ms 峰值=308 ✗弱
[tap][dim]   [17:40:12.163] 持續=27ms 峰值=477 ✗弱
[tap]         ⏱️ 間隔過長重置（66420ms）
[tap][sample][17:40:12.199] 持續=36ms 峰值=719 ✓ 🎯 敲擊 #1
[tap][dim]   [17:40:12.226] 持續=27ms 峰值=358 ✗弱
[tap][dim]   [17:40:13.828] 持續=54ms 峰值=361 ✗弱
[tap][dim]   [17:40:13.990] 持續=63ms 峰值=330 ✗弱
[tap][dim]   [17:40:14.791] 持續=63ms 峰值=481 ✗弱
[tap]         ⏱️ 間隔過長重置（2628ms）
[tap][sample][17:40:14.826] 持續=36ms 峰值=601 ✓ 🎯 敲擊 #1
[tap][dim]   [17:40:14.919] 持續=91ms 峰值=480 ✗弱
[tap][sample][17:40:15.043] 持續=125ms 峰值=778 ✗長
[tap][dim]   [17:40:15.106] 持續=63ms 峰值=392 ✗弱
[tap][sample][17:40:15.151] 持續=45ms 峰值=625 ✓ 🎯 敲擊 #2
[tap][dim]   [17:40:15.214] 持續=63ms 峰值=545 ✗弱
[tap][dim]   [17:40:52.329] 持續=36ms 峰值=373 ✗弱
[tap]         ⏱️ 間隔過長重置（39717ms）
[tap][sample][17:40:54.849] 持續=27ms 峰值=993 ✓ 🎯 敲擊 #1
[tap][dim]   [17:40:54.886] 持續=36ms 峰值=523 ✗弱
[tap][dim]   [17:40:59.107] 持續=54ms 峰值=448 ✗弱
[tap][dim]   [17:41:01.888] 持續=27ms 峰值=389 ✗弱
[tap]         ⏱️ 間隔過長重置（11466ms）
[tap][sample][17:41:06.316] 持續=27ms 峰值=660 ✓ 🎯 敲擊 #1
[tap][dim]   [17:41:06.343] 持續=27ms 峰值=427 ✗弱
[tap][sample][17:41:06.378] 持續=36ms 峰值=607 ✓ ⏱️ 防抖略過（距上次 54ms < 180ms）
[tap][dim]   [17:41:06.442] 持續=63ms 峰值=384 ✗弱
[tap][dim]   [17:41:06.703] 持續=36ms 峰值=306 ✗弱
[tap][dim]   [17:41:06.766] 持續=27ms 峰值=324 ✗弱
[tap][sample][17:41:08.053] 持續=135ms 峰值=1775 ✗長
[tap][dim]   [17:41:08.106] 持續=54ms 峰值=486 ✗弱
[tap]         ⏱️ 間隔過長重置（1917ms）
[tap][sample][17:41:08.269] 持續=63ms 峰值=2591 ✓ 🎯 敲擊 #1
[tap][dim]   [17:41:08.296] 持續=27ms 峰值=380 ✗弱
[tap][dim]   [17:41:16.252] 持續=27ms 峰值=333 ✗弱
[tap][dim]   [17:41:35.980] 持續=63ms 峰值=374 ✗弱
[tap][dim]   [17:41:36.367] 持續=45ms 峰值=301 ✗弱
[tap][dim]   [17:41:47.166] 持續=27ms 峰值=350 ✗弱
[tap][dim]   [17:41:48.931] 持續=27ms 峰值=385 ✗弱
[tap]         ⏱️ 間隔過長重置（40725ms）
[tap][sample][17:41:48.958] 持續=27ms 峰值=837 ✓ 🎯 敲擊 #1
[tap][dim]   [17:41:49.030] 持續=72ms 峰值=513 ✗弱
[tap][dim]   [17:41:51.550] 持續=27ms 峰值=332 ✗弱
[tap][dim]   [17:42:11.907] 持續=62ms 峰值=329 ✗弱
[tap][dim]   [17:42:40.024] 持續=63ms 峰值=571 ✗弱
[tap][dim]   [17:42:55.936] 持續=27ms 峰值=424 ✗弱
[tap]         ⏱️ 間隔過長重置（67005ms）
[tap][sample][17:42:55.972] 持續=36ms 峰值=706 ✓ 🎯 敲擊 #1
[tap][dim]   [17:42:56.035] 持續=63ms 峰值=401 ✗弱
[tap][dim]   [17:42:56.485] 持續=72ms 峰值=338 ✗弱
[tap][dim]   [17:43:42.475] 持續=27ms 峰值=555 ✗弱
[tap][dim]   [17:43:43.375] 持續=72ms 峰值=375 ✗弱
[tap][dim]   [17:43:45.508] 持續=90ms 峰值=380 ✗弱
[tap][dim]   [17:43:52.340] 持續=109ms 峰值=388 ✗弱
[tap]         ⏱️ 間隔過長重置（57483ms）
[tap][sample][17:43:53.481] 持續=63ms 峰值=957 ✓ 🎯 敲擊 #1
[tap][dim]   [17:43:53.544] 持續=63ms 峰值=560 ✗弱
[tap][dim]   [17:45:05.167] 持續=63ms 峰值=480 ✗弱
[tap][dim]   [17:45:43.480] 持續=27ms 峰值=396 ✗弱
[tap][dim]   [17:45:43.569] 持續=27ms 峰值=307 ✗弱
[tap][sample][17:45:44.208] 持續=189ms 峰值=1825 ✗長
[tap][dim]   [17:45:44.254] 持續=45ms 峰值=345 ✗弱
[tap]         ⏱️ 間隔過長重置（199134ms）
[tap][sample][17:47:12.580] 持續=27ms 峰值=646 ✓ 🎯 敲擊 #1
[tap][dim]   [17:47:52.656] 持續=27ms 峰值=329 ✗弱
[tap][dim]   [17:48:04.978] 持續=27ms 峰值=486 ✗弱
[tap][dim]   [17:48:35.892] 持續=36ms 峰值=467 ✗弱
[tap][dim]   [17:49:52.825] 持續=27ms 峰值=343 ✗弱
[tap]         ⏱️ 間隔過長重置（234306ms）
[tap][sample][17:51:06.894] 持續=36ms 峰值=760 ✓ 🎯 敲擊 #1
[tap][dim]   [17:51:06.922] 持續=27ms 峰值=549 ✗弱
[tap][dim]   [17:51:13.482] 持續=27ms 峰值=400 ✗弱
[tap][dim]   [17:51:13.671] 持續=54ms 峰值=457 ✗弱
[tap][dim]   [17:51:18.424] 持續=72ms 峰值=559 ✗弱
[tap][dim]   [17:51:56.665] 持續=27ms 峰值=343 ✗弱
[tap][dim]   [17:52:45.130] 持續=108ms 峰值=416 ✗弱
[tap][dim]   [17:52:46.731] 持續=27ms 峰值=350 ✗弱
[tap]         ⏱️ 間隔過長重置（111330ms）
[tap][sample][17:52:58.225] 持續=36ms 峰值=950 ✓ 🎯 敲擊 #1
[tap][dim]   [17:52:58.315] 持續=90ms 峰值=594 ✗弱
[tap][dim]   [17:53:01.618] 持續=99ms 峰值=344 ✗弱
[main][17:53:05.456] ⌨️ 主快捷鍵觸發（Win32/句號），keys=async_down=Ctrl,RCtrl; logical_down=Ctrl,RCtrl
[main][17:53:05.456] ⌨️ after(0) 執行延遲 0.6ms
[tap]        [17:53:05.542] 💤 敲麥監聽已停止
[recorder][17:53:05] ⏱️ InputStream() 21.2ms
[recorder][17:53:05] ⏱️ stream.start() 0.4ms
[recorder][17:53:05] 🎙️ 錄音就緒，總初始化 21.6ms
[main][17:53:05.564] ⏱️ recorder.start() 耗時 21.9ms，ok=True
[tap]        [17:53:06.100] 🎙️ 敲麥監聽已啟動
[main][17:53:06.107] 🎙️ 開始錄音
[recorder][17:53:06] 🎤 第一包音訊到達，麥克風實際開啟延遲 743.1ms
[recorder][VAD] Silero 語音幀 0/32 (0.0%)，有效語音 0.00s，信心閾值 0.6，最低比例 16%，最低語音 0.35s
[recorder][flush] ❌ VAD 未達有效語音門檻，略過（語音比例不足 0.0% < 16%）
[tap][sample][17:53:07.954] 持續=585ms 峰值=4635 ✗長
[tap][dim]   [17:53:07.981] 持續=27ms 峰值=449 ✗弱
[tap][dim]   [17:53:08.142] 持續=27ms 峰值=526 ✗弱
[tap][sample][17:53:08.368] 持續=225ms 峰值=1937 ✗長
[tap][dim]   [17:53:08.431] 持續=63ms 峰值=481 ✗弱
[tap][sample][17:53:08.683] 持續=252ms 峰值=2878 ✗長
[main][17:53:08.782] ⌨️ 主快捷鍵觸發（Win32/句號），keys=async_down=Ctrl,RCtrl; logical_down=Ctrl,RCtrl
[main][17:53:08.783] ⌨️ after(0) 執行延遲 0.4ms[main][17:53:08.784] ⏳ 預熱 idle 計時器啟動，10 分鐘後關閉麥克風

[recorder][VAD] Silero 語音幀 37/44 (84.1%)，有效語音 1.18s，信心閾值 0.6，最低比例 16%，最低語音 0.35s
[main][17:53:08.808] ✅ 錄音完成，送出辨識
[paster][17:53:08] 📏 [UIA] 文字為空 → 不加句號
[paster][17:53:08] 🔮 預取游標位置: at_end=False, last_punct=False (delay=0.00s, est_api=0.39s)
[transcriber][17:53:10.910] ⏱️ API 耗時: 1.83s
[main][17:53:10.911] ✅ 辨識完成: "你好你好"
[paster][17:53:10] 🎯 PASTE: at_end=False, last_punct=False, add_prefix=False (prefetched), prefix='。', final='你好你好'
[paster][17:53:10] ⌨️ TEXT input skipped: process=chrome.exe，class=Chrome_WidgetWin_1，focus=('YouTube 影片播放器', 'html5-video-player ytp-transparent ytp-exp-bottom-control-flexbox ytp-modern-caption ytp-exp-ppp-update ytp-livebadge-color ytp-grid-scrollable ytp-cards-teaser-dismissible ytp-hide-info-bar ytp-disable-bottom-gradient ytp-delhi-modern ytp-delhi-modern-icons ytp-delhi-horizontal-volume-controls ytp-delhi-modern-compact-controls ytp-large-width-mode ytp-autonav-endscreen-cancelled-state ytp-fit-cover-video ytp-iv-drawer-enabled ytp-heat-map ytp-ce-shown ytp-hide-fullscreen-title ytp-fullscreen-metadata-top ytp-branding-shown playing-mode ytp-autohide', 'movie_player', 'GroupControl')，preserve_ctrl=False
[paster][17:53:10] 📋 CLIP flow start: target_chars=4, restore_delay=0.30s
[paster][17:53:10] 📋 CLIP backup: count=7, formats=49367:223B, 13:12B, 50188:24B, 50131:19B, 16:4B, 1:11B, 7:11B, text='識別中文字'
[paster][17:53:10] 📋 CLIP set attempt 1/4: chars=4, bytes=10, preview='你好你好'
[paster][17:53:11] 📋 CLIP verify ok: attempt=1, chars=4, text='你好你好'
[paster][17:53:11] ⌨️ Ctrl+V 準備送出，cb_ok=True，視窗="[中文] HLE vs KT | KRX vs BRO | 2026 LCK - YouTube - Google Chrome"，hwnd=0x003d0bfe，process=chrome.exe，class=Chrome_WidgetWin_1，keys_before=async_down=none; logical_down=none，text='你好你好'
[paster][17:53:11] ⌨️ 貼上前釋放修飾鍵: released=none，restore_later=none，preserve_ctrl=False，keys_after_release=async_down=none; logical_down=none
[paster][17:53:11] ⌨️ Ctrl+V 已送出，keys_after_send=async_down=none; logical_down=none
[paster][17:53:11] 🚫 CLIP guard armed: manual Ctrl+V suppressed
[paster][17:53:11] ⏱️ 收到→貼上完成: 0.28s
[paster][17:53:11] 📋 CLIP restore wait: 0.30s
[paster][17:53:11] 📋 CLIP restore attempt 1/4: text='識別中文字'
[paster][17:53:11] 📋 CLIP restore: restored=7/7, formats=49367:223B, 13:12B, 50188:24B, 50131:19B, 16:4B, 1:11B, 7:11B, text='識別中文字'
[paster][17:53:11] 📋 CLIP restore verify ok: attempt=1, text='識別中文字'
[paster][17:53:11] 🚫 CLIP guard disarmed: blocked=0
[paster][17:53:13] 📋 CLIP watchdog done: checks=11, repairs=0, ok=True, final='識別中文字'
[paster][17:53:13] 📋 剪貼簿已還原驗證（7 種格式，restore_ok=True, watch_ok=True）
[main][17:53:19.170] ⌨️ 主快捷鍵觸發（Win32/句號），keys=async_down=Ctrl,RCtrl; logical_down=Ctrl,RCtrl
[main][17:53:19.170] ⌨️ after(0) 執行延遲 0.5ms
[tap]        [17:53:19.214] 💤 敲麥監聽已停止
[recorder][17:53:19] 🚀 預熱命中，直接開始錄音
[main][17:53:19.214] ⏱️ recorder.start() 耗時 0.3ms，ok=True
[tap]        [17:53:19.222] 🎙️ 敲麥監聽已啟動
[main][17:53:19.231] 🎙️ 開始錄音
[tap][sample][17:53:20.338] 持續=567ms 峰值=4980 ✗長
[tap][dim]   [17:53:20.383] 持續=45ms 峰值=484 ✗弱
[tap][dim]   [17:53:20.698] 持續=35ms 峰值=445 ✗弱
[tap][sample][17:53:20.897] 持續=199ms 峰值=1580 ✗長
[tap][dim]   [17:53:20.950] 持續=53ms 峰值=589 ✗弱
[tap][dim]   [17:53:21.022] 持續=36ms 峰值=407 ✗弱
[tap][sample][17:53:21.274] 持續=252ms 峰值=1946 ✗長
[main][17:53:21.509] ⌨️ 主快捷鍵觸發（Win32/句號），keys=async_down=Ctrl,RCtrl; logical_down=Ctrl,RCtrl
[main][17:53:21.512] ⏳ 預熱 idle 計時器啟動，10 分鐘後關閉麥克風
[main][17:53:21.510] ⌨️ after(0) 執行延遲 0.9ms
[recorder][VAD] Silero 語音幀 40/71 (56.3%)，有效語音 1.28s，信心閾值 0.6，最低比例 16%，最低語音 0.35s
[main][17:53:21.546] ✅ 錄音完成，送出辨識
[paster][17:53:21] 📏 [UIA] 文字為空 → 不加句號
[paster][17:53:21] 🔮 預取游標位置: at_end=False, last_punct=False (delay=0.03s, est_api=0.48s)
[transcriber][17:53:23.112] ⏱️ API 耗時: 1.25s
[main][17:53:23.421] ✅ 辨識完成: "你好"
[paster][17:53:23] 🎯 PASTE: at_end=False, last_punct=False, add_prefix=False (prefetched), prefix='。', final='你好'
[paster][17:53:23] ⌨️ TEXT input skipped: process=chrome.exe，class=Chrome_WidgetWin_1，focus=('PDF 文件，共 27 頁', '', '', 'DocumentControl')，preserve_ctrl=False
[paster][17:53:23] 📋 CLIP flow start: target_chars=2, restore_delay=0.30s
[paster][17:53:23] 📋 CLIP backup: count=7, formats=49367:223B, 13:12B, 50188:24B, 50131:19B, 16:4B, 1:11B, 7:11B, text='識別中文字'
[paster][17:53:23] 📋 CLIP set attempt 1/4: chars=2, bytes=6, preview='你好'
[paster][17:53:23] 📋 CLIP verify ok: attempt=1, chars=2, text='你好'
[paster][17:53:23] ⌨️ Ctrl+V 準備送出，cb_ok=True，視窗="电子玻纤布行业深度研究报告算力基石催化高端需求供需错配开启上行周期-26040327页.pdf - Google Chrome"，hwnd=0x003d0bfe，process=chrome.exe，class=Chrome_WidgetWin_1，keys_before=async_down=none; logical_down=none，text='你好'
[paster][17:53:23] ⌨️ 貼上前釋放修飾鍵: released=none，restore_later=none，preserve_ctrl=False，keys_after_release=async_down=none; logical_down=none
[paster][17:53:23] ⌨️ Ctrl+V 已送出，keys_after_send=async_down=none; logical_down=none
[paster][17:53:23] 🚫 CLIP guard armed: manual Ctrl+V suppressed
[paster][17:53:23] ⏱️ 收到→貼上完成: 0.23s
[paster][17:53:23] 📋 CLIP restore wait: 0.30s
[paster][17:53:23] 📋 CLIP restore attempt 1/4: text='識別中文字'
[paster][17:53:23] 📋 CLIP restore: restored=7/7, formats=49367:223B, 13:12B, 50188:24B, 50131:19B, 16:4B, 1:11B, 7:11B, text='識別中文字'
[paster][17:53:24] 📋 CLIP restore verify ok: attempt=1, text='識別中文字'
[paster][17:53:24] 🚫 CLIP guard disarmed: blocked=0
[main][17:53:25.924] ⌨️ 主快捷鍵觸發（Win32/句號），keys=async_down=Ctrl,RCtrl; logical_down=Ctrl,RCtrl
[main][17:53:25.925] ⌨️ after(0) 執行延遲 1.4ms
[tap]        [17:53:25.942] 💤 敲麥監聽已停止
[recorder][17:53:25] 🚀 預熱命中，直接開始錄音
[main][17:53:25.943] ⏱️ recorder.start() 耗時 0.3ms，ok=True
[tap]        [17:53:25.953] 🎙️ 敲麥監聽已啟動
[main][17:53:25.965] 🎙️ 開始錄音
[paster][17:53:26] 📋 CLIP watchdog done: checks=11, repairs=0, ok=True, final='識別中文字'
[paster][17:53:26] 📋 剪貼簿已還原驗證（7 種格式，restore_ok=True, watch_ok=True）
[tap][sample][17:53:26.881] 持續=261ms 峰值=1791 ✗長
[tap][dim]   [17:53:26.908] 持續=27ms 峰值=506 ✗弱
[tap][sample][17:53:27.295] 持續=324ms 峰值=2880 ✗長
[tap][dim]   [17:53:27.331] 持續=36ms 峰值=401 ✗弱
[tap][sample][17:53:27.781] 持續=198ms 峰值=1873 ✗長
[tap][dim]   [17:53:27.871] 持續=63ms 峰值=487 ✗弱
[tap][sample][17:53:28.149] 持續=216ms 峰值=4052 ✗長
[recorder][VAD] Silero 語音幀 33/102 (32.4%)，有效語音 1.06s，信心閾值 0.6，最低比例 16%，最低語音 0.35s
[recorder][flush] ✅ 取出 3.3s 音訊段落
[main][17:53:29.234] ✂️ 自動分段送出（靜音達1s，累積 3.3s，靜音 1.1s）
[paster][17:53:29] 📏 [UIA] 文字為空 → 不加句號
[paster][17:53:29] 🔮 預取游標位置: at_end=False, last_punct=False (delay=0.13s, est_api=0.58s)
[main][17:53:29.699] ⌨️ 主快捷鍵觸發（Win32/句號），keys=async_down=Ctrl,RCtrl; logical_down=Ctrl,RCtrl
[main][17:53:29.700] ⌨️ after(0) 執行延遲 0.3ms[main][17:53:29.700] ⏳ 預熱 idle 計時器啟動，10 分鐘後關閉麥克風

[recorder][stop] 錄音太短 (0.49s)，略過
[transcriber][17:53:30.273] ⏱️ API 耗時: 0.90s
[main][17:53:30.274] ✅ 分段辨識完成: "你好你好"
[paster][17:53:30] 🎯 PASTE: at_end=False, last_punct=False, add_prefix=False (prefetched), prefix='。', final='你好你好'
[paster][17:53:30] ⌨️ TEXT input skipped: process=chrome.exe，class=Chrome_WidgetWin_1，focus=('PDF 文件，共 27 頁', '', '', 'DocumentControl')，preserve_ctrl=False
[paster][17:53:30] 📋 CLIP flow start: target_chars=4, restore_delay=0.30s
[paster][17:53:30] 📋 CLIP backup: count=7, formats=49367:223B, 13:12B, 50188:24B, 50131:19B, 16:4B, 1:11B, 7:11B, text='識別中文字'
[paster][17:53:30] 📋 CLIP set attempt 1/4: chars=4, bytes=10, preview='你好你好'
[paster][17:53:30] 📋 CLIP verify ok: attempt=1, chars=4, text='你好你好'
[paster][17:53:30] ⌨️ Ctrl+V 準備送出，cb_ok=True，視窗="电子玻纤布行业深度研究报告算力基石催化高端需求供需错配开启上行周期-26040327页.pdf - Google Chrome"，hwnd=0x003d0bfe，process=chrome.exe，class=Chrome_WidgetWin_1，keys_before=async_down=none; logical_down=none，text='你好你好'
[paster][17:53:30] ⌨️ 貼上前釋放修飾鍵: released=none，restore_later=none，preserve_ctrl=False，keys_after_release=async_down=none; logical_down=none
[paster][17:53:30] ⌨️ Ctrl+V 已送出，keys_after_send=async_down=none; logical_down=none
[paster][17:53:30] 🚫 CLIP guard armed: manual Ctrl+V suppressed
[paster][17:53:30] ⏱️ 收到→貼上完成: 0.18s
[paster][17:53:30] 📋 CLIP restore wait: 0.30s
[paster][17:53:30] 📋 CLIP restore attempt 1/4: text='識別中文字'
[paster][17:53:30] 📋 CLIP restore: restored=7/7, formats=49367:223B, 13:12B, 50188:24B, 50131:19B, 16:4B, 1:11B, 7:11B, text='識別中文字'
[paster][17:53:30] 📋 CLIP restore verify ok: attempt=1, text='識別中文字'
[paster][17:53:30] 🚫 CLIP guard disarmed: blocked=0
[paster][17:53:33] 📋 CLIP watchdog done: checks=11, repairs=0, ok=True, final='識別中文字'
[paster][17:53:33] 📋 剪貼簿已還原驗證（7 種格式，restore_ok=True, watch_ok=True）
[tap][dim]   [17:54:50.860] 持續=63ms 峰值=413 ✗弱
[tap][dim]   [17:54:50.986] 持續=90ms 峰值=553 ✗弱
[tap][sample][17:54:51.148] 持續=162ms 峰值=879 ✗長
[tap][dim]   [17:54:51.184] 持續=36ms 峰值=534 ✗弱
[tap][sample][17:54:51.246] 持續=63ms 峰值=678 ✓ 🎯 敲擊 #1
[tap][dim]   [17:54:51.273] 持續=27ms 峰值=350 ✗弱
[tap][dim]   [17:55:33.502] 持續=63ms 峰值=439 ✗弱
[tap][dim]   [17:55:34.914] 持續=63ms 峰值=441 ✗弱
[tap][dim]   [17:55:35.455] 持續=63ms 峰值=434 ✗弱
[tap][dim]   [17:55:43.788] 持續=36ms 峰值=529 ✗弱
[tap][sample][17:55:44.104] 持續=315ms 峰值=4443 ✗長
[tap]         ⏱️ 間隔過長重置（57861ms）
[tap][sample][17:55:49.071] 持續=27ms 峰值=642 ✓ 🎯 敲擊 #1
[tap][dim]   [17:56:35.125] 持續=36ms 峰值=339 ✗弱
[tap][dim]   [17:57:16.219] 持續=99ms 峰值=481 ✗弱
[tap][dim]   [17:57:17.722] 持續=90ms 峰值=573 ✗弱
[tap][dim]   [17:57:18.055] 持續=90ms 峰值=572 ✗弱
[tap][dim]   [17:57:20.881] 持續=27ms 峰值=347 ✗弱
[tap][dim]   [17:57:22.330] 持續=36ms 峰值=398 ✗弱
[tap]         ⏱️ 間隔過長重置（93888ms）
[tap][sample][17:57:22.970] 持續=38ms 峰值=1072 ✓ 🎯 敲擊 #1
[tap]         ⏱️ 間隔過長重置（18180ms）
[tap][sample][17:57:41.184] 持續=72ms 峰值=775 ✓ 🎯 敲擊 #1
[tap][dim]   [17:57:41.239] 持續=54ms 峰值=487 ✗弱
[tap][dim]   [17:59:28.356] 持續=63ms 峰值=400 ✗弱
[tap][dim]   [17:59:37.573] 持續=90ms 峰值=597 ✗弱
[tap][dim]   [18:00:01.126] 持續=90ms 峰值=457 ✗弱
[tap][dim]   [18:00:01.649] 持續=100ms 峰值=474 ✗弱
[tap][dim]   [18:00:02.611] 持續=99ms 峰值=445 ✗弱
[tap][dim]   [18:00:07.696] 持續=63ms 峰值=488 ✗弱
[tap][dim]   [18:00:09.811] 持續=36ms 峰值=333 ✗弱
[tap][dim]   [18:00:18.145] 持續=45ms 峰值=327 ✗弱
[tap][sample][18:01:20.659] 持續=207ms 峰值=1462 ✗長
[tap][dim]   [18:01:20.686] 持續=27ms 峰值=503 ✗弱
[tap][dim]   [18:01:21.163] 持續=90ms 峰值=455 ✗弱
[tap][dim]   [18:02:09.043] 持續=90ms 峰值=404 ✗弱
[main][18:03:29.688] 💤 預熱 stream 已關閉（idle 超時）
[recorder][18:03:29] 💤 預熱 stream 已關閉
[tap][dim]   [18:04:18.814] 持續=72ms 峰值=389 ✗弱
[tap][dim]   [18:04:18.904] 持續=27ms 峰值=313 ✗弱
[tap]         ⏱️ 間隔過長重置（397790ms）
[tap][sample][18:04:18.939] 持續=36ms 峰值=627 ✓ 🎯 敲擊 #1
[tap][dim]   [18:05:58.111] 持續=90ms 峰值=498 ✗弱
[tap]         ⏱️ 間隔過長重置（99207ms）
[tap][sample][18:05:58.174] 持續=63ms 峰值=672 ✓ 🎯 敲擊 #1
[tap][dim]   [18:05:58.210] 持續=36ms 峰值=321 ✗弱
[tap][dim]   [18:06:00.153] 持續=27ms 峰值=562 ✗弱
[tap]         ⏱️ 間隔過長重置（2043ms）
[tap][sample][18:06:00.189] 持續=36ms 峰值=663 ✓ 🎯 敲擊 #1
[tap]        [18:06:41.991] 💤 敲麥監聽已停止
[recorder][18:06:41] 💤 預熱 stream 已關閉
[0m