[main] LOG -> F:\Cursor\AI Whisper Next\logs\ai_whisper_20260519_001808.current.log
[settings] config loaded from F:\Cursor\AI Whisper Next\config.json
[main][00:18:08.783] ✅ 快捷鍵 ctrl+f11（句號）、ctrl+f12（逗號）已註冊
[main][00:18:08.784] ✅ 主快捷鍵 2/2 已註冊 (Win32)
[main][00:18:08.784] ✅ 記憶快捷鍵 5/5 已註冊 (Win32)
[tap]        [00:18:08.801] 🎙️ 敲麥監聽已啟動
[main][00:18:09.228] ⌨️ 主快捷鍵觸發（Win32/逗號），keys=async_down=Ctrl,RCtrl; logical_down=Ctrl,RCtrl
[main][00:18:09.247] ⌨️ after(0) 執行延遲 19.3ms
[tap]        [00:18:09.441] 💤 敲麥監聽已停止
[recorder][00:18:09] ⏱️ InputStream() 9.5ms
[recorder][00:18:09] ⏱️ stream.start() 1.2ms
[recorder][00:18:09] 🎙️ 錄音就緒，總初始化 10.7ms
[main][00:18:09.454] ⏱️ recorder.start() 耗時 11.0ms，ok=True
[tap]        [00:18:10.028] 🎙️ 敲麥監聽已啟動
[main][00:18:10.033] 🎙️ 開始錄音
[recorder][00:18:10] 🎤 第一包音訊到達，麥克風實際開啟延遲 773.5ms
[recorder][VAD] 載入 Silero VAD 模型...
[transcriber][00:18:11.086] 🔌 HTTP 連線預熱完成 (2.28s)
Using cache found in C:\Users\Administrator/.cache\torch\hub\snakers4_silero-vad_master
[recorder][VAD] Silero VAD 模型載入完成
[recorder][flush] 段落太短 (0.21s)，略過
[recorder][VAD] Silero 語音幀 0/32 (0.0%)，有效語音 0.00s，信心閾值 0.6，最低比例 16%，最低語音 0.35s
[recorder][flush] ❌ VAD 未達有效語音門檻，略過（語音比例不足 0.0% < 16%）
[recorder][VAD] Silero 語音幀 0/38 (0.0%)，有效語音 0.00s，信心閾值 0.6，最低比例 16%，最低語音 0.35s
[recorder][flush] ❌ VAD 未達有效語音門檻，略過（語音比例不足 0.0% < 16%）
[recorder][VAD] Silero 語音幀 0/37 (0.0%)，有效語音 0.00s，信心閾值 0.6，最低比例 16%，最低語音 0.35s
[recorder][flush] ❌ VAD 未達有效語音門檻，略過（語音比例不足 0.0% < 16%）
[recorder][VAD] Silero 語音幀 0/38 (0.0%)，有效語音 0.00s，信心閾值 0.6，最低比例 16%，最低語音 0.35s
[recorder][flush] ❌ VAD 未達有效語音門檻，略過（語音比例不足 0.0% < 16%）
[recorder][VAD] Silero 語音幀 0/32 (0.0%)，有效語音 0.00s，信心閾值 0.6，最低比例 16%，最低語音 0.35s
[recorder][flush] ❌ VAD 未達有效語音門檻，略過（語音比例不足 0.0% < 16%）
[recorder][VAD] Silero 語音幀 0/37 (0.0%)，有效語音 0.00s，信心閾值 0.6，最低比例 16%，最低語音 0.35s
[recorder][flush] ❌ VAD 未達有效語音門檻，略過（語音比例不足 0.0% < 16%）
[recorder][VAD] Silero 語音幀 0/38 (0.0%)，有效語音 0.00s，信心閾值 0.6，最低比例 16%，最低語音 0.35s
[recorder][flush] ❌ VAD 未達有效語音門檻，略過（語音比例不足 0.0% < 16%）
[recorder][VAD] Silero 語音幀 0/31 (0.0%)，有效語音 0.00s，信心閾值 0.6，最低比例 16%，最低語音 0.35s
[recorder][flush] ❌ VAD 未達有效語音門檻，略過（語音比例不足 0.0% < 16%）
[recorder][VAD] Silero 語音幀 0/31 (0.0%)，有效語音 0.00s，信心閾值 0.6，最低比例 16%，最低語音 0.35s
[recorder][flush] ❌ VAD 未達有效語音門檻，略過（語音比例不足 0.0% < 16%）
[recorder][VAD] Silero 語音幀 0/38 (0.0%)，有效語音 0.00s，信心閾值 0.6，最低比例 16%，最低語音 0.35s
[recorder][flush] ❌ VAD 未達有效語音門檻，略過（語音比例不足 0.0% < 16%）
[recorder][VAD] Silero 語音幀 0/31 (0.0%)，有效語音 0.00s，信心閾值 0.6，最低比例 16%，最低語音 0.35s
[recorder][flush] ❌ VAD 未達有效語音門檻，略過（語音比例不足 0.0% < 16%）
[recorder][VAD] Silero 語音幀 0/38 (0.0%)，有效語音 0.00s，信心閾值 0.6，最低比例 16%，最低語音 0.35s
[recorder][flush] ❌ VAD 未達有效語音門檻，略過（語音比例不足 0.0% < 16%）
[recorder][VAD] Silero 語音幀 0/38 (0.0%)，有效語音 0.00s，信心閾值 0.6，最低比例 16%，最低語音 0.35s
[recorder][flush] ❌ VAD 未達有效語音門檻，略過（語音比例不足 0.0% < 16%）
[recorder][VAD] Silero 語音幀 0/38 (0.0%)，有效語音 0.00s，信心閾值 0.6，最低比例 16%，最低語音 0.35s
[recorder][flush] ❌ VAD 未達有效語音門檻，略過（語音比例不足 0.0% < 16%）
[recorder][VAD] Silero 語音幀 0/31 (0.0%)，有效語音 0.00s，信心閾值 0.6，最低比例 16%，最低語音 0.35s
[recorder][flush] ❌ VAD 未達有效語音門檻，略過（語音比例不足 0.0% < 16%）
[recorder][VAD] Silero 語音幀 0/31 (0.0%)，有效語音 0.00s，信心閾值 0.6，最低比例 16%，最低語音 0.35s
[recorder][flush] ❌ VAD 未達有效語音門檻，略過（語音比例不足 0.0% < 16%）
[recorder][VAD] Silero 語音幀 0/38 (0.0%)，有效語音 0.00s，信心閾值 0.6，最低比例 16%，最低語音 0.35s
[recorder][flush] ❌ VAD 未達有效語音門檻，略過（語音比例不足 0.0% < 16%）
[recorder][VAD] Silero 語音幀 0/31 (0.0%)，有效語音 0.00s，信心閾值 0.6，最低比例 16%，最低語音 0.35s
[recorder][flush] ❌ VAD 未達有效語音門檻，略過（語音比例不足 0.0% < 16%）
[recorder][VAD] Silero 語音幀 0/31 (0.0%)，有效語音 0.00s，信心閾值 0.6，最低比例 16%，最低語音 0.35s
[recorder][flush] ❌ VAD 未達有效語音門檻，略過（語音比例不足 0.0% < 16%）
[recorder][VAD] Silero 語音幀 0/31 (0.0%)，有效語音 0.00s，信心閾值 0.6，最低比例 16%，最低語音 0.35s
[recorder][flush] ❌ VAD 未達有效語音門檻，略過（語音比例不足 0.0% < 16%）
[recorder][VAD] Silero 語音幀 0/31 (0.0%)，有效語音 0.00s，信心閾值 0.6，最低比例 16%，最低語音 0.35s
[recorder][flush] ❌ VAD 未達有效語音門檻，略過（語音比例不足 0.0% < 16%）
[recorder][VAD] Silero 語音幀 0/38 (0.0%)，有效語音 0.00s，信心閾值 0.6，最低比例 16%，最低語音 0.35s
[recorder][flush] ❌ VAD 未達有效語音門檻，略過（語音比例不足 0.0% < 16%）
[recorder][VAD] Silero 語音幀 0/38 (0.0%)，有效語音 0.00s，信心閾值 0.6，最低比例 16%，最低語音 0.35s
[recorder][flush] ❌ VAD 未達有效語音門檻，略過（語音比例不足 0.0% < 16%）
[recorder][VAD] Silero 語音幀 0/31 (0.0%)，有效語音 0.00s，信心閾值 0.6，最低比例 16%，最低語音 0.35s
[recorder][flush] ❌ VAD 未達有效語音門檻，略過（語音比例不足 0.0% < 16%）
[recorder][VAD] Silero 語音幀 0/31 (0.0%)，有效語音 0.00s，信心閾值 0.6，最低比例 16%，最低語音 0.35s
[recorder][flush] ❌ VAD 未達有效語音門檻，略過（語音比例不足 0.0% < 16%）
[recorder][VAD] Silero 語音幀 0/38 (0.0%)，有效語音 0.00s，信心閾值 0.6，最低比例 16%，最低語音 0.35s
[recorder][flush] ❌ VAD 未達有效語音門檻，略過（語音比例不足 0.0% < 16%）
[recorder][VAD] Silero 語音幀 0/31 (0.0%)，有效語音 0.00s，信心閾值 0.6，最低比例 16%，最低語音 0.35s
[recorder][flush] ❌ VAD 未達有效語音門檻，略過（語音比例不足 0.0% < 16%）
[recorder][VAD] Silero 語音幀 0/31 (0.0%)，有效語音 0.00s，信心閾值 0.6，最低比例 16%，最低語音 0.35s
[recorder][flush] ❌ VAD 未達有效語音門檻，略過（語音比例不足 0.0% < 16%）
[recorder][VAD] Silero 語音幀 0/31 (0.0%)，有效語音 0.00s，信心閾值 0.6，最低比例 16%，最低語音 0.35s
[recorder][flush] ❌ VAD 未達有效語音門檻，略過（語音比例不足 0.0% < 16%）
[recorder][VAD] Silero 語音幀 0/31 (0.0%)，有效語音 0.00s，信心閾值 0.6，最低比例 16%，最低語音 0.35s
[recorder][flush] ❌ VAD 未達有效語音門檻，略過（語音比例不足 0.0% < 16%）
[recorder][VAD] Silero 語音幀 0/31 (0.0%)，有效語音 0.00s，信心閾值 0.6，最低比例 16%，最低語音 0.35s
[recorder][flush] ❌ VAD 未達有效語音門檻，略過（語音比例不足 0.0% < 16%）
[recorder][VAD] Silero 語音幀 0/38 (0.0%)，有效語音 0.00s，信心閾值 0.6，最低比例 16%，最低語音 0.35s
[recorder][flush] ❌ VAD 未達有效語音門檻，略過（語音比例不足 0.0% < 16%）
[recorder][VAD] Silero 語音幀 0/31 (0.0%)，有效語音 0.00s，信心閾值 0.6，最低比例 16%，最低語音 0.35s
[recorder][flush] ❌ VAD 未達有效語音門檻，略過（語音比例不足 0.0% < 16%）
[recorder][VAD] Silero 語音幀 0/31 (0.0%)，有效語音 0.00s，信心閾值 0.6，最低比例 16%，最低語音 0.35s
[recorder][flush] ❌ VAD 未達有效語音門檻，略過（語音比例不足 0.0% < 16%）
[recorder][VAD] Silero 語音幀 0/38 (0.0%)，有效語音 0.00s，信心閾值 0.6，最低比例 16%，最低語音 0.35s
[recorder][flush] ❌ VAD 未達有效語音門檻，略過（語音比例不足 0.0% < 16%）
[recorder][VAD] Silero 語音幀 0/31 (0.0%)，有效語音 0.00s，信心閾值 0.6，最低比例 16%，最低語音 0.35s
[recorder][flush] ❌ VAD 未達有效語音門檻，略過（語音比例不足 0.0% < 16%）
[recorder][VAD] Silero 語音幀 0/38 (0.0%)，有效語音 0.00s，信心閾值 0.6，最低比例 16%，最低語音 0.35s
[recorder][flush] ❌ VAD 未達有效語音門檻，略過（語音比例不足 0.0% < 16%）
[recorder][VAD] Silero 語音幀 0/38 (0.0%)，有效語音 0.00s，信心閾值 0.6，最低比例 16%，最低語音 0.35s
[recorder][flush] ❌ VAD 未達有效語音門檻，略過（語音比例不足 0.0% < 16%）
[recorder][VAD] Silero 語音幀 0/31 (0.0%)，有效語音 0.00s，信心閾值 0.6，最低比例 16%，最低語音 0.35s
[recorder][flush] ❌ VAD 未達有效語音門檻，略過（語音比例不足 0.0% < 16%）
[recorder][VAD] Silero 語音幀 0/31 (0.0%)，有效語音 0.00s，信心閾值 0.6，最低比例 16%，最低語音 0.35s
[recorder][flush] ❌ VAD 未達有效語音門檻，略過（語音比例不足 0.0% < 16%）
[recorder][VAD] Silero 語音幀 0/31 (0.0%)，有效語音 0.00s，信心閾值 0.6，最低比例 16%，最低語音 0.35s
[recorder][flush] ❌ VAD 未達有效語音門檻，略過（語音比例不足 0.0% < 16%）
[recorder][VAD] Silero 語音幀 0/31 (0.0%)，有效語音 0.00s，信心閾值 0.6，最低比例 16%，最低語音 0.35s
[recorder][flush] ❌ VAD 未達有效語音門檻，略過（語音比例不足 0.0% < 16%）
[recorder][VAD] Silero 語音幀 0/31 (0.0%)，有效語音 0.00s，信心閾值 0.6，最低比例 16%，最低語音 0.35s
[recorder][flush] ❌ VAD 未達有效語音門檻，略過（語音比例不足 0.0% < 16%）
[recorder][VAD] Silero 語音幀 0/31 (0.0%)，有效語音 0.00s，信心閾值 0.6，最低比例 16%，最低語音 0.35s
[recorder][flush] ❌ VAD 未達有效語音門檻，略過（語音比例不足 0.0% < 16%）
[recorder][VAD] Silero 語音幀 0/38 (0.0%)，有效語音 0.00s，信心閾值 0.6，最低比例 16%，最低語音 0.35s
[recorder][flush] ❌ VAD 未達有效語音門檻，略過（語音比例不足 0.0% < 16%）
[recorder][VAD] Silero 語音幀 0/31 (0.0%)，有效語音 0.00s，信心閾值 0.6，最低比例 16%，最低語音 0.35s
[recorder][flush] ❌ VAD 未達有效語音門檻，略過（語音比例不足 0.0% < 16%）
[recorder][VAD] Silero 語音幀 0/31 (0.0%)，有效語音 0.00s，信心閾值 0.6，最低比例 16%，最低語音 0.35s
[recorder][flush] ❌ VAD 未達有效語音門檻，略過（語音比例不足 0.0% < 16%）
[recorder][VAD] Silero 語音幀 0/38 (0.0%)，有效語音 0.00s，信心閾值 0.6，最低比例 16%，最低語音 0.35s
[recorder][flush] ❌ VAD 未達有效語音門檻，略過（語音比例不足 0.0% < 16%）
[recorder][VAD] Silero 語音幀 0/38 (0.0%)，有效語音 0.00s，信心閾值 0.6，最低比例 16%，最低語音 0.35s
[recorder][flush] ❌ VAD 未達有效語音門檻，略過（語音比例不足 0.0% < 16%）
[recorder][VAD] Silero 語音幀 0/37 (0.0%)，有效語音 0.00s，信心閾值 0.6，最低比例 16%，最低語音 0.35s
[recorder][flush] ❌ VAD 未達有效語音門檻，略過（語音比例不足 0.0% < 16%）
[recorder][VAD] Silero 語音幀 0/32 (0.0%)，有效語音 0.00s，信心閾值 0.6，最低比例 16%，最低語音 0.35s
[recorder][flush] ❌ VAD 未達有效語音門檻，略過（語音比例不足 0.0% < 16%）
[recorder][VAD] Silero 語音幀 0/31 (0.0%)，有效語音 0.00s，信心閾值 0.6，最低比例 16%，最低語音 0.35s
[recorder][flush] ❌ VAD 未達有效語音門檻，略過（語音比例不足 0.0% < 16%）
[recorder][VAD] Silero 語音幀 0/31 (0.0%)，有效語音 0.00s，信心閾值 0.6，最低比例 16%，最低語音 0.35s
[recorder][flush] ❌ VAD 未達有效語音門檻，略過（語音比例不足 0.0% < 16%）
[recorder][VAD] Silero 語音幀 0/31 (0.0%)，有效語音 0.00s，信心閾值 0.6，最低比例 16%，最低語音 0.35s
[recorder][flush] ❌ VAD 未達有效語音門檻，略過（語音比例不足 0.0% < 16%）
[recorder][VAD] Silero 語音幀 0/31 (0.0%)，有效語音 0.00s，信心閾值 0.6，最低比例 16%，最低語音 0.35s
[recorder][flush] ❌ VAD 未達有效語音門檻，略過（語音比例不足 0.0% < 16%）
[recorder][VAD] Silero 語音幀 0/31 (0.0%)，有效語音 0.00s，信心閾值 0.6，最低比例 16%，最低語音 0.35s
[recorder][flush] ❌ VAD 未達有效語音門檻，略過（語音比例不足 0.0% < 16%）
[recorder][VAD] Silero 語音幀 0/38 (0.0%)，有效語音 0.00s，信心閾值 0.6，最低比例 16%，最低語音 0.35s
[recorder][flush] ❌ VAD 未達有效語音門檻，略過（語音比例不足 0.0% < 16%）
[recorder][VAD] Silero 語音幀 0/38 (0.0%)，有效語音 0.00s，信心閾值 0.6，最低比例 16%，最低語音 0.35s
[recorder][flush] ❌ VAD 未達有效語音門檻，略過（語音比例不足 0.0% < 16%）
[recorder][VAD] Silero 語音幀 0/31 (0.0%)，有效語音 0.00s，信心閾值 0.6，最低比例 16%，最低語音 0.35s
[recorder][flush] ❌ VAD 未達有效語音門檻，略過（語音比例不足 0.0% < 16%）
[recorder][VAD] Silero 語音幀 0/31 (0.0%)，有效語音 0.00s，信心閾值 0.6，最低比例 16%，最低語音 0.35s
[recorder][flush] ❌ VAD 未達有效語音門檻，略過（語音比例不足 0.0% < 16%）
[recorder][VAD] Silero 語音幀 0/31 (0.0%)，有效語音 0.00s，信心閾值 0.6，最低比例 16%，最低語音 0.35s
[recorder][flush] ❌ VAD 未達有效語音門檻，略過（語音比例不足 0.0% < 16%）
[recorder][VAD] Silero 語音幀 0/31 (0.0%)，有效語音 0.00s，信心閾值 0.6，最低比例 16%，最低語音 0.35s
[recorder][flush] ❌ VAD 未達有效語音門檻，略過（語音比例不足 0.0% < 16%）
[recorder][VAD] Silero 語音幀 0/31 (0.0%)，有效語音 0.00s，信心閾值 0.6，最低比例 16%，最低語音 0.35s
[recorder][flush] ❌ VAD 未達有效語音門檻，略過（語音比例不足 0.0% < 16%）
[recorder][VAD] Silero 語音幀 0/38 (0.0%)，有效語音 0.00s，信心閾值 0.6，最低比例 16%，最低語音 0.35s
[recorder][flush] ❌ VAD 未達有效語音門檻，略過（語音比例不足 0.0% < 16%）
[recorder][VAD] Silero 語音幀 0/31 (0.0%)，有效語音 0.00s，信心閾值 0.6，最低比例 16%，最低語音 0.35s
[recorder][flush] ❌ VAD 未達有效語音門檻，略過（語音比例不足 0.0% < 16%）
[recorder][VAD] Silero 語音幀 0/31 (0.0%)，有效語音 0.00s，信心閾值 0.6，最低比例 16%，最低語音 0.35s
[recorder][flush] ❌ VAD 未達有效語音門檻，略過（語音比例不足 0.0% < 16%）
[recorder][VAD] Silero 語音幀 0/31 (0.0%)，有效語音 0.00s，信心閾值 0.6，最低比例 16%，最低語音 0.35s
[recorder][flush] ❌ VAD 未達有效語音門檻，略過（語音比例不足 0.0% < 16%）
[recorder][VAD] Silero 語音幀 0/31 (0.0%)，有效語音 0.00s，信心閾值 0.6，最低比例 16%，最低語音 0.35s
[recorder][flush] ❌ VAD 未達有效語音門檻，略過（語音比例不足 0.0% < 16%）
[recorder][VAD] Silero 語音幀 0/31 (0.0%)，有效語音 0.00s，信心閾值 0.6，最低比例 16%，最低語音 0.35s
[recorder][flush] ❌ VAD 未達有效語音門檻，略過（語音比例不足 0.0% < 16%）
[recorder][VAD] Silero 語音幀 0/31 (0.0%)，有效語音 0.00s，信心閾值 0.6，最低比例 16%，最低語音 0.35s
[recorder][flush] ❌ VAD 未達有效語音門檻，略過（語音比例不足 0.0% < 16%）
[recorder][VAD] Silero 語音幀 0/38 (0.0%)，有效語音 0.00s，信心閾值 0.6，最低比例 16%，最低語音 0.35s
[recorder][flush] ❌ VAD 未達有效語音門檻，略過（語音比例不足 0.0% < 16%）
[recorder][VAD] Silero 語音幀 0/38 (0.0%)，有效語音 0.00s，信心閾值 0.6，最低比例 16%，最低語音 0.35s
[recorder][flush] ❌ VAD 未達有效語音門檻，略過（語音比例不足 0.0% < 16%）
[recorder][VAD] Silero 語音幀 0/38 (0.0%)，有效語音 0.00s，信心閾值 0.6，最低比例 16%，最低語音 0.35s
[recorder][flush] ❌ VAD 未達有效語音門檻，略過（語音比例不足 0.0% < 16%）
[recorder][VAD] Silero 語音幀 0/31 (0.0%)，有效語音 0.00s，信心閾值 0.6，最低比例 16%，最低語音 0.35s
[recorder][flush] ❌ VAD 未達有效語音門檻，略過（語音比例不足 0.0% < 16%）
[recorder][VAD] Silero 語音幀 0/31 (0.0%)，有效語音 0.00s，信心閾值 0.6，最低比例 16%，最低語音 0.35s
[recorder][flush] ❌ VAD 未達有效語音門檻，略過（語音比例不足 0.0% < 16%）
[recorder][VAD] Silero 語音幀 0/38 (0.0%)，有效語音 0.00s，信心閾值 0.6，最低比例 16%，最低語音 0.35s
[recorder][flush] ❌ VAD 未達有效語音門檻，略過（語音比例不足 0.0% < 16%）
[recorder][VAD] Silero 語音幀 0/31 (0.0%)，有效語音 0.00s，信心閾值 0.6，最低比例 16%，最低語音 0.35s
[recorder][flush] ❌ VAD 未達有效語音門檻，略過（語音比例不足 0.0% < 16%）
[recorder][VAD] Silero 語音幀 0/31 (0.0%)，有效語音 0.00s，信心閾值 0.6，最低比例 16%，最低語音 0.35s
[recorder][flush] ❌ VAD 未達有效語音門檻，略過（語音比例不足 0.0% < 16%）
[recorder][VAD] Silero 語音幀 0/31 (0.0%)，有效語音 0.00s，信心閾值 0.6，最低比例 16%，最低語音 0.35s
[recorder][flush] ❌ VAD 未達有效語音門檻，略過（語音比例不足 0.0% < 16%）
[recorder][VAD] Silero 語音幀 0/31 (0.0%)，有效語音 0.00s，信心閾值 0.6，最低比例 16%，最低語音 0.35s
[recorder][flush] ❌ VAD 未達有效語音門檻，略過（語音比例不足 0.0% < 16%）
[recorder][VAD] Silero 語音幀 0/31 (0.0%)，有效語音 0.00s，信心閾值 0.6，最低比例 16%，最低語音 0.35s
[recorder][flush] ❌ VAD 未達有效語音門檻，略過（語音比例不足 0.0% < 16%）
[recorder][VAD] Silero 語音幀 0/38 (0.0%)，有效語音 0.00s，信心閾值 0.6，最低比例 16%，最低語音 0.35s
[recorder][flush] ❌ VAD 未達有效語音門檻，略過（語音比例不足 0.0% < 16%）
[recorder][VAD] Silero 語音幀 0/31 (0.0%)，有效語音 0.00s，信心閾值 0.6，最低比例 16%，最低語音 0.35s
[recorder][flush] ❌ VAD 未達有效語音門檻，略過（語音比例不足 0.0% < 16%）
[recorder][VAD] Silero 語音幀 0/38 (0.0%)，有效語音 0.00s，信心閾值 0.6，最低比例 16%，最低語音 0.35s
[recorder][flush] ❌ VAD 未達有效語音門檻，略過（語音比例不足 0.0% < 16%）
[recorder][VAD] Silero 語音幀 0/38 (0.0%)，有效語音 0.00s，信心閾值 0.6，最低比例 16%，最低語音 0.35s
[recorder][flush] ❌ VAD 未達有效語音門檻，略過（語音比例不足 0.0% < 16%）
[recorder][VAD] Silero 語音幀 0/31 (0.0%)，有效語音 0.00s，信心閾值 0.6，最低比例 16%，最低語音 0.35s
[recorder][flush] ❌ VAD 未達有效語音門檻，略過（語音比例不足 0.0% < 16%）
[recorder][VAD] Silero 語音幀 0/31 (0.0%)，有效語音 0.00s，信心閾值 0.6，最低比例 16%，最低語音 0.35s
[recorder][flush] ❌ VAD 未達有效語音門檻，略過（語音比例不足 0.0% < 16%）
[recorder][VAD] Silero 語音幀 0/31 (0.0%)，有效語音 0.00s，信心閾值 0.6，最低比例 16%，最低語音 0.35s
[recorder][flush] ❌ VAD 未達有效語音門檻，略過（語音比例不足 0.0% < 16%）
[recorder][VAD] Silero 語音幀 0/38 (0.0%)，有效語音 0.00s，信心閾值 0.6，最低比例 16%，最低語音 0.35s
[recorder][flush] ❌ VAD 未達有效語音門檻，略過（語音比例不足 0.0% < 16%）
[recorder][VAD] Silero 語音幀 0/38 (0.0%)，有效語音 0.00s，信心閾值 0.6，最低比例 16%，最低語音 0.35s
[recorder][flush] ❌ VAD 未達有效語音門檻，略過（語音比例不足 0.0% < 16%）
[recorder][VAD] Silero 語音幀 0/31 (0.0%)，有效語音 0.00s，信心閾值 0.6，最低比例 16%，最低語音 0.35s
[recorder][flush] ❌ VAD 未達有效語音門檻，略過（語音比例不足 0.0% < 16%）
[recorder][VAD] Silero 語音幀 0/31 (0.0%)，有效語音 0.00s，信心閾值 0.6，最低比例 16%，最低語音 0.35s
[recorder][flush] ❌ VAD 未達有效語音門檻，略過（語音比例不足 0.0% < 16%）
[recorder][VAD] Silero 語音幀 0/38 (0.0%)，有效語音 0.00s，信心閾值 0.6，最低比例 16%，最低語音 0.35s
[recorder][flush] ❌ VAD 未達有效語音門檻，略過（語音比例不足 0.0% < 16%）
[recorder][VAD] Silero 語音幀 0/31 (0.0%)，有效語音 0.00s，信心閾值 0.6，最低比例 16%，最低語音 0.35s
[recorder][flush] ❌ VAD 未達有效語音門檻，略過（語音比例不足 0.0% < 16%）
[recorder][VAD] Silero 語音幀 0/31 (0.0%)，有效語音 0.00s，信心閾值 0.6，最低比例 16%，最低語音 0.35s
[recorder][flush] ❌ VAD 未達有效語音門檻，略過（語音比例不足 0.0% < 16%）
[recorder][VAD] Silero 語音幀 0/31 (0.0%)，有效語音 0.00s，信心閾值 0.6，最低比例 16%，最低語音 0.35s
[recorder][flush] ❌ VAD 未達有效語音門檻，略過（語音比例不足 0.0% < 16%）
[recorder][VAD] Silero 語音幀 0/38 (0.0%)，有效語音 0.00s，信心閾值 0.6，最低比例 16%，最低語音 0.35s
[recorder][flush] ❌ VAD 未達有效語音門檻，略過（語音比例不足 0.0% < 16%）
[recorder][VAD] Silero 語音幀 0/31 (0.0%)，有效語音 0.00s，信心閾值 0.6，最低比例 16%，最低語音 0.35s
[recorder][flush] ❌ VAD 未達有效語音門檻，略過（語音比例不足 0.0% < 16%）
[recorder][VAD] Silero 語音幀 0/31 (0.0%)，有效語音 0.00s，信心閾值 0.6，最低比例 16%，最低語音 0.35s
[recorder][flush] ❌ VAD 未達有效語音門檻，略過（語音比例不足 0.0% < 16%）
[recorder][VAD] Silero 語音幀 0/38 (0.0%)，有效語音 0.00s，信心閾值 0.6，最低比例 16%，最低語音 0.35s
[recorder][flush] ❌ VAD 未達有效語音門檻，略過（語音比例不足 0.0% < 16%）
[recorder][VAD] Silero 語音幀 0/31 (0.0%)，有效語音 0.00s，信心閾值 0.6，最低比例 16%，最低語音 0.35s
[recorder][flush] ❌ VAD 未達有效語音門檻，略過（語音比例不足 0.0% < 16%）
[tap]        [00:20:01.304] 💤 敲麥監聽已停止
[recorder][00:20:01] 💤 預熱 stream 已關閉
