[main] LOG -> F:\Cursor\AI Whisper Next\ai_whisper_20260516_013227.log
[settings] config loaded from F:\Cursor\AI Whisper Next\config.json
[main][01:32:27.391] ✅ 快捷鍵 ctrl+f12（句號）、ctrl+f11（逗號）已註冊
[main][01:32:27.392] ✅ 記憶快捷鍵 5/5 已註冊 (Win32)
[tap]         🎙️ 敲麥監聽已啟動
[recorder][VAD] 載入 Silero VAD 模型...
Using cache found in C:\Users\Administrator/.cache\torch\hub\snakers4_silero-vad_master
[recorder][VAD] ⚠️ Silero VAD 載入失敗，使用 RMS 備援: No module named 'torchaudio'
[tap][sample][01:32:39.412] 持續=63ms 峰值=8873 ✓ 🎯 敲擊 #1
[tap][sample][01:32:39.474] 持續=36ms 峰值=951 ✓ ⏱️ 防抖略過（距上次 90ms < 180ms）
[tap][sample][01:32:39.673] 持續=135ms 峰值=7582 ✗長
[tap][sample][01:32:39.799] 持續=63ms 峰值=10418 ✓ 🎯 敲擊 #2
[tap][dim]   [01:32:39.890] 持續=54ms 峰值=447 ✗弱
[tap]         ⏱️ 間隔過長重置（1242ms）
[tap][sample][01:32:41.113] 持續=135ms 峰值=11427 ✓ 🎯 敲擊 #1
[tap][sample][01:32:41.302] 持續=125ms 峰值=11963 ✓ 🎯 敲擊 #2
[tap][sample][01:32:41.428] 持續=63ms 峰值=10099 ✓ 🎯 敲擊 #3
[tap]        [01:32:41.428] 🔔 三連敲觸發（間隔 199ms / 188ms，一致性 0.95）
[recorder][01:32:41] ⏱️ InputStream() 6.7ms
[recorder][01:32:41] ⏱️ stream.start() 0.5ms
[recorder][01:32:41] 🎙️ 錄音就緒，總初始化 7.2ms
[main][01:32:41.437] ⏱️ recorder.start() 耗時 7.6ms，ok=True
[main][01:32:41.444] 🎙️ 開始錄音
[recorder][01:32:41] 🎤 第一包音訊到達，麥克風實際開啟延遲 27.0ms
[tap][sample][01:32:41.491] 持續=28ms 峰值=8385 ✓ 🎯 敲擊 #1
[tap][dim]   [01:32:41.518] 持續=26ms 峰值=345 ✗弱
[recorder][VAD] RMS 語音幀 1/39 (2.6%)，有效語音 0.03s，閾值 450，最低比例 16%，最低語音 0.35s
[recorder][flush] ❌ VAD 未達有效語音門檻，略過（語音比例不足 2.6% < 16%）
[tap][sample][01:32:43.894] 持續=1125ms 峰值=10311 ✗長
[tap][sample][01:32:44.083] 持續=162ms 峰值=5624 ✗長
[tap][dim]   [01:32:44.155] 持續=72ms 峰值=557 ✗弱
[tap][sample][01:32:44.479] 持續=234ms 峰值=4804 ✗長
[tap][dim]   [01:32:44.506] 持續=27ms 峰值=564 ✗弱
[tap][sample][01:32:44.956] 持續=387ms 峰值=3917 ✗長
[tap][dim]   [01:32:44.983] 持續=27ms 峰值=385 ✗弱
[recorder][VAD] RMS 語音幀 64/116 (55.2%)，有效語音 1.92s，閾值 450，最低比例 16%，最低語音 0.35s
[recorder][flush] ✅ 取出 3.5s 音訊段落
[main][01:32:46.110] ✂️ 自動分段送出（靜音達1s，累積 3.5s，靜音 1.2s）
[paster][01:32:46] 📏 [UIA] text='ctrl esc to focus or', text_after='', at_end=True, last_punct=False
[paster][01:32:46] 🔮 預取游標位置: at_end=True, last_punct=False (delay=0.15s, est_api=0.60s)
[recorder][VAD] RMS 語音幀 0/39 (0.0%)，有效語音 0.00s，閾值 450，最低比例 16%，最低語音 0.35s
[recorder][flush] ❌ VAD 未達有效語音門檻，略過（語音比例不足 0.0% < 16%）
[recorder][VAD] RMS 語音幀 0/34 (0.0%)，有效語音 0.00s，閾值 450，最低比例 16%，最低語音 0.35s
[recorder][flush] ❌ VAD 未達有效語音門檻，略過（語音比例不足 0.0% < 16%）
[main][01:32:48.611] ⚠️ API 超過 2.5s 未回應，重試中…
[transcriber][01:32:49.311] ⏱️ API 耗時: 3.01s
[main][01:32:49.311] ✅ 分段辨識完成: "掃的時間點太早了"
[paster][01:32:49] 🎯 PASTE: at_end=True, last_punct=False, add_prefix=True (prefetched), prefix='。', final='掃的時間點太早了'
[paster][01:32:49] 📋 CLIP flow start: target_chars=9, restore_delay=0.30s
[paster][01:32:49] 📋 CLIP backup: count=7, formats=49367:1295B, 13:64B, 50188:24B, 50131:12B, 16:4B, 1:60B, 7:60B, text='還是沒成功，你沒辦法透過某種API取得系'
[paster][01:32:49] 📋 CLIP set attempt 1/4: chars=9, bytes=20, preview='。掃的時間點太早了'
[paster][01:32:50] 📋 CLIP verify ok: attempt=1, chars=9, text='。掃的時間點太早了'
[paster][01:32:50] ⌨️ Ctrl+V 準備送出，cb_ok=True，視窗="Fix system tray icon res… - AI Whisper Next - Cursor [系統管理員]"，hwnd=0x00101060，keys_before=async_down=none; logical_down=none，text='。掃的時間點太早了'
[paster][01:32:50] ⌨️ 貼上前釋放修飾鍵: released=none，restore_later=none，keys_after_release=async_down=none; logical_down=none
[paster][01:32:50] ⌨️ Ctrl+V 已送出，keys_after_send=async_down=none; logical_down=none
[paster][01:32:50] 🚫 CLIP guard armed: manual Ctrl+V suppressed
[paster][01:32:50] ⏱️ 收到→貼上完成: 0.81s
[paster][01:32:50] 📋 CLIP restore wait: 0.30s
[transcriber][01:32:50.194] ⏱️ API 耗時: 1.45s
[paster][01:32:50] 📋 CLIP restore attempt 1/4: text='還是沒成功，你沒辦法透過某種API取得系'
[paster][01:32:50] 📋 CLIP restore: restored=7/7, formats=49367:1295B, 13:64B, 50188:24B, 50131:12B, 16:4B, 1:60B, 7:60B, text='還是沒成功，你沒辦法透過某種API取得系'
[paster][01:32:50] 📋 CLIP restore verify ok: attempt=1, text='還是沒成功，你沒辦法透過某種API取得系'
[paster][01:32:50] 🚫 CLIP guard disarmed: blocked=0
[recorder][VAD] RMS 語音幀 0/37 (0.0%)，有效語音 0.00s，閾值 450，最低比例 16%，最低語音 0.35s
[recorder][flush] ❌ VAD 未達有效語音門檻，略過（語音比例不足 0.0% < 16%）
[recorder][VAD] RMS 語音幀 0/33 (0.0%)，有效語音 0.00s，閾值 450，最低比例 16%，最低語音 0.35s
[recorder][flush] ❌ VAD 未達有效語音門檻，略過（語音比例不足 0.0% < 16%）
[paster][01:32:52] 📋 CLIP watchdog done: checks=11, repairs=0, ok=True, final='還是沒成功，你沒辦法透過某種API取得系'
[paster][01:32:52] 📋 剪貼簿已還原驗證（7 種格式，restore_ok=True, watch_ok=True）
[recorder][VAD] RMS 語音幀 0/33 (0.0%)，有效語音 0.00s，閾值 450，最低比例 16%，最低語音 0.35s
[recorder][flush] ❌ VAD 未達有效語音門檻，略過（語音比例不足 0.0% < 16%）
[recorder][VAD] RMS 語音幀 0/33 (0.0%)，有效語音 0.00s，閾值 450，最低比例 16%，最低語音 0.35s
[recorder][flush] ❌ VAD 未達有效語音門檻，略過（語音比例不足 0.0% < 16%）
[recorder][VAD] RMS 語音幀 0/40 (0.0%)，有效語音 0.00s，閾值 450，最低比例 16%，最低語音 0.35s
[recorder][flush] ❌ VAD 未達有效語音門檻，略過（語音比例不足 0.0% < 16%）
[recorder][VAD] RMS 語音幀 0/33 (0.0%)，有效語音 0.00s，閾值 450，最低比例 16%，最低語音 0.35s
[recorder][flush] ❌ VAD 未達有效語音門檻，略過（語音比例不足 0.0% < 16%）
[recorder][VAD] RMS 語音幀 0/33 (0.0%)，有效語音 0.00s，閾值 450，最低比例 16%，最低語音 0.35s
[recorder][flush] ❌ VAD 未達有效語音門檻，略過（語音比例不足 0.0% < 16%）
[recorder][VAD] RMS 語音幀 0/33 (0.0%)，有效語音 0.00s，閾值 450，最低比例 16%，最低語音 0.35s
[recorder][flush] ❌ VAD 未達有效語音門檻，略過（語音比例不足 0.0% < 16%）
[recorder][VAD] RMS 語音幀 0/33 (0.0%)，有效語音 0.00s，閾值 450，最低比例 16%，最低語音 0.35s
[recorder][flush] ❌ VAD 未達有效語音門檻，略過（語音比例不足 0.0% < 16%）
[recorder][VAD] RMS 語音幀 0/33 (0.0%)，有效語音 0.00s，閾值 450，最低比例 16%，最低語音 0.35s
[recorder][flush] ❌ VAD 未達有效語音門檻，略過（語音比例不足 0.0% < 16%）
[recorder][VAD] RMS 語音幀 0/33 (0.0%)，有效語音 0.00s，閾值 450，最低比例 16%，最低語音 0.35s
[recorder][flush] ❌ VAD 未達有效語音門檻，略過（語音比例不足 0.0% < 16%）
[recorder][VAD] RMS 語音幀 0/33 (0.0%)，有效語音 0.00s，閾值 450，最低比例 16%，最低語音 0.35s
[recorder][flush] ❌ VAD 未達有效語音門檻，略過（語音比例不足 0.0% < 16%）
[recorder][VAD] RMS 語音幀 0/33 (0.0%)，有效語音 0.00s，閾值 450，最低比例 16%，最低語音 0.35s
[recorder][flush] ❌ VAD 未達有效語音門檻，略過（語音比例不足 0.0% < 16%）
[recorder][VAD] RMS 語音幀 0/33 (0.0%)，有效語音 0.00s，閾值 450，最低比例 16%，最低語音 0.35s
[recorder][flush] ❌ VAD 未達有效語音門檻，略過（語音比例不足 0.0% < 16%）
[recorder][VAD] RMS 語音幀 0/33 (0.0%)，有效語音 0.00s，閾值 450，最低比例 16%，最低語音 0.35s
[recorder][flush] ❌ VAD 未達有效語音門檻，略過（語音比例不足 0.0% < 16%）
[recorder][VAD] RMS 語音幀 0/33 (0.0%)，有效語音 0.00s，閾值 450，最低比例 16%，最低語音 0.35s
[recorder][flush] ❌ VAD 未達有效語音門檻，略過（語音比例不足 0.0% < 16%）
[recorder][VAD] RMS 語音幀 0/33 (0.0%)，有效語音 0.00s，閾值 450，最低比例 16%，最低語音 0.35s
[recorder][flush] ❌ VAD 未達有效語音門檻，略過（語音比例不足 0.0% < 16%）
[recorder][VAD] RMS 語音幀 0/33 (0.0%)，有效語音 0.00s，閾值 450，最低比例 16%，最低語音 0.35s
[recorder][flush] ❌ VAD 未達有效語音門檻，略過（語音比例不足 0.0% < 16%）
[recorder][VAD] RMS 語音幀 0/33 (0.0%)，有效語音 0.00s，閾值 450，最低比例 16%，最低語音 0.35s
[recorder][flush] ❌ VAD 未達有效語音門檻，略過（語音比例不足 0.0% < 16%）
[recorder][VAD] RMS 語音幀 0/34 (0.0%)，有效語音 0.00s，閾值 450，最低比例 16%，最低語音 0.35s
[recorder][flush] ❌ VAD 未達有效語音門檻，略過（語音比例不足 0.0% < 16%）
[recorder][VAD] RMS 語音幀 0/33 (0.0%)，有效語音 0.00s，閾值 450，最低比例 16%，最低語音 0.35s
[recorder][flush] ❌ VAD 未達有效語音門檻，略過（語音比例不足 0.0% < 16%）
[recorder][VAD] RMS 語音幀 0/33 (0.0%)，有效語音 0.00s，閾值 450，最低比例 16%，最低語音 0.35s
[recorder][flush] ❌ VAD 未達有效語音門檻，略過（語音比例不足 0.0% < 16%）
[recorder][VAD] RMS 語音幀 0/33 (0.0%)，有效語音 0.00s，閾值 450，最低比例 16%，最低語音 0.35s
[recorder][flush] ❌ VAD 未達有效語音門檻，略過（語音比例不足 0.0% < 16%）
[recorder][VAD] RMS 語音幀 0/33 (0.0%)，有效語音 0.00s，閾值 450，最低比例 16%，最低語音 0.35s
[recorder][flush] ❌ VAD 未達有效語音門檻，略過（語音比例不足 0.0% < 16%）
[recorder][VAD] RMS 語音幀 0/33 (0.0%)，有效語音 0.00s，閾值 450，最低比例 16%，最低語音 0.35s
[recorder][flush] ❌ VAD 未達有效語音門檻，略過（語音比例不足 0.0% < 16%）
[recorder][VAD] RMS 語音幀 0/33 (0.0%)，有效語音 0.00s，閾值 450，最低比例 16%，最低語音 0.35s
[recorder][flush] ❌ VAD 未達有效語音門檻，略過（語音比例不足 0.0% < 16%）
[recorder][VAD] RMS 語音幀 0/33 (0.0%)，有效語音 0.00s，閾值 450，最低比例 16%，最低語音 0.35s
[recorder][flush] ❌ VAD 未達有效語音門檻，略過（語音比例不足 0.0% < 16%）
[recorder][VAD] RMS 語音幀 0/33 (0.0%)，有效語音 0.00s，閾值 450，最低比例 16%，最低語音 0.35s
[recorder][flush] ❌ VAD 未達有效語音門檻，略過（語音比例不足 0.0% < 16%）
[recorder][VAD] RMS 語音幀 0/34 (0.0%)，有效語音 0.00s，閾值 450，最低比例 16%，最低語音 0.35s
[recorder][flush] ❌ VAD 未達有效語音門檻，略過（語音比例不足 0.0% < 16%）
[recorder][VAD] RMS 語音幀 0/39 (0.0%)，有效語音 0.00s，閾值 450，最低比例 16%，最低語音 0.35s
[recorder][flush] ❌ VAD 未達有效語音門檻，略過（語音比例不足 0.0% < 16%）
[recorder][VAD] RMS 語音幀 0/33 (0.0%)，有效語音 0.00s，閾值 450，最低比例 16%，最低語音 0.35s
[recorder][flush] ❌ VAD 未達有效語音門檻，略過（語音比例不足 0.0% < 16%）
[recorder][VAD] RMS 語音幀 0/33 (0.0%)，有效語音 0.00s，閾值 450，最低比例 16%，最低語音 0.35s
[recorder][flush] ❌ VAD 未達有效語音門檻，略過（語音比例不足 0.0% < 16%）
[recorder][VAD] RMS 語音幀 0/33 (0.0%)，有效語音 0.00s，閾值 450，最低比例 16%，最低語音 0.35s
[recorder][flush] ❌ VAD 未達有效語音門檻，略過（語音比例不足 0.0% < 16%）
[recorder][VAD] RMS 語音幀 0/33 (0.0%)，有效語音 0.00s，閾值 450，最低比例 16%，最低語音 0.35s
[recorder][flush] ❌ VAD 未達有效語音門檻，略過（語音比例不足 0.0% < 16%）
[recorder][VAD] RMS 語音幀 0/34 (0.0%)，有效語音 0.00s，閾值 450，最低比例 16%，最低語音 0.35s
[recorder][flush] ❌ VAD 未達有效語音門檻，略過（語音比例不足 0.0% < 16%）
[recorder][VAD] RMS 語音幀 0/39 (0.0%)，有效語音 0.00s，閾值 450，最低比例 16%，最低語音 0.35s
[recorder][flush] ❌ VAD 未達有效語音門檻，略過（語音比例不足 0.0% < 16%）
[recorder][VAD] RMS 語音幀 0/33 (0.0%)，有效語音 0.00s，閾值 450，最低比例 16%，最低語音 0.35s
[recorder][flush] ❌ VAD 未達有效語音門檻，略過（語音比例不足 0.0% < 16%）
[recorder][VAD] RMS 語音幀 0/34 (0.0%)，有效語音 0.00s，閾值 450，最低比例 16%，最低語音 0.35s
[recorder][flush] ❌ VAD 未達有效語音門檻，略過（語音比例不足 0.0% < 16%）
[recorder][VAD] RMS 語音幀 0/39 (0.0%)，有效語音 0.00s，閾值 450，最低比例 16%，最低語音 0.35s
[recorder][flush] ❌ VAD 未達有效語音門檻，略過（語音比例不足 0.0% < 16%）
[recorder][VAD] RMS 語音幀 0/33 (0.0%)，有效語音 0.00s，閾值 450，最低比例 16%，最低語音 0.35s
[recorder][flush] ❌ VAD 未達有效語音門檻，略過（語音比例不足 0.0% < 16%）
[recorder][VAD] RMS 語音幀 0/33 (0.0%)，有效語音 0.00s，閾值 450，最低比例 16%，最低語音 0.35s
[recorder][flush] ❌ VAD 未達有效語音門檻，略過（語音比例不足 0.0% < 16%）
[recorder][VAD] RMS 語音幀 0/33 (0.0%)，有效語音 0.00s，閾值 450，最低比例 16%，最低語音 0.35s
[recorder][flush] ❌ VAD 未達有效語音門檻，略過（語音比例不足 0.0% < 16%）
