[main] LOG -> F:\Cursor\AI Whisper Next\logs\ai_whisper_20260607_025513_P8-32.current.log
[settings] config loaded from F:\Cursor\AI Whisper Next\config.json
[main][02:55:13.872] ✅ 快捷鍵 ctrl+f11（句號）、ctrl+f12（逗號）已註冊
[main][02:55:13.873] ✅ 主快捷鍵 2/2 已註冊 (Win32)
[main][02:55:13.873] ✅ 記憶快捷鍵 5/5 已註冊 (Win32)
[tap]        [02:55:13.888] 🎙️ 敲麥監聽已啟動
[main][02:55:13.888] 🔧 DIAG 關閉元件: (none)
[debug][02:55:13.898] 🔍 Debug server listening on 127.0.0.1:47643
[recorder][VAD] 載入 Silero VAD 模型 (ONNX): F:\Cursor\AI Whisper Next\assets\silero_vad.onnx
[recorder][VAD] Silero VAD 模型載入完成 (ONNX)
[transcriber][02:55:15.352] 🔌 HTTP 連線預熱完成 (1.46s)
[test] ========================================
[test] Paste Test START
[paster][02:55:23] 📋 CLIP backup: count=4, formats=13:54B, 16:4B, 1:27B, 7:27B, text='AI_WHISPER_TEST_1780'
[paster][02:55:23] 📋 CLIP set attempt 1/4: chars=26, bytes=54, preview='AI_WHISPER_TEST_1780772123'
[paster][02:55:24] 📋 CLIP verify ok: attempt=1, chars=26, text='AI_WHISPER_TEST_1780'
[paster][02:55:24] 📋 CLIP backup: count=4, formats=13:54B, 16:4B, 1:27B, 7:27B, text='AI_WHISPER_TEST_1780'
[paster][02:55:24] 📋 CLIP set attempt 1/4: chars=16, bytes=34, preview='__RESTORE_TEST__'
[paster][02:55:24] 📋 CLIP verify ok: attempt=1, chars=16, text='__RESTORE_TEST__'
[paster][02:55:24] 📋 CLIP restore attempt 1/4: text='AI_WHISPER_TEST_1780'
[paster][02:55:24] 📋 CLIP restore: restored=4/4, formats=13:54B, 16:4B, 1:27B, 7:27B, text='AI_WHISPER_TEST_1780'
[paster][02:55:24] 📋 CLIP restore verify ok: attempt=1, text='AI_WHISPER_TEST_1780'
[paster][02:55:24] 📏 [UIA] 文字為空 → 不加句號
[paster][02:55:24] 🎯 PASTE: at_end=False, last_punct=False, add_prefix=False, prefix='', uia=34ms, final='TEST_PASTE'
[paster][02:55:24] ⌨️ TEXT input skipped: process=chrome.exe，class=Chrome_WidgetWin_1，focus=('Video Player', 'video-js vjs-default-skin vjs-fluid ani_video-dimensions vjs-controls-enabled vjs-workinghover vjs-v8 vjs-has-started vjs-playing vjs-user-inactive', 'ani_video', 'GroupControl')，preserve_ctrl=False
[paster][02:55:24] 📋 CLIP flow start: target_chars=10, restore_delay=0.30s
[paster][02:55:24] 📋 CLIP backup: count=4, formats=13:54B, 16:4B, 1:27B, 7:27B, text='AI_WHISPER_TEST_1780'
[paster][02:55:24] 📋 CLIP set attempt 1/4: chars=10, bytes=22, preview='TEST_PASTE'
[paster][02:55:24] 📋 CLIP verify ok: attempt=1, chars=10, text='TEST_PASTE'
[paster][02:55:24] ⌨️ Ctrl+V 準備送出，cb_ok=True，視窗="黃泉使者 [10] 線上看 - 巴哈姆特動畫瘋 - Google Chrome"，hwnd=0x00052364，process=chrome.exe，class=Chrome_WidgetWin_1，keys_before=async_down=none; logical_down=none，text='TEST_PASTE'
[paster][02:55:24] ⌨️ 貼上前釋放修飾鍵: released=none，restore_later=none，preserve_ctrl=False，keys_after_release=async_down=none; logical_down=none
[paster][02:55:24] ⌨️ Ctrl+V 已送出，keys_after_send=async_down=none; logical_down=none
[paster][02:55:24] 🚫 CLIP guard armed: manual Ctrl+V suppressed
[paster][02:55:24] 📋 CLIP restore wait: 0.30s
[paster][02:55:24] 📋 CLIP restore attempt 1/4: text='AI_WHISPER_TEST_1780'
[paster][02:55:24] 📋 CLIP restore: restored=4/4, formats=13:54B, 16:4B, 1:27B, 7:27B, text='AI_WHISPER_TEST_1780'
[paster][02:55:24] 📋 CLIP restore verify ok: attempt=1, text='AI_WHISPER_TEST_1780'
[paster][02:55:24] 🚫 CLIP guard disarmed: blocked=0
[paster][02:55:27] 📋 CLIP watchdog done: checks=11, repairs=0, ok=True, final='AI_WHISPER_TEST_1780'
[paster][02:55:27] 📋 剪貼簿已還原驗證（4 種格式，restore_ok=True, watch_ok=True）
[test] Result: 10/10 passed
[test] Paste Test END ALL PASSED
[test] ========================================
[main][02:56:11.126] ⌨️ 主快捷鍵觸發（Win32/逗號），keys=async_down=Ctrl,RCtrl; logical_down=Ctrl,RCtrl
[main][02:56:11.127] ⌨️ after(0) 執行延遲 1.0ms
[tap]        [02:56:11.204] 💤 敲麥監聽已停止
[recorder][02:56:11] ⏱️ InputStream() 11.1ms
[recorder][02:56:11] ⏱️ stream.start() 0.5ms
[recorder][02:56:11] 🎙️ 錄音就緒，總初始化 11.6ms
[main][02:56:11.216] ⏱️ recorder.start() 耗時 12.1ms，ok=True
[tap]        [02:56:11.749] 🎙️ 敲麥監聽已啟動
[main][02:56:11.761] 🎙️ 開始錄音
[recorder][02:56:11] 🎤 第一包音訊到達，麥克風實際開啟延遲 765.6ms
[tap][dim]   [02:56:12.836] 持續=27ms 峰值=561 ✗弱
[tap][sample][02:56:13.286] 持續=387ms 峰值=9884 ✗長 K=1.4 CF=4.7 SC=1585Hz Att=132.6ms | fK=1.7 fCF=4.9 fSC=1586Hz fFlat=0.274 fHF=0.005
[tap][sample][02:56:14.663] 持續=1210ms 峰值=9859 ✗長 K=1.1 CF=4.4 SC=2431Hz Att=6.9ms | fK=1.2 fCF=4.4 fSC=2434Hz fFlat=0.578 fHF=0.065
[main][02:56:14.819] ⌨️ 主快捷鍵觸發（Win32/逗號），keys=async_down=Ctrl,RCtrl; logical_down=Ctrl,RCtrl
[main][02:56:14.820] ⌨️ after(0) 執行延遲 1.1ms[main][02:56:14.821] ⏳ 預熱 idle 計時器啟動，10 分鐘後關閉麥克風

[recorder][VAD] Silero 語音幀 11/90 (21.2%)，有效語音 0.35s，信心閾值 0.6，最低比例 16%，最低語音 0.35s
[main][02:56:14.830] ✅ 錄音完成，送出辨識
[paster][02:56:14] 📏 [UIA] 文字為空 → 不加句號
[paster][02:56:14] 🔮 預取游標位置: at_end=False, last_punct=False (delay=0.09s, est_api=0.54s)
[transcriber][02:56:15.860] ⏱️ API 耗時: 1.03s
[main][02:56:15.860] ✅ 辨識完成: "來測試一下喔"
[paster][02:56:15] 🎯 PASTE: at_end=False, last_punct=False, add_prefix=False (prefetched), prefix='，', final='來測試一下喔'
[paster][02:56:15] ⌨️ TEXT input flow start: target_chars=6，視窗="Optimizing AI Whisper Performance"，hwnd=0x002720fe，process=antigravity.exe，class=Chrome_WidgetWin_1，focus=('Message input', 'max-h-[300px] rounded-md cursor-text overflow-y-auto text-md p-2 outline-none transition-all duration-100 text-sm', '', 'ComboBoxControl')，verify_readable=True，keys_before=async_down=none; logical_down=none，text='來測試一下喔'
[paster][02:56:15] ⌨️ 直接輸入前釋放修飾鍵: released=none，keys_after_release=async_down=none; logical_down=none
[paster][02:56:15] ⌨️ TEXT input done: ok=True，keys_after_send=async_down=none; logical_down=none
[paster][02:56:15] ⏱️ 收到→直接輸入完成: 0.07s
[paster][02:56:16] ⌨️ TEXT input verify: ok=True，reason=changed
[main][02:57:06.637] ⌨️ 主快捷鍵觸發（Win32/逗號），keys=async_down=Ctrl,RCtrl; logical_down=Ctrl,RCtrl
[main][02:57:06.649] ⌨️ after(0) 執行延遲 12.7ms
[tap]        [02:57:06.672] 💤 敲麥監聽已停止
[recorder][02:57:06] 🚀 預熱命中，直接開始錄音
[main][02:57:06.674] ⏱️ recorder.start() 耗時 0.3ms，ok=True
[tap]        [02:57:06.679] 🎙️ 敲麥監聽已啟動
[main][02:57:06.685] 🎙️ 開始錄音
[recorder][VAD] Silero 語音幀 0/32 (0.0%)，有效語音 0.00s，信心閾值 0.6，最低比例 16%，最低語音 0.35s
[recorder][flush] ❌ VAD 未達有效語音門檻，略過（語音比例不足 0.0% < 16%）
[tap][sample][02:57:08.590] 持續=801ms 峰值=10124 ✗長 K=0.8 CF=4.1 SC=2350Hz Att=3.6ms | fK=1.0 fCF=4.2 fSC=2351Hz fFlat=0.545 fHF=0.034
[tap][sample][02:57:09.266] 持續=639ms 峰值=11413 ✗長 K=2.4 CF=4.5 SC=2311Hz Att=240.5ms | fK=2.6 fCF=4.6 fSC=2315Hz fFlat=0.532 fHF=0.043
[tap][dim]   [02:57:09.382] 持續=27ms 峰值=555 ✗弱
[tap][sample][02:57:09.968] 持續=585ms 峰值=11718 ✗長 K=2.3 CF=4.5 SC=957Hz Att=81.2ms | fK=2.6 fCF=4.6 fSC=957Hz fFlat=0.159 fHF=0.001
[tap][sample][02:57:10.733] 持續=666ms 峰值=10046 ✗長 K=1.0 CF=3.8 SC=2136Hz Att=43.3ms | fK=1.2 fCF=3.9 fSC=2137Hz fFlat=0.486 fHF=0.032
[tap][dim]   [02:57:10.796] 持續=63ms 峰值=365 ✗弱
[tap][sample][02:57:11.597] 持續=567ms 峰值=12079 ✗長 K=1.6 CF=4.1 SC=2569Hz Att=121.7ms | fK=1.8 fCF=4.2 fSC=2571Hz fFlat=0.572 fHF=0.061
[tap][sample][02:57:12.497] 持續=738ms 峰值=8926 ✗長 K=1.9 CF=5.5 SC=2958Hz Att=72.1ms | fK=2.1 fCF=5.7 fSC=2963Hz fFlat=0.613 fHF=0.088
[tap][dim]   [02:57:12.532] 持續=36ms 峰值=565 ✗弱
[tap][dim]   [02:57:12.713] 持續=25ms 峰值=328 ✗弱
[tap][sample][02:57:13.613] 持續=900ms 峰值=13724 ✗長 K=2.0 CF=4.1 SC=2117Hz Att=107.1ms | fK=2.2 fCF=4.2 fSC=2116Hz fFlat=0.494 fHF=0.035
[tap][sample][02:57:15.916] 持續=1530ms 峰值=11273 ✗長 K=2.6 CF=5.1 SC=1970Hz Att=33.4ms | fK=2.6 fCF=5.1 fSC=1966Hz fFlat=0.498 fHF=0.029
[tap][dim]   [02:57:15.953] 持續=36ms 峰值=333 ✗弱
[main][02:57:15.994] ⌨️ 主快捷鍵觸發（Win32/逗號），keys=async_down=Ctrl,RCtrl; logical_down=Ctrl,RCtrl
[main][02:57:15.996] ⌨️ after(0) 執行延遲 1.6ms
[main][02:57:15.996] ⏳ 預熱 idle 計時器啟動，10 分鐘後關閉麥克風
[recorder][VAD] Silero 語音幀 11/259 (73.3%)，有效語音 0.35s，信心閾值 0.6，最低比例 16%，最低語音 0.35s
[main][02:57:16.000] ✅ 錄音完成，送出辨識
[paster][02:57:16] ⚠️ [UIA] 無 TextPattern
[paster][02:57:16] 🔮 預取游標位置: at_end=False, last_punct=False (delay=0.63s, est_api=1.08s)
[transcriber][02:57:17.119] ⏱️ API 耗時: 1.12s
[main][02:57:17.120] ✅ 辨識完成: "更新一下計畫，然後告訴我修H7會有什麼產生什麼問題嗎？"
[paster][02:57:17] 🎯 PASTE: at_end=False, last_punct=False, add_prefix=False (prefetched), prefix='，', final='更新一下計畫，然後告訴我修H7會有什麼產生什麼問題嗎？'
[paster][02:57:17] ⌨️ TEXT input flow start: target_chars=27，視窗="Optimizing AI Whisper Performance"，hwnd=0x002720fe，process=antigravity.exe，class=Chrome_WidgetWin_1，focus=('Message input', 'max-h-[300px] rounded-md cursor-text overflow-y-auto text-md p-2 outline-none transition-all duration-100 text-sm', '', 'ComboBoxControl')，verify_readable=True，keys_before=async_down=none; logical_down=none，text='更新一下計畫，然後告訴我修H7會有什麼產生什麼問題嗎？'
[paster][02:57:17] ⌨️ 直接輸入前釋放修飾鍵: released=none，keys_after_release=async_down=none; logical_down=none
[paster][02:57:17] ⌨️ TEXT input done: ok=True，keys_after_send=async_down=none; logical_down=none
[paster][02:57:17] ⏱️ 收到→直接輸入完成: 0.09s
[paster][02:57:17] ⌨️ TEXT input verify: ok=True，reason=changed
[main][03:07:15.994] 💤 預熱 stream 已關閉（idle 超時）
[recorder][03:07:16] 💤 預熱 stream 已關閉
[tap][dim]   [03:17:00.397] 持續=81ms 峰值=483 ✗弱
[tap][sample][03:17:00.802] 持續=36ms 峰值=831 ✓ K=2.5 CF=3.5 SC=903Hz Att=4.8ms | fK=3.2 fCF=4.1 fSC=690Hz fFlat=0.161 fHF=0.000 🎯 敲擊 #1
[tap][dim]   [03:17:00.874] 持續=72ms 峰值=522 ✗弱
[tap][dim]   [03:17:01.027] 持續=63ms 峰值=394 ✗弱
[main][03:18:05.499] ⌨️ 主快捷鍵觸發（Win32/逗號），keys=async_down=Ctrl,RCtrl; logical_down=Ctrl,RCtrl
[main][03:18:05.500] ⌨️ after(0) 執行延遲 1.0ms
[tap]        [03:18:05.568] 💤 敲麥監聽已停止
[recorder][03:18:05] ⏱️ InputStream() 18.0ms
[recorder][03:18:05] ⏱️ stream.start() 0.9ms
[recorder][03:18:05] 🎙️ 錄音就緒，總初始化 18.9ms
[main][03:18:05.591] ⏱️ recorder.start() 耗時 19.7ms，ok=True
[tap]        [03:18:06.122] 🎙️ 敲麥監聽已啟動
[main][03:18:06.129] 🎙️ 開始錄音
[recorder][03:18:06] 🎤 第一包音訊到達，麥克風實際開啟延遲 759.6ms
[recorder][VAD] Silero 語音幀 0/38 (0.0%)，有效語音 0.00s，信心閾值 0.6，最低比例 16%，最低語音 0.35s
[recorder][flush] ❌ VAD 未達有效語音門檻，略過（語音比例不足 0.0% < 16%）
[recorder][VAD] Silero 語音幀 0/32 (0.0%)，有效語音 0.00s，信心閾值 0.6，最低比例 16%，最低語音 0.35s
[recorder][flush] ❌ VAD 未達有效語音門檻，略過（語音比例不足 0.0% < 16%）
[tap][dim]   [03:18:08.943] 持續=36ms 峰值=463 ✗弱
[tap][sample][03:18:09.418] 持續=477ms 峰值=13870 ✗長 K=2.0 CF=3.9 SC=1846Hz Att=203.6ms | fK=2.3 fCF=4.0 fSC=1842Hz fFlat=0.452 fHF=0.016
[tap][sample][03:18:09.544] 持續=99ms 峰值=10747 ✓ K=2.2 CF=3.8 SC=1004Hz Att=29.6ms | fK=3.9 fCF=4.4 fSC=1008Hz fFlat=0.165 fHF=0.002 🎯 敲擊 #1
[main][03:18:11.412] ⌨️ 主快捷鍵觸發（Win32/逗號），keys=async_down=Ctrl,RCtrl; logical_down=Ctrl,RCtrl
[main][03:18:11.413] ⌨️ after(0) 執行延遲 1.1ms[main][03:18:11.414] ⏳ 預熱 idle 計時器啟動，10 分鐘後關閉麥克風

[recorder][VAD] Silero 語音幀 11/89 (40.7%)，有效語音 0.35s，信心閾值 0.6，最低比例 16%，最低語音 0.35s
[main][03:18:11.418] ✅ 錄音完成，送出辨識
[tap][sample][03:18:11.426] 持續=1854ms 峰值=11349 ✗長 K=2.7 CF=5.1 SC=2002Hz Att=281.1ms | fK=3.2 fCF=5.1 fSC=2137Hz fFlat=0.512 fHF=0.037
[paster][03:18:11] 📏 [UIA] 文字為空 → 不加句號
[paster][03:18:11] 🔮 預取游標位置: at_end=False, last_punct=False (delay=0.08s, est_api=0.53s)
[transcriber][03:18:12.934] ⏱️ API 耗時: 1.51s
[main][03:18:12.936] ✅ 辨識完成: "修這個的話有什麼好處呢？"
[paster][03:18:12] 🎯 PASTE: at_end=False, last_punct=False, add_prefix=False (prefetched), prefix='，', final='修這個的話有什麼好處呢？'
[paster][03:18:12] ⌨️ TEXT input flow start: target_chars=12，視窗="Optimizing AI Whisper Performance"，hwnd=0x002720fe，process=antigravity.exe，class=Chrome_WidgetWin_1，focus=('Message input', 'max-h-[300px] rounded-md cursor-text overflow-y-auto text-md p-2 outline-none transition-all duration-100 text-sm', '', 'ComboBoxControl')，verify_readable=True，keys_before=async_down=none; logical_down=none，text='修這個的話有什麼好處呢？'
[paster][03:18:13] ⌨️ 直接輸入前釋放修飾鍵: released=none，keys_after_release=async_down=none; logical_down=none
[paster][03:18:13] ⌨️ TEXT input done: ok=True，keys_after_send=async_down=none; logical_down=none
[paster][03:18:13] ⏱️ 收到→直接輸入完成: 0.08s
[paster][03:18:13] ⌨️ TEXT input verify: ok=True，reason=changed
[main][03:18:57.815] ⌨️ 主快捷鍵觸發（Win32/逗號），keys=async_down=Ctrl,RCtrl; logical_down=Ctrl,RCtrl
[main][03:18:57.819] ⌨️ after(0) 執行延遲 4.1ms
[tap]        [03:18:57.839] 💤 敲麥監聽已停止
[recorder][03:18:57] 🚀 預熱命中，直接開始錄音
[main][03:18:57.840] ⏱️ recorder.start() 耗時 0.4ms，ok=True
[tap]        [03:18:57.844] 🎙️ 敲麥監聽已啟動
[main][03:18:57.849] 🎙️ 開始錄音
[recorder][VAD] Silero 語音幀 0/38 (0.0%)，有效語音 0.00s，信心閾值 0.6，最低比例 16%，最低語音 0.35s
[recorder][flush] ❌ VAD 未達有效語音門檻，略過（語音比例不足 0.0% < 16%）
[tap][sample][03:19:01.520] 持續=2403ms 峰值=12775 ✗長 K=1.2 CF=4.0 SC=2118Hz Att=133.9ms | fK=0.8 fCF=4.0 fSC=2260Hz fFlat=0.544 fHF=0.048
[tap][sample][03:19:01.718] 持續=162ms 峰值=10748 ✓ K=2.0 CF=3.6 SC=1281Hz Att=0.1ms | fK=2.9 fCF=3.9 fSC=1285Hz fFlat=0.207 fHF=0.004 🎯 敲擊 #1
[tap][sample][03:19:02.420] 持續=675ms 峰值=11504 ✗長 K=3.2 CF=4.6 SC=925Hz Att=5.3ms | fK=3.5 fCF=4.7 fSC=924Hz fFlat=0.157 fHF=0.001
[recorder][VAD] Silero 語音幀 11/139 (78.6%)，有效語音 0.35s，信心閾值 0.6，最低比例 16%，最低語音 0.35s
[recorder][flush] ✅ 取出 4.4s 音訊段落
[main][03:19:03.530] ✂️ 自動分段送出（靜音達1s，累積 4.4s，靜音 1.1s）
[tap][dim]   [03:19:03.698] 持續=36ms 峰值=429 ✗弱
[paster][03:19:03] 📏 [UIA] 文字為空 → 不加句號
[paster][03:19:03] 🔮 預取游標位置: at_end=False, last_punct=False (delay=0.24s, est_api=0.69s)
[tap][sample][03:19:04.561] 持續=864ms 峰值=11129 ✗長 K=2.3 CF=4.5 SC=2322Hz Att=145.5ms | fK=2.5 fCF=4.6 fSC=2319Hz fFlat=0.555 fHF=0.049
[tap][dim]   [03:19:04.597] 持續=36ms 峰值=543 ✗弱
[transcriber][03:19:04.953] ⏱️ API 耗時: 1.42s
[main][03:19:04.957] ✅ 分段辨識完成: "那你把剩下還沒修的都幫我"
[paster][03:19:04] 🎯 PASTE: at_end=False, last_punct=False, add_prefix=False (prefetched), prefix='，', final='那你把剩下還沒修的都幫我'
[paster][03:19:05] ⌨️ TEXT input flow start: target_chars=12，視窗="Optimizing AI Whisper Performance"，hwnd=0x002720fe，process=antigravity.exe，class=Chrome_WidgetWin_1，focus=('Message input', 'max-h-[300px] rounded-md cursor-text overflow-y-auto text-md p-2 outline-none transition-all duration-100 text-sm', '', 'ComboBoxControl')，verify_readable=True，keys_before=async_down=none; logical_down=none，text='那你把剩下還沒修的都幫我'
[paster][03:19:05] ⌨️ 直接輸入前釋放修飾鍵: released=none，keys_after_release=async_down=none; logical_down=none
[paster][03:19:05] ⌨️ TEXT input done: ok=True，keys_after_send=async_down=none; logical_down=none
[paster][03:19:05] ⏱️ 收到→直接輸入完成: 0.06s
[tap][dim]   [03:19:05.075] 持續=36ms 峰值=563 ✗弱
[paster][03:19:05] ⌨️ TEXT input verify: ok=True，reason=changed
[tap][sample][03:19:05.750] 持續=675ms 峰值=13187 ✗長 K=0.9 CF=3.3 SC=1683Hz Att=157.1ms | fK=1.1 fCF=3.3 fSC=1681Hz fFlat=0.413 fHF=0.010
[tap][sample][03:19:06.127] 持續=162ms 峰值=10673 ✓ K=2.8 CF=4.1 SC=1188Hz Att=25.3ms | fK=3.9 fCF=4.5 fSC=1183Hz fFlat=0.214 fHF=0.004 🎯 敲擊 #1
[tap][sample][03:19:06.452] 持續=297ms 峰值=8215 ✗長 K=5.9 CF=6.7 SC=1759Hz Att=0.1ms | fK=6.9 fCF=7.1 fSC=1757Hz fFlat=0.321 fHF=0.019
[tap][sample][03:19:07.801] 持續=1260ms 峰值=12637 ✗長 K=2.3 CF=4.5 SC=1736Hz Att=131.0ms | fK=2.5 fCF=4.6 fSC=1737Hz fFlat=0.450 fHF=0.015
[tap][dim]   [03:19:07.828] 持續=27ms 峰值=462 ✗弱
[tap][sample][03:19:08.944] 持續=666ms 峰值=12091 ✗長 K=2.0 CF=4.1 SC=1752Hz Att=29.5ms | fK=2.2 fCF=4.2 fSC=1749Hz fFlat=0.405 fHF=0.015
[tap][dim]   [03:19:08.972] 持續=27ms 峰值=429 ✗弱
[tap][dim]   [03:19:09.269] 持續=27ms 峰值=436 ✗弱
[tap][sample][03:19:09.907] 持續=639ms 峰值=13012 ✗長 K=1.3 CF=3.7 SC=1510Hz Att=67.8ms | fK=1.5 fCF=3.8 fSC=1511Hz fFlat=0.358 fHF=0.007
[tap][sample][03:19:10.195] 持續=261ms 峰值=7873 ✗長 K=3.5 CF=5.6 SC=1244Hz Att=21.2ms | fK=4.2 fCF=5.9 fSC=1243Hz fFlat=0.189 fHF=0.003
[tap][dim]   [03:19:10.258] 持續=63ms 峰值=567 ✗弱
[tap][sample][03:19:11.089] 持續=570ms 峰值=10665 ✗長 K=2.4 CF=4.3 SC=1969Hz Att=16.2ms | fK=2.7 fCF=4.4 fSC=1968Hz fFlat=0.477 fHF=0.024
[tap][dim]   [03:19:11.122] 持續=33ms 峰值=416 ✗弱
[main][03:19:11.253] ⌨️ 主快捷鍵觸發（Win32/逗號），keys=async_down=Ctrl,RCtrl; logical_down=Ctrl,RCtrl
[main][03:19:11.258] ⌨️ after(0) 執行延遲 4.8ms[main][03:19:11.262] ⏳ 預熱 idle 計時器啟動，10 分鐘後關閉麥克風

[recorder][VAD] Silero 語音幀 11/242 (50.0%)，有效語音 0.35s，信心閾值 0.6，最低比例 16%，最低語音 0.35s
[main][03:19:11.293] ✅ 錄音完成，送出辨識
[tap][dim]   [03:19:11.482] 持續=45ms 峰值=419 ✗弱
[tap][sample][03:19:11.699] 持續=216ms 峰值=2543 ✗長 K=1.9 CF=3.9 SC=450Hz Att=119.7ms | fK=2.6 fCF=4.1 fSC=381Hz fFlat=0.077 fHF=0.000
[paster][03:19:11] ⚠️ [UIA] 無 TextPattern
[paster][03:19:11] 🔮 預取游標位置: at_end=False, last_punct=False (delay=0.57s, est_api=1.02s)
[transcriber][03:19:12.920] ⏱️ API 耗時: 1.63s
[main][03:19:12.924] ✅ 辨識完成: "寫出來修了到底有沒有好處，告訴我好處多大，告訴我"
[paster][03:19:12] 🎯 PASTE: at_end=False, last_punct=False, add_prefix=False (prefetched), prefix='，', final='寫出來修了到底有沒有好處，告訴我好處多大，告訴我'
[paster][03:19:13] ⌨️ TEXT input flow start: target_chars=24，視窗="Optimizing AI Whisper Performance"，hwnd=0x002720fe，process=antigravity.exe，class=Chrome_WidgetWin_1，focus=('Message input', 'max-h-[300px] rounded-md cursor-text overflow-y-auto text-md p-2 outline-none transition-all duration-100 text-sm', '', 'ComboBoxControl')，verify_readable=True，keys_before=async_down=none; logical_down=none，text='寫出來修了到底有沒有好處，告訴我好處多大，告訴我'
[paster][03:19:13] ⌨️ 直接輸入前釋放修飾鍵: released=none，keys_after_release=async_down=none; logical_down=none
[paster][03:19:13] ⌨️ TEXT input done: ok=True，keys_after_send=async_down=none; logical_down=none
[paster][03:19:13] ⏱️ 收到→直接輸入完成: 0.11s
[paster][03:19:13] ⌨️ TEXT input verify: ok=True，reason=changed
[tap][dim]   [03:19:22.292] 持續=27ms 峰值=311 ✗弱
[tap][dim]   [03:19:53.404] 持續=63ms 峰值=314 ✗弱
[main][03:29:12.944] 💤 預熱 stream 已關閉（idle 超時）
[recorder][03:29:12] 💤 預熱 stream 已關閉
[tap][sample][03:37:16.057] 持續=90ms 峰值=1969 ✓ K=17.7 CF=12.0 SC=2421Hz Att=0.1ms | fK=23.8 fCF=13.8 fSC=2421Hz fFlat=0.437 fHF=0.084 🎯 敲擊 #1
[tap][dim]   [03:37:17.740] 持續=45ms 峰值=499 ✗弱
[tap]         ⏱️ 間隔過長重置（1800ms）
[tap][sample][03:37:17.857] 持續=90ms 峰值=4395 ✓ K=59.9 CF=11.4 SC=2489Hz Att=21.6ms | fK=79.3 fCF=13.1 fSC=2495Hz fFlat=0.562 fHF=0.054 🎯 敲擊 #1
[tap][dim]   [03:37:17.903] 持續=45ms 峰值=466 ✗弱
[tap][sample][03:37:17.930] 持續=27ms 峰值=609 ✓ K=8.2 CF=7.2 SC=2238Hz Att=11.4ms | fK=12.3 fCF=9.1 fSC=2214Hz fFlat=0.457 fHF=0.057 ⏱️ 防抖略過（距上次 135ms < 180ms）
[tap][dim]   [03:37:18.784] 持續=27ms 峰值=434 ✗弱
[tap]         ⏱️ 間隔過長重置（1017ms）
[tap][sample][03:37:18.892] 持續=108ms 峰值=3145 ✓ K=3.4 CF=4.4 SC=1123Hz Att=7.5ms | fK=5.4 fCF=5.0 fSC=1163Hz fFlat=0.230 fHF=0.002 🎯 敲擊 #1
[tap][dim]   [03:37:18.919] 持續=27ms 峰值=369 ✗弱
[tap][dim]   [03:37:19.018] 持續=36ms 峰值=337 ✗弱
[tap][dim]   [03:39:02.716] 持續=36ms 峰值=365 ✗弱
[tap]         ⏱️ 間隔過長重置（103932ms）
[tap][sample][03:39:02.743] 持續=27ms 峰值=736 ✓ K=1.7 CF=3.5 SC=1544Hz Att=10.8ms | fK=2.1 fCF=4.1 fSC=1664Hz fFlat=0.371 fHF=0.028 🎯 敲擊 #1
[tap][dim]   [03:39:02.807] 持續=63ms 峰值=472 ✗弱
[tap][dim]   [03:39:52.540] 持續=36ms 峰值=302 ✗弱
[tap][dim]   [03:39:54.673] 持續=27ms 峰值=561 ✗弱
[tap]         ⏱️ 間隔過長重置（51957ms）
[tap][sample][03:39:54.709] 持續=36ms 峰值=729 ✓ K=-0.9 CF=2.0 SC=880Hz Att=3.9ms | fK=-0.6 fCF=2.3 fSC=691Hz fFlat=0.200 fHF=0.000 🎯 敲擊 #1
[tap][dim]   [03:39:54.745] 持續=36ms 峰值=511 ✗弱
[tap][dim]   [03:42:47.869] 持續=27ms 峰值=418 ✗弱
[tap]         ⏱️ 間隔過長重置（173196ms）
[tap][sample][03:42:47.932] 持續=63ms 峰值=1874 ✓ K=1.5 CF=4.1 SC=1152Hz Att=0.6ms | fK=3.0 fCF=4.8 fSC=1152Hz fFlat=0.252 fHF=0.002 🎯 敲擊 #1
[tap][dim]   [03:42:47.959] 持續=27ms 峰值=572 ✗弱
[tap]        [03:43:19.446] 💤 敲麥監聽已停止
[recorder][03:43:19] 💤 預熱 stream 已關閉
