[main] LOG -> F:\Cursor\AI Whisper Next\ai_whisper_20260517_032920.log
[settings] config loaded from F:\Cursor\AI Whisper Next\config.json
[main][03:29:20.300] ✅ 快捷鍵 ctrl+f12（句號）、ctrl+f11（逗號）已註冊
[input][03:29:20.300] ✅ Ctrl狀態防護已啟動
[main][03:29:20.301] ✅ 記憶快捷鍵 5/5 已註冊 (Win32)
[tap]        [03:29:20.312] 🎙️ 敲麥監聽已啟動（device=1 耳機 (DJI Mic Mini-E2C662 Hands-F）
[recorder][VAD] 載入 Silero VAD 模型...
Using cache found in C:\Users\Administrator/.cache\torch\hub\snakers4_silero-vad_master
[recorder][VAD] Silero VAD 模型載入完成
[tap][sample][03:29:26.989] 持續=117ms 峰值=14434 ✓ 🎯 敲擊 #1
[tap][sample][03:29:27.196] 持續=99ms 峰值=13713 ✓ 🎯 敲擊 #2
[tap][dim]   [03:29:27.223] 持續=27ms 峰值=528 ✗弱
[tap][sample][03:29:27.412] 持續=126ms 峰值=10934 ✓ 🎯 敲擊 #3
[tap]        [03:29:27.412] 🔔 三連敲觸發（間隔 225ms / 189ms，一致性 0.84）
[tap]        [03:29:27.493] 💤 敲麥監聽已停止
[recorder][03:29:27] ⏱️ InputStream() 15.3ms
[recorder][03:29:27] ⏱️ stream.start() 0.4ms
[recorder][03:29:27] 🎙️ 錄音就緒，總初始化 15.7ms
[main][03:29:27.510] ⏱️ recorder.start() 耗時 16.1ms，ok=True
[main][03:29:27.519] 🎙️ 開始錄音
[recorder][03:29:28] 🎤 第一包音訊到達，麥克風實際開啟延遲 758.2ms
[tap][sample][03:29:29.230] 持續=99ms 峰值=14148 ✓ 🎯 敲擊 #1
[tap][dim]   [03:29:29.258] 持續=27ms 峰值=311 ✗弱
[tap][sample][03:29:29.438] 持續=81ms 峰值=9185 ✓ 🎯 敲擊 #2
[tap][sample][03:29:29.644] 持續=81ms 峰值=11055 ✓ 🎯 敲擊 #3
[tap]        [03:29:29.644] 🔔 三連敲觸發（間隔 225ms / 207ms，一致性 0.92）
[recorder][03:29:29] 💤 預熱 stream 已關閉
[tap]        [03:29:29.728] 🎙️ 敲麥監聽已啟動（device=1 耳機 (DJI Mic Mini-E2C662 Hands-F）
[recorder][VAD] Silero 語音幀 0/43 (0.0%)，有效語音 0.00s，信心閾值 0.6，最低比例 16%，最低語音 0.35s
[recorder][stop] ❌ VAD 未達有效語音門檻，不送出辨識（語音比例不足 0.0% < 16%）
[tap][sample][03:29:31.337] 持續=135ms 峰值=2242 ✗長
[tap][sample][03:29:31.525] 持續=27ms 峰值=6388 ✓ 🎯 敲擊 #1
[tap][dim]   [03:29:31.561] 持續=36ms 峰值=560 ✗弱
[tap]        [03:29:31.956] ⚠️ stream 意外終止（存活 2.2s），1s 後重試
[main][03:29:31.957] 🔄 敲麥 stream 重置，同步關閉預熱錄音 stream（stream finished unexpectedly）
[recorder][03:29:31] 💤 預熱 stream 已關閉
[tap]        [03:29:32.999] 🎙️ 敲麥監聽已啟動（device=1 耳機 (DJI Mic Mini-E2C662 Hands-F）
[tap]        [03:30:43.614] 💤 敲麥監聽已停止
[recorder][03:30:43] 💤 預熱 stream 已關閉
[0m