[main]          [22:38:07.223] LOG -> F:\Cursor\AI Whisper Next\logs\ai_whisper_20260607_223807_P8-32.current.log
[settings]      [22:38:07.224] config loaded from F:\Cursor\AI Whisper Next\config.json
[main]          [22:38:07.348] ✅ 快捷鍵 ctrl+f11（句號）、ctrl+f12（逗號）已註冊
[main]          [22:38:07.350] ✅ 主快捷鍵 2/2 已註冊 (Win32)
[main]          [22:38:07.350] ✅ 記憶快捷鍵 5/5 已註冊 (Win32)
[tap]           [22:38:07.402] 🎙️ 敲麥監聽已啟動
[main]          [22:38:07.402] 🔧 DIAG 關閉元件: (none)
[debug]         [22:38:07.415] 🔍 Debug server listening on 127.0.0.1:47643
[recorder][VAD] [22:38:07.617] 載入 Silero VAD 模型 (ONNX): F:\Cursor\AI Whisper Next\assets\silero_vad.onnx
[recorder][VAD] [22:38:07.725] Silero VAD 模型載入完成 (ONNX)
[transcriber]   [22:38:09.051] 🔌 HTTP 連線預熱完成 (1.65s)
[test] ========================================
[test] Paste Test START
[paster]        [22:38:15.913] 📋 CLIP backup: count=7, formats=49377:2569B, 13:24B, 49991:24B, 49941:265B, 16:4B, 1:12B, 7:12B, text='description'
[paster]        [22:38:15.915] 📋 CLIP set attempt 1/4: chars=26, bytes=54, preview='AI_WHISPER_TEST_1780843095'
[paster]        [22:38:15.976] 📋 CLIP verify ok: attempt=1, chars=26, text='AI_WHISPER_TEST_1780'
[paster]        [22:38:15.979] 📋 CLIP backup: count=4, formats=13:54B, 16:4B, 1:27B, 7:27B, text='AI_WHISPER_TEST_1780'
[paster]        [22:38:15.980] 📋 CLIP set attempt 1/4: chars=16, bytes=34, preview='__RESTORE_TEST__'
[paster]        [22:38:16.040] 📋 CLIP verify ok: attempt=1, chars=16, text='__RESTORE_TEST__'
[paster]        [22:38:16.040] 📋 CLIP restore attempt 1/4: text='AI_WHISPER_TEST_1780'
[paster]        [22:38:16.041] 📋 CLIP restore: restored=4/4, formats=13:54B, 16:4B, 1:27B, 7:27B, text='AI_WHISPER_TEST_1780'
[paster]        [22:38:16.162] 📋 CLIP restore verify ok: attempt=1, text='AI_WHISPER_TEST_1780'
[paster]        [22:38:16.216] 📏 [UIA] 文字為空 → 不加句號
[paster]        [22:38:16.220] 🎯 PASTE: at_end=False, last_punct=False, add_prefix=False, prefix='', uia=48ms, final='TEST_PASTE'
[paster]        [22:38:16.223] ⌨️ TEXT input skipped: target not UIA-readable (cannot verify)，process=chrome.exe，class=Chrome_WidgetWin_1，focus=('', 'vjs-tech', 'ani_video_html5_api', 'PaneControl')
[paster]        [22:38:16.223] ⌨️ TEXT input skipped: process=chrome.exe，class=Chrome_WidgetWin_1，focus=('', 'vjs-tech', 'ani_video_html5_api', 'PaneControl')，preserve_ctrl=False
[paster]        [22:38:16.224] 📋 CLIP flow start: target_chars=10, restore_delay=0.30s
[paster]        [22:38:16.225] 📋 CLIP backup: count=4, formats=13:54B, 16:4B, 1:27B, 7:27B, text='AI_WHISPER_TEST_1780'
[paster]        [22:38:16.226] 📋 CLIP set attempt 1/4: chars=10, bytes=22, preview='TEST_PASTE'
[paster]        [22:38:16.287] 📋 CLIP verify ok: attempt=1, chars=10, text='TEST_PASTE'
[paster]        [22:38:16.369] ⌨️ Ctrl+V 準備送出，cb_ok=True，視窗="殺手青春 [3] 線上看 - 巴哈姆特動畫瘋 - Google Chrome"，hwnd=0x00052364，process=chrome.exe，class=Chrome_WidgetWin_1，keys_before=async_down=none; logical_down=none，text='TEST_PASTE'
[paster]        [22:38:16.373] ⌨️ 貼上前釋放修飾鍵: released=none，restore_later=none，preserve_ctrl=False，keys_after_release=async_down=none; logical_down=none
[paster]        [22:38:16.379] ⌨️ Ctrl+V 已送出，keys_after_send=async_down=none; logical_down=none
[paster]        [22:38:16.507] 🚫 CLIP guard armed: manual Ctrl+V suppressed
[paster]        [22:38:16.508] 📋 CLIP restore wait: 0.30s
[paster]        [22:38:16.809] 📋 CLIP restore attempt 1/4: text='AI_WHISPER_TEST_1780'
[paster]        [22:38:16.810] 📋 CLIP restore: restored=4/4, formats=13:54B, 16:4B, 1:27B, 7:27B, text='AI_WHISPER_TEST_1780'
[paster]        [22:38:16.934] 📋 CLIP restore verify ok: attempt=1, text='AI_WHISPER_TEST_1780'
[paster]        [22:38:16.941] 🚫 CLIP guard disarmed: blocked=0
[paster]        [22:38:19.157] 📋 CLIP watchdog done: checks=11, repairs=0, ok=True, final='AI_WHISPER_TEST_1780'
[paster]        [22:38:19.158] 📋 剪貼簿已還原驗證（4 種格式，restore_ok=True, watch_ok=True）
[test] Result: 29/29 passed
[test] Paste Test END ALL PASSED
[test] ========================================
[tap]           [22:43:25.920] 💤 敲麥監聽已停止
[recorder]      [22:43:25.921] 💤 預熱 stream 已關閉
