[main]          [00:24:55.262] LOG -> F:\Cursor\AI Whisper Next\logs\ai_whisper_20260609_002455_P8-32.current.log
[settings]      [00:24:55.263] config loaded from F:\Cursor\AI Whisper Next\config.json
[main]          [00:24:55.379] ✅ 快捷鍵 ctrl+f11（句號）、ctrl+f12（逗號）已註冊
[main]          [00:24:55.380] ✅ 主快捷鍵 2/2 已註冊 (Win32)
[main]          [00:24:55.380] ✅ 記憶快捷鍵 5/5 已註冊 (Win32)
[tap]           [00:24:55.395] 🎙️ 敲麥監聽已啟動
[main]          [00:24:55.396] 🔧 DIAG 關閉元件: (none)
[debug]         [00:24:55.406] 🔍 Debug server listening on 127.0.0.1:47643
[recorder][VAD] [00:24:55.573] 載入 Silero VAD 模型 (ONNX): F:\Cursor\AI Whisper Next\assets\silero_vad.onnx
[recorder][VAD] [00:24:55.672] Silero VAD 模型載入完成 (ONNX)
[transcriber]   [00:24:56.707] 🔌 HTTP 連線預熱完成 (1.31s)
[main]          [00:24:57.250] ⌨️ 主快捷鍵觸發（Win32/逗號），keys=async_down=Ctrl,RCtrl; logical_down=Ctrl,RCtrl
[main]          [00:24:57.252] ⌨️ after(0) 執行延遲 1.7ms
[tap]           [00:24:57.310] 💤 敲麥監聽已停止
[recorder]      [00:24:57.328] ⏱️ InputStream() 17.6ms
[recorder]      [00:24:57.329] ⏱️ stream.start() 0.7ms
[recorder]      [00:24:57.329] 🎙️ 錄音就緒，總初始化 18.4ms
[main]          [00:24:57.329] ⏱️ recorder.start() 耗時 18.7ms，ok=True
[tap]           [00:24:57.875] 🎙️ 敲麥監聽已啟動
[main]          [00:24:57.884] 🎙️ 開始錄音
[recorder]      [00:24:58.091] 🎤 第一包音訊到達，麥克風實際開啟延遲 763.1ms
[tap][sample]   [00:24:59.721] 持續=1125ms 峰值=11162 ✗長 K=1.3 CF=4.2 SC=2577Hz Att=353.2ms | fK=1.5 fCF=4.2 fSC=2579Hz fFlat=0.543 fHF=0.088
[recorder][VAD] [00:25:00.721] ✅ Silero 11/83 (36.7%), 0.35s speech
[recorder][flush][00:25:00.721] ✅ 取出 2.7s 音訊段落
[main]          [00:25:00.722] ✂️ 自動分段送出（靜音達1s，累積 2.7s，靜音 1.0s）
[paster]        [00:25:00.755] 📏 [UIA] 文字為空 → 不加句號
[paster]        [00:25:00.756] 🔮 預取游標位置: at_end=False, last_punct=False (delay=0.00s, est_api=0.54s)
[transcriber]   [00:25:01.485] ⏱️ API 耗時: 0.76s
[main]          [00:25:01.486] ✅ 分段辨識完成: "測試測試"
[paster]        [00:25:10.514] 🎯 PASTE: at_end=False, last_punct=False, add_prefix=False (prefetched), prefix='，', final='測試測試'
[paster]        [00:25:10.545] ⌨️ TEXT input skipped: target not UIA-readable (cannot verify)，process=python.exe，class=Qt6111QWindowIcon，focus=('AI Whisper', 'MainWindow', 'QApplication.MainWindow', 'WindowControl')
[paster]        [00:25:10.546] ⌨️ TEXT input skipped: process=python.exe，class=Qt6111QWindowIcon，focus=('AI Whisper', 'MainWindow', 'QApplication.MainWindow', 'WindowControl')，preserve_ctrl=False
[paster]        [00:25:10.547] 📋 CLIP flow start: target_chars=4, restore_delay=0.30s
[paster]        [00:25:10.547] 📋 CLIP backup: count=4, formats=13:54B, 16:4B, 1:27B, 7:27B, text='AI_WHISPER_TEST_1780'
[paster]        [00:25:10.552] 📋 CLIP set attempt 1/4: chars=4, bytes=10, preview='測試測試'
[paster]        [00:25:10.613] 📋 CLIP verify ok: attempt=1, chars=4, text='測試測試'
[paster]        [00:25:10.695] ⌨️ Ctrl+V 準備送出，cb_ok=True，視窗="AI Whisper"，hwnd=0x034306d0，process=python.exe，class=Qt6111QWindowIcon，keys_before=async_down=none; logical_down=none，text='測試測試'
[paster]        [00:25:10.697] ⌨️ 貼上前釋放修飾鍵: released=none，restore_later=none，preserve_ctrl=False，keys_after_release=async_down=none; logical_down=none
[paster]        [00:25:10.703] ⌨️ Ctrl+V 已送出，keys_after_send=async_down=none; logical_down=none
[paster]        [00:25:10.881] 🚫 CLIP guard armed: manual Ctrl+V suppressed
[paster]        [00:25:10.883] ⏱️ 收到→貼上完成: 9.40s
[paster]        [00:25:10.883] 📋 CLIP restore wait: 0.30s
[paster]        [00:25:11.185] 📋 CLIP restore attempt 1/4: text='AI_WHISPER_TEST_1780'
[paster]        [00:25:11.186] 📋 CLIP restore: restored=4/4, formats=13:54B, 16:4B, 1:27B, 7:27B, text='AI_WHISPER_TEST_1780'
[paster]        [00:25:11.307] 📋 CLIP restore verify ok: attempt=1, text='AI_WHISPER_TEST_1780'
[paster]        [00:25:11.307] 🚫 CLIP guard disarmed: blocked=0
[paster]        [00:25:13.515] 📋 CLIP watchdog done: checks=11, repairs=0, ok=True, final='AI_WHISPER_TEST_1780'
[paster]        [00:25:13.519] 📋 剪貼簿已還原驗證（4 種格式，restore_ok=True, watch_ok=True）
[tap][dim]      [00:25:13.528] 持續=27ms 峰值=347 ✗弱
[tap][sample]   [00:25:14.364] 持續=836ms 峰值=10701 ✗長 K=0.9 CF=4.0 SC=2177Hz Att=358.5ms | fK=1.1 fCF=4.0 fSC=2172Hz fFlat=0.519 fHF=0.039
[tap][dim]      [00:25:14.401] 持續=36ms 峰值=415 ✗弱
[recorder][VAD] [00:25:15.558] ✅ Silero 11/89 (28.2%), 0.35s speech
[recorder][flush][00:25:15.558] ✅ 取出 2.8s 音訊段落
[main]          [00:25:15.559] ✂️ 自動分段送出（靜音達1s，累積 2.8s，靜音 1.2s）
[paster]        [00:25:15.563] 📏 [UIA] 文字為空 → 不加句號
[paster]        [00:25:15.563] 🔮 預取游標位置: at_end=False, last_punct=False (delay=0.00s, est_api=0.54s)
[transcriber]   [00:25:16.361] ⏱️ API 耗時: 0.80s
[main]          [00:25:16.363] ✅ 分段辨識完成: "測試一下"
[paster]        [00:25:16.396] 🎯 PASTE: at_end=False, last_punct=False, add_prefix=False (prefetched), prefix='，', final='測試一下'
[paster]        [00:25:16.401] ⌨️ TEXT input flow start: target_chars=4，視窗="Analyzing Paste-Transcription Timing Sequence"，hwnd=0x015c200c，process=antigravity.exe，class=Chrome_WidgetWin_1，focus=('Message input', 'max-h-[300px] rounded-md cursor-text overflow-y-auto text-md p-2 outline-none transition-all duration-100 text-sm', '', 'ComboBoxControl')，verify_readable=True，keys_before=async_down=none; logical_down=none，text='測試一下'
[paster]        [00:25:16.401] ⌨️ 直接輸入前釋放修飾鍵: released=none，keys_after_release=async_down=none; logical_down=none
[paster]        [00:25:16.409] ⌨️ TEXT input done: ok=True，keys_after_send=async_down=none; logical_down=none
[paster]        [00:25:16.409] ⏱️ 收到→直接輸入完成: 0.05s
[paster]        [00:25:16.412] ⌨️ TEXT input verify: ok=True，reason=sendinput_trusted (hwnd unchanged)
[main]          [00:25:20.289] ⌨️ 主快捷鍵觸發（Win32/逗號），keys=async_down=Ctrl,RCtrl; logical_down=Ctrl,RCtrl
[main]          [00:25:20.291] ⌨️ after(0) 執行延遲 1.1ms[main]          [00:25:20.292] ⏳ 預熱 idle 計時器啟動，10 分鐘後關閉麥克風

[recorder][stop][00:25:20.292] 錄音太短 (0.06s)，略過
[main]          [00:25:21.259] ⌨️ 主快捷鍵觸發（Win32/逗號），keys=async_down=Ctrl,RCtrl; logical_down=Ctrl,RCtrl
[main]          [00:25:21.260] ⌨️ after(0) 執行延遲 0.8ms
[tap]           [00:25:21.302] 💤 敲麥監聽已停止
[recorder]      [00:25:21.302] 🚀 預熱命中，直接開始錄音
[main]          [00:25:21.302] ⏱️ recorder.start() 耗時 0.4ms，ok=True
[tap]           [00:25:21.307] 🎙️ 敲麥監聽已啟動
[main]          [00:25:21.316] 🎙️ 開始錄音
[tap][sample]   [00:26:06.762] 持續=1368ms 峰值=15282 ✗長 K=0.5 CF=3.5 SC=2357Hz Att=103.2ms | fK=0.6 fCF=3.5 fSC=2360Hz fFlat=0.560 fHF=0.042
[tap][sample]   [00:26:07.212] 持續=423ms 峰值=10770 ✗長 K=0.6 CF=3.7 SC=1687Hz Att=1.5ms | fK=0.9 fCF=3.8 fSC=1691Hz fFlat=0.437 fHF=0.013
[tap][dim]      [00:26:07.240] 持續=27ms 峰值=336 ✗弱
[tap][sample]   [00:26:08.076] 持續=801ms 峰值=12115 ✗長 K=1.2 CF=3.8 SC=1722Hz Att=31.6ms | fK=1.3 fCF=3.9 fSC=1725Hz fFlat=0.436 fHF=0.014
[tap][sample]   [00:26:08.814] 持續=702ms 峰值=9975 ✗長 K=1.8 CF=4.9 SC=2154Hz Att=2.2ms | fK=2.1 fCF=5.0 fSC=2152Hz fFlat=0.532 fHF=0.030
[recorder][VAD] [00:26:09.864] ✅ Silero 11/165 (28.9%), 0.35s speech
[recorder][flush][00:26:09.866] ✅ 取出 5.3s 音訊段落
[main]          [00:26:09.867] ✂️ 自動分段送出（靜音達1s，累積 5.3s，靜音 1.1s）
[paster]        [00:26:10.051] ⚠️ [UIA] 無 TextPattern
[paster]        [00:26:10.053] 🔮 預取游標位置: at_end=False, last_punct=False (delay=0.18s, est_api=0.60s)
[transcriber]   [00:26:11.012] ⏱️ API 耗時: 1.14s
[main]          [00:26:11.013] ✅ 分段辨識完成: "研究仔細一點，不要再搞錯任何東西了"
[paster]        [00:26:11.044] 🎯 PASTE: at_end=False, last_punct=False, add_prefix=False (prefetched), prefix='，', final='研究仔細一點，不要再搞錯任何東西了'
[paster]        [00:26:11.050] ⌨️ TEXT input flow start: target_chars=17，視窗="Analyzing Paste-Transcription Timing Sequence"，hwnd=0x015c200c，process=antigravity.exe，class=Chrome_WidgetWin_1，focus=('Message input', 'max-h-[300px] rounded-md cursor-text overflow-y-auto text-md p-2 outline-none transition-all duration-100 text-sm', '', 'ComboBoxControl')，verify_readable=True，keys_before=async_down=none; logical_down=none，text='研究仔細一點，不要再搞錯任何東西了'
[paster]        [00:26:11.051] ⌨️ 直接輸入前釋放修飾鍵: released=none，keys_after_release=async_down=none; logical_down=none
[paster]        [00:26:11.087] ⌨️ TEXT input done: ok=True，keys_after_send=async_down=none; logical_down=none
[paster]        [00:26:11.089] ⏱️ 收到→直接輸入完成: 0.08s
[paster]        [00:26:11.090] ⌨️ TEXT input verify: ok=True，reason=sendinput_trusted (hwnd unchanged)
[tap][dim]      [00:26:48.324] 持續=27ms 峰值=478 ✗弱
[tap][sample]   [00:26:48.900] 持續=576ms 峰值=13504 ✗長 K=1.4 CF=3.7 SC=1002Hz Att=82.4ms | fK=1.6 fCF=3.8 fSC=1001Hz fFlat=0.201 fHF=0.002
[tap][sample]   [00:26:49.395] 持續=459ms 峰值=12925 ✗長 K=1.9 CF=3.8 SC=1144Hz Att=1.1ms | fK=2.2 fCF=4.0 fSC=1144Hz fFlat=0.249 fHF=0.002
[tap][dim]      [00:26:49.423] 持續=27ms 峰值=510 ✗弱
[tap][sample]   [00:26:49.683] 持續=261ms 峰值=12339 ✗長 K=0.3 CF=3.1 SC=1103Hz Att=0.1ms | fK=0.7 fCF=3.3 fSC=1101Hz fFlat=0.220 fHF=0.002
[tap][sample]   [00:26:50.196] 持續=486ms 峰值=11323 ✗長 K=2.6 CF=4.6 SC=1237Hz Att=157.1ms | fK=3.0 fCF=4.8 fSC=1236Hz fFlat=0.279 fHF=0.003
[tap][sample]   [00:26:51.448] 持續=1224ms 峰值=12942 ✗長 K=1.0 CF=3.6 SC=1737Hz Att=0.1ms | fK=1.1 fCF=3.7 fSC=1739Hz fFlat=0.442 fHF=0.013
[recorder][VAD] [00:26:52.518] ✅ Silero 11/132 (84.6%), 0.35s speech
[recorder][flush][00:26:52.519] ✅ 取出 4.2s 音訊段落
[main]          [00:26:52.519] ✂️ 自動分段送出（靜音達1s，累積 4.2s，靜音 1.1s）
[paster]        [00:26:52.678] 📏 [UIA] 文字為空 → 不加句號
[paster]        [00:26:52.679] 🔮 預取游標位置: at_end=False, last_punct=False (delay=0.16s, est_api=0.58s)
[transcriber]   [00:26:53.270] ⏱️ API 耗時: 0.75s
[main]          [00:26:53.272] ✅ 分段辨識完成: "有可能關聯到的地方都要去研究"
[paster]        [00:26:53.304] 🎯 PASTE: at_end=False, last_punct=False, add_prefix=False (prefetched), prefix='，', final='有可能關聯到的地方都要去研究'
[paster]        [00:26:53.309] ⌨️ TEXT input flow start: target_chars=14，視窗="Analyzing Paste-Transcription Timing Sequence"，hwnd=0x015c200c，process=antigravity.exe，class=Chrome_WidgetWin_1，focus=('Message input', 'max-h-[300px] rounded-md cursor-text overflow-y-auto text-md p-2 outline-none transition-all duration-100 text-sm', '', 'ComboBoxControl')，verify_readable=True，keys_before=async_down=none; logical_down=none，text='有可能關聯到的地方都要去研究'
[paster]        [00:26:53.312] ⌨️ 直接輸入前釋放修飾鍵: released=none，keys_after_release=async_down=none; logical_down=none
[paster]        [00:26:53.327] ⌨️ TEXT input done: ok=True，keys_after_send=async_down=none; logical_down=none
[paster]        [00:26:53.329] ⏱️ 收到→直接輸入完成: 0.06s
[paster]        [00:26:53.331] ⌨️ TEXT input verify: ok=True，reason=sendinput_trusted (hwnd unchanged)
[tap][dim]      [00:33:30.210] 持續=36ms 峰值=307 ✗弱
[tap][sample]   [00:33:30.489] 持續=225ms 峰值=11261 ✗長 K=2.0 CF=3.6 SC=1575Hz Att=133.8ms | fK=2.8 fCF=3.8 fSC=1571Hz fFlat=0.357 fHF=0.010
[tap][sample]   [00:33:30.750] 持續=198ms 峰值=9795 ✗長 K=2.9 CF=4.5 SC=1479Hz Att=59.1ms | fK=3.9 fCF=4.9 fSC=1475Hz fFlat=0.318 fHF=0.007
[tap][sample]   [00:33:31.452] 持續=675ms 峰值=14453 ✗長 K=1.6 CF=4.2 SC=2039Hz Att=0.1ms | fK=1.8 fCF=4.3 fSC=2040Hz fFlat=0.512 fHF=0.036
[tap][dim]      [00:33:31.488] 持續=36ms 峰值=458 ✗弱
[tap][sample]   [00:33:31.650] 持續=72ms 峰值=9427 ✓ K=5.9 CF=4.7 SC=1911Hz Att=12.2ms | fK=10.2 fCF=5.7 fSC=1913Hz fFlat=0.437 fHF=0.029 🎯 敲擊 #1
[tap][sample]   [00:33:31.965] 持續=225ms 峰值=8871 ✗長 K=5.0 CF=5.5 SC=1622Hz Att=25.1ms | fK=6.1 fCF=5.9 fSC=1624Hz fFlat=0.352 fHF=0.008
[tap][sample]   [00:33:32.451] 持續=315ms 峰值=12323 ✗長 K=1.8 CF=4.0 SC=2587Hz Att=216.4ms | fK=2.3 fCF=4.2 fSC=2585Hz fFlat=0.550 fHF=0.078
[tap][sample]   [00:33:32.776] 持續=270ms 峰值=9921 ✗長 K=1.2 CF=3.9 SC=1230Hz Att=9.8ms | fK=1.7 fCF=4.1 fSC=1234Hz fFlat=0.245 fHF=0.003
[tap][sample]   [00:33:32.991] 持續=162ms 峰值=3652 ✗長 K=8.3 CF=7.3 SC=1593Hz Att=75.8ms | fK=10.5 fCF=8.0 fSC=1595Hz fFlat=0.297 fHF=0.012
[tap][dim]      [00:33:33.019] 持續=27ms 峰值=324 ✗弱
[tap][sample]   [00:33:33.378] 持續=315ms 峰值=15000 ✗長 K=1.8 CF=3.7 SC=1705Hz Att=12.0ms | fK=2.2 fCF=3.9 fSC=1705Hz fFlat=0.457 fHF=0.013
[tap][dim]      [00:33:33.406] 持續=27ms 峰值=563 ✗弱
[recorder][VAD] [00:33:34.501] ✅ Silero 11/145 (44.0%), 0.35s speech
[recorder][flush][00:33:34.502] ✅ 取出 4.6s 音訊段落
[main]          [00:33:34.502] ✂️ 自動分段送出（靜音達1s，累積 4.6s，靜音 1.1s）
[paster]        [00:33:34.671] 📏 [UIA] 文字為空 → 不加句號
[paster]        [00:33:34.672] 🔮 預取游標位置: at_end=False, last_punct=False (delay=0.17s, est_api=0.59s)
[transcriber]   [00:33:35.354] ⏱️ API 耗時: 0.85s
[main]          [00:33:35.354] ✅ 分段辨識完成: "這個改動應該是不大，但是不要改錯"
[paster]        [00:33:35.386] 🎯 PASTE: at_end=False, last_punct=False, add_prefix=False (prefetched), prefix='，', final='這個改動應該是不大，但是不要改錯'
[paster]        [00:33:35.391] ⌨️ TEXT input flow start: target_chars=16，視窗="Analyzing Paste-Transcription Timing Sequence"，hwnd=0x015c200c，process=antigravity.exe，class=Chrome_WidgetWin_1，focus=('Message input', 'max-h-[300px] rounded-md cursor-text overflow-y-auto text-md p-2 outline-none transition-all duration-100 text-sm', '', 'ComboBoxControl')，verify_readable=True，keys_before=async_down=none; logical_down=none，text='這個改動應該是不大，但是不要改錯'
[paster]        [00:33:35.392] ⌨️ 直接輸入前釋放修飾鍵: released=none，keys_after_release=async_down=none; logical_down=none
[paster]        [00:33:35.412] ⌨️ TEXT input done: ok=True，keys_after_send=async_down=none; logical_down=none
[paster]        [00:33:35.413] ⏱️ 收到→直接輸入完成: 0.06s
[paster]        [00:33:35.414] ⌨️ TEXT input verify: ok=True，reason=sendinput_trusted (hwnd unchanged)
[tap][sample]   [00:36:49.795] 持續=189ms 峰值=9599 ✗長 K=2.4 CF=4.1 SC=1539Hz Att=0.3ms | fK=3.2 fCF=4.4 fSC=1541Hz fFlat=0.270 fHF=0.009
[tap][sample]   [00:36:50.380] 持續=549ms 峰值=13191 ✗長 K=5.2 CF=5.2 SC=1152Hz Att=20.7ms | fK=5.7 fCF=5.3 fSC=1150Hz fFlat=0.229 fHF=0.002
[tap][sample]   [00:36:50.919] 持續=504ms 峰值=9721 ✗長 K=3.3 CF=4.8 SC=1319Hz Att=6.6ms | fK=3.7 fCF=4.9 fSC=1320Hz fFlat=0.205 fHF=0.004
[recorder][VAD] [00:36:51.939] ✅ Silero 11/82 (42.3%), 0.35s speech
[recorder][flush][00:36:51.940] ✅ 取出 2.6s 音訊段落
[main]          [00:36:51.941] ✂️ 自動分段送出（靜音達1s，累積 2.6s，靜音 1.0s）
[paster]        [00:36:51.944] 📏 [UIA] 文字為空 → 不加句號
[paster]        [00:36:51.944] 🔮 預取游標位置: at_end=False, last_punct=False (delay=0.00s, est_api=0.54s)
[transcriber]   [00:36:53.428] ⏱️ API 耗時: 1.49s
[main]          [00:36:53.431] ✅ 分段辨識完成: "改動很大嗎？"
[paster]        [00:36:53.471] 🎯 PASTE: at_end=False, last_punct=False, add_prefix=False (prefetched), prefix='，', final='改動很大嗎？'
[paster]        [00:36:53.484] ⌨️ TEXT input flow start: target_chars=6，視窗="Analyzing Paste-Transcription Timing Sequence"，hwnd=0x015c200c，process=antigravity.exe，class=Chrome_WidgetWin_1，focus=('Message input', 'max-h-[300px] rounded-md cursor-text overflow-y-auto text-md p-2 outline-none transition-all duration-100 text-sm', '', 'ComboBoxControl')，verify_readable=True，keys_before=async_down=none; logical_down=none，text='改動很大嗎？'
[paster]        [00:36:53.485] ⌨️ 直接輸入前釋放修飾鍵: released=none，keys_after_release=async_down=none; logical_down=none
[paster]        [00:36:53.516] ⌨️ TEXT input done: ok=True，keys_after_send=async_down=none; logical_down=none
[paster]        [00:36:53.519] ⏱️ 收到→直接輸入完成: 0.09s
[paster]        [00:36:53.524] ⌨️ TEXT input verify: ok=True，reason=sendinput_trusted (hwnd unchanged)
[tap][dim]      [00:37:05.192] 持續=27ms 峰值=332 ✗弱
[tap][sample]   [00:37:05.895] 持續=702ms 峰值=13308 ✗長 K=1.2 CF=4.1 SC=1274Hz Att=180.6ms | fK=1.4 fCF=4.2 fSC=1273Hz fFlat=0.274 fHF=0.003
[tap][dim]      [00:37:05.940] 持續=45ms 峰值=584 ✗弱
[tap][sample]   [00:37:06.254] 持續=288ms 峰值=9428 ✗長 K=4.2 CF=5.9 SC=1308Hz Att=11.8ms | fK=5.0 fCF=6.2 fSC=1307Hz fFlat=0.213 fHF=0.002
[tap][sample]   [00:37:07.434] 持續=1053ms 峰值=11833 ✗長 K=2.6 CF=4.6 SC=1442Hz Att=506.2ms | fK=2.8 fCF=4.7 fSC=1438Hz fFlat=0.354 fHF=0.007
[recorder][VAD] [00:37:08.601] ✅ Silero 11/121 (44.0%), 0.35s speech
[recorder][flush][00:37:08.601] ✅ 取出 3.9s 音訊段落
[main]          [00:37:08.602] ✂️ 自動分段送出（靜音達1s，累積 3.9s，靜音 1.2s）
[paster]        [00:37:08.752] 📏 [UIA] 文字為空 → 不加句號
[paster]        [00:37:08.752] 🔮 預取游標位置: at_end=False, last_punct=False (delay=0.15s, est_api=0.57s)
[transcriber]   [00:37:09.710] ⏱️ API 耗時: 1.11s
[main]          [00:37:09.713] ✅ 分段辨識完成: "你有把他變更複雜嗎？"
[paster]        [00:37:09.746] 🎯 PASTE: at_end=False, last_punct=False, add_prefix=False (prefetched), prefix='，', final='你有把他變更複雜嗎？'
[paster]        [00:37:09.753] ⌨️ TEXT input flow start: target_chars=10，視窗="Analyzing Paste-Transcription Timing Sequence"，hwnd=0x015c200c，process=antigravity.exe，class=Chrome_WidgetWin_1，focus=('Message input', 'max-h-[300px] rounded-md cursor-text overflow-y-auto text-md p-2 outline-none transition-all duration-100 text-sm', '', 'ComboBoxControl')，verify_readable=True，keys_before=async_down=none; logical_down=none，text='你有把他變更複雜嗎？'
[paster]        [00:37:09.754] ⌨️ 直接輸入前釋放修飾鍵: released=none，keys_after_release=async_down=none; logical_down=none
[paster]        [00:37:09.768] ⌨️ TEXT input done: ok=True，keys_after_send=async_down=none; logical_down=none
[paster]        [00:37:09.768] ⏱️ 收到→直接輸入完成: 0.06s
[paster]        [00:37:09.769] ⌨️ TEXT input verify: ok=True，reason=sendinput_trusted (hwnd unchanged)
[tap][dim]      [00:37:22.716] 持續=63ms 峰值=331 ✗弱
[tap][dim]      [00:37:23.166] 持續=36ms 峰值=478 ✗弱
[tap][dim]      [00:37:28.576] 持續=72ms 峰值=584 ✗弱
[tap][dim]      [00:37:28.634] 持續=31ms 峰值=523 ✗弱
[tap][sample]   [00:37:28.665] 持續=31ms 峰值=608 ✓ K=0.2 CF=3.0 SC=1119Hz Att=3.8ms | fK=1.8 fCF=4.0 fSC=1181Hz fFlat=0.328 fHF=0.002 🎯 敲擊 #1
[recorder][VAD] [00:37:29.727] ❌ Silero 1/57 (1.8%), 0.03s speech (need 16%/0.35s)
[recorder][flush][00:37:29.732] ❌ VAD 略過（語音比例不足 1.8% < 16%）
[tap]           [00:37:31.366] ⏱️ 間隔過長重置（2695ms）
[tap][sample]   [00:37:31.366] 持續=36ms 峰值=763 ✓ K=41.7 CF=9.3 SC=2289Hz Att=0.0ms | fK=84.9 fCF=13.2 fSC=2272Hz fFlat=0.446 fHF=0.032 🎯 敲擊 #1
[tap][sample]   [00:37:33.029] 持續=486ms 峰值=15406 ✗長 K=1.7 CF=3.4 SC=1048Hz Att=5.1ms | fK=2.0 fCF=3.5 fSC=1049Hz fFlat=0.173 fHF=0.002
[tap]           [00:37:33.948] ⏱️ 間隔過長重置（2592ms）
[tap][sample]   [00:37:33.948] 持續=27ms 峰值=610 ✓ K=10.9 CF=6.1 SC=734Hz Att=0.6ms | fK=21.8 fCF=8.3 fSC=789Hz fFlat=0.155 fHF=0.000 🎯 敲擊 #1
[tap][dim]      [00:37:34.020] 持續=36ms 峰值=326 ✗弱
[recorder][VAD] [00:37:35.212] ❌ Silero 3/88 (3.4%), 0.10s speech (need 16%/0.35s)
[recorder][flush][00:37:35.213] ❌ VAD 略過（語音比例不足 3.4% < 16%）
[main]          [00:37:50.248] ⌨️ 主快捷鍵觸發（Win32/逗號），keys=async_down=none; logical_down=Ctrl,RCtrl
[main]          [00:37:50.249] ⌨️ after(0) 執行延遲 1.4ms[main]          [00:37:50.252] ⏳ 預熱 idle 計時器啟動，10 分鐘後關閉麥克風

[recorder][stop][00:37:50.253] 錄音太短 (0.42s)，略過
[tap]           [00:39:31.526] 💤 敲麥監聽已停止
[recorder]      [00:39:31.601] 💤 預熱 stream 已關閉
