[main]          [01:35:51.083] LOG -> F:\Cursor\AI Whisper Next\logs\ai_whisper_20260609_013551_P8-32.current.log
[settings]      [01:35:51.084] config loaded from F:\Cursor\AI Whisper Next\config.json
[main]          [01:35:51.215] ✅ 快捷鍵 ctrl+f11（句號）、ctrl+f12（逗號）已註冊
[main]          [01:35:51.216] ✅ 主快捷鍵 2/2 已註冊 (Win32)
[main]          [01:35:51.216] ✅ 記憶快捷鍵 5/5 已註冊 (Win32)
[tap]           [01:35:51.230] 🎙️ 敲麥監聽已啟動
[main]          [01:35:51.231] 🔧 DIAG 關閉元件: (none)
[debug]         [01:35:51.242] 🔍 Debug server listening on 127.0.0.1:47643
[recorder][VAD] [01:35:51.413] 載入 Silero VAD 模型 (ONNX): F:\Cursor\AI Whisper Next\assets\silero_vad.onnx
[recorder][VAD] [01:35:51.503] Silero VAD 模型載入完成 (ONNX)
[transcriber]   [01:35:52.361] 🔌 HTTP 連線預熱完成 (1.13s)
[main]          [01:35:57.859] ⌨️ 主快捷鍵觸發（Win32/逗號），keys=async_down=Ctrl,RCtrl; logical_down=Ctrl,RCtrl
[main]          [01:35:57.867] ⌨️ after(0) 執行延遲 8.1ms
[tap]           [01:35:57.920] 💤 敲麥監聽已停止
[recorder]      [01:35:57.931] ⏱️ InputStream() 9.8ms
[recorder]      [01:35:57.931] ⏱️ stream.start() 0.4ms
[recorder]      [01:35:57.931] 🎙️ 錄音就緒，總初始化 10.2ms
[main]          [01:35:57.932] ⏱️ recorder.start() 耗時 10.6ms，ok=True
[tap]           [01:35:58.462] 🎙️ 敲麥監聽已啟動
[main]          [01:35:58.469] 🎙️ 開始錄音
[recorder]      [01:35:58.692] 🎤 第一包音訊到達，麥克風實際開啟延遲 760.9ms
[tap][sample]   [01:35:59.898] 持續=666ms 峰值=13669 ✗長 K=0.7 CF=3.5 SC=2858Hz Att=42.4ms | fK=0.8 fCF=3.6 fSC=2861Hz fFlat=0.587 fHF=0.129
[tap][sample]   [01:36:00.735] 持續=738ms 峰值=11784 ✗長 K=1.3 CF=4.0 SC=2884Hz Att=53.1ms | fK=1.5 fCF=4.1 fSC=2885Hz fFlat=0.583 fHF=0.140
[recorder][VAD] [01:36:01.921] ✅ Silero 11/102 (34.4%), 0.35s speech
[recorder][flush][01:36:01.922] ✅ 取出 3.3s 音訊段落
[main]          [01:36:01.922] ✂️ 自動分段送出（靜音達1s，累積 3.3s，靜音 1.2s）
[paster]        [01:36:02.125] 📏 [UIA] 文字為空 → 不加句號
[paster]        [01:36:02.126] 🔮 預取游標位置: at_end=False, last_punct=False (delay=0.13s, est_api=0.55s)
[transcriber]   [01:36:02.880] ⏱️ API 耗時: 0.96s
[main]          [01:36:02.881] ✅ 分段辨識完成: "測試測試"
[paster]        [01:36:02.913] 🎯 PASTE: at_end=False, last_punct=False, add_prefix=False (prefetched), prefix='，', final='測試測試'
[paster]        [01:36:02.918] ⌨️ TEXT input flow start: target_chars=4，視窗="Pushing Changes to Git"，hwnd=0x015c200c，process=antigravity.exe，class=Chrome_WidgetWin_1，focus=('Message input', 'max-h-[300px] rounded-md cursor-text overflow-y-auto text-md p-2 outline-none transition-all duration-100 text-sm', '', 'ComboBoxControl')，verify_readable=True，keys_before=async_down=none; logical_down=none，text='測試測試'
[paster]        [01:36:02.918] ⌨️ 直接輸入前釋放修飾鍵: released=none，keys_after_release=async_down=none; logical_down=none
[paster]        [01:36:02.923] ⌨️ TEXT input done: ok=True，keys_after_send=async_down=none; logical_down=none
[paster]        [01:36:02.926] ⏱️ 收到→直接輸入完成: 0.05s
[paster]        [01:36:02.928] ⌨️ TEXT input verify: ok=True，reason=wm_char_trusted
[paster]        [01:36:02.929] 📢 _notify_text_pasted → calling callback
[main]          [01:36:03.620] ✅ overlay 顯示「辨識完成 ✓」(recording, polled)
[main]          [01:36:18.969] ⌨️ 主快捷鍵觸發（Win32/逗號），keys=async_down=Ctrl,RCtrl; logical_down=Ctrl,RCtrl
[main]          [01:36:18.971] ⌨️ after(0) 執行延遲 2.1ms[main]          [01:36:18.971] ⏳ 預熱 idle 計時器啟動，10 分鐘後關閉麥克風

[tap][dim]      [01:36:22.488] 持續=27ms 峰值=359 ✗弱
[tap][sample]   [01:36:23.838] 持續=27ms 峰值=812 ✓ K=23.8 CF=8.7 SC=2061Hz Att=0.5ms | fK=40.5 fCF=11.7 fSC=2018Hz fFlat=0.440 fHF=0.021 🎯 敲擊 #1
[tap][dim]      [01:36:23.973] 持續=45ms 峰值=545 ✗弱
[tap][dim]      [01:36:24.702] 持續=27ms 峰值=547 ✗弱
[tap]           [01:36:27.582] ⏱️ 間隔過長重置（3717ms）
[tap][sample]   [01:36:27.582] 持續=54ms 峰值=2359 ✓ K=22.8 CF=8.4 SC=2625Hz Att=0.8ms | fK=32.7 fCF=10.0 fSC=2620Hz fFlat=0.494 fHF=0.099 🎯 敲擊 #1
[tap][dim]      [01:36:27.618] 持續=36ms 峰值=500 ✗弱
[tap]           [01:37:47.349] 💤 敲麥監聽已停止
[recorder]      [01:37:47.422] 💤 預熱 stream 已關閉
