[main] LOG -> F:\Cursor\AI Whisper Next\ai_whisper_20260516_013338.log
[settings] config loaded from F:\Cursor\AI Whisper Next\config.json
[main][01:33:38.629] ✅ 快捷鍵 ctrl+f12（句號）、ctrl+f11（逗號）已註冊
[main][01:33:38.630] ✅ 記憶快捷鍵 5/5 已註冊 (Win32)
[tap]         🎙️ 敲麥監聽已啟動
[recorder][VAD] 載入 Silero VAD 模型...
Using cache found in C:\Users\Administrator/.cache\torch\hub\snakers4_silero-vad_master
[recorder][VAD] ⚠️ Silero VAD 載入失敗，使用 RMS 備援: No module named 'torchaudio'
[tap][sample][01:33:51.556] 持續=153ms 峰值=12973 ✓ 🎯 敲擊 #1
[tap][sample][01:33:51.772] 持續=153ms 峰值=13634 ✓ 🎯 敲擊 #2
[tap][sample][01:33:52.006] 持續=153ms 峰值=14818 ✓ 🎯 敲擊 #3
[tap]        [01:33:52.006] 🔔 三連敲觸發（間隔 216ms / 234ms，一致性 0.92）
[recorder][01:33:52] ⏱️ InputStream() 6.4ms
[recorder][01:33:52] ⏱️ stream.start() 0.7ms
[recorder][01:33:52] 🎙️ 錄音就緒，總初始化 7.1ms
[main][01:33:52.015] ⏱️ recorder.start() 耗時 8.0ms，ok=True
[main][01:33:52.026] 🎙️ 開始錄音
[recorder][01:33:52] 🎤 第一包音訊到達，麥克風實際開啟延遲 18.7ms
[recorder][VAD] RMS 語音幀 0/33 (0.0%)，有效語音 0.00s，閾值 450，最低比例 16%，最低語音 0.35s
[recorder][flush] ❌ VAD 未達有效語音門檻，略過（語音比例不足 0.0% < 16%）
[tap][sample][01:33:53.860] 持續=351ms 峰值=9459 ✗長
[tap][sample][01:33:54.652] 持續=765ms 峰值=8210 ✗長
[tap][sample][01:33:55.075] 持續=341ms 峰值=6481 ✗長
[tap][sample][01:33:55.237] 持續=135ms 峰值=3255 ✗長
[tap][sample][01:33:55.615] 持續=63ms 峰值=1037 ✓ 🎯 敲擊 #1
[tap][dim]   [01:33:55.723] 持續=108ms 峰值=541 ✗弱
[recorder][VAD] RMS 語音幀 57/122 (46.7%)，有效語音 1.71s，閾值 450，最低比例 16%，最低語音 0.35s
[recorder][flush] ✅ 取出 3.7s 音訊段落
[main][01:33:56.689] ✂️ 自動分段送出（靜音達1s，累積 3.7s，靜音 1.0s）
[paster][01:33:56] 📏 [UIA] 文字為空 → 不加句號
[paster][01:33:56] 🔮 預取游標位置: at_end=False, last_punct=False (delay=0.17s, est_api=0.62s)
[recorder][VAD] RMS 語音幀 0/33 (0.0%)，有效語音 0.00s，閾值 450，最低比例 16%，最低語音 0.35s
[recorder][flush] ❌ VAD 未達有效語音門檻，略過（語音比例不足 0.0% < 16%）
[recorder][VAD] RMS 語音幀 0/40 (0.0%)，有效語音 0.00s，閾值 450，最低比例 16%，最低語音 0.35s
[recorder][flush] ❌ VAD 未達有效語音門檻，略過（語音比例不足 0.0% < 16%）
[transcriber][01:33:59.169] ⏱️ API 耗時: 2.30s
[main][01:33:59.169] ✅ 分段辨識完成: "掃的速度再快一點"
[paster][01:33:59] 🎯 PASTE: at_end=False, last_punct=False, add_prefix=False (prefetched), prefix='。', final='掃的速度再快一點'
[paster][01:33:59] 📋 CLIP flow start: target_chars=8, restore_delay=0.30s
[main][01:33:59.851] ⌨️ 記憶快捷鍵 1 觸發，keys=async_down=Shift,Alt,LShift,LAlt; logical_down=Shift,Alt,LShift,LAlt
[paster][01:33:59] 📋 CLIP backup: count=7, formats=49367:1295B, 13:64B, 50188:24B, 50131:12B, 16:4B, 1:60B, 7:60B, text='還是沒成功，你沒辦法透過某種API取得系'
[paster][01:33:59] 📋 CLIP set attempt 1/4: chars=8, bytes=18, preview='掃的速度再快一點'
[main][01:33:59.884] 📋 貼上記憶 1: "掃的速度再快一點"
[paster][01:33:59] 📋 CLIP verify ok: attempt=1, chars=8, text='掃的速度再快一點'
[paster][01:34:00] ⌨️ Ctrl+V 準備送出，cb_ok=True，視窗="Fix system tray icon res… - AI Whisper Next - Cursor [系統管理員]"，hwnd=0x00101060，keys_before=async_down=none; logical_down=none，text='掃的速度再快一點'
[paster][01:34:00] ⌨️ 貼上前釋放修飾鍵: released=none，restore_later=none，keys_after_release=async_down=none; logical_down=none
[paster][01:34:00] ⌨️ Ctrl+V 已送出，keys_after_send=async_down=none; logical_down=none
[paster][01:34:00] 🚫 CLIP guard armed: manual Ctrl+V suppressed
[paster][01:34:00] ⏱️ 收到→貼上完成: 0.84s
[paster][01:34:00] 📋 CLIP restore wait: 0.30s
[paster][01:34:00] 📋 CLIP restore attempt 1/4: text='還是沒成功，你沒辦法透過某種API取得系'
[paster][01:34:00] 📋 CLIP restore: restored=7/7, formats=49367:1295B, 13:64B, 50188:24B, 50131:12B, 16:4B, 1:60B, 7:60B, text='還是沒成功，你沒辦法透過某種API取得系'
[paster][01:34:00] 📋 CLIP restore verify ok: attempt=1, text='還是沒成功，你沒辦法透過某種API取得系'
[paster][01:34:00] 🚫 CLIP guard disarmed: blocked=0
[paster][01:34:00] 📋 CLIP watchdog skip: pending paste queued, checks=0, repairs=0
[paster][01:34:00] 📋 剪貼簿已還原驗證（7 種格式，restore_ok=True, watch_ok=True）
[paster][01:34:00] 📏 [UIA] text='掃的速度再快一點', text_after='', at_end=True, last_punct=False
[paster][01:34:00] 🎯 PASTE: at_end=True, last_punct=False, add_prefix=True, prefix='。', uia=506ms, final='掃的速度再快一點'
[paster][01:34:00] 📋 CLIP flow start: target_chars=9, restore_delay=0.30s
[paster][01:34:00] 📋 CLIP backup: count=7, formats=49367:1295B, 13:64B, 50188:24B, 50131:12B, 16:4B, 1:60B, 7:60B, text='還是沒成功，你沒辦法透過某種API取得系'
[paster][01:34:00] 📋 CLIP set attempt 1/4: chars=9, bytes=20, preview='。掃的速度再快一點'
[paster][01:34:01] 📋 CLIP verify ok: attempt=1, chars=9, text='。掃的速度再快一點'
[paster][01:34:01] ⌨️ Ctrl+V 準備送出，cb_ok=True，視窗="Fix system tray icon res… - AI Whisper Next - Cursor [系統管理員]"，hwnd=0x00101060，keys_before=async_down=none; logical_down=none，text='。掃的速度再快一點'
[paster][01:34:01] ⌨️ 貼上前釋放修飾鍵: released=none，restore_later=none，keys_after_release=async_down=none; logical_down=none
[paster][01:34:01] ⌨️ Ctrl+V 已送出，keys_after_send=async_down=none; logical_down=none
[paster][01:34:01] 🚫 CLIP guard armed: manual Ctrl+V suppressed
[paster][01:34:01] 📋 CLIP restore wait: 0.30s
[recorder][VAD] RMS 語音幀 0/37 (0.0%)，有效語音 0.00s，閾值 450，最低比例 16%，最低語音 0.35s
[recorder][flush] ❌ VAD 未達有效語音門檻，略過（語音比例不足 0.0% < 16%）
[paster][01:34:01] 📋 CLIP restore attempt 1/4: text='還是沒成功，你沒辦法透過某種API取得系'
[paster][01:34:01] 📋 CLIP restore: restored=7/7, formats=49367:1295B, 13:64B, 50188:24B, 50131:12B, 16:4B, 1:60B, 7:60B, text='還是沒成功，你沒辦法透過某種API取得系'
[paster][01:34:01] 📋 CLIP restore verify ok: attempt=1, text='還是沒成功，你沒辦法透過某種API取得系'
[paster][01:34:01] 🚫 CLIP guard disarmed: blocked=0
[recorder][VAD] RMS 語音幀 0/34 (0.0%)，有效語音 0.00s，閾值 450，最低比例 16%，最低語音 0.35s
[recorder][flush] ❌ VAD 未達有效語音門檻，略過（語音比例不足 0.0% < 16%）
[recorder][VAD] RMS 語音幀 0/33 (0.0%)，有效語音 0.00s，閾值 450，最低比例 16%，最低語音 0.35s
[recorder][flush] ❌ VAD 未達有效語音門檻，略過（語音比例不足 0.0% < 16%）
[paster][01:34:03] 📋 CLIP watchdog done: checks=11, repairs=0, ok=True, final='還是沒成功，你沒辦法透過某種API取得系'
[paster][01:34:03] 📋 剪貼簿已還原驗證（7 種格式，restore_ok=True, watch_ok=True）
[tap]         ⏱️ 間隔過長重置（8541ms）
[tap][sample][01:34:04.120] 持續=27ms 峰值=1499 ✓ 🎯 敲擊 #1
[tap][dim]   [01:34:04.227] 持續=45ms 峰值=306 ✗弱
[tap][sample][01:34:04.444] 持續=126ms 峰值=12349 ✓ 🎯 敲擊 #2
[tap][sample][01:34:04.659] 持續=153ms 峰值=13894 ✓ 🎯 敲擊 #3
[tap]        [01:34:04.659] 🔔 三連敲觸發（間隔 225ms / 189ms，一致性 0.84）
[main][01:34:04.662] ⏳ 預熱 idle 計時器啟動，10 分鐘後關閉麥克風
[recorder][VAD] RMS 語音幀 11/40 (27.5%)，有效語音 0.33s，閾值 450，最低比例 16%，最低語音 0.35s
[recorder][stop] ❌ VAD 未達有效語音門檻，不送出辨識（有效語音太短 0.33s < 0.35s）
