[main]          [01:33:53.935] LOG -> F:\Cursor\AI Whisper Next\logs\ai_whisper_20260609_013353_P8-32.current.log
[settings]      [01:33:53.936] config loaded from F:\Cursor\AI Whisper Next\config.json
[main]          [01:33:54.075] ✅ 快捷鍵 ctrl+f11（句號）、ctrl+f12（逗號）已註冊
[main]          [01:33:54.076] ✅ 主快捷鍵 2/2 已註冊 (Win32)
[main]          [01:33:54.077] ✅ 記憶快捷鍵 5/5 已註冊 (Win32)
[tap]           [01:33:54.092] 🎙️ 敲麥監聽已啟動
[main]          [01:33:54.092] 🔧 DIAG 關閉元件: (none)
[debug]         [01:33:54.100] 🔍 Debug server listening on 127.0.0.1:47643
[recorder][VAD] [01:33:54.260] 載入 Silero VAD 模型 (ONNX): F:\Cursor\AI Whisper Next\assets\silero_vad.onnx
[recorder][VAD] [01:33:54.348] Silero VAD 模型載入完成 (ONNX)
[transcriber]   [01:33:55.238] 🔌 HTTP 連線預熱完成 (1.14s)
[transcriber]   [01:34:02.643] ⏱️ API 耗時: 1.17s
[main]          [01:34:02.644] ✅ 分段辨識完成: "哈囉哈囉你好你好"
[paster]        [01:34:03.738] 📏 [UIA] 文字為空 → 不加句號
[paster]        [01:34:03.738] 🎯 PASTE: at_end=False, last_punct=False, add_prefix=False, prefix='。', uia=95ms, final='哈囉哈囉你好你好'
[paster]        [01:34:03.742] ⌨️ TEXT input skipped: target not UIA-readable (cannot verify)，process=python.exe，class=Qt6111QWindowIcon，focus=('', 'QScrollArea', 'QApplication.MainWindow.QStackedWidget.SettingsPage.QScrollArea', 'GroupControl')
[paster]        [01:34:03.742] ⌨️ TEXT input skipped: process=python.exe，class=Qt6111QWindowIcon，focus=('', 'QScrollArea', 'QApplication.MainWindow.QStackedWidget.SettingsPage.QScrollArea', 'GroupControl')，preserve_ctrl=False
[paster]        [01:34:03.742] 📋 CLIP flow start: target_chars=8, restore_delay=0.30s
[paster]        [01:34:03.742] 📋 CLIP backup: count=7, formats=49377:3957B, 13:24B, 49991:24B, 49941:265B, 16:4B, 1:16B, 7:16B, text=' 沒有 exec 命令'
[paster]        [01:34:03.743] 📋 CLIP set attempt 1/4: chars=8, bytes=18, preview='哈囉哈囉你好你好'
[paster]        [01:34:03.804] 📋 CLIP verify ok: attempt=1, chars=8, text='哈囉哈囉你好你好'
[paster]        [01:34:03.885] ⌨️ Ctrl+V 準備送出，cb_ok=True，視窗="AI Whisper"，hwnd=0x034a0d10，process=python.exe，class=Qt6111QWindowIcon，keys_before=async_down=none; logical_down=none，text='哈囉哈囉你好你好'
[paster]        [01:34:03.887] ⌨️ 貼上前釋放修飾鍵: released=none，restore_later=none，preserve_ctrl=False，keys_after_release=async_down=none; logical_down=none
[paster]        [01:34:03.894] ⌨️ Ctrl+V 已送出，keys_after_send=async_down=none; logical_down=none
[paster]        [01:34:03.985] 🚫 CLIP guard armed: manual Ctrl+V suppressed
[paster]        [01:34:03.986] ⏱️ 收到→貼上完成: 1.34s
[paster]        [01:34:03.987] 📢 _notify_text_pasted → calling callback
[paster]        [01:34:03.987] 📋 CLIP restore wait: 0.30s
[paster]        [01:34:04.702] 📋 CLIP restore attempt 1/4: text=' 沒有 exec 命令'
[main]          [01:34:04.703] ✅ overlay 顯示「辨識完成 ✓」(recording, polled)[paster]        [01:34:04.703] 📋 CLIP restore: restored=7/7, formats=49377:3957B, 13:24B, 49991:24B, 49941:265B, 16:4B, 1:16B, 7:16B, text=' 沒有 exec 命令'

[paster]        [01:34:04.825] 📋 CLIP restore verify ok: attempt=1, text=' 沒有 exec 命令'
[paster]        [01:34:04.826] 🚫 CLIP guard disarmed: blocked=0
[paster]        [01:34:07.034] 📋 CLIP watchdog done: checks=11, repairs=0, ok=True, final=' 沒有 exec 命令'
[paster]        [01:34:07.034] 📋 剪貼簿已還原驗證（7 種格式，restore_ok=True, watch_ok=True）
[main]          [01:34:22.770] ⌨️ 主快捷鍵觸發（Win32/逗號），keys=async_down=Ctrl,RCtrl; logical_down=Ctrl,RCtrl
[main]          [01:34:22.773] ⌨️ after(0) 執行延遲 3.3ms[main]          [01:34:22.775] ⏳ 預熱 idle 計時器啟動，10 分鐘後關閉麥克風

[tap][sample]   [01:34:24.418] 持續=639ms 峰值=13968 ✗長 K=0.6 CF=3.3 SC=3013Hz Att=70.3ms | fK=0.8 fCF=3.4 fSC=3008Hz fFlat=0.585 fHF=0.162
[tap][dim]      [01:34:24.472] 持續=55ms 峰值=592 ✗弱
[tap][sample]   [01:34:25.083] 持續=603ms 峰值=12154 ✗長 K=0.7 CF=3.5 SC=3081Hz Att=26.0ms | fK=1.0 fCF=3.7 fSC=3078Hz fFlat=0.593 fHF=0.179
[tap][dim]      [01:34:25.119] 持續=36ms 峰值=454 ✗弱
[tap][dim]      [01:34:25.469] 持續=27ms 峰值=462 ✗弱
[tap][sample]   [01:34:27.360] 持續=585ms 峰值=11586 ✗長 K=3.2 CF=4.9 SC=2882Hz Att=86.3ms | fK=3.5 fCF=5.0 fSC=2882Hz fFlat=0.560 fHF=0.140
[tap][dim]      [01:34:27.387] 持續=27ms 峰值=410 ✗弱
[main]          [01:34:28.056] ⌨️ 主快捷鍵觸發（Win32/逗號），keys=async_down=Ctrl,RCtrl; logical_down=Ctrl,RCtrl
[main]          [01:34:28.061] ⌨️ after(0) 執行延遲 4.8ms
[tap]           [01:34:28.151] 💤 敲麥監聽已停止
[recorder]      [01:34:28.162] ⏱️ InputStream() 10.4ms
[recorder]      [01:34:28.163] ⏱️ stream.start() 0.7ms
[recorder]      [01:34:28.163] 🎙️ 錄音就緒，總初始化 11.1ms
[main]          [01:34:28.163] ⏱️ recorder.start() 耗時 11.8ms，ok=True
[tap]           [01:34:28.698] 🎙️ 敲麥監聽已啟動
[main]          [01:34:28.737] 🎙️ 開始錄音
[recorder]      [01:34:28.935] 🎤 第一包音訊到達，麥克風實際開啟延遲 772.3ms
[tap][sample]   [01:34:30.788] 持續=1179ms 峰值=13680 ✗長 K=0.6 CF=3.5 SC=2910Hz Att=143.8ms | fK=0.7 fCF=3.5 fSC=2912Hz fFlat=0.562 fHF=0.134
[tap][dim]      [01:34:30.816] 持續=27ms 峰值=516 ✗弱
[tap][sample]   [01:34:31.401] 持續=585ms 峰值=12821 ✗長 K=0.8 CF=3.7 SC=3019Hz Att=21.1ms | fK=1.0 fCF=3.8 fSC=3019Hz fFlat=0.576 fHF=0.173
[tap][dim]      [01:34:31.437] 持續=36ms 峰值=396 ✗弱
[recorder][VAD] [01:34:32.597] ✅ Silero 11/115 (30.6%), 0.35s speech
[recorder][flush][01:34:32.597] ✅ 取出 3.7s 音訊段落
[main]          [01:34:32.599] ✂️ 自動分段送出（靜音達1s，累積 3.7s，靜音 1.2s）
[paster]        [01:34:32.749] ⚠️ [UIA] 無 TextPattern
[paster]        [01:34:32.750] 🔮 預取游標位置: at_end=False, last_punct=False (delay=0.14s, est_api=0.56s)
[transcriber]   [01:34:33.436] ⏱️ API 耗時: 0.84s
[main]          [01:34:33.441] ✅ 分段辨識完成: "測試測試測試"
[paster]        [01:34:33.477] 🎯 PASTE: at_end=False, last_punct=False, add_prefix=False (prefetched), prefix='，', final='測試測試測試'
[paster]        [01:34:33.484] ⌨️ TEXT input flow start: target_chars=6，視窗="Analyzing Paste-Transcription Timing Sequence"，hwnd=0x015c200c，process=antigravity.exe，class=Chrome_WidgetWin_1，focus=('Message input', 'max-h-[300px] rounded-md cursor-text overflow-y-auto text-md p-2 outline-none transition-all duration-100 text-sm', '', 'ComboBoxControl')，verify_readable=True，keys_before=async_down=none; logical_down=none，text='測試測試測試'
[paster]        [01:34:33.485] ⌨️ 直接輸入前釋放修飾鍵: released=none，keys_after_release=async_down=none; logical_down=none
[paster]        [01:34:33.488] ⌨️ TEXT input done: ok=True，keys_after_send=async_down=none; logical_down=none
[paster]        [01:34:33.492] ⏱️ 收到→直接輸入完成: 0.05s
[paster]        [01:34:33.494] ⌨️ TEXT input verify: ok=True，reason=wm_char_trusted
[paster]        [01:34:33.495] 📢 _notify_text_pasted → calling callback
[main]          [01:34:33.543] ✅ overlay 顯示「辨識完成 ✓」(recording, polled)
[tap]           [01:34:51.310] 💤 敲麥監聽已停止
[recorder]      [01:34:51.387] 💤 預熱 stream 已關閉
