[main]          [01:37:49.489] LOG -> F:\Cursor\AI Whisper Next\logs\ai_whisper_20260609_013749_P8-32.current.log
[settings]      [01:37:49.491] config loaded from F:\Cursor\AI Whisper Next\config.json
[main]          [01:37:49.665] ✅ 快捷鍵 ctrl+f11（句號）、ctrl+f12（逗號）已註冊
[main]          [01:37:49.666] ✅ 主快捷鍵 2/2 已註冊 (Win32)
[main]          [01:37:49.667] ✅ 記憶快捷鍵 5/5 已註冊 (Win32)
[tap]           [01:37:49.683] 🎙️ 敲麥監聽已啟動
[main]          [01:37:49.686] 🔧 DIAG 關閉元件: (none)
[debug]         [01:37:49.698] 🔍 Debug server listening on 127.0.0.1:47643
[recorder][VAD] [01:37:49.858] 載入 Silero VAD 模型 (ONNX): F:\Cursor\AI Whisper Next\assets\silero_vad.onnx
[recorder][VAD] [01:37:49.945] Silero VAD 模型載入完成 (ONNX)
[transcriber]   [01:37:51.200] 🔌 HTTP 連線預熱完成 (1.51s)
[transcriber]   [01:37:58.477] ⏱️ API 耗時: 1.46s
[main]          [01:37:58.478] ✅ 分段辨識完成: "哈囉哈囉，你好你好"
[paster]        [01:37:59.525] 📏 [UIA] 文字為空 → 不加句號
[paster]        [01:37:59.526] 🎯 PASTE: at_end=False, last_punct=False, add_prefix=False, prefix='。', uia=47ms, final='哈囉哈囉，你好你好'
[paster]        [01:37:59.529] ⌨️ TEXT input skipped: target not UIA-readable (cannot verify)，process=python.exe，class=Qt6111QWindowIcon，focus=('AI Whisper', 'MainWindow', 'QApplication.MainWindow', 'WindowControl')
[paster]        [01:37:59.529] ⌨️ TEXT input skipped: process=python.exe，class=Qt6111QWindowIcon，focus=('AI Whisper', 'MainWindow', 'QApplication.MainWindow', 'WindowControl')，preserve_ctrl=False
[paster]        [01:37:59.530] 📋 CLIP flow start: target_chars=9, restore_delay=0.30s
[paster]        [01:37:59.530] 📋 CLIP backup: count=7, formats=49377:1167B, 13:6B, 49991:24B, 49941:265B, 16:4B, 1:5B, 7:5B, text='啟動'
[paster]        [01:37:59.531] 📋 CLIP set attempt 1/4: chars=9, bytes=20, preview='哈囉哈囉，你好你好'
[paster]        [01:37:59.592] 📋 CLIP verify ok: attempt=1, chars=9, text='哈囉哈囉，你好你好'
[paster]        [01:37:59.678] ⌨️ Ctrl+V 準備送出，cb_ok=True，視窗="AI Whisper"，hwnd=0x013622d4，process=python.exe，class=Qt6111QWindowIcon，keys_before=async_down=none; logical_down=none，text='哈囉哈囉，你好你好'
[paster]        [01:37:59.685] ⌨️ 貼上前釋放修飾鍵: released=none，restore_later=none，preserve_ctrl=False，keys_after_release=async_down=none; logical_down=none
[paster]        [01:37:59.694] ⌨️ Ctrl+V 已送出，keys_after_send=async_down=none; logical_down=none
[paster]        [01:37:59.813] 🚫 CLIP guard armed: manual Ctrl+V suppressed
[paster]        [01:37:59.813] ⏱️ 收到→貼上完成: 1.33s
[paster]        [01:37:59.814] 📢 _notify_text_pasted → calling callback
[paster]        [01:37:59.814] 📋 CLIP restore wait: 0.30s
[paster]        [01:38:21.767] 📋 CLIP restore attempt 1/4: text='啟動'[main]          [01:38:21.767] ✅ overlay 顯示「辨識完成 ✓」(recording, polled)

[paster]        [01:38:21.769] 📋 CLIP restore: restored=7/7, formats=49377:1167B, 13:6B, 49991:24B, 49941:265B, 16:4B, 1:5B, 7:5B, text='啟動'
[paster]        [01:38:21.892] 📋 CLIP restore verify ok: attempt=1, text='啟動'
[paster]        [01:38:21.893] 🚫 CLIP guard disarmed: blocked=0
[paster]        [01:38:24.098] 📋 CLIP watchdog done: checks=11, repairs=0, ok=True, final='啟動'
[paster]        [01:38:24.099] 📋 剪貼簿已還原驗證（7 種格式，restore_ok=True, watch_ok=True）
[main]          [01:39:12.842] ✅ overlay 顯示「辨識完成 ✓」(recording, polled)
[main]          [01:40:01.731] ✅ overlay 顯示「辨識完成 ✓」(recording, polled)
[main]          [01:40:09.588] ✅ overlay 顯示「辨識完成 ✓」(recording, polled)
[tap]           [01:40:26.526] 💤 敲麥監聽已停止
[recorder]      [01:40:26.532] 💤 預熱 stream 已關閉
