[main] LOG -> F:\Cursor\AI Whisper Next\ai_whisper_20260516_162031.log
[settings] config loaded from F:\Cursor\AI Whisper Next\config.json
[main][16:20:31.552] ✅ 快捷鍵 ctrl+f12（句號）、ctrl+f11（逗號）已註冊
[main][16:20:31.552] ✅ Ctrl狀態防護已啟動
[main][16:20:31.552] ✅ 記憶快捷鍵 5/5 已註冊 (Win32)
[tap]         🎙️ 敲麥監聽已啟動
[recorder][VAD] 載入 Silero VAD 模型...
Using cache found in C:\Users\Administrator/.cache\torch\hub\snakers4_silero-vad_master
[recorder][VAD] ⚠️ Silero VAD 載入失敗，使用 RMS 備援: No module named 'torchaudio'
[tap][sample][16:21:13.985] 持續=63ms 峰值=4100 ✓ 🎯 敲擊 #1
[tap][dim]   [16:21:22.499] 持續=27ms 峰值=313 ✗弱
[tap]         ⏱️ 間隔過長重置（9433ms）
[tap][sample][16:21:23.390] 持續=36ms 峰值=2127 ✓ 🎯 敲擊 #1
[tap]         ⏱️ 間隔過長重置（1044ms）
[tap][sample][16:21:24.425] 持續=26ms 峰值=2605 ✓ 🎯 敲擊 #1
[tap]         ⏱️ 間隔過長重置（1340ms）
[tap][sample][16:21:25.765] 持續=27ms 峰值=1926 ✓ 🎯 敲擊 #1
[tap][sample][16:21:25.991] 持續=62ms 峰值=2243 ✓ 🎯 敲擊 #2
[recorder][16:21:36] ⏱️ InputStream() 3.6ms
[recorder][16:21:36] ⏱️ stream.start() 0.3ms
[recorder][16:21:36] 🎙️ 錄音就緒，總初始化 3.9ms
[main][16:21:36.767] ⏱️ recorder.start() 耗時 4.2ms，ok=True
[main][16:21:36.773] 🎙️ 開始錄音
[main][16:21:37.312] ⏳ 預熱 idle 計時器啟動，10 分鐘後關閉麥克風
[recorder][16:21:37] 🎤 第一包音訊到達，麥克風實際開啟延遲 690.4ms
[tap]         ⏱️ 間隔過長重置（22068ms）
[tap][sample][16:21:48.032] 持續=36ms 峰值=6183 ✓ 🎯 敲擊 #1
[tap][sample][16:21:48.320] 持續=44ms 峰值=9846 ✓ 🎯 敲擊 #2
[tap][dim]   [16:21:48.347] 持續=27ms 峰值=581 ✗弱
[tap][sample][16:21:48.382] 持續=36ms 峰值=1062 ✓ ⏱️ 防抖略過（距上次 72ms < 180ms）
[tap][sample][16:21:48.573] 持續=36ms 峰值=6944 ✓ 🎯 敲擊 #3
[tap]        [16:21:48.573] 🔔 三連敲觸發（間隔 279ms / 261ms，一致性 0.93）
[recorder][16:21:48] 🚀 預熱命中，直接開始錄音
[main][16:21:48.577] ⏱️ recorder.start() 耗時 0.7ms，ok=True
[main][16:21:48.603] 🎙️ 開始錄音
[tap][sample][16:21:48.635] 持續=32ms 峰值=697 ✓ 🎯 敲擊 #1
[recorder][VAD] RMS 語音幀 1/41 (2.4%)，有效語音 0.03s，閾值 450，最低比例 16%，最低語音 0.35s
[recorder][flush] ❌ VAD 未達有效語音門檻，略過（語音比例不足 2.4% < 16%）
[tap]         ⏱️ 間隔過長重置（1823ms）
[tap][sample][16:21:50.489] 持續=63ms 峰值=5966 ✓ 🎯 敲擊 #1
[tap][dim]   [16:21:50.552] 持續=36ms 峰值=403 ✗弱
[tap][sample][16:21:50.813] 持續=135ms 峰值=8996 ✓ 🎯 敲擊 #2
[tap][sample][16:21:51.039] 持續=73ms 峰值=6442 ✓ 🎯 敲擊 #3
[tap]        [16:21:51.039] 🔔 三連敲觸發（間隔 252ms / 288ms，一致性 0.88）
[main][16:21:51.049] ⏳ 預熱 idle 計時器啟動，10 分鐘後關閉麥克風
[recorder][VAD] RMS 語音幀 6/40 (15.0%)，有效語音 0.18s，閾值 450，最低比例 16%，最低語音 0.35s
[recorder][stop] ❌ VAD 未達有效語音門檻，不送出辨識（語音比例不足 15.0% < 16%）
[tap][sample][16:21:51.092] 持續=27ms 峰值=804 ✓ 🎯 敲擊 #1
[tap]         ⏱️ 間隔過長重置（20395ms）
[tap][sample][16:22:11.495] 持續=36ms 峰值=1479 ✓ 🎯 敲擊 #1
[tap][dim]   [16:22:11.620] 持續=36ms 峰值=429 ✗弱
[tap][sample][16:22:11.774] 持續=54ms 峰值=8731 ✓ 🎯 敲擊 #2
[tap][dim]   [16:22:11.810] 持續=36ms 峰值=356 ✗弱
[tap][sample][16:22:11.855] 持續=45ms 峰值=1314 ✓ ⏱️ 防抖略過（距上次 90ms < 180ms）
[tap][sample][16:22:11.972] 持續=28ms 峰值=6288 ✓ 🎯 敲擊 #3
[tap]        [16:22:11.972] 🔔 三連敲觸發（間隔 260ms / 225ms，一致性 0.86）
[recorder][16:22:11] 🚀 預熱命中，直接開始錄音
[main][16:22:11.976] ⏱️ recorder.start() 耗時 1.4ms，ok=True
[main][16:22:12.014] 🎙️ 開始錄音
[tap][sample][16:22:12.071] 持續=36ms 峰值=1280 ✓ 🎯 敲擊 #1
[tap][dim]   [16:22:12.097] 持續=27ms 峰值=388 ✗弱
[recorder][VAD] RMS 語音幀 2/41 (4.9%)，有效語音 0.06s，閾值 450，最低比例 16%，最低語音 0.35s
[recorder][flush] ❌ VAD 未達有效語音門檻，略過（語音比例不足 4.9% < 16%）
[recorder][VAD] RMS 語音幀 0/33 (0.0%)，有效語音 0.00s，閾值 450，最低比例 16%，最低語音 0.35s
[recorder][flush] ❌ VAD 未達有效語音門檻，略過（語音比例不足 0.0% < 16%）
[recorder][VAD] RMS 語音幀 0/33 (0.0%)，有效語音 0.00s，閾值 450，最低比例 16%，最低語音 0.35s
[recorder][flush] ❌ VAD 未達有效語音門檻，略過（語音比例不足 0.0% < 16%）
[recorder][VAD] RMS 語音幀 0/33 (0.0%)，有效語音 0.00s，閾值 450，最低比例 16%，最低語音 0.35s
[recorder][flush] ❌ VAD 未達有效語音門檻，略過（語音比例不足 0.0% < 16%）
[recorder][VAD] RMS 語音幀 0/33 (0.0%)，有效語音 0.00s，閾值 450，最低比例 16%，最低語音 0.35s
[recorder][flush] ❌ VAD 未達有效語音門檻，略過（語音比例不足 0.0% < 16%）
[recorder][VAD] RMS 語音幀 0/33 (0.0%)，有效語音 0.00s，閾值 450，最低比例 16%，最低語音 0.35s
[recorder][flush] ❌ VAD 未達有效語音門檻，略過（語音比例不足 0.0% < 16%）
[recorder][VAD] RMS 語音幀 0/33 (0.0%)，有效語音 0.00s，閾值 450，最低比例 16%，最低語音 0.35s
[recorder][flush] ❌ VAD 未達有效語音門檻，略過（語音比例不足 0.0% < 16%）
[recorder][VAD] RMS 語音幀 0/33 (0.0%)，有效語音 0.00s，閾值 450，最低比例 16%，最低語音 0.35s
[recorder][flush] ❌ VAD 未達有效語音門檻，略過（語音比例不足 0.0% < 16%）
[recorder][VAD] RMS 語音幀 0/33 (0.0%)，有效語音 0.00s，閾值 450，最低比例 16%，最低語音 0.35s
[recorder][flush] ❌ VAD 未達有效語音門檻，略過（語音比例不足 0.0% < 16%）
[recorder][VAD] RMS 語音幀 0/33 (0.0%)，有效語音 0.00s，閾值 450，最低比例 16%，最低語音 0.35s
[recorder][flush] ❌ VAD 未達有效語音門檻，略過（語音比例不足 0.0% < 16%）
[recorder][VAD] RMS 語音幀 0/33 (0.0%)，有效語音 0.00s，閾值 450，最低比例 16%，最低語音 0.35s
[recorder][flush] ❌ VAD 未達有效語音門檻，略過（語音比例不足 0.0% < 16%）
[tap]         ⏱️ 間隔過長重置（11880ms）
[tap][sample][16:22:23.941] 持續=27ms 峰值=6407 ✓ 🎯 敲擊 #1
[tap][dim]   [16:22:24.006] 持續=65ms 峰值=468 ✗弱
[tap][sample][16:22:24.041] 持續=35ms 峰值=797 ✓ ⏱️ 防抖略過（距上次 91ms < 180ms）
[tap][sample][16:22:24.167] 持續=36ms 峰值=2778 ✓ 🎯 敲擊 #2
[tap][dim]   [16:22:24.230] 持續=63ms 峰值=541 ✗弱
[tap][sample][16:22:24.259] 持續=30ms 峰值=689 ✓ ⏱️ 防抖略過（距上次 99ms < 180ms）
[tap][sample][16:22:24.392] 持續=27ms 峰值=6658 ✓ 🎯 敲擊 #3
[tap]        [16:22:24.392] 🔔 三連敲觸發（間隔 216ms / 234ms，一致性 0.92）
[main][16:22:24.394] ⏳ 預熱 idle 計時器啟動，10 分鐘後關閉麥克風
[recorder][VAD] RMS 語音幀 7/33 (21.2%)，有效語音 0.21s，閾值 450，最低比例 16%，最低語音 0.35s
[recorder][stop] ❌ VAD 未達有效語音門檻，不送出辨識（有效語音太短 0.21s < 0.35s）
[tap][dim]   [16:22:24.419] 持續=27ms 峰值=529 ✗弱
[tap][sample][16:22:24.456] 持續=36ms 峰值=786 ✓ 🎯 敲擊 #1
[tap]         ⏱️ 間隔過長重置（1278ms）
[tap][sample][16:22:25.770] 持續=72ms 峰值=8739 ✓ 🎯 敲擊 #1
[tap][sample][16:22:25.859] 持續=54ms 峰值=990 ✓ ⏱️ 防抖略過（距上次 108ms < 180ms）
[tap][sample][16:22:26.085] 持續=126ms 峰值=5924 ✗長
[tap]         ⏱️ 間隔過長重置（477ms）
[tap][sample][16:22:26.254] 持續=81ms 峰值=7470 ✓ 🎯 敲擊 #1
[tap][sample][16:22:26.309] 持續=27ms 峰值=1443 ✓ ⏱️ 防抖略過（距上次 108ms < 180ms）
[tap][dim]   [16:22:26.344] 持續=36ms 峰值=547 ✗弱
[tap][dim]   [16:22:43.175] 持續=36ms 峰值=322 ✗弱
[tap][dim]   [16:22:43.301] 持續=63ms 峰值=399 ✗弱
[tap]         ⏱️ 間隔過長重置（17127ms）
[tap][sample][16:22:43.364] 持續=63ms 峰值=2467 ✓ 🎯 敲擊 #1
[tap][sample][16:22:43.490] 持續=35ms 峰值=1382 ✓ ⏱️ 防抖略過（距上次 154ms < 180ms）
[tap][dim]   [16:22:58.925] 持續=36ms 峰值=556 ✗弱
[tap][sample][16:22:59.376] 持續=207ms 峰值=10367 ✗長
[tap]         ⏱️ 間隔過長重置（16128ms）
[tap][sample][16:22:59.591] 持續=162ms 峰值=12364 ✓ 🎯 敲擊 #1
[tap][sample][16:22:59.807] 持續=162ms 峰值=12747 ✓ 🎯 敲擊 #2
[tap]         💤 敲麥監聽已停止
[recorder][16:24:37] 💤 預熱 stream 已關閉
[0m