[main] LOG -> F:\Cursor\AI Whisper Next\ai_whisper_20260517_042051.log
[settings] config loaded from F:\Cursor\AI Whisper Next\config.json
[main][04:20:51.795] ✅ 快捷鍵 ctrl+f12（句號）、ctrl+f11（逗號）已註冊
[input][04:20:51.795] ✅ Ctrl狀態防護已啟動
[main][04:20:51.796] ✅ 記憶快捷鍵 5/5 已註冊 (Win32)
[tap]        [04:20:51.811] 🎙️ 敲麥監聽已啟動
[recorder][VAD] 載入 Silero VAD 模型...
Using cache found in C:\Users\Administrator/.cache\torch\hub\snakers4_silero-vad_master
[recorder][VAD] Silero VAD 模型載入完成
[tap][sample][04:20:59.668] 持續=27ms 峰值=3480 ✓ 🎯 敲擊 #1
[tap][dim]   [04:20:59.696] 持續=27ms 峰值=308 ✗弱
[tap][dim]   [04:20:59.758] 持續=27ms 峰值=314 ✗弱
[tap][sample][04:20:59.794] 持續=36ms 峰值=1770 ✓ ⏱️ 防抖略過（距上次 117ms < 180ms）
[tap][sample][04:21:00.011] 持續=153ms 峰值=8251 ✓ 🎯 敲擊 #2
[tap][sample][04:21:00.146] 持續=99ms 峰值=7957 ✓ 🎯 敲擊 #3
[tap]        [04:21:00.146] 🔔 三連敲觸發（間隔 216ms / 189ms，一致性 0.87）
[tap]        [04:21:00.226] 💤 敲麥監聽已停止
[recorder][04:21:00] ⏱️ InputStream() 10.4ms
[recorder][04:21:00] ⏱️ stream.start() 0.3ms
[recorder][04:21:00] 🎙️ 錄音就緒，總初始化 10.7ms
[main][04:21:00.237] ⏱️ recorder.start() 耗時 10.9ms，ok=True
[tap]        [04:21:00.766] 🎙️ 敲麥監聽已啟動
[main][04:21:00.774] 🎙️ 開始錄音
[recorder][04:21:01] 🎤 第一包音訊到達，麥克風實際開啟延遲 762.9ms
[tap][sample][04:21:01.045] 持續=27ms 峰值=628 ✓ 🎯 敲擊 #1
[recorder][VAD] Silero 語音幀 0/37 (0.0%)，有效語音 0.00s，信心閾值 0.6，最低比例 16%，最低語音 0.35s
[recorder][flush] ❌ VAD 未達有效語音門檻，略過（語音比例不足 0.0% < 16%）
[tap]         ⏱️ 間隔過長重置（1332ms）
[tap][sample][04:21:02.512] 持續=162ms 峰值=10577 ✓ 🎯 敲擊 #1
[tap][sample][04:21:02.702] 持續=126ms 峰值=10888 ✓ 🎯 敲擊 #2
[tap][sample][04:21:02.935] 持續=162ms 峰值=11261 ✓ 🎯 敲擊 #3
[tap]        [04:21:02.935] 🔔 三連敲觸發（間隔 225ms / 198ms，一致性 0.88）
[main][04:21:02.937] ⏳ 預熱 idle 計時器啟動，10 分鐘後關閉麥克風
[recorder][stop] 錄音太短 (0.75s)，略過
[tap][sample][04:21:05.203] 持續=126ms 峰值=10733 ✓ 🎯 敲擊 #1
[tap][sample][04:21:05.365] 持續=72ms 峰值=7991 ✓ 🎯 敲擊 #2
[tap][dim]   [04:21:05.393] 持續=27ms 峰值=424 ✗弱
[tap][sample][04:21:05.428] 持續=36ms 峰值=601 ✓ ⏱️ 防抖略過（距上次 99ms < 180ms）
[tap][sample][04:21:05.654] 持續=126ms 峰值=10144 ✓ 🎯 敲擊 #3
[tap]        [04:21:05.654] 🔔 三連敲觸發（間隔 216ms / 234ms，一致性 0.92）
[tap]        [04:21:05.697] 💤 敲麥監聽已停止
[recorder][04:21:05] 🚀 預熱命中，直接開始錄音
[main][04:21:05.697] ⏱️ recorder.start() 耗時 0.2ms，ok=True
[tap]        [04:21:05.701] 🎙️ 敲麥監聽已啟動
[main][04:21:05.707] 🎙️ 開始錄音
[recorder][VAD] Silero 語音幀 0/31 (0.0%)，有效語音 0.00s，信心閾值 0.6，最低比例 16%，最低語音 0.35s
[recorder][flush] ❌ VAD 未達有效語音門檻，略過（語音比例不足 0.0% < 16%）
[tap][sample][04:21:07.499] 持續=171ms 峰值=9212 ✓ 🎯 敲擊 #1
[tap][sample][04:21:07.715] 持續=162ms 峰值=9949 ✓ 🎯 敲擊 #2
[tap][sample][04:21:07.903] 持續=90ms 峰值=11789 ✓ 🎯 敲擊 #3
[tap]        [04:21:07.903] 🔔 三連敲觸發（間隔 225ms / 261ms，一致性 0.86）
[main][04:21:07.909] ⏳ 預熱 idle 計時器啟動，10 分鐘後關閉麥克風
[recorder][VAD] Silero 語音幀 0/37 (0.0%)，有效語音 0.00s，信心閾值 0.6，最低比例 16%，最低語音 0.35s
[recorder][stop] ❌ VAD 未達有效語音門檻，不送出辨識（語音比例不足 0.0% < 16%）
[tap][sample][04:21:16.355] 持續=27ms 峰值=1481 ✓ 🎯 敲擊 #1
[tap][sample][04:21:16.453] 持續=72ms 峰值=1889 ✓ ⏱️ 防抖略過（距上次 54ms < 180ms）
[tap][dim]   [04:21:16.679] 持續=63ms 峰值=451 ✗弱
[tap][sample][04:21:16.705] 持續=27ms 峰值=3782 ✓ 🎯 敲擊 #2
[main][04:21:31.515] ⌨️ 熱鍵觸發，排入 after(0)，keys=async_down=Ctrl,RCtrl; logical_down=Ctrl,RCtrl
[main][04:21:31.516] ⌨️ after(0) 執行延遲 1.5ms
[tap]        [04:21:31.528] 💤 敲麥監聽已停止
[recorder][04:21:31] 🚀 預熱命中，直接開始錄音
[main][04:21:31.528] ⏱️ recorder.start() 耗時 0.1ms，ok=True
[tap]        [04:21:31.551] 🎙️ 敲麥監聽已啟動
[main][04:21:31.556] 🎙️ 開始錄音
[input][04:21:31.659] ⌨️ 熱鍵修飾鍵清理(main): released=Ctrl,RCtrl，before=async_down=Ctrl,RCtrl; logical_down=Ctrl,RCtrl，after=async_down=none; logical_down=none
[main][04:21:33.219] ⌨️ 熱鍵觸發，排入 after(0)，keys=async_down=Ctrl,RCtrl; logical_down=Ctrl,RCtrl
[main][04:21:33.221] ⏳ 預熱 idle 計時器啟動，10 分鐘後關閉麥克風[main][04:21:33.221] ⌨️ after(0) 執行延遲 2.5ms

[input][04:21:33.363] ⌨️ 熱鍵修飾鍵清理(main): released=Ctrl,RCtrl，before=async_down=Ctrl,RCtrl; logical_down=Ctrl,RCtrl，after=async_down=none; logical_down=none
[tap][sample][04:21:35.875] 持續=126ms 峰值=10933 ✓ 🎯 敲擊 #1
[tap][sample][04:21:36.092] 持續=117ms 峰值=12035 ✓ 🎯 敲擊 #2
[tap][sample][04:21:36.299] 持續=126ms 峰值=10614 ✓ 🎯 敲擊 #3
[tap]        [04:21:36.299] 🔔 三連敲觸發（間隔 225ms / 198ms，一致性 0.88）
[tap]        [04:21:36.371] 💤 敲麥監聽已停止
[recorder][04:21:36] 🚀 預熱命中，直接開始錄音
[main][04:21:36.372] ⏱️ recorder.start() 耗時 0.1ms，ok=True
[tap]        [04:21:36.381] 🎙️ 敲麥監聽已啟動
[main][04:21:36.386] 🎙️ 開始錄音
[tap][sample][04:21:37.567] 持續=126ms 峰值=10522 ✓ 🎯 敲擊 #1
[tap][dim]   [04:21:37.594] 持續=27ms 峰值=434 ✗弱
[tap][sample][04:21:37.801] 持續=135ms 峰值=9808 ✓ 🎯 敲擊 #2
[tap][sample][04:21:37.982] 持續=90ms 峰值=11279 ✓ 🎯 敲擊 #3
[tap]        [04:21:37.982] 🔔 三連敲觸發（間隔 225ms / 225ms，一致性 1.00）
[main][04:21:37.983] ⏳ 預熱 idle 計時器啟動，10 分鐘後關閉麥克風
[tap][sample][04:21:40.681] 持續=72ms 峰值=1474 ✓ 🎯 敲擊 #1
[tap][sample][04:21:40.834] 持續=36ms 峰值=1322 ✓ 🎯 敲擊 #2
[tap][dim]   [04:21:40.861] 持續=27ms 峰值=382 ✗弱
[tap][sample][04:21:41.059] 持續=27ms 峰值=976 ✓ 🎯 敲擊 #3
[tap]        [04:21:41.059] 🔔 三連敲觸發（間隔 189ms / 234ms，一致性 0.81）
[tap]        [04:21:41.132] 💤 敲麥監聽已停止
[recorder][04:21:41] 🚀 預熱命中，直接開始錄音
[main][04:21:41.132] ⏱️ recorder.start() 耗時 0.2ms，ok=True
[tap]        [04:21:41.145] 🎙️ 敲麥監聽已啟動
[main][04:21:41.151] 🎙️ 開始錄音
[main][04:21:45.729] ⌨️ 熱鍵觸發，排入 after(0)，keys=async_down=Ctrl,RCtrl; logical_down=Ctrl,RCtrl
[main][04:21:45.732] ⏳ 預熱 idle 計時器啟動，10 分鐘後關閉麥克風[main][04:21:45.732] ⌨️ after(0) 執行延遲 2.9ms

[input][04:21:45.881] ⌨️ 熱鍵修飾鍵清理(main): released=Ctrl,RCtrl，before=async_down=Ctrl,RCtrl; logical_down=Ctrl,RCtrl，after=async_down=none; logical_down=none
[main][04:21:50.327] ⌨️ 熱鍵觸發，排入 after(0)，keys=async_down=Ctrl,RCtrl; logical_down=Ctrl,RCtrl
[main][04:21:50.329] ⌨️ after(0) 執行延遲 1.7ms
[tap]        [04:21:50.346] 💤 敲麥監聽已停止
[recorder][04:21:50] 🚀 預熱命中，直接開始錄音
[main][04:21:50.346] ⏱️ recorder.start() 耗時 0.2ms，ok=True
[tap]        [04:21:50.401] 🎙️ 敲麥監聽已啟動
[main][04:21:50.407] 🎙️ 開始錄音
[input][04:21:50.475] ⌨️ 熱鍵修飾鍵清理(main): released=Ctrl,RCtrl，before=async_down=Ctrl,RCtrl; logical_down=Ctrl,RCtrl，after=async_down=none; logical_down=none
[main][04:21:50.523] ⌨️ 熱鍵觸發，排入 after(0)，keys=async_down=none; logical_down=none
[main][04:21:50.526] ⏳ 預熱 idle 計時器啟動，10 分鐘後關閉麥克風[main][04:21:50.526] ⌨️ after(0) 執行延遲 3.5ms

[main][04:22:01.713] ⌨️ 熱鍵觸發，排入 after(0)，keys=async_down=Ctrl,RCtrl; logical_down=Ctrl,RCtrl
[main][04:22:01.715] ⌨️ after(0) 執行延遲 1.6ms
[tap]        [04:22:01.748] 💤 敲麥監聽已停止
[recorder][04:22:01] 🚀 預熱命中，直接開始錄音
[main][04:22:01.748] ⏱️ recorder.start() 耗時 0.2ms，ok=True
[tap]        [04:22:01.777] 🎙️ 敲麥監聽已啟動
[main][04:22:01.783] 🎙️ 開始錄音
[input][04:22:01.858] ⌨️ 熱鍵修飾鍵清理(main): released=Ctrl,RCtrl，before=async_down=Ctrl,RCtrl; logical_down=Ctrl,RCtrl，after=async_down=none; logical_down=none
[tap][sample][04:22:03.775] 持續=27ms 峰值=1347 ✓ 🎯 敲擊 #1
[tap][sample][04:22:03.911] 持續=72ms 峰值=10640 ✓ ⏱️ 防抖略過（距上次 90ms < 180ms）
[tap][sample][04:22:03.974] 持續=36ms 峰值=946 ✓ 🎯 敲擊 #2
[tap]         ⏱️ 間隔過長重置（1278ms）
[tap][sample][04:22:05.350] 持續=135ms 峰值=12999 ✓ 🎯 敲擊 #1
[tap][sample][04:22:05.567] 持續=126ms 峰值=13807 ✓ 🎯 敲擊 #2
[tap][sample][04:22:05.783] 持續=117ms 峰值=13938 ✓ 🎯 敲擊 #3
[tap]        [04:22:05.783] 🔔 三連敲觸發（間隔 225ms / 225ms，一致性 1.00）
[main][04:22:05.788] ⏳ 預熱 idle 計時器啟動，10 分鐘後關閉麥克風
[tap][sample][04:22:06.880] 持續=135ms 峰值=12072 ✓ 🎯 敲擊 #1
[tap][sample][04:22:07.033] 持續=54ms 峰值=4552 ✓ 🎯 敲擊 #2
[tap][dim]   [04:22:07.070] 持續=36ms 峰值=560 ✗弱
[tap][sample][04:22:07.267] 持續=72ms 峰值=7847 ✓ 🎯 敲擊 #3
[tap]        [04:22:07.267] 🔔 三連敲觸發（間隔 234ms / 216ms，一致性 0.92）
[tap]        [04:22:07.349] 💤 敲麥監聽已停止
[recorder][04:22:07] 🚀 預熱命中，直接開始錄音
[main][04:22:07.349] ⏱️ recorder.start() 耗時 0.1ms，ok=True
[tap]        [04:22:07.359] 🎙️ 敲麥監聽已啟動
[main][04:22:07.364] 🎙️ 開始錄音
[tap][sample][04:22:08.366] 持續=63ms 峰值=4160 ✓ 🎯 敲擊 #1
[tap][sample][04:22:08.437] 持續=45ms 峰值=649 ✓ ⏱️ 防抖略過（距上次 90ms < 180ms）
[tap][sample][04:22:08.564] 持續=36ms 峰值=8548 ✓ 🎯 敲擊 #2
[tap][sample][04:22:08.635] 持續=27ms 峰值=640 ✓ ⏱️ 防抖略過（距上次 81ms < 180ms）
[tap][sample][04:22:08.851] 持續=126ms 峰值=12161 ✓ 🎯 敲擊 #3
[tap]        [04:22:08.851] 🔔 三連敲觸發（間隔 225ms / 198ms，一致性 0.88）
[main][04:22:08.853] ⏳ 預熱 idle 計時器啟動，10 分鐘後關閉麥克風
[tap][sample][04:22:10.327] 持續=126ms 峰值=11130 ✓ 🎯 敲擊 #1
[tap][sample][04:22:10.525] 持續=135ms 峰值=12066 ✓ 🎯 敲擊 #2
[tap][sample][04:22:10.742] 持續=127ms 峰值=11190 ✓ 🎯 敲擊 #3
[tap]        [04:22:10.742] 🔔 三連敲觸發（間隔 189ms / 225ms，一致性 0.84）
[tap]        [04:22:10.829] 💤 敲麥監聽已停止
[recorder][04:22:10] 🚀 預熱命中，直接開始錄音
[main][04:22:10.829] ⏱️ recorder.start() 耗時 0.2ms，ok=True
[tap]        [04:22:10.843] 🎙️ 敲麥監聽已啟動
[main][04:22:10.848] 🎙️ 開始錄音
[tap][sample][04:22:12.190] 持續=315ms 峰值=6186 ✗長
[tap][sample][04:22:12.703] 持續=315ms 峰值=4422 ✗長
[tap][dim]   [04:22:12.748] 持續=45ms 峰值=385 ✗弱
[tap][sample][04:22:12.803] 持續=27ms 峰值=663 ✓ 🎯 敲擊 #1
[tap][sample][04:22:13.153] 持續=316ms 峰值=3710 ✗長
[tap]         ⏱️ 間隔過長重置（1278ms）
[tap][sample][04:22:14.143] 持續=90ms 峰值=948 ✓ 🎯 敲擊 #1
[tap][dim]   [04:22:14.189] 持續=45ms 峰值=584 ✗弱
[tap][sample][04:22:14.503] 持續=315ms 峰值=5406 ✗長
[tap][dim]   [04:22:14.531] 持續=27ms 峰值=421 ✗弱
[tap][dim]   [04:22:15.178] 持續=36ms 峰值=585 ✗弱
[tap][sample][04:22:15.628] 持續=450ms 峰值=7600 ✗長
[tap][dim]   [04:22:15.655] 持續=27ms 峰值=504 ✗弱
[main][04:22:18.282] ⌨️ 熱鍵觸發，排入 after(0)，keys=async_down=Ctrl,RCtrl; logical_down=Ctrl,RCtrl
[main][04:22:18.285] ⏳ 預熱 idle 計時器啟動，10 分鐘後關閉麥克風[main][04:22:18.285] ⌨️ after(0) 執行延遲 2.8ms

[input][04:22:18.427] ⌨️ 熱鍵修飾鍵清理(main): released=Ctrl,RCtrl，before=async_down=Ctrl,RCtrl; logical_down=Ctrl,RCtrl，after=async_down=none; logical_down=none
[main][04:22:22.699] ⌨️ 熱鍵觸發，排入 after(0)，keys=async_down=Ctrl,RCtrl; logical_down=Ctrl,RCtrl
[main][04:22:22.701] ⌨️ after(0) 執行延遲 1.6ms
[tap]        [04:22:22.772] 💤 敲麥監聽已停止
[recorder][04:22:22] 🚀 預熱命中，直接開始錄音
[main][04:22:22.773] ⏱️ recorder.start() 耗時 0.2ms，ok=True
[tap]        [04:22:22.786] 🎙️ 敲麥監聽已啟動
[main][04:22:22.793] 🎙️ 開始錄音
[input][04:22:22.846] ⌨️ 熱鍵修飾鍵清理(main): released=Ctrl,RCtrl，before=async_down=Ctrl,RCtrl; logical_down=Ctrl,RCtrl，after=async_down=none; logical_down=none
[tap][sample][04:22:23.791] 持續=252ms 峰值=7598 ✗長
[main][04:22:24.611] ⌨️ 熱鍵觸發，排入 after(0)，keys=async_down=Ctrl,RCtrl; logical_down=Ctrl,RCtrl
[main][04:22:24.630] ⏳ 預熱 idle 計時器啟動，10 分鐘後關閉麥克風
[main][04:22:24.631] ⌨️ after(0) 執行延遲 20.5ms
[tap][sample][04:22:25.781] 持續=72ms 峰值=1571 ✓ 🎯 敲擊 #1
[tap][dim]   [04:22:26.032] 持續=27ms 峰值=376 ✗弱
[tap][dim]   [04:22:26.131] 持續=36ms 峰值=380 ✗弱
[tap]         ⏱️ 間隔過長重置（450ms）
[tap][sample][04:22:26.186] 持續=27ms 峰值=4096 ✓ 🎯 敲擊 #1
[tap][dim]   [04:22:26.221] 持續=36ms 峰值=545 ✗弱
[main][04:22:36.029] ⌨️ 熱鍵觸發，排入 after(0)，keys=async_down=Ctrl,RCtrl; logical_down=Ctrl,RCtrl
[tap]        [04:22:36.030] 💤 敲麥監聽已停止
[main][04:22:36.030] ⌨️ after(0) 執行延遲 1.4ms[recorder][04:22:36] 🚀 預熱命中，直接開始錄音

[main][04:22:36.031] ⏱️ recorder.start() 耗時 0.9ms，ok=True
[tap]        [04:22:36.092] 🎙️ 敲麥監聽已啟動
[main][04:22:36.097] 🎙️ 開始錄音
[input][04:22:36.186] ⌨️ 熱鍵修飾鍵清理(main): released=Ctrl,RCtrl，before=async_down=Ctrl,RCtrl; logical_down=Ctrl,RCtrl，after=async_down=none; logical_down=none
[main][04:22:40.800] ⌨️ 熱鍵觸發，排入 after(0)，keys=async_down=Ctrl,RCtrl; logical_down=Ctrl,RCtrl
[main][04:22:40.802] ⏳ 預熱 idle 計時器啟動，10 分鐘後關閉麥克風
[main][04:22:40.802] ⌨️ after(0) 執行延遲 2.4ms
[input][04:22:40.957] ⌨️ 熱鍵修飾鍵清理(main): released=Ctrl,RCtrl，before=async_down=Ctrl,RCtrl; logical_down=Ctrl,RCtrl，after=async_down=none; logical_down=none
[main][04:22:49.233] ⌨️ 熱鍵觸發，排入 after(0)，keys=async_down=Ctrl,RCtrl; logical_down=Ctrl,RCtrl
[main][04:22:49.235] ⌨️ after(0) 執行延遲 1.8ms
[tap]        [04:22:49.269] 💤 敲麥監聽已停止
[recorder][04:22:49] 🚀 預熱命中，直接開始錄音
[main][04:22:49.269] ⏱️ recorder.start() 耗時 0.2ms，ok=True
[tap]        [04:22:49.297] 🎙️ 敲麥監聽已啟動
[main][04:22:49.302] 🎙️ 開始錄音
[input][04:22:49.393] ⌨️ 熱鍵修飾鍵清理(main): released=Ctrl,RCtrl，before=async_down=Ctrl,RCtrl; logical_down=Ctrl,RCtrl，after=async_down=none; logical_down=none
[tap][sample][04:22:50.306] 持續=54ms 峰值=5159 ✓ 🎯 敲擊 #1
[tap][sample][04:22:50.522] 持續=90ms 峰值=11242 ✓ ⏱️ 防抖略過（距上次 180ms < 180ms）
[tap][dim]   [04:22:50.567] 持續=45ms 峰值=322 ✗弱
[main][04:22:51.619] ⌨️ 熱鍵觸發，排入 after(0)，keys=async_down=Ctrl,RCtrl; logical_down=Ctrl,RCtrl
[main][04:22:51.622] ⏳ 預熱 idle 計時器啟動，10 分鐘後關閉麥克風[main][04:22:51.622] ⌨️ after(0) 執行延遲 2.9ms

[input][04:22:51.764] ⌨️ 熱鍵修飾鍵清理(main): released=Ctrl,RCtrl，before=async_down=Ctrl,RCtrl; logical_down=Ctrl,RCtrl，after=async_down=none; logical_down=none
[tap]         ⏱️ 間隔過長重置（2070ms）
[tap][sample][04:22:52.483] 持續=162ms 峰值=10641 ✓ 🎯 敲擊 #1
[tap][sample][04:22:52.682] 持續=108ms 峰值=8083 ✓ 🎯 敲擊 #2
[tap][dim]   [04:22:52.709] 持續=27ms 峰值=304 ✗弱
[tap][sample][04:22:52.898] 持續=63ms 峰值=10579 ✓ 🎯 敲擊 #3
[tap]        [04:22:52.898] 🔔 三連敲觸發（間隔 252ms / 261ms，一致性 0.97）
[tap]        [04:22:52.969] 💤 敲麥監聽已停止
[recorder][04:22:52] 🚀 預熱命中，直接開始錄音
[main][04:22:52.969] ⏱️ recorder.start() 耗時 0.1ms，ok=True
[tap]        [04:22:52.979] 🎙️ 敲麥監聽已啟動
[main][04:22:52.982] 🎙️ 開始錄音
[main][04:22:56.019] ⌨️ 熱鍵觸發，排入 after(0)，keys=async_down=Ctrl,RCtrl; logical_down=Ctrl,RCtrl
[main][04:22:56.022] ⏳ 預熱 idle 計時器啟動，10 分鐘後關閉麥克風[main][04:22:56.022] ⌨️ after(0) 執行延遲 2.7ms

[input][04:22:56.165] ⌨️ 熱鍵修飾鍵清理(main): released=Ctrl,RCtrl，before=async_down=Ctrl,RCtrl; logical_down=Ctrl,RCtrl，after=async_down=none; logical_down=none
[tap][sample][04:22:56.920] 持續=117ms 峰值=10607 ✓ 🎯 敲擊 #1
[tap][sample][04:22:57.082] 持續=27ms 峰值=7021 ✓ 🎯 敲擊 #2
[tap][sample][04:22:57.190] 持續=36ms 峰值=933 ✓ ⏱️ 防抖略過（距上次 99ms < 180ms）
[tap][sample][04:22:57.443] 持續=162ms 峰值=11233 ✓ 🎯 敲擊 #3
[tap]        [04:22:57.443] 🔔 三連敲觸發（間隔 252ms / 225ms，一致性 0.89）
[tap]        [04:22:57.521] 💤 敲麥監聽已停止
[recorder][04:22:57] 🚀 預熱命中，直接開始錄音
[main][04:22:57.522] ⏱️ recorder.start() 耗時 0.2ms，ok=True
[tap]        [04:22:57.536] 🎙️ 敲麥監聽已啟動
[main][04:22:57.541] 🎙️ 開始錄音
[tap][sample][04:22:58.684] 持續=135ms 峰值=10873 ✓ 🎯 敲擊 #1
[tap][sample][04:22:58.820] 持續=36ms 峰值=4044 ✓ 🎯 敲擊 #2
[tap][dim]   [04:22:58.909] 持續=36ms 峰值=337 ✗弱
[tap][sample][04:22:58.946] 持續=36ms 峰值=681 ✓ ⏱️ 防抖略過（距上次 126ms < 180ms）
[tap][sample][04:22:59.134] 持續=99ms 峰值=14238 ✓ 🎯 敲擊 #3
[tap]        [04:22:59.134] 🔔 三連敲觸發（間隔 234ms / 252ms，一致性 0.93）
[main][04:22:59.135] ⏳ 預熱 idle 計時器啟動，10 分鐘後關閉麥克風
[tap][sample][04:23:37.070] 持續=135ms 峰值=3704 ✗長
[tap][dim]   [04:23:49.291] 持續=63ms 峰值=594 ✗弱
[tap][dim]   [04:23:49.417] 持續=27ms 峰值=303 ✗弱
[tap][sample][04:23:49.840] 持續=36ms 峰值=914 ✓ 🎯 敲擊 #1
[tap]        [04:25:03.060] 💤 敲麥監聽已停止
[recorder][04:25:03] 💤 預熱 stream 已關閉
[0m