[main] LOG -> F:\Cursor\AI Whisper Next\logs\ai_whisper_20260519_005553.current.log
[settings] config loaded from F:\Cursor\AI Whisper Next\config.json
[main][00:55:53.193] ✅ 快捷鍵 ctrl+f11（句號）、ctrl+f12（逗號）已註冊
[main][00:55:53.194] ✅ 主快捷鍵 2/2 已註冊 (Win32)
[main][00:55:53.195] ✅ 記憶快捷鍵 5/5 已註冊 (Win32)
[tap]        [00:55:53.217] 🎙️ 敲麥監聽已啟動
[transcriber][00:55:55.086] 🔌 HTTP 連線預熱完成 (1.87s)
[recorder][VAD] 載入 Silero VAD 模型...
Using cache found in C:\Users\Administrator/.cache\torch\hub\snakers4_silero-vad_master
[recorder][VAD] Silero VAD 模型載入完成
[main][00:55:55.911] ⌨️ 主快捷鍵觸發（Win32/逗號），keys=async_down=Ctrl,RCtrl; logical_down=Ctrl,RCtrl
[main][00:55:55.911] ⌨️ after(0) 執行延遲 0.5ms
[tap]        [00:55:55.971] 💤 敲麥監聽已停止
[recorder][00:55:56] ⏱️ InputStream() 34.1ms
[recorder][00:55:56] ⏱️ stream.start() 0.5ms
[recorder][00:55:56] 🎙️ 錄音就緒，總初始化 34.6ms
[main][00:55:56.007] ⏱️ recorder.start() 耗時 34.9ms，ok=True
[tap]        [00:55:56.013] 🎙️ 敲麥監聽已啟動
[main][00:55:56.022] 🎙️ 開始錄音
[recorder][00:55:56] 🎤 第一包音訊到達，麥克風實際開啟延遲 736.5ms
[recorder][VAD] Silero 語音幀 0/34 (0.0%)，有效語音 0.00s，信心閾值 0.6，最低比例 16%，最低語音 0.35s
[recorder][flush] ❌ VAD 未達有效語音門檻，略過（語音比例不足 0.0% < 16%）
[recorder][VAD] Silero 語音幀 0/38 (0.0%)，有效語音 0.00s，信心閾值 0.6，最低比例 16%，最低語音 0.35s
[recorder][flush] ❌ VAD 未達有效語音門檻，略過（語音比例不足 0.0% < 16%）
[recorder][VAD] Silero 語音幀 0/31 (0.0%)，有效語音 0.00s，信心閾值 0.6，最低比例 16%，最低語音 0.35s
[recorder][flush] ❌ VAD 未達有效語音門檻，略過（語音比例不足 0.0% < 16%）
[recorder][VAD] Silero 語音幀 0/31 (0.0%)，有效語音 0.00s，信心閾值 0.6，最低比例 16%，最低語音 0.35s
[recorder][flush] ❌ VAD 未達有效語音門檻，略過（語音比例不足 0.0% < 16%）
[recorder][VAD] Silero 語音幀 0/31 (0.0%)，有效語音 0.00s，信心閾值 0.6，最低比例 16%，最低語音 0.35s
[recorder][flush] ❌ VAD 未達有效語音門檻，略過（語音比例不足 0.0% < 16%）
[recorder][VAD] Silero 語音幀 0/31 (0.0%)，有效語音 0.00s，信心閾值 0.6，最低比例 16%，最低語音 0.35s
[recorder][flush] ❌ VAD 未達有效語音門檻，略過（語音比例不足 0.0% < 16%）
[recorder][VAD] Silero 語音幀 0/31 (0.0%)，有效語音 0.00s，信心閾值 0.6，最低比例 16%，最低語音 0.35s
[recorder][flush] ❌ VAD 未達有效語音門檻，略過（語音比例不足 0.0% < 16%）
[recorder][VAD] Silero 語音幀 0/31 (0.0%)，有效語音 0.00s，信心閾值 0.6，最低比例 16%，最低語音 0.35s
[recorder][flush] ❌ VAD 未達有效語音門檻，略過（語音比例不足 0.0% < 16%）
[recorder][VAD] Silero 語音幀 0/31 (0.0%)，有效語音 0.00s，信心閾值 0.6，最低比例 16%，最低語音 0.35s
[recorder][flush] ❌ VAD 未達有效語音門檻，略過（語音比例不足 0.0% < 16%）
[main][00:56:06.827] ⌨️ 主快捷鍵觸發（Win32/逗號），keys=async_down=Ctrl,RCtrl; logical_down=Ctrl,RCtrl
[main][00:56:06.828] ⌨️ after(0) 執行延遲 0.9ms
[main][00:56:06.831] ⏳ 預熱 idle 計時器啟動，10 分鐘後關閉麥克風
[recorder][stop] 錄音太短 (0.65s)，略過
[main][00:56:08.284] ⌨️ 主快捷鍵觸發（Win32/逗號），keys=async_down=Ctrl,RCtrl; logical_down=Ctrl,RCtrl
[main][00:56:08.285] ⌨️ after(0) 執行延遲 1.0ms
[tap]        [00:56:08.301] 💤 敲麥監聽已停止
[recorder][00:56:08] 🚀 預熱命中，直接開始錄音
[main][00:56:08.302] ⏱️ recorder.start() 耗時 0.5ms，ok=True
[tap]        [00:56:08.305] 🎙️ 敲麥監聽已啟動
[main][00:56:08.310] 🎙️ 開始錄音
[main][00:56:09.214] ⌨️ 主快捷鍵觸發（Win32/逗號），keys=async_down=Ctrl,RCtrl; logical_down=Ctrl,RCtrl
[main][00:56:09.214] ⌨️ after(0) 執行延遲 0.3ms[main][00:56:09.215] ⏳ 預熱 idle 計時器啟動，10 分鐘後關閉麥克風

[recorder][VAD] Silero 語音幀 0/28 (0.0%)，有效語音 0.00s，信心閾值 0.6，最低比例 16%，最低語音 0.35s
[recorder][stop] ❌ VAD 未達有效語音門檻，不送出辨識（語音比例不足 0.0% < 16%）
[main][00:56:09.880] ⌨️ 主快捷鍵觸發（Win32/逗號），keys=async_down=Ctrl,RCtrl; logical_down=Ctrl,RCtrl
[main][00:56:09.880] ⌨️ after(0) 執行延遲 0.4ms
[tap]        [00:56:09.921] 💤 敲麥監聽已停止
[recorder][00:56:09] 🚀 預熱命中，直接開始錄音
[main][00:56:09.921] ⏱️ recorder.start() 耗時 0.2ms，ok=True
[tap]        [00:56:09.925] 🎙️ 敲麥監聽已啟動
[main][00:56:09.929] 🎙️ 開始錄音
[recorder][VAD] Silero 語音幀 0/31 (0.0%)，有效語音 0.00s，信心閾值 0.6，最低比例 16%，最低語音 0.35s
[recorder][flush] ❌ VAD 未達有效語音門檻，略過（語音比例不足 0.0% < 16%）
[recorder][VAD] Silero 語音幀 0/32 (0.0%)，有效語音 0.00s，信心閾值 0.6，最低比例 16%，最低語音 0.35s
[recorder][flush] ❌ VAD 未達有效語音門檻，略過（語音比例不足 0.0% < 16%）
[main][00:56:12.238] ⌨️ 主快捷鍵觸發（Win32/逗號），keys=async_down=Ctrl,RCtrl; logical_down=Ctrl,RCtrl
[main][00:56:12.239] ⌨️ after(0) 執行延遲 0.4ms[main][00:56:12.240] ⏳ 預熱 idle 計時器啟動，10 分鐘後關閉麥克風

[recorder][stop] 錄音太短 (0.26s)，略過
[main][00:56:12.911] ⌨️ 主快捷鍵觸發（Win32/逗號），keys=async_down=Ctrl,RCtrl; logical_down=Ctrl,RCtrl
[main][00:56:12.912] ⌨️ after(0) 執行延遲 1.0ms
[tap]        [00:56:12.947] 💤 敲麥監聽已停止
[recorder][00:56:12] 🚀 預熱命中，直接開始錄音
[main][00:56:12.947] ⏱️ recorder.start() 耗時 0.2ms，ok=True
[tap]        [00:56:12.951] 🎙️ 敲麥監聽已啟動
[main][00:56:12.954] 🎙️ 開始錄音
[recorder][VAD] Silero 語音幀 0/32 (0.0%)，有效語音 0.00s，信心閾值 0.6，最低比例 16%，最低語音 0.35s
[recorder][flush] ❌ VAD 未達有效語音門檻，略過（語音比例不足 0.0% < 16%）
[main][00:56:14.650] ⌨️ 主快捷鍵觸發（Win32/逗號），keys=async_down=Ctrl,RCtrl; logical_down=Ctrl,RCtrl
[main][00:56:14.650] ⌨️ after(0) 執行延遲 0.9ms[main][00:56:14.655] ⏳ 預熱 idle 計時器啟動，10 分鐘後關閉麥克風

[recorder][stop] 錄音太短 (0.68s)，略過
[main][00:56:15.269] ⌨️ 主快捷鍵觸發（Win32/逗號），keys=async_down=Ctrl,RCtrl; logical_down=Ctrl,RCtrl
[main][00:56:15.269] ⌨️ after(0) 執行延遲 0.4ms
[tap]        [00:56:15.294] 💤 敲麥監聽已停止
[recorder][00:56:15] 🚀 預熱命中，直接開始錄音
[main][00:56:15.294] ⏱️ recorder.start() 耗時 0.1ms，ok=True
[tap]        [00:56:15.298] 🎙️ 敲麥監聽已啟動
[main][00:56:15.304] 🎙️ 開始錄音
[main][00:56:16.059] ⌨️ 主快捷鍵觸發（Win32/逗號），keys=async_down=Ctrl,RCtrl; logical_down=Ctrl,RCtrl
[main][00:56:16.059] ⌨️ after(0) 執行延遲 0.3ms[main][00:56:16.059] ⏳ 預熱 idle 計時器啟動，10 分鐘後關閉麥克風

[recorder][stop] 錄音太短 (0.75s)，略過
[main][00:56:16.627] ⌨️ 主快捷鍵觸發（Win32/逗號），keys=async_down=Ctrl,RCtrl; logical_down=Ctrl,RCtrl
[main][00:56:16.627] ⌨️ after(0) 執行延遲 0.2ms
[tap]        [00:56:16.664] 💤 敲麥監聽已停止
[recorder][00:56:16] 🚀 預熱命中，直接開始錄音
[main][00:56:16.665] ⏱️ recorder.start() 耗時 0.3ms，ok=True
[tap]        [00:56:16.669] 🎙️ 敲麥監聽已啟動
[main][00:56:16.674] 🎙️ 開始錄音
[recorder][VAD] Silero 語音幀 0/32 (0.0%)，有效語音 0.00s，信心閾值 0.6，最低比例 16%，最低語音 0.35s
[recorder][flush] ❌ VAD 未達有效語音門檻，略過（語音比例不足 0.0% < 16%）
[recorder][VAD] Silero 語音幀 0/31 (0.0%)，有效語音 0.00s，信心閾值 0.6，最低比例 16%，最低語音 0.35s
[recorder][flush] ❌ VAD 未達有效語音門檻，略過（語音比例不足 0.0% < 16%）
[recorder][VAD] Silero 語音幀 0/31 (0.0%)，有效語音 0.00s，信心閾值 0.6，最低比例 16%，最低語音 0.35s
[recorder][flush] ❌ VAD 未達有效語音門檻，略過（語音比例不足 0.0% < 16%）
[recorder][VAD] Silero 語音幀 0/31 (0.0%)，有效語音 0.00s，信心閾值 0.6，最低比例 16%，最低語音 0.35s
[recorder][flush] ❌ VAD 未達有效語音門檻，略過（語音比例不足 0.0% < 16%）
[main][00:56:21.479] ⌨️ 主快捷鍵觸發（Win32/逗號），keys=async_down=Ctrl,RCtrl; logical_down=Ctrl,RCtrl
[main][00:56:21.480] ⌨️ after(0) 執行延遲 0.3ms[main][00:56:21.480] ⏳ 預熱 idle 計時器啟動，10 分鐘後關閉麥克風

[recorder][stop] 錄音太短 (0.73s)，略過
[main][00:56:22.159] ⌨️ 主快捷鍵觸發（Win32/逗號），keys=async_down=Ctrl,RCtrl; logical_down=Ctrl,RCtrl
[main][00:56:22.159] ⌨️ after(0) 執行延遲 0.3ms
[tap]        [00:56:22.187] 💤 敲麥監聽已停止
[recorder][00:56:22] 🚀 預熱命中，直接開始錄音
[main][00:56:22.188] ⏱️ recorder.start() 耗時 0.8ms，ok=True
[tap]        [00:56:22.191] 🎙️ 敲麥監聽已啟動
[main][00:56:22.196] 🎙️ 開始錄音
[recorder][VAD] Silero 語音幀 0/31 (0.0%)，有效語音 0.00s，信心閾值 0.6，最低比例 16%，最低語音 0.35s
[recorder][flush] ❌ VAD 未達有效語音門檻，略過（語音比例不足 0.0% < 16%）
[recorder][VAD] Silero 語音幀 0/38 (0.0%)，有效語音 0.00s，信心閾值 0.6，最低比例 16%，最低語音 0.35s
[recorder][flush] ❌ VAD 未達有效語音門檻，略過（語音比例不足 0.0% < 16%）
[recorder][VAD] Silero 語音幀 0/31 (0.0%)，有效語音 0.00s，信心閾值 0.6，最低比例 16%，最低語音 0.35s
[recorder][flush] ❌ VAD 未達有效語音門檻，略過（語音比例不足 0.0% < 16%）
[recorder][VAD] Silero 語音幀 0/31 (0.0%)，有效語音 0.00s，信心閾值 0.6，最低比例 16%，最低語音 0.35s
[recorder][flush] ❌ VAD 未達有效語音門檻，略過（語音比例不足 0.0% < 16%）
[main][00:56:27.207] ⌨️ 主快捷鍵觸發（Win32/逗號），keys=async_down=Ctrl,RCtrl; logical_down=Ctrl,RCtrl
[main][00:56:27.208] ⌨️ after(0) 執行延遲 0.4ms[main][00:56:27.209] ⏳ 預熱 idle 計時器啟動，10 分鐘後關閉麥克風

[recorder][stop] 錄音太短 (0.75s)，略過
[main][00:56:40.580] ⌨️ 主快捷鍵觸發（Win32/逗號），keys=async_down=Ctrl,RCtrl; logical_down=Ctrl,RCtrl
[main][00:56:40.580] ⌨️ after(0) 執行延遲 0.3ms
[tap]        [00:56:40.599] 💤 敲麥監聽已停止
[recorder][00:56:40] 🚀 預熱命中，直接開始錄音
[main][00:56:40.600] ⏱️ recorder.start() 耗時 0.2ms，ok=True
[tap]        [00:56:40.604] 🎙️ 敲麥監聽已啟動
[main][00:56:40.610] 🎙️ 開始錄音
[tap][sample][00:56:42.492] 持續=1018ms 峰值=4972 ✗長 K=3.3 CF=5.1 SC=2128Hz Att=54.6ms | fK=3.5 fCF=5.2 fSC=2121Hz fFlat=0.508 fHF=0.036
[tap][dim]   [00:56:42.527] 持續=35ms 峰值=533 ✗弱
[tap][sample][00:56:43.211] 持續=486ms 峰值=4910 ✗長 K=3.6 CF=5.7 SC=1323Hz Att=258.8ms | fK=4.1 fCF=5.9 fSC=1335Hz fFlat=0.295 fHF=0.004
[tap][dim]   [00:56:43.238] 持續=27ms 峰值=533 ✗弱
[tap][sample][00:56:43.427] 持續=189ms 峰值=9394 ✗長 K=7.0 CF=5.1 SC=867Hz Att=11.2ms | fK=8.6 fCF=5.5 fSC=870Hz fFlat=0.160 fHF=0.000
[tap][sample][00:56:43.751] 持續=225ms 峰值=4277 ✗長 K=4.0 CF=5.0 SC=1079Hz Att=43.9ms | fK=4.9 fCF=5.4 fSC=1080Hz fFlat=0.233 fHF=0.003
[tap][dim]   [00:56:43.777] 持續=27ms 峰值=407 ✗弱
[tap][sample][00:56:44.066] 持續=288ms 峰值=3649 ✗長 K=2.7 CF=4.9 SC=1110Hz Att=128.1ms | fK=3.3 fCF=5.2 fSC=1111Hz fFlat=0.185 fHF=0.001
[tap][sample][00:56:45.317] 持續=1197ms 峰值=11374 ✗長 K=14.0 CF=10.6 SC=2419Hz Att=938.8ms | fK=14.5 fCF=10.7 fSC=2415Hz fFlat=0.590 fHF=0.062
[recorder][VAD] Silero 語音幀 116/185 (62.7%)，有效語音 3.71s，信心閾值 0.6，最低比例 16%，最低語音 0.35s
[recorder][flush] ✅ 取出 5.9s 音訊段落
[main][00:56:46.547] ✂️ 自動分段送出（靜音達1s，累積 5.9s，靜音 1.2s）
[paster][00:56:47] 📏 [UIA] text='ctrl esc to focus or', text_after='', at_end=True, last_punct=False
[paster][00:56:47] 🔮 預取游標位置: at_end=True, last_punct=False (delay=0.39s, est_api=0.84s)
[transcriber][00:56:47.609] ⏱️ API 耗時: 1.06s
[main][00:56:47.612] ✅ 分段辨識完成: "滾輪還是沒辦法滾到下面的視窗"
[paster][00:56:47] 🎯 PASTE: at_end=True, last_punct=False, add_prefix=True (prefetched), prefix='，', final='滾輪還是沒辦法滾到下面的視窗'
[paster][00:56:47] ⌨️ TEXT input skipped: process=chrome.exe，class=Chrome_WidgetWin_1，focus=('未来AI的世界 - YouTube', '', 'RootWebArea', 'DocumentControl')，preserve_ctrl=False
[paster][00:56:47] 📋 CLIP flow start: target_chars=15, restore_delay=0.30s
[paster][00:56:47] 📋 CLIP backup: count=5, formats=49161:8B, 50139:9135B, 49171:216B, 8:370764B, 17:370848B, text=missing
[paster][00:56:47] 📋 CLIP set attempt 1/4: chars=15, bytes=32, preview='，滾輪還是沒辦法滾到下面的視窗'
[recorder][VAD] Silero 語音幀 0/38 (0.0%)，有效語音 0.00s，信心閾值 0.6，最低比例 16%，最低語音 0.35s
[recorder][flush] ❌ VAD 未達有效語音門檻，略過（語音比例不足 0.0% < 16%）
[paster][00:56:47] 📋 CLIP verify ok: attempt=1, chars=15, text='，滾輪還是沒辦法滾到下面的視窗'
[paster][00:56:47] ⌨️ Ctrl+V 準備送出，cb_ok=True，視窗="未来AI的世界 - YouTube - Google Chrome"，hwnd=0x007406e6，process=chrome.exe，class=Chrome_WidgetWin_1，keys_before=async_down=none; logical_down=none，text='，滾輪還是沒辦法滾到下面的視窗'
[paster][00:56:47] ⌨️ 貼上前釋放修飾鍵: released=none，restore_later=none，preserve_ctrl=False，keys_after_release=async_down=none; logical_down=none
[paster][00:56:47] ⌨️ Ctrl+V 已送出，keys_after_send=async_down=none; logical_down=none
[paster][00:56:47] 🚫 CLIP guard armed: manual Ctrl+V suppressed
[paster][00:56:47] ⏱️ 收到→貼上完成: 0.29s
[paster][00:56:47] 📋 CLIP restore wait: 0.30s
[paster][00:56:48] 📋 CLIP restore attempt 1/4: text=missing
[paster][00:56:48] 📋 CLIP restore: restored=5/5, formats=49161:8B, 50139:9135B, 49171:216B, 8:370764B, 17:370848B, text=missing
[paster][00:56:48] 📋 CLIP read: CF_UNICODETEXT missing
[paster][00:56:48] 📋 CLIP restore verify ok: attempt=1, text=''
[paster][00:56:48] 🚫 CLIP guard disarmed: blocked=0
[paster][00:56:48] 📋 CLIP read: CF_UNICODETEXT missing
[paster][00:56:48] 📋 CLIP read: CF_UNICODETEXT missing
[recorder][VAD] Silero 語音幀 0/31 (0.0%)，有效語音 0.00s，信心閾值 0.6，最低比例 16%，最低語音 0.35s
[recorder][flush] ❌ VAD 未達有效語音門檻，略過（語音比例不足 0.0% < 16%）
[main][00:56:48.813] ⌨️ 主快捷鍵觸發（Win32/逗號），keys=async_down=Ctrl,RCtrl; logical_down=Ctrl,RCtrl
[main][00:56:48.813] ⌨️ after(0) 執行延遲 0.9ms[main][00:56:48.814] ⏳ 預熱 idle 計時器啟動，10 分鐘後關閉麥克風

[recorder][stop] 錄音太短 (0.08s)，略過
[paster][00:56:48] 📋 CLIP read: CF_UNICODETEXT missing
[paster][00:56:49] 📋 CLIP read: CF_UNICODETEXT missing
[paster][00:56:49] 📋 CLIP read: CF_UNICODETEXT missing
[paster][00:56:49] 📋 CLIP read: CF_UNICODETEXT missing
[main][00:56:49.546] ⌨️ 主快捷鍵觸發（Win32/逗號），keys=async_down=Ctrl,RCtrl; logical_down=Ctrl,RCtrl
[main][00:56:49.548] ⌨️ after(0) 執行延遲 1.7ms
[tap]        [00:56:49.575] 💤 敲麥監聽已停止
[recorder][00:56:49] 🚀 預熱命中，直接開始錄音
[main][00:56:49.575] ⏱️ recorder.start() 耗時 0.2ms，ok=True
[tap]        [00:56:49.578] 🎙️ 敲麥監聽已啟動
[main][00:56:49.585] 🎙️ 開始錄音
[paster][00:56:49] 📋 CLIP read: CF_UNICODETEXT missing
[paster][00:56:49] 📋 CLIP read: CF_UNICODETEXT missing
Traceback (most recent call last):
  File "F:\Cursor\AI Whisper Next\src\ai_whisper\ui\waveform_overlay.py", line 614, in nativeEvent
    ctypes.windll.user32.PostMessageW(hwnd, msg.message, msg.wParam, msg.lParam)
ctypes.ArgumentError: argument 3: OverflowError: int too long to convert
Traceback (most recent call last):
  File "F:\Cursor\AI Whisper Next\src\ai_whisper\ui\waveform_overlay.py", line 614, in nativeEvent
    ctypes.windll.user32.PostMessageW(hwnd, msg.message, msg.wParam, msg.lParam)
ctypes.ArgumentError: argument 3: OverflowError: int too long to convert
[paster][00:56:50] 📋 CLIP read: CF_UNICODETEXT missing
[paster][00:56:50] 📋 CLIP read: CF_UNICODETEXT missing
[paster][00:56:50] 📋 CLIP read: CF_UNICODETEXT missing
[paster][00:56:50] 📋 CLIP read: CF_UNICODETEXT missing
[paster][00:56:50] 📋 CLIP watchdog done: checks=11, repairs=0, ok=True, final=''
[paster][00:56:50] 📋 剪貼簿已還原驗證（5 種格式，restore_ok=True, watch_ok=True）
Traceback (most recent call last):
  File "F:\Cursor\AI Whisper Next\src\ai_whisper\ui\waveform_overlay.py", line 614, in nativeEvent
    ctypes.windll.user32.PostMessageW(hwnd, msg.message, msg.wParam, msg.lParam)
ctypes.ArgumentError: argument 3: OverflowError: int too long to convert
[recorder][VAD] Silero 語音幀 0/31 (0.0%)，有效語音 0.00s，信心閾值 0.6，最低比例 16%，最低語音 0.35s
[recorder][flush] ❌ VAD 未達有效語音門檻，略過（語音比例不足 0.0% < 16%）
Traceback (most recent call last):
  File "F:\Cursor\AI Whisper Next\src\ai_whisper\ui\waveform_overlay.py", line 614, in nativeEvent
    ctypes.windll.user32.PostMessageW(hwnd, msg.message, msg.wParam, msg.lParam)
ctypes.ArgumentError: argument 3: OverflowError: int too long to convert
Traceback (most recent call last):
  File "F:\Cursor\AI Whisper Next\src\ai_whisper\ui\waveform_overlay.py", line 614, in nativeEvent
    ctypes.windll.user32.PostMessageW(hwnd, msg.message, msg.wParam, msg.lParam)
ctypes.ArgumentError: argument 3: OverflowError: int too long to convert
[recorder][VAD] Silero 語音幀 0/38 (0.0%)，有效語音 0.00s，信心閾值 0.6，最低比例 16%，最低語音 0.35s
[recorder][flush] ❌ VAD 未達有效語音門檻，略過（語音比例不足 0.0% < 16%）
Traceback (most recent call last):
  File "F:\Cursor\AI Whisper Next\src\ai_whisper\ui\waveform_overlay.py", line 614, in nativeEvent
    ctypes.windll.user32.PostMessageW(hwnd, msg.message, msg.wParam, msg.lParam)
ctypes.ArgumentError: argument 3: OverflowError: int too long to convert
Traceback (most recent call last):
  File "F:\Cursor\AI Whisper Next\src\ai_whisper\ui\waveform_overlay.py", line 614, in nativeEvent
    ctypes.windll.user32.PostMessageW(hwnd, msg.message, msg.wParam, msg.lParam)
ctypes.ArgumentError: argument 3: OverflowError: int too long to convert
Traceback (most recent call last):
  File "F:\Cursor\AI Whisper Next\src\ai_whisper\ui\waveform_overlay.py", line 614, in nativeEvent
    ctypes.windll.user32.PostMessageW(hwnd, msg.message, msg.wParam, msg.lParam)
ctypes.ArgumentError: argument 3: OverflowError: int too long to convert
Traceback (most recent call last):
  File "F:\Cursor\AI Whisper Next\src\ai_whisper\ui\waveform_overlay.py", line 614, in nativeEvent
    ctypes.windll.user32.PostMessageW(hwnd, msg.message, msg.wParam, msg.lParam)
ctypes.ArgumentError: argument 3: OverflowError: int too long to convert
Traceback (most recent call last):
  File "F:\Cursor\AI Whisper Next\src\ai_whisper\ui\waveform_overlay.py", line 614, in nativeEvent
    ctypes.windll.user32.PostMessageW(hwnd, msg.message, msg.wParam, msg.lParam)
ctypes.ArgumentError: argument 3: OverflowError: int too long to convert
[recorder][VAD] Silero 語音幀 0/38 (0.0%)，有效語音 0.00s，信心閾值 0.6，最低比例 16%，最低語音 0.35s
[recorder][flush] ❌ VAD 未達有效語音門檻，略過（語音比例不足 0.0% < 16%）
[recorder][VAD] Silero 語音幀 0/31 (0.0%)，有效語音 0.00s，信心閾值 0.6，最低比例 16%，最低語音 0.35s
[recorder][flush] ❌ VAD 未達有效語音門檻，略過（語音比例不足 0.0% < 16%）
[recorder][VAD] Silero 語音幀 0/38 (0.0%)，有效語音 0.00s，信心閾值 0.6，最低比例 16%，最低語音 0.35s
[recorder][flush] ❌ VAD 未達有效語音門檻，略過（語音比例不足 0.0% < 16%）
[recorder][VAD] Silero 語音幀 0/38 (0.0%)，有效語音 0.00s，信心閾值 0.6，最低比例 16%，最低語音 0.35s
[recorder][flush] ❌ VAD 未達有效語音門檻，略過（語音比例不足 0.0% < 16%）
[recorder][VAD] Silero 語音幀 0/31 (0.0%)，有效語音 0.00s，信心閾值 0.6，最低比例 16%，最低語音 0.35s
[recorder][flush] ❌ VAD 未達有效語音門檻，略過（語音比例不足 0.0% < 16%）
[recorder][VAD] Silero 語音幀 0/38 (0.0%)，有效語音 0.00s，信心閾值 0.6，最低比例 16%，最低語音 0.35s
[recorder][flush] ❌ VAD 未達有效語音門檻，略過（語音比例不足 0.0% < 16%）
[recorder][VAD] Silero 語音幀 0/31 (0.0%)，有效語音 0.00s，信心閾值 0.6，最低比例 16%，最低語音 0.35s
[recorder][flush] ❌ VAD 未達有效語音門檻，略過（語音比例不足 0.0% < 16%）
[recorder][VAD] Silero 語音幀 0/31 (0.0%)，有效語音 0.00s，信心閾值 0.6，最低比例 16%，最低語音 0.35s
[recorder][flush] ❌ VAD 未達有效語音門檻，略過（語音比例不足 0.0% < 16%）
[recorder][VAD] Silero 語音幀 0/31 (0.0%)，有效語音 0.00s，信心閾值 0.6，最低比例 16%，最低語音 0.35s
[recorder][flush] ❌ VAD 未達有效語音門檻，略過（語音比例不足 0.0% < 16%）
[main][00:57:02.686] ⌨️ 記憶快捷鍵 1 觸發，keys=async_down=Shift,Ctrl,Alt,LShift,LCtrl,LAlt; logical_down=Shift,Ctrl,Alt,LShift,LCtrl,LAlt
[main][00:57:02.687] 📋 貼上記憶 1: "滾輪還是沒辦法滾到下面的視窗"
[recorder][VAD] Silero 語音幀 0/31 (0.0%)，有效語音 0.00s，信心閾值 0.6，最低比例 16%，最低語音 0.35s
[recorder][flush] ❌ VAD 未達有效語音門檻，略過（語音比例不足 0.0% < 16%）
[paster][00:57:03] 📏 [UIA] text='ctrl esc to focus or', text_after='', at_end=True, last_punct=False
[paster][00:57:03] 🎯 PASTE: at_end=True, last_punct=False, add_prefix=True, prefix='。', uia=504ms, final='滾輪還是沒辦法滾到下面的視窗'
[paster][00:57:03] ⌨️ TEXT input skipped: process=cursor.exe，class=Chrome_WidgetWin_1，focus=('Message input', 'messageInput_cKsPxg', '', 'EditControl')，preserve_ctrl=True
[paster][00:57:03] 📋 CLIP flow start: target_chars=15, restore_delay=0.30s
[paster][00:57:03] 📋 CLIP backup: count=5, formats=49161:8B, 50139:9135B, 49171:216B, 8:370764B, 17:370848B, text=missing
[paster][00:57:03] 📋 CLIP set attempt 1/4: chars=15, bytes=32, preview='。滾輪還是沒辦法滾到下面的視窗'
[paster][00:57:03] 📋 CLIP verify ok: attempt=1, chars=15, text='。滾輪還是沒辦法滾到下面的視窗'
[paster][00:57:03] ⌨️ Ctrl+V 準備送出，cb_ok=True，視窗="Add hover buttons to wav… - AI Whisper Next - Cursor [系統管理員]"，hwnd=0x00110a72，process=cursor.exe，class=Chrome_WidgetWin_1，keys_before=async_down=none; logical_down=none，text='。滾輪還是沒辦法滾到下面的視窗'
[paster][00:57:03] ⌨️ 貼上前釋放修飾鍵: released=none，restore_later=none，preserve_ctrl=False，keys_after_release=async_down=none; logical_down=none
[paster][00:57:03] ⌨️ Ctrl+V 已送出，keys_after_send=async_down=none; logical_down=none
[paster][00:57:03] 🚫 CLIP guard armed: manual Ctrl+V suppressed
[paster][00:57:03] 📋 CLIP restore wait: 0.30s
[paster][00:57:03] 📋 CLIP restore attempt 1/4: text=missing
[paster][00:57:03] 📋 CLIP restore: restored=5/5, formats=49161:8B, 50139:9135B, 49171:216B, 8:370764B, 17:370848B, text=missing
[paster][00:57:03] 📋 CLIP read: CF_UNICODETEXT missing
[paster][00:57:03] 📋 CLIP restore verify ok: attempt=1, text=''
[paster][00:57:03] 🚫 CLIP guard disarmed: blocked=0
[paster][00:57:03] 📋 CLIP read: CF_UNICODETEXT missing
[recorder][VAD] Silero 語音幀 0/37 (0.0%)，有效語音 0.00s，信心閾值 0.6，最低比例 16%，最低語音 0.35s
[recorder][flush] ❌ VAD 未達有效語音門檻，略過（語音比例不足 0.0% < 16%）
[paster][00:57:04] 📋 CLIP read: CF_UNICODETEXT missing
[paster][00:57:04] 📋 CLIP read: CF_UNICODETEXT missing
[paster][00:57:04] 📋 CLIP read: CF_UNICODETEXT missing
[paster][00:57:04] 📋 CLIP read: CF_UNICODETEXT missing
[paster][00:57:04] 📋 CLIP read: CF_UNICODETEXT missing
[paster][00:57:05] 📋 CLIP read: CF_UNICODETEXT missing
[recorder][VAD] Silero 語音幀 0/39 (0.0%)，有效語音 0.00s，信心閾值 0.6，最低比例 16%，最低語音 0.35s
[recorder][flush] ❌ VAD 未達有效語音門檻，略過（語音比例不足 0.0% < 16%）
[paster][00:57:05] 📋 CLIP read: CF_UNICODETEXT missing
[paster][00:57:05] 📋 CLIP read: CF_UNICODETEXT missing
[paster][00:57:05] 📋 CLIP read: CF_UNICODETEXT missing
[paster][00:57:05] 📋 CLIP read: CF_UNICODETEXT missing
[paster][00:57:05] 📋 CLIP read: CF_UNICODETEXT missing
[paster][00:57:05] 📋 CLIP watchdog done: checks=11, repairs=0, ok=True, final=''
[paster][00:57:05] 📋 剪貼簿已還原驗證（5 種格式，restore_ok=True, watch_ok=True）
[recorder][VAD] Silero 語音幀 0/31 (0.0%)，有效語音 0.00s，信心閾值 0.6，最低比例 16%，最低語音 0.35s
[recorder][flush] ❌ VAD 未達有效語音門檻，略過（語音比例不足 0.0% < 16%）
[recorder][VAD] Silero 語音幀 0/31 (0.0%)，有效語音 0.00s，信心閾值 0.6，最低比例 16%，最低語音 0.35s
[recorder][flush] ❌ VAD 未達有效語音門檻，略過（語音比例不足 0.0% < 16%）
[recorder][VAD] Silero 語音幀 0/31 (0.0%)，有效語音 0.00s，信心閾值 0.6，最低比例 16%，最低語音 0.35s
[recorder][flush] ❌ VAD 未達有效語音門檻，略過（語音比例不足 0.0% < 16%）
[recorder][VAD] Silero 語音幀 0/31 (0.0%)，有效語音 0.00s，信心閾值 0.6，最低比例 16%，最低語音 0.35s
[recorder][flush] ❌ VAD 未達有效語音門檻，略過（語音比例不足 0.0% < 16%）
[recorder][VAD] Silero 語音幀 0/31 (0.0%)，有效語音 0.00s，信心閾值 0.6，最低比例 16%，最低語音 0.35s
[recorder][flush] ❌ VAD 未達有效語音門檻，略過（語音比例不足 0.0% < 16%）
[recorder][VAD] Silero 語音幀 0/38 (0.0%)，有效語音 0.00s，信心閾值 0.6，最低比例 16%，最低語音 0.35s
[recorder][flush] ❌ VAD 未達有效語音門檻，略過（語音比例不足 0.0% < 16%）
[recorder][VAD] Silero 語音幀 0/31 (0.0%)，有效語音 0.00s，信心閾值 0.6，最低比例 16%，最低語音 0.35s
[recorder][flush] ❌ VAD 未達有效語音門檻，略過（語音比例不足 0.0% < 16%）
[recorder][VAD] Silero 語音幀 0/32 (0.0%)，有效語音 0.00s，信心閾值 0.6，最低比例 16%，最低語音 0.35s
[recorder][flush] ❌ VAD 未達有效語音門檻，略過（語音比例不足 0.0% < 16%）
[recorder][VAD] Silero 語音幀 0/37 (0.0%)，有效語音 0.00s，信心閾值 0.6，最低比例 16%，最低語音 0.35s
[recorder][flush] ❌ VAD 未達有效語音門檻，略過（語音比例不足 0.0% < 16%）
[recorder][VAD] Silero 語音幀 0/38 (0.0%)，有效語音 0.00s，信心閾值 0.6，最低比例 16%，最低語音 0.35s
[recorder][flush] ❌ VAD 未達有效語音門檻，略過（語音比例不足 0.0% < 16%）
[recorder][VAD] Silero 語音幀 0/31 (0.0%)，有效語音 0.00s，信心閾值 0.6，最低比例 16%，最低語音 0.35s
[recorder][flush] ❌ VAD 未達有效語音門檻，略過（語音比例不足 0.0% < 16%）
[recorder][VAD] Silero 語音幀 0/37 (0.0%)，有效語音 0.00s，信心閾值 0.6，最低比例 16%，最低語音 0.35s
[recorder][flush] ❌ VAD 未達有效語音門檻，略過（語音比例不足 0.0% < 16%）
[recorder][VAD] Silero 語音幀 0/32 (0.0%)，有效語音 0.00s，信心閾值 0.6，最低比例 16%，最低語音 0.35s
[recorder][flush] ❌ VAD 未達有效語音門檻，略過（語音比例不足 0.0% < 16%）
[recorder][VAD] Silero 語音幀 0/31 (0.0%)，有效語音 0.00s，信心閾值 0.6，最低比例 16%，最低語音 0.35s
[recorder][flush] ❌ VAD 未達有效語音門檻，略過（語音比例不足 0.0% < 16%）
[recorder][VAD] Silero 語音幀 0/31 (0.0%)，有效語音 0.00s，信心閾值 0.6，最低比例 16%，最低語音 0.35s
[recorder][flush] ❌ VAD 未達有效語音門檻，略過（語音比例不足 0.0% < 16%）
[recorder][VAD] Silero 語音幀 0/31 (0.0%)，有效語音 0.00s，信心閾值 0.6，最低比例 16%，最低語音 0.35s
[recorder][flush] ❌ VAD 未達有效語音門檻，略過（語音比例不足 0.0% < 16%）
[recorder][VAD] Silero 語音幀 0/31 (0.0%)，有效語音 0.00s，信心閾值 0.6，最低比例 16%，最低語音 0.35s
[recorder][flush] ❌ VAD 未達有效語音門檻，略過（語音比例不足 0.0% < 16%）
[recorder][VAD] Silero 語音幀 0/38 (0.0%)，有效語音 0.00s，信心閾值 0.6，最低比例 16%，最低語音 0.35s
[recorder][flush] ❌ VAD 未達有效語音門檻，略過（語音比例不足 0.0% < 16%）
[recorder][VAD] Silero 語音幀 0/31 (0.0%)，有效語音 0.00s，信心閾值 0.6，最低比例 16%，最低語音 0.35s
[recorder][flush] ❌ VAD 未達有效語音門檻，略過（語音比例不足 0.0% < 16%）
[recorder][VAD] Silero 語音幀 0/31 (0.0%)，有效語音 0.00s，信心閾值 0.6，最低比例 16%，最低語音 0.35s
[recorder][flush] ❌ VAD 未達有效語音門檻，略過（語音比例不足 0.0% < 16%）
[recorder][VAD] Silero 語音幀 0/38 (0.0%)，有效語音 0.00s，信心閾值 0.6，最低比例 16%，最低語音 0.35s
[recorder][flush] ❌ VAD 未達有效語音門檻，略過（語音比例不足 0.0% < 16%）
[recorder][VAD] Silero 語音幀 0/31 (0.0%)，有效語音 0.00s，信心閾值 0.6，最低比例 16%，最低語音 0.35s
[recorder][flush] ❌ VAD 未達有效語音門檻，略過（語音比例不足 0.0% < 16%）
[recorder][VAD] Silero 語音幀 0/31 (0.0%)，有效語音 0.00s，信心閾值 0.6，最低比例 16%，最低語音 0.35s
[recorder][flush] ❌ VAD 未達有效語音門檻，略過（語音比例不足 0.0% < 16%）
[recorder][VAD] Silero 語音幀 0/38 (0.0%)，有效語音 0.00s，信心閾值 0.6，最低比例 16%，最低語音 0.35s
[recorder][flush] ❌ VAD 未達有效語音門檻，略過（語音比例不足 0.0% < 16%）
[recorder][VAD] Silero 語音幀 0/38 (0.0%)，有效語音 0.00s，信心閾值 0.6，最低比例 16%，最低語音 0.35s
[recorder][flush] ❌ VAD 未達有效語音門檻，略過（語音比例不足 0.0% < 16%）
[recorder][VAD] Silero 語音幀 0/38 (0.0%)，有效語音 0.00s，信心閾值 0.6，最低比例 16%，最低語音 0.35s
[recorder][flush] ❌ VAD 未達有效語音門檻，略過（語音比例不足 0.0% < 16%）
[recorder][VAD] Silero 語音幀 0/31 (0.0%)，有效語音 0.00s，信心閾值 0.6，最低比例 16%，最低語音 0.35s
[recorder][flush] ❌ VAD 未達有效語音門檻，略過（語音比例不足 0.0% < 16%）
[recorder][VAD] Silero 語音幀 0/31 (0.0%)，有效語音 0.00s，信心閾值 0.6，最低比例 16%，最低語音 0.35s
[recorder][flush] ❌ VAD 未達有效語音門檻，略過（語音比例不足 0.0% < 16%）
[recorder][VAD] Silero 語音幀 0/31 (0.0%)，有效語音 0.00s，信心閾值 0.6，最低比例 16%，最低語音 0.35s
[recorder][flush] ❌ VAD 未達有效語音門檻，略過（語音比例不足 0.0% < 16%）
[recorder][VAD] Silero 語音幀 0/38 (0.0%)，有效語音 0.00s，信心閾值 0.6，最低比例 16%，最低語音 0.35s
[recorder][flush] ❌ VAD 未達有效語音門檻，略過（語音比例不足 0.0% < 16%）
[recorder][VAD] Silero 語音幀 0/31 (0.0%)，有效語音 0.00s，信心閾值 0.6，最低比例 16%，最低語音 0.35s
[recorder][flush] ❌ VAD 未達有效語音門檻，略過（語音比例不足 0.0% < 16%）
[recorder][VAD] Silero 語音幀 0/31 (0.0%)，有效語音 0.00s，信心閾值 0.6，最低比例 16%，最低語音 0.35s
[recorder][flush] ❌ VAD 未達有效語音門檻，略過（語音比例不足 0.0% < 16%）
[recorder][VAD] Silero 語音幀 0/31 (0.0%)，有效語音 0.00s，信心閾值 0.6，最低比例 16%，最低語音 0.35s
[recorder][flush] ❌ VAD 未達有效語音門檻，略過（語音比例不足 0.0% < 16%）
[recorder][VAD] Silero 語音幀 0/31 (0.0%)，有效語音 0.00s，信心閾值 0.6，最低比例 16%，最低語音 0.35s
[recorder][flush] ❌ VAD 未達有效語音門檻，略過（語音比例不足 0.0% < 16%）
[recorder][VAD] Silero 語音幀 0/31 (0.0%)，有效語音 0.00s，信心閾值 0.6，最低比例 16%，最低語音 0.35s
[recorder][flush] ❌ VAD 未達有效語音門檻，略過（語音比例不足 0.0% < 16%）
[recorder][VAD] Silero 語音幀 0/38 (0.0%)，有效語音 0.00s，信心閾值 0.6，最低比例 16%，最低語音 0.35s
[recorder][flush] ❌ VAD 未達有效語音門檻，略過（語音比例不足 0.0% < 16%）
[recorder][VAD] Silero 語音幀 0/31 (0.0%)，有效語音 0.00s，信心閾值 0.6，最低比例 16%，最低語音 0.35s
[recorder][flush] ❌ VAD 未達有效語音門檻，略過（語音比例不足 0.0% < 16%）
[recorder][VAD] Silero 語音幀 0/31 (0.0%)，有效語音 0.00s，信心閾值 0.6，最低比例 16%，最低語音 0.35s
[recorder][flush] ❌ VAD 未達有效語音門檻，略過（語音比例不足 0.0% < 16%）
[recorder][VAD] Silero 語音幀 0/38 (0.0%)，有效語音 0.00s，信心閾值 0.6，最低比例 16%，最低語音 0.35s
[recorder][flush] ❌ VAD 未達有效語音門檻，略過（語音比例不足 0.0% < 16%）
[recorder][VAD] Silero 語音幀 0/31 (0.0%)，有效語音 0.00s，信心閾值 0.6，最低比例 16%，最低語音 0.35s
[recorder][flush] ❌ VAD 未達有效語音門檻，略過（語音比例不足 0.0% < 16%）
[recorder][VAD] Silero 語音幀 0/31 (0.0%)，有效語音 0.00s，信心閾值 0.6，最低比例 16%，最低語音 0.35s
[recorder][flush] ❌ VAD 未達有效語音門檻，略過（語音比例不足 0.0% < 16%）
[recorder][VAD] Silero 語音幀 0/31 (0.0%)，有效語音 0.00s，信心閾值 0.6，最低比例 16%，最低語音 0.35s
[recorder][flush] ❌ VAD 未達有效語音門檻，略過（語音比例不足 0.0% < 16%）
[recorder][VAD] Silero 語音幀 0/31 (0.0%)，有效語音 0.00s，信心閾值 0.6，最低比例 16%，最低語音 0.35s
[recorder][flush] ❌ VAD 未達有效語音門檻，略過（語音比例不足 0.0% < 16%）
[recorder][VAD] Silero 語音幀 0/31 (0.0%)，有效語音 0.00s，信心閾值 0.6，最低比例 16%，最低語音 0.35s
[recorder][flush] ❌ VAD 未達有效語音門檻，略過（語音比例不足 0.0% < 16%）
[recorder][VAD] Silero 語音幀 0/31 (0.0%)，有效語音 0.00s，信心閾值 0.6，最低比例 16%，最低語音 0.35s
[recorder][flush] ❌ VAD 未達有效語音門檻，略過（語音比例不足 0.0% < 16%）
[recorder][VAD] Silero 語音幀 0/32 (0.0%)，有效語音 0.00s，信心閾值 0.6，最低比例 16%，最低語音 0.35s
[recorder][flush] ❌ VAD 未達有效語音門檻，略過（語音比例不足 0.0% < 16%）
[recorder][VAD] Silero 語音幀 0/37 (0.0%)，有效語音 0.00s，信心閾值 0.6，最低比例 16%，最低語音 0.35s
[recorder][flush] ❌ VAD 未達有效語音門檻，略過（語音比例不足 0.0% < 16%）
[recorder][VAD] Silero 語音幀 0/31 (0.0%)，有效語音 0.00s，信心閾值 0.6，最低比例 16%，最低語音 0.35s
[recorder][flush] ❌ VAD 未達有效語音門檻，略過（語音比例不足 0.0% < 16%）
[recorder][VAD] Silero 語音幀 0/32 (0.0%)，有效語音 0.00s，信心閾值 0.6，最低比例 16%，最低語音 0.35s
[recorder][flush] ❌ VAD 未達有效語音門檻，略過（語音比例不足 0.0% < 16%）
[recorder][VAD] Silero 語音幀 0/37 (0.0%)，有效語音 0.00s，信心閾值 0.6，最低比例 16%，最低語音 0.35s
[recorder][flush] ❌ VAD 未達有效語音門檻，略過（語音比例不足 0.0% < 16%）
[recorder][VAD] Silero 語音幀 0/38 (0.0%)，有效語音 0.00s，信心閾值 0.6，最低比例 16%，最低語音 0.35s
[recorder][flush] ❌ VAD 未達有效語音門檻，略過（語音比例不足 0.0% < 16%）
[recorder][VAD] Silero 語音幀 0/38 (0.0%)，有效語音 0.00s，信心閾值 0.6，最低比例 16%，最低語音 0.35s
[recorder][flush] ❌ VAD 未達有效語音門檻，略過（語音比例不足 0.0% < 16%）
[recorder][VAD] Silero 語音幀 0/31 (0.0%)，有效語音 0.00s，信心閾值 0.6，最低比例 16%，最低語音 0.35s
[recorder][flush] ❌ VAD 未達有效語音門檻，略過（語音比例不足 0.0% < 16%）
[recorder][VAD] Silero 語音幀 0/38 (0.0%)，有效語音 0.00s，信心閾值 0.6，最低比例 16%，最低語音 0.35s
[recorder][flush] ❌ VAD 未達有效語音門檻，略過（語音比例不足 0.0% < 16%）
[recorder][VAD] Silero 語音幀 0/38 (0.0%)，有效語音 0.00s，信心閾值 0.6，最低比例 16%，最低語音 0.35s
[recorder][flush] ❌ VAD 未達有效語音門檻，略過（語音比例不足 0.0% < 16%）
[recorder][VAD] Silero 語音幀 0/37 (0.0%)，有效語音 0.00s，信心閾值 0.6，最低比例 16%，最低語音 0.35s
[recorder][flush] ❌ VAD 未達有效語音門檻，略過（語音比例不足 0.0% < 16%）
[recorder][VAD] Silero 語音幀 0/38 (0.0%)，有效語音 0.00s，信心閾值 0.6，最低比例 16%，最低語音 0.35s
[recorder][flush] ❌ VAD 未達有效語音門檻，略過（語音比例不足 0.0% < 16%）
[recorder][VAD] Silero 語音幀 0/38 (0.0%)，有效語音 0.00s，信心閾值 0.6，最低比例 16%，最低語音 0.35s
[recorder][flush] ❌ VAD 未達有效語音門檻，略過（語音比例不足 0.0% < 16%）
[recorder][VAD] Silero 語音幀 0/38 (0.0%)，有效語音 0.00s，信心閾值 0.6，最低比例 16%，最低語音 0.35s
[recorder][flush] ❌ VAD 未達有效語音門檻，略過（語音比例不足 0.0% < 16%）
[recorder][VAD] Silero 語音幀 0/31 (0.0%)，有效語音 0.00s，信心閾值 0.6，最低比例 16%，最低語音 0.35s
[recorder][flush] ❌ VAD 未達有效語音門檻，略過（語音比例不足 0.0% < 16%）
[recorder][VAD] Silero 語音幀 0/31 (0.0%)，有效語音 0.00s，信心閾值 0.6，最低比例 16%，最低語音 0.35s
[recorder][flush] ❌ VAD 未達有效語音門檻，略過（語音比例不足 0.0% < 16%）
[recorder][VAD] Silero 語音幀 0/31 (0.0%)，有效語音 0.00s，信心閾值 0.6，最低比例 16%，最低語音 0.35s
[recorder][flush] ❌ VAD 未達有效語音門檻，略過（語音比例不足 0.0% < 16%）
[recorder][VAD] Silero 語音幀 0/38 (0.0%)，有效語音 0.00s，信心閾值 0.6，最低比例 16%，最低語音 0.35s
[recorder][flush] ❌ VAD 未達有效語音門檻，略過（語音比例不足 0.0% < 16%）
[recorder][VAD] Silero 語音幀 0/38 (0.0%)，有效語音 0.00s，信心閾值 0.6，最低比例 16%，最低語音 0.35s
[recorder][flush] ❌ VAD 未達有效語音門檻，略過（語音比例不足 0.0% < 16%）
[recorder][VAD] Silero 語音幀 0/31 (0.0%)，有效語音 0.00s，信心閾值 0.6，最低比例 16%，最低語音 0.35s
[recorder][flush] ❌ VAD 未達有效語音門檻，略過（語音比例不足 0.0% < 16%）
[recorder][VAD] Silero 語音幀 0/37 (0.0%)，有效語音 0.00s，信心閾值 0.6，最低比例 16%，最低語音 0.35s
[recorder][flush] ❌ VAD 未達有效語音門檻，略過（語音比例不足 0.0% < 16%）
[recorder][VAD] Silero 語音幀 0/32 (0.0%)，有效語音 0.00s，信心閾值 0.6，最低比例 16%，最低語音 0.35s
[recorder][flush] ❌ VAD 未達有效語音門檻，略過（語音比例不足 0.0% < 16%）
[recorder][VAD] Silero 語音幀 0/31 (0.0%)，有效語音 0.00s，信心閾值 0.6，最低比例 16%，最低語音 0.35s
[recorder][flush] ❌ VAD 未達有效語音門檻，略過（語音比例不足 0.0% < 16%）
[recorder][VAD] Silero 語音幀 0/31 (0.0%)，有效語音 0.00s，信心閾值 0.6，最低比例 16%，最低語音 0.35s
[recorder][flush] ❌ VAD 未達有效語音門檻，略過（語音比例不足 0.0% < 16%）
[recorder][VAD] Silero 語音幀 0/37 (0.0%)，有效語音 0.00s，信心閾值 0.6，最低比例 16%，最低語音 0.35s
[recorder][flush] ❌ VAD 未達有效語音門檻，略過（語音比例不足 0.0% < 16%）
[recorder][VAD] Silero 語音幀 0/32 (0.0%)，有效語音 0.00s，信心閾值 0.6，最低比例 16%，最低語音 0.35s
[recorder][flush] ❌ VAD 未達有效語音門檻，略過（語音比例不足 0.0% < 16%）
[recorder][VAD] Silero 語音幀 0/31 (0.0%)，有效語音 0.00s，信心閾值 0.6，最低比例 16%，最低語音 0.35s
[recorder][flush] ❌ VAD 未達有效語音門檻，略過（語音比例不足 0.0% < 16%）
[recorder][VAD] Silero 語音幀 0/37 (0.0%)，有效語音 0.00s，信心閾值 0.6，最低比例 16%，最低語音 0.35s
[recorder][flush] ❌ VAD 未達有效語音門檻，略過（語音比例不足 0.0% < 16%）
[recorder][VAD] Silero 語音幀 0/32 (0.0%)，有效語音 0.00s，信心閾值 0.6，最低比例 16%，最低語音 0.35s
[recorder][flush] ❌ VAD 未達有效語音門檻，略過（語音比例不足 0.0% < 16%）
[recorder][VAD] Silero 語音幀 0/37 (0.0%)，有效語音 0.00s，信心閾值 0.6，最低比例 16%，最低語音 0.35s
[recorder][flush] ❌ VAD 未達有效語音門檻，略過（語音比例不足 0.0% < 16%）
[recorder][VAD] Silero 語音幀 0/31 (0.0%)，有效語音 0.00s，信心閾值 0.6，最低比例 16%，最低語音 0.35s
[recorder][flush] ❌ VAD 未達有效語音門檻，略過（語音比例不足 0.0% < 16%）
[recorder][VAD] Silero 語音幀 0/32 (0.0%)，有效語音 0.00s，信心閾值 0.6，最低比例 16%，最低語音 0.35s
[recorder][flush] ❌ VAD 未達有效語音門檻，略過（語音比例不足 0.0% < 16%）
[recorder][VAD] Silero 語音幀 0/37 (0.0%)，有效語音 0.00s，信心閾值 0.6，最低比例 16%，最低語音 0.35s
[recorder][flush] ❌ VAD 未達有效語音門檻，略過（語音比例不足 0.0% < 16%）
[recorder][VAD] Silero 語音幀 0/38 (0.0%)，有效語音 0.00s，信心閾值 0.6，最低比例 16%，最低語音 0.35s
[recorder][flush] ❌ VAD 未達有效語音門檻，略過（語音比例不足 0.0% < 16%）
[recorder][VAD] Silero 語音幀 0/32 (0.0%)，有效語音 0.00s，信心閾值 0.6，最低比例 16%，最低語音 0.35s
[recorder][flush] ❌ VAD 未達有效語音門檻，略過（語音比例不足 0.0% < 16%）
[recorder][VAD] Silero 語音幀 0/37 (0.0%)，有效語音 0.00s，信心閾值 0.6，最低比例 16%，最低語音 0.35s
[recorder][flush] ❌ VAD 未達有效語音門檻，略過（語音比例不足 0.0% < 16%）
[recorder][VAD] Silero 語音幀 0/38 (0.0%)，有效語音 0.00s，信心閾值 0.6，最低比例 16%，最低語音 0.35s
[recorder][flush] ❌ VAD 未達有效語音門檻，略過（語音比例不足 0.0% < 16%）
[recorder][VAD] Silero 語音幀 0/31 (0.0%)，有效語音 0.00s，信心閾值 0.6，最低比例 16%，最低語音 0.35s
[recorder][flush] ❌ VAD 未達有效語音門檻，略過（語音比例不足 0.0% < 16%）
[recorder][VAD] Silero 語音幀 0/31 (0.0%)，有效語音 0.00s，信心閾值 0.6，最低比例 16%，最低語音 0.35s
[recorder][flush] 段落太短 (0.21s)，略過
[recorder][flush] 段落太短 (0.21s)，略過
[recorder][flush] 段落太短 (0.21s)，略過
[recorder][flush] ❌ VAD 未達有效語音門檻，略過（語音比例不足 0.0% < 16%）
[recorder][VAD] Silero 語音幀 0/38 (0.0%)，有效語音 0.00s，信心閾值 0.6，最低比例 16%，最低語音 0.35s
[recorder][flush] ❌ VAD 未達有效語音門檻，略過（語音比例不足 0.0% < 16%）
[recorder][VAD] Silero 語音幀 0/37 (0.0%)，有效語音 0.00s，信心閾值 0.6，最低比例 16%，最低語音 0.35s
[recorder][flush] ❌ VAD 未達有效語音門檻，略過（語音比例不足 0.0% < 16%）
[recorder][VAD] Silero 語音幀 0/38 (0.0%)，有效語音 0.00s，信心閾值 0.6，最低比例 16%，最低語音 0.35s
[recorder][flush] ❌ VAD 未達有效語音門檻，略過（語音比例不足 0.0% < 16%）
[recorder][VAD] Silero 語音幀 0/38 (0.0%)，有效語音 0.00s，信心閾值 0.6，最低比例 16%，最低語音 0.35s
[recorder][flush] ❌ VAD 未達有效語音門檻，略過（語音比例不足 0.0% < 16%）
[recorder][VAD] Silero 語音幀 0/38 (0.0%)，有效語音 0.00s，信心閾值 0.6，最低比例 16%，最低語音 0.35s
[recorder][flush] ❌ VAD 未達有效語音門檻，略過（語音比例不足 0.0% < 16%）
[recorder][VAD] Silero 語音幀 0/31 (0.0%)，有效語音 0.00s，信心閾值 0.6，最低比例 16%，最低語音 0.35s
[recorder][flush] ❌ VAD 未達有效語音門檻，略過（語音比例不足 0.0% < 16%）
[recorder][VAD] Silero 語音幀 0/31 (0.0%)，有效語音 0.00s，信心閾值 0.6，最低比例 16%，最低語音 0.35s
[recorder][flush] ❌ VAD 未達有效語音門檻，略過（語音比例不足 0.0% < 16%）
[recorder][VAD] Silero 語音幀 0/37 (0.0%)，有效語音 0.00s，信心閾值 0.6，最低比例 16%，最低語音 0.35s
[recorder][flush] ❌ VAD 未達有效語音門檻，略過（語音比例不足 0.0% < 16%）
[recorder][VAD] Silero 語音幀 0/32 (0.0%)，有效語音 0.00s，信心閾值 0.6，最低比例 16%，最低語音 0.35s
[recorder][flush] ❌ VAD 未達有效語音門檻，略過（語音比例不足 0.0% < 16%）
[recorder][VAD] Silero 語音幀 0/31 (0.0%)，有效語音 0.00s，信心閾值 0.6，最低比例 16%，最低語音 0.35s
[recorder][flush] ❌ VAD 未達有效語音門檻，略過（語音比例不足 0.0% < 16%）
[recorder][VAD] Silero 語音幀 0/31 (0.0%)，有效語音 0.00s，信心閾值 0.6，最低比例 16%，最低語音 0.35s
[recorder][flush] ❌ VAD 未達有效語音門檻，略過（語音比例不足 0.0% < 16%）
[recorder][VAD] Silero 語音幀 0/31 (0.0%)，有效語音 0.00s，信心閾值 0.6，最低比例 16%，最低語音 0.35s
[recorder][flush] ❌ VAD 未達有效語音門檻，略過（語音比例不足 0.0% < 16%）
[recorder][VAD] Silero 語音幀 0/31 (0.0%)，有效語音 0.00s，信心閾值 0.6，最低比例 16%，最低語音 0.35s
[recorder][flush] ❌ VAD 未達有效語音門檻，略過（語音比例不足 0.0% < 16%）
[recorder][VAD] Silero 語音幀 0/31 (0.0%)，有效語音 0.00s，信心閾值 0.6，最低比例 16%，最低語音 0.35s
[recorder][flush] ❌ VAD 未達有效語音門檻，略過（語音比例不足 0.0% < 16%）
[recorder][VAD] Silero 語音幀 0/31 (0.0%)，有效語音 0.00s，信心閾值 0.6，最低比例 16%，最低語音 0.35s
[recorder][flush] ❌ VAD 未達有效語音門檻，略過（語音比例不足 0.0% < 16%）
[recorder][VAD] Silero 語音幀 0/31 (0.0%)，有效語音 0.00s，信心閾值 0.6，最低比例 16%，最低語音 0.35s
[recorder][flush] ❌ VAD 未達有效語音門檻，略過（語音比例不足 0.0% < 16%）
[recorder][VAD] Silero 語音幀 0/38 (0.0%)，有效語音 0.00s，信心閾值 0.6，最低比例 16%，最低語音 0.35s
[recorder][flush] ❌ VAD 未達有效語音門檻，略過（語音比例不足 0.0% < 16%）
[recorder][VAD] Silero 語音幀 0/31 (0.0%)，有效語音 0.00s，信心閾值 0.6，最低比例 16%，最低語音 0.35s
[recorder][flush] ❌ VAD 未達有效語音門檻，略過（語音比例不足 0.0% < 16%）
[recorder][VAD] Silero 語音幀 0/31 (0.0%)，有效語音 0.00s，信心閾值 0.6，最低比例 16%，最低語音 0.35s
[recorder][flush] ❌ VAD 未達有效語音門檻，略過（語音比例不足 0.0% < 16%）
[recorder][VAD] Silero 語音幀 0/38 (0.0%)，有效語音 0.00s，信心閾值 0.6，最低比例 16%，最低語音 0.35s
[recorder][flush] ❌ VAD 未達有效語音門檻，略過（語音比例不足 0.0% < 16%）
[recorder][VAD] Silero 語音幀 0/31 (0.0%)，有效語音 0.00s，信心閾值 0.6，最低比例 16%，最低語音 0.35s
[recorder][flush] ❌ VAD 未達有效語音門檻，略過（語音比例不足 0.0% < 16%）
[recorder][VAD] Silero 語音幀 0/31 (0.0%)，有效語音 0.00s，信心閾值 0.6，最低比例 16%，最低語音 0.35s
[recorder][flush] ❌ VAD 未達有效語音門檻，略過（語音比例不足 0.0% < 16%）
[tap]        [00:59:02.775] 💤 敲麥監聽已停止
[recorder][00:59:02] 💤 預熱 stream 已關閉
