[main]          [01:54:20.054] LOG -> F:\Cursor\AI Whisper Next\logs\ai_whisper_20260609_015420_P8-32.current.log
[settings]      [01:54:20.055] config loaded from F:\Cursor\AI Whisper Next\config.json
[main]          [01:54:20.203] ✅ 快捷鍵 ctrl+f11（句號）、ctrl+f12（逗號）已註冊
[main]          [01:54:20.205] ✅ 主快捷鍵 2/2 已註冊 (Win32)
[main]          [01:54:20.205] ✅ 記憶快捷鍵 5/5 已註冊 (Win32)
[tap]           [01:54:20.221] 🎙️ 敲麥監聽已啟動
[main]          [01:54:20.221] 🔧 DIAG 關閉元件: (none)
[debug]         [01:54:20.231] 🔍 Debug server listening on 127.0.0.1:47643
[recorder][VAD] [01:54:20.773] 載入 Silero VAD 模型 (ONNX): F:\Cursor\AI Whisper Next\assets\silero_vad.onnx
[recorder][VAD] [01:54:20.865] Silero VAD 模型載入完成 (ONNX)
[transcriber]   [01:54:21.744] 🔌 HTTP 連線預熱完成 (1.52s)
[main]          [01:54:22.255] ⌨️ 主快捷鍵觸發（Win32/逗號），keys=async_down=Ctrl,RCtrl; logical_down=Ctrl,RCtrl
[main]          [01:54:22.259] ⌨️ after(0) 執行延遲 4.5ms
[tap]           [01:54:22.333] 💤 敲麥監聽已停止
[recorder]      [01:54:22.347] ⏱️ InputStream() 12.7ms
[recorder]      [01:54:22.348] ⏱️ stream.start() 0.7ms
[recorder]      [01:54:22.348] 🎙️ 錄音就緒，總初始化 13.4ms
[main]          [01:54:22.348] ⏱️ recorder.start() 耗時 13.7ms，ok=True
[tap]           [01:54:22.881] 🎙️ 敲麥監聽已啟動
[main]          [01:54:22.890] 🎙️ 開始錄音
[recorder]      [01:54:23.114] 🎤 第一包音訊到達，麥克風實際開啟延遲 766.7ms
[tap][dim]      [01:54:23.330] 持續=27ms 峰值=428 ✗弱
[tap][sample]   [01:54:23.969] 持續=639ms 峰值=13516 ✗長 K=1.1 CF=3.7 SC=3049Hz Att=90.7ms | fK=1.3 fCF=3.8 fSC=3046Hz fFlat=0.554 fHF=0.164
[tap][sample]   [01:54:24.715] 持續=612ms 峰值=10310 ✗長 K=1.3 CF=3.8 SC=2981Hz Att=149.2ms | fK=1.5 fCF=3.9 fSC=2980Hz fFlat=0.566 fHF=0.147
[recorder][VAD] [01:54:25.736] ✅ Silero 11/82 (57.9%), 0.35s speech
[recorder][flush][01:54:25.737] ✅ 取出 2.6s 音訊段落
[main]          [01:54:25.737] ✂️ 自動分段送出（靜音達1s，累積 2.6s，靜音 1.0s）
[paster]        [01:54:25.773] 📏 [UIA] 文字為空 → 不加句號
[paster]        [01:54:25.773] 🔮 預取游標位置: at_end=False, last_punct=False (delay=0.00s, est_api=0.54s)
[transcriber]   [01:54:27.025] ⏱️ API 耗時: 1.29s
[main]          [01:54:27.026] ✅ 分段辨識完成: "測試 測試"
[paster]        [01:54:27.059] 🎯 PASTE: at_end=False, last_punct=False, add_prefix=False (prefetched), prefix='，', final='測試 測試'
[paster]        [01:54:27.064] ⌨️ TEXT input flow start: target_chars=5，視窗="Pushing Changes to Git"，hwnd=0x015c200c，process=antigravity.exe，class=Chrome_WidgetWin_1，focus=('Message input', 'max-h-[300px] rounded-md cursor-text overflow-y-auto text-md p-2 outline-none transition-all duration-100 text-sm', '', 'ComboBoxControl')，verify_readable=True，keys_before=async_down=none; logical_down=none，text='測試 測試'
[paster]        [01:54:27.064] ⌨️ 直接輸入前釋放修飾鍵: released=none，keys_after_release=async_down=none; logical_down=none
[paster]        [01:54:27.073] ⌨️ TEXT input done: ok=True，keys_after_send=async_down=none; logical_down=none
[paster]        [01:54:27.073] ⏱️ 收到→直接輸入完成: 0.05s
[paster]        [01:54:27.077] ⌨️ TEXT input verify: ok=True，reason=sendinput_trusted (hwnd unchanged)
[paster]        [01:54:27.077] 📢 _notify_text_pasted → calling callback
[main]          [01:54:27.856] ✅ overlay 顯示「辨識完成 ✓」(recording, polled)
[main]          [01:54:33.819] ⌨️ 主快捷鍵觸發（Win32/逗號），keys=async_down=Ctrl,RCtrl; logical_down=Ctrl,RCtrl
[main]          [01:54:33.820] ⌨️ after(0) 執行延遲 1.5ms[main]          [01:54:33.820] ⏳ 預熱 idle 計時器啟動，10 分鐘後關閉麥克風

[recorder][stop][01:54:33.822] 錄音太短 (0.77s)，略過
[main]          [01:54:41.898] ⌨️ 主快捷鍵觸發（Win32/逗號），keys=async_down=Ctrl,RCtrl; logical_down=Ctrl,RCtrl
[main]          [01:54:41.899] ⌨️ after(0) 執行延遲 1.4ms
[tap]           [01:54:41.940] 💤 敲麥監聽已停止
[recorder]      [01:54:41.941] 🚀 預熱命中，直接開始錄音
[main]          [01:54:41.942] ⏱️ recorder.start() 耗時 0.6ms，ok=True
[tap]           [01:54:41.945] 🎙️ 敲麥監聽已啟動
[main]          [01:54:41.953] 🎙️ 開始錄音
[tap][sample]   [01:54:43.806] 持續=477ms 峰值=11370 ✗長 K=1.4 CF=3.8 SC=864Hz Att=24.1ms | fK=1.6 fCF=3.9 fSC=864Hz fFlat=0.152 fHF=0.000
[tap][dim]      [01:54:43.832] 持續=27ms 峰值=593 ✗弱
[tap][dim]      [01:54:43.930] 持續=63ms 峰值=554 ✗弱
[tap][sample]   [01:54:44.507] 持續=576ms 峰值=10891 ✗長 K=3.0 CF=4.7 SC=1434Hz Att=118.0ms | fK=3.3 fCF=4.8 fSC=1434Hz fFlat=0.263 fHF=0.003
[tap][dim]      [01:54:44.552] 持續=45ms 峰值=450 ✗弱
[recorder][VAD] [01:54:45.610] ✅ Silero 11/83 (45.8%), 0.35s speech
[recorder][flush][01:54:45.611] ✅ 取出 2.7s 音訊段落
[main]          [01:54:45.612] ✂️ 自動分段送出（靜音達1s，累積 2.7s，靜音 1.1s）
[paster]        [01:54:45.617] ⚠️ [UIA] 無 TextPattern
[paster]        [01:54:45.618] 🔮 預取游標位置: at_end=False, last_punct=False (delay=0.00s, est_api=0.54s)
[tap][sample]   [01:54:46.265] 持續=156ms 峰值=5332 ✗長 K=6.6 CF=6.0 SC=1778Hz Att=77.6ms | fK=8.4 fCF=6.5 fSC=1769Hz fFlat=0.279 fHF=0.008
[tap][dim]      [01:54:46.307] 持續=42ms 峰值=573 ✗弱
[transcriber]   [01:54:46.711] ⏱️ API 耗時: 1.10s
[main]          [01:54:46.711] ✅ 分段辨識完成: "幫我還原"
[tap][sample]   [01:54:46.712] 持續=405ms 峰值=12272 ✗長 K=1.9 CF=4.2 SC=2053Hz Att=48.1ms | fK=2.3 fCF=4.3 fSC=2050Hz fFlat=0.383 fHF=0.041
[paster]        [01:54:46.742] 🎯 PASTE: at_end=False, last_punct=False, add_prefix=False (prefetched), prefix='，', final='幫我還原'
[paster]        [01:54:46.747] ⌨️ TEXT input flow start: target_chars=4，視窗="Analyzing Paste-Transcription Timing Sequence"，hwnd=0x015c200c，process=antigravity.exe，class=Chrome_WidgetWin_1，focus=('Message input', 'max-h-[300px] rounded-md cursor-text overflow-y-auto text-md p-2 outline-none transition-all duration-100 text-sm', '', 'ComboBoxControl')，verify_readable=True，keys_before=async_down=none; logical_down=none，text='幫我還原'
[paster]        [01:54:46.748] ⌨️ 直接輸入前釋放修飾鍵: released=none，keys_after_release=async_down=none; logical_down=none
[paster]        [01:54:46.754] ⌨️ TEXT input done: ok=True，keys_after_send=async_down=none; logical_down=none
[paster]        [01:54:46.754] ⏱️ 收到→直接輸入完成: 0.04s
[paster]        [01:54:46.756] ⌨️ TEXT input verify: ok=True，reason=sendinput_trusted (hwnd unchanged)
[paster]        [01:54:46.756] 📢 _notify_text_pasted → calling callback
[main]          [01:54:46.761] ✅ overlay 顯示「辨識完成 ✓」(recording, polled)
[tap][sample]   [01:54:47.387] 持續=639ms 峰值=10066 ✗長 K=2.4 CF=4.8 SC=2203Hz Att=41.2ms | fK=2.6 fCF=4.9 fSC=2208Hz fFlat=0.540 fHF=0.040
[tap][sample]   [01:54:47.774] 持續=342ms 峰值=9604 ✗長 K=4.1 CF=5.3 SC=1766Hz Att=0.8ms | fK=4.8 fCF=5.5 fSC=1756Hz fFlat=0.412 fHF=0.012
[tap][dim]      [01:54:47.802] 持續=27ms 峰值=467 ✗弱
[tap][sample]   [01:54:48.665] 持續=864ms 峰值=9890 ✗長 K=5.3 CF=5.9 SC=1512Hz Att=207.9ms | fK=5.6 fCF=6.1 fSC=1512Hz fFlat=0.366 fHF=0.006
[tap][dim]      [01:54:48.827] 持續=36ms 峰值=456 ✗弱
[main]          [01:54:48.940] ⌨️ 主快捷鍵觸發（Win32/逗號），keys=async_down=Ctrl,RCtrl; logical_down=Ctrl,RCtrl
[main]          [01:54:48.941] ⌨️ after(0) 執行延遲 1.1ms[main]          [01:54:48.941] ⏳ 預熱 idle 計時器啟動，10 分鐘後關閉麥克風

[recorder][VAD] [01:54:48.947] ✅ Silero 11/104 (40.7%), 0.35s speech
[main]          [01:54:48.947] ✅ 錄音完成，送出辨識
[paster]        [01:54:49.107] ⚠️ [UIA] 無 TextPattern
[paster]        [01:54:49.111] 🔮 預取游標位置: at_end=False, last_punct=False (delay=0.13s, est_api=0.55s)
[transcriber]   [01:54:50.099] ⏱️ API 耗時: 1.15s
[main]          [01:54:50.100] ✅ 辨識完成: "你剛才給的這些代碼全部還原"
[paster]        [01:54:50.152] 🎯 PASTE: at_end=False, last_punct=False, add_prefix=False (prefetched), prefix='，', final='你剛才給的這些代碼全部還原'
[paster]        [01:54:50.157] ⌨️ TEXT input flow start: target_chars=13，視窗="Analyzing Paste-Transcription Timing Sequence"，hwnd=0x015c200c，process=antigravity.exe，class=Chrome_WidgetWin_1，focus=('Message input', 'max-h-[300px] rounded-md cursor-text overflow-y-auto text-md p-2 outline-none transition-all duration-100 text-sm', '', 'ComboBoxControl')，verify_readable=True，keys_before=async_down=none; logical_down=none，text='你剛才給的這些代碼全部還原'
[paster]        [01:54:50.158] ⌨️ 直接輸入前釋放修飾鍵: released=none，keys_after_release=async_down=none; logical_down=none
[paster]        [01:54:50.171] ⌨️ TEXT input done: ok=True，keys_after_send=async_down=none; logical_down=none
[paster]        [01:54:50.172] ⏱️ 收到→直接輸入完成: 0.07s
[paster]        [01:54:50.173] ⌨️ TEXT input verify: ok=True，reason=sendinput_trusted (hwnd unchanged)
[paster]        [01:54:50.177] 📢 _notify_text_pasted → calling callback
[main]          [01:54:50.178] ✅ overlay 顯示「辨識完成 ✓」(idle, status)
[main]          [01:54:55.532] ⌨️ 主快捷鍵觸發（Win32/逗號），keys=async_down=Ctrl,RCtrl; logical_down=Ctrl,RCtrl
[main]          [01:54:55.538] ⌨️ after(0) 執行延遲 5.5ms
[tap]           [01:54:55.571] 💤 敲麥監聽已停止
[recorder]      [01:54:55.573] 🚀 預熱命中，直接開始錄音
[main]          [01:54:55.576] ⏱️ recorder.start() 耗時 3.5ms，ok=True
[tap]           [01:54:55.590] 🎙️ 敲麥監聽已啟動
[main]          [01:54:55.606] 🎙️ 開始錄音
[tap][sample]   [01:54:57.577] 持續=1037ms 峰值=11283 ✗長 K=1.7 CF=4.2 SC=1139Hz Att=17.5ms | fK=1.9 fCF=4.2 fSC=1140Hz fFlat=0.202 fHF=0.001
[tap][sample]   [01:54:58.458] 持續=855ms 峰值=10400 ✗長 K=4.4 CF=5.4 SC=2127Hz Att=15.8ms | fK=4.7 fCF=5.5 fSC=2137Hz fFlat=0.531 fHF=0.044
[tap][sample]   [01:54:58.630] 持續=127ms 峰值=8726 ✓ K=1.7 CF=4.4 SC=1178Hz Att=81.6ms | fK=2.9 fCF=4.9 fSC=1171Hz fFlat=0.231 fHF=0.003 🎯 敲擊 #1
[tap][dim]      [01:54:58.665] 持續=35ms 峰值=432 ✗弱
[tap][sample]   [01:54:59.231] 持續=540ms 峰值=11265 ✗長 K=7.2 CF=6.0 SC=1138Hz Att=17.8ms | fK=7.8 fCF=6.2 fSC=1140Hz fFlat=0.223 fHF=0.002
[tap][dim]      [01:54:59.330] 持續=99ms 峰值=529 ✗弱
[tap]           [01:54:59.358] ⏱️ 間隔過長重置（828ms）
[tap][sample]   [01:54:59.358] 持續=27ms 峰值=818 ✓ K=0.4 CF=2.7 SC=822Hz Att=13.2ms | fK=2.7 fCF=3.7 fSC=585Hz fFlat=0.113 fHF=0.000 🎯 敲擊 #1
[tap][sample]   [01:55:00.032] 持續=567ms 峰值=8588 ✗長 K=3.2 CF=5.0 SC=1306Hz Att=74.8ms | fK=3.5 fCF=5.1 fSC=1311Hz fFlat=0.236 fHF=0.002
[tap][sample]   [01:55:00.320] 持續=216ms 峰值=9168 ✗長 K=3.8 CF=5.7 SC=1463Hz Att=58.6ms | fK=4.8 fCF=6.1 fSC=1464Hz fFlat=0.335 fHF=0.008
[tap][sample]   [01:55:00.671] 持續=288ms 峰值=11669 ✗長 K=5.4 CF=5.3 SC=1256Hz Att=23.5ms | fK=6.3 fCF=5.6 fSC=1257Hz fFlat=0.269 fHF=0.004
[tap][dim]      [01:55:00.707] 持續=36ms 峰值=367 ✗弱
[tap][sample]   [01:55:01.094] 持續=387ms 峰值=10716 ✗長 K=1.8 CF=4.0 SC=1959Hz Att=62.9ms | fK=2.1 fCF=4.1 fSC=1962Hz fFlat=0.479 fHF=0.021
[tap][sample]   [01:55:01.922] 持續=801ms 峰值=9260 ✗長 K=3.4 CF=5.9 SC=2073Hz Att=28.4ms | fK=3.7 fCF=6.0 fSC=2070Hz fFlat=0.496 fHF=0.028
[tap][sample]   [01:55:02.183] 持續=198ms 峰值=6416 ✗長 K=6.7 CF=7.4 SC=1158Hz Att=54.6ms | fK=8.3 fCF=8.0 fSC=1160Hz fFlat=0.194 fHF=0.001
[tap][dim]      [01:55:02.210] 持續=27ms 峰值=365 ✗弱
[tap][sample]   [01:55:02.408] 持續=198ms 峰值=10808 ✓ K=4.8 CF=5.3 SC=1088Hz Att=5.9ms | fK=6.2 fCF=5.7 fSC=1091Hz fFlat=0.230 fHF=0.002 🎯 敲擊 #1
[main]          [01:55:03.085] ⌨️ 主快捷鍵觸發（Win32/逗號），keys=async_down=Ctrl,RCtrl; logical_down=Ctrl,RCtrl
[main]          [01:55:03.086] ⌨️ after(0) 執行延遲 1.7ms[main]          [01:55:03.087] ⏳ 預熱 idle 計時器啟動，10 分鐘後關閉麥克風

[recorder][VAD] [01:55:03.095] ✅ Silero 11/235 (24.4%), 0.35s speech
[main]          [01:55:03.096] ✅ 錄音完成，送出辨識
[paster]        [01:55:03.336] ⚠️ [UIA] 無 TextPattern
[paster]        [01:55:03.336] 🔮 預取游標位置: at_end=False, last_punct=False (delay=0.24s, est_api=0.66s)
[transcriber]   [01:55:04.249] ⏱️ API 耗時: 1.15s
[main]          [01:55:04.250] ✅ 辨識完成: "當我還原到上一個版本，還沒有改動這些東西的版本"
[paster]        [01:55:04.302] 🎯 PASTE: at_end=False, last_punct=False, add_prefix=False (prefetched), prefix='，', final='當我還原到上一個版本，還沒有改動這些東西的版本'
[paster]        [01:55:04.307] ⌨️ TEXT input flow start: target_chars=23，視窗="Analyzing Paste-Transcription Timing Sequence"，hwnd=0x015c200c，process=antigravity.exe，class=Chrome_WidgetWin_1，focus=('Message input', 'max-h-[300px] rounded-md cursor-text overflow-y-auto text-md p-2 outline-none transition-all duration-100 text-sm', '', 'ComboBoxControl')，verify_readable=True，keys_before=async_down=none; logical_down=none，text='當我還原到上一個版本，還沒有改動這些東西的版本'
[paster]        [01:55:04.307] ⌨️ 直接輸入前釋放修飾鍵: released=none，keys_after_release=async_down=none; logical_down=none
[paster]        [01:55:04.333] ⌨️ TEXT input done: ok=True，keys_after_send=async_down=none; logical_down=none
[paster]        [01:55:04.335] ⏱️ 收到→直接輸入完成: 0.09s
[paster]        [01:55:04.336] ⌨️ TEXT input verify: ok=True，reason=sendinput_trusted (hwnd unchanged)
[paster]        [01:55:04.339] 📢 _notify_text_pasted → calling callback
[main]          [01:55:04.341] ✅ overlay 顯示「辨識完成 ✓」(idle, status)
[tap]           [01:55:48.111] 💤 敲麥監聽已停止
[recorder]      [01:55:48.179] 💤 預熱 stream 已關閉
