[main] LOG -> F:\Cursor\AI Whisper Next\logs\ai_whisper_20260517_224205.log
[settings] config loaded from F:\Cursor\AI Whisper Next\config.json
[main][22:42:05.924] ✅ 快捷鍵 ctrl+f12（句號）、ctrl+f11（逗號）已註冊
[main][22:42:05.925] ✅ 主快捷鍵 2/2 已註冊 (Win32)
[main][22:42:05.925] ✅ 記憶快捷鍵 5/5 已註冊 (Win32)
[tap]        [22:42:05.941] 🎙️ 敲麥監聽已啟動
[recorder][VAD] 載入 Silero VAD 模型...
Using cache found in C:\Users\Administrator/.cache\torch\hub\snakers4_silero-vad_master
[recorder][VAD] Silero VAD 模型載入完成
[transcriber][22:42:07.970] 🔌 HTTP 連線預熱完成 (2.03s)
[tap][sample][22:42:08.308] 持續=90ms 峰值=10812 ✓ K=4.1 CF=4.7 SC=1539Hz Att=2.1ms | fK=6.4 fCF=5.4 fSC=1544Hz fFlat=0.350 fHF=0.004 🎯 敲擊 #1
[tap][dim]   [22:42:08.344] 持續=36ms 峰值=444 ✗弱
[tap][sample][22:42:08.569] 持續=136ms 峰值=9738 ✓ K=2.8 CF=4.7 SC=1380Hz Att=2.5ms | fK=4.3 fCF=5.2 fSC=1368Hz fFlat=0.357 fHF=0.004 🎯 敲擊 #2
[tap][sample][22:42:08.794] 持續=89ms 峰值=10428 ✓ K=0.1 CF=3.3 SC=1420Hz Att=1.8ms | fK=1.1 fCF=3.8 fSC=1420Hz fFlat=0.372 fHF=0.003 🎯 敲擊 #3
[tap]        [22:42:08.794] 🔔 三連敲觸發（間隔 216ms / 271ms，一致性 0.80） 底噪=38/39 基線=1207 ZCR=0.106 stdK=1.7 stdCF=0.7 CV_pk=0.04 SNR=8.6 | fK=3.9±2.2 fCF=4.8±0.7 fSC=1444±74 fFlat=0.359±0.009 fHF=0.004±0.000 Att=2.1±0.3ms [信心=90 峰=30 靜=25 噪=30 律=5 底=0(39) ZCR=0(0.106)]
[tap]        [22:42:08.878] 💤 敲麥監聽已停止
[recorder][22:42:08] ⏱️ InputStream() 14.6ms
[recorder][22:42:08] ⏱️ stream.start() 0.3ms
[recorder][22:42:08] 🎙️ 錄音就緒，總初始化 14.9ms
[main][22:42:08.893] ⏱️ recorder.start() 耗時 15.0ms，ok=True
[tap]        [22:42:09.427] 🎙️ 敲麥監聽已啟動
[main][22:42:09.433] 🎙️ 開始錄音
[recorder][22:42:09] 🎤 第一包音訊到達，麥克風實際開啟延遲 737.7ms
[recorder][VAD] Silero 語音幀 0/32 (0.0%)，有效語音 0.00s，信心閾值 0.6，最低比例 16%，最低語音 0.35s
[recorder][flush] ❌ VAD 未達有效語音門檻，略過（語音比例不足 0.0% < 16%）
[tap][dim]   [22:42:10.819] 持續=27ms 峰值=319 ✗弱
[tap][sample][22:42:10.918] 持續=99ms 峰值=11257 ✓ K=5.7 CF=4.8 SC=998Hz Att=3.5ms | fK=8.5 fCF=5.5 fSC=1002Hz fFlat=0.247 fHF=0.001 🎯 敲擊 #1
[tap][dim]   [22:42:10.945] 持續=27ms 峰值=362 ✗弱
[tap][sample][22:42:11.142] 持續=107ms 峰值=10523 ✓ K=4.1 CF=4.4 SC=991Hz Att=4.1ms | fK=6.4 fCF=5.0 fSC=993Hz fFlat=0.199 fHF=0.000 🎯 敲擊 #2
[tap][dim]   [22:42:11.169] 持續=27ms 峰值=402 ✗弱
[tap][sample][22:42:11.395] 持續=91ms 峰值=10991 ✓ K=5.9 CF=5.0 SC=1156Hz Att=2.7ms | fK=8.9 fCF=5.8 fSC=1157Hz fFlat=0.301 fHF=0.001 🎯 敲擊 #3
[tap]        [22:42:11.395] 🔔 三連敲觸發（間隔 217ms / 269ms，一致性 0.81） 底噪=40/36 基線=873 ZCR=0.093 stdK=0.8 stdCF=0.3 CV_pk=0.03 SNR=12.5 | fK=7.9±1.1 fCF=5.4±0.3 fSC=1051±76 fFlat=0.249±0.042 fHF=0.001±0.000 Att=3.4±0.6ms [信心=70 峰=30 靜=0 噪=30 律=10 底=0(40) ZCR=0(0.093)]
[main][22:42:11.400] ⏳ 預熱 idle 計時器啟動，10 分鐘後關閉麥克風
[recorder][stop] 錄音太短 (0.75s)，略過
[tap][sample][22:42:13.959] 持續=135ms 峰值=11333 ✓ K=1.9 CF=4.2 SC=1293Hz Att=1.1ms | fK=3.1 fCF=4.7 fSC=1289Hz fFlat=0.238 fHF=0.002 🎯 敲擊 #1
[tap][sample][22:42:14.211] 持續=126ms 峰值=9875 ✓ K=3.7 CF=4.9 SC=1037Hz Att=2.4ms | fK=5.4 fCF=5.5 fSC=1042Hz fFlat=0.242 fHF=0.002 🎯 敲擊 #2
[tap][sample][22:42:14.473] 持續=135ms 峰值=10967 ✓ K=1.6 CF=4.1 SC=995Hz Att=1.8ms | fK=2.7 fCF=4.5 fSC=988Hz fFlat=0.225 fHF=0.001 🎯 敲擊 #3
[tap]        [22:42:14.473] 🔔 三連敲觸發（間隔 261ms / 252ms，一致性 0.97） 底噪=36/33 基線=1366 ZCR=0.091 stdK=1.0 stdCF=0.4 CV_pk=0.06 SNR=7.8 | fK=3.7±1.2 fCF=4.9±0.4 fSC=1106±131 fFlat=0.235±0.007 fHF=0.001±0.000 Att=1.8±0.6ms [信心=100 峰=30 靜=25 噪=30 律=15 底=0(36) ZCR=0(0.091)]
[tap]        [22:42:14.510] 💤 敲麥監聽已停止
[recorder][22:42:14] 🚀 預熱命中，直接開始錄音
[main][22:42:14.510] ⏱️ recorder.start() 耗時 0.2ms，ok=True
[tap]        [22:42:14.515] 🎙️ 敲麥監聽已啟動
[main][22:42:14.521] 🎙️ 開始錄音
[recorder][VAD] Silero 語音幀 0/32 (0.0%)，有效語音 0.00s，信心閾值 0.6，最低比例 16%，最低語音 0.35s
[recorder][flush] ❌ VAD 未達有效語音門檻，略過（語音比例不足 0.0% < 16%）
[recorder][VAD] Silero 語音幀 0/38 (0.0%)，有效語音 0.00s，信心閾值 0.6，最低比例 16%，最低語音 0.35s
[recorder][flush] ❌ VAD 未達有效語音門檻，略過（語音比例不足 0.0% < 16%）
[tap][sample][22:42:17.110] 持續=134ms 峰值=13142 ✓ K=0.5 CF=3.3 SC=1059Hz Att=1.3ms | fK=1.4 fCF=3.7 fSC=1054Hz fFlat=0.207 fHF=0.001 🎯 敲擊 #1
[tap][sample][22:42:17.334] 持續=135ms 峰值=11115 ✓ K=3.8 CF=4.9 SC=1232Hz Att=3.0ms | fK=5.5 fCF=5.5 fSC=1234Hz fFlat=0.228 fHF=0.001 🎯 敲擊 #2
[tap][sample][22:42:17.623] 持續=162ms 峰值=15170 ✓ K=1.5 CF=3.6 SC=1189Hz Att=1.6ms | fK=2.4 fCF=4.0 fSC=1190Hz fFlat=0.299 fHF=0.002 🎯 敲擊 #3
[tap]        [22:42:17.623] 🔔 三連敲觸發（間隔 224ms / 261ms，一致性 0.86） 底噪=33/185 基線=1554 ZCR=0.092 stdK=1.4 stdCF=0.7 CV_pk=0.13 SNR=8.5 | fK=3.1±1.7 fCF=4.4±0.8 fSC=1160±77 fFlat=0.245±0.039 fHF=0.001±0.000 Att=2.0±0.7ms [信心=85 峰=30 靜=25 噪=30 律=10 底=-10(185) ZCR=0(0.092)]
[main][22:42:17.625] ⏳ 預熱 idle 計時器啟動，10 分鐘後關閉麥克風
[recorder][VAD] Silero 語音幀 0/26 (0.0%)，有效語音 0.00s，信心閾值 0.6，最低比例 16%，最低語音 0.35s
[recorder][stop] ❌ VAD 未達有效語音門檻，不送出辨識（語音比例不足 0.0% < 16%）
[tap][sample][22:42:19.918] 持續=27ms 峰值=8824 ✓ K=1.9 CF=3.1 SC=1234Hz Att=4.0ms | fK=6.8 fCF=4.3 fSC=1232Hz fFlat=0.247 fHF=0.002 🎯 敲擊 #1
[tap][dim]   [22:42:20.026] 持續=81ms 峰值=461 ✗弱
[tap][sample][22:42:20.215] 持續=63ms 峰值=8752 ✓ K=6.2 CF=4.2 SC=1027Hz Att=3.6ms | fK=10.7 fCF=5.1 fSC=1043Hz fFlat=0.240 fHF=0.002 🎯 敲擊 #2
[tap][dim]   [22:42:20.268] 持續=54ms 峰值=366 ✗弱
[tap][sample][22:42:20.431] 持續=36ms 峰值=3418 ✓ K=23.8 CF=9.5 SC=2549Hz Att=1.1ms | fK=50.8 fCF=13.4 fSC=2555Hz fFlat=0.453 fHF=0.086 🎯 敲擊 #3
[tap]        [22:42:20.431] 🔔 三連敲觸發（間隔 261ms / 243ms，一致性 0.93） 底噪=461/345 基線=427 ZCR=0.105 stdK=9.5 stdCF=2.8 CV_pk=0.36 SNR=16.4 | fK=22.7±19.9 fCF=7.6±4.1 fSC=1610±672 fFlat=0.313±0.099 fHF=0.030±0.040 Att=2.9±1.3ms [信心=80 峰=30 靜=25 噪=30 律=15 底=-20(461) ZCR=0(0.105)]
[tap]        [22:42:20.486] 💤 敲麥監聽已停止
[recorder][22:42:20] 🚀 預熱命中，直接開始錄音
[main][22:42:20.487] ⏱️ recorder.start() 耗時 0.3ms，ok=True
[tap]        [22:42:20.492] 🎙️ 敲麥監聽已啟動
[main][22:42:20.499] 🎙️ 開始錄音
[recorder][VAD] Silero 語音幀 0/32 (0.0%)，有效語音 0.00s，信心閾值 0.6，最低比例 16%，最低語音 0.35s
[recorder][flush] ❌ VAD 未達有效語音門檻，略過（語音比例不足 0.0% < 16%）
[recorder][VAD] Silero 語音幀 0/31 (0.0%)，有效語音 0.00s，信心閾值 0.6，最低比例 16%，最低語音 0.35s
[recorder][flush] ❌ VAD 未達有效語音門檻，略過（語音比例不足 0.0% < 16%）
[tap][sample][22:42:23.447] 持續=66ms 峰值=10107 ✓ K=3.8 CF=3.9 SC=1353Hz Att=1.0ms | fK=7.2 fCF=4.8 fSC=1355Hz fFlat=0.260 fHF=0.005 🎯 敲擊 #1
[tap][dim]   [22:42:23.472] 持續=26ms 峰值=376 ✗弱
[tap][sample][22:42:23.500] 持續=27ms 峰值=1337 ✓ K=1.1 CF=4.1 SC=2185Hz Att=8.5ms | fK=5.3 fCF=5.7 fSC=2174Hz fFlat=0.589 fHF=0.039 ⏱️ 防抖略過（距上次 92ms < 180ms）
[tap][sample][22:42:23.725] 持續=126ms 峰值=7966 ✗長 K=9.9 CF=6.3 SC=1291Hz Att=1.3ms | fK=13.2 fCF=7.0 fSC=1293Hz fFlat=0.316 fHF=0.004
[tap]         ⏱️ 間隔過長重置（471ms）
[tap][sample][22:42:24.013] 持續=162ms 峰值=12590 ✓ K=2.4 CF=4.0 SC=1473Hz Att=1.2ms | fK=3.4 fCF=4.4 fSC=1489Hz fFlat=0.391 fHF=0.005 🎯 敲擊 #1
[recorder][VAD] Silero 語音幀 0/82 (0.0%)，有效語音 0.00s，信心閾值 0.6，最低比例 16%，最低語音 0.35s
[recorder][flush] ❌ VAD 未達有效語音門檻，略過（語音比例不足 0.0% < 16%）
[tap]         ⏱️ 間隔過長重置（1539ms）
[tap][sample][22:42:25.426] 持續=36ms 峰值=9174 ✓ K=0.8 CF=2.7 SC=1154Hz Att=3.2ms | fK=4.5 fCF=3.8 fSC=1157Hz fFlat=0.253 fHF=0.002 🎯 敲擊 #1
[tap][dim]   [22:42:25.453] 持續=27ms 峰值=308 ✗弱
[tap][sample][22:42:25.489] 持續=36ms 峰值=1497 ✓ K=1.5 CF=3.3 SC=1975Hz Att=3.9ms | fK=5.4 fCF=4.5 fSC=1955Hz fFlat=0.386 fHF=0.025 ⏱️ 防抖略過（距上次 63ms < 180ms）
[tap][sample][22:42:25.740] 持續=89ms 峰值=11701 ✓ K=3.3 CF=4.3 SC=1175Hz Att=2.2ms | fK=5.4 fCF=5.0 fSC=1182Hz fFlat=0.293 fHF=0.002 🎯 敲擊 #2
[tap][sample][22:42:26.002] 持續=99ms 峰值=12422 ✓ K=4.1 CF=3.7 SC=1103Hz Att=2.5ms | fK=6.5 fCF=4.2 fSC=1105Hz fFlat=0.215 fHF=0.001 🎯 敲擊 #3
[tap]        [22:42:26.002] 🔔 三連敲觸發（間隔 261ms / 251ms，一致性 0.96） 底噪=34/40 基線=746 ZCR=0.091 stdK=1.4 stdCF=0.7 CV_pk=0.13 SNR=14.9 | fK=5.5±0.8 fCF=4.3±0.5 fSC=1148±32 fFlat=0.254±0.032 fHF=0.002±0.001 Att=2.7±0.4ms [信心=100 峰=30 靜=25 噪=30 律=15 底=0(40) ZCR=0(0.091)]
[main][22:42:26.005] ⏳ 預熱 idle 計時器啟動，10 分鐘後關閉麥克風
[recorder][VAD] Silero 語音幀 0/26 (0.0%)，有效語音 0.00s，信心閾值 0.6，最低比例 16%，最低語音 0.35s
[recorder][stop] ❌ VAD 未達有效語音門檻，不送出辨識（語音比例不足 0.0% < 16%）
[tap][sample][22:42:28.719] 持續=27ms 峰值=1446 ✓ K=0.5 CF=3.0 SC=1241Hz Att=0.9ms | fK=4.1 fCF=4.3 fSC=1243Hz fFlat=0.289 fHF=0.003 🎯 敲擊 #1
[tap][sample][22:42:28.971] 持續=27ms 峰值=1766 ✓ K=77.7 CF=12.0 SC=1754Hz Att=0.8ms | fK=131.4 fCF=16.3 fSC=1713Hz fFlat=0.435 fHF=0.014 🎯 敲擊 #2
[tap][dim]   [22:42:29.007] 持續=36ms 峰值=540 ✗弱
[tap][sample][22:42:29.035] 持續=27ms 峰值=831 ✓ K=6.8 CF=5.2 SC=1591Hz Att=11.5ms | fK=15.6 fCF=7.3 fSC=1587Hz fFlat=0.359 fHF=0.011 ⏱️ 防抖略過（距上次 63ms < 180ms）
[tap][sample][22:42:29.233] 持續=27ms 峰值=8256 ✓ K=3.5 CF=4.0 SC=1894Hz Att=1.2ms | fK=10.0 fCF=5.6 fSC=1890Hz fFlat=0.551 fHF=0.015 🎯 敲擊 #3
[tap]        [22:42:29.233] 🔔 三連敲觸發（間隔 252ms / 261ms，一致性 0.97） 底噪=0/34 基線=246 ZCR=0.118 stdK=35.7 stdCF=4.0 CV_pk=0.82 SNR=15.6 | fK=48.5±58.7 fCF=8.7±5.4 fSC=1615±273 fFlat=0.425±0.107 fHF=0.011±0.006 Att=0.9±0.2ms [信心=100 峰=30 靜=25 噪=30 律=15 底=0(34) ZCR=0(0.118)]
[tap]        [22:42:29.269] 💤 敲麥監聽已停止
[recorder][22:42:29] 🚀 預熱命中，直接開始錄音
[main][22:42:29.269] ⏱️ recorder.start() 耗時 0.2ms，ok=True
[tap]        [22:42:29.272] 🎙️ 敲麥監聽已啟動
[main][22:42:29.276] 🎙️ 開始錄音
[recorder][VAD] Silero 語音幀 0/31 (0.0%)，有效語音 0.00s，信心閾值 0.6，最低比例 16%，最低語音 0.35s
[recorder][flush] ❌ VAD 未達有效語音門檻，略過（語音比例不足 0.0% < 16%）
[tap][sample][22:42:30.943] 持續=27ms 峰值=769 ✓ K=2.7 CF=3.2 SC=660Hz Att=5.4ms | fK=6.4 fCF=4.4 fSC=704Hz fFlat=0.174 fHF=0.000 🎯 敲擊 #1
[tap][sample][22:42:31.195] 持續=36ms 峰值=681 ✓ K=2.8 CF=3.2 SC=609Hz Att=6.1ms | fK=6.5 fCF=4.4 fSC=657Hz fFlat=0.151 fHF=0.000 🎯 敲擊 #2
[tap][sample][22:42:31.455] 持續=36ms 峰值=1687 ✓ K=4.2 CF=3.6 SC=511Hz Att=5.2ms | fK=10.5 fCF=5.0 fSC=561Hz fFlat=0.126 fHF=0.000 🎯 敲擊 #3
[tap]        [22:42:31.455] 🔔 三連敲觸發（間隔 243ms / 261ms，一致性 0.93） 底噪=78/111 基線=93 ZCR=0.116 stdK=0.7 stdCF=0.2 CV_pk=0.44 SNR=11.3 | fK=7.8±1.9 fCF=4.6±0.3 fSC=641±60 fFlat=0.151±0.020 fHF=0.000±0.000 Att=5.6±0.4ms [信心=90 峰=20 靜=25 噪=30 律=15 底=0(111) ZCR=0(0.116)]
[main][22:42:31.458] ⏳ 預熱 idle 計時器啟動，10 分鐘後關閉麥克風
[recorder][VAD] Silero 語音幀 0/36 (0.0%)，有效語音 0.00s，信心閾值 0.6，最低比例 16%，最低語音 0.35s
[recorder][stop] ❌ VAD 未達有效語音門檻，不送出辨識（語音比例不足 0.0% < 16%）
[tap][sample][22:42:33.823] 持續=134ms 峰值=10587 ✓ K=7.4 CF=4.9 SC=1051Hz Att=5.0ms | fK=10.0 fCF=5.5 fSC=1061Hz fFlat=0.274 fHF=0.001 🎯 敲擊 #1
[tap][sample][22:42:34.075] 持續=126ms 峰值=11287 ✓ K=5.7 CF=4.9 SC=1202Hz Att=3.5ms | fK=7.8 fCF=5.5 fSC=1199Hz fFlat=0.290 fHF=0.002 🎯 敲擊 #2
[tap][dim]   [22:42:34.111] 持續=36ms 峰值=305 ✗弱
[tap][sample][22:42:34.335] 持續=135ms 峰值=9968 ✓ K=3.9 CF=4.8 SC=1168Hz Att=1.2ms | fK=5.6 fCF=5.4 fSC=1169Hz fFlat=0.291 fHF=0.004 🎯 敲擊 #3
[tap]        [22:42:34.335] 🔔 三連敲觸發（間隔 261ms / 251ms，一致性 0.96） 底噪=32/63 基線=1023 ZCR=0.102 stdK=1.4 stdCF=0.0 CV_pk=0.05 SNR=10.4 | fK=7.8±1.8 fCF=5.5±0.0 fSC=1143±59 fFlat=0.285±0.008 fHF=0.003±0.001 Att=3.2±1.5ms [信心=100 峰=30 靜=25 噪=30 律=15 底=0(63) ZCR=0(0.102)]
[tap]        [22:42:34.373] 💤 敲麥監聽已停止
[recorder][22:42:34] 🚀 預熱命中，直接開始錄音
[main][22:42:34.374] ⏱️ recorder.start() 耗時 0.3ms，ok=True
[tap]        [22:42:34.378] 🎙️ 敲麥監聽已啟動
[main][22:42:34.384] 🎙️ 開始錄音
[recorder][VAD] Silero 語音幀 0/31 (0.0%)，有效語音 0.00s，信心閾值 0.6，最低比例 16%，最低語音 0.35s
[recorder][flush] ❌ VAD 未達有效語音門檻，略過（語音比例不足 0.0% < 16%）
[tap][dim]   [22:42:35.875] 持續=27ms 峰值=528 ✗弱
[tap][sample][22:42:36.137] 持續=36ms 峰值=1089 ✓ K=3.0 CF=3.5 SC=745Hz Att=0.4ms | fK=7.9 fCF=4.9 fSC=741Hz fFlat=0.160 fHF=0.001 🎯 敲擊 #1
[tap][sample][22:42:36.414] 持續=54ms 峰值=3300 ✓ K=9.5 CF=4.9 SC=735Hz Att=0.3ms | fK=15.7 fCF=6.0 fSC=734Hz fFlat=0.134 fHF=0.000 🎯 敲擊 #2
[tap][dim]   [22:42:36.496] 持續=45ms 峰值=368 ✗弱
[recorder][VAD] Silero 語音幀 0/69 (0.0%)，有效語音 0.00s，信心閾值 0.6，最低比例 16%，最低語音 0.35s
[recorder][flush] ❌ VAD 未達有效語音門檻，略過（語音比例不足 0.0% < 16%）
[tap]         ⏱️ 間隔過長重置（1314ms）
[tap][sample][22:42:37.728] 持續=54ms 峰值=5133 ✓ K=7.5 CF=4.6 SC=1049Hz Att=1.3ms | fK=12.7 fCF=5.6 fSC=1052Hz fFlat=0.205 fHF=0.002 🎯 敲擊 #1
[tap][dim]   [22:42:37.828] 持續=27ms 峰值=358 ✗弱
[tap][sample][22:42:37.990] 持續=27ms 峰值=1043 ✓ K=4.0 CF=3.9 SC=785Hz Att=0.6ms | fK=10.0 fCF=5.3 fSC=807Hz fFlat=0.192 fHF=0.001 🎯 敲擊 #2
[tap][sample][22:42:38.277] 持續=63ms 峰值=2791 ✓ K=6.3 CF=4.7 SC=908Hz Att=0.7ms | fK=10.7 fCF=5.7 fSC=950Hz fFlat=0.241 fHF=0.001 🎯 敲擊 #3
[tap]        [22:42:38.277] 🔔 三連敲觸發（間隔 288ms / 252ms，一致性 0.87） 底噪=358/158 基線=294 ZCR=0.106 stdK=1.5 stdCF=0.4 CV_pk=0.56 SNR=10.2 | fK=11.1±1.2 fCF=5.6±0.1 fSC=936±101 fFlat=0.213±0.021 fHF=0.001±0.001 Att=0.9±0.3ms [信心=70 峰=25 靜=25 噪=30 律=10 底=-20(358) ZCR=0(0.106)]
[main][22:42:38.280] ⏳ 預熱 idle 計時器啟動，10 分鐘後關閉麥克風
[recorder][stop] 錄音太短 (0.68s)，略過
[tap][dim]   [22:42:38.340] 持續=36ms 峰值=343 ✗弱
[tap][sample][22:42:39.943] 持續=27ms 峰值=1609 ✓ K=2.7 CF=3.1 SC=337Hz Att=3.5ms | fK=7.6 fCF=4.3 fSC=342Hz fFlat=0.053 fHF=0.000 🎯 敲擊 #1
[tap][sample][22:42:40.230] 持續=36ms 峰值=1331 ✓ K=2.2 CF=3.1 SC=419Hz Att=3.7ms | fK=7.1 fCF=4.3 fSC=355Hz fFlat=0.056 fHF=0.000 🎯 敲擊 #2
[tap][sample][22:42:40.491] 持續=35ms 峰值=1137 ✓ K=4.4 CF=3.5 SC=791Hz Att=3.8ms | fK=7.5 fCF=4.4 fSC=358Hz fFlat=0.063 fHF=0.000 🎯 敲擊 #3
[tap]        [22:42:40.491] 🔔 三連敲觸發（間隔 279ms / 262ms，一致性 0.94） 底噪=44/43 基線=111 ZCR=0.105 stdK=1.0 stdCF=0.2 CV_pk=0.14 SNR=12.2 | fK=7.4±0.2 fCF=4.3±0.0 fSC=352±7 fFlat=0.057±0.004 fHF=0.000±0.000 Att=3.6±0.1ms [信心=90 峰=20 靜=25 噪=30 律=15 底=0(44) ZCR=0(0.105)]
[tap]        [22:42:40.532] 💤 敲麥監聽已停止
[recorder][22:42:40] 🚀 預熱命中，直接開始錄音
[main][22:42:40.533] ⏱️ recorder.start() 耗時 0.5ms，ok=True
[tap]        [22:42:40.540] 🎙️ 敲麥監聽已啟動
[main][22:42:40.545] 🎙️ 開始錄音
[recorder][VAD] Silero 語音幀 0/31 (0.0%)，有效語音 0.00s，信心閾值 0.6，最低比例 16%，最低語音 0.35s
[recorder][flush] ❌ VAD 未達有效語音門檻，略過（語音比例不足 0.0% < 16%）
[tap][dim]   [22:42:41.967] 持續=62ms 峰值=416 ✗弱
[tap][dim]   [22:42:42.077] 持續=36ms 峰值=542 ✗弱
[tap][sample][22:42:42.228] 持續=27ms 峰值=2494 ✓ K=6.0 CF=4.0 SC=674Hz Att=4.2ms | fK=13.5 fCF=5.5 fSC=640Hz fFlat=0.137 fHF=0.000 🎯 敲擊 #1
[tap][dim]   [22:42:42.265] 持續=36ms 峰值=572 ✗弱
[tap][dim]   [22:42:42.356] 持續=28ms 峰值=345 ✗弱
[tap][sample][22:42:42.526] 持續=36ms 峰值=2945 ✓ K=5.7 CF=4.0 SC=653Hz Att=4.1ms | fK=14.6 fCF=5.6 fSC=660Hz fFlat=0.143 fHF=0.000 🎯 敲擊 #2
[tap][dim]   [22:42:42.616] 持續=36ms 峰值=340 ✗弱
[recorder][VAD] Silero 語音幀 0/69 (0.0%)，有效語音 0.00s，信心閾值 0.6，最低比例 16%，最低語音 0.35s
[recorder][flush] ❌ VAD 未達有效語音門檻，略過（語音比例不足 0.0% < 16%）
[tap]         ⏱️ 間隔過長重置（1341ms）
[tap][sample][22:42:43.857] 持續=27ms 峰值=811 ✓ K=3.0 CF=3.8 SC=1002Hz Att=0.8ms | fK=4.8 fCF=4.8 fSC=828Hz fFlat=0.209 fHF=0.001 🎯 敲擊 #1
[tap][dim]   [22:42:43.885] 持續=27ms 峰值=414 ✗弱
[tap][sample][22:42:44.119] 持續=27ms 峰值=673 ✓ K=2.1 CF=4.0 SC=1113Hz Att=1.3ms | fK=4.8 fCF=5.3 fSC=1001Hz fFlat=0.248 fHF=0.002 🎯 敲擊 #2
[tap][sample][22:42:44.371] 持續=36ms 峰值=1782 ✓ K=3.0 CF=3.7 SC=969Hz Att=1.2ms | fK=8.2 fCF=5.2 fSC=921Hz fFlat=0.205 fHF=0.002 🎯 敲擊 #3
[tap]        [22:42:44.371] 🔔 三連敲觸發（間隔 261ms / 244ms，一致性 0.93） 底噪=272/270 基線=160 ZCR=0.104 stdK=0.4 stdCF=0.1 CV_pk=0.45 SNR=6.8 | fK=5.9±1.6 fCF=5.1±0.2 fSC=916±71 fFlat=0.221±0.020 fHF=0.001±0.000 Att=1.1±0.2ms [信心=70 峰=20 靜=25 噪=20 律=15 底=-10(272) ZCR=0(0.104)]
[main][22:42:44.381] ⏳ 預熱 idle 計時器啟動，10 分鐘後關閉麥克風
[recorder][stop] 錄音太短 (0.60s)，略過
[tap][dim]   [22:42:44.415] 持續=44ms 峰值=353 ✗弱
[tap][dim]   [22:42:44.470] 持續=27ms 峰值=384 ✗弱
[tap][sample][22:42:45.856] 持續=45ms 峰值=1070 ✓ K=3.0 CF=3.2 SC=363Hz Att=3.6ms | fK=7.2 fCF=4.4 fSC=396Hz fFlat=0.083 fHF=0.000 🎯 敲擊 #1
[tap][sample][22:42:46.136] 持續=37ms 峰值=1260 ✓ K=2.5 CF=3.3 SC=327Hz Att=3.6ms | fK=8.0 fCF=4.6 fSC=358Hz fFlat=0.063 fHF=0.000 🎯 敲擊 #2
[tap][sample][22:42:46.395] 持續=36ms 峰值=1281 ✓ K=4.8 CF=3.5 SC=777Hz Att=3.3ms | fK=8.9 fCF=4.6 fSC=363Hz fFlat=0.063 fHF=0.000 🎯 敲擊 #3
[tap]        [22:42:46.395] 🔔 三連敲觸發（間隔 288ms / 261ms，一致性 0.90） 底噪=85/40 基線=130 ZCR=0.102 stdK=1.0 stdCF=0.1 CV_pk=0.08 SNR=9.3 | fK=8.0±0.7 fCF=4.5±0.1 fSC=372±17 fFlat=0.069±0.009 fHF=0.000±0.000 Att=3.5±0.1ms [信心=90 峰=20 靜=25 噪=30 律=15 底=0(85) ZCR=0(0.102)]
[tap]        [22:42:46.434] 💤 敲麥監聽已停止
[recorder][22:42:46] 🚀 預熱命中，直接開始錄音
[main][22:42:46.435] ⏱️ recorder.start() 耗時 0.5ms，ok=True
[tap]        [22:42:46.441] 🎙️ 敲麥監聽已啟動
[main][22:42:46.448] 🎙️ 開始錄音
[recorder][VAD] Silero 語音幀 0/31 (0.0%)，有效語音 0.00s，信心閾值 0.6，最低比例 16%，最低語音 0.35s
[recorder][flush] ❌ VAD 未達有效語音門檻，略過（語音比例不足 0.0% < 16%）
[tap][sample][22:42:47.954] 持續=27ms 峰值=1415 ✓ K=1.7 CF=3.0 SC=952Hz Att=5.9ms | fK=6.4 fCF=4.3 fSC=957Hz fFlat=0.259 fHF=0.001 🎯 敲擊 #1
[tap][sample][22:42:48.241] 持續=100ms 峰值=1214 ✓ K=7.9 CF=7.0 SC=1422Hz Att=56.4ms | fK=11.0 fCF=8.0 fSC=1438Hz fFlat=0.357 fHF=0.006 🎯 敲擊 #2
[tap][dim]   [22:42:48.294] 持續=27ms 峰值=524 ✗弱
[tap][sample][22:42:48.493] 持續=27ms 峰值=2870 ✓ K=2.9 CF=4.4 SC=1410Hz Att=1.0ms | fK=8.7 fCF=6.2 fSC=1410Hz fFlat=0.316 fHF=0.008 🎯 敲擊 #3
[tap]        [22:42:48.493] 🚫 三連敲被過濾（信心不足，信心=60/62） 底噪=516/524 基線=198 ZCR=0.100 stdK=2.7 stdCF=1.6 CV_pk=0.40 SNR=9.3 | fK=8.7±1.9 fCF=6.1±1.5 fSC=1268±221 fFlat=0.311±0.040 fHF=0.005±0.003 Att=21.1±25.0ms [峰=20 靜=25 噪=30 律=5 底=-20(524) ZCR=0(0.1)]
[tap][sample][22:42:48.592] 持續=27ms 峰值=619 ✓ K=10.7 CF=6.7 SC=1621Hz Att=5.1ms | fK=23.1 fCF=9.3 fSC=1644Hz fFlat=0.436 fHF=0.018 🎯 敲擊 #1
[tap][dim]   [22:42:49.519] 持續=99ms 峰值=450 ✗弱
[tap][dim]   [22:42:49.708] 持續=27ms 峰值=310 ✗弱
[tap]         ⏱️ 間隔過長重置（1620ms）
[tap][sample][22:42:50.248] 持續=63ms 峰值=1079 ✓ K=6.7 CF=4.9 SC=1547Hz Att=0.9ms | fK=11.6 fCF=5.9 fSC=1547Hz fFlat=0.424 fHF=0.005 🎯 敲擊 #1
[tap][sample][22:42:50.508] 持續=27ms 峰值=2284 ✓ K=2.1 CF=3.7 SC=1412Hz Att=1.2ms | fK=7.2 fCF=5.2 fSC=1414Hz fFlat=0.340 fHF=0.007 🎯 敲擊 #2
[tap][dim]   [22:42:50.571] 持續=27ms 峰值=464 ✗弱
[tap][sample][22:42:50.761] 持續=36ms 峰值=4244 ✓ K=3.8 CF=3.6 SC=1355Hz Att=6.8ms | fK=10.6 fCF=5.1 fSC=1358Hz fFlat=0.312 fHF=0.005 🎯 敲擊 #3
[tap]        [22:42:50.761] 🔔 三連敲觸發（間隔 296ms / 243ms，一致性 0.82） 底噪=511/464 基線=284 ZCR=0.082 stdK=1.9 stdCF=0.6 CV_pk=0.51 SNR=8.9 | fK=9.8±1.9 fCF=5.4±0.4 fSC=1440±79 fFlat=0.359±0.048 fHF=0.006±0.001 Att=3.0±2.7ms [信心=70 峰=25 靜=25 噪=30 律=10 底=-20(511) ZCR=0(0.082)]
[main][22:42:50.764] ⏳ 預熱 idle 計時器啟動，10 分鐘後關閉麥克風
[recorder][VAD] Silero 語音幀 37/104 (35.6%)，有效語音 1.18s，信心閾值 0.6，最低比例 16%，最低語音 0.35s
[main][22:42:50.795] ✅ 錄音完成，送出辨識
[tap][dim]   [22:42:50.860] 持續=28ms 峰值=346 ✗弱
[paster][22:42:50] 📏 [UIA] 文字為空 → 不加句號
[paster][22:42:50] 🔮 預取游標位置: at_end=False, last_punct=False (delay=0.13s, est_api=0.58s)
[transcriber][22:42:51.528] ⏱️ API 耗時: 0.73s
[main][22:42:51.622] ✅ 辨識完成: "明天在28號"
[paster][22:42:51] 🎯 PASTE: at_end=False, last_punct=False, add_prefix=False (prefetched), prefix='。', final='明天在28號'
[paster][22:42:51] ⌨️ TEXT input skipped: process=python.exe，class=Qt6111QWindowIcon，focus=('AI Whisper', 'MainWindow', 'QApplication.MainWindow', 'WindowControl')，preserve_ctrl=False
[paster][22:42:51] 📋 CLIP flow start: target_chars=6, restore_delay=0.30s
[paster][22:42:51] 📋 CLIP backup: count=7, formats=49367:1214B, 13:6B, 50188:24B, 50131:119B, 16:4B, 1:5B, 7:5B, text='範本'
[paster][22:42:51] 📋 CLIP set attempt 1/4: chars=6, bytes=14, preview='明天在28號'
[paster][22:42:51] 📋 CLIP verify ok: attempt=1, chars=6, text='明天在28號'
[paster][22:42:51] ⌨️ Ctrl+V 準備送出，cb_ok=True，視窗="AI Whisper"，hwnd=0x04541356，process=python.exe，class=Qt6111QWindowIcon，keys_before=async_down=none; logical_down=none，text='明天在28號'
[paster][22:42:51] ⌨️ 貼上前釋放修飾鍵: released=none，restore_later=none，preserve_ctrl=False，keys_after_release=async_down=none; logical_down=none
[paster][22:42:51] ⌨️ Ctrl+V 已送出，keys_after_send=async_down=none; logical_down=none
[paster][22:42:51] 🚫 CLIP guard armed: manual Ctrl+V suppressed
[paster][22:42:51] ⏱️ 收到→貼上完成: 0.36s
[paster][22:42:51] 📋 CLIP restore wait: 0.30s
[paster][22:42:52] 📋 CLIP restore attempt 1/4: text='範本'
[paster][22:42:52] 📋 CLIP restore: restored=7/7, formats=49367:1214B, 13:6B, 50188:24B, 50131:119B, 16:4B, 1:5B, 7:5B, text='範本'
[paster][22:42:52] 📋 CLIP restore verify ok: attempt=1, text='範本'
[paster][22:42:52] 🚫 CLIP guard disarmed: blocked=0
[tap][sample][22:42:52.335] 持續=63ms 峰值=7105 ✓ K=4.5 CF=4.7 SC=1646Hz Att=0.9ms | fK=8.2 fCF=5.7 fSC=1645Hz fFlat=0.437 fHF=0.009 🎯 敲擊 #1
[tap][dim]   [22:42:52.362] 持續=27ms 峰值=371 ✗弱
[tap][sample][22:42:52.398] 持續=36ms 峰值=1869 ✓ K=1.3 CF=3.7 SC=2037Hz Att=8.1ms | fK=5.4 fCF=5.1 fSC=2035Hz fFlat=0.393 fHF=0.029 ⏱️ 防抖略過（距上次 90ms < 180ms）
[tap][sample][22:42:52.587] 持續=63ms 峰值=8671 ✓ K=6.5 CF=5.2 SC=1542Hz Att=1.2ms | fK=11.2 fCF=6.3 fSC=1543Hz fFlat=0.414 fHF=0.007 🎯 敲擊 #2
[tap][sample][22:42:52.651] 持續=36ms 峰值=1268 ✓ K=3.2 CF=4.7 SC=1922Hz Att=15.0ms | fK=9.3 fCF=6.7 fSC=1927Hz fFlat=0.415 fHF=0.026 ⏱️ 防抖略過（距上次 91ms < 180ms）
[tap][sample][22:42:52.940] 持續=126ms 峰值=10469 ✓ K=6.2 CF=5.2 SC=1444Hz Att=1.0ms | fK=8.5 fCF=5.8 fSC=1450Hz fFlat=0.268 fHF=0.005 🎯 敲擊 #3
[tap]        [22:42:52.940] 🔔 三連敲觸發（間隔 252ms / 289ms，一致性 0.87） 底噪=0/34 基線=804 ZCR=0.094 stdK=0.9 stdCF=0.2 CV_pk=0.16 SNR=10.9 | fK=9.3±1.3 fCF=6.0±0.3 fSC=1546±80 fFlat=0.373±0.075 fHF=0.007±0.002 Att=1.0±0.1ms [信心=95 峰=30 靜=25 噪=30 律=10 底=0(34) ZCR=0(0.094)]
[tap]        [22:42:52.991] 💤 敲麥監聽已停止
[recorder][22:42:52] 🚀 預熱命中，直接開始錄音
[main][22:42:52.991] ⏱️ recorder.start() 耗時 0.2ms，ok=True
[tap]        [22:42:52.995] 🎙️ 敲麥監聽已啟動
[main][22:42:52.999] 🎙️ 開始錄音
[tap][sample][22:42:53.092] 持續=63ms 峰值=715 ✓ K=-1.5 CF=1.7 SC=881Hz Att=10.4ms | fK=-1.5 fCF=1.8 fSC=792Hz fFlat=0.192 fHF=0.000 🎯 敲擊 #1
[tap][dim]   [22:42:53.156] 持續=63ms 峰值=585 ✗弱
[recorder][VAD] Silero 語音幀 0/39 (0.0%)，有效語音 0.00s，信心閾值 0.6，最低比例 16%，最低語音 0.35s
[recorder][flush] ❌ VAD 未達有效語音門檻，略過（語音比例不足 0.0% < 16%）
[tap][dim]   [22:42:54.504] 持續=36ms 峰值=332 ✗弱
[paster][22:42:54] 📋 CLIP watchdog done: checks=11, repairs=0, ok=True, final='範本'
[paster][22:42:54] 📋 剪貼簿已還原驗證（7 種格式，restore_ok=True, watch_ok=True）
[tap]         ⏱️ 間隔過長重置（1926ms）
[tap][sample][22:42:55.009] 持續=54ms 峰值=8528 ✓ K=6.2 CF=4.7 SC=1269Hz Att=0.8ms | fK=10.8 fCF=5.8 fSC=1270Hz fFlat=0.264 fHF=0.003 🎯 敲擊 #1
[tap][sample][22:42:55.071] 持續=24ms 峰值=1364 ✓ K=0.7 CF=3.8 SC=2093Hz Att=5.4ms | fK=3.7 fCF=5.3 fSC=2105Hz fFlat=0.400 fHF=0.041 ⏱️ 防抖略過（距上次 93ms < 180ms）
[tap][dim]   [22:42:55.107] 持續=36ms 峰值=303 ✗弱
[tap][sample][22:42:55.360] 持續=133ms 峰值=11654 ✓ K=4.7 CF=5.2 SC=1659Hz Att=1.1ms | fK=6.6 fCF=5.8 fSC=1654Hz fFlat=0.423 fHF=0.009 🎯 敲擊 #2
[tap][dim]   [22:42:55.459] 持續=27ms 峰值=301 ✗弱
[tap][sample][22:42:55.647] 持續=153ms 峰值=9999 ✓ K=2.8 CF=4.8 SC=1149Hz Att=1.2ms | fK=4.0 fCF=5.3 fSC=1150Hz fFlat=0.266 fHF=0.002 🎯 敲擊 #3
[tap]        [22:42:55.647] 🚫 三連敲被過濾（信心不足，信心=55/62） 底噪=102/301 基線=1055 ZCR=0.082 stdK=1.4 stdCF=0.2 CV_pk=0.13 SNR=9.5 | fK=7.1±2.8 fCF=5.6±0.2 fSC=1358±215 fFlat=0.317±0.075 fHF=0.005±0.003 Att=1.0±0.2ms [峰=30 靜=0 噪=30 律=15 底=-20(301) ZCR=0(0.082)]
[tap][dim]   [22:42:55.872] 持續=27ms 峰值=519 ✗弱
[tap][sample][22:42:55.999] 持續=126ms 峰值=681 ✗長 K=-1.4 CF=1.8 SC=889Hz Att=3.2ms | fK=-1.2 fCF=1.9 fSC=986Hz fFlat=0.211 fHF=0.000
[tap][dim]   [22:42:56.034] 持續=36ms 峰值=427 ✗弱
[tap][dim]   [22:42:56.548] 持續=63ms 峰值=404 ✗弱
[tap][dim]   [22:42:57.385] 持續=71ms 峰值=384 ✗弱
[tap][sample][22:42:57.475] 持續=63ms 峰值=8204 ✓ K=4.0 CF=4.4 SC=1408Hz Att=1.2ms | fK=7.5 fCF=5.3 fSC=1405Hz fFlat=0.282 fHF=0.003 🎯 敲擊 #1
[tap][dim]   [22:42:57.510] 持續=36ms 峰值=342 ✗弱
[tap][sample][22:42:57.538] 持續=28ms 峰值=1816 ✓ K=-0.0 CF=3.0 SC=1446Hz Att=9.1ms | fK=2.2 fCF=4.0 fSC=1426Hz fFlat=0.306 fHF=0.006 ⏱️ 防抖略過（距上次 99ms < 180ms）
[tap][dim]   [22:42:57.568] 持續=29ms 峰值=578 ✗弱
[tap][sample][22:42:57.762] 持續=27ms 峰值=8988 ✓ K=1.3 CF=3.1 SC=1504Hz Att=0.8ms | fK=5.6 fCF=4.4 fSC=1502Hz fFlat=0.392 fHF=0.007 🎯 敲擊 #2
[tap][dim]   [22:42:57.789] 持續=27ms 峰值=531 ✗弱
[tap][sample][22:42:57.835] 持續=45ms 峰值=664 ✓ K=3.7 CF=5.1 SC=2027Hz Att=1.1ms | fK=7.3 fCF=6.8 fSC=2011Hz fFlat=0.521 fHF=0.033 ⏱️ 防抖略過（距上次 54ms < 180ms）
[tap][sample][22:42:58.105] 持續=118ms 峰值=11351 ✓ K=6.9 CF=5.5 SC=1462Hz Att=1.1ms | fK=9.3 fCF=6.1 fSC=1464Hz fFlat=0.359 fHF=0.007 🎯 敲擊 #3
[tap]        [22:42:58.105] 🚫 三連敲被過濾（信心不足，信心=55/62） 底噪=0/191 基線=833 ZCR=0.078 stdK=2.3 stdCF=1.0 CV_pk=0.14 SNR=11.4 | fK=7.5±1.5 fCF=5.3±0.7 fSC=1457±40 fFlat=0.345±0.046 fHF=0.006±0.002 Att=1.1±0.2ms [峰=30 靜=0 噪=30 律=5 底=-10(191) ZCR=0(0.078)]
[recorder][VAD] Silero 語音幀 7/151 (4.6%)，有效語音 0.22s，信心閾值 0.6，最低比例 16%，最低語音 0.35s
[recorder][flush] ❌ VAD 未達有效語音門檻，略過（語音比例不足 4.6% < 16%）
[tap][sample][22:42:59.869] 持續=116ms 峰值=11156 ✓ K=5.1 CF=5.2 SC=1499Hz Att=0.9ms | fK=7.1 fCF=5.8 fSC=1493Hz fFlat=0.424 fHF=0.005 🎯 敲擊 #1
[tap][sample][22:43:00.103] 持續=107ms 峰值=11453 ✓ K=2.8 CF=4.5 SC=1321Hz Att=1.4ms | fK=4.8 fCF=5.2 fSC=1322Hz fFlat=0.313 fHF=0.003 🎯 敲擊 #2
[tap][sample][22:43:00.391] 持續=126ms 峰值=10641 ✓ K=1.4 CF=3.9 SC=1275Hz Att=1.2ms | fK=2.5 fCF=4.4 fSC=1268Hz fFlat=0.299 fHF=0.003 🎯 敲擊 #3
[tap]        [22:43:00.391] 🔔 三連敲觸發（間隔 244ms / 268ms，一致性 0.91） 底噪=36/34 基線=1174 ZCR=0.096 stdK=1.5 stdCF=0.5 CV_pk=0.03 SNR=9.4 | fK=4.8±1.9 fCF=5.1±0.6 fSC=1361±96 fFlat=0.345±0.056 fHF=0.003±0.001 Att=1.2±0.2ms [信心=100 峰=30 靜=25 噪=30 律=15 底=0(36) ZCR=0(0.096)]
[main][22:43:00.393] ⏳ 預熱 idle 計時器啟動，10 分鐘後關閉麥克風
[recorder][VAD] Silero 語音幀 0/40 (0.0%)，有效語音 0.00s，信心閾值 0.6，最低比例 16%，最低語音 0.35s
[recorder][stop] ❌ VAD 未達有效語音門檻，不送出辨識（語音比例不足 0.0% < 16%）
[tap][dim]   [22:43:02.659] 持續=27ms 峰值=536 ✗弱
[tap][sample][22:43:02.696] 持續=36ms 峰值=1949 ✓ K=2.5 CF=3.1 SC=682Hz Att=1.8ms | fK=8.0 fCF=4.4 fSC=695Hz fFlat=0.210 fHF=0.000 🎯 敲擊 #1
[tap][sample][22:43:02.983] 持續=27ms 峰值=1393 ✓ K=1.8 CF=2.9 SC=315Hz Att=3.6ms | fK=6.7 fCF=4.1 fSC=357Hz fFlat=0.083 fHF=0.000 🎯 敲擊 #2
[tap][sample][22:43:03.235] 持續=36ms 峰值=4294 ✓ K=3.3 CF=3.4 SC=391Hz Att=5.7ms | fK=9.5 fCF=4.9 fSC=362Hz fFlat=0.069 fHF=0.000 🎯 敲擊 #3
[tap]        [22:43:03.235] 🚫 三連敲被過濾（信心不足，信心=55/62） 底噪=238/42 基線=170 ZCR=0.087 stdK=0.6 stdCF=0.2 CV_pk=0.49 SNR=15.0 | fK=8.1±1.1 fCF=4.4±0.3 fSC=471±158 fFlat=0.121±0.063 fHF=0.000±0.000 Att=3.7±1.6ms [峰=25 靜=0 噪=30 律=10 底=-10(238) ZCR=0(0.087)]
[tap][dim]   [22:43:05.035] 持續=72ms 峰值=440 ✗弱
[tap][sample][22:43:05.278] 持續=27ms 峰值=3770 ✓ K=3.3 CF=3.5 SC=506Hz Att=5.6ms | fK=9.6 fCF=4.9 fSC=508Hz fFlat=0.118 fHF=0.000 🎯 敲擊 #1
[tap][dim]   [22:43:05.351] 持續=45ms 峰值=329 ✗弱
[tap][sample][22:43:05.412] 持續=62ms 峰值=744 ✓ K=-1.0 CF=2.1 SC=1135Hz Att=25.8ms | fK=-0.4 fCF=2.5 fSC=1013Hz fFlat=0.211 fHF=0.000 ⏱️ 防抖略過（距上次 99ms < 180ms）
[tap][dim]   [22:43:05.539] 持續=100ms 峰值=489 ✗弱
[tap][sample][22:43:05.575] 持續=36ms 峰值=1842 ✓ K=2.1 CF=3.2 SC=450Hz Att=7.0ms | fK=7.0 fCF=4.5 fSC=499Hz fFlat=0.120 fHF=0.000 🎯 敲擊 #2
[tap][sample][22:43:05.863] 持續=71ms 峰值=3539 ✓ K=10.1 CF=5.0 SC=410Hz Att=5.8ms | fK=16.6 fCF=6.2 fSC=416Hz fFlat=0.082 fHF=0.000 🎯 敲擊 #3
[tap]        [22:43:05.863] 🚫 三連敲被過濾（信心不足，信心=50/62） 底噪=489/187 基線=305 ZCR=0.068 stdK=3.5 stdCF=0.8 CV_pk=0.28 SNR=10.0 | fK=11.1±4.1 fCF=5.2±0.7 fSC=474±41 fFlat=0.107±0.017 fHF=0.000±0.000 Att=6.1±0.6ms [峰=30 靜=0 噪=30 律=10 底=-20(489) ZCR=0(0.068)]
[tap][sample][22:43:07.527] 持續=27ms 峰值=1206 ✓ K=2.3 CF=3.1 SC=960Hz Att=4.7ms | fK=6.1 fCF=4.2 fSC=602Hz fFlat=0.158 fHF=0.000 🎯 敲擊 #1
[tap][dim]   [22:43:07.555] 持續=27ms 峰值=376 ✗弱
[tap][sample][22:43:07.825] 持續=45ms 峰值=1361 ✓ K=2.4 CF=3.2 SC=372Hz Att=5.9ms | fK=7.9 fCF=4.6 fSC=401Hz fFlat=0.085 fHF=0.000 🎯 敲擊 #2
[tap][sample][22:43:08.067] 持續=27ms 峰值=1757 ✓ K=3.1 CF=3.4 SC=484Hz Att=5.9ms | fK=8.8 fCF=4.7 fSC=376Hz fFlat=0.073 fHF=0.000 🎯 敲擊 #3
[tap]        [22:43:08.067] 🔔 三連敲觸發（間隔 279ms / 261ms，一致性 0.94） 底噪=112/68 基線=120 ZCR=0.091 stdK=0.3 stdCF=0.1 CV_pk=0.16 SNR=12.0 | fK=7.6±1.1 fCF=4.5±0.2 fSC=460±101 fFlat=0.105±0.038 fHF=0.000±0.000 Att=5.5±0.6ms [信心=90 峰=20 靜=25 噪=30 律=15 底=0(112) ZCR=0(0.091)]
[tap]        [22:43:08.112] 💤 敲麥監聽已停止
[recorder][22:43:08] 🚀 預熱命中，直接開始錄音
[main][22:43:08.112] ⏱️ recorder.start() 耗時 0.1ms，ok=True
[tap]        [22:43:08.114] 🎙️ 敲麥監聽已啟動
[main][22:43:08.118] 🎙️ 開始錄音
[recorder][VAD] Silero 語音幀 0/31 (0.0%)，有效語音 0.00s，信心閾值 0.6，最低比例 16%，最低語音 0.35s
[recorder][flush] ❌ VAD 未達有效語音門檻，略過（語音比例不足 0.0% < 16%）
[recorder][VAD] Silero 語音幀 0/31 (0.0%)，有效語音 0.00s，信心閾值 0.6，最低比例 16%，最低語音 0.35s
[recorder][flush] ❌ VAD 未達有效語音門檻，略過（語音比例不足 0.0% < 16%）
[tap][sample][22:43:10.516] 持續=36ms 峰值=1340 ✓ K=1.4 CF=2.7 SC=1259Hz Att=0.1ms | fK=5.8 fCF=3.9 fSC=1275Hz fFlat=0.395 fHF=0.002 🎯 敲擊 #1
[tap][sample][22:43:10.794] 持續=54ms 峰值=1673 ✓ K=8.2 CF=4.7 SC=744Hz Att=6.4ms | fK=13.8 fCF=5.7 fSC=747Hz fFlat=0.168 fHF=0.001 🎯 敲擊 #2
[tap][sample][22:43:11.064] 持續=36ms 峰值=2986 ✓ K=3.5 CF=3.5 SC=437Hz Att=5.3ms | fK=9.9 fCF=5.0 fSC=431Hz fFlat=0.090 fHF=0.000 🎯 敲擊 #3
[tap]        [22:43:11.064] 🔔 三連敲觸發（間隔 261ms / 288ms，一致性 0.91） 底噪=222/189 基線=157 ZCR=0.092 stdK=2.8 stdCF=0.8 CV_pk=0.36 SNR=12.8 | fK=9.9±3.3 fCF=4.9±0.8 fSC=817±348 fFlat=0.218±0.129 fHF=0.001±0.001 Att=3.9±2.8ms [信心=80 峰=20 靜=25 噪=30 律=15 底=-10(222) ZCR=0(0.092)]
[main][22:43:11.066] ⏳ 預熱 idle 計時器啟動，10 分鐘後關閉麥克風
[recorder][VAD] Silero 語音幀 0/29 (0.0%)，有效語音 0.00s，信心閾值 0.6，最低比例 16%，最低語音 0.35s
[recorder][stop] ❌ VAD 未達有效語音門檻，不送出辨識（語音比例不足 0.0% < 16%）
[tap][sample][22:43:13.458] 持續=27ms 峰值=2601 ✓ K=3.5 CF=4.6 SC=1407Hz Att=2.0ms | fK=10.1 fCF=6.6 fSC=1409Hz fFlat=0.292 fHF=0.006 🎯 敲擊 #1
[tap][dim]   [22:43:13.548] 持續=27ms 峰值=453 ✗弱
[tap][sample][22:43:13.710] 持續=36ms 峰值=2823 ✓ K=3.3 CF=3.9 SC=1391Hz Att=1.7ms | fK=8.8 fCF=5.4 fSC=1355Hz fFlat=0.280 fHF=0.004 🎯 敲擊 #2
[tap][dim]   [22:43:13.755] 持續=45ms 峰值=493 ✗弱
[tap][dim]   [22:43:13.810] 持續=27ms 峰值=535 ✗弱
[tap][dim]   [22:43:13.971] 持續=27ms 峰值=348 ✗弱
[tap][sample][22:43:13.998] 持續=27ms 峰值=4082 ✓ K=3.7 CF=3.7 SC=1069Hz Att=6.1ms | fK=10.2 fCF=5.2 fSC=1079Hz fFlat=0.274 fHF=0.002 🎯 敲擊 #3
[tap]        [22:43:13.998] 🔔 三連敲觸發（間隔 243ms / 297ms，一致性 0.82） 底噪=453/535 基線=219 ZCR=0.085 stdK=0.2 stdCF=0.4 CV_pk=0.21 SNR=14.5 | fK=9.7±0.6 fCF=5.7±0.6 fSC=1281±144 fFlat=0.282±0.007 fHF=0.004±0.002 Att=3.3±2.0ms [信心=75 峰=30 靜=25 噪=30 律=10 底=-20(535) ZCR=0(0.085)]
[tap]        [22:43:14.051] 💤 敲麥監聽已停止
[recorder][22:43:14] 🚀 預熱命中，直接開始錄音
[main][22:43:14.051] ⏱️ recorder.start() 耗時 0.1ms，ok=True
[tap]        [22:43:14.054] 🎙️ 敲麥監聽已啟動
[main][22:43:14.058] 🎙️ 開始錄音
[tap][dim]   [22:43:14.475] 持續=108ms 峰值=380 ✗弱
[tap][dim]   [22:43:14.755] 持續=63ms 峰值=511 ✗弱
[tap][sample][22:43:16.014] 持續=72ms 峰值=1305 ✓ K=7.5 CF=4.4 SC=546Hz Att=7.0ms | fK=12.8 fCF=5.4 fSC=550Hz fFlat=0.121 fHF=0.000 🎯 敲擊 #1
[tap][sample][22:43:16.258] 持續=27ms 峰值=1655 ✓ K=2.6 CF=3.2 SC=334Hz Att=3.5ms | fK=8.2 fCF=4.6 fSC=352Hz fFlat=0.081 fHF=0.000 🎯 敲擊 #2
[tap][sample][22:43:16.518] 持續=27ms 峰值=2555 ✓ K=3.4 CF=3.5 SC=356Hz Att=6.0ms | fK=9.8 fCF=5.0 fSC=330Hz fFlat=0.056 fHF=0.000 🎯 敲擊 #3
[tap]        [22:43:16.518] 🔔 三連敲觸發（間隔 288ms / 261ms，一致性 0.91） 底噪=164/80 基線=217 ZCR=0.084 stdK=2.2 stdCF=0.5 CV_pk=0.29 SNR=8.5 | fK=10.3±1.9 fCF=5.0±0.3 fSC=411±99 fFlat=0.086±0.027 fHF=0.000±0.000 Att=5.5±1.5ms [信心=80 峰=20 靜=25 噪=30 律=15 底=-10(164) ZCR=0(0.084)]
[main][22:43:16.520] ⏳ 預熱 idle 計時器啟動，10 分鐘後關閉麥克風
[recorder][VAD] Silero 語音幀 13/77 (16.9%)，有效語音 0.42s，信心閾值 0.6，最低比例 16%，最低語音 0.35s
[main][22:43:16.543] ✅ 錄音完成，送出辨識
[paster][22:43:16] 📏 [UIA] 文字為空 → 不加句號
[paster][22:43:16] 🔮 預取游標位置: at_end=False, last_punct=False (delay=0.05s, est_api=0.50s)
[tap][dim]   [22:43:16.871] 持續=100ms 峰值=541 ✗弱
[tap][dim]   [22:43:17.248] 持續=27ms 峰值=301 ✗弱
[transcriber][22:43:17.487] ⏱️ API 耗時: 0.94s
[main][22:43:17.488] ✅ 辨識完成: "還書小比"
[paster][22:43:17] 🎯 PASTE: at_end=False, last_punct=False, add_prefix=False (prefetched), prefix='。', final='還書小比'
[paster][22:43:17] ⌨️ TEXT input skipped: process=python.exe，class=Qt6111QWindowIcon，focus=('AI Whisper', 'MainWindow', 'QApplication.MainWindow', 'WindowControl')，preserve_ctrl=False
[paster][22:43:17] 📋 CLIP flow start: target_chars=4, restore_delay=0.30s
[paster][22:43:17] 📋 CLIP backup: count=7, formats=49367:1214B, 13:6B, 50188:24B, 50131:119B, 16:4B, 1:5B, 7:5B, text='範本'
[paster][22:43:17] 📋 CLIP set attempt 1/4: chars=4, bytes=10, preview='還書小比'
[paster][22:43:17] 📋 CLIP verify ok: attempt=1, chars=4, text='還書小比'
[paster][22:43:17] ⌨️ Ctrl+V 準備送出，cb_ok=True，視窗="AI Whisper"，hwnd=0x04541356，process=python.exe，class=Qt6111QWindowIcon，keys_before=async_down=none; logical_down=none，text='還書小比'
[paster][22:43:17] ⌨️ 貼上前釋放修飾鍵: released=none，restore_later=none，preserve_ctrl=False，keys_after_release=async_down=none; logical_down=none
[paster][22:43:17] ⌨️ Ctrl+V 已送出，keys_after_send=async_down=none; logical_down=none
[paster][22:43:17] 🚫 CLIP guard armed: manual Ctrl+V suppressed
[paster][22:43:17] ⏱️ 收到→貼上完成: 0.21s
[paster][22:43:17] 📋 CLIP restore wait: 0.30s
[paster][22:43:17] 📋 CLIP restore attempt 1/4: text='範本'
[paster][22:43:17] 📋 CLIP restore: restored=7/7, formats=49367:1214B, 13:6B, 50188:24B, 50131:119B, 16:4B, 1:5B, 7:5B, text='範本'
[paster][22:43:18] 📋 CLIP restore verify ok: attempt=1, text='範本'
[paster][22:43:18] 🚫 CLIP guard disarmed: blocked=0
[tap][sample][22:43:19.749] 持續=27ms 峰值=9378 ✓ K=1.6 CF=3.5 SC=1358Hz Att=2.2ms | fK=6.1 fCF=4.9 fSC=1360Hz fFlat=0.328 fHF=0.004 🎯 敲擊 #1
[tap][dim]   [22:43:19.786] 持續=36ms 峰值=518 ✗弱
[tap][sample][22:43:19.849] 持續=64ms 峰值=1361 ✓ K=4.4 CF=4.4 SC=1194Hz Att=24.6ms | fK=8.1 fCF=5.3 fSC=1196Hz fFlat=0.301 fHF=0.002 ⏱️ 防抖略過（距上次 63ms < 180ms）
[tap][sample][22:43:20.065] 持續=126ms 峰值=10242 ✓ K=9.9 CF=6.0 SC=1113Hz Att=1.9ms | fK=13.2 fCF=6.7 fSC=1113Hz fFlat=0.295 fHF=0.002 🎯 敲擊 #2
[tap][sample][22:43:20.290] 持續=90ms 峰值=10052 ✓ K=7.2 CF=5.1 SC=1018Hz Att=3.4ms | fK=10.7 fCF=5.9 fSC=1017Hz fFlat=0.192 fHF=0.002 🎯 敲擊 #3
[tap]        [22:43:20.290] 🔔 三連敲觸發（間隔 217ms / 261ms，一致性 0.83） 底噪=34/35 基線=710 ZCR=0.102 stdK=3.5 stdCF=1.0 CV_pk=0.04 SNR=13.9 | fK=10.0±2.9 fCF=5.8±0.7 fSC=1163±144 fFlat=0.272±0.058 fHF=0.002±0.001 Att=2.5±0.6ms [信心=95 峰=30 靜=25 噪=30 律=10 底=0(35) ZCR=0(0.102)]
[paster][22:43:20] 📋 CLIP watchdog done: checks=11, repairs=0, ok=True, final='範本'
[paster][22:43:20] 📋 剪貼簿已還原驗證（7 種格式，restore_ok=True, watch_ok=True）
[tap]        [22:43:20.353] 💤 敲麥監聽已停止
[recorder][22:43:20] 🚀 預熱命中，直接開始錄音
[main][22:43:20.353] ⏱️ recorder.start() 耗時 0.2ms，ok=True
[tap]        [22:43:20.359] 🎙️ 敲麥監聽已啟動
[main][22:43:20.370] 🎙️ 開始錄音
[recorder][VAD] Silero 語音幀 0/31 (0.0%)，有效語音 0.00s，信心閾值 0.6，最低比例 16%，最低語音 0.35s
[recorder][flush] ❌ VAD 未達有效語音門檻，略過（語音比例不足 0.0% < 16%）
[tap][sample][22:43:22.343] 持續=73ms 峰值=9967 ✓ K=4.5 CF=4.4 SC=1321Hz Att=3.4ms | fK=8.2 fCF=5.3 fSC=1321Hz fFlat=0.352 fHF=0.003 🎯 敲擊 #1
[tap][dim]   [22:43:22.370] 持續=27ms 峰值=419 ✗弱
[tap][sample][22:43:22.404] 持續=35ms 峰值=985 ✓ K=1.3 CF=3.8 SC=1537Hz Att=2.0ms | fK=3.3 fCF=4.8 fSC=1670Hz fFlat=0.381 fHF=0.017 ⏱️ 防抖略過（距上次 100ms < 180ms）
[tap][dim]   [22:43:22.431] 持續=27ms 峰值=489 ✗弱
[tap][sample][22:43:22.585] 持續=54ms 峰值=7339 ✓ K=4.2 CF=4.2 SC=1380Hz Att=2.7ms | fK=7.8 fCF=5.2 fSC=1379Hz fFlat=0.299 fHF=0.004 🎯 敲擊 #2
[tap][dim]   [22:43:22.629] 持續=44ms 峰值=360 ✗弱
[tap][sample][22:43:22.666] 持續=36ms 峰值=1798 ✓ K=1.1 CF=3.1 SC=1292Hz Att=0.9ms | fK=5.1 fCF=4.4 fSC=1282Hz fFlat=0.302 fHF=0.002 ⏱️ 防抖略過（距上次 99ms < 180ms）
[tap][sample][22:43:22.855] 持續=63ms 峰值=8010 ✓ K=4.4 CF=4.5 SC=1342Hz Att=2.2ms | fK=8.1 fCF=5.5 fSC=1344Hz fFlat=0.318 fHF=0.004 🎯 敲擊 #3
[tap]        [22:43:22.855] 🔔 三連敲觸發（間隔 261ms / 261ms，一致性 1.00） 底噪=0/36 基線=725 ZCR=0.087 stdK=0.1 stdCF=0.1 CV_pk=0.13 SNR=11.6 | fK=8.1±0.2 fCF=5.3±0.1 fSC=1348±24 fFlat=0.323±0.022 fHF=0.003±0.001 Att=2.8±0.5ms [信心=100 峰=30 靜=25 噪=30 律=15 底=0(36) ZCR=0(0.087)]
[main][22:43:22.868] ⏳ 預熱 idle 計時器啟動，10 分鐘後關閉麥克風
[tap][dim]   [22:43:22.881] 持續=26ms 峰值=411 ✗弱
[recorder][VAD] Silero 語音幀 0/46 (0.0%)，有效語音 0.00s，信心閾值 0.6，最低比例 16%，最低語音 0.35s
[recorder][stop] ❌ VAD 未達有效語音門檻，不送出辨識（語音比例不足 0.0% < 16%）
[tap][sample][22:43:22.908] 持續=27ms 峰值=1411 ✓ K=0.3 CF=3.2 SC=1644Hz Att=7.6ms | fK=3.2 fCF=4.6 fSC=1656Hz fFlat=0.402 fHF=0.010 🎯 敲擊 #1
[tap][dim]   [22:43:24.834] 持續=89ms 峰值=492 ✗弱
[tap]         ⏱️ 間隔過長重置（1953ms）
[tap][sample][22:43:24.870] 持續=36ms 峰值=606 ✓ K=-0.2 CF=2.6 SC=958Hz Att=12.9ms | fK=1.1 fCF=3.4 fSC=1201Hz fFlat=0.280 fHF=0.002 🎯 敲擊 #1
[tap][dim]   [22:43:25.032] 持續=45ms 峰值=363 ✗弱
[tap][dim]   [22:43:25.196] 持續=45ms 峰值=454 ✗弱
[tap][sample][22:43:25.222] 持續=27ms 峰值=2896 ✓ K=3.2 CF=3.6 SC=724Hz Att=2.5ms | fK=9.5 fCF=5.0 fSC=671Hz fFlat=0.200 fHF=0.000 🎯 敲擊 #2
[tap][sample][22:43:25.465] 持續=27ms 峰值=1794 ✓ K=0.7 CF=2.6 SC=519Hz Att=4.9ms | fK=4.1 fCF=3.6 fSC=571Hz fFlat=0.132 fHF=0.000 🎯 敲擊 #3
[tap]        [22:43:25.465] 🚫 三連敲被過濾（信心不足，信心=27/62） 底噪=454/171 基線=181 ZCR=0.125 stdK=1.5 stdCF=0.5 CV_pk=0.53 SNR=9.7 | fK=4.9±3.5 fCF=4.0±0.7 fSC=814±276 fFlat=0.204±0.060 fHF=0.001±0.001 Att=6.8±4.4ms [峰=20 靜=0 噪=30 律=5 底=-20(454) ZCR=-8(0.125)]
[tap][sample][22:43:25.735] 持續=36ms 峰值=2745 ✓ K=1.2 CF=2.9 SC=387Hz Att=4.7ms | fK=5.3 fCF=4.0 fSC=404Hz fFlat=0.080 fHF=0.000 🎯 敲擊 #1
[tap][dim]   [22:43:25.762] 持續=27ms 峰值=309 ✗弱
[tap][dim]   [22:43:27.111] 持續=36ms 峰值=512 ✗弱
[tap]         ⏱️ 間隔過長重置（1412ms）
[tap][sample][22:43:27.175] 持續=63ms 峰值=740 ✓ K=-1.4 CF=1.7 SC=896Hz Att=18.5ms | fK=-1.3 fCF=1.8 fSC=879Hz fFlat=0.196 fHF=0.000 🎯 敲擊 #1
[tap]         ⏱️ 間隔過長重置（478ms）
[tap][sample][22:43:27.626] 持續=36ms 峰值=3565 ✓ K=1.1 CF=2.9 SC=427Hz Att=2.1ms | fK=5.1 fCF=4.0 fSC=424Hz fFlat=0.075 fHF=0.000 🎯 敲擊 #1
[tap][sample][22:43:27.913] 持續=72ms 峰值=1536 ✓ K=4.9 CF=4.0 SC=454Hz Att=4.6ms | fK=8.7 fCF=4.9 fSC=515Hz fFlat=0.107 fHF=0.000 🎯 敲擊 #2
[tap][sample][22:43:28.164] 持續=63ms 峰值=1835 ✓ K=7.2 CF=4.6 SC=471Hz Att=4.0ms | fK=12.1 fCF=5.6 fSC=482Hz fFlat=0.102 fHF=0.000 🎯 敲擊 #3
[tap]        [22:43:28.164] 🔔 三連敲觸發（間隔 252ms / 260ms，一致性 0.97） 底噪=196/182 基線=269 ZCR=0.087 stdK=2.5 stdCF=0.7 CV_pk=0.39 SNR=8.6 | fK=8.6±2.9 fCF=4.8±0.6 fSC=473±38 fFlat=0.095±0.014 fHF=0.000±0.000 Att=3.5±1.1ms [信心=85 峰=25 靜=25 噪=30 律=15 底=-10(196) ZCR=0(0.087)]
[tap]        [22:43:28.203] 💤 敲麥監聽已停止
[recorder][22:43:28] 🚀 預熱命中，直接開始錄音
[main][22:43:28.204] ⏱️ recorder.start() 耗時 0.3ms，ok=True
[tap]        [22:43:28.207] 🎙️ 敲麥監聽已啟動
[main][22:43:28.211] 🎙️ 開始錄音
[recorder][VAD] Silero 語音幀 0/37 (0.0%)，有效語音 0.00s，信心閾值 0.6，最低比例 16%，最低語音 0.35s
[recorder][flush] ❌ VAD 未達有效語音門檻，略過（語音比例不足 0.0% < 16%）
[tap][dim]   [22:43:30.513] 持續=27ms 峰值=445 ✗弱
[tap][sample][22:43:30.550] 持續=36ms 峰值=2929 ✓ K=3.3 CF=3.5 SC=394Hz Att=2.9ms | fK=9.8 fCF=5.0 fSC=359Hz fFlat=0.072 fHF=0.000 🎯 敲擊 #1
[tap][sample][22:43:30.775] 持續=36ms 峰值=2393 ✓ K=3.5 CF=3.4 SC=803Hz Att=4.2ms | fK=8.1 fCF=4.7 fSC=744Hz fFlat=0.178 fHF=0.000 🎯 敲擊 #2
[recorder][VAD] Silero 語音幀 0/82 (0.0%)，有效語音 0.00s，信心閾值 0.6，最低比例 16%，最低語音 0.35s
[recorder][flush] ❌ VAD 未達有效語音門檻，略過（語音比例不足 0.0% < 16%）
[tap]         ⏱️ 間隔過長重置（1656ms）
[tap][sample][22:43:32.458] 持續=63ms 峰值=3556 ✓ K=6.1 CF=4.2 SC=778Hz Att=5.1ms | fK=10.6 fCF=5.1 fSC=779Hz fFlat=0.172 fHF=0.000 🎯 敲擊 #1
[tap][sample][22:43:32.692] 持續=45ms 峰值=3370 ✓ K=0.1 CF=2.4 SC=956Hz Att=6.6ms | fK=3.1 fCF=3.4 fSC=948Hz fFlat=0.203 fHF=0.001 🎯 敲擊 #2
[tap][sample][22:43:32.935] 持續=54ms 峰值=3175 ✓ K=5.4 CF=5.4 SC=1244Hz Att=1.1ms | fK=9.5 fCF=6.6 fSC=1245Hz fFlat=0.270 fHF=0.004 🎯 敲擊 #3
[tap]        [22:43:32.935] 🔔 三連敲觸發（間隔 252ms / 234ms，一致性 0.93） 底噪=176/183 基線=297 ZCR=0.091 stdK=2.7 stdCF=1.2 CV_pk=0.05 SNR=11.4 | fK=7.7±3.3 fCF=5.0±1.3 fSC=991±193 fFlat=0.215±0.041 fHF=0.002±0.002 Att=4.2±2.3ms [信心=90 峰=30 靜=25 噪=30 律=15 底=-10(183) ZCR=0(0.091)]
[main][22:43:32.937] ⏳ 預熱 idle 計時器啟動，10 分鐘後關閉麥克風
[recorder][VAD] Silero 語音幀 0/27 (0.0%)，有效語音 0.00s，信心閾值 0.6，最低比例 16%，最低語音 0.35s
[recorder][stop] ❌ VAD 未達有效語音門檻，不送出辨識（語音比例不足 0.0% < 16%）
[tap][dim]   [22:43:33.006] 持續=36ms 峰值=464 ✗弱
[tap][sample][22:43:34.671] 持續=27ms 峰值=2323 ✓ K=3.9 CF=3.5 SC=513Hz Att=5.6ms | fK=9.1 fCF=4.9 fSC=362Hz fFlat=0.072 fHF=0.000 🎯 敲擊 #1
[tap][dim]   [22:43:34.698] 持續=27ms 峰值=460 ✗弱
[tap][sample][22:43:34.960] 持續=36ms 峰值=2503 ✓ K=4.2 CF=3.6 SC=293Hz Att=5.9ms | fK=9.6 fCF=4.9 fSC=304Hz fFlat=0.047 fHF=0.000 🎯 敲擊 #2
[tap][dim]   [22:43:34.987] 持續=27ms 峰值=483 ✗弱
[tap][sample][22:43:35.247] 持續=63ms 峰值=2640 ✓ K=10.7 CF=5.2 SC=295Hz Att=4.3ms | fK=17.5 fCF=6.3 fSC=298Hz fFlat=0.047 fHF=0.000 🎯 敲擊 #3
[tap]        [22:43:35.247] 🔔 三連敲觸發（間隔 279ms / 261ms，一致性 0.94） 底噪=60/73 基線=190 ZCR=0.098 stdK=3.1 stdCF=0.8 CV_pk=0.05 SNR=13.1 | fK=12.1±3.8 fCF=5.4±0.7 fSC=321±28 fFlat=0.055±0.012 fHF=0.000±0.000 Att=5.3±0.7ms [信心=95 峰=25 靜=25 噪=30 律=15 底=0(73) ZCR=0(0.098)]
[tap]        [22:43:35.286] 💤 敲麥監聽已停止
[recorder][22:43:35] 🚀 預熱命中，直接開始錄音
[main][22:43:35.286] ⏱️ recorder.start() 耗時 0.3ms，ok=True
[tap]        [22:43:35.292] 🎙️ 敲麥監聽已啟動
[main][22:43:35.300] 🎙️ 開始錄音
[recorder][VAD] Silero 語音幀 0/31 (0.0%)，有效語音 0.00s，信心閾值 0.6，最低比例 16%，最低語音 0.35s
[recorder][flush] ❌ VAD 未達有效語音門檻，略過（語音比例不足 0.0% < 16%）
[tap][sample][22:43:36.895] 持續=63ms 峰值=1345 ✓ K=7.7 CF=4.6 SC=306Hz Att=6.5ms | fK=13.0 fCF=5.6 fSC=300Hz fFlat=0.053 fHF=0.000 🎯 敲擊 #1
[tap][sample][22:43:37.147] 持續=63ms 峰值=3909 ✓ K=8.4 CF=4.7 SC=373Hz Att=3.2ms | fK=14.2 fCF=5.8 fSC=373Hz fFlat=0.068 fHF=0.000 🎯 敲擊 #2
[tap][sample][22:43:37.408] 持續=63ms 峰值=3924 ✓ K=5.0 CF=4.0 SC=1033Hz Att=6.8ms | fK=9.0 fCF=4.9 fSC=1032Hz fFlat=0.218 fHF=0.001 🎯 敲擊 #3
[tap]        [22:43:37.408] 🔔 三連敲觸發（間隔 252ms / 261ms，一致性 0.97） 底噪=63/113 基線=236 ZCR=0.091 stdK=1.5 stdCF=0.3 CV_pk=0.40 SNR=13.0 | fK=12.0±2.2 fCF=5.4±0.4 fSC=568±329 fFlat=0.113±0.074 fHF=0.000±0.001 Att=5.5±1.6ms [信心=100 峰=30 靜=25 噪=30 律=15 底=0(113) ZCR=0(0.091)]
[main][22:43:37.412] ⏳ 預熱 idle 計時器啟動，10 分鐘後關閉麥克風
[recorder][VAD] Silero 語音幀 0/34 (0.0%)，有效語音 0.00s，信心閾值 0.6，最低比例 16%，最低語音 0.35s
[recorder][stop] ❌ VAD 未達有效語音門檻，不送出辨識（語音比例不足 0.0% < 16%）
[tap][dim]   [22:43:37.471] 持續=30ms 峰值=447 ✗弱
[tap][sample][22:43:39.063] 持續=99ms 峰值=9220 ✓ K=7.0 CF=5.8 SC=1311Hz Att=1.0ms | fK=10.3 fCF=6.7 fSC=1308Hz fFlat=0.251 fHF=0.004 🎯 敲擊 #1
[tap][dim]   [22:43:39.100] 持續=37ms 峰值=448 ✗弱
[tap][sample][22:43:39.325] 持續=126ms 峰值=8433 ✓ K=7.7 CF=5.7 SC=1876Hz Att=1.1ms | fK=10.3 fCF=6.4 fSC=1878Hz fFlat=0.448 fHF=0.022 🎯 敲擊 #2
[tap][sample][22:43:39.577] 持續=127ms 峰值=14169 ✓ K=1.6 CF=3.7 SC=1099Hz Att=1.8ms | fK=2.7 fCF=4.1 fSC=1097Hz fFlat=0.316 fHF=0.001 🎯 敲擊 #3
[tap]        [22:43:39.577] 🔔 三連敲觸發（間隔 234ms / 252ms，一致性 0.93） 底噪=38/130 基線=993 ZCR=0.098 stdK=2.7 stdCF=1.0 CV_pk=0.24 SNR=10.7 | fK=7.8±3.6 fCF=5.7±1.1 fSC=1428±330 fFlat=0.338±0.082 fHF=0.009±0.009 Att=1.3±0.4ms [信心=100 峰=30 靜=25 噪=30 律=15 底=0(130) ZCR=0(0.098)]
[tap]        [22:43:39.621] 💤 敲麥監聽已停止
[recorder][22:43:39] 🚀 預熱命中，直接開始錄音
[main][22:43:39.622] ⏱️ recorder.start() 耗時 0.5ms，ok=True
[tap]        [22:43:39.636] 🎙️ 敲麥監聽已啟動
[main][22:43:39.650] 🎙️ 開始錄音
[recorder][VAD] Silero 語音幀 0/32 (0.0%)，有效語音 0.00s，信心閾值 0.6，最低比例 16%，最低語音 0.35s
[recorder][flush] ❌ VAD 未達有效語音門檻，略過（語音比例不足 0.0% < 16%）
[tap][sample][22:43:41.755] 持續=135ms 峰值=10397 ✓ K=8.7 CF=6.0 SC=1357Hz Att=1.1ms | fK=11.6 fCF=6.7 fSC=1361Hz fFlat=0.374 fHF=0.004 🎯 敲擊 #1
[tap][sample][22:43:41.998] 持續=153ms 峰值=11920 ✓ K=3.5 CF=4.7 SC=1365Hz Att=1.6ms | fK=4.7 fCF=5.2 fSC=1367Hz fFlat=0.396 fHF=0.004 🎯 敲擊 #2
[tap][sample][22:43:42.259] 持續=135ms 峰值=12804 ✓ K=1.6 CF=3.8 SC=1470Hz Att=1.8ms | fK=2.7 fCF=4.2 fSC=1455Hz fFlat=0.323 fHF=0.003 🎯 敲擊 #3
[tap]        [22:43:42.259] 🔔 三連敲觸發（間隔 225ms / 279ms，一致性 0.80） 底噪=32/33 基線=1265 ZCR=0.087 stdK=3.0 stdCF=0.9 CV_pk=0.08 SNR=9.3 | fK=6.3±3.8 fCF=5.4±1.0 fSC=1394±43 fFlat=0.364±0.031 fHF=0.004±0.001 Att=1.5±0.3ms [信心=95 峰=30 靜=25 噪=30 律=10 底=0(33) ZCR=0(0.087)]
[main][22:43:42.260] ⏳ 預熱 idle 計時器啟動，10 分鐘後關閉麥克風
[recorder][VAD] Silero 語音幀 0/50 (0.0%)，有效語音 0.00s，信心閾值 0.6，最低比例 16%，最低語音 0.35s
[recorder][stop] ❌ VAD 未達有效語音門檻，不送出辨識（語音比例不足 0.0% < 16%）
[tap][sample][22:43:44.076] 持續=27ms 峰值=1329 ✓ K=0.7 CF=2.7 SC=350Hz Att=4.6ms | fK=4.4 fCF=3.8 fSC=472Hz fFlat=0.121 fHF=0.000 🎯 敲擊 #1
[tap][sample][22:43:44.339] 持續=28ms 峰值=2348 ✓ K=0.7 CF=2.5 SC=459Hz Att=5.7ms | fK=4.3 fCF=3.6 fSC=387Hz fFlat=0.074 fHF=0.000 🎯 敲擊 #2
[tap][sample][22:43:44.662] 持續=72ms 峰值=1790 ✓ K=5.1 CF=3.9 SC=387Hz Att=6.2ms | fK=9.1 fCF=4.7 fSC=398Hz fFlat=0.082 fHF=0.000 🎯 敲擊 #3
[tap]        [22:43:44.662] 🔔 三連敲觸發（間隔 261ms / 279ms，一致性 0.94） 底噪=69/63 基線=139 ZCR=0.125 stdK=2.1 stdCF=0.6 CV_pk=0.23 SNR=13.2 | fK=5.9±2.3 fCF=4.0±0.5 fSC=419±38 fFlat=0.092±0.020 fHF=0.000±0.000 Att=5.5±0.7ms [信心=82 峰=20 靜=25 噪=30 律=15 底=0(69) ZCR=-8(0.125)]
[tap]        [22:43:44.700] 💤 敲麥監聽已停止
[recorder][22:43:44] 🚀 預熱命中，直接開始錄音
[main][22:43:44.701] ⏱️ recorder.start() 耗時 0.3ms，ok=True
[tap]        [22:43:44.705] 🎙️ 敲麥監聽已啟動
[main][22:43:44.709] 🎙️ 開始錄音
[recorder][VAD] Silero 語音幀 0/31 (0.0%)，有效語音 0.00s，信心閾值 0.6，最低比例 16%，最低語音 0.35s
[recorder][flush] ❌ VAD 未達有效語音門檻，略過（語音比例不足 0.0% < 16%）
[tap][sample][22:43:46.346] 持續=81ms 峰值=3216 ✓ K=6.0 CF=4.7 SC=1049Hz Att=1.1ms | fK=10.4 fCF=5.7 fSC=1049Hz fFlat=0.216 fHF=0.002 🎯 敲擊 #1
[tap][dim]   [22:43:46.435] 持續=63ms 峰值=552 ✗弱
[tap][sample][22:43:46.589] 持續=27ms 峰值=2286 ✓ K=2.2 CF=3.5 SC=1427Hz Att=0.8ms | fK=7.4 fCF=4.9 fSC=1428Hz fFlat=0.417 fHF=0.006 🎯 敲擊 #2
[tap][dim]   [22:43:46.687] 持續=27ms 峰值=451 ✗弱
[tap][sample][22:43:46.886] 持續=63ms 峰值=5267 ✓ K=10.2 CF=5.2 SC=1159Hz Att=7.5ms | fK=16.8 fCF=6.4 fSC=1160Hz fFlat=0.242 fHF=0.003 🎯 敲擊 #3
[tap]        [22:43:46.886] 🔔 三連敲觸發（間隔 297ms / 261ms，一致性 0.88） 底噪=552/451 基線=280 ZCR=0.103 stdK=3.3 stdCF=0.7 CV_pk=0.35 SNR=12.8 | fK=11.5±3.9 fCF=5.7±0.6 fSC=1212±159 fFlat=0.292±0.089 fHF=0.004±0.002 Att=3.1±3.1ms [信心=75 峰=30 靜=25 噪=30 律=10 底=-20(552) ZCR=0(0.103)]
[main][22:43:46.894] ⏳ 預熱 idle 計時器啟動，10 分鐘後關閉麥克風
[recorder][VAD] Silero 語音幀 0/36 (0.0%)，有效語音 0.00s，信心閾值 0.6，最低比例 16%，最低語音 0.35s
[recorder][stop] ❌ VAD 未達有效語音門檻，不送出辨識（語音比例不足 0.0% < 16%）
[tap][dim]   [22:43:46.975] 持續=37ms 峰值=439 ✗弱
[tap][sample][22:43:48.693] 持續=27ms 峰值=1041 ✓ K=1.6 CF=2.9 SC=736Hz Att=9.8ms | fK=6.1 fCF=4.0 fSC=742Hz fFlat=0.194 fHF=0.000 🎯 敲擊 #1
[tap][dim]   [22:43:48.928] 持續=27ms 峰值=506 ✗弱
[tap]         ⏱️ 間隔過長重置（450ms）
[tap][sample][22:43:49.180] 持續=63ms 峰值=1632 ✓ K=6.5 CF=4.0 SC=1357Hz Att=7.9ms | fK=11.2 fCF=4.9 fSC=1357Hz fFlat=0.409 fHF=0.004 🎯 敲擊 #1
[tap][dim]   [22:43:50.044] 持續=27ms 峰值=486 ✗弱
[tap]         ⏱️ 間隔過長重置（1062ms）
[tap][sample][22:43:50.242] 持續=63ms 峰值=2335 ✓ K=3.3 CF=4.3 SC=2579Hz Att=28.4ms | fK=6.4 fCF=5.3 fSC=2582Hz fFlat=0.512 fHF=0.098 🎯 敲擊 #1
[tap]         ⏱️ 間隔過長重置（576ms）
[tap][sample][22:43:50.782] 持續=27ms 峰值=2749 ✓ K=3.9 CF=3.4 SC=466Hz Att=3.2ms | fK=9.4 fCF=4.7 fSC=397Hz fFlat=0.070 fHF=0.000 🎯 敲擊 #1
[tap][dim]   [22:43:50.818] 持續=36ms 峰值=542 ✗弱
[tap][sample][22:43:51.034] 持續=27ms 峰值=1248 ✓ K=1.8 CF=2.9 SC=429Hz Att=4.0ms | fK=6.5 fCF=4.0 fSC=450Hz fFlat=0.088 fHF=0.000 🎯 敲擊 #2
[tap][sample][22:43:51.259] 持續=27ms 峰值=2910 ✓ K=2.3 CF=3.1 SC=356Hz Att=2.8ms | fK=7.6 fCF=4.4 fSC=358Hz fFlat=0.058 fHF=0.000 🎯 敲擊 #3
[tap]        [22:43:51.259] 🔔 三連敲觸發（間隔 252ms / 225ms，一致性 0.89） 底噪=146/92 基線=216 ZCR=0.103 stdK=0.9 stdCF=0.2 CV_pk=0.33 SNR=10.7 | fK=7.8±1.2 fCF=4.4±0.3 fSC=402±38 fFlat=0.072±0.013 fHF=0.000±0.000 Att=3.3±0.5ms [信心=90 峰=25 靜=25 噪=30 律=10 底=0(146) ZCR=0(0.103)]
[tap]        [22:43:51.308] 💤 敲麥監聽已停止
[recorder][22:43:51] 🚀 預熱命中，直接開始錄音
[main][22:43:51.309] ⏱️ recorder.start() 耗時 0.5ms，ok=True
[tap]        [22:43:51.316] 🎙️ 敲麥監聽已啟動
[main][22:43:51.320] 🎙️ 開始錄音
[recorder][VAD] Silero 語音幀 0/38 (0.0%)，有效語音 0.00s，信心閾值 0.6，最低比例 16%，最低語音 0.35s
[recorder][flush] ❌ VAD 未達有效語音門檻，略過（語音比例不足 0.0% < 16%）
[tap][sample][22:43:52.916] 持續=171ms 峰值=10548 ✓ K=9.3 CF=5.6 SC=1041Hz Att=3.7ms | fK=11.8 fCF=6.1 fSC=1042Hz fFlat=0.207 fHF=0.001 🎯 敲擊 #1
[tap][sample][22:43:53.041] 持續=63ms 峰值=2606 ✓ K=6.7 CF=4.5 SC=920Hz Att=7.6ms | fK=11.6 fCF=5.6 fSC=920Hz fFlat=0.201 fHF=0.001 🎯 敲擊 #2
[tap][sample][22:43:53.302] 持續=27ms 峰值=8620 ✓ K=2.0 CF=3.4 SC=1056Hz Att=4.5ms | fK=7.1 fCF=4.8 fSC=1064Hz fFlat=0.226 fHF=0.002 🎯 敲擊 #3
[tap]        [22:43:53.302] 🔔 三連敲觸發（間隔 234ms / 297ms，一致性 0.79） 底噪=35/202 基線=519 ZCR=0.090 stdK=3.0 stdCF=0.9 CV_pk=0.47 SNR=14.0 | fK=10.1±2.2 fCF=5.5±0.5 fSC=1009±63 fFlat=0.211±0.011 fHF=0.001±0.000 Att=5.3±1.7ms [信心=80 峰=30 靜=25 噪=30 律=5 底=-10(202) ZCR=0(0.09)]
[main][22:43:53.307] ⏳ 預熱 idle 計時器啟動，10 分鐘後關閉麥克風
[recorder][stop] 錄音太短 (0.78s)，略過
[tap][dim]   [22:43:53.328] 持續=27ms 峰值=535 ✗弱
[tap][dim]   [22:43:53.392] 持續=27ms 峰值=404 ✗弱
[tap][dim]   [22:43:55.758] 持續=90ms 峰值=338 ✗弱
[tap][dim]   [22:43:55.885] 持續=55ms 峰值=311 ✗弱
[tap][dim]   [22:43:56.424] 持續=54ms 峰值=462 ✗弱
[tap][sample][22:43:57.424] 持續=36ms 峰值=1811 ✓ K=16.6 CF=6.8 SC=931Hz Att=0.2ms | fK=35.7 fCF=9.5 fSC=928Hz fFlat=0.120 fHF=0.000 🎯 敲擊 #1
[tap][dim]   [22:43:57.487] 持續=27ms 峰值=317 ✗弱
[tap][sample][22:43:57.712] 持續=27ms 峰值=654 ✓ K=5.1 CF=4.0 SC=1098Hz Att=1.8ms | fK=11.5 fCF=5.5 fSC=1191Hz fFlat=0.270 fHF=0.002 🎯 敲擊 #2
[tap][sample][22:43:57.911] 持續=72ms 峰值=3864 ✓ K=60.9 CF=11.7 SC=2373Hz Att=4.6ms | fK=92.8 fCF=14.3 fSC=2374Hz fFlat=0.636 fHF=0.035 ⏱️ 防抖略過（距上次 154ms < 180ms）
[tap]        [22:46:47.764] 💤 敲麥監聽已停止
[recorder][22:46:47] 💤 預熱 stream 已關閉
[0m