[main]          [09:20:17.154] LOG -> D:\Cursor\AI Whisper Next\logs\ai_whisper_20260618_092017_UA_azrae24.current.log
[settings]      [09:20:17.178] config loaded from D:\Cursor\AI Whisper Next\config.json
[main]          [09:20:17.595] ✅ 快捷鍵 ctrl+f11（句號）、ctrl+f12（逗號）已註冊
[main]          [09:20:17.600] ✅ 主快捷鍵 2/2 已註冊 (Win32)
[main]          [09:20:17.602] ✅ 記憶快捷鍵 5/5 已註冊 (Win32)
[tap]           [09:20:17.654] 🎙️ 敲麥監聽已啟動
[main]          [09:20:17.655] 🔧 DIAG 關閉元件: (none)
[debug]         [09:20:17.922] 🔍 Debug server listening on 127.0.0.1:47643
[recorder][VAD] [09:20:18.842] 載入 Silero VAD 模型 (ONNX): D:\Cursor\AI Whisper Next\assets\silero_vad.onnx
[recorder][VAD] [09:20:19.140] Silero VAD 模型載入完成 (ONNX)
[tap][sample]   [09:20:20.998] 持續=130ms 峰值=1329 ✗長 K=0.5 CF=3.5 SC=590Hz Att=22.1ms | fK=1.0 fCF=3.8 fSC=591Hz fFlat=0.144 fHF=0.000
[tap][dim]      [09:20:21.793] 持續=40ms 峰值=327 ✗弱
[transcriber]   [09:20:23.503] 🔌 HTTP 連線預熱完成 (5.85s)
[tap][dim]      [09:20:23.872] 持續=70ms 峰值=424 ✗弱
[tap][dim]      [09:20:24.191] 持續=40ms 峰值=316 ✗弱
[tap][sample]   [09:20:29.792] 持續=100ms 峰值=1679 ✓ K=2.2 CF=4.3 SC=1717Hz Att=27.6ms | fK=3.0 fCF=4.8 fSC=1694Hz fFlat=0.447 fHF=0.010 🎯 敲擊 #1
[tap][dim]      [09:20:29.852] 持續=60ms 峰值=587 ✗弱
[tap][dim]      [09:20:33.693] 持續=30ms 峰值=378 ✗弱
[tap][dim]      [09:20:38.202] 持續=30ms 峰值=380 ✗弱
[tap][dim]      [09:20:38.272] 持續=39ms 峰值=571 ✗弱
[tap]           [09:20:38.302] ⏱️ 間隔過長重置（8580ms）
[tap][sample]   [09:20:38.302] 持續=30ms 峰值=658 ✓ K=-0.8 CF=2.3 SC=1881Hz Att=2.6ms | fK=-0.2 fCF=2.6 fSC=1788Hz fFlat=0.401 fHF=0.017 🎯 敲擊 #1
[tap][dim]      [09:20:38.362] 持續=60ms 峰值=464 ✗弱
[tap]           [09:20:44.031] ⏱️ 間隔過長重置（5690ms）
[tap][sample]   [09:20:44.031] 持續=70ms 峰值=1195 ✓ K=2.8 CF=4.4 SC=954Hz Att=22.4ms | fK=3.8 fCF=5.1 fSC=900Hz fFlat=0.203 fHF=0.001 🎯 敲擊 #1
[tap][dim]      [09:20:44.061] 持續=30ms 峰值=548 ✗弱
[tap][dim]      [09:20:44.192] 持續=100ms 峰值=463 ✗弱
[tap][dim]      [09:20:57.591] 持續=30ms 峰值=397 ✗弱
[tap]           [09:20:57.662] ⏱️ 間隔過長重置（13630ms）
[tap][sample]   [09:20:57.662] 持續=70ms 峰值=974 ✓ K=-0.4 CF=2.5 SC=486Hz Att=8.1ms | fK=-0.1 fCF=2.9 fSC=650Hz fFlat=0.154 fHF=0.000 🎯 敲擊 #1
[tap][dim]      [09:20:57.722] 持續=60ms 峰值=550 ✗弱
[tap][dim]      [09:21:13.182] 持續=70ms 峰值=347 ✗弱
[tap][dim]      [09:21:18.142] 持續=30ms 峰值=307 ✗弱
[tap][dim]      [09:21:19.992] 持續=30ms 峰值=453 ✗弱
[tap][sample]   [09:21:20.121] 持續=130ms 峰值=1392 ✗長 K=0.3 CF=3.3 SC=868Hz Att=10.0ms | fK=0.7 fCF=3.6 fSC=765Hz fFlat=0.225 fHF=0.000
[tap][dim]      [09:21:20.151] 持續=30ms 峰值=539 ✗弱
[tap][dim]      [09:21:20.221] 持續=30ms 峰值=500 ✗弱
[tap]           [09:21:24.471] ⏱️ 間隔過長重置（26820ms）
[tap][sample]   [09:21:24.471] 持續=60ms 峰值=615 ✓ K=0.6 CF=3.5 SC=1027Hz Att=18.6ms | fK=1.0 fCF=4.0 fSC=1386Hz fFlat=0.325 fHF=0.006 🎯 敲擊 #1
[tap][dim]      [09:21:24.511] 持續=40ms 峰值=372 ✗弱
[tap][dim]      [09:21:30.681] 持續=60ms 峰值=598 ✗弱
[tap][sample]   [09:21:35.990] 持續=120ms 峰值=1387 ✗長 K=0.8 CF=3.3 SC=540Hz Att=12.9ms | fK=1.2 fCF=3.6 fSC=495Hz fFlat=0.107 fHF=0.000
[tap][dim]      [09:21:36.062] 持續=70ms 峰值=576 ✗弱
[main]          [09:21:40.753] ⌨️ 主快捷鍵觸發（Win32/逗號），keys=async_down=Ctrl,RCtrl; logical_down=Ctrl,RCtrl
[main]          [09:21:40.754] ⌨️ after(0) 執行延遲 0.7ms
[tap]           [09:21:40.782] 💤 敲麥監聽已停止
[recorder]      [09:21:40.820] ⏱️ InputStream() 38.4ms
[recorder]      [09:21:40.821] ⏱️ stream.start() 0.6ms
[recorder]      [09:21:40.821] 🎙️ 錄音就緒，總初始化 39.1ms
[main]          [09:21:40.821] ⏱️ recorder.start() 耗時 39.5ms，ok=True
[tap]           [09:21:40.836] 🎙️ 敲麥監聽已啟動
[main]          [09:21:40.843] 🎙️ 開始錄音
[recorder]      [09:21:40.869] 🎤 第一包音訊到達，麥克風實際開啟延遲 48.4ms
[main]          [09:21:41.407] ⌨️ 主快捷鍵觸發（Win32/逗號），keys=async_down=Ctrl,RCtrl; logical_down=Ctrl,RCtrl
[main]          [09:21:41.408] ⌨️ after(0) 執行延遲 2.2ms
[main]          [09:21:41.411] ⏳ 預熱 idle 計時器啟動，10 分鐘後關閉麥克風
[recorder][stop][09:21:41.411] 錄音太短 (0.58s)，略過
[main]          [09:21:42.778] ⌨️ 主快捷鍵觸發（Win32/逗號），keys=async_down=Ctrl,RCtrl; logical_down=Ctrl,RCtrl
[main]          [09:21:42.778] ⌨️ after(0) 執行延遲 0.4ms
[tap]           [09:21:42.798] 💤 敲麥監聽已停止
[recorder]      [09:21:42.801] 🚀 預熱命中，直接開始錄音
[main]          [09:21:42.801] ⏱️ recorder.start() 耗時 0.2ms，ok=True
[tap]           [09:21:42.813] 🎙️ 敲麥監聽已啟動
[main]          [09:21:42.817] 🎙️ 開始錄音
[main]          [09:21:42.905] ⌨️ 主快捷鍵觸發（Win32/逗號），keys=async_down=Ctrl,RCtrl; logical_down=Ctrl,RCtrl
[main]          [09:21:42.905] ⌨️ after(0) 執行延遲 0.4ms[main]          [09:21:42.905] ⏳ 預熱 idle 計時器啟動，10 分鐘後關閉麥克風

[recorder][stop][09:21:42.907] 錄音太短 (0.10s)，略過
[main]          [09:21:43.057] ⌨️ 主快捷鍵觸發（Win32/逗號），keys=async_down=Ctrl,RCtrl; logical_down=Ctrl,RCtrl
[main]          [09:21:43.057] ⌨️ after(0) 執行延遲 0.7ms
[tap]           [09:21:43.078] 💤 敲麥監聽已停止
[recorder]      [09:21:43.081] 🚀 預熱命中，直接開始錄音
[main]          [09:21:43.081] ⏱️ recorder.start() 耗時 0.2ms，ok=True
[tap]           [09:21:43.093] 🎙️ 敲麥監聽已啟動
[main]          [09:21:43.099] 🎙️ 開始錄音
[main]          [09:21:43.250] ⌨️ 主快捷鍵觸發（Win32/逗號），keys=async_down=Ctrl,RCtrl; logical_down=Ctrl,RCtrl
[main]          [09:21:43.250] ⌨️ after(0) 執行延遲 0.4ms
[main]          [09:21:43.250] 🔄 偵測到連按 4 下，觸發重啟
[tap]           [09:21:43.301] 💤 敲麥監聽已停止
[recorder]      [09:21:43.351] 💤 預熱 stream 已關閉
