[main] LOG -> F:\Cursor\AI Whisper Next\ai_whisper_20260517_032518.log
[settings] config loaded from F:\Cursor\AI Whisper Next\config.json
[main][03:25:18.441] ✅ 快捷鍵 ctrl+f12（句號）、ctrl+f11（逗號）已註冊
[input][03:25:18.441] ✅ Ctrl狀態防護已啟動
[main][03:25:18.441] ✅ 記憶快捷鍵 5/5 已註冊 (Win32)
[tap]        [03:25:18.461] 🎙️ 敲麥監聽已啟動（device=1 耳機 (DJI Mic Mini-E2C662 Hands-F）
[recorder][VAD] 載入 Silero VAD 模型...
Using cache found in C:\Users\Administrator/.cache\torch\hub\snakers4_silero-vad_master
[recorder][VAD] Silero VAD 模型載入完成
[tap][sample][03:25:24.277] 持續=36ms 峰值=4538 ✓ 🎯 敲擊 #1
[tap][dim]   [03:25:24.331] 持續=54ms 峰值=590 ✗弱
[tap][sample][03:25:24.368] 持續=36ms 峰值=674 ✓ ⏱️ 防抖略過（距上次 90ms < 180ms）
[tap][sample][03:25:24.593] 持續=135ms 峰值=10510 ✓ 🎯 敲擊 #2
[tap][sample][03:25:24.782] 持續=135ms 峰值=8805 ✓ 🎯 敲擊 #3
[tap]        [03:25:24.782] 🔔 三連敲觸發（間隔 216ms / 189ms，一致性 0.88）
[tap]        [03:25:24.863] 💤 敲麥監聽已停止
[recorder][03:25:24] ⏱️ InputStream() 10.3ms
[recorder][03:25:24] ⏱️ stream.start() 0.3ms
[recorder][03:25:24] 🎙️ 錄音就緒，總初始化 10.6ms
[main][03:25:24.875] ⏱️ recorder.start() 耗時 10.9ms，ok=True
[tap]        [03:25:25.409] 🎙️ 敲麥監聽已啟動（device=1 耳機 (DJI Mic Mini-E2C662 Hands-F）
[main][03:25:25.417] 🎙️ 開始錄音
[recorder][03:25:25] 🎤 第一包音訊到達，麥克風實際開啟延遲 752.7ms
[tap][sample][03:25:26.311] 持續=72ms 峰值=5871 ✓ 🎯 敲擊 #1
[tap][sample][03:25:26.374] 持續=36ms 峰值=663 ✓ ⏱️ 防抖略過（距上次 99ms < 180ms）
[tap][dim]   [03:25:26.401] 持續=27ms 峰值=511 ✗弱
[tap][sample][03:25:26.599] 持續=99ms 峰值=9303 ✓ 🎯 敲擊 #2
[tap][dim]   [03:25:26.627] 持續=27ms 峰值=543 ✗弱
[tap][sample][03:25:26.824] 持續=108ms 峰值=11863 ✓ 🎯 敲擊 #3
[tap]        [03:25:26.824] 🔔 三連敲觸發（間隔 261ms / 216ms，一致性 0.83）
[main][03:25:26.826] ⏳ 預熱 idle 計時器啟動，10 分鐘後關閉麥克風
[recorder][VAD] Silero 語音幀 0/37 (0.0%)，有效語音 0.00s，信心閾值 0.6，最低比例 16%，最低語音 0.35s
[recorder][stop] ❌ VAD 未達有效語音門檻，不送出辨識（語音比例不足 0.0% < 16%）
[tap][sample][03:25:28.678] 持續=72ms 峰值=8022 ✓ 🎯 敲擊 #1
[tap][sample][03:25:28.769] 持續=54ms 峰值=1031 ✓ ⏱️ 防抖略過（距上次 108ms < 180ms）
[tap][sample][03:25:28.993] 持續=126ms 峰值=10501 ✓ 🎯 敲擊 #2
[tap][sample][03:25:29.191] 持續=72ms 峰值=10009 ✓ 🎯 敲擊 #3
[tap]        [03:25:29.191] 🔔 三連敲觸發（間隔 261ms / 252ms，一致性 0.97）
[tap]        [03:25:29.228] 💤 敲麥監聽已停止
[recorder][03:25:29] 🚀 預熱命中，直接開始錄音
[main][03:25:29.229] ⏱️ recorder.start() 耗時 0.5ms，ok=True
[tap]        [03:25:29.232] 🎙️ 敲麥監聽已啟動（device=1 耳機 (DJI Mic Mini-E2C662 Hands-F）
[main][03:25:29.238] 🎙️ 開始錄音
[recorder][VAD] Silero 語音幀 0/31 (0.0%)，有效語音 0.00s，信心閾值 0.6，最低比例 16%，最低語音 0.35s
[recorder][flush] ❌ VAD 未達有效語音門檻，略過（語音比例不足 0.0% < 16%）
[tap][sample][03:25:30.802] 持續=153ms 峰值=10660 ✓ 🎯 敲擊 #1
[tap][sample][03:25:31.000] 持續=89ms 峰值=11962 ✓ 🎯 敲擊 #2
[tap][sample][03:25:31.199] 持續=99ms 峰值=13059 ✓ 🎯 敲擊 #3
[tap]        [03:25:31.199] 🔔 三連敲觸發（間隔 262ms / 188ms，一致性 0.72）
[main][03:25:31.201] ⏳ 預熱 idle 計時器啟動，10 分鐘後關閉麥克風
[recorder][VAD] Silero 語音幀 0/30 (0.0%)，有效語音 0.00s，信心閾值 0.6，最低比例 16%，最低語音 0.35s
[recorder][stop] ❌ VAD 未達有效語音門檻，不送出辨識（語音比例不足 0.0% < 16%）
[tap][sample][03:25:34.555] 持續=72ms 峰值=1385 ✓ 🎯 敲擊 #1
[tap][dim]   [03:25:34.808] 持續=27ms 峰值=467 ✗弱
[tap][sample][03:25:34.844] 持續=37ms 峰值=4955 ✓ 🎯 敲擊 #2
[tap]        [03:25:35.278] ⚠️ stream 意外終止（存活 6.0s），1s 後重試
[main][03:25:35.278] 🔄 敲麥 stream 重置，同步關閉預熱錄音 stream（stream finished unexpectedly）
[recorder][03:25:35] 💤 預熱 stream 已關閉
[tap]        [03:25:36.328] 🎙️ 敲麥監聽已啟動（device=1 耳機 (DJI Mic Mini-E2C662 Hands-F）
[tap]        [03:27:31.992] 💤 敲麥監聽已停止
[recorder][03:27:31] 💤 預熱 stream 已關閉
[0m