[main]          [20:18:29.396] LOG -> F:\Cursor\AI Whisper Next\logs\ai_whisper_20260607_201829_P8-32.current.log
[settings]      [20:18:29.396] config loaded from F:\Cursor\AI Whisper Next\config.json
[main]          [20:18:29.522] ✅ 快捷鍵 ctrl+f11（句號）、ctrl+f12（逗號）已註冊
[main]          [20:18:29.523] ✅ 主快捷鍵 2/2 已註冊 (Win32)
[main]          [20:18:29.524] ✅ 記憶快捷鍵 5/5 已註冊 (Win32)
[tap]           [20:18:29.539] 🎙️ 敲麥監聽已啟動
[main]          [20:18:29.539] 🔧 DIAG 關閉元件: (none)
[debug]         [20:18:29.548] 🔍 Debug server listening on 127.0.0.1:47643
[recorder][VAD] [20:18:29.744] 載入 Silero VAD 模型 (ONNX): F:\Cursor\AI Whisper Next\assets\silero_vad.onnx
[recorder][VAD] [20:18:29.873] Silero VAD 模型載入完成 (ONNX)
[transcriber]   [20:18:31.201] 🔌 HTTP 連線預熱完成 (1.66s)
[test] ========================================
[test] Paste Test START
[paster]        [20:18:37.892] 📋 CLIP backup: count=4, formats=13:40B, 16:4B, 1:39B, 7:39B, text='可能回去那家上次覺得不錯的義大利麵店。'
[paster]        [20:18:37.894] 📋 CLIP set attempt 1/4: chars=26, bytes=54, preview='AI_WHISPER_TEST_1780834717'
[paster]        [20:18:37.955] 📋 CLIP verify ok: attempt=1, chars=26, text='AI_WHISPER_TEST_1780'
[paster]        [20:18:37.967] 📋 CLIP backup: count=4, formats=13:54B, 16:4B, 1:27B, 7:27B, text='AI_WHISPER_TEST_1780'
[paster]        [20:18:37.968] 📋 CLIP set attempt 1/4: chars=16, bytes=34, preview='__RESTORE_TEST__'
[paster]        [20:18:38.029] 📋 CLIP verify ok: attempt=1, chars=16, text='__RESTORE_TEST__'
[paster]        [20:18:38.029] 📋 CLIP restore attempt 1/4: text='AI_WHISPER_TEST_1780'
[paster]        [20:18:38.030] 📋 CLIP restore: restored=4/4, formats=13:54B, 16:4B, 1:27B, 7:27B, text='AI_WHISPER_TEST_1780'
[paster]        [20:18:38.151] 📋 CLIP restore verify ok: attempt=1, text='AI_WHISPER_TEST_1780'
[paster]        [20:18:38.207] 📏 [UIA] 文字為空 → 不加句號
[paster]        [20:18:38.217] 🎯 PASTE: at_end=False, last_punct=False, add_prefix=False, prefix='', uia=42ms, final='TEST_PASTE'
[paster]        [20:18:38.221] ⌨️ TEXT input flow start: target_chars=10，視窗="也沒人告訴我戒煙能變帥這麼多啊【卓叔增重】 - YouTube - Google Chrome"，hwnd=0x00052364，process=chrome.exe，class=Chrome_WidgetWin_1，focus=('YouTube 影片播放器', 'html5-video-player ytp-transparent ytp-exp-bottom-control-flexbox ytp-modern-caption ytp-exp-ppp-update ytp-livebadge-color ytp-grid-scrollable ytp-cards-teaser-dismissible ytp-hide-info-bar ytp-disable-bottom-gradient ytp-delhi-modern ytp-delhi-modern-icons ytp-delhi-horizontal-volume-controls ytp-delhi-modern-compact-controls ytp-autonav-endscreen-cancelled-state ytp-fit-cover-video ytp-heat-map ytp-large-width-mode ytp-fine-scrubbing-exp ytp-hide-fullscreen-title ytp-fullscreen-metadata-top ytp-branding-shown ytp-iv-drawer-enabled playing-mode', 'movie_player', 'GroupControl')，verify_readable=False，keys_before=async_down=none; logical_down=none，text='TEST_PASTE'
[paster]        [20:18:38.223] ⌨️ 直接輸入前釋放修飾鍵: released=none，keys_after_release=async_down=none; logical_down=none
[paster]        [20:18:38.234] ⌨️ TEXT input done: ok=True，keys_after_send=async_down=none; logical_down=none
[paster]        [20:18:38.318] ⌨️ TEXT input verify: ok=True，reason=unreadable
[test] Result: 28/28 passed
[test] Paste Test END ALL PASSED
[test] ========================================
[main]          [20:19:43.838] ⌨️ 主快捷鍵觸發（Win32/逗號），keys=async_down=Ctrl,RCtrl; logical_down=Ctrl,RCtrl
[main]          [20:19:43.839] ⌨️ after(0) 執行延遲 1.4ms
[tap]           [20:19:43.919] 💤 敲麥監聽已停止
[recorder]      [20:19:43.934] ⏱️ InputStream() 13.5ms
[recorder]      [20:19:43.934] ⏱️ stream.start() 0.4ms
[recorder]      [20:19:43.934] 🎙️ 錄音就緒，總初始化 13.9ms
[main]          [20:19:43.935] ⏱️ recorder.start() 耗時 14.7ms，ok=True
[tap]           [20:19:44.469] 🎙️ 敲麥監聽已啟動
[main]          [20:19:44.480] 🎙️ 開始錄音
[recorder]      [20:19:44.681] 🎤 第一包音訊到達，麥克風實際開啟延遲 747.9ms
[tap][sample]   [20:19:45.455] 持續=189ms 峰值=9430 ✗長 K=2.3 CF=4.6 SC=973Hz Att=65.5ms | fK=3.2 fCF=4.9 fSC=976Hz fFlat=0.185 fHF=0.002
[tap][sample]   [20:19:46.355] 持續=864ms 峰值=9926 ✗長 K=3.5 CF=5.5 SC=2524Hz Att=307.5ms | fK=3.7 fCF=5.6 fSC=2524Hz fFlat=0.587 fHF=0.051
[tap][sample]   [20:19:46.706] 持續=315ms 峰值=6301 ✗長 K=4.2 CF=7.3 SC=4140Hz Att=41.9ms | fK=4.9 fCF=7.7 fSC=4145Hz fFlat=0.621 fHF=0.500
[tap][sample]   [20:19:47.417] 持續=450ms 峰值=8811 ✗長 K=1.1 CF=4.4 SC=2444Hz Att=103.8ms | fK=1.4 fCF=4.6 fSC=2449Hz fFlat=0.515 fHF=0.039
[tap][dim]      [20:19:47.444] 持續=27ms 峰值=516 ✗弱
[tap][sample]   [20:19:47.956] 持續=513ms 峰值=9257 ✗長 K=4.1 CF=5.7 SC=1784Hz Att=0.1ms | fK=4.5 fCF=5.9 fSC=1778Hz fFlat=0.430 fHF=0.014
[tap][dim]      [20:19:47.983] 持續=27ms 峰值=592 ✗弱
[tap][sample]   [20:19:48.281] 持續=225ms 峰值=2639 ✗長 K=2.0 CF=5.8 SC=3444Hz Att=0.1ms | fK=2.7 fCF=6.2 fSC=3433Hz fFlat=0.596 fHF=0.305
[tap][dim]      [20:19:48.308] 持續=27ms 峰值=384 ✗弱
[tap][sample]   [20:19:48.731] 持續=423ms 峰值=5572 ✗長 K=2.1 CF=5.0 SC=3623Hz Att=101.2ms | fK=2.4 fCF=5.2 fSC=3627Hz fFlat=0.608 fHF=0.343
[tap][dim]      [20:19:48.758] 持續=27ms 峰值=329 ✗弱
[tap][sample]   [20:19:49.208] 持續=261ms 峰值=7730 ✗長 K=4.7 CF=6.1 SC=1440Hz Att=0.0ms | fK=5.6 fCF=6.4 fSC=1446Hz fFlat=0.290 fHF=0.006
[tap][dim]      [20:19:49.424] 持續=27ms 峰值=569 ✗弱
[tap][dim]      [20:19:49.523] 持續=27ms 峰值=309 ✗弱
[tap][sample]   [20:19:50.090] 持續=567ms 峰值=7973 ✗長 K=6.1 CF=6.0 SC=1580Hz Att=348.3ms | fK=6.6 fCF=6.2 fSC=1586Hz fFlat=0.403 fHF=0.009
[tap][dim]      [20:19:50.135] 持續=45ms 峰值=303 ✗弱
[tap][sample]   [20:19:50.891] 持續=666ms 峰值=10236 ✗長 K=8.1 CF=7.7 SC=1346Hz Att=0.1ms | fK=8.6 fCF=7.9 fSC=1343Hz fFlat=0.304 fHF=0.004
[tap][sample]   [20:19:51.529] 持續=432ms 峰值=8288 ✗長 K=7.6 CF=6.6 SC=1007Hz Att=32.0ms | fK=8.3 fCF=6.8 fSC=1005Hz fFlat=0.192 fHF=0.001
[tap][dim]      [20:19:51.610] 持續=81ms 峰值=468 ✗弱
[tap][sample]   [20:19:51.666] 持續=54ms 峰值=691 ✓ K=-1.1 CF=2.1 SC=707Hz Att=5.9ms | fK=-0.5 fCF=2.5 fSC=767Hz fFlat=0.179 fHF=0.000 🎯 敲擊 #1
[tap][sample]   [20:19:52.628] 持續=477ms 峰值=9138 ✗長 K=6.3 CF=6.9 SC=1114Hz Att=0.1ms | fK=6.9 fCF=7.1 fSC=1114Hz fFlat=0.207 fHF=0.002
[tap][sample]   [20:19:53.717] 持續=450ms 峰值=10576 ✗長 K=5.2 CF=6.4 SC=1707Hz Att=202.2ms | fK=5.8 fCF=6.6 fSC=1708Hz fFlat=0.412 fHF=0.014
[tap][dim]      [20:19:53.906] 持續=36ms 峰值=541 ✗弱
[tap][sample]   [20:19:54.733] 持續=828ms 峰值=8550 ✗長 K=2.4 CF=5.9 SC=2115Hz Att=115.2ms | fK=2.6 fCF=6.0 fSC=2115Hz fFlat=0.531 fHF=0.035
[tap][sample]   [20:19:54.968] 持續=162ms 峰值=6773 ✗長 K=4.6 CF=6.7 SC=1198Hz Att=0.1ms | fK=6.1 fCF=7.3 fSC=1199Hz fFlat=0.260 fHF=0.002
[tap][dim]      [20:19:54.995] 持續=27ms 峰值=518 ✗弱
[tap][sample]   [20:19:55.211] 持續=216ms 峰值=4953 ✗長 K=9.9 CF=6.6 SC=1093Hz Att=124.1ms | fK=11.8 fCF=7.0 fSC=1094Hz fFlat=0.210 fHF=0.002
[tap][sample]   [20:19:55.570] 持續=315ms 峰值=6932 ✗長 K=5.5 CF=8.0 SC=1234Hz Att=0.1ms | fK=6.3 fCF=8.4 fSC=1246Hz fFlat=0.272 fHF=0.003
[tap][dim]      [20:19:55.607] 持續=36ms 峰值=561 ✗弱
[tap][sample]   [20:19:55.732] 持續=126ms 峰值=3550 ✗長 K=5.5 CF=6.4 SC=779Hz Att=87.3ms | fK=7.5 fCF=7.2 fSC=783Hz fFlat=0.144 fHF=0.001
[tap][sample]   [20:19:56.381] 持續=621ms 峰值=8081 ✗長 K=11.9 CF=8.7 SC=1866Hz Att=477.2ms | fK=12.6 fCF=8.9 fSC=1868Hz fFlat=0.453 fHF=0.021
[tap][dim]      [20:19:56.417] 持續=36ms 峰值=467 ✗弱
[tap][sample]   [20:19:56.444] 持續=28ms 峰值=776 ✓ K=-0.5 CF=2.5 SC=1272Hz Att=0.1ms | fK=0.1 fCF=3.1 fSC=1300Hz fFlat=0.350 fHF=0.003 🎯 敲擊 #1
[tap][dim]      [20:19:56.471] 持續=27ms 峰值=451 ✗弱
[tap][sample]   [20:19:57.020] 持續=477ms 峰值=9080 ✗長 K=11.8 CF=7.8 SC=1038Hz Att=0.1ms | fK=12.8 fCF=8.0 fSC=1043Hz fFlat=0.193 fHF=0.001
[recorder][VAD] [20:19:58.093] ✅ Silero 11/419 (32.4%), 0.35s speech
[recorder][flush][20:19:58.094] ✅ 取出 13.4s 音訊段落
[main]          [20:19:58.095] ✂️ 自動分段送出（靜音達1s，累積 13.4s，靜音 1.1s）
[paster]        [20:19:59.241] ⚠️ [UIA] 無 TextPattern
[paster]        [20:19:59.242] 🔮 預取游標位置: at_end=False, last_punct=False (delay=1.14s, est_api=1.59s)
[transcriber]   [20:19:59.725] ⏱️ API 耗時: 1.63s
[main]          [20:19:59.728] ✅ 分段辨識完成: "我再確認一次，這些做完全都不影響功能，對嗎？各種防禦手段也都沒有被影響，對嗎？"
[paster]        [20:20:00.462] 🎯 PASTE: at_end=False, last_punct=False, add_prefix=False (prefetched), prefix='，', final='我再確認一次，這些做完全都不影響功能，對嗎？各種防禦手段也都沒有被影響，對嗎？'
[paster]        [20:20:00.535] ⌨️ TEXT input flow start: target_chars=39，視窗="Analyzing Performance Bottlenecks"，hwnd=0x015c200c，process=antigravity.exe，class=Chrome_WidgetWin_1，focus=('Message input', 'max-h-[300px] rounded-md cursor-text overflow-y-auto text-md p-2 outline-none transition-all duration-100 text-sm', '', 'ComboBoxControl')，verify_readable=True，keys_before=async_down=none; logical_down=none，text='我再確認一次，這些做完全都不影響功能，對嗎？各種防禦手段也都沒有被影響，對嗎？'
[paster]        [20:20:00.537] ⌨️ 直接輸入前釋放修飾鍵: released=none，keys_after_release=async_down=none; logical_down=none
[paster]        [20:20:00.565] ⌨️ TEXT input done: ok=True，keys_after_send=async_down=none; logical_down=none
[paster]        [20:20:00.567] ⏱️ 收到→直接輸入完成: 0.84s
[paster]        [20:20:00.650] ⌨️ TEXT input verify: ok=True，reason=changed
[tap][sample]   [20:23:34.217] 持續=594ms 峰值=12199 ✗長 K=0.1 CF=3.5 SC=1642Hz Att=2.2ms | fK=0.2 fCF=3.6 fSC=1635Hz fFlat=0.384 fHF=0.012
[tap][sample]   [20:23:34.505] 持續=252ms 峰值=6571 ✗長 K=6.9 CF=7.4 SC=2333Hz Att=0.2ms | fK=8.1 fCF=7.9 fSC=2338Hz fFlat=0.547 fHF=0.072
[tap][sample]   [20:23:34.703] 持續=171ms 峰值=4085 ✗長 K=14.4 CF=9.8 SC=1619Hz Att=0.2ms | fK=17.8 fCF=10.8 fSC=1620Hz fFlat=0.349 fHF=0.016
[recorder][VAD] [20:23:35.842] ✅ Silero 11/101 (22.4%), 0.35s speech
[recorder][flush][20:23:35.843] ✅ 取出 3.2s 音訊段落
[main]          [20:23:35.844] ✂️ 自動分段送出（靜音達1s，累積 3.2s，靜音 1.1s）
[paster]        [20:23:35.969] ⚠️ [UIA] 無 TextPattern
[paster]        [20:23:35.970] 🔮 預取游標位置: at_end=False, last_punct=False (delay=0.12s, est_api=0.57s)
[transcriber]   [20:23:37.240] ⏱️ API 耗時: 1.40s
[main]          [20:23:37.241] ✅ 分段辨識完成: "住要怎麼改？"
[paster]        [20:23:37.273] 🎯 PASTE: at_end=False, last_punct=False, add_prefix=False (prefetched), prefix='，', final='住要怎麼改？'
[paster]        [20:23:37.278] ⌨️ TEXT input flow start: target_chars=6，視窗="Analyzing Performance Bottlenecks"，hwnd=0x015c200c，process=antigravity.exe，class=Chrome_WidgetWin_1，focus=('Message input', 'max-h-[300px] rounded-md cursor-text overflow-y-auto text-md p-2 outline-none transition-all duration-100 text-sm', '', 'ComboBoxControl')，verify_readable=True，keys_before=async_down=none; logical_down=none，text='住要怎麼改？'
[paster]        [20:23:37.279] ⌨️ 直接輸入前釋放修飾鍵: released=none，keys_after_release=async_down=none; logical_down=none
[paster]        [20:23:37.283] ⌨️ TEXT input done: ok=True，keys_after_send=async_down=none; logical_down=none
[paster]        [20:23:37.285] ⏱️ 收到→直接輸入完成: 0.04s
[paster]        [20:23:37.369] ⌨️ TEXT input verify: ok=True，reason=changed
[tap][dim]      [20:24:31.484] 持續=63ms 峰值=334 ✗弱
[tap][sample]   [20:24:53.957] 持續=36ms 峰值=806 ✓ K=0.5 CF=2.9 SC=989Hz Att=26.7ms | fK=1.2 fCF=3.6 fSC=878Hz fFlat=0.259 fHF=0.001 🎯 敲擊 #1
[tap][dim]      [20:24:54.020] 持續=63ms 峰值=478 ✗弱
[tap][dim]      [20:24:54.497] 持續=27ms 峰值=316 ✗弱
[tap][dim]      [20:25:10.454] 持續=73ms 峰值=328 ✗弱
[tap]           [20:26:11.554] 💤 敲麥監聽已停止
[recorder]      [20:26:11.619] 💤 預熱 stream 已關閉
