[main] LOG -> F:\Cursor\AI Whisper Next\logs\ai_whisper_20260519_012208.current.log
[settings] config loaded from F:\Cursor\AI Whisper Next\config.json
[main][01:22:08.779] ✅ 快捷鍵 ctrl+f11（句號）、ctrl+f12（逗號）已註冊
[main][01:22:08.779] ✅ 主快捷鍵 2/2 已註冊 (Win32)
[main][01:22:08.779] ✅ 記憶快捷鍵 5/5 已註冊 (Win32)
[tap]        [01:22:08.795] 🎙️ 敲麥監聽已啟動
[transcriber][01:22:10.545] 🔌 HTTP 連線預熱完成 (1.75s)
[recorder][VAD] 載入 Silero VAD 模型...
[main][01:22:11.117] ⌨️ 主快捷鍵觸發（Win32/逗號），keys=async_down=Ctrl,RCtrl; logical_down=Ctrl,RCtrl
[main][01:22:11.118] ⌨️ after(0) 執行延遲 0.7ms
[tap]        [01:22:11.189] 💤 敲麥監聽已停止
[recorder][01:22:11] ⏱️ InputStream() 17.1ms
[recorder][01:22:11] ⏱️ stream.start() 0.3ms
[recorder][01:22:11] 🎙️ 錄音就緒，總初始化 17.5ms
[main][01:22:11.208] ⏱️ recorder.start() 耗時 17.7ms，ok=True
Using cache found in C:\Users\Administrator/.cache\torch\hub\snakers4_silero-vad_master
[recorder][VAD] Silero VAD 模型載入完成
[tap]        [01:22:11.742] 🎙️ 敲麥監聽已啟動
[main][01:22:11.747] 🎙️ 開始錄音
[recorder][01:22:11] 🎤 第一包音訊到達，麥克風實際開啟延遲 752.5ms
[recorder][VAD] Silero 語音幀 0/31 (0.0%)，有效語音 0.00s，信心閾值 0.6，最低比例 16%，最低語音 0.35s
[recorder][flush] ❌ VAD 未達有效語音門檻，略過（語音比例不足 0.0% < 16%）
[recorder][VAD] Silero 語音幀 0/37 (0.0%)，有效語音 0.00s，信心閾值 0.6，最低比例 16%，最低語音 0.35s
[recorder][flush] ❌ VAD 未達有效語音門檻，略過（語音比例不足 0.0% < 16%）
[recorder][VAD] Silero 語音幀 0/38 (0.0%)，有效語音 0.00s，信心閾值 0.6，最低比例 16%，最低語音 0.35s
[recorder][flush] ❌ VAD 未達有效語音門檻，略過（語音比例不足 0.0% < 16%）
[recorder][VAD] Silero 語音幀 0/39 (0.0%)，有效語音 0.00s，信心閾值 0.6，最低比例 16%，最低語音 0.35s
[recorder][flush] ❌ VAD 未達有效語音門檻，略過（語音比例不足 0.0% < 16%）
[recorder][VAD] Silero 語音幀 0/36 (0.0%)，有效語音 0.00s，信心閾值 0.6，最低比例 16%，最低語音 0.35s
[recorder][flush] ❌ VAD 未達有效語音門檻，略過（語音比例不足 0.0% < 16%）
[recorder][VAD] Silero 語音幀 0/31 (0.0%)，有效語音 0.00s，信心閾值 0.6，最低比例 16%，最低語音 0.35s
[recorder][flush] ❌ VAD 未達有效語音門檻，略過（語音比例不足 0.0% < 16%）
[recorder][VAD] Silero 語音幀 0/31 (0.0%)，有效語音 0.00s，信心閾值 0.6，最低比例 16%，最低語音 0.35s
[recorder][flush] ❌ VAD 未達有效語音門檻，略過（語音比例不足 0.0% < 16%）
[recorder][VAD] Silero 語音幀 0/38 (0.0%)，有效語音 0.00s，信心閾值 0.6，最低比例 16%，最低語音 0.35s
[recorder][flush] ❌ VAD 未達有效語音門檻，略過（語音比例不足 0.0% < 16%）
[recorder][VAD] Silero 語音幀 0/31 (0.0%)，有效語音 0.00s，信心閾值 0.6，最低比例 16%，最低語音 0.35s
[recorder][flush] ❌ VAD 未達有效語音門檻，略過（語音比例不足 0.0% < 16%）
[recorder][VAD] Silero 語音幀 0/31 (0.0%)，有效語音 0.00s，信心閾值 0.6，最低比例 16%，最低語音 0.35s
[recorder][flush] ❌ VAD 未達有效語音門檻，略過（語音比例不足 0.0% < 16%）
[recorder][VAD] Silero 語音幀 0/31 (0.0%)，有效語音 0.00s，信心閾值 0.6，最低比例 16%，最低語音 0.35s
[recorder][flush] ❌ VAD 未達有效語音門檻，略過（語音比例不足 0.0% < 16%）
[recorder][VAD] Silero 語音幀 0/38 (0.0%)，有效語音 0.00s，信心閾值 0.6，最低比例 16%，最低語音 0.35s
[recorder][flush] ❌ VAD 未達有效語音門檻，略過（語音比例不足 0.0% < 16%）
[recorder][VAD] Silero 語音幀 0/32 (0.0%)，有效語音 0.00s，信心閾值 0.6，最低比例 16%，最低語音 0.35s
[recorder][flush] ❌ VAD 未達有效語音門檻，略過（語音比例不足 0.0% < 16%）
[recorder][VAD] Silero 語音幀 0/37 (0.0%)，有效語音 0.00s，信心閾值 0.6，最低比例 16%，最低語音 0.35s
[recorder][flush] ❌ VAD 未達有效語音門檻，略過（語音比例不足 0.0% < 16%）
[recorder][VAD] Silero 語音幀 0/31 (0.0%)，有效語音 0.00s，信心閾值 0.6，最低比例 16%，最低語音 0.35s
[recorder][flush] ❌ VAD 未達有效語音門檻，略過（語音比例不足 0.0% < 16%）
[recorder][VAD] Silero 語音幀 0/31 (0.0%)，有效語音 0.00s，信心閾值 0.6，最低比例 16%，最低語音 0.35s
[recorder][flush] ❌ VAD 未達有效語音門檻，略過（語音比例不足 0.0% < 16%）
[recorder][VAD] Silero 語音幀 0/38 (0.0%)，有效語音 0.00s，信心閾值 0.6，最低比例 16%，最低語音 0.35s
[recorder][flush] ❌ VAD 未達有效語音門檻，略過（語音比例不足 0.0% < 16%）
[recorder][VAD] Silero 語音幀 0/34 (0.0%)，有效語音 0.00s，信心閾值 0.6，最低比例 16%，最低語音 0.35s
[recorder][flush] ❌ VAD 未達有效語音門檻，略過（語音比例不足 0.0% < 16%）
[recorder][VAD] Silero 語音幀 0/34 (0.0%)，有效語音 0.00s，信心閾值 0.6，最低比例 16%，最低語音 0.35s
[recorder][flush] ❌ VAD 未達有效語音門檻，略過（語音比例不足 0.0% < 16%）
[recorder][VAD] Silero 語音幀 0/31 (0.0%)，有效語音 0.00s，信心閾值 0.6，最低比例 16%，最低語音 0.35s
[recorder][flush] ❌ VAD 未達有效語音門檻，略過（語音比例不足 0.0% < 16%）
[recorder][VAD] Silero 語音幀 0/31 (0.0%)，有效語音 0.00s，信心閾值 0.6，最低比例 16%，最低語音 0.35s
[recorder][flush] ❌ VAD 未達有效語音門檻，略過（語音比例不足 0.0% < 16%）
[recorder][VAD] Silero 語音幀 0/32 (0.0%)，有效語音 0.00s，信心閾值 0.6，最低比例 16%，最低語音 0.35s
[recorder][flush] ❌ VAD 未達有效語音門檻，略過（語音比例不足 0.0% < 16%）
[recorder][VAD] Silero 語音幀 0/37 (0.0%)，有效語音 0.00s，信心閾值 0.6，最低比例 16%，最低語音 0.35s
[recorder][flush] ❌ VAD 未達有效語音門檻，略過（語音比例不足 0.0% < 16%）
[recorder][VAD] Silero 語音幀 0/31 (0.0%)，有效語音 0.00s，信心閾值 0.6，最低比例 16%，最低語音 0.35s
[recorder][flush] ❌ VAD 未達有效語音門檻，略過（語音比例不足 0.0% < 16%）
[main][01:22:39.339] ⌨️ 主快捷鍵觸發（Win32/逗號），keys=async_down=Ctrl,RCtrl; logical_down=Ctrl,RCtrl
[main][01:22:39.340] ⌨️ after(0) 執行延遲 0.4ms[main][01:22:39.342] ⏳ 預熱 idle 計時器啟動，10 分鐘後關閉麥克風

[recorder][VAD] Silero 語音幀 0/30 (0.0%)，有效語音 0.00s，信心閾值 0.6，最低比例 16%，最低語音 0.35s
[recorder][stop] ❌ VAD 未達有效語音門檻，不送出辨識（語音比例不足 0.0% < 16%）
[main][01:22:40.129] ⌨️ 主快捷鍵觸發（Win32/逗號），keys=async_down=Ctrl,RCtrl; logical_down=Ctrl,RCtrl
[main][01:22:40.130] ⌨️ after(0) 執行延遲 0.4ms
[tap]        [01:22:40.176] 💤 敲麥監聽已停止
[recorder][01:22:40] 🚀 預熱命中，直接開始錄音
[main][01:22:40.176] ⏱️ recorder.start() 耗時 0.1ms，ok=True
[tap]        [01:22:40.179] 🎙️ 敲麥監聽已啟動
[main][01:22:40.183] 🎙️ 開始錄音
[recorder][VAD] Silero 語音幀 0/31 (0.0%)，有效語音 0.00s，信心閾值 0.6，最低比例 16%，最低語音 0.35s
[recorder][flush] ❌ VAD 未達有效語音門檻，略過（語音比例不足 0.0% < 16%）
[recorder][VAD] Silero 語音幀 0/31 (0.0%)，有效語音 0.00s，信心閾值 0.6，最低比例 16%，最低語音 0.35s
[recorder][flush] ❌ VAD 未達有效語音門檻，略過（語音比例不足 0.0% < 16%）
[recorder][VAD] Silero 語音幀 0/31 (0.0%)，有效語音 0.00s，信心閾值 0.6，最低比例 16%，最低語音 0.35s
[recorder][flush] ❌ VAD 未達有效語音門檻，略過（語音比例不足 0.0% < 16%）
[main][01:22:44.312] ⌨️ 主快捷鍵觸發（Win32/逗號），keys=async_down=Ctrl,RCtrl; logical_down=Ctrl,RCtrl
[main][01:22:44.312] ⌨️ after(0) 執行延遲 0.3ms[main][01:22:44.313] ⏳ 預熱 idle 計時器啟動，10 分鐘後關閉麥克風

[recorder][VAD] Silero 語音幀 0/34 (0.0%)，有效語音 0.00s，信心閾值 0.6，最低比例 16%，最低語音 0.35s
[recorder][stop] ❌ VAD 未達有效語音門檻，不送出辨識（語音比例不足 0.0% < 16%）
[main][01:22:47.785] ⌨️ 主快捷鍵觸發（Win32/逗號），keys=async_down=Ctrl,RCtrl; logical_down=Ctrl,RCtrl
[main][01:22:47.786] ⌨️ after(0) 執行延遲 0.6ms
[tap]        [01:22:47.809] 💤 敲麥監聽已停止
[recorder][01:22:47] 🚀 預熱命中，直接開始錄音
[main][01:22:47.810] ⏱️ recorder.start() 耗時 0.4ms，ok=True
[tap]        [01:22:47.814] 🎙️ 敲麥監聽已啟動
[main][01:22:47.819] 🎙️ 開始錄音
[main][01:22:48.244] ⌨️ 主快捷鍵觸發（Win32/逗號），keys=async_down=Ctrl,RCtrl; logical_down=Ctrl,RCtrl
[main][01:22:48.245] ⌨️ after(0) 執行延遲 0.3ms[main][01:22:48.245] ⏳ 預熱 idle 計時器啟動，10 分鐘後關閉麥克風

[recorder][stop] 錄音太短 (0.44s)，略過
[main][01:22:50.410] ⌨️ 主快捷鍵觸發（Win32/逗號），keys=async_down=Ctrl,RCtrl; logical_down=Ctrl,RCtrl
[main][01:22:50.410] ⌨️ after(0) 執行延遲 0.4ms
[tap]        [01:22:50.445] 💤 敲麥監聽已停止
[recorder][01:22:50] 🚀 預熱命中，直接開始錄音
[main][01:22:50.446] ⏱️ recorder.start() 耗時 0.1ms，ok=True
[tap]        [01:22:50.448] 🎙️ 敲麥監聽已啟動
[main][01:22:50.454] 🎙️ 開始錄音
[main][01:22:50.771] ⌨️ 主快捷鍵觸發（Win32/逗號），keys=async_down=Ctrl,RCtrl; logical_down=Ctrl,RCtrl
[main][01:22:50.771] ⌨️ after(0) 執行延遲 0.4ms[main][01:22:50.772] ⏳ 預熱 idle 計時器啟動，10 分鐘後關閉麥克風

[recorder][stop] 錄音太短 (0.31s)，略過
[main][01:22:52.063] ⌨️ 主快捷鍵觸發（Win32/逗號），keys=async_down=Ctrl,RCtrl; logical_down=Ctrl,RCtrl
[main][01:22:52.063] ⌨️ after(0) 執行延遲 0.3ms
[tap]        [01:22:52.102] 💤 敲麥監聽已停止
[recorder][01:22:52] 🚀 預熱命中，直接開始錄音
[main][01:22:52.103] ⏱️ recorder.start() 耗時 0.8ms，ok=True
[tap]        [01:22:52.108] 🎙️ 敲麥監聽已啟動
[main][01:22:52.114] 🎙️ 開始錄音
[recorder][VAD] Silero 語音幀 0/37 (0.0%)，有效語音 0.00s，信心閾值 0.6，最低比例 16%，最低語音 0.35s
[recorder][flush] ❌ VAD 未達有效語音門檻，略過（語音比例不足 0.0% < 16%）
[recorder][VAD] Silero 語音幀 0/38 (0.0%)，有效語音 0.00s，信心閾值 0.6，最低比例 16%，最低語音 0.35s
[recorder][flush] ❌ VAD 未達有效語音門檻，略過（語音比例不足 0.0% < 16%）
[tap][sample][01:22:56.053] 持續=541ms 峰值=5393 ✗長 K=1.8 CF=4.8 SC=2592Hz Att=111.6ms | fK=2.0 fCF=5.0 fSC=2595Hz fFlat=0.527 fHF=0.063
[recorder][VAD] Silero 語音幀 17/82 (20.7%)，有效語音 0.54s，信心閾值 0.6，最低比例 16%，最低語音 0.35s
[recorder][flush] ✅ 取出 2.7s 音訊段落
[main][01:22:57.209] ✂️ 自動分段送出（靜音達1s，累積 2.7s，靜音 1.2s）
[paster][01:22:57] 📏 [UIA] text='vscode-webview://10d', text_after='\n• 完全不需要 GetAsyncKey', at_end=False, last_punct=False
[paster][01:22:57] 🔮 預取游標位置: at_end=False, last_punct=False (delay=0.07s, est_api=0.52s)
[recorder][VAD] Silero 語音幀 0/38 (0.0%)，有效語音 0.00s，信心閾值 0.6，最低比例 16%，最低語音 0.35s
[recorder][flush] ❌ VAD 未達有效語音門檻，略過（語音比例不足 0.0% < 16%）
[recorder][VAD] Silero 語音幀 0/31 (0.0%)，有效語音 0.00s，信心閾值 0.6，最低比例 16%，最低語音 0.35s
[recorder][flush] ❌ VAD 未達有效語音門檻，略過（語音比例不足 0.0% < 16%）
[main][01:22:59.711] ⚠️ API 超過 2.5s 未回應，重試中…
[transcriber][01:23:00.178] ⏱️ API 耗時: 2.97s
[main][01:23:00.178] ✅ 分段辨識完成: "測試"
[paster][01:23:00] 🎯 PASTE: at_end=False, last_punct=False, add_prefix=False (prefetched), prefix='，', final='測試'
[paster][01:23:00] ⌨️ TEXT input flow start: target_chars=2，視窗="Add hover buttons to wav… - AI Whisper Next - Cursor [系統管理員]"，hwnd=0x00110a72，process=cursor.exe，class=Chrome_WidgetWin_1，focus=('', '', 'RootWebArea', 'DocumentControl')，verify_readable=True，keys_before=async_down=none; logical_down=none，text='測試'
[paster][01:23:00] ⌨️ 直接輸入前釋放修飾鍵: released=none，keys_after_release=async_down=none; logical_down=none
[paster][01:23:00] ⌨️ TEXT input done: ok=True，keys_after_send=async_down=none; logical_down=none
[paster][01:23:00] ⏱️ 收到→直接輸入完成: 0.04s
[paster][01:23:00] ⌨️ TEXT input verify: ok=False，reason=unchanged
[paster][01:23:00] ⚠️ TEXT input failed/unaccepted，fallback to clipboard Ctrl+V
[paster][01:23:00] 📋 CLIP flow start: target_chars=2, restore_delay=0.30s
[paster][01:23:00] 📋 CLIP backup: count=7, formats=49401:10646B, 13:6662B, 50181:24B, 50182:119B, 16:4B, 1:3334B, 7:3334B, text='The user is frustrat'
[paster][01:23:00] 📋 CLIP set attempt 1/4: chars=2, bytes=6, preview='測試'
[paster][01:23:00] 📋 CLIP verify ok: attempt=1, chars=2, text='測試'
[paster][01:23:00] ⌨️ Ctrl+V 準備送出，cb_ok=True，視窗="Add hover buttons to wav… - AI Whisper Next - Cursor [系統管理員]"，hwnd=0x00110a72，process=cursor.exe，class=Chrome_WidgetWin_1，keys_before=async_down=none; logical_down=none，text='測試'
[paster][01:23:00] ⌨️ 貼上前釋放修飾鍵: released=none，restore_later=none，preserve_ctrl=False，keys_after_release=async_down=none; logical_down=none
[recorder][VAD] Silero 語音幀 0/31 (0.0%)，有效語音 0.00s，信心閾值 0.6，最低比例 16%，最低語音 0.35s
[recorder][flush] ❌ VAD 未達有效語音門檻，略過（語音比例不足 0.0% < 16%）
[paster][01:23:00] ⌨️ Ctrl+V 已送出，keys_after_send=async_down=none; logical_down=none
[paster][01:23:00] 🚫 CLIP guard armed: manual Ctrl+V suppressed
[paster][01:23:00] ⏱️ 收到→貼上完成: 0.36s
[paster][01:23:00] 📋 CLIP restore wait: 0.30s
[paster][01:23:00] 📋 CLIP restore attempt 1/4: text='The user is frustrat'
[paster][01:23:00] 📋 CLIP restore: restored=7/7, formats=49401:10646B, 13:6662B, 50181:24B, 50182:119B, 16:4B, 1:3334B, 7:3334B, text='The user is frustrat'
[paster][01:23:00] 📋 CLIP restore verify ok: attempt=1, text='The user is frustrat'
[paster][01:23:00] 🚫 CLIP guard disarmed: blocked=0
[transcriber][01:23:00.971] ⏱️ API 耗時: 1.26s
[recorder][VAD] Silero 語音幀 0/31 (0.0%)，有效語音 0.00s，信心閾值 0.6，最低比例 16%，最低語音 0.35s
[recorder][flush] ❌ VAD 未達有效語音門檻，略過（語音比例不足 0.0% < 16%）
[recorder][VAD] Silero 語音幀 0/38 (0.0%)，有效語音 0.00s，信心閾值 0.6，最低比例 16%，最低語音 0.35s
[recorder][flush] ❌ VAD 未達有效語音門檻，略過（語音比例不足 0.0% < 16%）
[paster][01:23:03] 📋 CLIP watchdog done: checks=11, repairs=0, ok=True, final='The user is frustrat'
[paster][01:23:03] 📋 剪貼簿已還原驗證（7 種格式，restore_ok=True, watch_ok=True）
[recorder][VAD] Silero 語音幀 0/31 (0.0%)，有效語音 0.00s，信心閾值 0.6，最低比例 16%，最低語音 0.35s
[recorder][flush] ❌ VAD 未達有效語音門檻，略過（語音比例不足 0.0% < 16%）
[main][01:23:04.504] ⌨️ 主快捷鍵觸發（Win32/逗號），keys=async_down=Ctrl,RCtrl; logical_down=Ctrl,RCtrl
[main][01:23:04.504] ⌨️ after(0) 執行延遲 0.5ms[main][01:23:04.505] ⏳ 預熱 idle 計時器啟動，10 分鐘後關閉麥克風

[recorder][VAD] Silero 語音幀 0/25 (0.0%)，有效語音 0.00s，信心閾值 0.6，最低比例 16%，最低語音 0.35s
[recorder][stop] ❌ VAD 未達有效語音門檻，不送出辨識（語音比例不足 0.0% < 16%）
[main][01:23:05.019] ⌨️ 主快捷鍵觸發（Win32/逗號），keys=async_down=Ctrl,RCtrl; logical_down=Ctrl,RCtrl
[main][01:23:05.020] ⌨️ after(0) 執行延遲 0.5ms
[tap]        [01:23:05.051] 💤 敲麥監聽已停止
[recorder][01:23:05] 🚀 預熱命中，直接開始錄音
[main][01:23:05.052] ⏱️ recorder.start() 耗時 0.3ms，ok=True
[tap]        [01:23:05.056] 🎙️ 敲麥監聽已啟動
[main][01:23:05.064] 🎙️ 開始錄音
[tap][sample][01:23:06.266] 持續=639ms 峰值=10643 ✗長 K=1.5 CF=4.0 SC=2066Hz Att=134.1ms | fK=1.7 fCF=4.1 fSC=2073Hz fFlat=0.445 fHF=0.025
[tap][dim]   [01:23:06.879] 持續=27ms 峰值=508 ✗弱
[tap][sample][01:23:07.518] 持續=639ms 峰值=8279 ✗長 K=2.4 CF=4.9 SC=1918Hz Att=148.2ms | fK=2.6 fCF=5.0 fSC=1920Hz fFlat=0.424 fHF=0.023
[tap][dim]   [01:23:07.545] 持續=27ms 峰值=315 ✗弱
[main][01:23:07.991] ⌨️ 主快捷鍵觸發（Win32/逗號），keys=async_down=Ctrl,RCtrl; logical_down=Ctrl,RCtrl
[main][01:23:07.991] ⌨️ after(0) 執行延遲 0.5ms[main][01:23:07.992] ⏳ 預熱 idle 計時器啟動，10 分鐘後關閉麥克風

[recorder][VAD] Silero 語音幀 38/91 (41.8%)，有效語音 1.22s，信心閾值 0.6，最低比例 16%，最低語音 0.35s
[main][01:23:08.019] ✅ 錄音完成，送出辨識
[paster][01:23:09] 📏 [UIA] text='vscode-webview://10d', text_after='\n• 完全不需要 GetAsyncKey', at_end=False, last_punct=False
[paster][01:23:09] 🔮 預取游標位置: at_end=False, last_punct=False (delay=0.09s, est_api=0.54s)
[transcriber][01:23:10.129] ⏱️ API 耗時: 2.11s
[main][01:23:10.130] ✅ 辨識完成: "測試測試"
[paster][01:23:10] 🎯 PASTE: at_end=False, last_punct=False, add_prefix=False (prefetched), prefix='，', final='測試測試'
[paster][01:23:10] ⌨️ TEXT input flow start: target_chars=4，視窗="Add hover buttons to wav… - AI Whisper Next - Cursor [系統管理員]"，hwnd=0x00110a72，process=cursor.exe，class=Chrome_WidgetWin_1，focus=('', '', 'RootWebArea', 'DocumentControl')，verify_readable=True，keys_before=async_down=none; logical_down=none，text='測試測試'
[paster][01:23:10] ⌨️ 直接輸入前釋放修飾鍵: released=none，keys_after_release=async_down=none; logical_down=none
[paster][01:23:10] ⌨️ TEXT input done: ok=True，keys_after_send=async_down=none; logical_down=none
[paster][01:23:10] ⏱️ 收到→直接輸入完成: 0.06s
[paster][01:23:10] ⌨️ TEXT input verify: ok=False，reason=unchanged
[paster][01:23:10] ⚠️ TEXT input failed/unaccepted，fallback to clipboard Ctrl+V
[paster][01:23:10] 📋 CLIP flow start: target_chars=4, restore_delay=0.30s
[paster][01:23:10] 📋 CLIP backup: count=7, formats=49401:10646B, 13:6662B, 50181:24B, 50182:119B, 16:4B, 1:3334B, 7:3334B, text='The user is frustrat'
[paster][01:23:10] 📋 CLIP set attempt 1/4: chars=4, bytes=10, preview='測試測試'
[paster][01:23:10] 📋 CLIP verify ok: attempt=1, chars=4, text='測試測試'
[paster][01:23:10] ⌨️ Ctrl+V 準備送出，cb_ok=True，視窗="Add hover buttons to wav… - AI Whisper Next - Cursor [系統管理員]"，hwnd=0x00110a72，process=cursor.exe，class=Chrome_WidgetWin_1，keys_before=async_down=none; logical_down=none，text='測試測試'
[paster][01:23:10] ⌨️ 貼上前釋放修飾鍵: released=none，restore_later=none，preserve_ctrl=False，keys_after_release=async_down=none; logical_down=none
[paster][01:23:10] ⌨️ Ctrl+V 已送出，keys_after_send=async_down=none; logical_down=none
[paster][01:23:10] 🚫 CLIP guard armed: manual Ctrl+V suppressed
[paster][01:23:10] ⏱️ 收到→貼上完成: 0.29s
[paster][01:23:10] 📋 CLIP restore wait: 0.30s
[paster][01:23:10] 📋 CLIP restore attempt 1/4: text='The user is frustrat'
[paster][01:23:10] 📋 CLIP restore: restored=7/7, formats=49401:10646B, 13:6662B, 50181:24B, 50182:119B, 16:4B, 1:3334B, 7:3334B, text='The user is frustrat'
[paster][01:23:10] 📋 CLIP restore verify ok: attempt=1, text='The user is frustrat'
[paster][01:23:10] 🚫 CLIP guard disarmed: blocked=0
[main][01:23:10.978] ⌨️ 主快捷鍵觸發（Win32/逗號），keys=async_down=Ctrl,RCtrl; logical_down=Ctrl,RCtrl
[main][01:23:10.978] ⌨️ after(0) 執行延遲 0.4ms
[tap]        [01:23:11.017] 💤 敲麥監聽已停止
[recorder][01:23:11] 🚀 預熱命中，直接開始錄音
[main][01:23:11.017] ⏱️ recorder.start() 耗時 0.1ms，ok=True
[tap]        [01:23:11.020] 🎙️ 敲麥監聽已啟動
[main][01:23:11.024] 🎙️ 開始錄音
[main][01:23:11.458] ⌨️ 主快捷鍵觸發（Win32/逗號），keys=async_down=Ctrl,RCtrl; logical_down=Ctrl,RCtrl
[main][01:23:11.458] ⌨️ after(0) 執行延遲 0.4ms[main][01:23:11.459] ⏳ 預熱 idle 計時器啟動，10 分鐘後關閉麥克風

[recorder][stop] 錄音太短 (0.47s)，略過
[paster][01:23:13] 📋 CLIP watchdog done: checks=11, repairs=0, ok=True, final='The user is frustrat'
[paster][01:23:13] 📋 剪貼簿已還原驗證（7 種格式，restore_ok=True, watch_ok=True）
[main][01:23:31.343] ⌨️ 主快捷鍵觸發（Win32/逗號），keys=async_down=Ctrl,RCtrl; logical_down=Ctrl,RCtrl
[main][01:23:31.345] ⌨️ after(0) 執行延遲 2.3ms
[tap]        [01:23:31.386] 💤 敲麥監聽已停止
[recorder][01:23:31] 🚀 預熱命中，直接開始錄音
[main][01:23:31.386] ⏱️ recorder.start() 耗時 0.1ms，ok=True
[tap]        [01:23:31.389] 🎙️ 敲麥監聽已啟動
[main][01:23:31.393] 🎙️ 開始錄音
[recorder][VAD] Silero 語音幀 0/31 (0.0%)，有效語音 0.00s，信心閾值 0.6，最低比例 16%，最低語音 0.35s
[recorder][flush] ❌ VAD 未達有效語音門檻，略過（語音比例不足 0.0% < 16%）
[recorder][VAD] Silero 語音幀 0/35 (0.0%)，有效語音 0.00s，信心閾值 0.6，最低比例 16%，最低語音 0.35s
[recorder][flush] ❌ VAD 未達有效語音門檻，略過（語音比例不足 0.0% < 16%）
[recorder][VAD] Silero 語音幀 0/34 (0.0%)，有效語音 0.00s，信心閾值 0.6，最低比例 16%，最低語音 0.35s
[recorder][flush] ❌ VAD 未達有效語音門檻，略過（語音比例不足 0.0% < 16%）
[recorder][VAD] Silero 語音幀 0/38 (0.0%)，有效語音 0.00s，信心閾值 0.6，最低比例 16%，最低語音 0.35s
[recorder][flush] ❌ VAD 未達有效語音門檻，略過（語音比例不足 0.0% < 16%）
[recorder][VAD] Silero 語音幀 0/38 (0.0%)，有效語音 0.00s，信心閾值 0.6，最低比例 16%，最低語音 0.35s
[recorder][flush] ❌ VAD 未達有效語音門檻，略過（語音比例不足 0.0% < 16%）
[recorder][VAD] Silero 語音幀 0/31 (0.0%)，有效語音 0.00s，信心閾值 0.6，最低比例 16%，最低語音 0.35s
[recorder][flush] ❌ VAD 未達有效語音門檻，略過（語音比例不足 0.0% < 16%）
[recorder][VAD] Silero 語音幀 0/31 (0.0%)，有效語音 0.00s，信心閾值 0.6，最低比例 16%，最低語音 0.35s
[recorder][flush] ❌ VAD 未達有效語音門檻，略過（語音比例不足 0.0% < 16%）
[recorder][VAD] Silero 語音幀 0/38 (0.0%)，有效語音 0.00s，信心閾值 0.6，最低比例 16%，最低語音 0.35s
[recorder][flush] ❌ VAD 未達有效語音門檻，略過（語音比例不足 0.0% < 16%）
[recorder][VAD] Silero 語音幀 0/31 (0.0%)，有效語音 0.00s，信心閾值 0.6，最低比例 16%，最低語音 0.35s
[recorder][flush] ❌ VAD 未達有效語音門檻，略過（語音比例不足 0.0% < 16%）
[recorder][VAD] Silero 語音幀 0/31 (0.0%)，有效語音 0.00s，信心閾值 0.6，最低比例 16%，最低語音 0.35s
[recorder][flush] ❌ VAD 未達有效語音門檻，略過（語音比例不足 0.0% < 16%）
[recorder][VAD] Silero 語音幀 0/38 (0.0%)，有效語音 0.00s，信心閾值 0.6，最低比例 16%，最低語音 0.35s
[recorder][flush] ❌ VAD 未達有效語音門檻，略過（語音比例不足 0.0% < 16%）
[recorder][VAD] Silero 語音幀 0/38 (0.0%)，有效語音 0.00s，信心閾值 0.6，最低比例 16%，最低語音 0.35s
[recorder][flush] ❌ VAD 未達有效語音門檻，略過（語音比例不足 0.0% < 16%）
[recorder][VAD] Silero 語音幀 0/31 (0.0%)，有效語音 0.00s，信心閾值 0.6，最低比例 16%，最低語音 0.35s
[recorder][flush] ❌ VAD 未達有效語音門檻，略過（語音比例不足 0.0% < 16%）
[recorder][VAD] Silero 語音幀 0/31 (0.0%)，有效語音 0.00s，信心閾值 0.6，最低比例 16%，最低語音 0.35s
[recorder][flush] ❌ VAD 未達有效語音門檻，略過（語音比例不足 0.0% < 16%）
[recorder][VAD] Silero 語音幀 0/38 (0.0%)，有效語音 0.00s，信心閾值 0.6，最低比例 16%，最低語音 0.35s
[recorder][flush] ❌ VAD 未達有效語音門檻，略過（語音比例不足 0.0% < 16%）
[recorder][VAD] Silero 語音幀 0/31 (0.0%)，有效語音 0.00s，信心閾值 0.6，最低比例 16%，最低語音 0.35s
[recorder][flush] ❌ VAD 未達有效語音門檻，略過（語音比例不足 0.0% < 16%）
[recorder][VAD] Silero 語音幀 0/31 (0.0%)，有效語音 0.00s，信心閾值 0.6，最低比例 16%，最低語音 0.35s
[recorder][flush] ❌ VAD 未達有效語音門檻，略過（語音比例不足 0.0% < 16%）
[tap][sample][01:23:52.347] 持續=1755ms 峰值=12462 ✗長 K=4.6 CF=7.2 SC=1787Hz Att=9.5ms | fK=2.8 fCF=5.7 fSC=1610Hz fFlat=0.400 fHF=0.007
[tap][sample][01:23:52.706] 持續=315ms 峰值=3625 ✗長 K=3.4 CF=4.7 SC=2246Hz Att=108.5ms | fK=4.0 fCF=4.9 fSC=2239Hz fFlat=0.479 fHF=0.033
[tap][sample][01:23:54.021] 持續=612ms 峰值=14389 ✗長 K=2.8 CF=4.5 SC=1755Hz Att=13.1ms | fK=3.2 fCF=4.6 fSC=1757Hz fFlat=0.441 fHF=0.016
[tap][dim]   [01:23:54.048] 持續=27ms 峰值=456 ✗弱
[tap][sample][01:23:54.372] 持續=324ms 峰值=11208 ✗長 K=4.1 CF=5.5 SC=1549Hz Att=19.8ms | fK=4.8 fCF=5.8 fSC=1546Hz fFlat=0.259 fHF=0.007
[tap][dim]   [01:23:54.399] 持續=27ms 峰值=314 ✗弱
[tap][sample][01:23:55.011] 持續=451ms 峰值=7919 ✗長 K=6.0 CF=8.3 SC=1037Hz Att=1.9ms | fK=6.7 fCF=8.6 fSC=1038Hz fFlat=0.197 fHF=0.001
[tap][dim]   [01:23:55.037] 持續=26ms 峰值=421 ✗弱
[tap][sample][01:23:55.866] 持續=377ms 峰值=6389 ✗長 K=7.1 CF=6.6 SC=1244Hz Att=100.2ms | fK=7.9 fCF=6.9 fSC=1242Hz fFlat=0.174 fHF=0.001
[tap][sample][01:23:56.415] 持續=351ms 峰值=6698 ✗長 K=3.8 CF=5.6 SC=2287Hz Att=177.9ms | fK=4.4 fCF=5.8 fSC=2289Hz fFlat=0.484 fHF=0.048
[tap][dim]   [01:23:56.452] 持續=37ms 峰值=428 ✗弱
[tap][sample][01:23:56.802] 持續=324ms 峰值=7123 ✗長 K=5.8 CF=5.8 SC=547Hz Att=65.4ms | fK=6.7 fCF=6.0 fSC=548Hz fFlat=0.059 fHF=0.000
[tap][dim]   [01:23:57.665] 持續=45ms 峰值=396 ✗弱
[tap][sample][01:23:57.854] 持續=189ms 峰值=8887 ✗長 K=1.8 CF=3.9 SC=2744Hz Att=87.0ms | fK=2.6 fCF=4.2 fSC=2743Hz fFlat=0.501 fHF=0.063
[tap][dim]   [01:23:57.891] 持續=36ms 峰值=308 ✗弱
[tap][sample][01:23:58.071] 持續=180ms 峰值=3168 ✗長 K=2.0 CF=4.1 SC=3363Hz Att=28.2ms | fK=2.8 fCF=4.4 fSC=3365Hz fFlat=0.563 fHF=0.164
[tap][sample][01:23:58.367] 持續=216ms 峰值=6728 ✗長 K=4.2 CF=4.9 SC=1380Hz Att=56.6ms | fK=5.2 fCF=5.2 fSC=1379Hz fFlat=0.244 fHF=0.006
[tap][dim]   [01:23:58.394] 持續=27ms 峰值=447 ✗弱
[tap][dim]   [01:23:58.691] 持續=36ms 峰值=453 ✗弱
[tap][sample][01:23:59.105] 持續=414ms 峰值=4475 ✗長 K=2.7 CF=4.9 SC=974Hz Att=321.8ms | fK=3.1 fCF=5.1 fSC=977Hz fFlat=0.166 fHF=0.001
[tap][dim]   [01:23:59.169] 持續=27ms 峰值=373 ✗弱
[tap][dim]   [01:23:59.267] 持續=36ms 峰值=402 ✗弱
[recorder][VAD] Silero 語音幀 186/324 (57.4%)，有效語音 5.95s，信心閾值 0.6，最低比例 16%，最低語音 0.35s
[recorder][flush] ✅ 取出 10.4s 音訊段落
[main][01:24:00.507] ✂️ 自動分段送出（靜音達1s，累積 10.4s，靜音 1.2s）
[recorder][VAD] Silero 語音幀 0/37 (0.0%)，有效語音 0.00s，信心閾值 0.6，最低比例 16%，最低語音 0.35s
[recorder][flush] ❌ VAD 未達有效語音門檻，略過（語音比例不足 0.0% < 16%）
[paster][01:24:01] 📏 [UIA] text='ctrl esc to focus or', text_after='', at_end=True, last_punct=False
[paster][01:24:01] 🔮 預取游標位置: at_end=True, last_punct=False (delay=0.84s, est_api=1.29s)
[transcriber][01:24:01.869] ⏱️ API 耗時: 1.36s
[main][01:24:01.870] ✅ 分段辨識完成: "不知道你有沒有限制波形圖不能拉超過自己的螢幕"
[paster][01:24:01] 🎯 PASTE: at_end=True, last_punct=False, add_prefix=True (prefetched), prefix='，', final='不知道你有沒有限制波形圖不能拉超過自己的螢幕'
[paster][01:24:01] ⌨️ TEXT input flow start: target_chars=23，視窗="Add hover buttons to wav… - AI Whisper Next - Cursor [系統管理員]"，hwnd=0x00110a72，process=cursor.exe，class=Chrome_WidgetWin_1，focus=('Message input', 'messageInput_cKsPxg', '', 'EditControl')，verify_readable=True，keys_before=async_down=none; logical_down=none，text='，不知道你有沒有限制波形圖不能拉超過自己的螢幕'
[paster][01:24:01] ⌨️ 直接輸入前釋放修飾鍵: released=none，keys_after_release=async_down=none; logical_down=none
[paster][01:24:01] ⌨️ TEXT input done: ok=True，keys_after_send=async_down=none; logical_down=none
[paster][01:24:01] ⏱️ 收到→直接輸入完成: 0.05s
[paster][01:24:02] ⌨️ TEXT input verify: ok=True，reason=changed
[recorder][VAD] Silero 語音幀 0/38 (0.0%)，有效語音 0.00s，信心閾值 0.6，最低比例 16%，最低語音 0.35s
[recorder][flush] ❌ VAD 未達有效語音門檻，略過（語音比例不足 0.0% < 16%）
[recorder][VAD] Silero 語音幀 0/31 (0.0%)，有效語音 0.00s，信心閾值 0.6，最低比例 16%，最低語音 0.35s
[recorder][flush] ❌ VAD 未達有效語音門檻，略過（語音比例不足 0.0% < 16%）
[tap][sample][01:24:05.217] 持續=549ms 峰值=8055 ✗長 K=1.4 CF=4.9 SC=1456Hz Att=488.2ms | fK=1.6 fCF=5.0 fSC=1457Hz fFlat=0.346 fHF=0.005
[tap][sample][01:24:05.830] 持續=586ms 峰值=8652 ✗長 K=3.7 CF=6.8 SC=1444Hz Att=10.4ms | fK=4.1 fCF=7.0 fSC=1441Hz fFlat=0.379 fHF=0.007
[tap][dim]   [01:24:05.855] 持續=25ms 峰值=425 ✗弱
[tap][sample][01:24:06.945] 持續=1026ms 峰值=8128 ✗長 K=2.0 CF=6.0 SC=1316Hz Att=351.7ms | fK=2.2 fCF=6.1 fSC=1322Hz fFlat=0.309 fHF=0.003
[tap][dim]   [01:24:06.981] 持續=36ms 峰值=380 ✗弱
[tap][sample][01:24:07.134] 持續=153ms 峰值=4801 ✗長 K=3.5 CF=4.8 SC=1151Hz Att=21.9ms | fK=4.8 fCF=5.3 fSC=1154Hz fFlat=0.258 fHF=0.002
[tap][sample][01:24:07.485] 持續=288ms 峰值=5658 ✗長 K=2.3 CF=4.8 SC=1170Hz Att=154.8ms | fK=2.9 fCF=5.0 fSC=1169Hz fFlat=0.201 fHF=0.003
[tap][dim]   [01:24:07.522] 持續=36ms 峰值=389 ✗弱
[tap][sample][01:24:08.069] 持續=522ms 峰值=5636 ✗長 K=5.6 CF=6.6 SC=1455Hz Att=33.9ms | fK=6.1 fCF=6.8 fSC=1458Hz fFlat=0.304 fHF=0.007
[tap][dim]   [01:24:08.105] 持續=36ms 峰值=501 ✗弱
[tap][sample][01:24:08.996] 持續=216ms 峰值=2899 ✗長 K=2.2 CF=4.3 SC=2860Hz Att=104.8ms | fK=2.8 fCF=4.6 fSC=2853Hz fFlat=0.545 fHF=0.072
[tap][dim]   [01:24:09.032] 持續=36ms 峰值=448 ✗弱
[tap][sample][01:24:09.194] 持續=162ms 峰值=3523 ✗長 K=0.7 CF=3.4 SC=1862Hz Att=0.1ms | fK=1.4 fCF=3.7 fSC=1859Hz fFlat=0.320 fHF=0.008
[tap][dim]   [01:24:09.231] 持續=36ms 峰值=450 ✗弱
[tap][sample][01:24:09.356] 持續=126ms 峰值=2907 ✗長 K=11.3 CF=8.2 SC=1562Hz Att=53.5ms | fK=14.8 fCF=9.2 fSC=1561Hz fFlat=0.361 fHF=0.006
[recorder][VAD] Silero 語音幀 125/203 (61.6%)，有效語音 4.00s，信心閾值 0.6，最低比例 16%，最低語音 0.35s
[recorder][flush] ✅ 取出 6.5s 音訊段落
[main][01:24:10.433] ✂️ 自動分段送出（靜音達1s，累積 6.5s，靜音 1.0s）
[paster][01:24:11] 📏 [UIA] text='，不知道你有沒有限制波形圖不能拉超過自己', text_after='', at_end=True, last_punct=False
[paster][01:24:11] 🔮 預取游標位置: at_end=True, last_punct=False (delay=0.45s, est_api=0.90s)
[transcriber][01:24:11.602] ⏱️ API 耗時: 1.17s
[main][01:24:11.603] ✅ 分段辨識完成: "也就是不能從第一個螢幕拉到第二個螢幕，舉例啦"
[recorder][VAD] Silero 語音幀 0/38 (0.0%)，有效語音 0.00s，信心閾值 0.6，最低比例 16%，最低語音 0.35s
[recorder][flush] ❌ VAD 未達有效語音門檻，略過（語音比例不足 0.0% < 16%）
[paster][01:24:11] 🎯 PASTE: at_end=True, last_punct=False, add_prefix=True (prefetched), prefix='，', final='也就是不能從第一個螢幕拉到第二個螢幕，舉例啦'
[paster][01:24:11] ⌨️ TEXT input flow start: target_chars=23，視窗="Add hover buttons to wav… - AI Whisper Next - Cursor [系統管理員]"，hwnd=0x00110a72，process=cursor.exe，class=Chrome_WidgetWin_1，focus=('Message input', 'messageInput_cKsPxg', '', 'EditControl')，verify_readable=True，keys_before=async_down=none; logical_down=none，text='，也就是不能從第一個螢幕拉到第二個螢幕，舉例啦'
[paster][01:24:11] ⌨️ 直接輸入前釋放修飾鍵: released=none，keys_after_release=async_down=none; logical_down=none
[paster][01:24:11] ⌨️ TEXT input done: ok=True，keys_after_send=async_down=none; logical_down=none
[paster][01:24:11] ⏱️ 收到→直接輸入完成: 0.06s
[paster][01:24:11] ⌨️ TEXT input verify: ok=True，reason=changed
[recorder][VAD] Silero 語音幀 0/31 (0.0%)，有效語音 0.00s，信心閾值 0.6，最低比例 16%，最低語音 0.35s
[recorder][flush] ❌ VAD 未達有效語音門檻，略過（語音比例不足 0.0% < 16%）
[recorder][VAD] Silero 語音幀 0/31 (0.0%)，有效語音 0.00s，信心閾值 0.6，最低比例 16%，最低語音 0.35s
[recorder][flush] ❌ VAD 未達有效語音門檻，略過（語音比例不足 0.0% < 16%）
[recorder][VAD] Silero 語音幀 0/31 (0.0%)，有效語音 0.00s，信心閾值 0.6，最低比例 16%，最低語音 0.35s
[recorder][flush] ❌ VAD 未達有效語音門檻，略過（語音比例不足 0.0% < 16%）
[recorder][VAD] Silero 語音幀 0/38 (0.0%)，有效語音 0.00s，信心閾值 0.6，最低比例 16%，最低語音 0.35s
[recorder][flush] ❌ VAD 未達有效語音門檻，略過（語音比例不足 0.0% < 16%）
[recorder][VAD] Silero 語音幀 0/38 (0.0%)，有效語音 0.00s，信心閾值 0.6，最低比例 16%，最低語音 0.35s
[recorder][flush] ❌ VAD 未達有效語音門檻，略過（語音比例不足 0.0% < 16%）
[recorder][VAD] Silero 語音幀 0/31 (0.0%)，有效語音 0.00s，信心閾值 0.6，最低比例 16%，最低語音 0.35s
[recorder][flush] ❌ VAD 未達有效語音門檻，略過（語音比例不足 0.0% < 16%）
[recorder][VAD] Silero 語音幀 0/31 (0.0%)，有效語音 0.00s，信心閾值 0.6，最低比例 16%，最低語音 0.35s
[recorder][flush] ❌ VAD 未達有效語音門檻，略過（語音比例不足 0.0% < 16%）
[recorder][VAD] Silero 語音幀 0/31 (0.0%)，有效語音 0.00s，信心閾值 0.6，最低比例 16%，最低語音 0.35s
[recorder][flush] ❌ VAD 未達有效語音門檻，略過（語音比例不足 0.0% < 16%）
[recorder][VAD] Silero 語音幀 0/38 (0.0%)，有效語音 0.00s，信心閾值 0.6，最低比例 16%，最低語音 0.35s
[recorder][flush] ❌ VAD 未達有效語音門檻，略過（語音比例不足 0.0% < 16%）
[recorder][VAD] Silero 語音幀 0/31 (0.0%)，有效語音 0.00s，信心閾值 0.6，最低比例 16%，最低語音 0.35s
[recorder][flush] ❌ VAD 未達有效語音門檻，略過（語音比例不足 0.0% < 16%）
[recorder][VAD] Silero 語音幀 0/31 (0.0%)，有效語音 0.00s，信心閾值 0.6，最低比例 16%，最低語音 0.35s
[recorder][flush] ❌ VAD 未達有效語音門檻，略過（語音比例不足 0.0% < 16%）
[recorder][VAD] Silero 語音幀 0/31 (0.0%)，有效語音 0.00s，信心閾值 0.6，最低比例 16%，最低語音 0.35s
[recorder][flush] ❌ VAD 未達有效語音門檻，略過（語音比例不足 0.0% < 16%）
[recorder][VAD] Silero 語音幀 0/31 (0.0%)，有效語音 0.00s，信心閾值 0.6，最低比例 16%，最低語音 0.35s
[recorder][flush] ❌ VAD 未達有效語音門檻，略過（語音比例不足 0.0% < 16%）
[recorder][VAD] Silero 語音幀 0/38 (0.0%)，有效語音 0.00s，信心閾值 0.6，最低比例 16%，最低語音 0.35s
[recorder][flush] ❌ VAD 未達有效語音門檻，略過（語音比例不足 0.0% < 16%）
[recorder][VAD] Silero 語音幀 0/31 (0.0%)，有效語音 0.00s，信心閾值 0.6，最低比例 16%，最低語音 0.35s
[recorder][flush] ❌ VAD 未達有效語音門檻，略過（語音比例不足 0.0% < 16%）
[recorder][VAD] Silero 語音幀 0/38 (0.0%)，有效語音 0.00s，信心閾值 0.6，最低比例 16%，最低語音 0.35s
[recorder][flush] ❌ VAD 未達有效語音門檻，略過（語音比例不足 0.0% < 16%）
[recorder][VAD] Silero 語音幀 0/31 (0.0%)，有效語音 0.00s，信心閾值 0.6，最低比例 16%，最低語音 0.35s
[recorder][flush] ❌ VAD 未達有效語音門檻，略過（語音比例不足 0.0% < 16%）
[recorder][VAD] Silero 語音幀 0/31 (0.0%)，有效語音 0.00s，信心閾值 0.6，最低比例 16%，最低語音 0.35s
[recorder][flush] ❌ VAD 未達有效語音門檻，略過（語音比例不足 0.0% < 16%）
[recorder][VAD] Silero 語音幀 0/31 (0.0%)，有效語音 0.00s，信心閾值 0.6，最低比例 16%，最低語音 0.35s
[recorder][flush] ❌ VAD 未達有效語音門檻，略過（語音比例不足 0.0% < 16%）
[recorder][VAD] Silero 語音幀 0/31 (0.0%)，有效語音 0.00s，信心閾值 0.6，最低比例 16%，最低語音 0.35s
[recorder][flush] ❌ VAD 未達有效語音門檻，略過（語音比例不足 0.0% < 16%）
[recorder][VAD] Silero 語音幀 0/38 (0.0%)，有效語音 0.00s，信心閾值 0.6，最低比例 16%，最低語音 0.35s
[recorder][flush] ❌ VAD 未達有效語音門檻，略過（語音比例不足 0.0% < 16%）
[recorder][VAD] Silero 語音幀 0/38 (0.0%)，有效語音 0.00s，信心閾值 0.6，最低比例 16%，最低語音 0.35s
[recorder][flush] ❌ VAD 未達有效語音門檻，略過（語音比例不足 0.0% < 16%）
[recorder][VAD] Silero 語音幀 0/31 (0.0%)，有效語音 0.00s，信心閾值 0.6，最低比例 16%，最低語音 0.35s
[recorder][flush] ❌ VAD 未達有效語音門檻，略過（語音比例不足 0.0% < 16%）
[recorder][VAD] Silero 語音幀 0/31 (0.0%)，有效語音 0.00s，信心閾值 0.6，最低比例 16%，最低語音 0.35s
[recorder][flush] ❌ VAD 未達有效語音門檻，略過（語音比例不足 0.0% < 16%）
[recorder][VAD] Silero 語音幀 0/38 (0.0%)，有效語音 0.00s，信心閾值 0.6，最低比例 16%，最低語音 0.35s
[recorder][flush] ❌ VAD 未達有效語音門檻，略過（語音比例不足 0.0% < 16%）
[recorder][VAD] Silero 語音幀 0/38 (0.0%)，有效語音 0.00s，信心閾值 0.6，最低比例 16%，最低語音 0.35s
[recorder][flush] ❌ VAD 未達有效語音門檻，略過（語音比例不足 0.0% < 16%）
[recorder][VAD] Silero 語音幀 0/31 (0.0%)，有效語音 0.00s，信心閾值 0.6，最低比例 16%，最低語音 0.35s
[recorder][flush] ❌ VAD 未達有效語音門檻，略過（語音比例不足 0.0% < 16%）
[recorder][VAD] Silero 語音幀 0/31 (0.0%)，有效語音 0.00s，信心閾值 0.6，最低比例 16%，最低語音 0.35s
[recorder][flush] ❌ VAD 未達有效語音門檻，略過（語音比例不足 0.0% < 16%）
[recorder][VAD] Silero 語音幀 0/31 (0.0%)，有效語音 0.00s，信心閾值 0.6，最低比例 16%，最低語音 0.35s
[recorder][flush] ❌ VAD 未達有效語音門檻，略過（語音比例不足 0.0% < 16%）
[recorder][VAD] Silero 語音幀 0/38 (0.0%)，有效語音 0.00s，信心閾值 0.6，最低比例 16%，最低語音 0.35s
[recorder][flush] ❌ VAD 未達有效語音門檻，略過（語音比例不足 0.0% < 16%）
[recorder][VAD] Silero 語音幀 0/31 (0.0%)，有效語音 0.00s，信心閾值 0.6，最低比例 16%，最低語音 0.35s
[recorder][flush] ❌ VAD 未達有效語音門檻，略過（語音比例不足 0.0% < 16%）
[recorder][VAD] Silero 語音幀 0/31 (0.0%)，有效語音 0.00s，信心閾值 0.6，最低比例 16%，最低語音 0.35s
[recorder][flush] ❌ VAD 未達有效語音門檻，略過（語音比例不足 0.0% < 16%）
[recorder][VAD] Silero 語音幀 0/38 (0.0%)，有效語音 0.00s，信心閾值 0.6，最低比例 16%，最低語音 0.35s
[recorder][flush] ❌ VAD 未達有效語音門檻，略過（語音比例不足 0.0% < 16%）
[recorder][VAD] Silero 語音幀 0/31 (0.0%)，有效語音 0.00s，信心閾值 0.6，最低比例 16%，最低語音 0.35s
[recorder][flush] ❌ VAD 未達有效語音門檻，略過（語音比例不足 0.0% < 16%）
[recorder][VAD] Silero 語音幀 0/31 (0.0%)，有效語音 0.00s，信心閾值 0.6，最低比例 16%，最低語音 0.35s
[recorder][flush] ❌ VAD 未達有效語音門檻，略過（語音比例不足 0.0% < 16%）
Traceback (most recent call last):
  File "F:\Cursor\AI Whisper Next\src\ai_whisper\controller.py", line 135, in _save_overlay_pos
    self.settings_store.save({"overlay_positions": positions})
  File "F:\Cursor\AI Whisper Next\src\ai_whisper\services\settings_store.py", line 66, in save
    os.replace(tmp, self.path)
PermissionError: [WinError 5] 存取被拒。: 'F:\\Cursor\\AI Whisper Next\\config.owczx0lu.json' -> 'F:\\Cursor\\AI Whisper Next\\config.json'
[recorder][VAD] Silero 語音幀 0/31 (0.0%)，有效語音 0.00s，信心閾值 0.6，最低比例 16%，最低語音 0.35s
[recorder][flush] ❌ VAD 未達有效語音門檻，略過（語音比例不足 0.0% < 16%）
[recorder][VAD] Silero 語音幀 0/31 (0.0%)，有效語音 0.00s，信心閾值 0.6，最低比例 16%，最低語音 0.35s
[recorder][flush] ❌ VAD 未達有效語音門檻，略過（語音比例不足 0.0% < 16%）
[recorder][VAD] Silero 語音幀 0/32 (0.0%)，有效語音 0.00s，信心閾值 0.6，最低比例 16%，最低語音 0.35s
[recorder][flush] ❌ VAD 未達有效語音門檻，略過（語音比例不足 0.0% < 16%）
[recorder][VAD] Silero 語音幀 0/37 (0.0%)，有效語音 0.00s，信心閾值 0.6，最低比例 16%，最低語音 0.35s
[recorder][flush] ❌ VAD 未達有效語音門檻，略過（語音比例不足 0.0% < 16%）
[recorder][VAD] Silero 語音幀 0/38 (0.0%)，有效語音 0.00s，信心閾值 0.6，最低比例 16%，最低語音 0.35s
[recorder][flush] ❌ VAD 未達有效語音門檻，略過（語音比例不足 0.0% < 16%）
[recorder][VAD] Silero 語音幀 0/35 (0.0%)，有效語音 0.00s，信心閾值 0.6，最低比例 16%，最低語音 0.35s
[recorder][flush] ❌ VAD 未達有效語音門檻，略過（語音比例不足 0.0% < 16%）
[recorder][VAD] Silero 語音幀 0/33 (0.0%)，有效語音 0.00s，信心閾值 0.6，最低比例 16%，最低語音 0.35s
[recorder][flush] ❌ VAD 未達有效語音門檻，略過（語音比例不足 0.0% < 16%）
[recorder][VAD] Silero 語音幀 0/32 (0.0%)，有效語音 0.00s，信心閾值 0.6，最低比例 16%，最低語音 0.35s
[recorder][flush] ❌ VAD 未達有效語音門檻，略過（語音比例不足 0.0% < 16%）
[recorder][VAD] Silero 語音幀 0/31 (0.0%)，有效語音 0.00s，信心閾值 0.6，最低比例 16%，最低語音 0.35s
[recorder][flush] ❌ VAD 未達有效語音門檻，略過（語音比例不足 0.0% < 16%）
[recorder][VAD] Silero 語音幀 0/31 (0.0%)，有效語音 0.00s，信心閾值 0.6，最低比例 16%，最低語音 0.35s
[recorder][flush] ❌ VAD 未達有效語音門檻，略過（語音比例不足 0.0% < 16%）
[recorder][VAD] Silero 語音幀 0/31 (0.0%)，有效語音 0.00s，信心閾值 0.6，最低比例 16%，最低語音 0.35s
[recorder][flush] ❌ VAD 未達有效語音門檻，略過（語音比例不足 0.0% < 16%）
[recorder][VAD] Silero 語音幀 0/31 (0.0%)，有效語音 0.00s，信心閾值 0.6，最低比例 16%，最低語音 0.35s
[recorder][flush] ❌ VAD 未達有效語音門檻，略過（語音比例不足 0.0% < 16%）
[recorder][VAD] Silero 語音幀 0/38 (0.0%)，有效語音 0.00s，信心閾值 0.6，最低比例 16%，最低語音 0.35s
[recorder][flush] ❌ VAD 未達有效語音門檻，略過（語音比例不足 0.0% < 16%）
[recorder][VAD] Silero 語音幀 0/38 (0.0%)，有效語音 0.00s，信心閾值 0.6，最低比例 16%，最低語音 0.35s
[recorder][flush] ❌ VAD 未達有效語音門檻，略過（語音比例不足 0.0% < 16%）
[recorder][VAD] Silero 語音幀 0/31 (0.0%)，有效語音 0.00s，信心閾值 0.6，最低比例 16%，最低語音 0.35s
[recorder][flush] ❌ VAD 未達有效語音門檻，略過（語音比例不足 0.0% < 16%）
[recorder][VAD] Silero 語音幀 0/31 (0.0%)，有效語音 0.00s，信心閾值 0.6，最低比例 16%，最低語音 0.35s
[recorder][flush] ❌ VAD 未達有效語音門檻，略過（語音比例不足 0.0% < 16%）
[recorder][VAD] Silero 語音幀 0/38 (0.0%)，有效語音 0.00s，信心閾值 0.6，最低比例 16%，最低語音 0.35s
[recorder][flush] ❌ VAD 未達有效語音門檻，略過（語音比例不足 0.0% < 16%）
[recorder][VAD] Silero 語音幀 0/31 (0.0%)，有效語音 0.00s，信心閾值 0.6，最低比例 16%，最低語音 0.35s
[recorder][flush] ❌ VAD 未達有效語音門檻，略過（語音比例不足 0.0% < 16%）
[recorder][VAD] Silero 語音幀 0/31 (0.0%)，有效語音 0.00s，信心閾值 0.6，最低比例 16%，最低語音 0.35s
[recorder][flush] ❌ VAD 未達有效語音門檻，略過（語音比例不足 0.0% < 16%）
[recorder][VAD] Silero 語音幀 0/31 (0.0%)，有效語音 0.00s，信心閾值 0.6，最低比例 16%，最低語音 0.35s
[recorder][flush] ❌ VAD 未達有效語音門檻，略過（語音比例不足 0.0% < 16%）
[recorder][VAD] Silero 語音幀 0/31 (0.0%)，有效語音 0.00s，信心閾值 0.6，最低比例 16%，最低語音 0.35s
[recorder][flush] ❌ VAD 未達有效語音門檻，略過（語音比例不足 0.0% < 16%）
[recorder][VAD] Silero 語音幀 0/38 (0.0%)，有效語音 0.00s，信心閾值 0.6，最低比例 16%，最低語音 0.35s
[recorder][flush] ❌ VAD 未達有效語音門檻，略過（語音比例不足 0.0% < 16%）
[main][01:25:13.896] ⌨️ 主快捷鍵觸發（Win32/逗號），keys=async_down=Ctrl,RCtrl; logical_down=Ctrl,RCtrl
[main][01:25:13.897] ⌨️ after(0) 執行延遲 0.4ms[main][01:25:13.898] ⏳ 預熱 idle 計時器啟動，10 分鐘後關閉麥克風

[recorder][stop] 錄音太短 (0.75s)，略過
[main][01:25:14.466] ⌨️ 主快捷鍵觸發（Win32/逗號），keys=async_down=Ctrl,RCtrl; logical_down=Ctrl,RCtrl
[main][01:25:14.467] ⌨️ after(0) 執行延遲 1.1ms
[tap]        [01:25:14.496] 💤 敲麥監聽已停止
[recorder][01:25:14] 🚀 預熱命中，直接開始錄音
[main][01:25:14.497] ⏱️ recorder.start() 耗時 0.3ms，ok=True
[tap]        [01:25:14.507] 🎙️ 敲麥監聽已啟動
[main][01:25:14.519] 🎙️ 開始錄音
[tap][dim]   [01:25:15.074] 持續=26ms 峰值=337 ✗弱
[tap][sample][01:25:15.813] 持續=739ms 峰值=12873 ✗長 K=3.2 CF=5.2 SC=1578Hz Att=75.0ms | fK=3.5 fCF=5.3 fSC=1578Hz fFlat=0.407 fHF=0.010
[tap][dim]   [01:25:15.875] 持續=62ms 峰值=559 ✗弱
[tap][sample][01:25:17.054] 持續=1125ms 峰值=12923 ✗長 K=3.8 CF=6.0 SC=1621Hz Att=27.7ms | fK=4.0 fCF=6.1 fSC=1625Hz fFlat=0.422 fHF=0.012
[tap][sample][01:25:17.766] 持續=675ms 峰值=9315 ✗長 K=3.3 CF=4.9 SC=2018Hz Att=55.3ms | fK=3.6 fCF=5.0 fSC=2021Hz fFlat=0.433 fHF=0.029
[tap][dim]   [01:25:17.793] 持續=27ms 峰值=330 ✗弱
[tap][sample][01:25:17.955] 持續=162ms 峰值=6766 ✗長 K=3.2 CF=4.9 SC=1611Hz Att=33.3ms | fK=4.5 fCF=5.4 fSC=1614Hz fFlat=0.294 fHF=0.009
[tap][dim]   [01:25:17.991] 持續=36ms 峰值=349 ✗弱
[tap][sample][01:25:18.495] 持續=504ms 峰值=5072 ✗長 K=1.0 CF=4.0 SC=1259Hz Att=290.9ms | fK=1.2 fCF=4.1 fSC=1257Hz fFlat=0.251 fHF=0.003
[tap][dim]   [01:25:18.530] 持續=36ms 峰值=581 ✗弱
[tap][dim]   [01:25:18.620] 持續=27ms 峰值=372 ✗弱
[tap][sample][01:25:18.891] 持續=270ms 峰值=6449 ✗長 K=3.3 CF=4.6 SC=1401Hz Att=156.7ms | fK=4.1 fCF=4.8 fSC=1399Hz fFlat=0.346 fHF=0.006
[tap][sample][01:25:19.368] 持續=424ms 峰值=7376 ✗長 K=2.9 CF=4.9 SC=1107Hz Att=37.1ms | fK=3.3 fCF=5.0 fSC=1109Hz fFlat=0.208 fHF=0.002
[tap][dim]   [01:25:19.430] 持續=36ms 峰值=575 ✗弱
[tap][sample][01:25:19.521] 持續=90ms 峰值=3225 ✓ K=2.1 CF=3.8 SC=2074Hz Att=51.6ms | fK=3.8 fCF=4.4 fSC=2096Hz fFlat=0.369 fHF=0.015 🎯 敲擊 #1
[tap][sample][01:25:20.132] 持續=576ms 峰值=5039 ✗長 K=3.4 CF=5.7 SC=1985Hz Att=466.8ms | fK=3.7 fCF=5.9 fSC=1987Hz fFlat=0.488 fHF=0.023
[tap][dim]   [01:25:21.257] 持續=45ms 峰值=386 ✗弱
[recorder][VAD] Silero 語音幀 147/209 (70.3%)，有效語音 4.70s，信心閾值 0.6，最低比例 16%，最低語音 0.35s
[recorder][flush] ✅ 取出 6.7s 音訊段落
[main][01:25:21.262] ✂️ 自動分段送出（靜音達1s，累積 6.7s，靜音 1.1s）
[tap][sample][01:25:21.986] 持續=729ms 峰值=6930 ✗長 K=2.4 CF=5.5 SC=1272Hz Att=100.8ms | fK=2.6 fCF=5.6 fSC=1270Hz fFlat=0.310 fHF=0.002
[tap][dim]   [01:25:22.013] 持續=27ms 峰值=535 ✗弱
[paster][01:25:22] 📏 [UIA] text='ctrl esc to focus or', text_after='', at_end=True, last_punct=False
[paster][01:25:22] 🔮 預取游標位置: at_end=True, last_punct=False (delay=0.47s, est_api=0.92s)
[tap][sample][01:25:22.337] 持續=324ms 峰值=3930 ✗長 K=7.7 CF=6.8 SC=1831Hz Att=18.9ms | fK=8.8 fCF=7.1 fSC=1831Hz fFlat=0.399 fHF=0.018
[tap][dim]   [01:25:22.815] 持續=28ms 峰值=496 ✗弱
[transcriber][01:25:22.929] ⏱️ API 耗時: 1.67s
[main][01:25:22.931] ✅ 分段辨識完成: "我發現不能拉超過自己的螢幕這個功能已經有了"
[paster][01:25:22] 🎯 PASTE: at_end=True, last_punct=False, add_prefix=True (prefetched), prefix='，', final='我發現不能拉超過自己的螢幕這個功能已經有了'
[paster][01:25:22] ⌨️ TEXT input flow start: target_chars=22，視窗="Add hover buttons to wav… - AI Whisper Next - Cursor [系統管理員]"，hwnd=0x00110a72，process=cursor.exe，class=Chrome_WidgetWin_1，focus=('Message input', 'messageInput_cKsPxg', '', 'EditControl')，verify_readable=True，keys_before=async_down=none; logical_down=none，text='，我發現不能拉超過自己的螢幕這個功能已經有了'
[paster][01:25:22] ⌨️ 直接輸入前釋放修飾鍵: released=none，keys_after_release=async_down=none; logical_down=none
[paster][01:25:22] ⌨️ TEXT input done: ok=True，keys_after_send=async_down=none; logical_down=none
[paster][01:25:22] ⏱️ 收到→直接輸入完成: 0.05s
[paster][01:25:23] ⌨️ TEXT input verify: ok=True，reason=changed
[tap][sample][01:25:23.174] 持續=359ms 峰值=9109 ✗長 K=3.5 CF=4.8 SC=1187Hz Att=121.1ms | fK=4.1 fCF=5.0 fSC=1192Hz fFlat=0.280 fHF=0.002
[tap][dim]   [01:25:23.210] 持續=36ms 峰值=426 ✗弱
[tap][sample][01:25:23.616] 持續=405ms 峰值=12087 ✗長 K=3.8 CF=4.5 SC=1077Hz Att=24.4ms | fK=4.3 fCF=4.6 fSC=1072Hz fFlat=0.193 fHF=0.001
[tap][dim]   [01:25:23.661] 持續=45ms 峰值=311 ✗弱
[tap][sample][01:25:24.354] 持續=666ms 峰值=5059 ✗長 K=3.2 CF=6.7 SC=2915Hz Att=526.2ms | fK=3.5 fCF=6.8 fSC=2919Hz fFlat=0.641 fHF=0.140
[tap][dim]   [01:25:24.380] 持續=27ms 峰值=470 ✗弱
[tap][sample][01:25:24.832] 持續=289ms 峰值=7319 ✗長 K=2.9 CF=5.1 SC=1432Hz Att=47.8ms | fK=3.6 fCF=5.3 fSC=1424Hz fFlat=0.333 fHF=0.008
[tap][dim]   [01:25:24.867] 持續=35ms 峰值=569 ✗弱
[tap][sample][01:25:25.128] 持續=261ms 峰值=4923 ✗長 K=1.8 CF=4.9 SC=3288Hz Att=49.4ms | fK=2.3 fCF=5.2 fSC=3292Hz fFlat=0.577 fHF=0.187
[tap][dim]   [01:25:25.155] 持續=27ms 峰值=495 ✗弱
[tap][sample][01:25:25.505] 持續=188ms 峰值=3219 ✗長 K=7.1 CF=7.8 SC=1819Hz Att=79.5ms | fK=8.6 fCF=8.4 fSC=1814Hz fFlat=0.382 fHF=0.019
[tap][dim]   [01:25:25.533] 持續=27ms 峰值=467 ✗弱
[tap][sample][01:25:25.695] 持續=162ms 峰值=3381 ✗長 K=9.0 CF=6.6 SC=1592Hz Att=27.8ms | fK=11.3 fCF=7.2 fSC=1589Hz fFlat=0.312 fHF=0.010
[tap][dim]   [01:25:25.794] 持續=27ms 峰值=575 ✗弱
[tap][sample][01:25:26.567] 持續=711ms 峰值=9829 ✗長 K=9.9 CF=6.7 SC=1493Hz Att=277.1ms | fK=10.4 fCF=6.9 fSC=1492Hz fFlat=0.373 fHF=0.007
[tap][dim]   [01:25:26.594] 持續=27ms 峰值=459 ✗弱
[recorder][VAD] Silero 語音幀 144/203 (70.9%)，有效語音 4.61s，信心閾值 0.6，最低比例 16%，最低語音 0.35s
[recorder][flush] ✅ 取出 6.5s 音訊段落
[main][01:25:27.766] ✂️ 自動分段送出（靜音達1s，累積 6.5s，靜音 1.1s）
[transcriber][01:25:28.658] ⏱️ API 耗時: 0.89s
[main][01:25:28.659] ✅ 分段辨識完成: "所以沒有問題，所以問題只剩下重置點了沒有反應"
[paster][01:25:28] 📏 [UIA] text='，我發現不能拉超過自己的螢幕這個功能已經', text_after='', at_end=True, last_punct=False
[paster][01:25:28] 🔮 預取游標位置: at_end=True, last_punct=False (delay=0.45s, est_api=0.90s)
[recorder][VAD] Silero 語音幀 0/37 (0.0%)，有效語音 0.00s，信心閾值 0.6，最低比例 16%，最低語音 0.35s
[recorder][flush] ❌ VAD 未達有效語音門檻，略過（語音比例不足 0.0% < 16%）
[paster][01:25:29] 📏 [UIA] text='，我發現不能拉超過自己的螢幕這個功能已經', text_after='', at_end=True, last_punct=False
[paster][01:25:29] 🎯 PASTE: at_end=True, last_punct=False, add_prefix=True, prefix='，', uia=505ms, final='所以沒有問題，所以問題只剩下重置點了沒有反應'
[paster][01:25:29] ⌨️ TEXT input flow start: target_chars=23，視窗="Add hover buttons to wav… - AI Whisper Next - Cursor [系統管理員]"，hwnd=0x00110a72，process=cursor.exe，class=Chrome_WidgetWin_1，focus=('Message input', 'messageInput_cKsPxg', '', 'EditControl')，verify_readable=True，keys_before=async_down=none; logical_down=none，text='，所以沒有問題，所以問題只剩下重置點了沒有反應'
[paster][01:25:29] ⌨️ 直接輸入前釋放修飾鍵: released=none，keys_after_release=async_down=none; logical_down=none
[paster][01:25:29] ⌨️ TEXT input done: ok=True，keys_after_send=async_down=none; logical_down=none
[paster][01:25:29] ⏱️ 收到→直接輸入完成: 0.53s
[paster][01:25:29] ⌨️ TEXT input verify: ok=True，reason=changed
[recorder][VAD] Silero 語音幀 0/31 (0.0%)，有效語音 0.00s，信心閾值 0.6，最低比例 16%，最低語音 0.35s
[recorder][flush] ❌ VAD 未達有效語音門檻，略過（語音比例不足 0.0% < 16%）
[recorder][VAD] Silero 語音幀 0/38 (0.0%)，有效語音 0.00s，信心閾值 0.6，最低比例 16%，最低語音 0.35s
[recorder][flush] ❌ VAD 未達有效語音門檻，略過（語音比例不足 0.0% < 16%）
[recorder][VAD] Silero 語音幀 0/31 (0.0%)，有效語音 0.00s，信心閾值 0.6，最低比例 16%，最低語音 0.35s
[recorder][flush] ❌ VAD 未達有效語音門檻，略過（語音比例不足 0.0% < 16%）
[recorder][VAD] Silero 語音幀 0/31 (0.0%)，有效語音 0.00s，信心閾值 0.6，最低比例 16%，最低語音 0.35s
[recorder][flush] ❌ VAD 未達有效語音門檻，略過（語音比例不足 0.0% < 16%）
[recorder][VAD] Silero 語音幀 0/38 (0.0%)，有效語音 0.00s，信心閾值 0.6，最低比例 16%，最低語音 0.35s
[recorder][flush] ❌ VAD 未達有效語音門檻，略過（語音比例不足 0.0% < 16%）
[recorder][VAD] Silero 語音幀 0/31 (0.0%)，有效語音 0.00s，信心閾值 0.6，最低比例 16%，最低語音 0.35s
[recorder][flush] ❌ VAD 未達有效語音門檻，略過（語音比例不足 0.0% < 16%）
[recorder][VAD] Silero 語音幀 0/31 (0.0%)，有效語音 0.00s，信心閾值 0.6，最低比例 16%，最低語音 0.35s
[recorder][flush] ❌ VAD 未達有效語音門檻，略過（語音比例不足 0.0% < 16%）
[recorder][VAD] Silero 語音幀 0/31 (0.0%)，有效語音 0.00s，信心閾值 0.6，最低比例 16%，最低語音 0.35s
[recorder][flush] ❌ VAD 未達有效語音門檻，略過（語音比例不足 0.0% < 16%）
[recorder][VAD] Silero 語音幀 0/38 (0.0%)，有效語音 0.00s，信心閾值 0.6，最低比例 16%，最低語音 0.35s
[recorder][flush] ❌ VAD 未達有效語音門檻，略過（語音比例不足 0.0% < 16%）
[recorder][VAD] Silero 語音幀 0/31 (0.0%)，有效語音 0.00s，信心閾值 0.6，最低比例 16%，最低語音 0.35s
[recorder][flush] ❌ VAD 未達有效語音門檻，略過（語音比例不足 0.0% < 16%）
[recorder][VAD] Silero 語音幀 0/38 (0.0%)，有效語音 0.00s，信心閾值 0.6，最低比例 16%，最低語音 0.35s
[recorder][flush] ❌ VAD 未達有效語音門檻，略過（語音比例不足 0.0% < 16%）
[recorder][VAD] Silero 語音幀 0/31 (0.0%)，有效語音 0.00s，信心閾值 0.6，最低比例 16%，最低語音 0.35s
[recorder][flush] ❌ VAD 未達有效語音門檻，略過（語音比例不足 0.0% < 16%）
[recorder][VAD] Silero 語音幀 0/31 (0.0%)，有效語音 0.00s，信心閾值 0.6，最低比例 16%，最低語音 0.35s
[recorder][flush] ❌ VAD 未達有效語音門檻，略過（語音比例不足 0.0% < 16%）
[recorder][VAD] Silero 語音幀 0/31 (0.0%)，有效語音 0.00s，信心閾值 0.6，最低比例 16%，最低語音 0.35s
[recorder][flush] ❌ VAD 未達有效語音門檻，略過（語音比例不足 0.0% < 16%）
[recorder][VAD] Silero 語音幀 0/38 (0.0%)，有效語音 0.00s，信心閾值 0.6，最低比例 16%，最低語音 0.35s
[recorder][flush] ❌ VAD 未達有效語音門檻，略過（語音比例不足 0.0% < 16%）
[recorder][VAD] Silero 語音幀 0/31 (0.0%)，有效語音 0.00s，信心閾值 0.6，最低比例 16%，最低語音 0.35s
[recorder][flush] ❌ VAD 未達有效語音門檻，略過（語音比例不足 0.0% < 16%）
[recorder][VAD] Silero 語音幀 0/31 (0.0%)，有效語音 0.00s，信心閾值 0.6，最低比例 16%，最低語音 0.35s
[recorder][flush] ❌ VAD 未達有效語音門檻，略過（語音比例不足 0.0% < 16%）
[recorder][VAD] Silero 語音幀 0/38 (0.0%)，有效語音 0.00s，信心閾值 0.6，最低比例 16%，最低語音 0.35s
[recorder][flush] ❌ VAD 未達有效語音門檻，略過（語音比例不足 0.0% < 16%）
[recorder][VAD] Silero 語音幀 0/38 (0.0%)，有效語音 0.00s，信心閾值 0.6，最低比例 16%，最低語音 0.35s
[recorder][flush] ❌ VAD 未達有效語音門檻，略過（語音比例不足 0.0% < 16%）
[recorder][VAD] Silero 語音幀 0/31 (0.0%)，有效語音 0.00s，信心閾值 0.6，最低比例 16%，最低語音 0.35s
[recorder][flush] ❌ VAD 未達有效語音門檻，略過（語音比例不足 0.0% < 16%）
[recorder][VAD] Silero 語音幀 0/31 (0.0%)，有效語音 0.00s，信心閾值 0.6，最低比例 16%，最低語音 0.35s
[recorder][flush] ❌ VAD 未達有效語音門檻，略過（語音比例不足 0.0% < 16%）
[recorder][VAD] Silero 語音幀 0/31 (0.0%)，有效語音 0.00s，信心閾值 0.6，最低比例 16%，最低語音 0.35s
[recorder][flush] ❌ VAD 未達有效語音門檻，略過（語音比例不足 0.0% < 16%）
[recorder][VAD] Silero 語音幀 0/32 (0.0%)，有效語音 0.00s，信心閾值 0.6，最低比例 16%，最低語音 0.35s
[recorder][flush] ❌ VAD 未達有效語音門檻，略過（語音比例不足 0.0% < 16%）
[recorder][VAD] Silero 語音幀 0/37 (0.0%)，有效語音 0.00s，信心閾值 0.6，最低比例 16%，最低語音 0.35s
[recorder][flush] ❌ VAD 未達有效語音門檻，略過（語音比例不足 0.0% < 16%）
[recorder][VAD] Silero 語音幀 0/31 (0.0%)，有效語音 0.00s，信心閾值 0.6，最低比例 16%，最低語音 0.35s
[recorder][flush] ❌ VAD 未達有效語音門檻，略過（語音比例不足 0.0% < 16%）
[recorder][VAD] Silero 語音幀 0/32 (0.0%)，有效語音 0.00s，信心閾值 0.6，最低比例 16%，最低語音 0.35s
[recorder][flush] ❌ VAD 未達有效語音門檻，略過（語音比例不足 0.0% < 16%）
[recorder][VAD] Silero 語音幀 0/37 (0.0%)，有效語音 0.00s，信心閾值 0.6，最低比例 16%，最低語音 0.35s
[recorder][flush] ❌ VAD 未達有效語音門檻，略過（語音比例不足 0.0% < 16%）
[recorder][VAD] Silero 語音幀 0/31 (0.0%)，有效語音 0.00s，信心閾值 0.6，最低比例 16%，最低語音 0.35s
[recorder][flush] ❌ VAD 未達有效語音門檻，略過（語音比例不足 0.0% < 16%）
[recorder][VAD] Silero 語音幀 0/38 (0.0%)，有效語音 0.00s，信心閾值 0.6，最低比例 16%，最低語音 0.35s
[recorder][flush] ❌ VAD 未達有效語音門檻，略過（語音比例不足 0.0% < 16%）
[recorder][VAD] Silero 語音幀 0/31 (0.0%)，有效語音 0.00s，信心閾值 0.6，最低比例 16%，最低語音 0.35s
[recorder][flush] ❌ VAD 未達有效語音門檻，略過（語音比例不足 0.0% < 16%）
[recorder][VAD] Silero 語音幀 0/31 (0.0%)，有效語音 0.00s，信心閾值 0.6，最低比例 16%，最低語音 0.35s
[recorder][flush] ❌ VAD 未達有效語音門檻，略過（語音比例不足 0.0% < 16%）
[recorder][VAD] Silero 語音幀 0/38 (0.0%)，有效語音 0.00s，信心閾值 0.6，最低比例 16%，最低語音 0.35s
[recorder][flush] ❌ VAD 未達有效語音門檻，略過（語音比例不足 0.0% < 16%）
[recorder][VAD] Silero 語音幀 0/31 (0.0%)，有效語音 0.00s，信心閾值 0.6，最低比例 16%，最低語音 0.35s
[recorder][flush] ❌ VAD 未達有效語音門檻，略過（語音比例不足 0.0% < 16%）
[recorder][VAD] Silero 語音幀 0/31 (0.0%)，有效語音 0.00s，信心閾值 0.6，最低比例 16%，最低語音 0.35s
[recorder][flush] ❌ VAD 未達有效語音門檻，略過（語音比例不足 0.0% < 16%）
[recorder][VAD] Silero 語音幀 0/31 (0.0%)，有效語音 0.00s，信心閾值 0.6，最低比例 16%，最低語音 0.35s
[recorder][flush] ❌ VAD 未達有效語音門檻，略過（語音比例不足 0.0% < 16%）
[recorder][VAD] Silero 語音幀 0/38 (0.0%)，有效語音 0.00s，信心閾值 0.6，最低比例 16%，最低語音 0.35s
[recorder][flush] ❌ VAD 未達有效語音門檻，略過（語音比例不足 0.0% < 16%）
[recorder][VAD] Silero 語音幀 0/38 (0.0%)，有效語音 0.00s，信心閾值 0.6，最低比例 16%，最低語音 0.35s
[recorder][flush] ❌ VAD 未達有效語音門檻，略過（語音比例不足 0.0% < 16%）
[recorder][VAD] Silero 語音幀 0/31 (0.0%)，有效語音 0.00s，信心閾值 0.6，最低比例 16%，最低語音 0.35s
[recorder][flush] ❌ VAD 未達有效語音門檻，略過（語音比例不足 0.0% < 16%）
[recorder][VAD] Silero 語音幀 0/31 (0.0%)，有效語音 0.00s，信心閾值 0.6，最低比例 16%，最低語音 0.35s
[recorder][flush] ❌ VAD 未達有效語音門檻，略過（語音比例不足 0.0% < 16%）
[recorder][VAD] Silero 語音幀 0/31 (0.0%)，有效語音 0.00s，信心閾值 0.6，最低比例 16%，最低語音 0.35s
[recorder][flush] ❌ VAD 未達有效語音門檻，略過（語音比例不足 0.0% < 16%）
[tap][sample][01:26:13.376] 持續=279ms 峰值=8913 ✗長 K=3.7 CF=5.5 SC=1055Hz Att=247.6ms | fK=4.4 fCF=5.8 fSC=1046Hz fFlat=0.182 fHF=0.001
[tap][dim]   [01:26:13.413] 持續=36ms 峰值=568 ✗弱
[tap][sample][01:26:13.700] 持續=288ms 峰值=7763 ✗長 K=0.3 CF=4.8 SC=981Hz Att=4.7ms | fK=0.7 fCF=5.0 fSC=1050Hz fFlat=0.229 fHF=0.001
[tap][dim]   [01:26:13.736] 持續=36ms 峰值=542 ✗弱
[tap][sample][01:26:14.600] 持續=864ms 峰值=6542 ✗長 K=2.0 CF=4.8 SC=2222Hz Att=154.3ms | fK=2.2 fCF=4.9 fSC=2223Hz fFlat=0.521 fHF=0.030
[tap][sample][01:26:14.969] 持續=342ms 峰值=4820 ✗長 K=2.6 CF=4.7 SC=3136Hz Att=184.5ms | fK=3.0 fCF=4.9 fSC=3134Hz fFlat=0.543 fHF=0.150
[tap][dim]   [01:26:15.015] 持續=45ms 峰值=548 ✗弱
[tap][dim]   [01:26:15.266] 持續=36ms 峰值=522 ✗弱
[tap][sample][01:26:15.419] 持續=153ms 峰值=2998 ✗長 K=6.8 CF=7.7 SC=1459Hz Att=103.9ms | fK=8.8 fCF=8.5 fSC=1457Hz fFlat=0.238 fHF=0.004
[tap][sample][01:26:15.681] 持續=180ms 峰值=1817 ✗長 K=0.7 CF=4.4 SC=1356Hz Att=4.3ms | fK=1.2 fCF=4.8 fSC=1346Hz fFlat=0.323 fHF=0.003
[tap][dim]   [01:26:15.716] 持續=36ms 峰值=442 ✗弱
[tap][sample][01:26:15.933] 持續=216ms 峰值=3333 ✗長 K=4.1 CF=6.6 SC=1540Hz Att=0.1ms | fK=5.0 fCF=7.0 fSC=1538Hz fFlat=0.298 fHF=0.009
[tap][dim]   [01:26:16.004] 持續=72ms 峰值=553 ✗弱
[tap][sample][01:26:16.292] 持續=198ms 峰值=5766 ✗長 K=3.3 CF=4.7 SC=895Hz Att=71.9ms | fK=4.3 fCF=5.1 fSC=892Hz fFlat=0.145 fHF=0.000
[tap][dim]   [01:26:16.320] 持續=27ms 峰值=578 ✗弱
[tap][sample][01:26:16.518] 持續=162ms 峰值=2638 ✗長 K=6.6 CF=7.6 SC=1818Hz Att=3.8ms | fK=8.4 fCF=8.3 fSC=1831Hz fFlat=0.304 fHF=0.021
[tap][dim]   [01:26:16.617] 持續=36ms 峰值=584 ✗弱
[recorder][VAD] Silero 語音幀 105/171 (61.4%)，有效語音 3.36s，信心閾值 0.6，最低比例 16%，最低語音 0.35s
[recorder][flush] ✅ 取出 5.5s 音訊段落
[main][01:26:17.726] ✂️ 自動分段送出（靜音達1s，累積 5.5s，靜音 1.1s）
[paster][01:26:18] 📏 [UIA] text='Queue another messag', text_after='', at_end=True, last_punct=True
[paster][01:26:18] 🔮 預取游標位置: at_end=True, last_punct=True (delay=0.35s, est_api=0.80s)
[transcriber][01:26:18.637] ⏱️ API 耗時: 0.91s
[main][01:26:18.638] ✅ 分段辨識完成: "你要不要加一些日誌來看看問題"
[paster][01:26:18] 🎯 PASTE: at_end=True, last_punct=True, add_prefix=False (prefetched), prefix='，', final='你要不要加一些日誌來看看問題'
[paster][01:26:18] ⌨️ TEXT input flow start: target_chars=14，視窗="Add hover buttons to wav… - AI Whisper Next - Cursor [系統管理員]"，hwnd=0x00110a72，process=cursor.exe，class=Chrome_WidgetWin_1，focus=('Message input', 'messageInput_cKsPxg', '', 'EditControl')，verify_readable=True，keys_before=async_down=none; logical_down=none，text='你要不要加一些日誌來看看問題'
[paster][01:26:18] ⌨️ 直接輸入前釋放修飾鍵: released=none，keys_after_release=async_down=none; logical_down=none
[paster][01:26:18] ⌨️ TEXT input done: ok=True，keys_after_send=async_down=none; logical_down=none
[paster][01:26:18] ⏱️ 收到→直接輸入完成: 0.04s
[paster][01:26:18] ⌨️ TEXT input verify: ok=True，reason=changed
[recorder][VAD] Silero 語音幀 0/38 (0.0%)，有效語音 0.00s，信心閾值 0.6，最低比例 16%，最低語音 0.35s
[recorder][flush] ❌ VAD 未達有效語音門檻，略過（語音比例不足 0.0% < 16%）
[recorder][VAD] Silero 語音幀 0/31 (0.0%)，有效語音 0.00s，信心閾值 0.6，最低比例 16%，最低語音 0.35s
[recorder][flush] ❌ VAD 未達有效語音門檻，略過（語音比例不足 0.0% < 16%）
[recorder][VAD] Silero 語音幀 0/31 (0.0%)，有效語音 0.00s，信心閾值 0.6，最低比例 16%，最低語音 0.35s
[recorder][flush] ❌ VAD 未達有效語音門檻，略過（語音比例不足 0.0% < 16%）
[recorder][VAD] Silero 語音幀 0/31 (0.0%)，有效語音 0.00s，信心閾值 0.6，最低比例 16%，最低語音 0.35s
[recorder][flush] ❌ VAD 未達有效語音門檻，略過（語音比例不足 0.0% < 16%）
[recorder][VAD] Silero 語音幀 0/32 (0.0%)，有效語音 0.00s，信心閾值 0.6，最低比例 16%，最低語音 0.35s
[recorder][flush] ❌ VAD 未達有效語音門檻，略過（語音比例不足 0.0% < 16%）
[recorder][VAD] Silero 語音幀 0/37 (0.0%)，有效語音 0.00s，信心閾值 0.6，最低比例 16%，最低語音 0.35s
[recorder][flush] ❌ VAD 未達有效語音門檻，略過（語音比例不足 0.0% < 16%）
[recorder][VAD] Silero 語音幀 0/31 (0.0%)，有效語音 0.00s，信心閾值 0.6，最低比例 16%，最低語音 0.35s
[recorder][flush] ❌ VAD 未達有效語音門檻，略過（語音比例不足 0.0% < 16%）
[recorder][VAD] Silero 語音幀 0/32 (0.0%)，有效語音 0.00s，信心閾值 0.6，最低比例 16%，最低語音 0.35s
[recorder][flush] ❌ VAD 未達有效語音門檻，略過（語音比例不足 0.0% < 16%）
[recorder][VAD] Silero 語音幀 0/37 (0.0%)，有效語音 0.00s，信心閾值 0.6，最低比例 16%，最低語音 0.35s
[recorder][flush] ❌ VAD 未達有效語音門檻，略過（語音比例不足 0.0% < 16%）
[recorder][flush] 段落太短 (0.21s)，略過
[recorder][flush] 段落太短 (0.21s)，略過
[recorder][flush] 段落太短 (0.21s)，略過
[recorder][flush] 段落太短 (0.21s)，略過
[recorder][flush] 段落太短 (0.18s)，略過
[recorder][flush] 段落太短 (0.21s)，略過[recorder][flush] 段落太短 (0.21s)，略過[recorder][flush] 段落太短 (0.18s)，略過[recorder][flush] 段落太短 (0.21s)，略過[recorder][flush] 段落太短 (0.21s)，略過
[recorder][flush] 段落太短 (0.21s)，略過



[recorder][flush] 段落太短 (0.21s)，略過
[recorder][flush] 段落太短 (0.18s)，略過[recorder][flush] 段落太短 (0.21s)，略過[recorder][flush] 段落太短 (0.21s)，略過[recorder][flush] 段落太短 (0.21s)，略過
[recorder][flush] 段落太短 (0.18s)，略過



[recorder][flush] 段落太短 (0.21s)，略過
[recorder][flush] 段落太短 (0.23s)，略過[recorder][flush] 段落太短 (0.18s)，略過[recorder][flush] 段落太短 (0.21s)，略過[recorder][flush] 段落太短 (0.21s)，略過
[recorder][flush] 段落太短 (0.21s)，略過



[recorder][flush] 段落太短 (0.18s)，略過
[recorder][flush] 段落太短 (0.21s)，略過

[recorder][VAD] Silero 語音幀 0/38 (0.0%)，有效語音 0.00s，信心閾值 0.6，最低比例 16%，最低語音 0.35s
[recorder][flush] ❌ VAD 未達有效語音門檻，略過（語音比例不足 0.0% < 16%）
[recorder][VAD] Silero 語音幀 0/31 (0.0%)，有效語音 0.00s，信心閾值 0.6，最低比例 16%，最低語音 0.35s
[recorder][flush] ❌ VAD 未達有效語音門檻，略過（語音比例不足 0.0% < 16%）
[recorder][VAD] Silero 語音幀 0/31 (0.0%)，有效語音 0.00s，信心閾值 0.6，最低比例 16%，最低語音 0.35s
[recorder][flush] ❌ VAD 未達有效語音門檻，略過（語音比例不足 0.0% < 16%）
[recorder][VAD] Silero 語音幀 0/38 (0.0%)，有效語音 0.00s，信心閾值 0.6，最低比例 16%，最低語音 0.35s
[recorder][flush] ❌ VAD 未達有效語音門檻，略過（語音比例不足 0.0% < 16%）
[recorder][VAD] Silero 語音幀 0/38 (0.0%)，有效語音 0.00s，信心閾值 0.6，最低比例 16%，最低語音 0.35s
[recorder][flush] ❌ VAD 未達有效語音門檻，略過（語音比例不足 0.0% < 16%）
[recorder][VAD] Silero 語音幀 0/31 (0.0%)，有效語音 0.00s，信心閾值 0.6，最低比例 16%，最低語音 0.35s
[recorder][flush] ❌ VAD 未達有效語音門檻，略過（語音比例不足 0.0% < 16%）
[recorder][VAD] Silero 語音幀 0/38 (0.0%)，有效語音 0.00s，信心閾值 0.6，最低比例 16%，最低語音 0.35s
[recorder][flush] ❌ VAD 未達有效語音門檻，略過（語音比例不足 0.0% < 16%）
[recorder][VAD] Silero 語音幀 0/31 (0.0%)，有效語音 0.00s，信心閾值 0.6，最低比例 16%，最低語音 0.35s
[recorder][flush] ❌ VAD 未達有效語音門檻，略過（語音比例不足 0.0% < 16%）
[recorder][VAD] Silero 語音幀 0/31 (0.0%)，有效語音 0.00s，信心閾值 0.6，最低比例 16%，最低語音 0.35s
[recorder][flush] ❌ VAD 未達有效語音門檻，略過（語音比例不足 0.0% < 16%）
[recorder][VAD] Silero 語音幀 0/38 (0.0%)，有效語音 0.00s，信心閾值 0.6，最低比例 16%，最低語音 0.35s
[recorder][flush] ❌ VAD 未達有效語音門檻，略過（語音比例不足 0.0% < 16%）
[recorder][VAD] Silero 語音幀 0/31 (0.0%)，有效語音 0.00s，信心閾值 0.6，最低比例 16%，最低語音 0.35s
[recorder][flush] ❌ VAD 未達有效語音門檻，略過（語音比例不足 0.0% < 16%）
[recorder][VAD] Silero 語音幀 0/31 (0.0%)，有效語音 0.00s，信心閾值 0.6，最低比例 16%，最低語音 0.35s
[recorder][flush] ❌ VAD 未達有效語音門檻，略過（語音比例不足 0.0% < 16%）
[recorder][VAD] Silero 語音幀 0/38 (0.0%)，有效語音 0.00s，信心閾值 0.6，最低比例 16%，最低語音 0.35s
[recorder][flush] ❌ VAD 未達有效語音門檻，略過（語音比例不足 0.0% < 16%）
[recorder][VAD] Silero 語音幀 0/31 (0.0%)，有效語音 0.00s，信心閾值 0.6，最低比例 16%，最低語音 0.35s
[recorder][flush] ❌ VAD 未達有效語音門檻，略過（語音比例不足 0.0% < 16%）
[recorder][VAD] Silero 語音幀 0/31 (0.0%)，有效語音 0.00s，信心閾值 0.6，最低比例 16%，最低語音 0.35s
[recorder][flush] ❌ VAD 未達有效語音門檻，略過（語音比例不足 0.0% < 16%）
[recorder][VAD] Silero 語音幀 0/31 (0.0%)，有效語音 0.00s，信心閾值 0.6，最低比例 16%，最低語音 0.35s
[recorder][flush] ❌ VAD 未達有效語音門檻，略過（語音比例不足 0.0% < 16%）
[recorder][VAD] Silero 語音幀 0/31 (0.0%)，有效語音 0.00s，信心閾值 0.6，最低比例 16%，最低語音 0.35s
[recorder][flush] ❌ VAD 未達有效語音門檻，略過（語音比例不足 0.0% < 16%）
[recorder][VAD] Silero 語音幀 0/38 (0.0%)，有效語音 0.00s，信心閾值 0.6，最低比例 16%，最低語音 0.35s
[recorder][flush] ❌ VAD 未達有效語音門檻，略過（語音比例不足 0.0% < 16%）
[recorder][VAD] Silero 語音幀 0/38 (0.0%)，有效語音 0.00s，信心閾值 0.6，最低比例 16%，最低語音 0.35s
[recorder][flush] ❌ VAD 未達有效語音門檻，略過（語音比例不足 0.0% < 16%）
[recorder][VAD] Silero 語音幀 0/31 (0.0%)，有效語音 0.00s，信心閾值 0.6，最低比例 16%，最低語音 0.35s
[recorder][flush] ❌ VAD 未達有效語音門檻，略過（語音比例不足 0.0% < 16%）
[recorder][VAD] Silero 語音幀 0/31 (0.0%)，有效語音 0.00s，信心閾值 0.6，最低比例 16%，最低語音 0.35s
[recorder][flush] ❌ VAD 未達有效語音門檻，略過（語音比例不足 0.0% < 16%）
[recorder][VAD] Silero 語音幀 0/31 (0.0%)，有效語音 0.00s，信心閾值 0.6，最低比例 16%，最低語音 0.35s
[recorder][flush] ❌ VAD 未達有效語音門檻，略過（語音比例不足 0.0% < 16%）
[recorder][VAD] Silero 語音幀 0/31 (0.0%)，有效語音 0.00s，信心閾值 0.6，最低比例 16%，最低語音 0.35s
[recorder][flush] ❌ VAD 未達有效語音門檻，略過（語音比例不足 0.0% < 16%）
[recorder][VAD] Silero 語音幀 0/38 (0.0%)，有效語音 0.00s，信心閾值 0.6，最低比例 16%，最低語音 0.35s
[recorder][flush] ❌ VAD 未達有效語音門檻，略過（語音比例不足 0.0% < 16%）
[recorder][VAD] Silero 語音幀 0/38 (0.0%)，有效語音 0.00s，信心閾值 0.6，最低比例 16%，最低語音 0.35s
[recorder][flush] ❌ VAD 未達有效語音門檻，略過（語音比例不足 0.0% < 16%）
[recorder][VAD] Silero 語音幀 0/31 (0.0%)，有效語音 0.00s，信心閾值 0.6，最低比例 16%，最低語音 0.35s
[recorder][flush] ❌ VAD 未達有效語音門檻，略過（語音比例不足 0.0% < 16%）
[recorder][VAD] Silero 語音幀 0/38 (0.0%)，有效語音 0.00s，信心閾值 0.6，最低比例 16%，最低語音 0.35s
[recorder][flush] ❌ VAD 未達有效語音門檻，略過（語音比例不足 0.0% < 16%）
[recorder][VAD] Silero 語音幀 0/31 (0.0%)，有效語音 0.00s，信心閾值 0.6，最低比例 16%，最低語音 0.35s
[recorder][flush] ❌ VAD 未達有效語音門檻，略過（語音比例不足 0.0% < 16%）
[recorder][VAD] Silero 語音幀 0/31 (0.0%)，有效語音 0.00s，信心閾值 0.6，最低比例 16%，最低語音 0.35s
[recorder][flush] ❌ VAD 未達有效語音門檻，略過（語音比例不足 0.0% < 16%）
[recorder][VAD] Silero 語音幀 0/31 (0.0%)，有效語音 0.00s，信心閾值 0.6，最低比例 16%，最低語音 0.35s
[recorder][flush] ❌ VAD 未達有效語音門檻，略過（語音比例不足 0.0% < 16%）
[recorder][VAD] Silero 語音幀 0/38 (0.0%)，有效語音 0.00s，信心閾值 0.6，最低比例 16%，最低語音 0.35s
[recorder][flush] ❌ VAD 未達有效語音門檻，略過（語音比例不足 0.0% < 16%）
[recorder][VAD] Silero 語音幀 0/31 (0.0%)，有效語音 0.00s，信心閾值 0.6，最低比例 16%，最低語音 0.35s
[recorder][flush] ❌ VAD 未達有效語音門檻，略過（語音比例不足 0.0% < 16%）
[recorder][VAD] Silero 語音幀 0/31 (0.0%)，有效語音 0.00s，信心閾值 0.6，最低比例 16%，最低語音 0.35s
[recorder][flush] ❌ VAD 未達有效語音門檻，略過（語音比例不足 0.0% < 16%）
[recorder][VAD] Silero 語音幀 0/38 (0.0%)，有效語音 0.00s，信心閾值 0.6，最低比例 16%，最低語音 0.35s
[recorder][flush] ❌ VAD 未達有效語音門檻，略過（語音比例不足 0.0% < 16%）
[recorder][VAD] Silero 語音幀 0/31 (0.0%)，有效語音 0.00s，信心閾值 0.6，最低比例 16%，最低語音 0.35s
[recorder][flush] ❌ VAD 未達有效語音門檻，略過（語音比例不足 0.0% < 16%）
[recorder][VAD] Silero 語音幀 0/31 (0.0%)，有效語音 0.00s，信心閾值 0.6，最低比例 16%，最低語音 0.35s
[recorder][flush] ❌ VAD 未達有效語音門檻，略過（語音比例不足 0.0% < 16%）
[recorder][VAD] Silero 語音幀 0/38 (0.0%)，有效語音 0.00s，信心閾值 0.6，最低比例 16%，最低語音 0.35s
[recorder][flush] ❌ VAD 未達有效語音門檻，略過（語音比例不足 0.0% < 16%）
[recorder][VAD] Silero 語音幀 0/31 (0.0%)，有效語音 0.00s，信心閾值 0.6，最低比例 16%，最低語音 0.35s
[recorder][flush] ❌ VAD 未達有效語音門檻，略過（語音比例不足 0.0% < 16%）
[recorder][VAD] Silero 語音幀 0/31 (0.0%)，有效語音 0.00s，信心閾值 0.6，最低比例 16%，最低語音 0.35s
[recorder][flush] ❌ VAD 未達有效語音門檻，略過（語音比例不足 0.0% < 16%）
[recorder][VAD] Silero 語音幀 0/38 (0.0%)，有效語音 0.00s，信心閾值 0.6，最低比例 16%，最低語音 0.35s
[recorder][flush] ❌ VAD 未達有效語音門檻，略過（語音比例不足 0.0% < 16%）
[recorder][VAD] Silero 語音幀 0/31 (0.0%)，有效語音 0.00s，信心閾值 0.6，最低比例 16%，最低語音 0.35s
[recorder][flush] ❌ VAD 未達有效語音門檻，略過（語音比例不足 0.0% < 16%）
[recorder][VAD] Silero 語音幀 0/31 (0.0%)，有效語音 0.00s，信心閾值 0.6，最低比例 16%，最低語音 0.35s
[recorder][flush] ❌ VAD 未達有效語音門檻，略過（語音比例不足 0.0% < 16%）
[recorder][VAD] Silero 語音幀 0/31 (0.0%)，有效語音 0.00s，信心閾值 0.6，最低比例 16%，最低語音 0.35s
[recorder][flush] ❌ VAD 未達有效語音門檻，略過（語音比例不足 0.0% < 16%）
[recorder][VAD] Silero 語音幀 0/31 (0.0%)，有效語音 0.00s，信心閾值 0.6，最低比例 16%，最低語音 0.35s
[recorder][flush] ❌ VAD 未達有效語音門檻，略過（語音比例不足 0.0% < 16%）
[recorder][VAD] Silero 語音幀 0/38 (0.0%)，有效語音 0.00s，信心閾值 0.6，最低比例 16%，最低語音 0.35s
[recorder][flush] ❌ VAD 未達有效語音門檻，略過（語音比例不足 0.0% < 16%）
[recorder][VAD] Silero 語音幀 0/38 (0.0%)，有效語音 0.00s，信心閾值 0.6，最低比例 16%，最低語音 0.35s
[recorder][flush] ❌ VAD 未達有效語音門檻，略過（語音比例不足 0.0% < 16%）
[recorder][VAD] Silero 語音幀 0/31 (0.0%)，有效語音 0.00s，信心閾值 0.6，最低比例 16%，最低語音 0.35s
[recorder][flush] ❌ VAD 未達有效語音門檻，略過（語音比例不足 0.0% < 16%）
[recorder][VAD] Silero 語音幀 0/32 (0.0%)，有效語音 0.00s，信心閾值 0.6，最低比例 16%，最低語音 0.35s
[recorder][flush] ❌ VAD 未達有效語音門檻，略過（語音比例不足 0.0% < 16%）
[tap]        [01:27:25.197] 💤 敲麥監聽已停止
[recorder][01:27:25] 💤 預熱 stream 已關閉
