[main] LOG -> F:\Cursor\AI Whisper Next\ai_whisper_20260517_040237.log
[settings] config loaded from F:\Cursor\AI Whisper Next\config.json
[main][04:02:37.981] ✅ 快捷鍵 ctrl+f12（句號）、ctrl+f11（逗號）已註冊
[input][04:02:37.981] ✅ Ctrl狀態防護已啟動
[tap]        [04:02:37.982] ⏳ 等待 MIC 裝置：DJI input endpoints are present but none produced callbacks (23 耳機 (@System32\drivers\bthhfenum.sys,#2;%1 Hands-Free AG Audio%0  ;(DJI Mic Mini-E2C662)) / Windows WDM-KS / 8000Hz -> device not ready)，2s 後重試[main][04:02:37.982] ✅ 記憶快捷鍵 5/5 已註冊 (Win32)

[recorder][VAD] 載入 Silero VAD 模型...
[tap]        [04:02:39.984] ⏳ 等待 MIC 裝置：DJI input endpoints are present but none produced callbacks (23 耳機 (@System32\drivers\bthhfenum.sys,#2;%1 Hands-Free AG Audio%0  ;(DJI Mic Mini-E2C662)) / Windows WDM-KS / 8000Hz -> device not ready)，2s 後重試
Using cache found in C:\Users\Administrator/.cache\torch\hub\snakers4_silero-vad_master
[recorder][VAD] Silero VAD 模型載入完成
[tap]        [04:02:41.998] ⏳ 等待 MIC 裝置：DJI input endpoints are present but none produced callbacks (23 耳機 (@System32\drivers\bthhfenum.sys,#2;%1 Hands-Free AG Audio%0  ;(DJI Mic Mini-E2C662)) / Windows WDM-KS / 8000Hz -> device not ready)，2s 後重試
[tap]        [04:02:44.010] ⏳ 等待 MIC 裝置：DJI input endpoints are present but none produced callbacks (23 耳機 (@System32\drivers\bthhfenum.sys,#2;%1 Hands-Free AG Audio%0  ;(DJI Mic Mini-E2C662)) / Windows WDM-KS / 8000Hz -> device not ready)，2s 後重試
[tap]        [04:02:46.024] ⏳ 等待 MIC 裝置：DJI input endpoints are present but none produced callbacks (23 耳機 (@System32\drivers\bthhfenum.sys,#2;%1 Hands-Free AG Audio%0  ;(DJI Mic Mini-E2C662)) / Windows WDM-KS / 8000Hz -> device not ready)，2s 後重試
[tap]        [04:02:48.032] ⏳ 等待 MIC 裝置：DJI input endpoints are present but none produced callbacks (23 耳機 (@System32\drivers\bthhfenum.sys,#2;%1 Hands-Free AG Audio%0  ;(DJI Mic Mini-E2C662)) / Windows WDM-KS / 8000Hz -> device not ready)，2s 後重試
[tap]        [04:02:50.036] ⏳ 等待 MIC 裝置：DJI input endpoints are present but none produced callbacks (23 耳機 (@System32\drivers\bthhfenum.sys,#2;%1 Hands-Free AG Audio%0  ;(DJI Mic Mini-E2C662)) / Windows WDM-KS / 8000Hz -> device not ready)，2s 後重試
[tap]        [04:02:52.048] ⏳ 等待 MIC 裝置：DJI input endpoints are present but none produced callbacks (23 耳機 (@System32\drivers\bthhfenum.sys,#2;%1 Hands-Free AG Audio%0  ;(DJI Mic Mini-E2C662)) / Windows WDM-KS / 8000Hz -> device not ready)，2s 後重試
[tap]        [04:02:54.062] ⏳ 等待 MIC 裝置：DJI input endpoints are present but none produced callbacks (23 耳機 (@System32\drivers\bthhfenum.sys,#2;%1 Hands-Free AG Audio%0  ;(DJI Mic Mini-E2C662)) / Windows WDM-KS / 8000Hz -> device not ready)，2s 後重試
[tap]        [04:02:56.070] ⏳ 等待 MIC 裝置：DJI input endpoints are present but none produced callbacks (23 耳機 (@System32\drivers\bthhfenum.sys,#2;%1 Hands-Free AG Audio%0  ;(DJI Mic Mini-E2C662)) / Windows WDM-KS / 8000Hz -> device not ready)，2s 後重試
[tap]        [04:02:58.086] ⏳ 等待 MIC 裝置：DJI input endpoints are present but none produced callbacks (23 耳機 (@System32\drivers\bthhfenum.sys,#2;%1 Hands-Free AG Audio%0  ;(DJI Mic Mini-E2C662)) / Windows WDM-KS / 8000Hz -> device not ready)，2s 後重試
[tap]        [04:03:00.089] ⏳ 等待 MIC 裝置：DJI input endpoints are present but none produced callbacks (23 耳機 (@System32\drivers\bthhfenum.sys,#2;%1 Hands-Free AG Audio%0  ;(DJI Mic Mini-E2C662)) / Windows WDM-KS / 8000Hz -> device not ready)，2s 後重試
[tap]        [04:03:02.101] ⏳ 等待 MIC 裝置：DJI input endpoints are present but none produced callbacks (23 耳機 (@System32\drivers\bthhfenum.sys,#2;%1 Hands-Free AG Audio%0  ;(DJI Mic Mini-E2C662)) / Windows WDM-KS / 8000Hz -> device not ready)，2s 後重試
[tap]        [04:03:04.104] ⏳ 等待 MIC 裝置：DJI input endpoints are present but none produced callbacks (23 耳機 (@System32\drivers\bthhfenum.sys,#2;%1 Hands-Free AG Audio%0  ;(DJI Mic Mini-E2C662)) / Windows WDM-KS / 8000Hz -> device not ready)，2s 後重試
[tap]        [04:03:06.117] ⏳ 等待 MIC 裝置：DJI input endpoints are present but none produced callbacks (23 耳機 (@System32\drivers\bthhfenum.sys,#2;%1 Hands-Free AG Audio%0  ;(DJI Mic Mini-E2C662)) / Windows WDM-KS / 8000Hz -> device not ready)，2s 後重試
[tap]        [04:03:08.133] ⏳ 等待 MIC 裝置：DJI input endpoints are present but none produced callbacks (23 耳機 (@System32\drivers\bthhfenum.sys,#2;%1 Hands-Free AG Audio%0  ;(DJI Mic Mini-E2C662)) / Windows WDM-KS / 8000Hz -> device not ready)，2s 後重試
[tap]        [04:03:10.148] ⏳ 等待 MIC 裝置：DJI input endpoints are present but none produced callbacks (23 耳機 (@System32\drivers\bthhfenum.sys,#2;%1 Hands-Free AG Audio%0  ;(DJI Mic Mini-E2C662)) / Windows WDM-KS / 8000Hz -> device not ready)，2s 後重試
[tap]        [04:03:12.152] ⏳ 等待 MIC 裝置：DJI input endpoints are present but none produced callbacks (23 耳機 (@System32\drivers\bthhfenum.sys,#2;%1 Hands-Free AG Audio%0  ;(DJI Mic Mini-E2C662)) / Windows WDM-KS / 8000Hz -> device not ready)，2s 後重試
[tap]        [04:03:14.165] ⏳ 等待 MIC 裝置：DJI input endpoints are present but none produced callbacks (23 耳機 (@System32\drivers\bthhfenum.sys,#2;%1 Hands-Free AG Audio%0  ;(DJI Mic Mini-E2C662)) / Windows WDM-KS / 8000Hz -> device not ready)，2s 後重試
[tap]        [04:03:16.179] ⏳ 等待 MIC 裝置：DJI input endpoints are present but none produced callbacks (23 耳機 (@System32\drivers\bthhfenum.sys,#2;%1 Hands-Free AG Audio%0  ;(DJI Mic Mini-E2C662)) / Windows WDM-KS / 8000Hz -> device not ready)，2s 後重試
[tap]        [04:03:18.195] ⏳ 等待 MIC 裝置：DJI input endpoints are present but none produced callbacks (23 耳機 (@System32\drivers\bthhfenum.sys,#2;%1 Hands-Free AG Audio%0  ;(DJI Mic Mini-E2C662)) / Windows WDM-KS / 8000Hz -> device not ready)，2s 後重試
[tap]        [04:03:20.208] ⏳ 等待 MIC 裝置：DJI input endpoints are present but none produced callbacks (23 耳機 (@System32\drivers\bthhfenum.sys,#2;%1 Hands-Free AG Audio%0  ;(DJI Mic Mini-E2C662)) / Windows WDM-KS / 8000Hz -> device not ready)，2s 後重試
[tap]        [04:03:22.219] ⏳ 等待 MIC 裝置：DJI input endpoints are present but none produced callbacks (23 耳機 (@System32\drivers\bthhfenum.sys,#2;%1 Hands-Free AG Audio%0  ;(DJI Mic Mini-E2C662)) / Windows WDM-KS / 8000Hz -> device not ready)，2s 後重試
[tap]        [04:03:24.222] ⏳ 等待 MIC 裝置：DJI input endpoints are present but none produced callbacks (23 耳機 (@System32\drivers\bthhfenum.sys,#2;%1 Hands-Free AG Audio%0  ;(DJI Mic Mini-E2C662)) / Windows WDM-KS / 8000Hz -> device not ready)，2s 後重試
[tap]        [04:03:26.231] ⏳ 等待 MIC 裝置：DJI input endpoints are present but none produced callbacks (23 耳機 (@System32\drivers\bthhfenum.sys,#2;%1 Hands-Free AG Audio%0  ;(DJI Mic Mini-E2C662)) / Windows WDM-KS / 8000Hz -> device not ready)，2s 後重試
[tap]        [04:03:28.255] ⏳ 等待 MIC 裝置：DJI input endpoints are present but none produced callbacks (23 耳機 (@System32\drivers\bthhfenum.sys,#2;%1 Hands-Free AG Audio%0  ;(DJI Mic Mini-E2C662)) / Windows WDM-KS / 8000Hz -> device not ready)，2s 後重試
[tap]        [04:03:30.270] ⏳ 等待 MIC 裝置：DJI input endpoints are present but none produced callbacks (23 耳機 (@System32\drivers\bthhfenum.sys,#2;%1 Hands-Free AG Audio%0  ;(DJI Mic Mini-E2C662)) / Windows WDM-KS / 8000Hz -> device not ready)，2s 後重試
[tap]        [04:03:32.296] ⏳ 等待 MIC 裝置：DJI input endpoints are present but none produced callbacks (23 耳機 (@System32\drivers\bthhfenum.sys,#2;%1 Hands-Free AG Audio%0  ;(DJI Mic Mini-E2C662)) / Windows WDM-KS / 8000Hz -> device not ready)，2s 後重試
[tap]        [04:03:34.310] ⏳ 等待 MIC 裝置：DJI input endpoints are present but none produced callbacks (23 耳機 (@System32\drivers\bthhfenum.sys,#2;%1 Hands-Free AG Audio%0  ;(DJI Mic Mini-E2C662)) / Windows WDM-KS / 8000Hz -> device not ready)，2s 後重試
[tap]        [04:03:36.319] ⏳ 等待 MIC 裝置：DJI input endpoints are present but none produced callbacks (23 耳機 (@System32\drivers\bthhfenum.sys,#2;%1 Hands-Free AG Audio%0  ;(DJI Mic Mini-E2C662)) / Windows WDM-KS / 8000Hz -> device not ready)，2s 後重試
[tap]        [04:03:38.332] ⏳ 等待 MIC 裝置：DJI input endpoints are present but none produced callbacks (23 耳機 (@System32\drivers\bthhfenum.sys,#2;%1 Hands-Free AG Audio%0  ;(DJI Mic Mini-E2C662)) / Windows WDM-KS / 8000Hz -> device not ready)，2s 後重試
[tap]        [04:03:40.338] ⏳ 等待 MIC 裝置：DJI input endpoints are present but none produced callbacks (23 耳機 (@System32\drivers\bthhfenum.sys,#2;%1 Hands-Free AG Audio%0  ;(DJI Mic Mini-E2C662)) / Windows WDM-KS / 8000Hz -> device not ready)，2s 後重試
[tap]        [04:03:42.346] ⏳ 等待 MIC 裝置：DJI input endpoints are present but none produced callbacks (23 耳機 (@System32\drivers\bthhfenum.sys,#2;%1 Hands-Free AG Audio%0  ;(DJI Mic Mini-E2C662)) / Windows WDM-KS / 8000Hz -> device not ready)，2s 後重試
[tap]        [04:03:44.351] ⏳ 等待 MIC 裝置：DJI input endpoints are present but none produced callbacks (23 耳機 (@System32\drivers\bthhfenum.sys,#2;%1 Hands-Free AG Audio%0  ;(DJI Mic Mini-E2C662)) / Windows WDM-KS / 8000Hz -> device not ready)，2s 後重試
[tap]        [04:03:46.353] ⏳ 等待 MIC 裝置：DJI input endpoints are present but none produced callbacks (23 耳機 (@System32\drivers\bthhfenum.sys,#2;%1 Hands-Free AG Audio%0  ;(DJI Mic Mini-E2C662)) / Windows WDM-KS / 8000Hz -> device not ready)，2s 後重試
[tap]        [04:03:48.368] ⏳ 等待 MIC 裝置：DJI input endpoints are present but none produced callbacks (23 耳機 (@System32\drivers\bthhfenum.sys,#2;%1 Hands-Free AG Audio%0  ;(DJI Mic Mini-E2C662)) / Windows WDM-KS / 8000Hz -> device not ready)，2s 後重試
[tap]        [04:03:50.381] ⏳ 等待 MIC 裝置：DJI input endpoints are present but none produced callbacks (23 耳機 (@System32\drivers\bthhfenum.sys,#2;%1 Hands-Free AG Audio%0  ;(DJI Mic Mini-E2C662)) / Windows WDM-KS / 8000Hz -> device not ready)，2s 後重試
[tap]        [04:03:52.397] ⏳ 等待 MIC 裝置：DJI input endpoints are present but none produced callbacks (23 耳機 (@System32\drivers\bthhfenum.sys,#2;%1 Hands-Free AG Audio%0  ;(DJI Mic Mini-E2C662)) / Windows WDM-KS / 8000Hz -> device not ready)，2s 後重試
[tap]        [04:03:54.404] ⏳ 等待 MIC 裝置：DJI input endpoints are present but none produced callbacks (23 耳機 (@System32\drivers\bthhfenum.sys,#2;%1 Hands-Free AG Audio%0  ;(DJI Mic Mini-E2C662)) / Windows WDM-KS / 8000Hz -> device not ready)，2s 後重試
[tap]        [04:03:56.414] ⏳ 等待 MIC 裝置：DJI input endpoints are present but none produced callbacks (23 耳機 (@System32\drivers\bthhfenum.sys,#2;%1 Hands-Free AG Audio%0  ;(DJI Mic Mini-E2C662)) / Windows WDM-KS / 8000Hz -> device not ready)，2s 後重試
[tap]        [04:03:58.418] ⏳ 等待 MIC 裝置：DJI input endpoints are present but none produced callbacks (23 耳機 (@System32\drivers\bthhfenum.sys,#2;%1 Hands-Free AG Audio%0  ;(DJI Mic Mini-E2C662)) / Windows WDM-KS / 8000Hz -> device not ready)，2s 後重試
[tap]        [04:04:00.423] ⏳ 等待 MIC 裝置：DJI input endpoints are present but none produced callbacks (23 耳機 (@System32\drivers\bthhfenum.sys,#2;%1 Hands-Free AG Audio%0  ;(DJI Mic Mini-E2C662)) / Windows WDM-KS / 8000Hz -> device not ready)，2s 後重試
[tap]        [04:04:02.425] ⏳ 等待 MIC 裝置：DJI input endpoints are present but none produced callbacks (23 耳機 (@System32\drivers\bthhfenum.sys,#2;%1 Hands-Free AG Audio%0  ;(DJI Mic Mini-E2C662)) / Windows WDM-KS / 8000Hz -> device not ready)，2s 後重試
[tap]        [04:04:04.438] ⏳ 等待 MIC 裝置：DJI input endpoints are present but none produced callbacks (23 耳機 (@System32\drivers\bthhfenum.sys,#2;%1 Hands-Free AG Audio%0  ;(DJI Mic Mini-E2C662)) / Windows WDM-KS / 8000Hz -> device not ready)，2s 後重試
[tap]        [04:04:06.447] ⏳ 等待 MIC 裝置：DJI input endpoints are present but none produced callbacks (23 耳機 (@System32\drivers\bthhfenum.sys,#2;%1 Hands-Free AG Audio%0  ;(DJI Mic Mini-E2C662)) / Windows WDM-KS / 8000Hz -> device not ready)，2s 後重試
[tap]        [04:04:08.462] ⏳ 等待 MIC 裝置：DJI input endpoints are present but none produced callbacks (23 耳機 (@System32\drivers\bthhfenum.sys,#2;%1 Hands-Free AG Audio%0  ;(DJI Mic Mini-E2C662)) / Windows WDM-KS / 8000Hz -> device not ready)，2s 後重試
[tap]        [04:04:10.476] ⏳ 等待 MIC 裝置：DJI input endpoints are present but none produced callbacks (23 耳機 (@System32\drivers\bthhfenum.sys,#2;%1 Hands-Free AG Audio%0  ;(DJI Mic Mini-E2C662)) / Windows WDM-KS / 8000Hz -> device not ready)，2s 後重試
[tap]        [04:04:12.492] ⏳ 等待 MIC 裝置：DJI input endpoints are present but none produced callbacks (23 耳機 (@System32\drivers\bthhfenum.sys,#2;%1 Hands-Free AG Audio%0  ;(DJI Mic Mini-E2C662)) / Windows WDM-KS / 8000Hz -> device not ready)，2s 後重試
[tap]        [04:04:14.495] ⏳ 等待 MIC 裝置：DJI input endpoints are present but none produced callbacks (23 耳機 (@System32\drivers\bthhfenum.sys,#2;%1 Hands-Free AG Audio%0  ;(DJI Mic Mini-E2C662)) / Windows WDM-KS / 8000Hz -> device not ready)，2s 後重試
[tap]        [04:04:16.508] ⏳ 等待 MIC 裝置：DJI input endpoints are present but none produced callbacks (23 耳機 (@System32\drivers\bthhfenum.sys,#2;%1 Hands-Free AG Audio%0  ;(DJI Mic Mini-E2C662)) / Windows WDM-KS / 8000Hz -> device not ready)，2s 後重試
[tap]        [04:04:18.509] ⏳ 等待 MIC 裝置：DJI input endpoints are present but none produced callbacks (23 耳機 (@System32\drivers\bthhfenum.sys,#2;%1 Hands-Free AG Audio%0  ;(DJI Mic Mini-E2C662)) / Windows WDM-KS / 8000Hz -> device not ready)，2s 後重試
[tap]        [04:04:20.521] ⏳ 等待 MIC 裝置：DJI input endpoints are present but none produced callbacks (23 耳機 (@System32\drivers\bthhfenum.sys,#2;%1 Hands-Free AG Audio%0  ;(DJI Mic Mini-E2C662)) / Windows WDM-KS / 8000Hz -> device not ready)，2s 後重試
[tap]        [04:04:22.537] ⏳ 等待 MIC 裝置：DJI input endpoints are present but none produced callbacks (23 耳機 (@System32\drivers\bthhfenum.sys,#2;%1 Hands-Free AG Audio%0  ;(DJI Mic Mini-E2C662)) / Windows WDM-KS / 8000Hz -> device not ready)，2s 後重試
[tap]        [04:04:24.551] ⏳ 等待 MIC 裝置：DJI input endpoints are present but none produced callbacks (23 耳機 (@System32\drivers\bthhfenum.sys,#2;%1 Hands-Free AG Audio%0  ;(DJI Mic Mini-E2C662)) / Windows WDM-KS / 8000Hz -> device not ready)，2s 後重試
[tap]        [04:04:26.555] ⏳ 等待 MIC 裝置：DJI input endpoints are present but none produced callbacks (23 耳機 (@System32\drivers\bthhfenum.sys,#2;%1 Hands-Free AG Audio%0  ;(DJI Mic Mini-E2C662)) / Windows WDM-KS / 8000Hz -> device not ready)，2s 後重試
[tap]        [04:04:28.563] ⏳ 等待 MIC 裝置：DJI input endpoints are present but none produced callbacks (23 耳機 (@System32\drivers\bthhfenum.sys,#2;%1 Hands-Free AG Audio%0  ;(DJI Mic Mini-E2C662)) / Windows WDM-KS / 8000Hz -> device not ready)，2s 後重試
[tap]        [04:04:30.570] ⏳ 等待 MIC 裝置：DJI input endpoints are present but none produced callbacks (23 耳機 (@System32\drivers\bthhfenum.sys,#2;%1 Hands-Free AG Audio%0  ;(DJI Mic Mini-E2C662)) / Windows WDM-KS / 8000Hz -> device not ready)，2s 後重試
[tap]        [04:04:32.580] ⏳ 等待 MIC 裝置：DJI input endpoints are present but none produced callbacks (23 耳機 (@System32\drivers\bthhfenum.sys,#2;%1 Hands-Free AG Audio%0  ;(DJI Mic Mini-E2C662)) / Windows WDM-KS / 8000Hz -> device not ready)，2s 後重試
[tap]        [04:04:34.588] ⏳ 等待 MIC 裝置：DJI input endpoints are present but none produced callbacks (23 耳機 (@System32\drivers\bthhfenum.sys,#2;%1 Hands-Free AG Audio%0  ;(DJI Mic Mini-E2C662)) / Windows WDM-KS / 8000Hz -> device not ready)，2s 後重試
[tap]        [04:04:36.600] ⏳ 等待 MIC 裝置：DJI input endpoints are present but none produced callbacks (23 耳機 (@System32\drivers\bthhfenum.sys,#2;%1 Hands-Free AG Audio%0  ;(DJI Mic Mini-E2C662)) / Windows WDM-KS / 8000Hz -> device not ready)，2s 後重試
[tap]        [04:04:38.613] ⏳ 等待 MIC 裝置：DJI input endpoints are present but none produced callbacks (23 耳機 (@System32\drivers\bthhfenum.sys,#2;%1 Hands-Free AG Audio%0  ;(DJI Mic Mini-E2C662)) / Windows WDM-KS / 8000Hz -> device not ready)，2s 後重試
[tap]        [04:04:40.627] ⏳ 等待 MIC 裝置：DJI input endpoints are present but none produced callbacks (23 耳機 (@System32\drivers\bthhfenum.sys,#2;%1 Hands-Free AG Audio%0  ;(DJI Mic Mini-E2C662)) / Windows WDM-KS / 8000Hz -> device not ready)，2s 後重試
[tap]        [04:04:42.636] ⏳ 等待 MIC 裝置：DJI input endpoints are present but none produced callbacks (23 耳機 (@System32\drivers\bthhfenum.sys,#2;%1 Hands-Free AG Audio%0  ;(DJI Mic Mini-E2C662)) / Windows WDM-KS / 8000Hz -> device not ready)，2s 後重試
[tap]        [04:04:44.649] ⏳ 等待 MIC 裝置：DJI input endpoints are present but none produced callbacks (23 耳機 (@System32\drivers\bthhfenum.sys,#2;%1 Hands-Free AG Audio%0  ;(DJI Mic Mini-E2C662)) / Windows WDM-KS / 8000Hz -> device not ready)，2s 後重試
[tap]        [04:04:46.660] ⏳ 等待 MIC 裝置：DJI input endpoints are present but none produced callbacks (23 耳機 (@System32\drivers\bthhfenum.sys,#2;%1 Hands-Free AG Audio%0  ;(DJI Mic Mini-E2C662)) / Windows WDM-KS / 8000Hz -> device not ready)，2s 後重試
[tap]        [04:04:48.704] ⏳ 等待 MIC 裝置：DJI input endpoints are present but none produced callbacks (23 耳機 (@System32\drivers\bthhfenum.sys,#2;%1 Hands-Free AG Audio%0  ;(DJI Mic Mini-E2C662)) / Windows WDM-KS / 8000Hz -> device not ready)，2s 後重試
[tap]        [04:04:50.736] ⏳ 等待 MIC 裝置：DJI input endpoints are present but none produced callbacks (23 耳機 (@System32\drivers\bthhfenum.sys,#2;%1 Hands-Free AG Audio%0  ;(DJI Mic Mini-E2C662)) / Windows WDM-KS / 8000Hz -> device not ready)，2s 後重試
[tap]        [04:04:52.749] ⏳ 等待 MIC 裝置：DJI input endpoints are present but none produced callbacks (23 耳機 (@System32\drivers\bthhfenum.sys,#2;%1 Hands-Free AG Audio%0  ;(DJI Mic Mini-E2C662)) / Windows WDM-KS / 8000Hz -> device not ready)，2s 後重試
[tap]        [04:04:54.758] ⏳ 等待 MIC 裝置：DJI input endpoints are present but none produced callbacks (23 耳機 (@System32\drivers\bthhfenum.sys,#2;%1 Hands-Free AG Audio%0  ;(DJI Mic Mini-E2C662)) / Windows WDM-KS / 8000Hz -> device not ready)，2s 後重試
[tap]        [04:04:56.771] ⏳ 等待 MIC 裝置：DJI input endpoints are present but none produced callbacks (23 耳機 (@System32\drivers\bthhfenum.sys,#2;%1 Hands-Free AG Audio%0  ;(DJI Mic Mini-E2C662)) / Windows WDM-KS / 8000Hz -> device not ready)，2s 後重試
[tap]        [04:04:58.783] ⏳ 等待 MIC 裝置：DJI input endpoints are present but none produced callbacks (23 耳機 (@System32\drivers\bthhfenum.sys,#2;%1 Hands-Free AG Audio%0  ;(DJI Mic Mini-E2C662)) / Windows WDM-KS / 8000Hz -> device not ready)，2s 後重試
[tap]        [04:05:00.785] ⏳ 等待 MIC 裝置：DJI input endpoints are present but none produced callbacks (23 耳機 (@System32\drivers\bthhfenum.sys,#2;%1 Hands-Free AG Audio%0  ;(DJI Mic Mini-E2C662)) / Windows WDM-KS / 8000Hz -> device not ready)，2s 後重試
[tap]        [04:05:02.797] ⏳ 等待 MIC 裝置：DJI input endpoints are present but none produced callbacks (23 耳機 (@System32\drivers\bthhfenum.sys,#2;%1 Hands-Free AG Audio%0  ;(DJI Mic Mini-E2C662)) / Windows WDM-KS / 8000Hz -> device not ready)，2s 後重試
[tap]        [04:05:04.802] ⏳ 等待 MIC 裝置：DJI input endpoints are present but none produced callbacks (23 耳機 (@System32\drivers\bthhfenum.sys,#2;%1 Hands-Free AG Audio%0  ;(DJI Mic Mini-E2C662)) / Windows WDM-KS / 8000Hz -> device not ready)，2s 後重試
[tap]        [04:05:06.803] ⏳ 等待 MIC 裝置：DJI input endpoints are present but none produced callbacks (23 耳機 (@System32\drivers\bthhfenum.sys,#2;%1 Hands-Free AG Audio%0  ;(DJI Mic Mini-E2C662)) / Windows WDM-KS / 8000Hz -> device not ready)，2s 後重試
[tap]        [04:05:08.819] ⏳ 等待 MIC 裝置：DJI input endpoints are present but none produced callbacks (23 耳機 (@System32\drivers\bthhfenum.sys,#2;%1 Hands-Free AG Audio%0  ;(DJI Mic Mini-E2C662)) / Windows WDM-KS / 8000Hz -> device not ready)，2s 後重試
[tap]        [04:05:10.820] ⏳ 等待 MIC 裝置：DJI input endpoints are present but none produced callbacks (23 耳機 (@System32\drivers\bthhfenum.sys,#2;%1 Hands-Free AG Audio%0  ;(DJI Mic Mini-E2C662)) / Windows WDM-KS / 8000Hz -> device not ready)，2s 後重試
[tap]        [04:05:12.833] ⏳ 等待 MIC 裝置：DJI input endpoints are present but none produced callbacks (23 耳機 (@System32\drivers\bthhfenum.sys,#2;%1 Hands-Free AG Audio%0  ;(DJI Mic Mini-E2C662)) / Windows WDM-KS / 8000Hz -> device not ready)，2s 後重試
[tap]        [04:05:14.840] ⏳ 等待 MIC 裝置：DJI input endpoints are present but none produced callbacks (23 耳機 (@System32\drivers\bthhfenum.sys,#2;%1 Hands-Free AG Audio%0  ;(DJI Mic Mini-E2C662)) / Windows WDM-KS / 8000Hz -> device not ready)，2s 後重試
[tap]        [04:05:16.851] ⏳ 等待 MIC 裝置：DJI input endpoints are present but none produced callbacks (23 耳機 (@System32\drivers\bthhfenum.sys,#2;%1 Hands-Free AG Audio%0  ;(DJI Mic Mini-E2C662)) / Windows WDM-KS / 8000Hz -> device not ready)，2s 後重試
[tap]        [04:05:18.858] ⏳ 等待 MIC 裝置：DJI input endpoints are present but none produced callbacks (23 耳機 (@System32\drivers\bthhfenum.sys,#2;%1 Hands-Free AG Audio%0  ;(DJI Mic Mini-E2C662)) / Windows WDM-KS / 8000Hz -> device not ready)，2s 後重試
[tap]        [04:05:20.874] ⏳ 等待 MIC 裝置：DJI input endpoints are present but none produced callbacks (23 耳機 (@System32\drivers\bthhfenum.sys,#2;%1 Hands-Free AG Audio%0  ;(DJI Mic Mini-E2C662)) / Windows WDM-KS / 8000Hz -> device not ready)，2s 後重試
[tap]        [04:05:22.879] ⏳ 等待 MIC 裝置：DJI input endpoints are present but none produced callbacks (23 耳機 (@System32\drivers\bthhfenum.sys,#2;%1 Hands-Free AG Audio%0  ;(DJI Mic Mini-E2C662)) / Windows WDM-KS / 8000Hz -> device not ready)，2s 後重試
[tap]        [04:05:24.886] ⏳ 等待 MIC 裝置：DJI input endpoints are present but none produced callbacks (23 耳機 (@System32\drivers\bthhfenum.sys,#2;%1 Hands-Free AG Audio%0  ;(DJI Mic Mini-E2C662)) / Windows WDM-KS / 8000Hz -> device not ready)，2s 後重試
[tap]        [04:05:26.895] ⏳ 等待 MIC 裝置：DJI input endpoints are present but none produced callbacks (23 耳機 (@System32\drivers\bthhfenum.sys,#2;%1 Hands-Free AG Audio%0  ;(DJI Mic Mini-E2C662)) / Windows WDM-KS / 8000Hz -> device not ready)，2s 後重試
[tap]        [04:05:28.899] ⏳ 等待 MIC 裝置：DJI input endpoints are present but none produced callbacks (23 耳機 (@System32\drivers\bthhfenum.sys,#2;%1 Hands-Free AG Audio%0  ;(DJI Mic Mini-E2C662)) / Windows WDM-KS / 8000Hz -> device not ready)，2s 後重試
[tap]        [04:05:30.901] ⏳ 等待 MIC 裝置：DJI input endpoints are present but none produced callbacks (23 耳機 (@System32\drivers\bthhfenum.sys,#2;%1 Hands-Free AG Audio%0  ;(DJI Mic Mini-E2C662)) / Windows WDM-KS / 8000Hz -> device not ready)，2s 後重試
[tap]        [04:05:32.909] ⏳ 等待 MIC 裝置：DJI input endpoints are present but none produced callbacks (23 耳機 (@System32\drivers\bthhfenum.sys,#2;%1 Hands-Free AG Audio%0  ;(DJI Mic Mini-E2C662)) / Windows WDM-KS / 8000Hz -> device not ready)，2s 後重試
[tap]        [04:05:34.914] ⏳ 等待 MIC 裝置：DJI input endpoints are present but none produced callbacks (23 耳機 (@System32\drivers\bthhfenum.sys,#2;%1 Hands-Free AG Audio%0  ;(DJI Mic Mini-E2C662)) / Windows WDM-KS / 8000Hz -> device not ready)，2s 後重試
[tap]        [04:05:36.923] ⏳ 等待 MIC 裝置：DJI input endpoints are present but none produced callbacks (23 耳機 (@System32\drivers\bthhfenum.sys,#2;%1 Hands-Free AG Audio%0  ;(DJI Mic Mini-E2C662)) / Windows WDM-KS / 8000Hz -> device not ready)，2s 後重試
[tap]        [04:05:38.930] ⏳ 等待 MIC 裝置：DJI input endpoints are present but none produced callbacks (23 耳機 (@System32\drivers\bthhfenum.sys,#2;%1 Hands-Free AG Audio%0  ;(DJI Mic Mini-E2C662)) / Windows WDM-KS / 8000Hz -> device not ready)，2s 後重試
[tap]        [04:05:40.932] ⏳ 等待 MIC 裝置：DJI input endpoints are present but none produced callbacks (23 耳機 (@System32\drivers\bthhfenum.sys,#2;%1 Hands-Free AG Audio%0  ;(DJI Mic Mini-E2C662)) / Windows WDM-KS / 8000Hz -> device not ready)，2s 後重試
[tap]        [04:05:42.943] ⏳ 等待 MIC 裝置：DJI input endpoints are present but none produced callbacks (23 耳機 (@System32\drivers\bthhfenum.sys,#2;%1 Hands-Free AG Audio%0  ;(DJI Mic Mini-E2C662)) / Windows WDM-KS / 8000Hz -> device not ready)，2s 後重試
[tap]        [04:05:44.945] ⏳ 等待 MIC 裝置：DJI input endpoints are present but none produced callbacks (23 耳機 (@System32\drivers\bthhfenum.sys,#2;%1 Hands-Free AG Audio%0  ;(DJI Mic Mini-E2C662)) / Windows WDM-KS / 8000Hz -> device not ready)，2s 後重試
[tap]        [04:05:46.949] ⏳ 等待 MIC 裝置：DJI input endpoints are present but none produced callbacks (23 耳機 (@System32\drivers\bthhfenum.sys,#2;%1 Hands-Free AG Audio%0  ;(DJI Mic Mini-E2C662)) / Windows WDM-KS / 8000Hz -> device not ready)，2s 後重試
[tap]        [04:05:48.956] ⏳ 等待 MIC 裝置：DJI input endpoints are present but none produced callbacks (23 耳機 (@System32\drivers\bthhfenum.sys,#2;%1 Hands-Free AG Audio%0  ;(DJI Mic Mini-E2C662)) / Windows WDM-KS / 8000Hz -> device not ready)，2s 後重試
[tap]        [04:05:50.967] ⏳ 等待 MIC 裝置：DJI input endpoints are present but none produced callbacks (23 耳機 (@System32\drivers\bthhfenum.sys,#2;%1 Hands-Free AG Audio%0  ;(DJI Mic Mini-E2C662)) / Windows WDM-KS / 8000Hz -> device not ready)，2s 後重試
[tap]        [04:05:52.976] ⏳ 等待 MIC 裝置：DJI input endpoints are present but none produced callbacks (23 耳機 (@System32\drivers\bthhfenum.sys,#2;%1 Hands-Free AG Audio%0  ;(DJI Mic Mini-E2C662)) / Windows WDM-KS / 8000Hz -> device not ready)，2s 後重試
[tap]        [04:05:54.977] ⏳ 等待 MIC 裝置：DJI input endpoints are present but none produced callbacks (23 耳機 (@System32\drivers\bthhfenum.sys,#2;%1 Hands-Free AG Audio%0  ;(DJI Mic Mini-E2C662)) / Windows WDM-KS / 8000Hz -> device not ready)，2s 後重試
[tap]        [04:05:56.986] ⏳ 等待 MIC 裝置：DJI input endpoints are present but none produced callbacks (23 耳機 (@System32\drivers\bthhfenum.sys,#2;%1 Hands-Free AG Audio%0  ;(DJI Mic Mini-E2C662)) / Windows WDM-KS / 8000Hz -> device not ready)，2s 後重試
[tap]        [04:05:58.998] ⏳ 等待 MIC 裝置：DJI input endpoints are present but none produced callbacks (23 耳機 (@System32\drivers\bthhfenum.sys,#2;%1 Hands-Free AG Audio%0  ;(DJI Mic Mini-E2C662)) / Windows WDM-KS / 8000Hz -> device not ready)，2s 後重試
[tap]        [04:06:01.027] ⏳ 等待 MIC 裝置：DJI input endpoints are present but none produced callbacks (23 耳機 (@System32\drivers\bthhfenum.sys,#2;%1 Hands-Free AG Audio%0  ;(DJI Mic Mini-E2C662)) / Windows WDM-KS / 8000Hz -> device not ready)，2s 後重試
[tap]        [04:06:03.039] ⏳ 等待 MIC 裝置：DJI input endpoints are present but none produced callbacks (23 耳機 (@System32\drivers\bthhfenum.sys,#2;%1 Hands-Free AG Audio%0  ;(DJI Mic Mini-E2C662)) / Windows WDM-KS / 8000Hz -> device not ready)，2s 後重試
[tap]        [04:06:05.052] ⏳ 等待 MIC 裝置：DJI input endpoints are present but none produced callbacks (23 耳機 (@System32\drivers\bthhfenum.sys,#2;%1 Hands-Free AG Audio%0  ;(DJI Mic Mini-E2C662)) / Windows WDM-KS / 8000Hz -> device not ready)，2s 後重試
[tap]        [04:06:07.067] ⏳ 等待 MIC 裝置：DJI input endpoints are present but none produced callbacks (23 耳機 (@System32\drivers\bthhfenum.sys,#2;%1 Hands-Free AG Audio%0  ;(DJI Mic Mini-E2C662)) / Windows WDM-KS / 8000Hz -> device not ready)，2s 後重試
[tap]        [04:06:09.073] ⏳ 等待 MIC 裝置：DJI input endpoints are present but none produced callbacks (23 耳機 (@System32\drivers\bthhfenum.sys,#2;%1 Hands-Free AG Audio%0  ;(DJI Mic Mini-E2C662)) / Windows WDM-KS / 8000Hz -> device not ready)，2s 後重試
[tap]        [04:06:11.088] ⏳ 等待 MIC 裝置：DJI input endpoints are present but none produced callbacks (23 耳機 (@System32\drivers\bthhfenum.sys,#2;%1 Hands-Free AG Audio%0  ;(DJI Mic Mini-E2C662)) / Windows WDM-KS / 8000Hz -> device not ready)，2s 後重試
[tap]        [04:06:13.103] ⏳ 等待 MIC 裝置：DJI input endpoints are present but none produced callbacks (23 耳機 (@System32\drivers\bthhfenum.sys,#2;%1 Hands-Free AG Audio%0  ;(DJI Mic Mini-E2C662)) / Windows WDM-KS / 8000Hz -> device not ready)，2s 後重試
[tap]        [04:06:15.111] ⏳ 等待 MIC 裝置：DJI input endpoints are present but none produced callbacks (23 耳機 (@System32\drivers\bthhfenum.sys,#2;%1 Hands-Free AG Audio%0  ;(DJI Mic Mini-E2C662)) / Windows WDM-KS / 8000Hz -> device not ready)，2s 後重試
[tap]        [04:06:17.118] ⏳ 等待 MIC 裝置：DJI input endpoints are present but none produced callbacks (23 耳機 (@System32\drivers\bthhfenum.sys,#2;%1 Hands-Free AG Audio%0  ;(DJI Mic Mini-E2C662)) / Windows WDM-KS / 8000Hz -> device not ready)，2s 後重試
[tap]        [04:06:19.121] ⏳ 等待 MIC 裝置：DJI input endpoints are present but none produced callbacks (23 耳機 (@System32\drivers\bthhfenum.sys,#2;%1 Hands-Free AG Audio%0  ;(DJI Mic Mini-E2C662)) / Windows WDM-KS / 8000Hz -> device not ready)，2s 後重試
[tap]        [04:06:21.132] ⏳ 等待 MIC 裝置：DJI input endpoints are present but none produced callbacks (23 耳機 (@System32\drivers\bthhfenum.sys,#2;%1 Hands-Free AG Audio%0  ;(DJI Mic Mini-E2C662)) / Windows WDM-KS / 8000Hz -> device not ready)，2s 後重試
[tap]        [04:06:23.147] ⏳ 等待 MIC 裝置：DJI input endpoints are present but none produced callbacks (23 耳機 (@System32\drivers\bthhfenum.sys,#2;%1 Hands-Free AG Audio%0  ;(DJI Mic Mini-E2C662)) / Windows WDM-KS / 8000Hz -> device not ready)，2s 後重試
[tap]        [04:06:25.158] ⏳ 等待 MIC 裝置：DJI input endpoints are present but none produced callbacks (23 耳機 (@System32\drivers\bthhfenum.sys,#2;%1 Hands-Free AG Audio%0  ;(DJI Mic Mini-E2C662)) / Windows WDM-KS / 8000Hz -> device not ready)，2s 後重試
[tap]        [04:06:27.159] ⏳ 等待 MIC 裝置：DJI input endpoints are present but none produced callbacks (23 耳機 (@System32\drivers\bthhfenum.sys,#2;%1 Hands-Free AG Audio%0  ;(DJI Mic Mini-E2C662)) / Windows WDM-KS / 8000Hz -> device not ready)，2s 後重試
[tap]        [04:06:29.172] ⏳ 等待 MIC 裝置：DJI input endpoints are present but none produced callbacks (23 耳機 (@System32\drivers\bthhfenum.sys,#2;%1 Hands-Free AG Audio%0  ;(DJI Mic Mini-E2C662)) / Windows WDM-KS / 8000Hz -> device not ready)，2s 後重試
[tap]        [04:06:31.182] ⏳ 等待 MIC 裝置：DJI input endpoints are present but none produced callbacks (23 耳機 (@System32\drivers\bthhfenum.sys,#2;%1 Hands-Free AG Audio%0  ;(DJI Mic Mini-E2C662)) / Windows WDM-KS / 8000Hz -> device not ready)，2s 後重試
[tap]        [04:06:33.194] ⏳ 等待 MIC 裝置：DJI input endpoints are present but none produced callbacks (23 耳機 (@System32\drivers\bthhfenum.sys,#2;%1 Hands-Free AG Audio%0  ;(DJI Mic Mini-E2C662)) / Windows WDM-KS / 8000Hz -> device not ready)，2s 後重試
[tap]        [04:06:35.209] ⏳ 等待 MIC 裝置：DJI input endpoints are present but none produced callbacks (23 耳機 (@System32\drivers\bthhfenum.sys,#2;%1 Hands-Free AG Audio%0  ;(DJI Mic Mini-E2C662)) / Windows WDM-KS / 8000Hz -> device not ready)，2s 後重試
[tap]        [04:06:37.213] ⏳ 等待 MIC 裝置：DJI input endpoints are present but none produced callbacks (23 耳機 (@System32\drivers\bthhfenum.sys,#2;%1 Hands-Free AG Audio%0  ;(DJI Mic Mini-E2C662)) / Windows WDM-KS / 8000Hz -> device not ready)，2s 後重試
[tap]        [04:06:39.221] ⏳ 等待 MIC 裝置：DJI input endpoints are present but none produced callbacks (23 耳機 (@System32\drivers\bthhfenum.sys,#2;%1 Hands-Free AG Audio%0  ;(DJI Mic Mini-E2C662)) / Windows WDM-KS / 8000Hz -> device not ready)，2s 後重試
[tap]        [04:06:41.224] ⏳ 等待 MIC 裝置：DJI input endpoints are present but none produced callbacks (23 耳機 (@System32\drivers\bthhfenum.sys,#2;%1 Hands-Free AG Audio%0  ;(DJI Mic Mini-E2C662)) / Windows WDM-KS / 8000Hz -> device not ready)，2s 後重試
[tap]        [04:06:43.242] ⏳ 等待 MIC 裝置：DJI input endpoints are present but none produced callbacks (23 耳機 (@System32\drivers\bthhfenum.sys,#2;%1 Hands-Free AG Audio%0  ;(DJI Mic Mini-E2C662)) / Windows WDM-KS / 8000Hz -> device not ready)，2s 後重試
[tap]        [04:06:45.255] ⏳ 等待 MIC 裝置：DJI input endpoints are present but none produced callbacks (23 耳機 (@System32\drivers\bthhfenum.sys,#2;%1 Hands-Free AG Audio%0  ;(DJI Mic Mini-E2C662)) / Windows WDM-KS / 8000Hz -> device not ready)，2s 後重試
[tap]        [04:06:47.261] ⏳ 等待 MIC 裝置：DJI input endpoints are present but none produced callbacks (23 耳機 (@System32\drivers\bthhfenum.sys,#2;%1 Hands-Free AG Audio%0  ;(DJI Mic Mini-E2C662)) / Windows WDM-KS / 8000Hz -> device not ready)，2s 後重試
[tap]        [04:06:49.271] ⏳ 等待 MIC 裝置：DJI input endpoints are present but none produced callbacks (23 耳機 (@System32\drivers\bthhfenum.sys,#2;%1 Hands-Free AG Audio%0  ;(DJI Mic Mini-E2C662)) / Windows WDM-KS / 8000Hz -> device not ready)，2s 後重試
[tap]        [04:06:51.284] ⏳ 等待 MIC 裝置：DJI input endpoints are present but none produced callbacks (23 耳機 (@System32\drivers\bthhfenum.sys,#2;%1 Hands-Free AG Audio%0  ;(DJI Mic Mini-E2C662)) / Windows WDM-KS / 8000Hz -> device not ready)，2s 後重試
[tap]        [04:06:53.285] ⏳ 等待 MIC 裝置：DJI input endpoints are present but none produced callbacks (23 耳機 (@System32\drivers\bthhfenum.sys,#2;%1 Hands-Free AG Audio%0  ;(DJI Mic Mini-E2C662)) / Windows WDM-KS / 8000Hz -> device not ready)，2s 後重試
[tap]        [04:06:55.298] ⏳ 等待 MIC 裝置：DJI input endpoints are present but none produced callbacks (23 耳機 (@System32\drivers\bthhfenum.sys,#2;%1 Hands-Free AG Audio%0  ;(DJI Mic Mini-E2C662)) / Windows WDM-KS / 8000Hz -> device not ready)，2s 後重試
[tap]        [04:06:57.314] ⏳ 等待 MIC 裝置：DJI input endpoints are present but none produced callbacks (23 耳機 (@System32\drivers\bthhfenum.sys,#2;%1 Hands-Free AG Audio%0  ;(DJI Mic Mini-E2C662)) / Windows WDM-KS / 8000Hz -> device not ready)，2s 後重試
[tap]        [04:06:59.326] ⏳ 等待 MIC 裝置：DJI input endpoints are present but none produced callbacks (23 耳機 (@System32\drivers\bthhfenum.sys,#2;%1 Hands-Free AG Audio%0  ;(DJI Mic Mini-E2C662)) / Windows WDM-KS / 8000Hz -> device not ready)，2s 後重試
[tap]        [04:07:01.336] ⏳ 等待 MIC 裝置：DJI input endpoints are present but none produced callbacks (23 耳機 (@System32\drivers\bthhfenum.sys,#2;%1 Hands-Free AG Audio%0  ;(DJI Mic Mini-E2C662)) / Windows WDM-KS / 8000Hz -> device not ready)，2s 後重試
[tap]        [04:07:03.338] ⏳ 等待 MIC 裝置：DJI input endpoints are present but none produced callbacks (23 耳機 (@System32\drivers\bthhfenum.sys,#2;%1 Hands-Free AG Audio%0  ;(DJI Mic Mini-E2C662)) / Windows WDM-KS / 8000Hz -> device not ready)，2s 後重試
[tap]        [04:07:05.354] ⏳ 等待 MIC 裝置：DJI input endpoints are present but none produced callbacks (23 耳機 (@System32\drivers\bthhfenum.sys,#2;%1 Hands-Free AG Audio%0  ;(DJI Mic Mini-E2C662)) / Windows WDM-KS / 8000Hz -> device not ready)，2s 後重試
[tap]        [04:07:07.366] ⏳ 等待 MIC 裝置：DJI input endpoints are present but none produced callbacks (23 耳機 (@System32\drivers\bthhfenum.sys,#2;%1 Hands-Free AG Audio%0  ;(DJI Mic Mini-E2C662)) / Windows WDM-KS / 8000Hz -> device not ready)，2s 後重試
[tap]        [04:07:09.368] ⏳ 等待 MIC 裝置：DJI input endpoints are present but none produced callbacks (23 耳機 (@System32\drivers\bthhfenum.sys,#2;%1 Hands-Free AG Audio%0  ;(DJI Mic Mini-E2C662)) / Windows WDM-KS / 8000Hz -> device not ready)，2s 後重試
[tap]        [04:07:11.375] ⏳ 等待 MIC 裝置：DJI input endpoints are present but none produced callbacks (23 耳機 (@System32\drivers\bthhfenum.sys,#2;%1 Hands-Free AG Audio%0  ;(DJI Mic Mini-E2C662)) / Windows WDM-KS / 8000Hz -> device not ready)，2s 後重試
[tap]        [04:07:13.378] ⏳ 等待 MIC 裝置：DJI input endpoints are present but none produced callbacks (23 耳機 (@System32\drivers\bthhfenum.sys,#2;%1 Hands-Free AG Audio%0  ;(DJI Mic Mini-E2C662)) / Windows WDM-KS / 8000Hz -> device not ready)，2s 後重試
[tap]        [04:07:15.392] ⏳ 等待 MIC 裝置：DJI input endpoints are present but none produced callbacks (23 耳機 (@System32\drivers\bthhfenum.sys,#2;%1 Hands-Free AG Audio%0  ;(DJI Mic Mini-E2C662)) / Windows WDM-KS / 8000Hz -> device not ready)，2s 後重試
[tap]        [04:07:17.411] ⏳ 等待 MIC 裝置：DJI input endpoints are present but none produced callbacks (23 耳機 (@System32\drivers\bthhfenum.sys,#2;%1 Hands-Free AG Audio%0  ;(DJI Mic Mini-E2C662)) / Windows WDM-KS / 8000Hz -> device not ready)，2s 後重試
[tap]        [04:07:19.441] ⏳ 等待 MIC 裝置：DJI input endpoints are present but none produced callbacks (23 耳機 (@System32\drivers\bthhfenum.sys,#2;%1 Hands-Free AG Audio%0  ;(DJI Mic Mini-E2C662)) / Windows WDM-KS / 8000Hz -> device not ready)，2s 後重試
[tap]        [04:07:21.473] ⏳ 等待 MIC 裝置：DJI input endpoints are present but none produced callbacks (23 耳機 (@System32\drivers\bthhfenum.sys,#2;%1 Hands-Free AG Audio%0  ;(DJI Mic Mini-E2C662)) / Windows WDM-KS / 8000Hz -> device not ready)，2s 後重試
[tap]        [04:07:23.508] ⏳ 等待 MIC 裝置：DJI input endpoints are present but none produced callbacks (23 耳機 (@System32\drivers\bthhfenum.sys,#2;%1 Hands-Free AG Audio%0  ;(DJI Mic Mini-E2C662)) / Windows WDM-KS / 8000Hz -> device not ready)，2s 後重試
[tap]        [04:07:25.518] ⏳ 等待 MIC 裝置：DJI input endpoints are present but none produced callbacks (23 耳機 (@System32\drivers\bthhfenum.sys,#2;%1 Hands-Free AG Audio%0  ;(DJI Mic Mini-E2C662)) / Windows WDM-KS / 8000Hz -> device not ready)，2s 後重試
[tap]        [04:07:27.527] ⏳ 等待 MIC 裝置：DJI input endpoints are present but none produced callbacks (23 耳機 (@System32\drivers\bthhfenum.sys,#2;%1 Hands-Free AG Audio%0  ;(DJI Mic Mini-E2C662)) / Windows WDM-KS / 8000Hz -> device not ready)，2s 後重試
[tap]        [04:07:29.531] ⏳ 等待 MIC 裝置：DJI input endpoints are present but none produced callbacks (23 耳機 (@System32\drivers\bthhfenum.sys,#2;%1 Hands-Free AG Audio%0  ;(DJI Mic Mini-E2C662)) / Windows WDM-KS / 8000Hz -> device not ready)，2s 後重試
[tap]        [04:07:31.545] ⏳ 等待 MIC 裝置：DJI input endpoints are present but none produced callbacks (23 耳機 (@System32\drivers\bthhfenum.sys,#2;%1 Hands-Free AG Audio%0  ;(DJI Mic Mini-E2C662)) / Windows WDM-KS / 8000Hz -> device not ready)，2s 後重試
[tap]        [04:07:33.559] ⏳ 等待 MIC 裝置：DJI input endpoints are present but none produced callbacks (23 耳機 (@System32\drivers\bthhfenum.sys,#2;%1 Hands-Free AG Audio%0  ;(DJI Mic Mini-E2C662)) / Windows WDM-KS / 8000Hz -> device not ready)，2s 後重試
[tap]        [04:07:35.577] ⏳ 等待 MIC 裝置：DJI input endpoints are present but none produced callbacks (23 耳機 (@System32\drivers\bthhfenum.sys,#2;%1 Hands-Free AG Audio%0  ;(DJI Mic Mini-E2C662)) / Windows WDM-KS / 8000Hz -> device not ready)，2s 後重試
[tap]        [04:07:37.591] ⏳ 等待 MIC 裝置：DJI input endpoints are present but none produced callbacks (23 耳機 (@System32\drivers\bthhfenum.sys,#2;%1 Hands-Free AG Audio%0  ;(DJI Mic Mini-E2C662)) / Windows WDM-KS / 8000Hz -> device not ready)，2s 後重試
[tap]        [04:07:39.605] ⏳ 等待 MIC 裝置：DJI input endpoints are present but none produced callbacks (23 耳機 (@System32\drivers\bthhfenum.sys,#2;%1 Hands-Free AG Audio%0  ;(DJI Mic Mini-E2C662)) / Windows WDM-KS / 8000Hz -> device not ready)，2s 後重試
[tap]        [04:07:41.606] ⏳ 等待 MIC 裝置：DJI input endpoints are present but none produced callbacks (23 耳機 (@System32\drivers\bthhfenum.sys,#2;%1 Hands-Free AG Audio%0  ;(DJI Mic Mini-E2C662)) / Windows WDM-KS / 8000Hz -> device not ready)，2s 後重試
[tap]        [04:07:43.623] ⏳ 等待 MIC 裝置：DJI input endpoints are present but none produced callbacks (23 耳機 (@System32\drivers\bthhfenum.sys,#2;%1 Hands-Free AG Audio%0  ;(DJI Mic Mini-E2C662)) / Windows WDM-KS / 8000Hz -> device not ready)，2s 後重試
[tap]        [04:07:45.636] ⏳ 等待 MIC 裝置：DJI input endpoints are present but none produced callbacks (23 耳機 (@System32\drivers\bthhfenum.sys,#2;%1 Hands-Free AG Audio%0  ;(DJI Mic Mini-E2C662)) / Windows WDM-KS / 8000Hz -> device not ready)，2s 後重試
[tap]        [04:07:47.652] ⏳ 等待 MIC 裝置：DJI input endpoints are present but none produced callbacks (23 耳機 (@System32\drivers\bthhfenum.sys,#2;%1 Hands-Free AG Audio%0  ;(DJI Mic Mini-E2C662)) / Windows WDM-KS / 8000Hz -> device not ready)，2s 後重試
[tap]        [04:07:49.659] ⏳ 等待 MIC 裝置：DJI input endpoints are present but none produced callbacks (23 耳機 (@System32\drivers\bthhfenum.sys,#2;%1 Hands-Free AG Audio%0  ;(DJI Mic Mini-E2C662)) / Windows WDM-KS / 8000Hz -> device not ready)，2s 後重試
[tap]        [04:07:51.674] ⏳ 等待 MIC 裝置：DJI input endpoints are present but none produced callbacks (23 耳機 (@System32\drivers\bthhfenum.sys,#2;%1 Hands-Free AG Audio%0  ;(DJI Mic Mini-E2C662)) / Windows WDM-KS / 8000Hz -> device not ready)，2s 後重試
[tap]        [04:07:53.690] ⏳ 等待 MIC 裝置：DJI input endpoints are present but none produced callbacks (23 耳機 (@System32\drivers\bthhfenum.sys,#2;%1 Hands-Free AG Audio%0  ;(DJI Mic Mini-E2C662)) / Windows WDM-KS / 8000Hz -> device not ready)，2s 後重試
[tap]        [04:07:55.698] ⏳ 等待 MIC 裝置：DJI input endpoints are present but none produced callbacks (23 耳機 (@System32\drivers\bthhfenum.sys,#2;%1 Hands-Free AG Audio%0  ;(DJI Mic Mini-E2C662)) / Windows WDM-KS / 8000Hz -> device not ready)，2s 後重試
[main][04:07:56.521] ⌨️ 熱鍵觸發，排入 after(0)，keys=async_down=Ctrl,RCtrl; logical_down=Ctrl,RCtrl
[recorder][start] ❌ 找不到可用錄音裝置: DJI input endpoints are present but none produced callbacks (23 耳機 (@System32\drivers\bthhfenum.sys,#2;%1 Hands-Free AG Audio%0  ;(DJI Mic Mini-E2C662)) / Windows WDM-KS / 8000Hz -> device not ready)[main][04:07:56.523] ⌨️ after(0) 執行延遲 2.0ms

[input][04:07:56.672] ⌨️ 熱鍵修飾鍵清理(main): released=Ctrl,RCtrl，before=async_down=Ctrl,RCtrl; logical_down=Ctrl,RCtrl，after=async_down=none; logical_down=none
[recorder][start] ❌ 找不到可用錄音裝置: DJI input endpoints are present but none produced callbacks (23 耳機 (@System32\drivers\bthhfenum.sys,#2;%1 Hands-Free AG Audio%0  ;(DJI Mic Mini-E2C662)) / Windows WDM-KS / 8000Hz -> device not ready)
[main][04:07:57.851] ⏱️ recorder.start() 耗時 1329.0ms，ok=False
[tap]        [04:07:57.851] ⏳ 等待 MIC 裝置：DJI input endpoints are present but none produced callbacks (23 耳機 (@System32\drivers\bthhfenum.sys,#2;%1 Hands-Free AG Audio%0  ;(DJI Mic Mini-E2C662)) / Windows WDM-KS / 8000Hz -> device not ready)，2s 後重試
[tap]        [04:07:59.867] ⏳ 等待 MIC 裝置：DJI input endpoints are present but none produced callbacks (23 耳機 (@System32\drivers\bthhfenum.sys,#2;%1 Hands-Free AG Audio%0  ;(DJI Mic Mini-E2C662)) / Windows WDM-KS / 8000Hz -> device not ready)，2s 後重試
[tap]        [04:08:01.883] ⏳ 等待 MIC 裝置：DJI input endpoints are present but none produced callbacks (23 耳機 (@System32\drivers\bthhfenum.sys,#2;%1 Hands-Free AG Audio%0  ;(DJI Mic Mini-E2C662)) / Windows WDM-KS / 8000Hz -> device not ready)，2s 後重試
[tap]        [04:08:03.896] ⏳ 等待 MIC 裝置：DJI input endpoints are present but none produced callbacks (23 耳機 (@System32\drivers\bthhfenum.sys,#2;%1 Hands-Free AG Audio%0  ;(DJI Mic Mini-E2C662)) / Windows WDM-KS / 8000Hz -> device not ready)，2s 後重試
[main][04:08:04.348] ⌨️ 熱鍵觸發，排入 after(0)，keys=async_down=Ctrl,RCtrl; logical_down=Ctrl,RCtrl
[main][04:08:04.350] ⌨️ after(0) 執行延遲 1.7ms[recorder][start] ❌ 找不到可用錄音裝置: DJI input endpoints are present but none produced callbacks (23 耳機 (@System32\drivers\bthhfenum.sys,#2;%1 Hands-Free AG Audio%0  ;(DJI Mic Mini-E2C662)) / Windows WDM-KS / 8000Hz -> device not ready)

[input][04:08:04.500] ⌨️ 熱鍵修飾鍵清理(main): released=Ctrl,RCtrl，before=async_down=Ctrl,RCtrl; logical_down=Ctrl,RCtrl，after=async_down=none; logical_down=none
[recorder][start] ❌ 找不到可用錄音裝置: DJI input endpoints are present but none produced callbacks (23 耳機 (@System32\drivers\bthhfenum.sys,#2;%1 Hands-Free AG Audio%0  ;(DJI Mic Mini-E2C662)) / Windows WDM-KS / 8000Hz -> device not ready)
[main][04:08:05.607] ⏱️ recorder.start() 耗時 1257.2ms，ok=False
[tap]        [04:08:05.610] ⏳ 等待 MIC 裝置：DJI input endpoints are present but none produced callbacks (23 耳機 (@System32\drivers\bthhfenum.sys,#2;%1 Hands-Free AG Audio%0  ;(DJI Mic Mini-E2C662)) / Windows WDM-KS / 8000Hz -> device not ready)，2s 後重試
[recorder][start] ❌ 找不到可用錄音裝置: DJI input endpoints are present but none produced callbacks (23 耳機 (@System32\drivers\bthhfenum.sys,#2;%1 Hands-Free AG Audio%0  ;(DJI Mic Mini-E2C662)) / Windows WDM-KS / 8000Hz -> device not ready)
[recorder][start] ❌ 找不到可用錄音裝置: DJI input endpoints are present but none produced callbacks (23 耳機 (@System32\drivers\bthhfenum.sys,#2;%1 Hands-Free AG Audio%0  ;(DJI Mic Mini-E2C662)) / Windows WDM-KS / 8000Hz -> device not ready)
[main][04:08:08.637] ⏱️ recorder.start() 耗時 1256.9ms，ok=False
[tap]        [04:08:08.637] ⏳ 等待 MIC 裝置：DJI input endpoints are present but none produced callbacks (23 耳機 (@System32\drivers\bthhfenum.sys,#2;%1 Hands-Free AG Audio%0  ;(DJI Mic Mini-E2C662)) / Windows WDM-KS / 8000Hz -> device not ready)，2s 後重試
[recorder][start] ❌ 找不到可用錄音裝置: DJI input endpoints are present but none produced callbacks (23 耳機 (@System32\drivers\bthhfenum.sys,#2;%1 Hands-Free AG Audio%0  ;(DJI Mic Mini-E2C662)) / Windows WDM-KS / 8000Hz -> device not ready)
[recorder][start] ❌ 找不到可用錄音裝置: DJI input endpoints are present but none produced callbacks (23 耳機 (@System32\drivers\bthhfenum.sys,#2;%1 Hands-Free AG Audio%0  ;(DJI Mic Mini-E2C662)) / Windows WDM-KS / 8000Hz -> device not ready)
[main][04:08:09.938] ⏱️ recorder.start() 耗時 1296.5ms，ok=False
[tap]        [04:08:09.938] ⏳ 等待 MIC 裝置：DJI input endpoints are present but none produced callbacks (23 耳機 (@System32\drivers\bthhfenum.sys,#2;%1 Hands-Free AG Audio%0  ;(DJI Mic Mini-E2C662)) / Windows WDM-KS / 8000Hz -> device not ready)，2s 後重試
[recorder][start] ❌ 找不到可用錄音裝置: DJI input endpoints are present but none produced callbacks (23 耳機 (@System32\drivers\bthhfenum.sys,#2;%1 Hands-Free AG Audio%0  ;(DJI Mic Mini-E2C662)) / Windows WDM-KS / 8000Hz -> device not ready)
[recorder][start] ❌ 找不到可用錄音裝置: DJI input endpoints are present but none produced callbacks (23 耳機 (@System32\drivers\bthhfenum.sys,#2;%1 Hands-Free AG Audio%0  ;(DJI Mic Mini-E2C662)) / Windows WDM-KS / 8000Hz -> device not ready)
[main][04:08:11.236] ⏱️ recorder.start() 耗時 1294.0ms，ok=False
[tap]        [04:08:11.236] ⏳ 等待 MIC 裝置：DJI input endpoints are present but none produced callbacks (23 耳機 (@System32\drivers\bthhfenum.sys,#2;%1 Hands-Free AG Audio%0  ;(DJI Mic Mini-E2C662)) / Windows WDM-KS / 8000Hz -> device not ready)，2s 後重試
[tap]        [04:08:13.252] ⏳ 等待 MIC 裝置：DJI input endpoints are present but none produced callbacks (23 耳機 (@System32\drivers\bthhfenum.sys,#2;%1 Hands-Free AG Audio%0  ;(DJI Mic Mini-E2C662)) / Windows WDM-KS / 8000Hz -> device not ready)，2s 後重試
[tap]        [04:08:15.263] ⏳ 等待 MIC 裝置：DJI input endpoints are present but none produced callbacks (23 耳機 (@System32\drivers\bthhfenum.sys,#2;%1 Hands-Free AG Audio%0  ;(DJI Mic Mini-E2C662)) / Windows WDM-KS / 8000Hz -> device not ready)，2s 後重試
[tap]        [04:08:17.265] ⏳ 等待 MIC 裝置：DJI input endpoints are present but none produced callbacks (23 耳機 (@System32\drivers\bthhfenum.sys,#2;%1 Hands-Free AG Audio%0  ;(DJI Mic Mini-E2C662)) / Windows WDM-KS / 8000Hz -> device not ready)，2s 後重試
[recorder][04:08:18] 💤 預熱 stream 已關閉
[0m