[main] LOG -> F:\Cursor\AI Whisper Next\ai_whisper_20260517_171717.log
[settings] config loaded from F:\Cursor\AI Whisper Next\config.json
[main][17:17:17.914] ✅ 快捷鍵 ctrl+f12（句號）、ctrl+f11（逗號）已註冊
[main][17:17:17.916] ✅ 主快捷鍵 2/2 已註冊 (Win32)
[main][17:17:17.916] ✅ 記憶快捷鍵 5/5 已註冊 (Win32)
[tap]        [17:17:17.932] 🎙️ 敲麥監聽已啟動
[recorder][VAD] 載入 Silero VAD 模型...
Using cache found in C:\Users\Administrator/.cache\torch\hub\snakers4_silero-vad_master
[recorder][VAD] Silero VAD 模型載入完成
[tap][sample][17:17:20.932] 持續=63ms 峰值=4330 ✓ 🎯 敲擊 #1
[tap][sample][17:17:21.130] 持續=36ms 峰值=2269 ✓ 🎯 敲擊 #2
[tap][dim]   [17:17:21.157] 持續=27ms 峰值=448 ✗弱
[tap][sample][17:17:21.319] 持續=36ms 峰值=1613 ✓ 🎯 敲擊 #3
[tap]        [17:17:21.319] 🔔 三連敲觸發（間隔 225ms / 189ms，一致性 0.84）
[tap]        [17:17:21.404] 💤 敲麥監聽已停止
[recorder][17:17:21] ⏱️ InputStream() 25.2ms
[recorder][17:17:21] ⏱️ stream.start() 0.7ms
[recorder][17:17:21] 🎙️ 錄音就緒，總初始化 26.0ms
[main][17:17:21.430] ⏱️ recorder.start() 耗時 26.3ms，ok=True
[tap]        [17:17:21.963] 🎙️ 敲麥監聽已啟動
[main][17:17:21.972] 🎙️ 開始錄音
[recorder][17:17:22] 🎤 第一包音訊到達，麥克風實際開啟延遲 744.0ms
[tap][sample][17:17:23.497] 持續=603ms 峰值=6283 ✗長
[tap][dim]   [17:17:23.524] 持續=27ms 峰值=541 ✗弱
[tap][dim]   [17:17:23.723] 持續=27ms 峰值=447 ✗弱
[tap][sample][17:17:24.360] 持續=639ms 峰值=6675 ✗長
[recorder][VAD] Silero 語音幀 33/101 (32.7%)，有效語音 1.06s，信心閾值 0.6，最低比例 16%，最低語音 0.35s
[recorder][flush] ✅ 取出 3.2s 音訊段落
[main][17:17:25.564] ✂️ 自動分段送出（靜音達1s，累積 3.2s，靜音 1.1s）
[paster][17:17:25] 📏 [UIA] 文字為空 → 不加句號
[paster][17:17:25] 🔮 預取游標位置: at_end=False, last_punct=False (delay=0.12s, est_api=0.57s)
[recorder][VAD] Silero 語音幀 0/39 (0.0%)，有效語音 0.00s，信心閾值 0.6，最低比例 16%，最低語音 0.35s
[recorder][flush] ❌ VAD 未達有效語音門檻，略過（語音比例不足 0.0% < 16%）
[transcriber][17:17:27.308] ⏱️ API 耗時: 1.52s
[main][17:17:27.309] ✅ 分段辨識完成: "測試測試"
[paster][17:17:28] 🎯 PASTE: at_end=False, last_punct=False, add_prefix=False (prefetched), prefix='。', final='測試測試'
[paster][17:17:28] ⌨️ TEXT input skipped: process=chrome.exe，class=Chrome_WidgetWin_1，focus=('PDF 文件，共 27 頁', '', '', 'DocumentControl')，preserve_ctrl=False
[paster][17:17:28] 📋 CLIP flow start: target_chars=4, restore_delay=0.30s
[paster][17:17:28] 📋 CLIP backup: count=7, formats=49367:882B, 13:30B, 50188:24B, 50131:19B, 16:4B, 1:29B, 7:29B, text='一個底色一個波形一個狀態文字'
[paster][17:17:28] 📋 CLIP set attempt 1/4: chars=4, bytes=10, preview='測試測試'
[paster][17:17:28] 📋 CLIP verify ok: attempt=1, chars=4, text='測試測試'
[paster][17:17:28] ⌨️ Ctrl+V 準備送出，cb_ok=True，視窗="电子玻纤布行业深度研究报告算力基石催化高端需求供需错配开启上行周期-26040327页.pdf - Google Chrome"，hwnd=0x003d0bfe，process=chrome.exe，class=Chrome_WidgetWin_1，keys_before=async_down=none; logical_down=none，text='測試測試'
[paster][17:17:28] ⌨️ 貼上前釋放修飾鍵: released=none，restore_later=none，preserve_ctrl=False，keys_after_release=async_down=none; logical_down=none
[paster][17:17:28] ⌨️ Ctrl+V 已送出，keys_after_send=async_down=none; logical_down=none
[paster][17:17:28] 🚫 CLIP guard armed: manual Ctrl+V suppressed
[paster][17:17:28] ⏱️ 收到→貼上完成: 0.97s
[paster][17:17:28] 📋 CLIP restore wait: 0.30s
[paster][17:17:28] 📋 CLIP restore attempt 1/4: text='一個底色一個波形一個狀態文字'
[paster][17:17:28] 📋 CLIP restore: restored=7/7, formats=49367:882B, 13:30B, 50188:24B, 50131:19B, 16:4B, 1:29B, 7:29B, text='一個底色一個波形一個狀態文字'
[paster][17:17:28] 📋 CLIP restore verify ok: attempt=1, text='一個底色一個波形一個狀態文字'
[paster][17:17:28] 🚫 CLIP guard disarmed: blocked=0
[recorder][VAD] Silero 語音幀 0/34 (0.0%)，有效語音 0.00s，信心閾值 0.6，最低比例 16%，最低語音 0.35s
[recorder][flush] ❌ VAD 未達有效語音門檻，略過（語音比例不足 0.0% < 16%）
[recorder][VAD] Silero 語音幀 0/31 (0.0%)，有效語音 0.00s，信心閾值 0.6，最低比例 16%，最低語音 0.35s
[recorder][flush] ❌ VAD 未達有效語音門檻，略過（語音比例不足 0.0% < 16%）
[paster][17:17:30] 📋 CLIP watchdog done: checks=11, repairs=0, ok=True, final='一個底色一個波形一個狀態文字'
[paster][17:17:30] 📋 剪貼簿已還原驗證（7 種格式，restore_ok=True, watch_ok=True）
[recorder][VAD] Silero 語音幀 0/31 (0.0%)，有效語音 0.00s，信心閾值 0.6，最低比例 16%，最低語音 0.35s
[recorder][flush] ❌ VAD 未達有效語音門檻，略過（語音比例不足 0.0% < 16%）
[recorder][VAD] Silero 語音幀 0/37 (0.0%)，有效語音 0.00s，信心閾值 0.6，最低比例 16%，最低語音 0.35s
[recorder][flush] ❌ VAD 未達有效語音門檻，略過（語音比例不足 0.0% < 16%）
[recorder][VAD] Silero 語音幀 0/37 (0.0%)，有效語音 0.00s，信心閾值 0.6，最低比例 16%，最低語音 0.35s
[recorder][flush] ❌ VAD 未達有效語音門檻，略過（語音比例不足 0.0% < 16%）
[recorder][VAD] Silero 語音幀 0/38 (0.0%)，有效語音 0.00s，信心閾值 0.6，最低比例 16%，最低語音 0.35s
[recorder][flush] ❌ VAD 未達有效語音門檻，略過（語音比例不足 0.0% < 16%）
[recorder][VAD] Silero 語音幀 0/37 (0.0%)，有效語音 0.00s，信心閾值 0.6，最低比例 16%，最低語音 0.35s
[recorder][flush] ❌ VAD 未達有效語音門檻，略過（語音比例不足 0.0% < 16%）
[recorder][VAD] Silero 語音幀 0/32 (0.0%)，有效語音 0.00s，信心閾值 0.6，最低比例 16%，最低語音 0.35s
[recorder][flush] ❌ VAD 未達有效語音門檻，略過（語音比例不足 0.0% < 16%）
[main][17:17:37.107] ⌨️ 主快捷鍵觸發（Win32/句號），keys=async_down=Ctrl,LCtrl; logical_down=Ctrl,LCtrl
[main][17:17:37.107] ⌨️ after(0) 執行延遲 0.4ms[main][17:17:37.107] ⏳ 預熱 idle 計時器啟動，10 分鐘後關閉麥克風

[recorder][stop] 錄音太短 (0.08s)，略過
[tap][dim]   [17:17:40.759] 持續=36ms 峰值=335 ✗弱
[tap][dim]   [17:20:19.906] 持續=36ms 峰值=487 ✗弱
[tap][sample][17:20:19.933] 持續=27ms 峰值=603 ✓ 🎯 敲擊 #1
[tap][dim]   [17:20:19.969] 持續=36ms 峰值=401 ✗弱
[tap][sample][17:20:21.120] 持續=135ms 峰值=919 ✗長
[tap][dim]   [17:20:21.183] 持續=63ms 峰值=370 ✗弱
[tap][dim]   [17:20:21.462] 持續=90ms 峰值=469 ✗弱
[tap][dim]   [17:20:32.884] 持續=45ms 峰值=312 ✗弱
[tap][dim]   [17:20:36.340] 持續=63ms 峰值=489 ✗弱
[tap][dim]   [17:20:37.464] 持續=36ms 峰值=338 ✗弱
[tap]         ⏱️ 間隔過長重置（17559ms）
[tap][sample][17:20:37.491] 持續=27ms 峰值=679 ✓ 🎯 敲擊 #1
[tap][dim]   [17:20:37.529] 持續=37ms 峰值=426 ✗弱
[tap][dim]   [17:20:43.648] 持續=27ms 峰值=337 ✗弱
[tap]        [17:21:27.434] 💤 敲麥監聽已停止
[recorder][17:21:27] 💤 預熱 stream 已關閉
[0m