[main]          [02:12:59.270] LOG -> F:\Cursor\AI Whisper Next\logs\ai_whisper_20260608_021259_P8-32.current.log
[settings]      [02:12:59.272] config loaded from F:\Cursor\AI Whisper Next\config.json
[main]          [02:12:59.417] ✅ 快捷鍵 ctrl+f11（句號）、ctrl+f12（逗號）已註冊
[main]          [02:12:59.420] ✅ 主快捷鍵 2/2 已註冊 (Win32)
[main]          [02:12:59.420] ✅ 記憶快捷鍵 5/5 已註冊 (Win32)
[tap]           [02:12:59.475] 🎙️ 敲麥監聽已啟動
[main]          [02:12:59.475] 🔧 DIAG 關閉元件: (none)
[debug]         [02:12:59.487] 🔍 Debug server listening on 127.0.0.1:47643
[recorder][VAD] [02:12:59.663] 載入 Silero VAD 模型 (ONNX): F:\Cursor\AI Whisper Next\assets\silero_vad.onnx
[recorder][VAD] [02:12:59.755] Silero VAD 模型載入完成 (ONNX)
[transcriber]   [02:13:00.915] 🔌 HTTP 連線預熱完成 (1.44s)
[test] ========================================
[test] Paste Test START
[paster]        [02:13:07.423] 📋 CLIP backup: count=4, formats=13:64B, 16:4B, 1:32B, 7:32B, text='MEMORY_CLIP_SENTINEL'
[paster]        [02:13:07.424] 📋 CLIP set attempt 1/4: chars=26, bytes=54, preview='AI_WHISPER_TEST_1780855987'
[paster]        [02:13:07.485] 📋 CLIP verify ok: attempt=1, chars=26, text='AI_WHISPER_TEST_1780'
[paster]        [02:13:07.487] 📋 CLIP backup: count=4, formats=13:54B, 16:4B, 1:27B, 7:27B, text='AI_WHISPER_TEST_1780'
[paster]        [02:13:07.487] 📋 CLIP set attempt 1/4: chars=16, bytes=34, preview='__RESTORE_TEST__'
[paster]        [02:13:07.549] 📋 CLIP verify ok: attempt=1, chars=16, text='__RESTORE_TEST__'
[paster]        [02:13:07.550] 📋 CLIP restore attempt 1/4: text='AI_WHISPER_TEST_1780'
[paster]        [02:13:07.550] 📋 CLIP restore: restored=4/4, formats=13:54B, 16:4B, 1:27B, 7:27B, text='AI_WHISPER_TEST_1780'
[paster]        [02:13:07.671] 📋 CLIP restore verify ok: attempt=1, text='AI_WHISPER_TEST_1780'
[paster]        [02:13:07.708] 📏 [UIA] 文字為空 → 不加句號
[paster]        [02:13:07.727] 🎯 PASTE: at_end=False, last_punct=False, add_prefix=False, prefix='', uia=33ms, final='TEST_PASTE'
[paster]        [02:13:07.731] ⌨️ TEXT input flow start: target_chars=10，視窗="Pushing Changes to Git"，hwnd=0x015c200c，process=antigravity.exe，class=Chrome_WidgetWin_1，focus=('Message input', 'max-h-[300px] rounded-md cursor-text overflow-y-auto text-md p-2 outline-none transition-all duration-100 text-sm', '', 'ComboBoxControl')，verify_readable=True，keys_before=async_down=none; logical_down=none，text='TEST_PASTE'
[paster]        [02:13:07.733] ⌨️ 直接輸入前釋放修飾鍵: released=none，keys_after_release=async_down=none; logical_down=none
[paster]        [02:13:07.745] ⌨️ TEXT input done: ok=True，keys_after_send=async_down=none; logical_down=none
[paster]        [02:13:07.829] ⌨️ TEXT input verify: ok=True，reason=changed
[paster]        [02:13:11.787] ⚠️ [UIA] 無 TextPattern
[paster]        [02:13:11.837] 🎯 PASTE: at_end=False, last_punct=False, add_prefix=False, prefix='', uia=2ms, final='FIX4_TEST'
[paster]        [02:13:11.842] ⌨️ TEXT input skipped: target not UIA-readable (cannot verify)，process=antigravity.exe，class=Chrome_WidgetWin_1，focus=('Message input', 'max-h-[300px] rounded-md cursor-text overflow-y-auto text-md p-2 outline-none transition-all duration-100 text-sm', '', 'ComboBoxControl')
[paster]        [02:13:11.842] ⌨️ TEXT input skipped: process=antigravity.exe，class=Chrome_WidgetWin_1，focus=('Message input', 'max-h-[300px] rounded-md cursor-text overflow-y-auto text-md p-2 outline-none transition-all duration-100 text-sm', '', 'ComboBoxControl')，preserve_ctrl=False
[paster]        [02:13:11.843] 📋 CLIP flow start: target_chars=9, restore_delay=0.30s
[paster]        [02:13:11.843] 📋 CLIP backup: count=4, formats=13:54B, 16:4B, 1:27B, 7:27B, text='AI_WHISPER_TEST_1780'
[paster]        [02:13:11.844] 📋 CLIP set attempt 1/4: chars=9, bytes=20, preview='FIX4_TEST'
[paster]        [02:13:11.906] 📋 CLIP verify ok: attempt=1, chars=9, text='FIX4_TEST'
[paster]        [02:13:11.987] ⌨️ Ctrl+V 準備送出，cb_ok=True，視窗="Pushing Changes to Git"，hwnd=0x015c200c，process=antigravity.exe，class=Chrome_WidgetWin_1，keys_before=async_down=none; logical_down=none，text='FIX4_TEST'
[paster]        [02:13:11.991] ⌨️ 貼上前釋放修飾鍵: released=none，restore_later=none，preserve_ctrl=False，keys_after_release=async_down=none; logical_down=none
[paster]        [02:13:11.997] ⌨️ Ctrl+V 已送出，keys_after_send=async_down=none; logical_down=none
[paster]        [02:13:12.126] 🚫 CLIP guard armed: manual Ctrl+V suppressed
[paster]        [02:13:12.127] 📋 CLIP restore wait: 0.30s
[paster]        [02:13:12.429] 📋 CLIP restore attempt 1/4: text='AI_WHISPER_TEST_1780'
[paster]        [02:13:12.430] 📋 CLIP restore: restored=4/4, formats=13:54B, 16:4B, 1:27B, 7:27B, text='AI_WHISPER_TEST_1780'
[paster]        [02:13:12.552] 📋 CLIP restore verify ok: attempt=1, text='AI_WHISPER_TEST_1780'
[paster]        [02:13:12.553] 🚫 CLIP guard disarmed: blocked=0
[paster]        [02:13:14.763] 📋 CLIP watchdog done: checks=11, repairs=0, ok=True, final='AI_WHISPER_TEST_1780'
[paster]        [02:13:14.764] 📋 剪貼簿已還原驗證（4 種格式，restore_ok=True, watch_ok=True）
[paster]        [02:13:17.384] 📏 [UIA] 文字為空 → 不加句號
[paster]        [02:13:17.433] 🎯 PASTE: at_end=False, last_punct=False, add_prefix=False, prefix='', uia=3ms, final='777_驗證test_The quick brown fox jumps ove'
[paster]        [02:13:17.438] ⌨️ TEXT input flow start: target_chars=88，視窗="英數 烹嫩研究群"，hwnd=0x02be0a3a，process=line.exe，class=Qt663QWindowIcon，focus=('', 'AutoSuggestTextArea', '', 'EditControl')，verify_readable=True，keys_before=async_down=none; logical_down=none，text='777_驗證test_The quick brown fox jumps ove'
[paster]        [02:13:17.439] ⌨️ 直接輸入前釋放修飾鍵: released=none，keys_after_release=async_down=none; logical_down=none
[paster]        [02:13:17.442] ⌨️ TEXT input done: ok=True，keys_after_send=async_down=none; logical_down=none
[paster]        [02:13:17.443] ⌨️ TEXT input verify: ok=True，reason=wm_char_trusted
[paster]        [02:13:26.801] 📏 [UIA] text='https://www.youtube.', text_after='', at_end=True, last_punct=False
[paster]        [02:13:26.803] 🎯 PASTE: at_end=True, last_punct=False, add_prefix=True, prefix='', uia=517ms, final='777_驗證test_The quick brown fox jumps ove'
[paster]        [02:13:26.808] ⌨️ TEXT input flow start: target_chars=88，視窗="【XBox發佈會】6/8 - YouTube - Google Chrome"，hwnd=0x00052364，process=chrome.exe，class=Chrome_WidgetWin_1，focus=('網址與搜尋列', 'OmniboxViewViews', 'view_1012', 'EditControl')，verify_readable=True，keys_before=async_down=none; logical_down=none，text='777_驗證test_The quick brown fox jumps ove'
[paster]        [02:13:26.810] ⌨️ 直接輸入前釋放修飾鍵: released=none，keys_after_release=async_down=none; logical_down=none
[paster]        [02:13:26.815] ⌨️ TEXT input done: ok=True，keys_after_send=async_down=none; logical_down=none
[paster]        [02:13:26.815] ⌨️ TEXT input verify: ok=True，reason=wm_char_trusted
[paster]        [02:13:34.474] ⚠️ [UIA] 無 TextPattern
[paster]        [02:13:34.523] 🎯 PASTE: at_end=False, last_punct=False, add_prefix=False, prefix='', uia=3ms, final='777_驗證test_The quick brown fox jumps ove'
[paster]        [02:13:34.531] ⌨️ TEXT input flow start: target_chars=88，視窗="Pushing Changes to Git"，hwnd=0x015c200c，process=antigravity.exe，class=Chrome_WidgetWin_1，focus=('Message input', 'max-h-[300px] rounded-md cursor-text overflow-y-auto text-md p-2 outline-none transition-all duration-100 text-sm', '', 'ComboBoxControl')，verify_readable=True，keys_before=async_down=none; logical_down=none，text='777_驗證test_The quick brown fox jumps ove'
[paster]        [02:13:34.532] ⌨️ 直接輸入前釋放修飾鍵: released=none，keys_after_release=async_down=none; logical_down=none
[paster]        [02:13:34.538] ⌨️ TEXT input done: ok=True，keys_after_send=async_down=none; logical_down=none
[paster]        [02:13:34.539] ⌨️ TEXT input verify: ok=True，reason=wm_char_trusted
[paster]        [02:13:42.799] ⚠️ [UIA] 無 TextPattern
[paster]        [02:13:42.849] 🎯 PASTE: at_end=False, last_punct=False, add_prefix=False, prefix='', uia=3ms, final='【插入】'
[paster]        [02:13:42.856] ⌨️ TEXT input flow start: target_chars=4，視窗="Pushing Changes to Git"，hwnd=0x015c200c，process=antigravity.exe，class=Chrome_WidgetWin_1，focus=('Message input', 'max-h-[300px] rounded-md cursor-text overflow-y-auto text-md p-2 outline-none transition-all duration-100 text-sm', '', 'ComboBoxControl')，verify_readable=True，keys_before=async_down=none; logical_down=none，text='【插入】'
[paster]        [02:13:42.857] ⌨️ 直接輸入前釋放修飾鍵: released=none，keys_after_release=async_down=none; logical_down=none
[paster]        [02:13:42.861] ⌨️ TEXT input done: ok=True，keys_after_send=async_down=none; logical_down=none
[paster]        [02:13:42.945] ⌨️ TEXT input verify: ok=True，reason=changed
[paster]        [02:13:46.248] 📋 CLIP set attempt 1/4: chars=30, bytes=62, preview='EMPTY_TEST_SENTINEL_1780856026'
[paster]        [02:13:46.313] 📋 CLIP verify ok: attempt=1, chars=30, text='EMPTY_TEST_SENTINEL_'
[paster]        [02:13:49.830] ⚠️ [UIA] 無 TextPattern
[paster]        [02:13:49.831] 🎯 PASTE: at_end=False, last_punct=False, add_prefix=False, prefix='', uia=2ms, final='WATCHDOG_TRIGGER'
[paster]        [02:13:49.835] ⌨️ TEXT input skipped: process=antigravity.exe，class=Chrome_WidgetWin_1，focus=('Message input', 'max-h-[300px] rounded-md cursor-text overflow-y-auto text-md p-2 outline-none transition-all duration-100 text-sm', '', 'ComboBoxControl')，preserve_ctrl=True
[paster]        [02:13:49.835] 📋 CLIP flow start: target_chars=16, restore_delay=0.30s
[paster]        [02:13:49.836] 📋 CLIP backup: count=4, formats=13:62B, 16:4B, 1:31B, 7:31B, text='EMPTY_TEST_SENTINEL_'
[paster]        [02:13:49.836] 📋 CLIP set attempt 1/4: chars=16, bytes=34, preview='WATCHDOG_TRIGGER'
[paster]        [02:13:49.898] 📋 CLIP verify ok: attempt=1, chars=16, text='WATCHDOG_TRIGGER'
[paster]        [02:13:49.979] ⌨️ Ctrl+V 準備送出，cb_ok=True，視窗="Pushing Changes to Git"，hwnd=0x015c200c，process=antigravity.exe，class=Chrome_WidgetWin_1，keys_before=async_down=none; logical_down=none，text='WATCHDOG_TRIGGER'
[paster]        [02:13:49.981] ⌨️ 貼上前釋放修飾鍵: released=none，restore_later=none，preserve_ctrl=False，keys_after_release=async_down=none; logical_down=none
[paster]        [02:13:49.988] ⌨️ Ctrl+V 已送出，keys_after_send=async_down=none; logical_down=none
[paster]        [02:13:49.988] 🚫 CLIP guard armed: manual Ctrl+V suppressed
[paster]        [02:13:49.990] 📋 CLIP restore wait: 0.30s
[paster]        [02:13:50.296] 📋 CLIP restore attempt 1/4: text='EMPTY_TEST_SENTINEL_'
[paster]        [02:13:50.301] 📋 CLIP restore: restored=4/4, formats=13:62B, 16:4B, 1:31B, 7:31B, text='EMPTY_TEST_SENTINEL_'
[paster]        [02:13:50.424] 📋 CLIP restore verify ok: attempt=1, text='EMPTY_TEST_SENTINEL_'
[paster]        [02:13:50.424] 🚫 CLIP guard disarmed: blocked=0
[paster]        [02:13:51.331] 📋 CLIP set attempt 1/4: chars=21, bytes=44, preview='USER_CTRLC_1780856029'
[paster]        [02:13:51.393] 📋 CLIP verify ok: attempt=1, chars=21, text='USER_CTRLC_178085602'
[paster]        [02:13:51.428] 📋 CLIP watchdog stop: external clipboard change, check=5, got='USER_CTRLC_178085602', expected='EMPTY_TEST_SENTINEL_'
[paster]        [02:13:51.429] 📋 剪貼簿已還原驗證（4 種格式，restore_ok=True, watch_ok=True）
[paster]        [02:13:54.401] 📋 CLIP set attempt 1/4: chars=26, bytes=54, preview='CONSEC_ORIGINAL_1780856034'
[paster]        [02:13:54.465] 📋 CLIP verify ok: attempt=1, chars=26, text='CONSEC_ORIGINAL_1780'
[paster]        [02:13:54.792] ⚠️ [UIA] 無 TextPattern
[paster]        [02:13:54.793] 🎯 PASTE: at_end=False, last_punct=False, add_prefix=False, prefix='', uia=4ms, final='CONSEC_0'
[paster]        [02:13:54.798] ⌨️ TEXT input flow start: target_chars=8，視窗="Pushing Changes to Git"，hwnd=0x015c200c，process=antigravity.exe，class=Chrome_WidgetWin_1，focus=('Message input', 'max-h-[300px] rounded-md cursor-text overflow-y-auto text-md p-2 outline-none transition-all duration-100 text-sm', '', 'ComboBoxControl')，verify_readable=True，keys_before=async_down=none; logical_down=none，text='CONSEC_0'
[paster]        [02:13:54.798] ⌨️ 直接輸入前釋放修飾鍵: released=none，keys_after_release=async_down=none; logical_down=none
[paster]        [02:13:54.810] ⌨️ TEXT input done: ok=True，keys_after_send=async_down=none; logical_down=none
[paster]        [02:13:54.893] ⌨️ TEXT input verify: ok=True，reason=changed
[paster]        [02:13:54.896] ⚠️ [UIA] 無 TextPattern
[paster]        [02:13:54.896] 🎯 PASTE: at_end=False, last_punct=False, add_prefix=False, prefix='', uia=3ms, final='CONSEC_1'
[paster]        [02:13:54.900] ⌨️ TEXT input flow start: target_chars=8，視窗="Pushing Changes to Git"，hwnd=0x015c200c，process=antigravity.exe，class=Chrome_WidgetWin_1，focus=('Message input', 'max-h-[300px] rounded-md cursor-text overflow-y-auto text-md p-2 outline-none transition-all duration-100 text-sm', '', 'ComboBoxControl')，verify_readable=True，keys_before=async_down=none; logical_down=none，text='CONSEC_1'
[paster]        [02:13:54.900] ⌨️ 直接輸入前釋放修飾鍵: released=none，keys_after_release=async_down=none; logical_down=none
[paster]        [02:13:54.909] ⌨️ TEXT input done: ok=True，keys_after_send=async_down=none; logical_down=none
[paster]        [02:13:54.991] ⌨️ TEXT input verify: ok=True，reason=changed
[paster]        [02:13:54.994] ⚠️ [UIA] 無 TextPattern
[paster]        [02:13:54.995] 🎯 PASTE: at_end=False, last_punct=False, add_prefix=False, prefix='', uia=3ms, final='CONSEC_2'
[paster]        [02:13:55.001] ⌨️ TEXT input flow start: target_chars=8，視窗="Pushing Changes to Git"，hwnd=0x015c200c，process=antigravity.exe，class=Chrome_WidgetWin_1，focus=('Message input', 'max-h-[300px] rounded-md cursor-text overflow-y-auto text-md p-2 outline-none transition-all duration-100 text-sm', '', 'ComboBoxControl')，verify_readable=True，keys_before=async_down=none; logical_down=none，text='CONSEC_2'
[paster]        [02:13:55.001] ⌨️ 直接輸入前釋放修飾鍵: released=none，keys_after_release=async_down=none; logical_down=none
[paster]        [02:13:55.022] ⌨️ TEXT input done: ok=True，keys_after_send=async_down=none; logical_down=none
[paster]        [02:13:55.104] ⌨️ TEXT input verify: ok=True，reason=changed
[paster]        [02:14:06.796] 🚫 CLIP guard armed: manual Ctrl+V suppressed
[paster]        [02:14:06.899] 🚫 CLIP guard disarmed: blocked=0
[paster]        [02:14:06.902] 🚫 CLIP guard armed: manual Ctrl+V suppressed
[paster]        [02:14:07.019] 🚫 CLIP guard disarmed: blocked=2
[paster]        [02:14:07.036] 🚫 CLIP guard armed: manual Ctrl+V suppressed
[paster]        [02:14:07.088] 🚫 CLIP guard disarmed: blocked=0
[paster]        [02:14:07.092] ⚠️ [UIA] 無 TextPattern
[paster]        [02:14:07.092] 🎯 PASTE: at_end=False, last_punct=False, add_prefix=False, prefix='', uia=2ms, final='WINSWITCH_TEST'
[paster]        [02:14:07.098] ⌨️ TEXT input flow start: target_chars=14，視窗="Pushing Changes to Git"，hwnd=0x015c200c，process=antigravity.exe，class=Chrome_WidgetWin_1，focus=('Message input', 'max-h-[300px] rounded-md cursor-text overflow-y-auto text-md p-2 outline-none transition-all duration-100 text-sm', '', 'ComboBoxControl')，verify_readable=True，keys_before=async_down=none; logical_down=none，text='WINSWITCH_TEST'
[paster]        [02:14:07.098] ⌨️ 直接輸入前釋放修飾鍵: released=none，keys_after_release=async_down=none; logical_down=none
[paster]        [02:14:07.113] ⌨️ TEXT input done: ok=True，keys_after_send=async_down=none; logical_down=none
[paster]        [02:14:07.197] ⌨️ TEXT input verify: ok=True，reason=unreadable
[paster]        [02:14:12.161] 📋 CLIP set attempt 1/4: chars=1000000, bytes=2000002, preview='XXXXXXXXXXXXXXXXXXXXXXXXXXXXXXXXXXXXXXXX'
[paster]        [02:14:12.228] 📋 CLIP verify ok: attempt=1, chars=1000000, text='XXXXXXXXXXXXXXXXXXXX'
[paster]        [02:14:12.539] 📋 CLIP backup: count=4, formats=13:2000002B, 16:4B, 1:1000001B, 7:1000001B, text='XXXXXXXXXXXXXXXXXXXX'
[paster]        [02:14:12.546] 📋 CLIP restore: restored=4/4, formats=13:2000002B, 16:4B, 1:1000001B, 7:1000001B, text='XXXXXXXXXXXXXXXXXXXX'
[paster]        [02:14:12.583] 📋 CLIP set attempt 1/4: chars=17, bytes=36, preview='clipboard_cleaned'
[paster]        [02:14:12.647] 📋 CLIP verify ok: attempt=1, chars=17, text='clipboard_cleaned'
[paster]        [02:14:12.753] 📋 CLIP set attempt 1/4: chars=31, bytes=64, preview='MEMORY_CLIP_SENTINEL_1780856052'
[paster]        [02:14:12.816] 📋 CLIP verify ok: attempt=1, chars=31, text='MEMORY_CLIP_SENTINEL'
[main]          [02:14:13.120] 📋 貼上記憶 1: "MEMORY_PASTE_1780856"
[paster]        [02:14:13.123] ⚠️ [UIA] 無 TextPattern
[paster]        [02:14:13.124] 🎯 PASTE: at_end=False, last_punct=False, add_prefix=False, prefix='。', uia=3ms, final='MEMORY_PASTE_1780856052'
[paster]        [02:14:13.127] ⌨️ TEXT input skipped: process=antigravity.exe，class=Chrome_WidgetWin_1，focus=('Message input', 'max-h-[300px] rounded-md cursor-text overflow-y-auto text-md p-2 outline-none transition-all duration-100 text-sm', '', 'ComboBoxControl')，preserve_ctrl=True
[paster]        [02:14:13.128] 📋 CLIP flow start: target_chars=23, restore_delay=0.30s
[paster]        [02:14:13.129] 📋 CLIP backup: count=4, formats=13:64B, 16:4B, 1:32B, 7:32B, text='MEMORY_CLIP_SENTINEL'
[paster]        [02:14:13.130] 📋 CLIP set attempt 1/4: chars=23, bytes=48, preview='MEMORY_PASTE_1780856052'
[paster]        [02:14:13.191] 📋 CLIP verify ok: attempt=1, chars=23, text='MEMORY_PASTE_1780856'
[paster]        [02:14:13.272] ⌨️ Ctrl+V 準備送出，cb_ok=True，視窗="Pushing Changes to Git"，hwnd=0x015c200c，process=antigravity.exe，class=Chrome_WidgetWin_1，keys_before=async_down=none; logical_down=none，text='MEMORY_PASTE_1780856052'
[paster]        [02:14:13.276] ⌨️ 貼上前釋放修飾鍵: released=none，restore_later=none，preserve_ctrl=False，keys_after_release=async_down=none; logical_down=none
[paster]        [02:14:13.289] ⌨️ Ctrl+V 已送出，keys_after_send=async_down=none; logical_down=none
[paster]        [02:14:13.290] 🚫 CLIP guard armed: manual Ctrl+V suppressed
[paster]        [02:14:13.292] 📋 CLIP restore wait: 0.30s
[paster]        [02:14:13.593] 📋 CLIP restore attempt 1/4: text='MEMORY_CLIP_SENTINEL'
[paster]        [02:14:13.595] 📋 CLIP restore: restored=4/4, formats=13:64B, 16:4B, 1:32B, 7:32B, text='MEMORY_CLIP_SENTINEL'
[paster]        [02:14:13.717] 📋 CLIP restore verify ok: attempt=1, text='MEMORY_CLIP_SENTINEL'
[paster]        [02:14:13.719] 🚫 CLIP guard disarmed: blocked=0
[paster]        [02:14:15.925] 📋 CLIP watchdog done: checks=11, repairs=0, ok=True, final='MEMORY_CLIP_SENTINEL'
[paster]        [02:14:15.926] 📋 剪貼簿已還原驗證（4 種格式，restore_ok=True, watch_ok=True）
[main]          [02:14:18.125] ⚠️ 記憶 5 不存在
[test] Result: 57/57 passed
[test] Paste Test END ALL PASSED
[test] ========================================
[tap]           [02:18:20.741] 💤 敲麥監聽已停止
[recorder]      [02:18:20.742] 💤 預熱 stream 已關閉
