[main] LOG -> F:\Cursor\AI Whisper Next\logs\ai_whisper_20260607_131613_P8-32.current.log
[settings] config loaded from F:\Cursor\AI Whisper Next\config.json
[main][13:16:13.743] ✅ 快捷鍵 ctrl+f11（句號）、ctrl+f12（逗號）已註冊
[main][13:16:13.745] ✅ 主快捷鍵 2/2 已註冊 (Win32)
[main][13:16:13.745] ✅ 記憶快捷鍵 5/5 已註冊 (Win32)
[tap]        [13:16:13.758] 🎙️ 敲麥監聽已啟動
[main][13:16:13.759] 🔧 DIAG 關閉元件: (none)
[debug][13:16:13.770] 🔍 Debug server listening on 127.0.0.1:47643
[recorder][VAD] 載入 Silero VAD 模型 (ONNX): F:\Cursor\AI Whisper Next\assets\silero_vad.onnx
[recorder][VAD] Silero VAD 模型載入完成 (ONNX)
[transcriber][13:16:15.574] 🔌 HTTP 連線預熱完成 (1.82s)
[test] ========================================
[test] Paste Test START
[paster][13:16:29.501] 📋 CLIP backup: count=8, formats=49377:228B, 13:6B, 49991:24B, 49992:312B, 49941:263B, 16:4B, 1:5B, 7:5B, text='標示'
[paster][13:16:29.502] 📋 CLIP set attempt 1/4: chars=26, bytes=54, preview='AI_WHISPER_TEST_1780809389'
[paster][13:16:29.563] 📋 CLIP verify ok: attempt=1, chars=26, text='AI_WHISPER_TEST_1780'
[paster][13:16:29.576] 📋 CLIP backup: count=4, formats=13:54B, 16:4B, 1:27B, 7:27B, text='AI_WHISPER_TEST_1780'
[paster][13:16:29.577] 📋 CLIP set attempt 1/4: chars=16, bytes=34, preview='__RESTORE_TEST__'
[paster][13:16:29.638] 📋 CLIP verify ok: attempt=1, chars=16, text='__RESTORE_TEST__'
[paster][13:16:29.639] 📋 CLIP restore attempt 1/4: text='AI_WHISPER_TEST_1780'
[paster][13:16:29.639] 📋 CLIP restore: restored=4/4, formats=13:54B, 16:4B, 1:27B, 7:27B, text='AI_WHISPER_TEST_1780'
[paster][13:16:29.759] 📋 CLIP restore verify ok: attempt=1, text='AI_WHISPER_TEST_1780'
[paster][13:16:29.806] ⚠️ [UIA] 無 TextPattern
[paster][13:16:29.813] 🎯 PASTE: at_end=False, last_punct=False, add_prefix=False, prefix='', uia=44ms, final='TEST_PASTE'
[paster][13:16:29.820] ⌨️ TEXT input flow start: target_chars=10，視窗="Optimizing Workflow and Artifacts"，hwnd=0x002720fe，process=antigravity.exe，class=Chrome_WidgetWin_1，focus=('Message input', 'max-h-[300px] rounded-md cursor-text overflow-y-auto text-md p-2 outline-none transition-all duration-100 text-sm', '', 'ComboBoxControl')，verify_readable=True，keys_before=async_down=none; logical_down=none，text='TEST_PASTE'
[paster][13:16:29.821] ⌨️ 直接輸入前釋放修飾鍵: released=none，keys_after_release=async_down=none; logical_down=none
[paster][13:16:29.831] ⌨️ TEXT input done: ok=True，keys_after_send=async_down=none; logical_down=none
[paster][13:16:29.916] ⌨️ TEXT input verify: ok=True，reason=changed
[test] Result: 20/20 passed
[test] Paste Test END ALL PASSED
[test] ========================================
[tap]        [13:21:13.612] 💤 敲麥監聽已停止
[recorder][13:21:13] 💤 預熱 stream 已關閉
