[main]          [18:50:03.752] LOG -> D:\Cursor\AI Whisper Next\logs\ai_whisper_20260608_185003_UA_azrae24.current.log
[settings]      [18:50:03.761] config loaded from D:\Cursor\AI Whisper Next\config.json
[main]          [18:50:03.967] ✅ 快捷鍵 ctrl+f11（句號）、ctrl+f12（逗號）已註冊
[main]          [18:50:03.969] ✅ 主快捷鍵 2/2 已註冊 (Win32)
[main]          [18:50:03.969] ✅ 記憶快捷鍵 5/5 已註冊 (Win32)
[tap]           [18:50:04.022] 🎙️ 敲麥監聽已啟動
[main]          [18:50:04.022] 🔧 DIAG 關閉元件: (none)
[debug]         [18:50:04.140] 🔍 Debug server listening on 127.0.0.1:47643
[recorder][VAD] [18:50:04.729] 載入 Silero VAD 模型 (ONNX): D:\Cursor\AI Whisper Next\assets\silero_vad.onnx
[recorder][VAD] [18:50:04.907] Silero VAD 模型載入完成 (ONNX)
[transcriber]   [18:50:06.987] 🔌 HTTP 連線預熱完成 (2.96s)
[tap][dim]      [18:50:22.226] 持續=60ms 峰值=344 ✗弱
[tap][dim]      [18:50:22.575] 持續=30ms 峰值=308 ✗弱
[tap][dim]      [18:50:24.685] 持續=30ms 峰值=332 ✗弱
[tap][dim]      [18:50:24.756] 持續=30ms 峰值=306 ✗弱
[tap][dim]      [18:50:24.814] 持續=29ms 峰值=342 ✗弱
[test] ========================================
[test] Paste Test START
[paster]        [18:50:28.817] 📋 CLIP backup: count=7, formats=49161:8B, 49327:10399B, 49867:4B, 49868:4B, 49171:312B, 8:176492B, 17:176576B, text=missing
[paster]        [18:50:28.835] 📋 CLIP set attempt 1/4: chars=26, bytes=54, preview='AI_WHISPER_TEST_1780915828'
[paster]        [18:50:28.897] 📋 CLIP verify ok: attempt=1, chars=26, text='AI_WHISPER_TEST_1780'
[paster]        [18:50:28.900] 📋 CLIP backup: count=4, formats=13:54B, 16:4B, 1:27B, 7:27B, text='AI_WHISPER_TEST_1780'
[paster]        [18:50:28.900] 📋 CLIP set attempt 1/4: chars=16, bytes=34, preview='__RESTORE_TEST__'
[paster]        [18:50:28.961] 📋 CLIP verify ok: attempt=1, chars=16, text='__RESTORE_TEST__'
[paster]        [18:50:28.961] 📋 CLIP restore attempt 1/4: text='AI_WHISPER_TEST_1780'
[paster]        [18:50:28.961] 📋 CLIP restore: restored=4/4, formats=13:54B, 16:4B, 1:27B, 7:27B, text='AI_WHISPER_TEST_1780'
[paster]        [18:50:29.082] 📋 CLIP restore verify ok: attempt=1, text='AI_WHISPER_TEST_1780'
[paster]        [18:50:29.393] 📏 [UIA] 文字為空 → 不加句號
[paster]        [18:50:29.394] 🎯 PASTE: at_end=False, last_punct=False, add_prefix=False, prefix='', uia=293ms, final='TEST_PASTE'
[paster]        [18:50:29.400] ⌨️ TEXT input skipped: target not UIA-readable (cannot verify)，process=python.exe，class=Qt6111QWindowIcon，focus=('AI Whisper', 'MainWindow', 'QApplication.MainWindow', 'WindowControl')
[paster]        [18:50:29.401] ⌨️ TEXT input skipped: process=python.exe，class=Qt6111QWindowIcon，focus=('AI Whisper', 'MainWindow', 'QApplication.MainWindow', 'WindowControl')，preserve_ctrl=False
[paster]        [18:50:29.401] 📋 CLIP flow start: target_chars=10, restore_delay=0.30s
[paster]        [18:50:29.401] 📋 CLIP backup: count=4, formats=13:54B, 16:4B, 1:27B, 7:27B, text='AI_WHISPER_TEST_1780'
[paster]        [18:50:29.401] 📋 CLIP set attempt 1/4: chars=10, bytes=22, preview='TEST_PASTE'
[paster]        [18:50:29.463] 📋 CLIP verify ok: attempt=1, chars=10, text='TEST_PASTE'
[paster]        [18:50:29.544] ⌨️ Ctrl+V 準備送出，cb_ok=True，視窗="AI Whisper"，hwnd=0x002a0c78，process=python.exe，class=Qt6111QWindowIcon，keys_before=async_down=none; logical_down=none，text='TEST_PASTE'
[paster]        [18:50:29.544] ⌨️ 貼上前釋放修飾鍵: released=none，restore_later=none，preserve_ctrl=False，keys_after_release=async_down=none; logical_down=none
[paster]        [18:50:29.554] ⌨️ Ctrl+V 已送出，keys_after_send=async_down=none; logical_down=none
[paster]        [18:50:29.755] 🚫 CLIP guard armed: manual Ctrl+V suppressed
[paster]        [18:50:29.755] 📋 CLIP restore wait: 0.30s
[paster]        [18:50:30.056] 📋 CLIP restore attempt 1/4: text='AI_WHISPER_TEST_1780'
[paster]        [18:50:30.056] 📋 CLIP restore: restored=4/4, formats=13:54B, 16:4B, 1:27B, 7:27B, text='AI_WHISPER_TEST_1780'
[paster]        [18:50:30.177] 📋 CLIP restore verify ok: attempt=1, text='AI_WHISPER_TEST_1780'
[paster]        [18:50:30.177] 🚫 CLIP guard disarmed: blocked=0
[paster]        [18:50:32.383] 📋 CLIP watchdog done: checks=11, repairs=0, ok=True, final='AI_WHISPER_TEST_1780'
[paster]        [18:50:32.383] 📋 剪貼簿已還原驗證（4 種格式，restore_ok=True, watch_ok=True）
[tap][dim]      [18:50:32.406] 持續=40ms 峰值=412 ✗弱
[tap][dim]      [18:50:32.466] 持續=31ms 峰值=301 ✗弱
[tap][dim]      [18:50:32.565] 持續=40ms 峰值=308 ✗弱
[paster]        [18:50:35.168] ⚠️ UIA 查詢超時 (2.0s)，拋棄舊 UIA Worker 並重建。
[paster]        [18:50:37.180] ⚠️ UIA 查詢超時 (2.0s)，拋棄舊 UIA Worker 並重建。
[paster]        [18:50:39.183] ⚠️ UIA 查詢超時 (2.0s)，拋棄舊 UIA Worker 並重建。
[paster]        [18:50:41.191] ⚠️ UIA 查詢超時 (2.0s)，拋棄舊 UIA Worker 並重建。
[paster]        [18:50:41.254] 📏 [UIA] 文字為空 → 不加句號
[paster]        [18:50:41.273] 🎯 PASTE: at_end=False, last_punct=False, add_prefix=False, prefix='', uia=33ms, final='FIX4_TEST'
[paster]        [18:50:41.285] ⌨️ TEXT input skipped: target not UIA-readable (cannot verify)，process=python.exe，class=Qt6111QWindowIcon，focus=('AI Whisper', 'MainWindow', 'QApplication.MainWindow', 'WindowControl')
[paster]        [18:50:41.288] ⌨️ TEXT input skipped: process=python.exe，class=Qt6111QWindowIcon，focus=('AI Whisper', 'MainWindow', 'QApplication.MainWindow', 'WindowControl')，preserve_ctrl=False
[paster]        [18:50:41.288] 📋 CLIP flow start: target_chars=9, restore_delay=0.30s
[paster]        [18:50:41.289] 📋 CLIP backup: count=4, formats=13:54B, 16:4B, 1:27B, 7:27B, text='AI_WHISPER_TEST_1780'
[paster]        [18:50:41.294] 📋 CLIP set attempt 1/4: chars=9, bytes=20, preview='FIX4_TEST'
[paster]        [18:50:41.355] 📋 CLIP verify ok: attempt=1, chars=9, text='FIX4_TEST'
[paster]        [18:50:41.436] ⌨️ Ctrl+V 準備送出，cb_ok=True，視窗="AI Whisper"，hwnd=0x002a0c78，process=python.exe，class=Qt6111QWindowIcon，keys_before=async_down=none; logical_down=none，text='FIX4_TEST'
[paster]        [18:50:41.436] ⌨️ 貼上前釋放修飾鍵: released=none，restore_later=none，preserve_ctrl=False，keys_after_release=async_down=none; logical_down=none
[paster]        [18:50:41.448] ⌨️ Ctrl+V 已送出，keys_after_send=async_down=none; logical_down=none
[paster]        [18:50:41.448] 🚫 CLIP guard armed: manual Ctrl+V suppressed
[paster]        [18:50:41.449] 📋 CLIP restore wait: 0.30s
[paster]        [18:50:41.750] 📋 CLIP restore attempt 1/4: text='AI_WHISPER_TEST_1780'
[paster]        [18:50:41.750] 📋 CLIP restore: restored=4/4, formats=13:54B, 16:4B, 1:27B, 7:27B, text='AI_WHISPER_TEST_1780'
[paster]        [18:50:41.871] 📋 CLIP restore verify ok: attempt=1, text='AI_WHISPER_TEST_1780'
[paster]        [18:50:41.872] 🚫 CLIP guard disarmed: blocked=0
[paster]        [18:50:44.077] 📋 CLIP watchdog done: checks=11, repairs=0, ok=True, final='AI_WHISPER_TEST_1780'
[paster]        [18:50:44.077] 📋 剪貼簿已還原驗證（4 種格式，restore_ok=True, watch_ok=True）
[paster]        [18:50:47.041] 📏 [UIA] 文字為空 → 不加句號
[paster]        [18:50:47.090] 🎯 PASTE: at_end=False, last_punct=False, add_prefix=False, prefix='', uia=4ms, final='777_驗證test_The quick brown fox jumps ove'
[paster]        [18:50:47.097] ⌨️ TEXT input flow start: target_chars=88，視窗="【優分析】專屬產業訓練群組"，hwnd=0x002a06ce，process=line.exe，class=Qt663QWindowIcon，focus=('', '', '', 'ListItemControl')，verify_readable=True，keys_before=async_down=none; logical_down=none，text='777_驗證test_The quick brown fox jumps ove'
[paster]        [18:50:47.097] ⌨️ 直接輸入前釋放修飾鍵: released=none，keys_after_release=async_down=none; logical_down=none
[paster]        [18:50:47.104] ⌨️ TEXT input done: ok=True，keys_after_send=async_down=none; logical_down=none
[paster]        [18:50:47.104] ⌨️ TEXT input verify: ok=True，reason=wm_char_trusted
[paster]        [18:50:55.947] 📏 [UIA] text='https://aistudio.goo', text_after='', at_end=True, last_punct=True
[paster]        [18:50:55.948] 🎯 PASTE: at_end=True, last_punct=True, add_prefix=False, prefix='', uia=505ms, final='777_驗證test_The quick brown fox jumps ove'
[paster]        [18:50:55.955] ⌨️ TEXT input flow start: target_chars=88，視窗="元芯科技2026年首季法說會 | Google AI Studio - Google Chrome"，hwnd=0x000800fe，process=chrome.exe，class=Chrome_WidgetWin_1，focus=('網址與搜尋列', 'OmniboxViewViews', 'view_1012', 'EditControl')，verify_readable=True，keys_before=async_down=none; logical_down=none，text='777_驗證test_The quick brown fox jumps ove'
[paster]        [18:50:55.955] ⌨️ 直接輸入前釋放修飾鍵: released=none，keys_after_release=async_down=none; logical_down=none
[paster]        [18:50:55.960] ⌨️ TEXT input done: ok=True，keys_after_send=async_down=none; logical_down=none
[paster]        [18:50:55.960] ⌨️ TEXT input verify: ok=True，reason=wm_char_trusted
[paster]        [18:51:03.844] ⚠️ [UIA] 無 TextPattern
[paster]        [18:51:03.891] 🎯 PASTE: at_end=False, last_punct=False, add_prefix=False, prefix='', uia=4ms, final='777_驗證test_The quick brown fox jumps ove'
[paster]        [18:51:03.899] ⌨️ TEXT input flow start: target_chars=88，視窗="Debug Chrome Text Pasting Issue"，hwnd=0x000306da，process=antigravity.exe，class=Chrome_WidgetWin_1，focus=('Message input', 'max-h-[300px] rounded-md cursor-text overflow-y-auto text-md p-2 outline-none transition-all duration-100 text-sm', '', 'ComboBoxControl')，verify_readable=True，keys_before=async_down=none; logical_down=none，text='777_驗證test_The quick brown fox jumps ove'
[paster]        [18:51:03.899] ⌨️ 直接輸入前釋放修飾鍵: released=none，keys_after_release=async_down=none; logical_down=none
[paster]        [18:51:03.904] ⌨️ TEXT input done: ok=True，keys_after_send=async_down=none; logical_down=none
[paster]        [18:51:03.904] ⌨️ TEXT input verify: ok=True，reason=wm_char_trusted
[paster]        [18:51:12.201] ⚠️ [UIA] 無 TextPattern
[paster]        [18:51:12.249] 🎯 PASTE: at_end=False, last_punct=False, add_prefix=False, prefix='', uia=4ms, final='777_驗證test_The quick brown fox jumps ove'
[paster]        [18:51:12.256] ⌨️ TEXT input flow start: target_chars=88，視窗="Debug Chrome Text Pasting Issue"，hwnd=0x000306da，process=antigravity.exe，class=Chrome_WidgetWin_1，focus=('Message input', 'max-h-[300px] rounded-md cursor-text overflow-y-auto text-md p-2 outline-none transition-all duration-100 text-sm', '', 'ComboBoxControl')，verify_readable=True，keys_before=async_down=none; logical_down=none，text='777_驗證test_The quick brown fox jumps ove'
[paster]        [18:51:12.257] ⌨️ 直接輸入前釋放修飾鍵: released=none，keys_after_release=async_down=none; logical_down=none
[paster]        [18:51:12.261] ⌨️ TEXT input done: ok=True，keys_after_send=async_down=none; logical_down=none
[paster]        [18:51:12.261] ⌨️ TEXT input verify: ok=True，reason=wm_char_trusted
[paster]        [18:51:20.632] ⚠️ [UIA] 無 TextPattern
[paster]        [18:51:20.680] 🎯 PASTE: at_end=False, last_punct=False, add_prefix=False, prefix='', uia=5ms, final='【插入】'
[paster]        [18:51:20.688] ⌨️ TEXT input flow start: target_chars=4，視窗="Debug Chrome Text Pasting Issue"，hwnd=0x000306da，process=antigravity.exe，class=Chrome_WidgetWin_1，focus=('Message input', 'max-h-[300px] rounded-md cursor-text overflow-y-auto text-md p-2 outline-none transition-all duration-100 text-sm', '', 'ComboBoxControl')，verify_readable=True，keys_before=async_down=none; logical_down=none，text='【插入】'
[paster]        [18:51:20.689] ⌨️ 直接輸入前釋放修飾鍵: released=none，keys_after_release=async_down=none; logical_down=none
[paster]        [18:51:20.694] ⌨️ TEXT input done: ok=True，keys_after_send=async_down=none; logical_down=none
[paster]        [18:51:20.779] ⌨️ TEXT input verify: ok=True，reason=changed
[paster]        [18:51:24.098] 📋 CLIP set attempt 1/4: chars=30, bytes=62, preview='EMPTY_TEST_SENTINEL_1780915884'
[paster]        [18:51:24.158] 📋 CLIP verify ok: attempt=1, chars=30, text='EMPTY_TEST_SENTINEL_'
[paster]        [18:51:27.719] ⚠️ [UIA] 無 TextPattern
[paster]        [18:51:27.720] 🎯 PASTE: at_end=False, last_punct=False, add_prefix=False, prefix='', uia=5ms, final='WATCHDOG_TRIGGER'
[paster]        [18:51:27.724] ⌨️ TEXT input skipped: process=antigravity.exe，class=Chrome_WidgetWin_1，focus=('Message input', 'max-h-[300px] rounded-md cursor-text overflow-y-auto text-md p-2 outline-none transition-all duration-100 text-sm', '', 'ComboBoxControl')，preserve_ctrl=True
[paster]        [18:51:27.724] 📋 CLIP flow start: target_chars=16, restore_delay=0.30s
[paster]        [18:51:27.724] 📋 CLIP backup: count=4, formats=13:62B, 16:4B, 1:31B, 7:31B, text='EMPTY_TEST_SENTINEL_'
[paster]        [18:51:27.724] 📋 CLIP set attempt 1/4: chars=16, bytes=34, preview='WATCHDOG_TRIGGER'
[paster]        [18:51:27.786] 📋 CLIP verify ok: attempt=1, chars=16, text='WATCHDOG_TRIGGER'
[paster]        [18:51:27.867] ⌨️ Ctrl+V 準備送出，cb_ok=True，視窗="Debug Chrome Text Pasting Issue"，hwnd=0x000306da，process=antigravity.exe，class=Chrome_WidgetWin_1，keys_before=async_down=none; logical_down=none，text='WATCHDOG_TRIGGER'
[paster]        [18:51:27.867] ⌨️ 貼上前釋放修飾鍵: released=none，restore_later=none，preserve_ctrl=False，keys_after_release=async_down=none; logical_down=none
[paster]        [18:51:27.876] ⌨️ Ctrl+V 已送出，keys_after_send=async_down=none; logical_down=none
[paster]        [18:51:27.877] 🚫 CLIP guard armed: manual Ctrl+V suppressed
[paster]        [18:51:27.878] 📋 CLIP restore wait: 0.30s
[paster]        [18:51:28.179] 📋 CLIP restore attempt 1/4: text='EMPTY_TEST_SENTINEL_'
[paster]        [18:51:28.179] 📋 CLIP restore: restored=4/4, formats=13:62B, 16:4B, 1:31B, 7:31B, text='EMPTY_TEST_SENTINEL_'
[paster]        [18:51:28.300] 📋 CLIP restore verify ok: attempt=1, text='EMPTY_TEST_SENTINEL_'
[paster]        [18:51:28.300] 🚫 CLIP guard disarmed: blocked=0
[paster]        [18:51:29.238] 📋 CLIP set attempt 1/4: chars=21, bytes=44, preview='USER_CTRLC_1780915887'
[paster]        [18:51:29.299] 📋 CLIP verify ok: attempt=1, chars=21, text='USER_CTRLC_178091588'
[paster]        [18:51:29.305] 📋 CLIP watchdog stop: external clipboard change, check=5, got='USER_CTRLC_178091588', expected='EMPTY_TEST_SENTINEL_'
[paster]        [18:51:29.305] 📋 剪貼簿已還原驗證（4 種格式，restore_ok=True, watch_ok=True）
[paster]        [18:51:32.339] 📋 CLIP set attempt 1/4: chars=26, bytes=54, preview='CONSEC_ORIGINAL_1780915892'
[paster]        [18:51:32.400] 📋 CLIP verify ok: attempt=1, chars=26, text='CONSEC_ORIGINAL_1780'
[paster]        [18:51:32.751] ⚠️ [UIA] 無 TextPattern
[paster]        [18:51:32.751] 🎯 PASTE: at_end=False, last_punct=False, add_prefix=False, prefix='', uia=4ms, final='CONSEC_0'
[paster]        [18:51:32.758] ⌨️ TEXT input flow start: target_chars=8，視窗="Debug Chrome Text Pasting Issue"，hwnd=0x000306da，process=antigravity.exe，class=Chrome_WidgetWin_1，focus=('Message input', 'max-h-[300px] rounded-md cursor-text overflow-y-auto text-md p-2 outline-none transition-all duration-100 text-sm', '', 'ComboBoxControl')，verify_readable=True，keys_before=async_down=none; logical_down=none，text='CONSEC_0'
[paster]        [18:51:32.760] ⌨️ 直接輸入前釋放修飾鍵: released=none，keys_after_release=async_down=none; logical_down=none
[paster]        [18:51:32.778] ⌨️ TEXT input done: ok=True，keys_after_send=async_down=none; logical_down=none
[paster]        [18:51:32.864] ⌨️ TEXT input verify: ok=True，reason=changed
[paster]        [18:51:32.868] ⚠️ [UIA] 無 TextPattern
[paster]        [18:51:32.869] 🎯 PASTE: at_end=False, last_punct=False, add_prefix=False, prefix='', uia=5ms, final='CONSEC_1'
[paster]        [18:51:32.876] ⌨️ TEXT input flow start: target_chars=8，視窗="Debug Chrome Text Pasting Issue"，hwnd=0x000306da，process=antigravity.exe，class=Chrome_WidgetWin_1，focus=('Message input', 'max-h-[300px] rounded-md cursor-text overflow-y-auto text-md p-2 outline-none transition-all duration-100 text-sm', '', 'ComboBoxControl')，verify_readable=True，keys_before=async_down=none; logical_down=none，text='CONSEC_1'
[paster]        [18:51:32.877] ⌨️ 直接輸入前釋放修飾鍵: released=none，keys_after_release=async_down=none; logical_down=none
[paster]        [18:51:32.891] ⌨️ TEXT input done: ok=True，keys_after_send=async_down=none; logical_down=none
[paster]        [18:51:32.976] ⌨️ TEXT input verify: ok=True，reason=changed
[paster]        [18:51:32.979] ⚠️ [UIA] 無 TextPattern
[paster]        [18:51:32.979] 🎯 PASTE: at_end=False, last_punct=False, add_prefix=False, prefix='', uia=3ms, final='CONSEC_2'
[paster]        [18:51:32.987] ⌨️ TEXT input flow start: target_chars=8，視窗="Debug Chrome Text Pasting Issue"，hwnd=0x000306da，process=antigravity.exe，class=Chrome_WidgetWin_1，focus=('Message input', 'max-h-[300px] rounded-md cursor-text overflow-y-auto text-md p-2 outline-none transition-all duration-100 text-sm', '', 'ComboBoxControl')，verify_readable=True，keys_before=async_down=none; logical_down=none，text='CONSEC_2'
[paster]        [18:51:32.987] ⌨️ 直接輸入前釋放修飾鍵: released=none，keys_after_release=async_down=none; logical_down=none
[paster]        [18:51:33.001] ⌨️ TEXT input done: ok=True，keys_after_send=async_down=none; logical_down=none
[paster]        [18:51:33.084] ⌨️ TEXT input verify: ok=True，reason=changed
[paster]        [18:51:44.791] 🚫 CLIP guard armed: manual Ctrl+V suppressed
[paster]        [18:51:44.915] 🚫 CLIP guard disarmed: blocked=0
[paster]        [18:51:44.917] 🚫 CLIP guard armed: manual Ctrl+V suppressed
[paster]        [18:51:45.057] 🚫 CLIP guard disarmed: blocked=2
[paster]        [18:51:45.060] 🚫 CLIP guard armed: manual Ctrl+V suppressed
[paster]        [18:51:45.167] 🚫 CLIP guard disarmed: blocked=0
[paster]        [18:51:45.200] ⚠️ [UIA] 無 TextPattern
[paster]        [18:51:45.203] 🎯 PASTE: at_end=False, last_punct=False, add_prefix=False, prefix='', uia=7ms, final='WINSWITCH_TEST'
[paster]        [18:51:45.211] ⌨️ TEXT input flow start: target_chars=14，視窗="Debug Chrome Text Pasting Issue"，hwnd=0x000306da，process=antigravity.exe，class=Chrome_WidgetWin_1，focus=('Message input', 'max-h-[300px] rounded-md cursor-text overflow-y-auto text-md p-2 outline-none transition-all duration-100 text-sm', '', 'ComboBoxControl')，verify_readable=True，keys_before=async_down=none; logical_down=none，text='WINSWITCH_TEST'
[paster]        [18:51:45.211] ⌨️ 直接輸入前釋放修飾鍵: released=none，keys_after_release=async_down=none; logical_down=none
[paster]        [18:51:45.235] ⌨️ TEXT input done: ok=True，keys_after_send=async_down=none; logical_down=none
[paster]        [18:51:45.317] ⌨️ TEXT input verify: ok=True，reason=unreadable
[paster]        [18:51:50.285] 📋 CLIP set attempt 1/4: chars=1000000, bytes=2000002, preview='XXXXXXXXXXXXXXXXXXXXXXXXXXXXXXXXXXXXXXXX'
[paster]        [18:51:50.351] 📋 CLIP verify ok: attempt=1, chars=1000000, text='XXXXXXXXXXXXXXXXXXXX'
[paster]        [18:51:50.680] 📋 CLIP backup: count=4, formats=13:2000002B, 16:4B, 1:1000001B, 7:1000001B, text='XXXXXXXXXXXXXXXXXXXX'
[paster]        [18:51:50.686] 📋 CLIP restore: restored=4/4, formats=13:2000002B, 16:4B, 1:1000001B, 7:1000001B, text='XXXXXXXXXXXXXXXXXXXX'
[paster]        [18:51:50.704] 📋 CLIP set attempt 1/4: chars=17, bytes=36, preview='clipboard_cleaned'
[paster]        [18:51:50.766] 📋 CLIP verify ok: attempt=1, chars=17, text='clipboard_cleaned'
[paster]        [18:51:50.920] 📋 CLIP set attempt 1/4: chars=31, bytes=64, preview='MEMORY_CLIP_SENTINEL_1780915910'
[paster]        [18:51:50.982] 📋 CLIP verify ok: attempt=1, chars=31, text='MEMORY_CLIP_SENTINEL'
[main]          [18:51:51.297] 📋 貼上記憶 1: "MEMORY_PASTE_1780915"
[paster]        [18:51:51.303] ⚠️ [UIA] 無 TextPattern
[paster]        [18:51:51.303] 🎯 PASTE: at_end=False, last_punct=False, add_prefix=False, prefix='。', uia=5ms, final='MEMORY_PASTE_1780915910'
[paster]        [18:51:51.305] ⌨️ TEXT input skipped: process=antigravity.exe，class=Chrome_WidgetWin_1，focus=('Message input', 'max-h-[300px] rounded-md cursor-text overflow-y-auto text-md p-2 outline-none transition-all duration-100 text-sm', '', 'ComboBoxControl')，preserve_ctrl=True
[paster]        [18:51:51.307] 📋 CLIP flow start: target_chars=23, restore_delay=0.30s
[paster]        [18:51:51.307] 📋 CLIP backup: count=4, formats=13:64B, 16:4B, 1:32B, 7:32B, text='MEMORY_CLIP_SENTINEL'
[paster]        [18:51:51.308] 📋 CLIP set attempt 1/4: chars=23, bytes=48, preview='MEMORY_PASTE_1780915910'
[paster]        [18:51:51.368] 📋 CLIP verify ok: attempt=1, chars=23, text='MEMORY_PASTE_1780915'
[paster]        [18:51:51.449] ⌨️ Ctrl+V 準備送出，cb_ok=True，視窗="Debug Chrome Text Pasting Issue"，hwnd=0x000306da，process=antigravity.exe，class=Chrome_WidgetWin_1，keys_before=async_down=none; logical_down=none，text='MEMORY_PASTE_1780915910'
[paster]        [18:51:51.449] ⌨️ 貼上前釋放修飾鍵: released=none，restore_later=none，preserve_ctrl=False，keys_after_release=async_down=none; logical_down=none
[paster]        [18:51:51.457] ⌨️ Ctrl+V 已送出，keys_after_send=async_down=none; logical_down=none
[paster]        [18:51:51.458] 🚫 CLIP guard armed: manual Ctrl+V suppressed
[paster]        [18:51:51.458] 📋 CLIP restore wait: 0.30s
[paster]        [18:51:51.759] 📋 CLIP restore attempt 1/4: text='MEMORY_CLIP_SENTINEL'
[paster]        [18:51:51.759] 📋 CLIP restore: restored=4/4, formats=13:64B, 16:4B, 1:32B, 7:32B, text='MEMORY_CLIP_SENTINEL'
[paster]        [18:51:51.880] 📋 CLIP restore verify ok: attempt=1, text='MEMORY_CLIP_SENTINEL'
[paster]        [18:51:51.880] 🚫 CLIP guard disarmed: blocked=0
[paster]        [18:51:54.087] 📋 CLIP watchdog done: checks=11, repairs=0, ok=True, final='MEMORY_CLIP_SENTINEL'
[paster]        [18:51:54.087] 📋 剪貼簿已還原驗證（4 種格式，restore_ok=True, watch_ok=True）
[main]          [18:51:56.327] ⚠️ 記憶 5 不存在
[test] Result: 59/60 passed
[test] Paste Test END 1 FAILED
[test] ========================================
[tap][dim]      [18:52:00.725] 持續=40ms 峰值=510 ✗弱
[tap][sample]   [18:52:26.606] 持續=30ms 峰值=688 ✓ K=-0.6 CF=2.0 SC=928Hz Att=4.7ms | fK=-0.3 fCF=2.4 fSC=493Hz fFlat=0.127 fHF=0.000 🎯 敲擊 #1
[tap][dim]      [18:52:26.646] 持續=40ms 峰值=478 ✗弱
[tap][dim]      [18:52:28.596] 持續=70ms 峰值=399 ✗弱
[tap][dim]      [18:52:29.135] 持續=29ms 峰值=373 ✗弱
[tap][dim]      [18:52:49.005] 持續=30ms 峰值=336 ✗弱
[main]          [18:52:49.308] ⌨️ 主快捷鍵觸發（Win32/逗號），keys=async_down=Ctrl,RCtrl; logical_down=Ctrl,RCtrl
[main]          [18:52:49.310] ⌨️ after(0) 執行延遲 1.0ms
[tap]           [18:52:49.345] 💤 敲麥監聽已停止
[recorder]      [18:52:49.395] ⏱️ InputStream() 48.4ms
[recorder]      [18:52:49.395] ⏱️ stream.start() 0.5ms
[recorder]      [18:52:49.396] 🎙️ 錄音就緒，總初始化 49.0ms
[main]          [18:52:49.396] ⏱️ recorder.start() 耗時 49.3ms，ok=True
[tap]           [18:52:49.410] 🎙️ 敲麥監聽已啟動
[main]          [18:52:49.443] 🎙️ 開始錄音
[recorder]      [18:52:49.445] 🎤 第一包音訊到達，麥克風實際開啟延遲 49.3ms
[tap][dim]      [18:52:50.144] 持續=90ms 峰值=453 ✗弱
[tap][sample]   [18:52:50.654] 持續=410ms 峰值=6359 ✗長 K=2.3 CF=4.6 SC=2802Hz Att=11.5ms | fK=2.7 fCF=4.8 fSC=2804Hz fFlat=0.610 fHF=0.118
[tap][dim]      [18:52:50.725] 持續=70ms 峰值=465 ✗弱
[tap][sample]   [18:52:50.974] 持續=250ms 峰值=9086 ✗長 K=0.5 CF=3.4 SC=1403Hz Att=97.0ms | fK=0.9 fCF=3.6 fSC=1396Hz fFlat=0.293 fHF=0.002
[tap][dim]      [18:52:51.044] 持續=70ms 峰值=563 ✗弱
[tap][sample]   [18:52:52.094] 持續=1050ms 峰值=10983 ✗長 K=0.7 CF=4.2 SC=1409Hz Att=567.1ms | fK=0.8 fCF=4.2 fSC=1425Hz fFlat=0.354 fHF=0.004
[tap][dim]      [18:52:52.134] 持續=40ms 峰值=545 ✗弱
[tap][sample]   [18:52:52.644] 持續=510ms 峰值=9777 ✗長 K=0.3 CF=3.6 SC=1995Hz Att=241.9ms | fK=0.5 fCF=3.8 fSC=1994Hz fFlat=0.461 fHF=0.022
[tap][dim]      [18:52:52.675] 持續=30ms 峰值=471 ✗弱
[tap][sample]   [18:52:52.835] 持續=160ms 峰值=8831 ✓ K=1.9 CF=4.3 SC=2187Hz Att=57.3ms | fK=2.9 fCF=4.7 fSC=2190Hz fFlat=0.471 fHF=0.028 🎯 敲擊 #1
[tap][sample]   [18:52:53.794] 持續=930ms 峰值=7300 ✗長 K=5.0 CF=6.4 SC=2034Hz Att=58.5ms | fK=5.3 fCF=6.5 fSC=2041Hz fFlat=0.509 fHF=0.032
[tap][dim]      [18:52:53.824] 持續=29ms 峰值=463 ✗弱
[tap][sample]   [18:52:54.114] 持續=290ms 峰值=6059 ✗長 K=3.2 CF=6.3 SC=1205Hz Att=51.1ms | fK=3.9 fCF=6.7 fSC=1212Hz fFlat=0.226 fHF=0.002
[tap][sample]   [18:52:55.014] 持續=360ms 峰值=9998 ✗長 K=2.8 CF=5.1 SC=1659Hz Att=0.1ms | fK=3.4 fCF=5.3 fSC=1664Hz fFlat=0.415 fHF=0.007
[tap][sample]   [18:52:55.495] 持續=450ms 峰值=6253 ✗長 K=3.4 CF=6.6 SC=3034Hz Att=270.8ms | fK=3.9 fCF=6.9 fSC=3027Hz fFlat=0.614 fHF=0.184
[tap][dim]      [18:52:55.524] 持續=30ms 峰值=305 ✗弱
[tap][dim]      [18:52:55.615] 持續=60ms 峰值=358 ✗弱
[tap][sample]   [18:52:56.195] 持續=541ms 峰值=9027 ✗長 K=1.4 CF=5.3 SC=1478Hz Att=0.2ms | fK=1.7 fCF=5.4 fSC=1480Hz fFlat=0.370 fHF=0.004
[tap][dim]      [18:52:56.225] 持續=30ms 峰值=479 ✗弱
[tap][sample]   [18:52:56.415] 持續=190ms 峰值=6556 ✗長 K=2.9 CF=4.5 SC=993Hz Att=29.1ms | fK=3.8 fCF=4.8 fSC=988Hz fFlat=0.154 fHF=0.000
[tap][dim]      [18:52:56.484] 持續=70ms 峰值=517 ✗弱
[tap][sample]   [18:52:56.675] 持續=131ms 峰值=4480 ✗長 K=3.4 CF=5.9 SC=1366Hz Att=32.7ms | fK=5.0 fCF=6.6 fSC=1363Hz fFlat=0.356 fHF=0.003
[tap][dim]      [18:52:56.805] 持續=30ms 峰值=418 ✗弱
[tap][sample]   [18:52:57.054] 持續=250ms 峰值=5778 ✗長 K=-0.7 CF=3.0 SC=1078Hz Att=86.9ms | fK=-0.5 fCF=3.2 fSC=1077Hz fFlat=0.206 fHF=0.001
[recorder][VAD] [18:52:58.196] ✅ Silero 11/274 (28.2%), 0.35s speech
[recorder][flush][18:52:58.197] ✅ 取出 8.8s 音訊段落
[main]          [18:52:58.197] ✂️ 自動分段送出（靜音達1s，累積 8.8s，靜音 1.2s）
[tap][sample]   [18:52:58.655] 持續=59ms 峰值=1133 ✓ K=38.2 CF=10.6 SC=1165Hz Att=0.1ms | fK=57.9 fCF=12.9 fSC=1147Hz fFlat=0.134 fHF=0.000 🎯 敲擊 #1
[paster]        [18:52:58.879] ⚠️ [UIA] 無 TextPattern
[paster]        [18:52:58.879] 🔮 預取游標位置: at_end=False, last_punct=False (delay=0.68s, est_api=1.13s)
[transcriber]   [18:52:59.352] ⏱️ API 耗時: 1.15s
[main]          [18:52:59.352] ✅ 分段辨識完成: "想驗證uia只有這種方法嗎？就是隻能這樣慢慢等嗎？"
[paster]        [18:53:00.558] 🎯 PASTE: at_end=False, last_punct=False, add_prefix=False (prefetched), prefix='，', final='想驗證uia只有這種方法嗎？就是隻能這樣慢慢等嗎？'
[paster]        [18:53:00.578] ⌨️ TEXT input flow start: target_chars=25，視窗="Debug Chrome Text Pasting Issue"，hwnd=0x000306da，process=antigravity.exe，class=Chrome_WidgetWin_1，focus=('Message input', 'max-h-[300px] rounded-md cursor-text overflow-y-auto text-md p-2 outline-none transition-all duration-100 text-sm', '', 'ComboBoxControl')，verify_readable=True，keys_before=async_down=none; logical_down=none，text='想驗證uia只有這種方法嗎？就是隻能這樣慢慢等嗎？'
[paster]        [18:53:00.579] ⌨️ 直接輸入前釋放修飾鍵: released=none，keys_after_release=async_down=none; logical_down=none
[paster]        [18:53:00.667] ⌨️ TEXT input done: ok=True，keys_after_send=async_down=none; logical_down=none
[paster]        [18:53:00.667] ⏱️ 收到→直接輸入完成: 1.32s
[paster]        [18:53:00.752] ⌨️ TEXT input verify: ok=True，reason=changed
[tap]           [18:56:14.066] ⏱️ 間隔過長重置（195399ms）
[tap][sample]   [18:56:14.066] 持續=71ms 峰值=699 ✓ K=9.8 CF=6.6 SC=1520Hz Att=0.4ms | fK=15.7 fCF=8.0 fSC=1516Hz fFlat=0.343 fHF=0.004 🎯 敲擊 #1
[tap][sample]   [18:56:14.225] 持續=70ms 峰值=1325 ✓ K=6.0 CF=4.6 SC=1439Hz Att=5.4ms | fK=10.2 fCF=5.6 fSC=1437Hz fFlat=0.380 fHF=0.004 ⏱️ 防抖略過（距上次 160ms < 180ms）
[tap][dim]      [18:56:14.704] 持續=70ms 峰值=375 ✗弱
[tap][dim]      [18:56:25.295] 持續=30ms 峰值=400 ✗弱
[tap]           [18:56:33.484] ⏱️ 間隔過長重置（19430ms）
[tap][sample]   [18:56:33.484] 持續=60ms 峰值=1429 ✓ K=14.6 CF=6.4 SC=697Hz Att=0.2ms | fK=23.2 fCF=7.9 fSC=692Hz fFlat=0.059 fHF=0.000 🎯 敲擊 #1
[tap][sample]   [18:56:33.614] 持續=30ms 峰值=874 ✓ K=2.3 CF=3.6 SC=656Hz Att=0.4ms | fK=6.6 fCF=4.9 fSC=562Hz fFlat=0.060 fHF=0.000 ⏱️ 防抖略過（距上次 160ms < 180ms）
[tap]           [18:56:34.193] ⏱️ 間隔過長重置（730ms）
[tap][sample]   [18:56:34.193] 持續=40ms 峰值=737 ✓ K=2.5 CF=3.4 SC=740Hz Att=2.2ms | fK=7.2 fCF=4.7 fSC=688Hz fFlat=0.068 fHF=0.000 🎯 敲擊 #1
[tap]           [18:56:37.105] ⏱️ 間隔過長重置（2920ms）
[tap][sample]   [18:56:37.105] 持續=30ms 峰值=906 ✓ K=0.4 CF=3.5 SC=3431Hz Att=16.8ms | fK=1.6 fCF=4.4 fSC=3504Hz fFlat=0.634 fHF=0.368 🎯 敲擊 #1
[tap][dim]      [18:56:37.134] 持續=29ms 峰值=469 ✗弱
[tap][dim]      [18:56:48.914] 持續=40ms 峰值=345 ✗弱
[tap][dim]      [18:57:10.474] 持續=30ms 峰值=313 ✗弱
[tap][dim]      [18:57:10.545] 持續=30ms 峰值=372 ✗弱
[tap][dim]      [18:57:13.234] 持續=40ms 峰值=350 ✗弱
[tap][dim]      [18:57:16.175] 持續=30ms 峰值=302 ✗弱
[tap][dim]      [18:57:17.485] 持續=30ms 峰值=512 ✗弱
[tap]           [18:57:17.554] ⏱️ 間隔過長重置（40410ms）
[tap][sample]   [18:57:17.554] 持續=70ms 峰值=1058 ✓ K=0.3 CF=2.6 SC=603Hz Att=16.6ms | fK=0.9 fCF=3.0 fSC=530Hz fFlat=0.135 fHF=0.000 🎯 敲擊 #1
[tap][dim]      [18:57:17.614] 持續=60ms 峰值=508 ✗弱
[tap][dim]      [18:57:18.064] 持續=30ms 峰值=324 ✗弱
[tap][dim]      [18:57:18.154] 持續=60ms 峰值=349 ✗弱
[main]          [18:57:36.893] ⌨️ 主快捷鍵觸發（Win32/逗號），keys=async_down=Ctrl,RCtrl; logical_down=Ctrl,RCtrl
[main]          [18:57:36.893] ⌨️ after(0) 執行延遲 0.4ms
[main]          [18:57:36.894] ⏳ 預熱 idle 計時器啟動，10 分鐘後關閉麥克風
[recorder][stop][18:57:36.894] 錄音太短 (0.03s)，略過
[tap]           [18:57:37.164] ⏱️ 間隔過長重置（19650ms）
[tap][sample]   [18:57:37.164] 持續=30ms 峰值=1095 ✓ K=2.5 CF=4.8 SC=1447Hz Att=31.4ms | fK=5.1 fCF=6.2 fSC=1355Hz fFlat=0.224 fHF=0.001 🎯 敲擊 #1
[tap][dim]      [18:57:37.194] 持續=30ms 峰值=468 ✗弱
[main]          [18:57:37.687] ⌨️ 主快捷鍵觸發（Win32/逗號），keys=async_down=Ctrl,RCtrl; logical_down=Ctrl,RCtrl
[main]          [18:57:37.687] ⌨️ after(0) 執行延遲 0.3ms
[tap]           [18:57:37.726] 💤 敲麥監聽已停止
[recorder]      [18:57:37.726] 🚀 預熱命中，直接開始錄音
[main]          [18:57:37.726] ⏱️ recorder.start() 耗時 0.2ms，ok=True
[tap]           [18:57:37.738] 🎙️ 敲麥監聽已啟動
[main]          [18:57:37.743] 🎙️ 開始錄音
[tap][sample]   [18:57:38.794] 持續=30ms 峰值=1233 ✓ K=3.8 CF=4.5 SC=1350Hz Att=3.2ms | fK=8.6 fCF=6.1 fSC=1442Hz fFlat=0.357 fHF=0.010 🎯 敲擊 #1
[tap][sample]   [18:57:39.404] 持續=450ms 峰值=1121 ✗長 K=0.3 CF=4.4 SC=2366Hz Att=181.7ms | fK=0.4 fCF=4.5 fSC=2365Hz fFlat=0.480 fHF=0.070
[tap][sample]   [18:57:40.394] 持續=700ms 峰值=9377 ✗長 K=2.6 CF=5.2 SC=2195Hz Att=358.4ms | fK=2.9 fCF=5.3 fSC=2190Hz fFlat=0.553 fHF=0.026
[tap][dim]      [18:57:40.424] 持續=30ms 峰值=389 ✗弱
[tap][sample]   [18:57:41.454] 持續=930ms 峰值=11419 ✗長 K=1.7 CF=4.2 SC=2147Hz Att=264.4ms | fK=1.8 fCF=4.3 fSC=2147Hz fFlat=0.480 fHF=0.053
[tap][dim]      [18:57:41.484] 持續=30ms 峰值=384 ✗弱
[tap][sample]   [18:57:41.774] 持續=190ms 峰值=5870 ✗長 K=1.6 CF=4.4 SC=1506Hz Att=2.2ms | fK=2.4 fCF=4.8 fSC=1512Hz fFlat=0.314 fHF=0.003
[tap][dim]      [18:57:41.804] 持續=30ms 峰值=498 ✗弱
[tap][sample]   [18:57:42.414] 持續=610ms 峰值=7865 ✗長 K=2.5 CF=5.6 SC=988Hz Att=280.1ms | fK=2.8 fCF=5.8 fSC=986Hz fFlat=0.202 fHF=0.001
[tap][dim]      [18:57:42.445] 持續=30ms 峰值=489 ✗弱
[tap][sample]   [18:57:42.824] 持續=350ms 峰值=6715 ✗長 K=3.5 CF=6.0 SC=1323Hz Att=0.1ms | fK=4.0 fCF=6.2 fSC=1325Hz fFlat=0.317 fHF=0.010
[tap][sample]   [18:57:43.144] 持續=279ms 峰值=4204 ✗長 K=13.0 CF=9.9 SC=1314Hz Att=0.1ms | fK=14.7 fCF=10.5 fSC=1312Hz fFlat=0.266 fHF=0.002
[tap][sample]   [18:57:43.564] 持續=320ms 峰值=4816 ✗長 K=18.5 CF=10.8 SC=1374Hz Att=51.6ms | fK=20.4 fCF=11.3 fSC=1374Hz fFlat=0.287 fHF=0.003
[tap][dim]      [18:57:43.594] 持續=30ms 峰值=457 ✗弱
[tap][dim]      [18:57:43.754] 持續=30ms 峰值=514 ✗弱
[tap][sample]   [18:57:44.204] 持續=320ms 峰值=5902 ✗長 K=3.5 CF=5.9 SC=2162Hz Att=187.6ms | fK=4.1 fCF=6.2 fSC=2162Hz fFlat=0.456 fHF=0.036
[tap][dim]      [18:57:44.234] 持續=30ms 峰值=385 ✗弱
[tap][sample]   [18:57:44.905] 持續=671ms 峰值=4820 ✗長 K=1.8 CF=7.6 SC=1192Hz Att=0.1ms | fK=2.0 fCF=7.8 fSC=1195Hz fFlat=0.299 fHF=0.002
[tap][dim]      [18:57:44.974] 持續=69ms 峰值=495 ✗弱
[tap][sample]   [18:57:45.164] 持續=190ms 峰值=5280 ✗長 K=3.6 CF=7.2 SC=1757Hz Att=39.1ms | fK=4.7 fCF=7.8 fSC=1754Hz fFlat=0.292 fHF=0.005
[tap][dim]      [18:57:45.194] 持續=30ms 峰值=552 ✗弱
[tap][sample]   [18:57:45.295] 持續=100ms 峰值=5544 ✓ K=9.1 CF=6.1 SC=1247Hz Att=6.6ms | fK=12.9 fCF=7.0 fSC=1264Hz fFlat=0.259 fHF=0.002 🎯 敲擊 #1
[tap][dim]      [18:57:45.325] 持續=30ms 峰值=491 ✗弱
[tap][sample]   [18:57:45.455] 持續=130ms 峰值=2522 ✗長 K=1.3 CF=5.2 SC=1299Hz Att=35.8ms | fK=2.3 fCF=5.8 fSC=1305Hz fFlat=0.214 fHF=0.001
[tap]           [18:57:46.414] ⏱️ 間隔過長重置（1190ms）
[tap][sample]   [18:57:46.414] 持續=30ms 峰值=728 ✓ K=0.0 CF=2.2 SC=768Hz Att=6.0ms | fK=1.4 fCF=2.9 fSC=673Hz fFlat=0.202 fHF=0.000 🎯 敲擊 #1
[tap][dim]      [18:57:46.444] 持續=30ms 峰值=332 ✗弱
[tap][sample]   [18:57:47.594] 持續=570ms 峰值=8297 ✗長 K=3.9 CF=6.0 SC=979Hz Att=39.6ms | fK=4.3 fCF=6.2 fSC=982Hz fFlat=0.153 fHF=0.001
[tap][dim]      [18:57:48.464] 持續=70ms 峰值=441 ✗弱
[tap][sample]   [18:57:49.005] 持續=540ms 峰值=6425 ✗長 K=2.9 CF=6.1 SC=1127Hz Att=101.7ms | fK=3.2 fCF=6.3 fSC=1123Hz fFlat=0.171 fHF=0.000
[tap][dim]      [18:57:49.035] 持續=30ms 峰值=554 ✗弱
[tap][sample]   [18:57:49.194] 持續=130ms 峰值=8345 ✓ K=2.7 CF=3.9 SC=1573Hz Att=72.8ms | fK=4.1 fCF=4.4 fSC=1577Hz fFlat=0.333 fHF=0.018 🎯 敲擊 #1
[tap][dim]      [18:57:49.225] 持續=31ms 峰值=341 ✗弱
[tap][sample]   [18:57:50.154] 持續=929ms 峰值=8351 ✗長 K=4.1 CF=6.9 SC=1596Hz Att=206.9ms | fK=4.4 fCF=7.0 fSC=1595Hz fFlat=0.365 fHF=0.020
[tap][dim]      [18:57:50.184] 持續=31ms 峰值=482 ✗弱
[tap]           [18:57:50.384] ⏱️ 間隔過長重置（1250ms）
[tap][sample]   [18:57:50.384] 持續=70ms 峰值=787 ✓ K=0.3 CF=2.5 SC=291Hz Att=27.8ms | fK=1.8 fCF=3.1 fSC=379Hz fFlat=0.087 fHF=0.000 🎯 敲擊 #1
[tap]           [18:57:50.954] ⏱️ 間隔過長重置（480ms）
[tap][sample]   [18:57:50.954] 持續=160ms 峰值=8631 ✓ K=3.2 CF=4.3 SC=1791Hz Att=0.1ms | fK=4.4 fCF=4.8 fSC=1788Hz fFlat=0.360 fHF=0.022 🎯 敲擊 #1
[tap][dim]      [18:57:50.984] 持續=30ms 峰值=569 ✗弱
[tap][sample]   [18:57:51.114] 持續=130ms 峰值=8011 ✓ K=17.5 CF=5.8 SC=694Hz Att=1.6ms | fK=22.6 fCF=6.5 fSC=695Hz fFlat=0.131 fHF=0.000 🎯 敲擊 #2
[tap][sample]   [18:57:51.724] 持續=510ms 峰值=7867 ✗長 K=2.6 CF=5.2 SC=2637Hz Att=0.1ms | fK=3.0 fCF=5.4 fSC=2661Hz fFlat=0.521 fHF=0.098
[tap]           [18:57:51.825] ⏱️ 間隔過長重置（800ms）
[tap][sample]   [18:57:51.825] 持續=40ms 峰值=679 ✓ K=7.2 CF=5.2 SC=1178Hz Att=4.7ms | fK=16.6 fCF=7.2 fSC=1175Hz fFlat=0.193 fHF=0.001 🎯 敲擊 #1
[recorder][VAD] [18:57:52.995] ✅ Silero 12/476 (16.4%), 0.38s speech
[recorder][flush][18:57:52.995] ✅ 取出 15.2s 音訊段落
[main]          [18:57:52.996] ✂️ 自動分段送出（靜音達1s，累積 15.2s，靜音 1.2s）
[paster]        [18:57:54.308] 📏 [UIA] 文字為空 → 不加句號
[paster]        [18:57:54.308] 🔮 預取游標位置: at_end=False, last_punct=False (delay=1.31s, est_api=1.76s)
[transcriber]   [18:57:54.836] ⏱️ API 耗時: 1.84s
[main]          [18:57:54.836] ✅ 分段辨識完成: "以上是我提供的圖紙稿跟相對應的影片，還有這間公司的基本知識"
[paster]        [18:57:54.868] 🎯 PASTE: at_end=False, last_punct=False, add_prefix=False (prefetched), prefix='，', final='以上是我提供的圖紙稿跟相對應的影片，還有這間公司的基本知識'
[paster]        [18:57:54.875] ⌨️ TEXT input flow start: target_chars=29，視窗="元芯科技2026年首季法說會 | Google AI Studio - Google Chrome"，hwnd=0x000800fe，process=chrome.exe，class=Chrome_WidgetWin_1，focus=('Enter a prompt', 'cdk-textarea-autosize textarea ng-valid ng-touched ng-dirty', '', 'EditControl')，verify_readable=True，keys_before=async_down=none; logical_down=none，text='以上是我提供的圖紙稿跟相對應的影片，還有這間公司的基本知識'
[paster]        [18:57:54.875] ⌨️ 直接輸入前釋放修飾鍵: released=none，keys_after_release=async_down=none; logical_down=none
[paster]        [18:57:54.878] ⌨️ TEXT input done: ok=True，keys_after_send=async_down=none; logical_down=none
[paster]        [18:57:54.879] ⏱️ 收到→直接輸入完成: 0.04s
[paster]        [18:57:54.879] ⌨️ TEXT input verify: ok=True，reason=wm_char_trusted
[tap]           [18:58:03.625] ⏱️ 間隔過長重置（11810ms）
[tap][sample]   [18:58:03.625] 持續=31ms 峰值=1440 ✓ K=20.1 CF=8.1 SC=1429Hz Att=0.1ms | fK=42.4 fCF=11.4 fSC=1423Hz fFlat=0.188 fHF=0.000 🎯 敲擊 #1
[tap][dim]      [18:58:03.784] 持續=30ms 峰值=487 ✗弱
[tap][dim]      [18:58:08.175] 持續=31ms 峰值=313 ✗弱
[tap][sample]   [18:58:09.645] 持續=700ms 峰值=8580 ✗長 K=0.8 CF=4.4 SC=1581Hz Att=144.8ms | fK=1.0 fCF=4.5 fSC=1583Hz fFlat=0.357 fHF=0.007
[tap][sample]   [18:58:09.934] 持續=230ms 峰值=8200 ✗長 K=1.3 CF=4.4 SC=1199Hz Att=125.4ms | fK=2.0 fCF=4.7 fSC=1201Hz fFlat=0.267 fHF=0.003
[tap][sample]   [18:58:10.634] 持續=670ms 峰值=8157 ✗長 K=1.8 CF=5.1 SC=1126Hz Att=30.9ms | fK=2.0 fCF=5.2 fSC=1126Hz fFlat=0.253 fHF=0.002
[tap][dim]      [18:58:10.704] 持續=70ms 峰值=524 ✗弱
[tap][sample]   [18:58:11.664] 持續=870ms 峰值=8324 ✗長 K=3.0 CF=5.2 SC=1132Hz Att=21.2ms | fK=3.3 fCF=5.3 fSC=1132Hz fFlat=0.226 fHF=0.001
[tap][sample]   [18:58:11.913] 持續=220ms 峰值=2901 ✗長 K=1.3 CF=4.4 SC=2497Hz Att=86.5ms | fK=1.9 fCF=4.7 fSC=2500Hz fFlat=0.482 fHF=0.034
[tap][sample]   [18:58:12.234] 持續=250ms 峰值=6490 ✗長 K=6.5 CF=7.0 SC=1582Hz Att=0.1ms | fK=7.7 fCF=7.5 fSC=1582Hz fFlat=0.384 fHF=0.014
[tap][dim]      [18:58:12.264] 持續=30ms 峰值=481 ✗弱
[tap][sample]   [18:58:12.654] 持續=390ms 峰值=4512 ✗長 K=0.3 CF=4.6 SC=1016Hz Att=290.1ms | fK=0.6 fCF=4.8 fSC=1020Hz fFlat=0.173 fHF=0.001
[tap][sample]   [18:58:12.874] 持續=60ms 峰值=1761 ✓ K=17.3 CF=8.7 SC=1234Hz Att=0.1ms | fK=27.3 fCF=10.6 fSC=1234Hz fFlat=0.261 fHF=0.002 🎯 敲擊 #1
[tap][sample]   [18:58:13.194] 持續=190ms 峰值=8767 ✗長 K=1.8 CF=3.9 SC=862Hz Att=66.4ms | fK=2.6 fCF=4.3 fSC=862Hz fFlat=0.174 fHF=0.001
[tap][dim]      [18:58:13.225] 持續=30ms 峰值=551 ✗弱
[tap][sample]   [18:58:13.614] 持續=390ms 峰值=9087 ✗長 K=7.8 CF=5.6 SC=843Hz Att=203.9ms | fK=8.7 fCF=5.8 fSC=845Hz fFlat=0.193 fHF=0.000
[tap][dim]      [18:58:13.644] 持續=30ms 峰值=330 ✗弱
[tap][sample]   [18:58:14.254] 持續=610ms 峰值=6358 ✗長 K=5.0 CF=7.1 SC=1985Hz Att=66.8ms | fK=5.4 fCF=7.3 fSC=1985Hz fFlat=0.487 fHF=0.030
[tap][dim]      [18:58:14.284] 持續=30ms 峰值=433 ✗弱
[tap][sample]   [18:58:14.895] 持續=611ms 峰值=6751 ✗長 K=1.7 CF=5.2 SC=1080Hz Att=0.1ms | fK=1.9 fCF=5.3 fSC=1075Hz fFlat=0.229 fHF=0.002
[tap][dim]      [18:58:14.954] 持續=59ms 峰值=463 ✗弱
[tap][sample]   [18:58:15.024] 持續=40ms 峰值=2563 ✓ K=29.1 CF=9.1 SC=2494Hz Att=11.2ms | fK=60.6 fCF=12.9 fSC=2502Hz fFlat=0.405 fHF=0.009 🎯 敲擊 #1
[tap][sample]   [18:58:15.344] 持續=260ms 峰值=8330 ✗長 K=10.8 CF=6.5 SC=1204Hz Att=16.2ms | fK=12.4 fCF=6.9 fSC=1209Hz fFlat=0.296 fHF=0.003
[tap][dim]      [18:58:15.375] 持續=31ms 峰值=413 ✗弱
[tap][sample]   [18:58:16.175] 持續=799ms 峰值=7980 ✗長 K=2.7 CF=5.9 SC=2117Hz Att=61.8ms | fK=3.0 fCF=6.0 fSC=2124Hz fFlat=0.533 fHF=0.042
[tap][dim]      [18:58:16.204] 持續=30ms 峰值=569 ✗弱
[tap][sample]   [18:58:17.064] 持續=830ms 峰值=7276 ✗長 K=2.0 CF=6.5 SC=1477Hz Att=11.2ms | fK=2.2 fCF=6.6 fSC=1472Hz fFlat=0.357 fHF=0.004
[recorder][VAD] [18:58:18.181] ✅ Silero 11/343 (16.7%), 0.35s speech
[recorder][flush][18:58:18.181] ✅ 取出 11.0s 音訊段落
[main]          [18:58:18.183] ✂️ 自動分段送出（靜音達1s，累積 11.0s，靜音 1.1s）
[paster]        [18:58:19.087] 📏 [UIA] 文字為空 → 不加句號
[paster]        [18:58:19.088] 🔮 預取游標位置: at_end=False, last_punct=False (delay=0.90s, est_api=1.35s)
[transcriber]   [18:58:19.438] ⏱️ API 耗時: 1.25s
[main]          [18:58:19.439] ✅ 分段辨識完成: "所以他的回應會有哪幾種呢？有沒有辦法從他的回應看出來什麼東西嗎？"
[paster]        [18:58:19.470] 🎯 PASTE: at_end=False, last_punct=False, add_prefix=False (prefetched), prefix='，', final='所以他的回應會有哪幾種呢？有沒有辦法從他的回應看出來什麼東西嗎？'
[paster]        [18:58:19.480] ⌨️ TEXT input flow start: target_chars=32，視窗="Debug Chrome Text Pasting Issue"，hwnd=0x000306da，process=antigravity.exe，class=Chrome_WidgetWin_1，focus=('Message input', 'max-h-[300px] rounded-md cursor-text overflow-y-auto text-md p-2 outline-none transition-all duration-100 text-sm', '', 'ComboBoxControl')，verify_readable=True，keys_before=async_down=none; logical_down=none，text='所以他的回應會有哪幾種呢？有沒有辦法從他的回應看出來什麼東西嗎？'
[paster]        [18:58:19.481] ⌨️ 直接輸入前釋放修飾鍵: released=none，keys_after_release=async_down=none; logical_down=none
[paster]        [18:58:19.485] ⌨️ TEXT input done: ok=True，keys_after_send=async_down=none; logical_down=none
[paster]        [18:58:19.487] ⏱️ 收到→直接輸入完成: 0.05s
[paster]        [18:58:19.488] ⌨️ TEXT input verify: ok=True，reason=wm_char_trusted
[tap][dim]      [18:58:19.534] 持續=30ms 峰值=458 ✗弱
[tap][dim]      [18:58:24.304] 持續=40ms 峰值=526 ✗弱
[tap][dim]      [18:58:49.034] 持續=30ms 峰值=341 ✗弱
[tap][sample]   [18:58:50.415] 持續=31ms 峰值=802 ✓ K=1.8 CF=4.1 SC=1417Hz Att=27.4ms | fK=4.5 fCF=5.2 fSC=1483Hz fFlat=0.304 fHF=0.002 🎯 敲擊 #1
[tap][dim]      [18:58:50.474] 持續=59ms 峰值=394 ✗弱
[tap][sample]   [18:58:52.265] 持續=889ms 峰值=10756 ✗長 K=1.8 CF=4.2 SC=1435Hz Att=18.8ms | fK=1.9 fCF=4.2 fSC=1432Hz fFlat=0.343 fHF=0.007
[tap][dim]      [18:58:52.336] 持續=71ms 峰值=567 ✗弱
[tap][sample]   [18:58:52.684] 持續=349ms 峰值=7159 ✗長 K=0.6 CF=4.0 SC=1029Hz Att=313.2ms | fK=1.0 fCF=4.1 fSC=1037Hz fFlat=0.199 fHF=0.001
[tap][dim]      [18:58:52.714] 持續=30ms 峰值=382 ✗弱
[tap][sample]   [18:58:54.344] 持續=1560ms 峰值=9233 ✗長 K=1.2 CF=4.9 SC=1349Hz Att=300.9ms | fK=1.1 fCF=4.9 fSC=1147Hz fFlat=0.275 fHF=0.001
[tap][sample]   [18:58:55.695] 持續=671ms 峰值=8614 ✗長 K=1.4 CF=4.4 SC=1620Hz Att=14.7ms | fK=1.6 fCF=4.5 fSC=1618Hz fFlat=0.408 fHF=0.008
[tap][sample]   [18:58:56.714] 持續=30ms 峰值=744 ✓ K=-0.6 CF=2.2 SC=2558Hz Att=12.0ms | fK=1.3 fCF=3.0 fSC=2541Hz fFlat=0.188 fHF=0.001 🎯 敲擊 #1
[tap][sample]   [18:58:57.324] 持續=380ms 峰值=8501 ✗長 K=2.6 CF=4.4 SC=1114Hz Att=10.1ms | fK=3.1 fCF=4.6 fSC=1116Hz fFlat=0.249 fHF=0.002
[tap][dim]      [18:58:57.354] 持續=30ms 峰值=421 ✗弱
[tap][dim]      [18:58:57.485] 持續=30ms 峰值=317 ✗弱
[recorder][VAD] [18:58:58.394] ✅ Silero 11/260 (21.2%), 0.35s speech
[recorder][flush][18:58:58.396] ✅ 取出 8.3s 音訊段落
[main]          [18:58:58.396] ✂️ 自動分段送出（靜音達1s，累積 8.3s，靜音 1.1s）
[paster]        [18:58:59.031] 📏 [UIA] 文字為空 → 不加句號
[paster]        [18:58:59.031] 🔮 預取游標位置: at_end=False, last_punct=False (delay=0.63s, est_api=1.08s)
[transcriber]   [18:58:59.711] ⏱️ API 耗時: 1.32s
[main]          [18:58:59.712] ✅ 分段辨識完成: "網路上有沒有針對UIA讀取的"
[paster]        [18:58:59.742] 🎯 PASTE: at_end=False, last_punct=False, add_prefix=False (prefetched), prefix='，', final='網路上有沒有針對UIA讀取的'
[paster]        [18:58:59.749] ⌨️ TEXT input flow start: target_chars=14，視窗="Debug Chrome Text Pasting Issue"，hwnd=0x000306da，process=antigravity.exe，class=Chrome_WidgetWin_1，focus=('Message input', 'max-h-[300px] rounded-md cursor-text overflow-y-auto text-md p-2 outline-none transition-all duration-100 text-sm', '', 'ComboBoxControl')，verify_readable=True，keys_before=async_down=none; logical_down=none，text='網路上有沒有針對UIA讀取的'
[paster]        [18:58:59.749] ⌨️ 直接輸入前釋放修飾鍵: released=none，keys_after_release=async_down=none; logical_down=none
[paster]        [18:58:59.753] ⌨️ TEXT input done: ok=True，keys_after_send=async_down=none; logical_down=none
[paster]        [18:58:59.753] ⏱️ 收到→直接輸入完成: 0.04s
[paster]        [18:58:59.753] ⌨️ TEXT input verify: ok=True，reason=wm_char_trusted
[tap][sample]   [18:59:00.263] 持續=1850ms 峰值=9297 ✗長 K=2.1 CF=4.8 SC=1517Hz Att=19.7ms | fK=2.3 fCF=4.9 fSC=1037Hz fFlat=0.242 fHF=0.001
[tap][dim]      [18:59:00.304] 持續=40ms 峰值=352 ✗弱
[tap][sample]   [18:59:00.975] 持續=671ms 峰值=8476 ✗長 K=3.6 CF=6.5 SC=1094Hz Att=0.1ms | fK=3.9 fCF=6.6 fSC=1095Hz fFlat=0.246 fHF=0.002
[tap][dim]      [18:59:01.004] 持續=29ms 峰值=536 ✗弱
[tap][sample]   [18:59:01.324] 持續=320ms 峰值=5046 ✗長 K=1.4 CF=5.3 SC=1173Hz Att=20.7ms | fK=1.8 fCF=5.5 fSC=1171Hz fFlat=0.156 fHF=0.001
[recorder][VAD] [18:59:02.450] ✅ Silero 11/127 (78.6%), 0.35s speech
[recorder][flush][18:59:02.450] ✅ 取出 4.1s 音訊段落
[main]          [18:59:02.451] ✂️ 自動分段送出（靜音達1s，累積 4.1s，靜音 1.1s）
[paster]        [18:59:02.667] ⚠️ [UIA] 無 TextPattern
[paster]        [18:59:02.668] 🔮 預取游標位置: at_end=False, last_punct=False (delay=0.21s, est_api=0.66s)
[transcriber]   [18:59:03.660] ⏱️ API 耗時: 1.21s
[main]          [18:59:03.661] ✅ 分段辨識完成: "特殊方法或有用的方法嗎？"
[paster]        [18:59:03.692] 🎯 PASTE: at_end=False, last_punct=False, add_prefix=False (prefetched), prefix='，', final='特殊方法或有用的方法嗎？'
[paster]        [18:59:03.702] ⌨️ TEXT input flow start: target_chars=12，視窗="Debug Chrome Text Pasting Issue"，hwnd=0x000306da，process=antigravity.exe，class=Chrome_WidgetWin_1，focus=('Message input', 'max-h-[300px] rounded-md cursor-text overflow-y-auto text-md p-2 outline-none transition-all duration-100 text-sm', '', 'ComboBoxControl')，verify_readable=True，keys_before=async_down=none; logical_down=none，text='特殊方法或有用的方法嗎？'
[paster]        [18:59:03.702] ⌨️ 直接輸入前釋放修飾鍵: released=none，keys_after_release=async_down=none; logical_down=none
[paster]        [18:59:03.707] ⌨️ TEXT input done: ok=True，keys_after_send=async_down=none; logical_down=none
[paster]        [18:59:03.708] ⏱️ 收到→直接輸入完成: 0.05s
[paster]        [18:59:03.709] ⌨️ TEXT input verify: ok=True，reason=wm_char_trusted
[tap][dim]      [18:59:04.174] 持續=30ms 峰值=386 ✗弱
[tap][dim]      [18:59:04.875] 持續=30ms 峰值=350 ✗弱
[tap][dim]      [19:01:32.304] 持續=40ms 峰值=330 ✗弱
[tap][dim]      [19:01:33.484] 持續=30ms 峰值=445 ✗弱
[tap][dim]      [19:01:33.904] 持續=40ms 峰值=391 ✗弱
[tap][dim]      [19:03:14.124] 持續=60ms 峰值=539 ✗弱
[tap][sample]   [19:03:22.504] 持續=30ms 峰值=2338 ✓ K=54.7 CF=9.9 SC=1857Hz Att=0.1ms | fK=107.6 fCF=13.9 fSC=1836Hz fFlat=0.428 fHF=0.012 🎯 敲擊 #1
[tap][dim]      [19:03:22.544] 持續=40ms 峰值=347 ✗弱
[tap][dim]      [19:03:24.684] 持續=30ms 峰值=500 ✗弱
[tap][dim]      [19:03:25.164] 持續=30ms 峰值=406 ✗弱
[tap]           [19:03:25.265] ⏱️ 間隔過長重置（2690ms）
[tap][sample]   [19:03:25.265] 持續=100ms 峰值=1544 ✓ K=1.9 CF=5.4 SC=1503Hz Att=25.6ms | fK=3.3 fCF=6.1 fSC=1510Hz fFlat=0.304 fHF=0.002 🎯 敲擊 #1
[tap][dim]      [19:03:25.455] 持續=101ms 峰值=517 ✗弱
[tap][sample]   [19:03:25.485] 持續=29ms 峰值=883 ✓ K=1.0 CF=3.8 SC=1581Hz Att=1.6ms | fK=3.3 fCF=5.1 fSC=1579Hz fFlat=0.406 fHF=0.004 🎯 敲擊 #2
[tap][dim]      [19:03:25.514] 持續=30ms 峰值=327 ✗弱
[main]          [19:03:25.868] ⌨️ 主快捷鍵觸發（Win32/逗號），keys=async_down=Ctrl,RCtrl; logical_down=Ctrl,RCtrl
[main]          [19:03:25.868] ⌨️ after(0) 執行延遲 0.5ms
[main]          [19:03:25.871] ⏳ 預熱 idle 計時器啟動，10 分鐘後關閉麥克風
[main]          [19:03:26.701] ⌨️ 主快捷鍵觸發（Win32/逗號），keys=async_down=Ctrl,RCtrl; logical_down=Ctrl,RCtrl
[main]          [19:03:26.702] ⌨️ after(0) 執行延遲 0.4ms
[tap]           [19:03:26.717] 💤 敲麥監聽已停止
[recorder]      [19:03:26.717] 🚀 預熱命中，直接開始錄音
[main]          [19:03:26.717] ⏱️ recorder.start() 耗時 0.1ms，ok=True
[tap]           [19:03:26.728] 🎙️ 敲麥監聽已啟動
[main]          [19:03:26.736] 🎙️ 開始錄音
[tap][dim]      [19:03:27.694] 持續=70ms 峰值=516 ✗弱
[tap][sample]   [19:03:28.394] 持續=670ms 峰值=8362 ✗長 K=1.1 CF=4.6 SC=2176Hz Att=138.1ms | fK=1.3 fCF=4.7 fSC=2180Hz fFlat=0.516 fHF=0.028
[tap][dim]      [19:03:28.424] 持續=30ms 峰值=597 ✗弱
[tap][sample]   [19:03:29.454] 持續=800ms 峰值=10355 ✗長 K=0.4 CF=3.6 SC=1052Hz Att=27.7ms | fK=0.5 fCF=3.6 fSC=1051Hz fFlat=0.202 fHF=0.001
[tap][sample]   [19:03:30.374] 持續=671ms 峰值=7635 ✗長 K=1.7 CF=4.9 SC=2228Hz Att=157.7ms | fK=1.9 fCF=5.0 fSC=2227Hz fFlat=0.501 fHF=0.040
[tap][sample]   [19:03:30.734] 持續=201ms 峰值=8565 ✗長 K=2.4 CF=4.2 SC=1317Hz Att=117.5ms | fK=3.3 fCF=4.5 fSC=1314Hz fFlat=0.307 fHF=0.005
[tap][sample]   [19:03:30.894] 持續=130ms 峰值=8797 ✓ K=1.0 CF=3.7 SC=1000Hz Att=3.2ms | fK=2.1 fCF=4.2 fSC=1003Hz fFlat=0.235 fHF=0.001 🎯 敲擊 #1
[tap][sample]   [19:03:31.244] 持續=320ms 峰值=3859 ✗長 K=1.5 CF=6.9 SC=3290Hz Att=0.2ms | fK=2.0 fCF=7.2 fSC=3290Hz fFlat=0.591 fHF=0.168
[tap][sample]   [19:03:31.884] 持續=510ms 峰值=6802 ✗長 K=1.9 CF=5.4 SC=1242Hz Att=35.2ms | fK=2.2 fCF=5.6 fSC=1250Hz fFlat=0.276 fHF=0.004
[tap][dim]      [19:03:31.914] 持續=30ms 峰值=466 ✗弱
[tap][sample]   [19:03:32.614] 持續=319ms 峰值=9668 ✗長 K=2.5 CF=4.2 SC=1176Hz Att=13.6ms | fK=3.0 fCF=4.4 fSC=1183Hz fFlat=0.308 fHF=0.002
[tap][dim]      [19:03:32.655] 持續=41ms 峰值=396 ✗弱
[tap][sample]   [19:03:33.294] 持續=639ms 峰值=8083 ✗長 K=1.4 CF=4.5 SC=1092Hz Att=50.5ms | fK=1.6 fCF=4.6 fSC=1093Hz fFlat=0.238 fHF=0.002
[tap][dim]      [19:03:33.325] 持續=30ms 峰值=533 ✗弱
[tap][sample]   [19:03:33.804] 持續=480ms 峰值=9097 ✗長 K=1.6 CF=4.4 SC=2191Hz Att=90.6ms | fK=1.9 fCF=4.6 fSC=2196Hz fFlat=0.526 fHF=0.035
[tap][sample]   [19:03:34.054] 持續=220ms 峰值=8786 ✗長 K=1.4 CF=3.9 SC=1189Hz Att=79.2ms | fK=2.1 fCF=4.1 fSC=1189Hz fFlat=0.286 fHF=0.003
[tap][sample]   [19:03:34.374] 持續=250ms 峰值=6205 ✗長 K=1.5 CF=4.7 SC=1125Hz Att=0.4ms | fK=2.1 fCF=5.0 fSC=1128Hz fFlat=0.274 fHF=0.005
[tap][dim]      [19:03:34.414] 持續=40ms 峰值=356 ✗弱
[tap][sample]   [19:03:34.924] 持續=450ms 峰值=6925 ✗長 K=1.5 CF=4.3 SC=1417Hz Att=270.2ms | fK=1.8 fCF=4.5 fSC=1413Hz fFlat=0.338 fHF=0.003
[tap][dim]      [19:03:34.954] 持續=30ms 峰值=424 ✗弱
[tap][sample]   [19:03:35.434] 持續=480ms 峰值=8910 ✗長 K=3.9 CF=5.3 SC=2283Hz Att=75.3ms | fK=4.3 fCF=5.5 fSC=2285Hz fFlat=0.533 fHF=0.041
[tap][dim]      [19:03:35.464] 持續=30ms 峰值=540 ✗弱
[tap][sample]   [19:03:35.754] 持續=290ms 峰值=8249 ✗長 K=2.5 CF=4.4 SC=857Hz Att=34.0ms | fK=3.1 fCF=4.7 fSC=852Hz fFlat=0.153 fHF=0.001
[tap][dim]      [19:03:35.814] 持續=60ms 峰值=552 ✗弱
[tap][sample]   [19:03:36.134] 持續=281ms 峰值=6320 ✗長 K=1.2 CF=3.6 SC=2396Hz Att=104.7ms | fK=1.6 fCF=3.8 fSC=2390Hz fFlat=0.488 fHF=0.032
[tap][sample]   [19:03:36.874] 持續=540ms 峰值=8317 ✗長 K=3.4 CF=5.7 SC=2727Hz Att=159.3ms | fK=3.8 fCF=5.9 fSC=2724Hz fFlat=0.581 fHF=0.071
[recorder][VAD] [19:03:37.907] ✅ Silero 11/349 (26.2%), 0.35s speech
[recorder][flush][19:03:37.908] ✅ 取出 11.2s 音訊段落
[main]          [19:03:37.908] ✂️ 自動分段送出（靜音達1s，累積 11.2s，靜音 1.0s）
[tap][sample]   [19:03:38.535] 持續=61ms 峰值=738 ✓ K=43.7 CF=10.2 SC=1052Hz Att=0.2ms | fK=67.0 fCF=12.5 fSC=1052Hz fFlat=0.127 fHF=0.000 🎯 敲擊 #1
[paster]        [19:03:38.830] ⚠️ [UIA] 無 TextPattern
[paster]        [19:03:38.830] 🔮 預取游標位置: at_end=False, last_punct=False (delay=0.92s, est_api=1.37s)
[tap][dim]      [19:03:39.084] 持續=30ms 峰值=417 ✗弱
[transcriber]   [19:03:39.914] ⏱️ API 耗時: 2.00s
[main]          [19:03:39.915] ✅ 分段辨識完成: "所以UIA是不只可以讀有沒有文字還可以讀裡面有什麼文字，是嗎？"
[paster]        [19:03:39.946] 🎯 PASTE: at_end=False, last_punct=False, add_prefix=False (prefetched), prefix='，', final='所以UIA是不只可以讀有沒有文字還可以讀裡面有什麼文字，是嗎？'
[paster]        [19:03:39.953] ⌨️ TEXT input flow start: target_chars=31，視窗="Debug Chrome Text Pasting Issue"，hwnd=0x000306da，process=antigravity.exe，class=Chrome_WidgetWin_1，focus=('Message input', 'max-h-[300px] rounded-md cursor-text overflow-y-auto text-md p-2 outline-none transition-all duration-100 text-sm', '', 'ComboBoxControl')，verify_readable=True，keys_before=async_down=none; logical_down=none，text='所以UIA是不只可以讀有沒有文字還可以讀裡面有什麼文字，是嗎？'
[paster]        [19:03:39.953] ⌨️ 直接輸入前釋放修飾鍵: released=none，keys_after_release=async_down=none; logical_down=none
[paster]        [19:03:39.956] ⌨️ TEXT input done: ok=True，keys_after_send=async_down=none; logical_down=none
[paster]        [19:03:39.956] ⏱️ 收到→直接輸入完成: 0.04s
[paster]        [19:03:39.956] ⌨️ TEXT input verify: ok=True，reason=wm_char_trusted
[tap][dim]      [19:03:46.284] 持續=30ms 峰值=320 ✗弱
[tap][dim]      [19:04:22.094] 持續=40ms 峰值=316 ✗弱
[tap][dim]      [19:04:24.204] 持續=30ms 峰值=495 ✗弱
[tap][dim]      [19:04:25.834] 持續=30ms 峰值=301 ✗弱
[tap][dim]      [19:04:26.024] 持續=30ms 峰值=388 ✗弱
[tap][dim]      [19:04:26.094] 持續=40ms 峰值=302 ✗弱
[tap][dim]      [19:04:26.504] 持續=30ms 峰值=338 ✗弱
[tap]           [19:04:37.064] ⏱️ 間隔過長重置（58560ms）
[tap][sample]   [19:04:37.064] 持續=30ms 峰值=809 ✓ K=-0.5 CF=2.2 SC=616Hz Att=8.5ms | fK=1.3 fCF=2.9 fSC=677Hz fFlat=0.175 fHF=0.000 🎯 敲擊 #1
[tap][dim]      [19:05:08.875] 持續=30ms 峰值=475 ✗弱
[tap][dim]      [19:05:09.644] 持續=30ms 峰值=360 ✗弱
[tap][dim]      [19:05:09.704] 持續=30ms 峰值=352 ✗弱
[tap]           [19:05:11.174] ⏱️ 間隔過長重置（34110ms）
[tap][sample]   [19:05:11.174] 持續=30ms 峰值=1736 ✓ K=19.4 CF=7.9 SC=3155Hz Att=5.6ms | fK=41.4 fCF=11.2 fSC=3144Hz fFlat=0.672 fHF=0.161 🎯 敲擊 #1
[tap][dim]      [19:05:16.907] 持續=30ms 峰值=411 ✗弱
[tap][dim]      [19:06:50.118] 持續=30ms 峰值=306 ✗弱
[tap]           [19:07:24.778] ⏱️ 間隔過長重置（133604ms）
[tap][sample]   [19:07:24.778] 持續=30ms 峰值=657 ✓ K=12.9 CF=5.1 SC=994Hz Att=0.3ms | fK=11.8 fCF=5.8 fSC=801Hz fFlat=0.161 fHF=0.000 🎯 敲擊 #1
[tap][dim]      [19:07:24.808] 持續=30ms 峰值=474 ✗弱
[tap][sample]   [19:07:24.999] 持續=61ms 峰值=1557 ✓ K=3.4 CF=4.0 SC=855Hz Att=27.2ms | fK=6.6 fCF=4.9 fSC=866Hz fFlat=0.114 fHF=0.000 🎯 敲擊 #2
[tap]           [19:10:56.359] ⏱️ 間隔過長重置（211360ms）
[tap][sample]   [19:10:56.359] 持續=60ms 峰值=919 ✓ K=13.6 CF=6.9 SC=1095Hz Att=18.1ms | fK=20.5 fCF=8.3 fSC=1108Hz fFlat=0.165 fHF=0.000 🎯 敲擊 #1
[tap][sample]   [19:10:57.738] 持續=320ms 峰值=8422 ✗長 K=0.4 CF=3.7 SC=845Hz Att=8.6ms | fK=0.8 fCF=3.9 fSC=846Hz fFlat=0.127 fHF=0.000
[tap][dim]      [19:10:57.799] 持續=60ms 峰值=373 ✗弱
[tap][sample]   [19:10:58.378] 持續=540ms 峰值=7261 ✗長 K=6.5 CF=6.7 SC=1264Hz Att=18.3ms | fK=7.0 fCF=6.9 fSC=1263Hz fFlat=0.283 fHF=0.002
[tap][sample]   [19:10:58.538] 持續=130ms 峰值=5586 ✗長 K=5.1 CF=5.0 SC=917Hz Att=41.4ms | fK=7.1 fCF=5.6 fSC=939Hz fFlat=0.190 fHF=0.001
[tap][sample]   [19:10:59.658] 持續=510ms 峰值=9315 ✗長 K=2.0 CF=4.5 SC=2346Hz Att=19.5ms | fK=2.3 fCF=4.7 fSC=2344Hz fFlat=0.510 fHF=0.052
[tap][dim]      [19:10:59.688] 持續=30ms 峰值=343 ✗弱
[tap][sample]   [19:10:59.948] 持續=190ms 峰值=4813 ✗長 K=3.8 CF=4.7 SC=832Hz Att=32.6ms | fK=4.9 fCF=5.0 fSC=826Hz fFlat=0.096 fHF=0.000
[tap][dim]      [19:10:59.979] 持續=30ms 峰值=466 ✗弱
[recorder][VAD] [19:11:01.127] ✅ Silero 11/165 (18.3%), 0.35s speech
[recorder][flush][19:11:01.127] ✅ 取出 5.3s 音訊段落
[main]          [19:11:01.128] ✂️ 自動分段送出（靜音達1s，累積 5.3s，靜音 1.2s）
[paster]        [19:11:01.461] 📏 [UIA] 文字為空 → 不加句號
[paster]        [19:11:01.461] 🔮 預取游標位置: at_end=False, last_punct=False (delay=0.33s, est_api=0.78s)
[tap][sample]   [19:11:01.479] 持續=321ms 峰值=8617 ✗長 K=6.4 CF=5.1 SC=659Hz Att=11.0ms | fK=7.3 fCF=5.4 fSC=663Hz fFlat=0.100 fHF=0.000
[tap][dim]      [19:11:01.517] 持續=39ms 峰值=538 ✗弱
[tap][sample]   [19:11:01.929] 持續=320ms 峰值=7854 ✗長 K=1.8 CF=4.4 SC=1516Hz Att=46.4ms | fK=2.2 fCF=4.7 fSC=1514Hz fFlat=0.381 fHF=0.008
[tap][dim]      [19:11:01.960] 持續=31ms 峰值=370 ✗弱
[tap][dim]      [19:11:02.119] 持續=30ms 峰值=506 ✗弱
[transcriber]   [19:11:02.308] ⏱️ API 耗時: 1.18s
[main]          [19:11:02.308] ✅ 分段辨識完成: "那問題來了，為什麼？"
[paster]        [19:11:02.339] 🎯 PASTE: at_end=False, last_punct=False, add_prefix=False (prefetched), prefix='，', final='那問題來了，為什麼？'
[paster]        [19:11:02.351] ⌨️ TEXT input flow start: target_chars=10，視窗="Debug Chrome Text Pasting Issue"，hwnd=0x000306da，process=antigravity.exe，class=Chrome_WidgetWin_1，focus=('Message input', 'max-h-[300px] rounded-md cursor-text overflow-y-auto text-md p-2 outline-none transition-all duration-100 text-sm', '', 'ComboBoxControl')，verify_readable=True，keys_before=async_down=none; logical_down=none，text='那問題來了，為什麼？'
[paster]        [19:11:02.351] ⌨️ 直接輸入前釋放修飾鍵: released=none，keys_after_release=async_down=none; logical_down=none
[paster]        [19:11:02.352] ⌨️ TEXT input done: ok=True，keys_after_send=async_down=none; logical_down=none
[paster]        [19:11:02.354] ⏱️ 收到→直接輸入完成: 0.05s
[paster]        [19:11:02.354] ⌨️ TEXT input verify: ok=True，reason=wm_char_trusted
[tap][sample]   [19:11:02.888] 持續=770ms 峰值=9376 ✗長 K=0.5 CF=4.0 SC=1681Hz Att=105.0ms | fK=0.7 fCF=4.0 fSC=1678Hz fFlat=0.362 fHF=0.007
[tap][dim]      [19:11:02.958] 持續=70ms 峰值=415 ✗弱
[tap][sample]   [19:11:03.279] 持續=261ms 峰值=8252 ✗長 K=1.3 CF=3.6 SC=2006Hz Att=25.7ms | fK=1.8 fCF=3.8 fSC=2000Hz fFlat=0.440 fHF=0.015
[tap][dim]      [19:11:03.308] 持續=29ms 峰值=461 ✗弱
[tap]           [19:11:03.350] 💤 敲麥監聽已停止
[recorder]      [19:11:03.402] 💤 預熱 stream 已關閉
