[main] LOG -> F:\Cursor\AI Whisper Next\ai_whisper_20260516_010928.log
[settings] config loaded from F:\Cursor\AI Whisper Next\config.json
[main][01:09:28.687] ✅ 快捷鍵 ctrl+f12（句號）、ctrl+f11（逗號）已註冊
[main][01:09:28.688] ✅ 記憶快捷鍵 5/5 已註冊 (Win32)
[tap]         🎙️ 敲麥監聽已啟動
[recorder][VAD] 載入 Silero VAD 模型...
Using cache found in C:\Users\Administrator/.cache\torch\hub\snakers4_silero-vad_master
[recorder][VAD] ⚠️ Silero VAD 載入失敗，使用 RMS 備援: No module named 'torchaudio'
[tap][sample][01:09:36.112] 持續=63ms 峰值=2369 ✓ 🎯 敲擊 #1
[tap][sample][01:09:36.436] 持續=126ms 峰值=13362 ✓ 🎯 敲擊 #2
[tap][sample][01:09:36.697] 持續=135ms 峰值=9936 ✓ 🎯 敲擊 #3
[tap]        [01:09:36.697] 🔔 三連敲觸發（間隔 261ms / 252ms，一致性 0.97）
[recorder][01:09:36] ⏱️ InputStream() 2.5ms
[recorder][01:09:36] ⏱️ stream.start() 0.3ms
[recorder][01:09:36] 🎙️ 錄音就緒，總初始化 2.7ms
[main][01:09:36.700] ⏱️ recorder.start() 耗時 2.9ms，ok=True
[main][01:09:36.706] 🎙️ 開始錄音
[recorder][01:09:36] 🎤 第一包音訊到達，麥克風實際開啟延遲 23.9ms
[recorder][VAD] RMS 語音幀 0/33 (0.0%)，有效語音 0.00s，閾值 450，最低比例 16%，最低語音 0.35s
[recorder][flush] ❌ VAD 未達有效語音門檻，略過（語音比例不足 0.0% < 16%）
[tap][sample][01:09:39.280] 持續=603ms 峰值=8359 ✗長
[tap][sample][01:09:40.270] 持續=539ms 峰值=9303 ✗長
[tap][sample][01:09:41.144] 持續=154ms 峰值=11210 ✓ 🎯 敲擊 #1
[tap][sample][01:09:41.359] 持續=126ms 峰值=10452 ✓ 🎯 敲擊 #2
[tap][sample][01:09:41.620] 持續=153ms 峰值=12202 ✓ 🎯 敲擊 #3
[tap]        [01:09:41.620] 🔔 三連敲觸發（間隔 243ms / 234ms，一致性 0.96）
[main][01:09:41.621] ⏳ 預熱 idle 計時器啟動，10 分鐘後關閉麥克風
[recorder][VAD] RMS 語音幀 52/130 (40.0%)，有效語音 1.56s，閾值 450，最低比例 16%，最低語音 0.35s
[main][01:09:41.622] ✅ 錄音完成，送出辨識
[paster][01:09:41] 📏 [UIA] 文字為空 → 不加句號
[paster][01:09:41] 🔮 預取游標位置: at_end=False, last_punct=False (delay=0.19s, est_api=0.64s)
[transcriber][01:09:43.053] ⏱️ API 耗時: 1.26s
[main][01:09:43.053] ✅ 辨識完成: "沒有用，不行"
[paster][01:09:43] 🎯 PASTE: at_end=False, last_punct=False, add_prefix=False (prefetched), prefix='。', final='沒有用，不行'
[paster][01:09:43] 📋 CLIP flow start: target_chars=6, restore_delay=0.30s
[paster][01:09:43] 📋 CLIP backup: count=5, formats=49161:8B, 50220:11429B, 49171:216B, 8:39652B, 17:39736B, text=missing
[paster][01:09:43] 📋 CLIP set attempt 1/4: chars=6, bytes=14, preview='沒有用，不行'
[paster][01:09:43] 📋 CLIP verify ok: attempt=1, chars=6, text='沒有用，不行'
[paster][01:09:43] ⌨️ Ctrl+V 準備送出，cb_ok=True，視窗="AI Whisper"，hwnd=0x003f0914，keys_before=async_down=none; logical_down=none，text='沒有用，不行'
[paster][01:09:43] ⌨️ 貼上前釋放修飾鍵: released=none，restore_later=none，keys_after_release=async_down=none; logical_down=none
[paster][01:09:43] ⌨️ Ctrl+V 已送出，keys_after_send=async_down=none; logical_down=none
[paster][01:09:43] 🚫 CLIP guard armed: manual Ctrl+V suppressed
[paster][01:09:43] ⏱️ 收到→貼上完成: 0.64s
[paster][01:09:43] 📋 CLIP restore wait: 0.30s
[paster][01:09:43] 📋 CLIP restore attempt 1/4: text=missing
[paster][01:09:43] 📋 CLIP restore: restored=5/5, formats=49161:8B, 50220:11429B, 49171:216B, 8:39652B, 17:39736B, text=missing
[paster][01:09:44] 📋 CLIP read: CF_UNICODETEXT missing
[paster][01:09:44] 📋 CLIP restore verify ok: attempt=1, text=''
[paster][01:09:44] 🚫 CLIP guard disarmed: blocked=0
[paster][01:09:44] 📋 CLIP read: CF_UNICODETEXT missing
[paster][01:09:44] 📋 CLIP read: CF_UNICODETEXT missing
[paster][01:09:44] 📋 CLIP read: CF_UNICODETEXT missing
[paster][01:09:44] 📋 CLIP read: CF_UNICODETEXT missing
[paster][01:09:45] 📋 CLIP read: CF_UNICODETEXT missing
[paster][01:09:45] 📋 CLIP read: CF_UNICODETEXT missing
[paster][01:09:45] 📋 CLIP read: CF_UNICODETEXT missing
[paster][01:09:45] 📋 CLIP read: CF_UNICODETEXT missing
[paster][01:09:45] 📋 CLIP read: CF_UNICODETEXT missing
[paster][01:09:46] 📋 CLIP read: CF_UNICODETEXT missing
[main][01:09:46.279] ⌨️ 記憶快捷鍵 1 觸發，keys=async_down=Shift,Alt,LShift,LAlt; logical_down=Shift,Alt,LShift,LAlt
[main][01:09:46.280] 📋 貼上記憶 1: "沒有用，不行"
[paster][01:09:46] 📋 CLIP read: CF_UNICODETEXT missing
[paster][01:09:46] 📋 CLIP read: CF_UNICODETEXT missing
[paster][01:09:46] 📋 CLIP watchdog done: checks=11, repairs=0, ok=True, final=''
[paster][01:09:46] 📋 剪貼簿已還原驗證（5 種格式，restore_ok=True, watch_ok=True）
[paster][01:09:46] 📏 [UIA] text='ctrl esc to focus or', text_after='', at_end=True, last_punct=False
[paster][01:09:46] 🎯 PASTE: at_end=True, last_punct=False, add_prefix=True, prefix='。', uia=504ms, final='沒有用，不行'
[paster][01:09:46] 📋 CLIP flow start: target_chars=7, restore_delay=0.30s
[paster][01:09:46] 📋 CLIP backup: count=5, formats=49161:8B, 50220:11429B, 49171:216B, 8:39652B, 17:39736B, text=missing
[paster][01:09:46] 📋 CLIP set attempt 1/4: chars=7, bytes=16, preview='。沒有用，不行'
[paster][01:09:46] 📋 CLIP verify ok: attempt=1, chars=7, text='。沒有用，不行'
[paster][01:09:46] ⌨️ Ctrl+V 準備送出，cb_ok=True，視窗="Fix system tray icon res… - AI Whisper Next - Cursor [系統管理員]"，hwnd=0x00101060，keys_before=async_down=none; logical_down=none，text='。沒有用，不行'
[paster][01:09:46] ⌨️ 貼上前釋放修飾鍵: released=none，restore_later=none，keys_after_release=async_down=none; logical_down=none
[paster][01:09:46] ⌨️ Ctrl+V 已送出，keys_after_send=async_down=none; logical_down=none
[paster][01:09:46] 🚫 CLIP guard armed: manual Ctrl+V suppressed
[paster][01:09:46] 📋 CLIP restore wait: 0.30s
[paster][01:09:47] 📋 CLIP restore attempt 1/4: text=missing
[paster][01:09:47] 📋 CLIP restore: restored=5/5, formats=49161:8B, 50220:11429B, 49171:216B, 8:39652B, 17:39736B, text=missing
[paster][01:09:47] 📋 CLIP read: CF_UNICODETEXT missing
[paster][01:09:47] 📋 CLIP restore verify ok: attempt=1, text=''
[paster][01:09:47] 🚫 CLIP guard disarmed: blocked=0
[paster][01:09:47] 📋 CLIP read: CF_UNICODETEXT missing
[paster][01:09:47] 📋 CLIP read: CF_UNICODETEXT missing
[paster][01:09:48] 📋 CLIP read: CF_UNICODETEXT missing
[paster][01:09:48] 📋 CLIP read: CF_UNICODETEXT missing
[paster][01:09:48] 📋 CLIP read: CF_UNICODETEXT missing
[paster][01:09:48] 📋 CLIP read: CF_UNICODETEXT missing
[paster][01:09:48] 📋 CLIP read: CF_UNICODETEXT missing
[paster][01:09:49] 📋 CLIP read: CF_UNICODETEXT missing
[paster][01:09:49] 📋 CLIP read: CF_UNICODETEXT missing
[paster][01:09:49] 📋 CLIP read: CF_UNICODETEXT missing
[paster][01:09:49] 📋 CLIP read: CF_UNICODETEXT missing
[paster][01:09:49] 📋 CLIP read: CF_UNICODETEXT missing
[paster][01:09:49] 📋 CLIP watchdog done: checks=11, repairs=0, ok=True, final=''
[paster][01:09:49] 📋 剪貼簿已還原驗證（5 種格式，restore_ok=True, watch_ok=True）
