[main] LOG -> F:\Cursor\AI Whisper Next\logs\ai_whisper_20260607_122744_P8-32.current.log
[settings] config loaded from F:\Cursor\AI Whisper Next\config.json
[main][12:27:45.098] ✅ 快捷鍵 ctrl+f11（句號）、ctrl+f12（逗號）已註冊
[main][12:27:45.099] ✅ 主快捷鍵 2/2 已註冊 (Win32)
[main][12:27:45.100] ✅ 記憶快捷鍵 5/5 已註冊 (Win32)
[tap]        [12:27:45.149] 🎙️ 敲麥監聽已啟動
[main][12:27:45.150] 🔧 DIAG 關閉元件: (none)
[debug][12:27:45.158] 🔍 Debug server listening on 127.0.0.1:47643
[recorder][VAD] 載入 Silero VAD 模型 (ONNX): F:\Cursor\AI Whisper Next\assets\silero_vad.onnx
[recorder][VAD] Silero VAD 模型載入完成 (ONNX)
[transcriber][12:27:46.724] 🔌 HTTP 連線預熱完成 (1.57s)
[test] ========================================
[test] Paste Test START
[paster][12:27:54.369] 📋 CLIP backup: count=4, formats=13:54B, 16:4B, 1:27B, 7:27B, text='AI_WHISPER_TEST_1780'
[paster][12:27:54.371] 📋 CLIP set attempt 1/4: chars=26, bytes=54, preview='AI_WHISPER_TEST_1780806474'
[paster][12:27:54.432] 📋 CLIP verify ok: attempt=1, chars=26, text='AI_WHISPER_TEST_1780'
[paster][12:27:54.435] 📋 CLIP backup: count=4, formats=13:54B, 16:4B, 1:27B, 7:27B, text='AI_WHISPER_TEST_1780'
[paster][12:27:54.435] 📋 CLIP set attempt 1/4: chars=16, bytes=34, preview='__RESTORE_TEST__'
[paster][12:27:54.496] 📋 CLIP verify ok: attempt=1, chars=16, text='__RESTORE_TEST__'
[paster][12:27:54.496] 📋 CLIP restore attempt 1/4: text='AI_WHISPER_TEST_1780'
[paster][12:27:54.497] 📋 CLIP restore: restored=4/4, formats=13:54B, 16:4B, 1:27B, 7:27B, text='AI_WHISPER_TEST_1780'
[paster][12:27:54.617] 📋 CLIP restore verify ok: attempt=1, text='AI_WHISPER_TEST_1780'
[paster][12:27:54.653] 📏 [UIA] 文字為空 → 不加句號
[paster][12:27:54.672] 🎯 PASTE: at_end=False, last_punct=False, add_prefix=False, prefix='', uia=34ms, final='TEST_PASTE'
[paster][12:27:54.676] ⌨️ TEXT input skipped: process=python.exe，class=Qt6111QWindowIcon，focus=('AI Whisper', 'MainWindow', 'QApplication.MainWindow', 'WindowControl')，preserve_ctrl=False
[paster][12:27:54.676] 📋 CLIP flow start: target_chars=10, restore_delay=0.30s
[paster][12:27:54.677] 📋 CLIP backup: count=4, formats=13:54B, 16:4B, 1:27B, 7:27B, text='AI_WHISPER_TEST_1780'
[paster][12:27:54.677] 📋 CLIP set attempt 1/4: chars=10, bytes=22, preview='TEST_PASTE'
[paster][12:27:54.739] 📋 CLIP verify ok: attempt=1, chars=10, text='TEST_PASTE'
[paster][12:27:54.820] ⌨️ Ctrl+V 準備送出，cb_ok=True，視窗="AI Whisper"，hwnd=0x244d06be，process=python.exe，class=Qt6111QWindowIcon，keys_before=async_down=none; logical_down=none，text='TEST_PASTE'
[paster][12:27:54.822] ⌨️ 貼上前釋放修飾鍵: released=none，restore_later=none，preserve_ctrl=False，keys_after_release=async_down=none; logical_down=none
[paster][12:27:54.827] ⌨️ Ctrl+V 已送出，keys_after_send=async_down=none; logical_down=none
[paster][12:27:54.967] 🚫 CLIP guard armed: manual Ctrl+V suppressed
[paster][12:27:54.967] 📋 CLIP restore wait: 0.30s
[paster][12:27:55.269] 📋 CLIP restore attempt 1/4: text='AI_WHISPER_TEST_1780'
[paster][12:27:55.271] 📋 CLIP restore: restored=4/4, formats=13:54B, 16:4B, 1:27B, 7:27B, text='AI_WHISPER_TEST_1780'
[paster][12:27:55.396] 📋 CLIP restore verify ok: attempt=1, text='AI_WHISPER_TEST_1780'
[paster][12:27:55.396] 🚫 CLIP guard disarmed: blocked=0
[paster][12:27:57.602] 📋 CLIP watchdog done: checks=11, repairs=0, ok=True, final='AI_WHISPER_TEST_1780'
[paster][12:27:57.604] 📋 剪貼簿已還原驗證（4 種格式，restore_ok=True, watch_ok=True）
[paster][12:28:00.635] ⚠️ UIA 查詢超時 (2.0s)，使用備援值
[paster][12:28:02.646] ⚠️ UIA 查詢超時 (2.0s)，使用備援值
[paster][12:28:04.658] ⚠️ UIA 查詢超時 (2.0s)，使用備援值
[paster][12:28:06.674] ⚠️ UIA 查詢超時 (2.0s)，使用備援值
[test] Result: 20/20 passed
[test] Paste Test END ALL PASSED
[test] ========================================
[transcriber][12:29:11.192] ⏱️ API 耗時: 1.59s
[tap]        [13:03:36.146] 💤 敲麥監聽已停止
[recorder][13:03:36] 💤 預熱 stream 已關閉
