[main] LOG -> F:\Cursor\AI Whisper Next\logs\ai_whisper_20260607_122606_P8-32.current.log
[settings] config loaded from F:\Cursor\AI Whisper Next\config.json
[main][12:26:06.593] ✅ 快捷鍵 ctrl+f11（句號）、ctrl+f12（逗號）已註冊
[main][12:26:06.594] ✅ 主快捷鍵 2/2 已註冊 (Win32)
[main][12:26:06.594] ✅ 記憶快捷鍵 5/5 已註冊 (Win32)
[tap]        [12:26:06.660] 🎙️ 敲麥監聽已啟動
[main][12:26:06.661] 🔧 DIAG 關閉元件: (none)
[debug][12:26:06.680] 🔍 Debug server listening on 127.0.0.1:47643
[recorder][VAD] 載入 Silero VAD 模型 (ONNX): F:\Cursor\AI Whisper Next\assets\silero_vad.onnx
[recorder][VAD] Silero VAD 模型載入完成 (ONNX)
[transcriber][12:26:08.222] 🔌 HTTP 連線預熱完成 (1.55s)
[test] ========================================
[test] Paste Test START
[paster][12:26:31.692] 📋 CLIP backup: count=7, formats=49377:796B, 13:6B, 49991:24B, 49941:43B, 16:4B, 1:5B, 7:5B, text='養嘎'
[paster][12:26:31.694] 📋 CLIP set attempt 1/4: chars=26, bytes=54, preview='AI_WHISPER_TEST_1780806391'
[paster][12:26:31.756] 📋 CLIP verify ok: attempt=1, chars=26, text='AI_WHISPER_TEST_1780'
[paster][12:26:31.769] 📋 CLIP backup: count=4, formats=13:54B, 16:4B, 1:27B, 7:27B, text='AI_WHISPER_TEST_1780'
[paster][12:26:31.770] 📋 CLIP set attempt 1/4: chars=16, bytes=34, preview='__RESTORE_TEST__'
[paster][12:26:31.830] 📋 CLIP verify ok: attempt=1, chars=16, text='__RESTORE_TEST__'
[paster][12:26:31.831] 📋 CLIP restore attempt 1/4: text='AI_WHISPER_TEST_1780'
[paster][12:26:31.831] 📋 CLIP restore: restored=4/4, formats=13:54B, 16:4B, 1:27B, 7:27B, text='AI_WHISPER_TEST_1780'
[paster][12:26:31.952] 📋 CLIP restore verify ok: attempt=1, text='AI_WHISPER_TEST_1780'
[paster][12:26:32.036] ⚠️ [UIA] 無 TextPattern
[paster][12:26:32.037] 🎯 PASTE: at_end=False, last_punct=False, add_prefix=False, prefix='', uia=80ms, final='TEST_PASTE'
Exception in thread PasteWorker:
Traceback (most recent call last):
  File "C:\Python312\Lib\threading.py", line 1075, in _bootstrap_inner
    self.run()
  File "C:\Python312\Lib\threading.py", line 1012, in run
    self._target(*self._args, **self._kwargs)
  File "F:\Cursor\AI Whisper Next\src\ai_whisper\services\paste_service.py", line 864, in _paste_worker
    self._execute_paste(*job)
  File "F:\Cursor\AI Whisper Next\src\ai_whisper\services\paste_service.py", line 736, in _execute_paste
    f"verify_readable={before_readable}，keys_before={self.input.modifier_state_summary()}，"
                                                      ^^^^^^^^^^^^^^^^^^^^^^^^^^^^^^^^^^^
  File "F:\Cursor\AI Whisper Next\src\ai_whisper\services\input_service.py", line 120, in modifier_state_summary
    cached_result, cached_time = self._mod_summary_cache
                                 ^^^^^^^^^^^^^^^^^^^^^^^
AttributeError: 'InputService' object has no attribute '_mod_summary_cache'
[test] Result: 17/20 passed
[test] Paste Test END 3 FAILED
[test] ========================================
[tap]        [12:27:42.747] 💤 敲麥監聽已停止
[recorder][12:27:42] 💤 預熱 stream 已關閉
