[main] LOG -> F:\Cursor\AI Whisper Next\logs\ai_whisper_20260607_130939_P8-32.current.log
[settings] config loaded from F:\Cursor\AI Whisper Next\config.json
[main][13:09:39.252] ✅ 快捷鍵 ctrl+f11（句號）、ctrl+f12（逗號）已註冊
[main][13:09:39.253] ✅ 主快捷鍵 2/2 已註冊 (Win32)
[main][13:09:39.253] ✅ 記憶快捷鍵 5/5 已註冊 (Win32)
[tap]        [13:09:39.303] 🎙️ 敲麥監聽已啟動
[main][13:09:39.304] 🔧 DIAG 關閉元件: (none)
[debug][13:09:39.313] 🔍 Debug server listening on 127.0.0.1:47643
[recorder][VAD] 載入 Silero VAD 模型 (ONNX): F:\Cursor\AI Whisper Next\assets\silero_vad.onnx
[recorder][VAD] Silero VAD 模型載入完成 (ONNX)
[transcriber][13:09:40.712] 🔌 HTTP 連線預熱完成 (1.41s)
[main][13:10:54.956] ⌨️ 主快捷鍵觸發（Win32/逗號），keys=async_down=Ctrl,RCtrl; logical_down=Ctrl,RCtrl
[main][13:10:54.957] ⌨️ after(0) 執行延遲 1.6ms
[tap]        [13:10:55.010] 💤 敲麥監聽已停止
[recorder][13:10:55] ⏱️ InputStream() 8.2ms
[recorder][13:10:55] ⏱️ stream.start() 0.5ms
[recorder][13:10:55] 🎙️ 錄音就緒，總初始化 8.6ms
[main][13:10:55.019] ⏱️ recorder.start() 耗時 8.9ms，ok=True
[tap]        [13:10:55.691] 🎙️ 敲麥監聽已啟動
[main][13:10:55.699] 🎙️ 開始錄音
[recorder][13:10:55] 🎤 第一包音訊到達，麥克風實際開啟延遲 796.8ms
[tap][sample][13:10:57.292] 持續=603ms 峰值=4940 ✗長 K=0.9 CF=4.8 SC=1108Hz Att=530.2ms | fK=1.2 fCF=4.9 fSC=1111Hz fFlat=0.230 fHF=0.001
[tap][sample][13:10:57.418] 持續=90ms 峰值=1801 ✓ K=16.4 CF=6.7 SC=1404Hz Att=0.1ms | fK=21.6 fCF=7.9 fSC=1380Hz fFlat=0.225 fHF=0.004 🎯 敲擊 #1
[tap][dim]   [13:10:57.455] 持續=36ms 峰值=596 ✗弱
[tap]         ⏱️ 間隔過長重置（603ms）
[tap][sample][13:10:58.030] 持續=99ms 峰值=3100 ✓ K=2.5 CF=4.3 SC=605Hz Att=12.6ms | fK=4.4 fCF=5.0 fSC=617Hz fFlat=0.094 fHF=0.000 🎯 敲擊 #1
[tap][dim]   [13:10:58.120] 持續=63ms 峰值=598 ✗弱
[tap][sample][13:10:58.219] 持續=99ms 峰值=1975 ✓ K=1.4 CF=3.7 SC=1257Hz Att=41.4ms | fK=2.1 fCF=4.1 fSC=1221Hz fFlat=0.244 fHF=0.001 🎯 敲擊 #2
[tap][dim]   [13:10:58.273] 持續=54ms 峰值=598 ✗弱
[tap][sample][13:10:58.759] 持續=450ms 峰值=4830 ✗長 K=0.1 CF=3.7 SC=751Hz Att=29.8ms | fK=0.4 fCF=3.8 fSC=764Hz fFlat=0.126 fHF=0.000
[tap][dim]   [13:10:58.787] 持續=27ms 峰值=346 ✗弱
[main][13:10:59.132] ⌨️ 主快捷鍵觸發（Win32/逗號），keys=async_down=Ctrl,RCtrl; logical_down=Ctrl,RCtrl
[main][13:10:59.135] ⌨️ after(0) 執行延遲 3.5ms[main][13:10:59.136] ⏳ 預熱 idle 計時器啟動，10 分鐘後關閉麥克風

[recorder][VAD] ✅ Silero 14/100 (16.9%), 0.45s speech
[recorder] 🔊 正規化：peak=13463 → gain=1.19x
[main][13:10:59.151] ✅ 錄音完成，送出辨識
[paster][13:10:59.301] 📏 [UIA] 文字為空 → 不加句號
[paster][13:10:59.303] 🔮 預取游標位置: at_end=False, last_punct=False (delay=0.12s, est_api=0.57s)
[transcriber][13:11:00.422] ⏱️ API 耗時: 1.27s
[main][13:11:00.423] ✅ 辨識完成: "你好,有看到嗎？"
[paster][13:11:00.473] 🎯 PASTE: at_end=False, last_punct=False, add_prefix=False (prefetched), prefix='，', final='你好,有看到嗎？'
[paster][13:11:00.482] ⌨️ TEXT input flow start: target_chars=8，視窗="Optimizing Workflow and Artifacts"，hwnd=0x002720fe，process=antigravity.exe，class=Chrome_WidgetWin_1，focus=('Message input', 'max-h-[300px] rounded-md cursor-text overflow-y-auto text-md p-2 outline-none transition-all duration-100 text-sm', '', 'ComboBoxControl')，verify_readable=True，keys_before=async_down=none; logical_down=none，text='你好,有看到嗎？'
[paster][13:11:00.484] ⌨️ 直接輸入前釋放修飾鍵: released=none，keys_after_release=async_down=none; logical_down=none
[paster][13:11:00.490] ⌨️ TEXT input done: ok=True，keys_after_send=async_down=none; logical_down=none
[paster][13:11:00.491] ⏱️ 收到→直接輸入完成: 0.07s
[paster][13:11:00.575] ⌨️ TEXT input verify: ok=True，reason=changed
[main][13:11:04.351] ⌨️ 主快捷鍵觸發（Win32/逗號），keys=async_down=Ctrl,RCtrl; logical_down=Ctrl,RCtrl
[main][13:11:04.352] ⌨️ after(0) 執行延遲 1.1ms
[tap]        [13:11:04.367] 💤 敲麥監聽已停止
[recorder][13:11:04] 🚀 預熱命中，直接開始錄音
[main][13:11:04.367] ⏱️ recorder.start() 耗時 0.3ms，ok=True
[tap]        [13:11:04.371] 🎙️ 敲麥監聽已啟動
[main][13:11:04.376] 🎙️ 開始錄音
[tap][dim]   [13:11:05.743] 持續=27ms 峰值=520 ✗弱
[tap][sample][13:11:06.283] 持續=540ms 峰值=3472 ✗長 K=-0.1 CF=2.8 SC=686Hz Att=163.3ms | fK=0.0 fCF=2.9 fSC=693Hz fFlat=0.143 fHF=0.000
[tap][dim]   [13:11:06.364] 持續=81ms 峰值=521 ✗弱
[tap][sample][13:11:06.454] 持續=63ms 峰值=2467 ✓ K=3.0 CF=3.5 SC=744Hz Att=35.8ms | fK=5.7 fCF=4.2 fSC=786Hz fFlat=0.144 fHF=0.000 🎯 敲擊 #1
[tap][dim]   [13:11:06.490] 持續=36ms 峰值=345 ✗弱
[tap][sample][13:11:06.580] 持續=90ms 峰值=2391 ✓ K=5.5 CF=5.0 SC=731Hz Att=35.5ms | fK=8.0 fCF=5.7 fSC=794Hz fFlat=0.143 fHF=0.000 ⏱️ 防抖略過（距上次 99ms < 180ms）
[tap][dim]   [13:11:06.678] 持續=99ms 峰值=503 ✗弱
[tap]         ⏱️ 間隔過長重置（477ms）
[tap][sample][13:11:06.967] 持續=99ms 峰值=3135 ✓ K=2.3 CF=4.7 SC=623Hz Att=70.2ms | fK=3.9 fCF=5.4 fSC=612Hz fFlat=0.084 fHF=0.000 🎯 敲擊 #1
[tap][dim]   [13:11:07.003] 持續=36ms 峰值=509 ✗弱
[tap][dim]   [13:11:07.480] 持續=72ms 峰值=538 ✗弱
[tap][sample][13:11:07.804] 持續=234ms 峰值=4203 ✗長 K=-0.2 CF=3.3 SC=879Hz Att=54.2ms | fK=0.2 fCF=3.6 fSC=883Hz fFlat=0.166 fHF=0.000
[tap][dim]   [13:11:07.831] 持續=27ms 峰值=351 ✗弱
[tap][sample][13:11:08.119] 持續=288ms 峰值=2996 ✗長 K=-0.4 CF=2.7 SC=693Hz Att=77.9ms | fK=-0.1 fCF=2.8 fSC=651Hz fFlat=0.142 fHF=0.000
[tap][dim]   [13:11:08.146] 持續=27ms 峰值=452 ✗弱
[main][13:11:08.201] ⌨️ 主快捷鍵觸發（Win32/逗號），keys=async_down=Ctrl,RCtrl; logical_down=Ctrl,RCtrl
[main][13:11:08.202] ⌨️ after(0) 執行延遲 1.0ms[main][13:11:08.203] ⏳ 預熱 idle 計時器啟動，10 分鐘後關閉麥克風

[recorder][VAD] ❌ Silero 4/82 (4.9%), 0.13s speech (need 16%/0.35s)
[recorder][stop] ❌ VAD 不送出辨識（語音比例不足 4.9% < 16%）
[main][13:11:10.108] ⌨️ 主快捷鍵觸發（Win32/逗號），keys=async_down=Ctrl,RCtrl; logical_down=Ctrl,RCtrl
[main][13:11:10.109] ⌨️ after(0) 執行延遲 1.4ms
[tap]        [13:11:10.143] 💤 敲麥監聽已停止
[recorder][13:11:10] 🚀 預熱命中，直接開始錄音
[main][13:11:10.143] ⏱️ recorder.start() 耗時 0.4ms，ok=True
[tap]        [13:11:10.147] 🎙️ 敲麥監聽已啟動
[main][13:11:10.151] 🎙️ 開始錄音
[tap][dim]   [13:11:11.098] 持續=27ms 峰值=552 ✗弱
[tap][sample][13:11:11.233] 持續=135ms 峰值=2620 ✗長 K=1.1 CF=3.6 SC=401Hz Att=31.8ms | fK=2.0 fCF=4.0 fSC=484Hz fFlat=0.100 fHF=0.000
[tap][sample][13:11:11.971] 持續=711ms 峰值=3479 ✗長 K=2.7 CF=7.9 SC=841Hz Att=577.7ms | fK=2.9 fCF=8.0 fSC=835Hz fFlat=0.147 fHF=0.000
[tap][dim]   [13:11:11.998] 持續=27ms 峰值=398 ✗弱
[tap][sample][13:11:12.421] 持續=162ms 峰值=4318 ✗長 K=3.8 CF=5.2 SC=695Hz Att=43.2ms | fK=5.1 fCF=5.7 fSC=665Hz fFlat=0.098 fHF=0.000
[tap][dim]   [13:11:12.448] 持續=27ms 峰值=391 ✗弱
[tap][sample][13:11:12.511] 持續=27ms 峰值=1015 ✓ K=14.2 CF=6.3 SC=2094Hz Att=0.0ms | fK=25.9 fCF=8.6 fSC=2066Hz fFlat=0.497 fHF=0.045 🎯 敲擊 #1
[tap][dim]   [13:11:12.538] 持續=27ms 峰值=307 ✗弱
[tap][dim]   [13:11:12.700] 持續=27ms 峰值=537 ✗弱
[tap][sample][13:11:12.763] 持續=63ms 峰值=846 ✓ K=-1.1 CF=1.9 SC=691Hz Att=1.2ms | fK=-0.3 fCF=2.3 fSC=640Hz fFlat=0.149 fHF=0.000 🎯 敲擊 #2
[tap][sample][13:11:13.249] 持續=450ms 峰值=4275 ✗長 K=1.2 CF=7.3 SC=1372Hz Att=0.1ms | fK=1.5 fCF=7.6 fSC=1376Hz fFlat=0.361 fHF=0.001
[main][13:11:13.443] ⌨️ 主快捷鍵觸發（Win32/逗號），keys=async_down=Ctrl,RCtrl; logical_down=Ctrl,RCtrl
[main][13:11:13.444] ⌨️ after(0) 執行延遲 1.1ms[main][13:11:13.445] ⏳ 預熱 idle 計時器啟動，10 分鐘後關閉麥克風

[recorder][VAD] ✅ Silero 11/103 (23.9%), 0.35s speech
[main][13:11:13.454] ✅ 錄音完成，送出辨識
[paster][13:11:13.588] ⚠️ [UIA] 無 TextPattern
[paster][13:11:13.589] 🔮 預取游標位置: at_end=False, last_punct=False (delay=0.13s, est_api=0.58s)
[transcriber][13:11:14.697] ⏱️ API 耗時: 1.24s
[main][13:11:14.702] ✅ 辨識完成: "你有看到嗎？"
[paster][13:11:14.769] 🎯 PASTE: at_end=False, last_punct=False, add_prefix=False (prefetched), prefix='，', final='你有看到嗎？'
[paster][13:11:14.776] ⌨️ TEXT input flow start: target_chars=6，視窗="Optimizing Workflow and Artifacts"，hwnd=0x002720fe，process=antigravity.exe，class=Chrome_WidgetWin_1，focus=('Message input', 'max-h-[300px] rounded-md cursor-text overflow-y-auto text-md p-2 outline-none transition-all duration-100 text-sm', '', 'ComboBoxControl')，verify_readable=True，keys_before=async_down=none; logical_down=none，text='你有看到嗎？'
[paster][13:11:14.777] ⌨️ 直接輸入前釋放修飾鍵: released=none，keys_after_release=async_down=none; logical_down=none
[paster][13:11:14.782] ⌨️ TEXT input done: ok=True，keys_after_send=async_down=none; logical_down=none
[paster][13:11:14.783] ⏱️ 收到→直接輸入完成: 0.08s
[paster][13:11:14.869] ⌨️ TEXT input verify: ok=True，reason=changed
[main][13:11:15.932] ⌨️ 主快捷鍵觸發（Win32/逗號），keys=async_down=Ctrl,RCtrl; logical_down=Ctrl,RCtrl
[main][13:11:15.933] ⌨️ after(0) 執行延遲 1.1ms
[tap]        [13:11:15.950] 💤 敲麥監聽已停止
[recorder][13:11:15] 🚀 預熱命中，直接開始錄音
[main][13:11:15.951] ⏱️ recorder.start() 耗時 0.4ms，ok=True
[tap]        [13:11:15.954] 🎙️ 敲麥監聽已啟動
[main][13:11:15.958] 🎙️ 開始錄音
[tap][dim]   [13:11:17.137] 持續=27ms 峰值=374 ✗弱
[tap][sample][13:11:17.588] 持續=450ms 峰值=4982 ✗長 K=-0.1 CF=4.1 SC=505Hz Att=49.4ms | fK=0.2 fCF=4.2 fSC=508Hz fFlat=0.100 fHF=0.000
[tap][dim]   [13:11:17.938] 持續=27ms 峰值=442 ✗弱
[tap][sample][13:11:18.190] 持續=252ms 峰值=3671 ✗長 K=-0.0 CF=2.7 SC=809Hz Att=82.6ms | fK=0.3 fCF=2.9 fSC=816Hz fFlat=0.159 fHF=0.000
[tap][dim]   [13:11:18.253] 持續=63ms 峰值=390 ✗弱
[tap][dim]   [13:11:18.343] 持續=27ms 峰值=313 ✗弱
[tap][sample][13:11:18.614] 持續=270ms 峰值=4135 ✗長 K=6.8 CF=7.0 SC=723Hz Att=78.9ms | fK=8.0 fCF=7.4 fSC=722Hz fFlat=0.084 fHF=0.000
[tap][dim]   [13:11:18.640] 持續=27ms 峰值=325 ✗弱
[tap][sample][13:11:19.604] 持續=252ms 峰值=7832 ✗長 K=7.2 CF=6.5 SC=672Hz Att=83.8ms | fK=8.4 fCF=6.9 fSC=663Hz fFlat=0.106 fHF=0.000
[tap][sample][13:11:19.799] 持續=106ms 峰值=4161 ✓ K=48.4 CF=12.4 SC=1745Hz Att=0.1ms | fK=63.2 fCF=14.2 fSC=1752Hz fFlat=0.332 fHF=0.037 🎯 敲擊 #1
[tap][dim]   [13:11:19.829] 持續=30ms 峰值=595 ✗弱
[tap][sample][13:11:19.954] 持續=126ms 峰值=1144 ✗長 K=-0.8 CF=2.7 SC=863Hz Att=28.6ms | fK=-0.6 fCF=2.9 fSC=780Hz fFlat=0.183 fHF=0.000
[tap][dim]   [13:11:20.017] 持續=63ms 峰值=580 ✗弱
[tap][sample][13:11:20.404] 持續=297ms 峰值=6074 ✗長 K=0.3 CF=4.2 SC=917Hz Att=0.1ms | fK=0.7 fCF=4.4 fSC=917Hz fFlat=0.182 fHF=0.000
[tap][dim]   [13:11:20.432] 持續=27ms 峰值=545 ✗弱
[tap][sample][13:11:20.699] 持續=268ms 峰值=4449 ✗長 K=-0.7 CF=2.3 SC=718Hz Att=33.1ms | fK=-0.4 fCF=2.5 fSC=713Hz fFlat=0.147 fHF=0.000
[main][13:11:20.961] ⌨️ 主快捷鍵觸發（Win32/逗號），keys=async_down=Ctrl,RCtrl; logical_down=Ctrl,RCtrl
[main][13:11:20.966] ⌨️ after(0) 執行延遲 4.3ms[main][13:11:20.967] ⏳ 預熱 idle 計時器啟動，10 分鐘後關閉麥克風

[recorder][VAD] ❌ Silero 6/124 (4.8%), 0.19s speech (need 16%/0.35s)
[recorder][stop] ❌ VAD 不送出辨識（語音比例不足 4.8% < 16%）
[main][13:11:24.514] ⌨️ 主快捷鍵觸發（Win32/逗號），keys=async_down=Ctrl,RCtrl; logical_down=Ctrl,RCtrl
[main][13:11:24.515] ⌨️ after(0) 執行延遲 1.3ms
[tap]        [13:11:24.543] 💤 敲麥監聽已停止
[recorder][13:11:24] 🚀 預熱命中，直接開始錄音
[main][13:11:24.545] ⏱️ recorder.start() 耗時 0.6ms，ok=True
[tap]        [13:11:24.549] 🎙️ 敲麥監聽已啟動
[main][13:11:24.554] 🎙️ 開始錄音
[tap][sample][13:11:26.434] 持續=864ms 峰值=5386 ✗長 K=-0.3 CF=3.0 SC=1137Hz Att=24.5ms | fK=-0.3 fCF=3.0 fSC=1136Hz fFlat=0.283 fHF=0.001
[tap][dim]   [13:11:26.821] 持續=45ms 峰值=308 ✗弱
[tap][sample][13:11:27.163] 持續=153ms 峰值=6376 ✗長 K=4.3 CF=5.8 SC=540Hz Att=65.2ms | fK=5.7 fCF=6.4 fSC=510Hz fFlat=0.075 fHF=0.000
[tap][dim]   [13:11:27.199] 持續=36ms 峰值=556 ✗弱
[tap][sample][13:11:27.487] 持續=261ms 峰值=4660 ✗長 K=9.3 CF=8.8 SC=1446Hz Att=0.1ms | fK=10.7 fCF=9.3 fSC=1442Hz fFlat=0.257 fHF=0.006
[tap][dim]   [13:11:27.523] 持續=36ms 峰值=490 ✗弱
[tap][sample][13:11:28.027] 持續=504ms 峰值=5947 ✗長 K=0.8 CF=4.1 SC=687Hz Att=156.9ms | fK=1.0 fCF=4.2 fSC=690Hz fFlat=0.116 fHF=0.000
[tap][sample][13:11:29.314] 持續=134ms 峰值=6426 ✗長 K=6.4 CF=5.4 SC=563Hz Att=66.3ms | fK=8.7 fCF=6.0 fSC=578Hz fFlat=0.089 fHF=0.000
[tap][dim]   [13:11:29.377] 持續=63ms 峰值=544 ✗弱
[tap][sample][13:11:29.728] 持續=288ms 峰值=4319 ✗長 K=-0.1 CF=3.1 SC=694Hz Att=47.6ms | fK=0.2 fCF=3.2 fSC=698Hz fFlat=0.115 fHF=0.000
[main][13:11:30.015] ⌨️ 主快捷鍵觸發（Win32/逗號），keys=async_down=Ctrl,RCtrl; logical_down=Ctrl,RCtrl
[main][13:11:30.627] ⌨️ after(0) 執行延遲 611.1ms[main][13:11:30.627] ⏳ 預熱 idle 計時器啟動，10 分鐘後關閉麥克風

[recorder][VAD] ✅ Silero 11/158 (16.7%), 0.35s speech
[main][13:11:30.640] ✅ 錄音完成，送出辨識
[paster][13:11:30.949] ⚠️ [UIA] 無 TextPattern
[paster][13:11:30.950] 🔮 預取游標位置: at_end=False, last_punct=False (delay=0.31s, est_api=0.76s)
[transcriber][13:11:31.571] ⏱️ API 耗時: 0.93s
[main][13:11:31.572] ✅ 辨識完成: "你好，有看到嗎？有嗎？"
[paster][13:11:31.623] 🎯 PASTE: at_end=False, last_punct=False, add_prefix=False (prefetched), prefix='，', final='你好，有看到嗎？有嗎？'
[paster][13:11:31.642] ⌨️ TEXT input flow start: target_chars=11，視窗="Optimizing Workflow and Artifacts"，hwnd=0x002720fe，process=antigravity.exe，class=Chrome_WidgetWin_1，focus=('Message input', 'max-h-[300px] rounded-md cursor-text overflow-y-auto text-md p-2 outline-none transition-all duration-100 text-sm', '', 'ComboBoxControl')，verify_readable=True，keys_before=async_down=none; logical_down=none，text='你好，有看到嗎？有嗎？'
[paster][13:11:31.643] ⌨️ 直接輸入前釋放修飾鍵: released=none，keys_after_release=async_down=none; logical_down=none
[paster][13:11:31.660] ⌨️ TEXT input done: ok=True，keys_after_send=async_down=none; logical_down=none
[paster][13:11:31.661] ⏱️ 收到→直接輸入完成: 0.09s
[paster][13:11:31.761] ⌨️ TEXT input verify: ok=True，reason=changed
[tap][dim]   [13:12:25.546] 持續=63ms 峰值=585 ✗弱
[tap]        [13:16:10.863] 💤 敲麥監聽已停止
[recorder][13:16:10] 💤 預熱 stream 已關閉
