[main] LOG -> F:\Cursor\AI Whisper Next\logs\ai_whisper_20260519_002003.current.log
[settings] config loaded from F:\Cursor\AI Whisper Next\config.json
[main][00:20:03.651] ✅ 快捷鍵 ctrl+f11（句號）、ctrl+f12（逗號）已註冊
[main][00:20:03.652] ✅ 主快捷鍵 2/2 已註冊 (Win32)
[main][00:20:03.652] ✅ 記憶快捷鍵 5/5 已註冊 (Win32)
[tap]        [00:20:03.666] 🎙️ 敲麥監聽已啟動
[recorder][VAD] 載入 Silero VAD 模型...
[transcriber][00:20:05.618] 🔌 HTTP 連線預熱完成 (1.95s)
Using cache found in C:\Users\Administrator/.cache\torch\hub\snakers4_silero-vad_master
[recorder][VAD] Silero VAD 模型載入完成
[main][00:20:10.126] ⌨️ 主快捷鍵觸發（Win32/逗號），keys=async_down=Ctrl,RCtrl; logical_down=Ctrl,RCtrl
[main][00:20:10.127] ⌨️ after(0) 執行延遲 1.0ms
[tap]        [00:20:10.190] 💤 敲麥監聽已停止
[recorder][00:20:10] ⏱️ InputStream() 27.4ms
[recorder][00:20:10] ⏱️ stream.start() 0.5ms
[recorder][00:20:10] 🎙️ 錄音就緒，總初始化 27.9ms
[main][00:20:10.219] ⏱️ recorder.start() 耗時 28.2ms，ok=True
[tap]        [00:20:10.784] 🎙️ 敲麥監聽已啟動
[main][00:20:10.791] 🎙️ 開始錄音
[overlay][HIT] buttons=True local=(533,272) drag=PySide6.QtCore.QRect(222, 38, 22, 22) reset=PySide6.QtCore.QRect(222, 12, 22, 22)
[recorder][00:20:10] 🎤 第一包音訊到達，麥克風實際開啟延遲 761.0ms
[overlay][HIT] buttons=True local=(531,272) drag=PySide6.QtCore.QRect(222, 38, 22, 22) reset=PySide6.QtCore.QRect(222, 12, 22, 22)
[overlay][HIT] buttons=True local=(530,272) drag=PySide6.QtCore.QRect(222, 38, 22, 22) reset=PySide6.QtCore.QRect(222, 12, 22, 22)
[overlay][HIT] buttons=True local=(528,272) drag=PySide6.QtCore.QRect(222, 38, 22, 22) reset=PySide6.QtCore.QRect(222, 12, 22, 22)
[overlay][HIT] buttons=True local=(527,272) drag=PySide6.QtCore.QRect(222, 38, 22, 22) reset=PySide6.QtCore.QRect(222, 12, 22, 22)
[overlay][HIT] buttons=True local=(526,272) drag=PySide6.QtCore.QRect(222, 38, 22, 22) reset=PySide6.QtCore.QRect(222, 12, 22, 22)
[overlay][HIT] buttons=True local=(524,272) drag=PySide6.QtCore.QRect(222, 38, 22, 22) reset=PySide6.QtCore.QRect(222, 12, 22, 22)
[overlay][HIT] buttons=True local=(523,272) drag=PySide6.QtCore.QRect(222, 38, 22, 22) reset=PySide6.QtCore.QRect(222, 12, 22, 22)
[overlay][HIT] buttons=True local=(521,272) drag=PySide6.QtCore.QRect(222, 38, 22, 22) reset=PySide6.QtCore.QRect(222, 12, 22, 22)
[overlay][HIT] buttons=True local=(520,272) drag=PySide6.QtCore.QRect(222, 38, 22, 22) reset=PySide6.QtCore.QRect(222, 12, 22, 22)
[overlay][HIT] buttons=True local=(519,272) drag=PySide6.QtCore.QRect(222, 38, 22, 22) reset=PySide6.QtCore.QRect(222, 12, 22, 22)
[overlay][HIT] buttons=True local=(517,272) drag=PySide6.QtCore.QRect(222, 38, 22, 22) reset=PySide6.QtCore.QRect(222, 12, 22, 22)
[overlay][HIT] buttons=True local=(515,273) drag=PySide6.QtCore.QRect(222, 38, 22, 22) reset=PySide6.QtCore.QRect(222, 12, 22, 22)
[overlay][HIT] buttons=True local=(514,273) drag=PySide6.QtCore.QRect(222, 38, 22, 22) reset=PySide6.QtCore.QRect(222, 12, 22, 22)
[overlay][HIT] buttons=True local=(512,273) drag=PySide6.QtCore.QRect(222, 38, 22, 22) reset=PySide6.QtCore.QRect(222, 12, 22, 22)
[overlay][HIT] buttons=True local=(512,275) drag=PySide6.QtCore.QRect(222, 38, 22, 22) reset=PySide6.QtCore.QRect(222, 12, 22, 22)
[overlay][HIT] buttons=True local=(512,276) drag=PySide6.QtCore.QRect(222, 38, 22, 22) reset=PySide6.QtCore.QRect(222, 12, 22, 22)
[overlay][HIT] buttons=True local=(512,277) drag=PySide6.QtCore.QRect(222, 38, 22, 22) reset=PySide6.QtCore.QRect(222, 12, 22, 22)
[overlay][HIT] buttons=True local=(511,279) drag=PySide6.QtCore.QRect(222, 38, 22, 22) reset=PySide6.QtCore.QRect(222, 12, 22, 22)
[overlay][HIT] buttons=True local=(511,280) drag=PySide6.QtCore.QRect(222, 38, 22, 22) reset=PySide6.QtCore.QRect(222, 12, 22, 22)
[overlay][HIT] buttons=True local=(511,282) drag=PySide6.QtCore.QRect(222, 38, 22, 22) reset=PySide6.QtCore.QRect(222, 12, 22, 22)
[overlay][HIT] buttons=True local=(511,283) drag=PySide6.QtCore.QRect(222, 38, 22, 22) reset=PySide6.QtCore.QRect(222, 12, 22, 22)
[overlay][HIT] buttons=True local=(511,284) drag=PySide6.QtCore.QRect(222, 38, 22, 22) reset=PySide6.QtCore.QRect(222, 12, 22, 22)
[overlay][HIT] buttons=True local=(511,286) drag=PySide6.QtCore.QRect(222, 38, 22, 22) reset=PySide6.QtCore.QRect(222, 12, 22, 22)
[overlay][HIT] buttons=True local=(511,287) drag=PySide6.QtCore.QRect(222, 38, 22, 22) reset=PySide6.QtCore.QRect(222, 12, 22, 22)
[overlay][HIT] buttons=True local=(511,289) drag=PySide6.QtCore.QRect(222, 38, 22, 22) reset=PySide6.QtCore.QRect(222, 12, 22, 22)
[overlay][HIT] buttons=True local=(511,290) drag=PySide6.QtCore.QRect(222, 38, 22, 22) reset=PySide6.QtCore.QRect(222, 12, 22, 22)
[overlay][HIT] buttons=True local=(510,290) drag=PySide6.QtCore.QRect(222, 38, 22, 22) reset=PySide6.QtCore.QRect(222, 12, 22, 22)
[overlay][HIT] buttons=True local=(510,292) drag=PySide6.QtCore.QRect(222, 38, 22, 22) reset=PySide6.QtCore.QRect(222, 12, 22, 22)
[overlay][HIT] buttons=True local=(510,292) drag=PySide6.QtCore.QRect(222, 38, 22, 22) reset=PySide6.QtCore.QRect(222, 12, 22, 22)
[overlay][HIT] buttons=True local=(510,292) drag=PySide6.QtCore.QRect(222, 38, 22, 22) reset=PySide6.QtCore.QRect(222, 12, 22, 22)
[overlay][HIT] buttons=True local=(512,289) drag=PySide6.QtCore.QRect(222, 38, 22, 22) reset=PySide6.QtCore.QRect(222, 12, 22, 22)
[overlay][HIT] buttons=True local=(514,287) drag=PySide6.QtCore.QRect(222, 38, 22, 22) reset=PySide6.QtCore.QRect(222, 12, 22, 22)
[overlay][HIT] buttons=True local=(518,285) drag=PySide6.QtCore.QRect(222, 38, 22, 22) reset=PySide6.QtCore.QRect(222, 12, 22, 22)
[overlay][HIT] buttons=True local=(520,283) drag=PySide6.QtCore.QRect(222, 38, 22, 22) reset=PySide6.QtCore.QRect(222, 12, 22, 22)
[overlay][HIT] buttons=True local=(522,280) drag=PySide6.QtCore.QRect(222, 38, 22, 22) reset=PySide6.QtCore.QRect(222, 12, 22, 22)
[overlay][HIT] buttons=True local=(524,279) drag=PySide6.QtCore.QRect(222, 38, 22, 22) reset=PySide6.QtCore.QRect(222, 12, 22, 22)
[overlay][HIT] buttons=True local=(526,277) drag=PySide6.QtCore.QRect(222, 38, 22, 22) reset=PySide6.QtCore.QRect(222, 12, 22, 22)
[overlay][HIT] buttons=True local=(528,275) drag=PySide6.QtCore.QRect(222, 38, 22, 22) reset=PySide6.QtCore.QRect(222, 12, 22, 22)
[overlay][HIT] buttons=True local=(529,274) drag=PySide6.QtCore.QRect(222, 38, 22, 22) reset=PySide6.QtCore.QRect(222, 12, 22, 22)
[overlay][HIT] buttons=True local=(530,273) drag=PySide6.QtCore.QRect(222, 38, 22, 22) reset=PySide6.QtCore.QRect(222, 12, 22, 22)
[overlay][HIT] buttons=True local=(532,271) drag=PySide6.QtCore.QRect(222, 38, 22, 22) reset=PySide6.QtCore.QRect(222, 12, 22, 22)
[overlay][HIT] buttons=True local=(534,269) drag=PySide6.QtCore.QRect(222, 38, 22, 22) reset=PySide6.QtCore.QRect(222, 12, 22, 22)
[overlay][HIT] buttons=True local=(535,267) drag=PySide6.QtCore.QRect(222, 38, 22, 22) reset=PySide6.QtCore.QRect(222, 12, 22, 22)
[overlay][HIT] buttons=True local=(536,267) drag=PySide6.QtCore.QRect(222, 38, 22, 22) reset=PySide6.QtCore.QRect(222, 12, 22, 22)
[recorder][VAD] Silero 語音幀 0/32 (0.0%)，有效語音 0.00s，信心閾值 0.6，最低比例 16%，最低語音 0.35s
[recorder][flush] ❌ VAD 未達有效語音門檻，略過（語音比例不足 0.0% < 16%）
[overlay][HIT] buttons=False local=(537,264) drag=PySide6.QtCore.QRect(222, 38, 22, 22) reset=PySide6.QtCore.QRect(222, 12, 22, 22)
[overlay][HIT] buttons=False local=(536,264) drag=PySide6.QtCore.QRect(222, 38, 22, 22) reset=PySide6.QtCore.QRect(222, 12, 22, 22)
[overlay][HIT] buttons=False local=(536,266) drag=PySide6.QtCore.QRect(222, 38, 22, 22) reset=PySide6.QtCore.QRect(222, 12, 22, 22)
[overlay][HIT] buttons=False local=(535,266) drag=PySide6.QtCore.QRect(222, 38, 22, 22) reset=PySide6.QtCore.QRect(222, 12, 22, 22)
[overlay][HIT] buttons=False local=(533,267) drag=PySide6.QtCore.QRect(222, 38, 22, 22) reset=PySide6.QtCore.QRect(222, 12, 22, 22)
[overlay][HIT] buttons=False local=(531,267) drag=PySide6.QtCore.QRect(222, 38, 22, 22) reset=PySide6.QtCore.QRect(222, 12, 22, 22)
[overlay][HIT] buttons=False local=(531,268) drag=PySide6.QtCore.QRect(222, 38, 22, 22) reset=PySide6.QtCore.QRect(222, 12, 22, 22)
[overlay][HIT] buttons=False local=(530,268) drag=PySide6.QtCore.QRect(222, 38, 22, 22) reset=PySide6.QtCore.QRect(222, 12, 22, 22)
[overlay][HIT] buttons=True local=(529,268) drag=PySide6.QtCore.QRect(222, 38, 22, 22) reset=PySide6.QtCore.QRect(222, 12, 22, 22)
[overlay][HIT] buttons=True local=(529,270) drag=PySide6.QtCore.QRect(222, 38, 22, 22) reset=PySide6.QtCore.QRect(222, 12, 22, 22)
[overlay][HIT] buttons=True local=(527,270) drag=PySide6.QtCore.QRect(222, 38, 22, 22) reset=PySide6.QtCore.QRect(222, 12, 22, 22)
[overlay][HIT] buttons=True local=(527,271) drag=PySide6.QtCore.QRect(222, 38, 22, 22) reset=PySide6.QtCore.QRect(222, 12, 22, 22)
[overlay][HIT] buttons=True local=(526,271) drag=PySide6.QtCore.QRect(222, 38, 22, 22) reset=PySide6.QtCore.QRect(222, 12, 22, 22)
[overlay][HIT] buttons=True local=(526,273) drag=PySide6.QtCore.QRect(222, 38, 22, 22) reset=PySide6.QtCore.QRect(222, 12, 22, 22)
[overlay][HIT] buttons=True local=(524,273) drag=PySide6.QtCore.QRect(222, 38, 22, 22) reset=PySide6.QtCore.QRect(222, 12, 22, 22)
[overlay][HIT] buttons=True local=(524,274) drag=PySide6.QtCore.QRect(222, 38, 22, 22) reset=PySide6.QtCore.QRect(222, 12, 22, 22)
[overlay][HIT] buttons=True local=(523,274) drag=PySide6.QtCore.QRect(222, 38, 22, 22) reset=PySide6.QtCore.QRect(222, 12, 22, 22)
[overlay][HIT] buttons=True local=(523,275) drag=PySide6.QtCore.QRect(222, 38, 22, 22) reset=PySide6.QtCore.QRect(222, 12, 22, 22)
[overlay][HIT] buttons=True local=(522,275) drag=PySide6.QtCore.QRect(222, 38, 22, 22) reset=PySide6.QtCore.QRect(222, 12, 22, 22)
[overlay][HIT] buttons=True local=(522,277) drag=PySide6.QtCore.QRect(222, 38, 22, 22) reset=PySide6.QtCore.QRect(222, 12, 22, 22)
[overlay][HIT] buttons=True local=(520,277) drag=PySide6.QtCore.QRect(222, 38, 22, 22) reset=PySide6.QtCore.QRect(222, 12, 22, 22)
[overlay][HIT] buttons=True local=(520,278) drag=PySide6.QtCore.QRect(222, 38, 22, 22) reset=PySide6.QtCore.QRect(222, 12, 22, 22)
[overlay][HIT] buttons=True local=(519,278) drag=PySide6.QtCore.QRect(222, 38, 22, 22) reset=PySide6.QtCore.QRect(222, 12, 22, 22)
[overlay][HIT] buttons=True local=(519,280) drag=PySide6.QtCore.QRect(222, 38, 22, 22) reset=PySide6.QtCore.QRect(222, 12, 22, 22)
[overlay][HIT] buttons=True local=(517,280) drag=PySide6.QtCore.QRect(222, 38, 22, 22) reset=PySide6.QtCore.QRect(222, 12, 22, 22)
[overlay][HIT] buttons=True local=(516,280) drag=PySide6.QtCore.QRect(222, 38, 22, 22) reset=PySide6.QtCore.QRect(222, 12, 22, 22)
[overlay][HIT] buttons=True local=(516,281) drag=PySide6.QtCore.QRect(222, 38, 22, 22) reset=PySide6.QtCore.QRect(222, 12, 22, 22)
[overlay][HIT] buttons=True local=(516,281) drag=PySide6.QtCore.QRect(222, 38, 22, 22) reset=PySide6.QtCore.QRect(222, 12, 22, 22)
[overlay][HIT] buttons=True local=(516,282) drag=PySide6.QtCore.QRect(222, 38, 22, 22) reset=PySide6.QtCore.QRect(222, 12, 22, 22)
[overlay][HIT] buttons=True local=(514,284) drag=PySide6.QtCore.QRect(222, 38, 22, 22) reset=PySide6.QtCore.QRect(222, 12, 22, 22)
[overlay][HIT] buttons=True local=(513,286) drag=PySide6.QtCore.QRect(222, 38, 22, 22) reset=PySide6.QtCore.QRect(222, 12, 22, 22)
[overlay][HIT] buttons=True local=(511,290) drag=PySide6.QtCore.QRect(222, 38, 22, 22) reset=PySide6.QtCore.QRect(222, 12, 22, 22)
[overlay][HIT] buttons=True local=(509,290) drag=PySide6.QtCore.QRect(222, 38, 22, 22) reset=PySide6.QtCore.QRect(222, 12, 22, 22)
[overlay][HIT] buttons=True local=(505,295) drag=PySide6.QtCore.QRect(222, 38, 22, 22) reset=PySide6.QtCore.QRect(222, 12, 22, 22)
[overlay][HIT] buttons=True local=(504,296) drag=PySide6.QtCore.QRect(222, 38, 22, 22) reset=PySide6.QtCore.QRect(222, 12, 22, 22)
[overlay][HIT] buttons=True local=(500,302) drag=PySide6.QtCore.QRect(222, 38, 22, 22) reset=PySide6.QtCore.QRect(222, 12, 22, 22)
[overlay][HIT] buttons=True local=(498,304) drag=PySide6.QtCore.QRect(222, 38, 22, 22) reset=PySide6.QtCore.QRect(222, 12, 22, 22)
[overlay][HIT] buttons=True local=(495,308) drag=PySide6.QtCore.QRect(222, 38, 22, 22) reset=PySide6.QtCore.QRect(222, 12, 22, 22)
[overlay][HIT] buttons=True local=(491,311) drag=PySide6.QtCore.QRect(222, 38, 22, 22) reset=PySide6.QtCore.QRect(222, 12, 22, 22)
[overlay][HIT] buttons=True local=(486,319) drag=PySide6.QtCore.QRect(222, 38, 22, 22) reset=PySide6.QtCore.QRect(222, 12, 22, 22)
[overlay][HIT] buttons=False local=(490,317) drag=PySide6.QtCore.QRect(222, 38, 22, 22) reset=PySide6.QtCore.QRect(222, 12, 22, 22)
[overlay][HIT] buttons=False local=(490,317) drag=PySide6.QtCore.QRect(222, 38, 22, 22) reset=PySide6.QtCore.QRect(222, 12, 22, 22)
[overlay][HIT] buttons=False local=(492,315) drag=PySide6.QtCore.QRect(222, 38, 22, 22) reset=PySide6.QtCore.QRect(222, 12, 22, 22)
[overlay][HIT] buttons=True local=(492,315) drag=PySide6.QtCore.QRect(222, 38, 22, 22) reset=PySide6.QtCore.QRect(222, 12, 22, 22)
[overlay][HIT] buttons=True local=(493,314) drag=PySide6.QtCore.QRect(222, 38, 22, 22) reset=PySide6.QtCore.QRect(222, 12, 22, 22)
[overlay][HIT] buttons=True local=(497,312) drag=PySide6.QtCore.QRect(222, 38, 22, 22) reset=PySide6.QtCore.QRect(222, 12, 22, 22)
[overlay][HIT] buttons=True local=(497,311) drag=PySide6.QtCore.QRect(222, 38, 22, 22) reset=PySide6.QtCore.QRect(222, 12, 22, 22)
[overlay][HIT] buttons=True local=(499,311) drag=PySide6.QtCore.QRect(222, 38, 22, 22) reset=PySide6.QtCore.QRect(222, 12, 22, 22)
[overlay][HIT] buttons=True local=(500,309) drag=PySide6.QtCore.QRect(222, 38, 22, 22) reset=PySide6.QtCore.QRect(222, 12, 22, 22)
[overlay][HIT] buttons=True local=(501,308) drag=PySide6.QtCore.QRect(222, 38, 22, 22) reset=PySide6.QtCore.QRect(222, 12, 22, 22)
[overlay][HIT] buttons=True local=(503,306) drag=PySide6.QtCore.QRect(222, 38, 22, 22) reset=PySide6.QtCore.QRect(222, 12, 22, 22)
[overlay][HIT] buttons=True local=(505,306) drag=PySide6.QtCore.QRect(222, 38, 22, 22) reset=PySide6.QtCore.QRect(222, 12, 22, 22)
[overlay][HIT] buttons=True local=(505,304) drag=PySide6.QtCore.QRect(222, 38, 22, 22) reset=PySide6.QtCore.QRect(222, 12, 22, 22)
[overlay][HIT] buttons=True local=(506,303) drag=PySide6.QtCore.QRect(222, 38, 22, 22) reset=PySide6.QtCore.QRect(222, 12, 22, 22)
[overlay][HIT] buttons=True local=(508,302) drag=PySide6.QtCore.QRect(222, 38, 22, 22) reset=PySide6.QtCore.QRect(222, 12, 22, 22)
[overlay][HIT] buttons=True local=(509,300) drag=PySide6.QtCore.QRect(222, 38, 22, 22) reset=PySide6.QtCore.QRect(222, 12, 22, 22)
[overlay][HIT] buttons=True local=(509,298) drag=PySide6.QtCore.QRect(222, 38, 22, 22) reset=PySide6.QtCore.QRect(222, 12, 22, 22)
[overlay][HIT] buttons=True local=(511,298) drag=PySide6.QtCore.QRect(222, 38, 22, 22) reset=PySide6.QtCore.QRect(222, 12, 22, 22)
[overlay][HIT] buttons=True local=(511,297) drag=PySide6.QtCore.QRect(222, 38, 22, 22) reset=PySide6.QtCore.QRect(222, 12, 22, 22)
[recorder][VAD] Silero 語音幀 0/37 (0.0%)，有效語音 0.00s，信心閾值 0.6，最低比例 16%，最低語音 0.35s
[recorder][flush] ❌ VAD 未達有效語音門檻，略過（語音比例不足 0.0% < 16%）
[overlay][HIT] buttons=True local=(511,296) drag=PySide6.QtCore.QRect(222, 38, 22, 22) reset=PySide6.QtCore.QRect(222, 12, 22, 22)
[overlay][HIT] buttons=True local=(512,296) drag=PySide6.QtCore.QRect(222, 38, 22, 22) reset=PySide6.QtCore.QRect(222, 12, 22, 22)
[overlay][HIT] buttons=True local=(512,292) drag=PySide6.QtCore.QRect(222, 38, 22, 22) reset=PySide6.QtCore.QRect(222, 12, 22, 22)
[overlay][HIT] buttons=True local=(514,288) drag=PySide6.QtCore.QRect(222, 38, 22, 22) reset=PySide6.QtCore.QRect(222, 12, 22, 22)
[overlay][HIT] buttons=True local=(514,287) drag=PySide6.QtCore.QRect(222, 38, 22, 22) reset=PySide6.QtCore.QRect(222, 12, 22, 22)
[overlay][HIT] buttons=True local=(514,286) drag=PySide6.QtCore.QRect(222, 38, 22, 22) reset=PySide6.QtCore.QRect(222, 12, 22, 22)
[overlay][HIT] buttons=True local=(514,286) drag=PySide6.QtCore.QRect(222, 38, 22, 22) reset=PySide6.QtCore.QRect(222, 12, 22, 22)
[overlay][HIT] buttons=True local=(516,286) drag=PySide6.QtCore.QRect(222, 38, 22, 22) reset=PySide6.QtCore.QRect(222, 12, 22, 22)
[overlay][HIT] buttons=True local=(516,284) drag=PySide6.QtCore.QRect(222, 38, 22, 22) reset=PySide6.QtCore.QRect(222, 12, 22, 22)
[overlay][HIT] buttons=True local=(516,283) drag=PySide6.QtCore.QRect(222, 38, 22, 22) reset=PySide6.QtCore.QRect(222, 12, 22, 22)
[overlay][HIT] buttons=True local=(518,279) drag=PySide6.QtCore.QRect(222, 38, 22, 22) reset=PySide6.QtCore.QRect(222, 12, 22, 22)
[overlay][HIT] buttons=True local=(519,276) drag=PySide6.QtCore.QRect(222, 38, 22, 22) reset=PySide6.QtCore.QRect(222, 12, 22, 22)
[overlay][HIT] buttons=True local=(521,272) drag=PySide6.QtCore.QRect(222, 38, 22, 22) reset=PySide6.QtCore.QRect(222, 12, 22, 22)
[overlay][HIT] buttons=True local=(522,269) drag=PySide6.QtCore.QRect(222, 38, 22, 22) reset=PySide6.QtCore.QRect(222, 12, 22, 22)
[overlay][HIT] buttons=True local=(525,263) drag=PySide6.QtCore.QRect(222, 38, 22, 22) reset=PySide6.QtCore.QRect(222, 12, 22, 22)
[overlay][HIT] buttons=True local=(526,260) drag=PySide6.QtCore.QRect(222, 38, 22, 22) reset=PySide6.QtCore.QRect(222, 12, 22, 22)
[overlay][HIT] buttons=True local=(530,256) drag=PySide6.QtCore.QRect(222, 38, 22, 22) reset=PySide6.QtCore.QRect(222, 12, 22, 22)
[overlay][HIT] buttons=True local=(532,251) drag=PySide6.QtCore.QRect(222, 38, 22, 22) reset=PySide6.QtCore.QRect(222, 12, 22, 22)
[overlay][HIT] buttons=True local=(535,247) drag=PySide6.QtCore.QRect(222, 38, 22, 22) reset=PySide6.QtCore.QRect(222, 12, 22, 22)
[overlay][HIT] buttons=True local=(535,246) drag=PySide6.QtCore.QRect(222, 38, 22, 22) reset=PySide6.QtCore.QRect(222, 12, 22, 22)
[overlay][HIT] buttons=False local=(534,241) drag=PySide6.QtCore.QRect(222, 38, 22, 22) reset=PySide6.QtCore.QRect(222, 12, 22, 22)
[overlay][HIT] buttons=False local=(530,243) drag=PySide6.QtCore.QRect(222, 38, 22, 22) reset=PySide6.QtCore.QRect(222, 12, 22, 22)
[overlay][HIT] buttons=True local=(528,245) drag=PySide6.QtCore.QRect(222, 38, 22, 22) reset=PySide6.QtCore.QRect(222, 12, 22, 22)
[overlay][HIT] buttons=True local=(524,247) drag=PySide6.QtCore.QRect(222, 38, 22, 22) reset=PySide6.QtCore.QRect(222, 12, 22, 22)
[overlay][HIT] buttons=True local=(522,249) drag=PySide6.QtCore.QRect(222, 38, 22, 22) reset=PySide6.QtCore.QRect(222, 12, 22, 22)
[overlay][HIT] buttons=True local=(519,249) drag=PySide6.QtCore.QRect(222, 38, 22, 22) reset=PySide6.QtCore.QRect(222, 12, 22, 22)
[overlay][HIT] buttons=True local=(517,251) drag=PySide6.QtCore.QRect(222, 38, 22, 22) reset=PySide6.QtCore.QRect(222, 12, 22, 22)
[overlay][HIT] buttons=True local=(516,252) drag=PySide6.QtCore.QRect(222, 38, 22, 22) reset=PySide6.QtCore.QRect(222, 12, 22, 22)
[overlay][HIT] buttons=True local=(514,252) drag=PySide6.QtCore.QRect(222, 38, 22, 22) reset=PySide6.QtCore.QRect(222, 12, 22, 22)
[overlay][HIT] buttons=True local=(512,253) drag=PySide6.QtCore.QRect(222, 38, 22, 22) reset=PySide6.QtCore.QRect(222, 12, 22, 22)
[overlay][HIT] buttons=True local=(511,253) drag=PySide6.QtCore.QRect(222, 38, 22, 22) reset=PySide6.QtCore.QRect(222, 12, 22, 22)
[overlay][HIT] buttons=True local=(510,253) drag=PySide6.QtCore.QRect(222, 38, 22, 22) reset=PySide6.QtCore.QRect(222, 12, 22, 22)
[overlay][HIT] buttons=True local=(510,255) drag=PySide6.QtCore.QRect(222, 38, 22, 22) reset=PySide6.QtCore.QRect(222, 12, 22, 22)
[overlay][HIT] buttons=True local=(508,255) drag=PySide6.QtCore.QRect(222, 38, 22, 22) reset=PySide6.QtCore.QRect(222, 12, 22, 22)
[overlay][HIT] buttons=True local=(507,257) drag=PySide6.QtCore.QRect(222, 38, 22, 22) reset=PySide6.QtCore.QRect(222, 12, 22, 22)
[overlay][HIT] buttons=True local=(505,258) drag=PySide6.QtCore.QRect(222, 38, 22, 22) reset=PySide6.QtCore.QRect(222, 12, 22, 22)
[overlay][HIT] buttons=True local=(505,258) drag=PySide6.QtCore.QRect(222, 38, 22, 22) reset=PySide6.QtCore.QRect(222, 12, 22, 22)
[overlay][HIT] buttons=True local=(508,257) drag=PySide6.QtCore.QRect(222, 38, 22, 22) reset=PySide6.QtCore.QRect(222, 12, 22, 22)
[overlay][HIT] buttons=True local=(510,256) drag=PySide6.QtCore.QRect(222, 38, 22, 22) reset=PySide6.QtCore.QRect(222, 12, 22, 22)
[overlay][HIT] buttons=True local=(512,254) drag=PySide6.QtCore.QRect(222, 38, 22, 22) reset=PySide6.QtCore.QRect(222, 12, 22, 22)
[overlay][HIT] buttons=True local=(516,252) drag=PySide6.QtCore.QRect(222, 38, 22, 22) reset=PySide6.QtCore.QRect(222, 12, 22, 22)
[overlay][HIT] buttons=True local=(522,251) drag=PySide6.QtCore.QRect(222, 38, 22, 22) reset=PySide6.QtCore.QRect(222, 12, 22, 22)
[overlay][HIT] buttons=True local=(524,249) drag=PySide6.QtCore.QRect(222, 38, 22, 22) reset=PySide6.QtCore.QRect(222, 12, 22, 22)
[overlay][HIT] buttons=True local=(525,247) drag=PySide6.QtCore.QRect(222, 38, 22, 22) reset=PySide6.QtCore.QRect(222, 12, 22, 22)
[overlay][HIT] buttons=True local=(529,245) drag=PySide6.QtCore.QRect(222, 38, 22, 22) reset=PySide6.QtCore.QRect(222, 12, 22, 22)
[overlay][HIT] buttons=True local=(530,243) drag=PySide6.QtCore.QRect(222, 38, 22, 22) reset=PySide6.QtCore.QRect(222, 12, 22, 22)
[overlay][HIT] buttons=True local=(532,243) drag=PySide6.QtCore.QRect(222, 38, 22, 22) reset=PySide6.QtCore.QRect(222, 12, 22, 22)
[overlay][HIT] buttons=True local=(534,242) drag=PySide6.QtCore.QRect(222, 38, 22, 22) reset=PySide6.QtCore.QRect(222, 12, 22, 22)
[overlay][HIT] buttons=True local=(535,241) drag=PySide6.QtCore.QRect(222, 38, 22, 22) reset=PySide6.QtCore.QRect(222, 12, 22, 22)
[overlay][HIT] buttons=True local=(535,241) drag=PySide6.QtCore.QRect(222, 38, 22, 22) reset=PySide6.QtCore.QRect(222, 12, 22, 22)
[overlay][HIT] buttons=True local=(533,242) drag=PySide6.QtCore.QRect(222, 38, 22, 22) reset=PySide6.QtCore.QRect(222, 12, 22, 22)
[overlay][HIT] buttons=True local=(533,244) drag=PySide6.QtCore.QRect(222, 38, 22, 22) reset=PySide6.QtCore.QRect(222, 12, 22, 22)
[overlay][HIT] buttons=True local=(531,244) drag=PySide6.QtCore.QRect(222, 38, 22, 22) reset=PySide6.QtCore.QRect(222, 12, 22, 22)
[overlay][HIT] buttons=True local=(531,246) drag=PySide6.QtCore.QRect(222, 38, 22, 22) reset=PySide6.QtCore.QRect(222, 12, 22, 22)
[overlay][HIT] buttons=True local=(529,247) drag=PySide6.QtCore.QRect(222, 38, 22, 22) reset=PySide6.QtCore.QRect(222, 12, 22, 22)
[overlay][HIT] buttons=True local=(527,249) drag=PySide6.QtCore.QRect(222, 38, 22, 22) reset=PySide6.QtCore.QRect(222, 12, 22, 22)
[overlay][HIT] buttons=True local=(525,250) drag=PySide6.QtCore.QRect(222, 38, 22, 22) reset=PySide6.QtCore.QRect(222, 12, 22, 22)
[overlay][HIT] buttons=True local=(524,250) drag=PySide6.QtCore.QRect(222, 38, 22, 22) reset=PySide6.QtCore.QRect(222, 12, 22, 22)
[overlay][HIT] buttons=True local=(523,252) drag=PySide6.QtCore.QRect(222, 38, 22, 22) reset=PySide6.QtCore.QRect(222, 12, 22, 22)
[overlay][HIT] buttons=True local=(523,253) drag=PySide6.QtCore.QRect(222, 38, 22, 22) reset=PySide6.QtCore.QRect(222, 12, 22, 22)
[overlay][HIT] buttons=True local=(521,253) drag=PySide6.QtCore.QRect(222, 38, 22, 22) reset=PySide6.QtCore.QRect(222, 12, 22, 22)
[overlay][HIT] buttons=True local=(520,255) drag=PySide6.QtCore.QRect(222, 38, 22, 22) reset=PySide6.QtCore.QRect(222, 12, 22, 22)
[overlay][HIT] buttons=True local=(518,257) drag=PySide6.QtCore.QRect(222, 38, 22, 22) reset=PySide6.QtCore.QRect(222, 12, 22, 22)
[overlay][HIT] buttons=True local=(516,257) drag=PySide6.QtCore.QRect(222, 38, 22, 22) reset=PySide6.QtCore.QRect(222, 12, 22, 22)
[overlay][HIT] buttons=True local=(516,258) drag=PySide6.QtCore.QRect(222, 38, 22, 22) reset=PySide6.QtCore.QRect(222, 12, 22, 22)
[overlay][HIT] buttons=True local=(516,258) drag=PySide6.QtCore.QRect(222, 38, 22, 22) reset=PySide6.QtCore.QRect(222, 12, 22, 22)
[recorder][VAD] Silero 語音幀 0/38 (0.0%)，有效語音 0.00s，信心閾值 0.6，最低比例 16%，最低語音 0.35s
[recorder][flush] ❌ VAD 未達有效語音門檻，略過（語音比例不足 0.0% < 16%）
[overlay][HIT] buttons=True local=(515,258) drag=PySide6.QtCore.QRect(222, 38, 22, 22) reset=PySide6.QtCore.QRect(222, 12, 22, 22)
[overlay][HIT] buttons=True local=(515,258) drag=PySide6.QtCore.QRect(222, 38, 22, 22) reset=PySide6.QtCore.QRect(222, 12, 22, 22)
[overlay][HIT] buttons=True local=(515,259) drag=PySide6.QtCore.QRect(222, 38, 22, 22) reset=PySide6.QtCore.QRect(222, 12, 22, 22)
[overlay][HIT] buttons=True local=(515,259) drag=PySide6.QtCore.QRect(222, 38, 22, 22) reset=PySide6.QtCore.QRect(222, 12, 22, 22)
[overlay][HIT] buttons=True local=(515,259) drag=PySide6.QtCore.QRect(222, 38, 22, 22) reset=PySide6.QtCore.QRect(222, 12, 22, 22)
[overlay][HIT] buttons=True local=(514,263) drag=PySide6.QtCore.QRect(222, 38, 22, 22) reset=PySide6.QtCore.QRect(222, 12, 22, 22)
[overlay][HIT] buttons=True local=(512,266) drag=PySide6.QtCore.QRect(222, 38, 22, 22) reset=PySide6.QtCore.QRect(222, 12, 22, 22)
[overlay][HIT] buttons=True local=(510,270) drag=PySide6.QtCore.QRect(222, 38, 22, 22) reset=PySide6.QtCore.QRect(222, 12, 22, 22)
[overlay][HIT] buttons=True local=(510,274) drag=PySide6.QtCore.QRect(222, 38, 22, 22) reset=PySide6.QtCore.QRect(222, 12, 22, 22)
[overlay][HIT] buttons=True local=(508,274) drag=PySide6.QtCore.QRect(222, 38, 22, 22) reset=PySide6.QtCore.QRect(222, 12, 22, 22)
[overlay][HIT] buttons=True local=(506,276) drag=PySide6.QtCore.QRect(222, 38, 22, 22) reset=PySide6.QtCore.QRect(222, 12, 22, 22)
[overlay][HIT] buttons=True local=(505,278) drag=PySide6.QtCore.QRect(222, 38, 22, 22) reset=PySide6.QtCore.QRect(222, 12, 22, 22)
[overlay][HIT] buttons=True local=(505,279) drag=PySide6.QtCore.QRect(222, 38, 22, 22) reset=PySide6.QtCore.QRect(222, 12, 22, 22)
[overlay][HIT] buttons=True local=(504,279) drag=PySide6.QtCore.QRect(222, 38, 22, 22) reset=PySide6.QtCore.QRect(222, 12, 22, 22)
[overlay][HIT] buttons=True local=(502,281) drag=PySide6.QtCore.QRect(222, 38, 22, 22) reset=PySide6.QtCore.QRect(222, 12, 22, 22)
[overlay][HIT] buttons=True local=(502,282) drag=PySide6.QtCore.QRect(222, 38, 22, 22) reset=PySide6.QtCore.QRect(222, 12, 22, 22)
[overlay][HIT] buttons=True local=(501,282) drag=PySide6.QtCore.QRect(222, 38, 22, 22) reset=PySide6.QtCore.QRect(222, 12, 22, 22)
[overlay][HIT] buttons=True local=(499,284) drag=PySide6.QtCore.QRect(222, 38, 22, 22) reset=PySide6.QtCore.QRect(222, 12, 22, 22)
[overlay][HIT] buttons=True local=(498,285) drag=PySide6.QtCore.QRect(222, 38, 22, 22) reset=PySide6.QtCore.QRect(222, 12, 22, 22)
[overlay][HIT] buttons=True local=(496,287) drag=PySide6.QtCore.QRect(222, 38, 22, 22) reset=PySide6.QtCore.QRect(222, 12, 22, 22)
[overlay][HIT] buttons=True local=(495,287) drag=PySide6.QtCore.QRect(222, 38, 22, 22) reset=PySide6.QtCore.QRect(222, 12, 22, 22)
[overlay][HIT] buttons=True local=(495,289) drag=PySide6.QtCore.QRect(222, 38, 22, 22) reset=PySide6.QtCore.QRect(222, 12, 22, 22)
[overlay][HIT] buttons=True local=(493,289) drag=PySide6.QtCore.QRect(222, 38, 22, 22) reset=PySide6.QtCore.QRect(222, 12, 22, 22)
[overlay][HIT] buttons=True local=(493,289) drag=PySide6.QtCore.QRect(222, 38, 22, 22) reset=PySide6.QtCore.QRect(222, 12, 22, 22)
[overlay][HIT] buttons=True local=(493,290) drag=PySide6.QtCore.QRect(222, 38, 22, 22) reset=PySide6.QtCore.QRect(222, 12, 22, 22)
[overlay][HIT] buttons=True local=(491,290) drag=PySide6.QtCore.QRect(222, 38, 22, 22) reset=PySide6.QtCore.QRect(222, 12, 22, 22)
[overlay][HIT] buttons=True local=(491,291) drag=PySide6.QtCore.QRect(222, 38, 22, 22) reset=PySide6.QtCore.QRect(222, 12, 22, 22)
[overlay][HIT] buttons=True local=(491,293) drag=PySide6.QtCore.QRect(222, 38, 22, 22) reset=PySide6.QtCore.QRect(222, 12, 22, 22)
[overlay][HIT] buttons=True local=(491,294) drag=PySide6.QtCore.QRect(222, 38, 22, 22) reset=PySide6.QtCore.QRect(222, 12, 22, 22)
[overlay][HIT] buttons=True local=(489,296) drag=PySide6.QtCore.QRect(222, 38, 22, 22) reset=PySide6.QtCore.QRect(222, 12, 22, 22)
[overlay][HIT] buttons=True local=(489,298) drag=PySide6.QtCore.QRect(222, 38, 22, 22) reset=PySide6.QtCore.QRect(222, 12, 22, 22)
[overlay][HIT] buttons=True local=(487,300) drag=PySide6.QtCore.QRect(222, 38, 22, 22) reset=PySide6.QtCore.QRect(222, 12, 22, 22)
[overlay][HIT] buttons=True local=(485,304) drag=PySide6.QtCore.QRect(222, 38, 22, 22) reset=PySide6.QtCore.QRect(222, 12, 22, 22)
[overlay][HIT] buttons=True local=(483,306) drag=PySide6.QtCore.QRect(222, 38, 22, 22) reset=PySide6.QtCore.QRect(222, 12, 22, 22)
[overlay][HIT] buttons=True local=(482,309) drag=PySide6.QtCore.QRect(222, 38, 22, 22) reset=PySide6.QtCore.QRect(222, 12, 22, 22)
[overlay][HIT] buttons=True local=(482,313) drag=PySide6.QtCore.QRect(222, 38, 22, 22) reset=PySide6.QtCore.QRect(222, 12, 22, 22)
[overlay][HIT] buttons=True local=(480,315) drag=PySide6.QtCore.QRect(222, 38, 22, 22) reset=PySide6.QtCore.QRect(222, 12, 22, 22)
[overlay][HIT] buttons=True local=(479,315) drag=PySide6.QtCore.QRect(222, 38, 22, 22) reset=PySide6.QtCore.QRect(222, 12, 22, 22)
[overlay][HIT] buttons=True local=(479,317) drag=PySide6.QtCore.QRect(222, 38, 22, 22) reset=PySide6.QtCore.QRect(222, 12, 22, 22)
[overlay][HIT] buttons=True local=(479,319) drag=PySide6.QtCore.QRect(222, 38, 22, 22) reset=PySide6.QtCore.QRect(222, 12, 22, 22)
[overlay][HIT] buttons=True local=(479,319) drag=PySide6.QtCore.QRect(222, 38, 22, 22) reset=PySide6.QtCore.QRect(222, 12, 22, 22)
[overlay][HIT] buttons=True local=(482,318) drag=PySide6.QtCore.QRect(222, 38, 22, 22) reset=PySide6.QtCore.QRect(222, 12, 22, 22)
[overlay][HIT] buttons=True local=(485,315) drag=PySide6.QtCore.QRect(222, 38, 22, 22) reset=PySide6.QtCore.QRect(222, 12, 22, 22)
[overlay][HIT] buttons=True local=(486,313) drag=PySide6.QtCore.QRect(222, 38, 22, 22) reset=PySide6.QtCore.QRect(222, 12, 22, 22)
[overlay][HIT] buttons=True local=(491,309) drag=PySide6.QtCore.QRect(222, 38, 22, 22) reset=PySide6.QtCore.QRect(222, 12, 22, 22)
[overlay][HIT] buttons=True local=(494,306) drag=PySide6.QtCore.QRect(222, 38, 22, 22) reset=PySide6.QtCore.QRect(222, 12, 22, 22)
[overlay][HIT] buttons=True local=(498,304) drag=PySide6.QtCore.QRect(222, 38, 22, 22) reset=PySide6.QtCore.QRect(222, 12, 22, 22)
[overlay][HIT] buttons=True local=(500,300) drag=PySide6.QtCore.QRect(222, 38, 22, 22) reset=PySide6.QtCore.QRect(222, 12, 22, 22)
[overlay][HIT] buttons=True local=(503,298) drag=PySide6.QtCore.QRect(222, 38, 22, 22) reset=PySide6.QtCore.QRect(222, 12, 22, 22)
[overlay][HIT] buttons=True local=(504,297) drag=PySide6.QtCore.QRect(222, 38, 22, 22) reset=PySide6.QtCore.QRect(222, 12, 22, 22)
[overlay][HIT] buttons=True local=(504,295) drag=PySide6.QtCore.QRect(222, 38, 22, 22) reset=PySide6.QtCore.QRect(222, 12, 22, 22)
[overlay][HIT] buttons=True local=(506,295) drag=PySide6.QtCore.QRect(222, 38, 22, 22) reset=PySide6.QtCore.QRect(222, 12, 22, 22)
[overlay][HIT] buttons=True local=(508,293) drag=PySide6.QtCore.QRect(222, 38, 22, 22) reset=PySide6.QtCore.QRect(222, 12, 22, 22)
[overlay][HIT] buttons=True local=(508,292) drag=PySide6.QtCore.QRect(222, 38, 22, 22) reset=PySide6.QtCore.QRect(222, 12, 22, 22)
[overlay][HIT] buttons=True local=(510,292) drag=PySide6.QtCore.QRect(222, 38, 22, 22) reset=PySide6.QtCore.QRect(222, 12, 22, 22)
[overlay][HIT] buttons=True local=(510,290) drag=PySide6.QtCore.QRect(222, 38, 22, 22) reset=PySide6.QtCore.QRect(222, 12, 22, 22)
[overlay][HIT] buttons=True local=(512,289) drag=PySide6.QtCore.QRect(222, 38, 22, 22) reset=PySide6.QtCore.QRect(222, 12, 22, 22)
[overlay][HIT] buttons=True local=(512,288) drag=PySide6.QtCore.QRect(222, 38, 22, 22) reset=PySide6.QtCore.QRect(222, 12, 22, 22)
[overlay][HIT] buttons=True local=(513,288) drag=PySide6.QtCore.QRect(222, 38, 22, 22) reset=PySide6.QtCore.QRect(222, 12, 22, 22)
[overlay][HIT] buttons=True local=(513,288) drag=PySide6.QtCore.QRect(222, 38, 22, 22) reset=PySide6.QtCore.QRect(222, 12, 22, 22)
[overlay][HIT] buttons=True local=(515,286) drag=PySide6.QtCore.QRect(222, 38, 22, 22) reset=PySide6.QtCore.QRect(222, 12, 22, 22)
[overlay][HIT] buttons=True local=(518,284) drag=PySide6.QtCore.QRect(222, 38, 22, 22) reset=PySide6.QtCore.QRect(222, 12, 22, 22)
[overlay][HIT] buttons=True local=(522,282) drag=PySide6.QtCore.QRect(222, 38, 22, 22) reset=PySide6.QtCore.QRect(222, 12, 22, 22)
[overlay][HIT] buttons=True local=(531,280) drag=PySide6.QtCore.QRect(222, 38, 22, 22) reset=PySide6.QtCore.QRect(222, 12, 22, 22)
[recorder][VAD] Silero 語音幀 0/38 (0.0%)，有效語音 0.00s，信心閾值 0.6，最低比例 16%，最低語音 0.35s
[recorder][flush] ❌ VAD 未達有效語音門檻，略過（語音比例不足 0.0% < 16%）
[overlay][HIT] buttons=False local=(536,292) drag=PySide6.QtCore.QRect(222, 38, 22, 22) reset=PySide6.QtCore.QRect(222, 12, 22, 22)
[overlay][HIT] buttons=True local=(536,292) drag=PySide6.QtCore.QRect(222, 38, 22, 22) reset=PySide6.QtCore.QRect(222, 12, 22, 22)
[overlay][HIT] buttons=True local=(536,294) drag=PySide6.QtCore.QRect(222, 38, 22, 22) reset=PySide6.QtCore.QRect(222, 12, 22, 22)
[overlay][HIT] buttons=True local=(534,294) drag=PySide6.QtCore.QRect(222, 38, 22, 22) reset=PySide6.QtCore.QRect(222, 12, 22, 22)
[overlay][HIT] buttons=True local=(534,295) drag=PySide6.QtCore.QRect(222, 38, 22, 22) reset=PySide6.QtCore.QRect(222, 12, 22, 22)
[overlay][HIT] buttons=True local=(533,295) drag=PySide6.QtCore.QRect(222, 38, 22, 22) reset=PySide6.QtCore.QRect(222, 12, 22, 22)
[overlay][HIT] buttons=True local=(533,295) drag=PySide6.QtCore.QRect(222, 38, 22, 22) reset=PySide6.QtCore.QRect(222, 12, 22, 22)
[overlay][HIT] buttons=True local=(535,293) drag=PySide6.QtCore.QRect(222, 38, 22, 22) reset=PySide6.QtCore.QRect(222, 12, 22, 22)
[overlay][HIT] buttons=True local=(537,291) drag=PySide6.QtCore.QRect(222, 38, 22, 22) reset=PySide6.QtCore.QRect(222, 12, 22, 22)
[overlay][HIT] buttons=False local=(536,272) drag=PySide6.QtCore.QRect(222, 38, 22, 22) reset=PySide6.QtCore.QRect(222, 12, 22, 22)
[overlay][HIT] buttons=False local=(535,273) drag=PySide6.QtCore.QRect(222, 38, 22, 22) reset=PySide6.QtCore.QRect(222, 12, 22, 22)
[overlay][HIT] buttons=False local=(533,275) drag=PySide6.QtCore.QRect(222, 38, 22, 22) reset=PySide6.QtCore.QRect(222, 12, 22, 22)
[overlay][HIT] buttons=False local=(532,276) drag=PySide6.QtCore.QRect(222, 38, 22, 22) reset=PySide6.QtCore.QRect(222, 12, 22, 22)
[overlay][HIT] buttons=True local=(530,278) drag=PySide6.QtCore.QRect(222, 38, 22, 22) reset=PySide6.QtCore.QRect(222, 12, 22, 22)
[overlay][HIT] buttons=True local=(528,280) drag=PySide6.QtCore.QRect(222, 38, 22, 22) reset=PySide6.QtCore.QRect(222, 12, 22, 22)
[overlay][HIT] buttons=True local=(527,280) drag=PySide6.QtCore.QRect(222, 38, 22, 22) reset=PySide6.QtCore.QRect(222, 12, 22, 22)
[overlay][HIT] buttons=True local=(527,281) drag=PySide6.QtCore.QRect(222, 38, 22, 22) reset=PySide6.QtCore.QRect(222, 12, 22, 22)
[overlay][HIT] buttons=True local=(526,281) drag=PySide6.QtCore.QRect(222, 38, 22, 22) reset=PySide6.QtCore.QRect(222, 12, 22, 22)
[overlay][HIT] buttons=True local=(526,281) drag=PySide6.QtCore.QRect(222, 38, 22, 22) reset=PySide6.QtCore.QRect(222, 12, 22, 22)
[overlay][HIT] buttons=True local=(528,276) drag=PySide6.QtCore.QRect(222, 38, 22, 22) reset=PySide6.QtCore.QRect(222, 12, 22, 22)
[overlay][HIT] buttons=True local=(535,273) drag=PySide6.QtCore.QRect(222, 38, 22, 22) reset=PySide6.QtCore.QRect(222, 12, 22, 22)
[recorder][VAD] Silero 語音幀 0/32 (0.0%)，有效語音 0.00s，信心閾值 0.6，最低比例 16%，最低語音 0.35s
[recorder][flush] ❌ VAD 未達有效語音門檻，略過（語音比例不足 0.0% < 16%）
[overlay][HIT] buttons=False local=(535,247) drag=PySide6.QtCore.QRect(222, 38, 22, 22) reset=PySide6.QtCore.QRect(222, 12, 22, 22)
[overlay][HIT] buttons=False local=(531,247) drag=PySide6.QtCore.QRect(222, 38, 22, 22) reset=PySide6.QtCore.QRect(222, 12, 22, 22)
[overlay][HIT] buttons=False local=(530,249) drag=PySide6.QtCore.QRect(222, 38, 22, 22) reset=PySide6.QtCore.QRect(222, 12, 22, 22)
[overlay][HIT] buttons=False local=(526,251) drag=PySide6.QtCore.QRect(222, 38, 22, 22) reset=PySide6.QtCore.QRect(222, 12, 22, 22)
[overlay][HIT] buttons=True local=(524,252) drag=PySide6.QtCore.QRect(222, 38, 22, 22) reset=PySide6.QtCore.QRect(222, 12, 22, 22)
[overlay][HIT] buttons=True local=(523,252) drag=PySide6.QtCore.QRect(222, 38, 22, 22) reset=PySide6.QtCore.QRect(222, 12, 22, 22)
[overlay][HIT] buttons=True local=(522,254) drag=PySide6.QtCore.QRect(222, 38, 22, 22) reset=PySide6.QtCore.QRect(222, 12, 22, 22)
[overlay][HIT] buttons=True local=(520,254) drag=PySide6.QtCore.QRect(222, 38, 22, 22) reset=PySide6.QtCore.QRect(222, 12, 22, 22)
[overlay][HIT] buttons=True local=(519,254) drag=PySide6.QtCore.QRect(222, 38, 22, 22) reset=PySide6.QtCore.QRect(222, 12, 22, 22)
[overlay][HIT] buttons=True local=(519,255) drag=PySide6.QtCore.QRect(222, 38, 22, 22) reset=PySide6.QtCore.QRect(222, 12, 22, 22)
[overlay][HIT] buttons=True local=(517,255) drag=PySide6.QtCore.QRect(222, 38, 22, 22) reset=PySide6.QtCore.QRect(222, 12, 22, 22)
[overlay][HIT] buttons=True local=(516,255) drag=PySide6.QtCore.QRect(222, 38, 22, 22) reset=PySide6.QtCore.QRect(222, 12, 22, 22)
[overlay][HIT] buttons=True local=(516,255) drag=PySide6.QtCore.QRect(222, 38, 22, 22) reset=PySide6.QtCore.QRect(222, 12, 22, 22)
[overlay][HIT] buttons=True local=(518,253) drag=PySide6.QtCore.QRect(222, 38, 22, 22) reset=PySide6.QtCore.QRect(222, 12, 22, 22)
[overlay][HIT] buttons=True local=(520,253) drag=PySide6.QtCore.QRect(222, 38, 22, 22) reset=PySide6.QtCore.QRect(222, 12, 22, 22)
[overlay][HIT] buttons=True local=(522,249) drag=PySide6.QtCore.QRect(222, 38, 22, 22) reset=PySide6.QtCore.QRect(222, 12, 22, 22)
[overlay][HIT] buttons=True local=(523,248) drag=PySide6.QtCore.QRect(222, 38, 22, 22) reset=PySide6.QtCore.QRect(222, 12, 22, 22)
[overlay][HIT] buttons=True local=(526,247) drag=PySide6.QtCore.QRect(222, 38, 22, 22) reset=PySide6.QtCore.QRect(222, 12, 22, 22)
[overlay][HIT] buttons=True local=(528,245) drag=PySide6.QtCore.QRect(222, 38, 22, 22) reset=PySide6.QtCore.QRect(222, 12, 22, 22)
[overlay][HIT] buttons=True local=(530,243) drag=PySide6.QtCore.QRect(222, 38, 22, 22) reset=PySide6.QtCore.QRect(222, 12, 22, 22)
[overlay][HIT] buttons=True local=(531,241) drag=PySide6.QtCore.QRect(222, 38, 22, 22) reset=PySide6.QtCore.QRect(222, 12, 22, 22)
[overlay][HIT] buttons=True local=(531,240) drag=PySide6.QtCore.QRect(222, 38, 22, 22) reset=PySide6.QtCore.QRect(222, 12, 22, 22)
[overlay][HIT] buttons=True local=(531,239) drag=PySide6.QtCore.QRect(222, 38, 22, 22) reset=PySide6.QtCore.QRect(222, 12, 22, 22)
[overlay][HIT] buttons=True local=(532,239) drag=PySide6.QtCore.QRect(222, 38, 22, 22) reset=PySide6.QtCore.QRect(222, 12, 22, 22)
[overlay][HIT] buttons=True local=(532,239) drag=PySide6.QtCore.QRect(222, 38, 22, 22) reset=PySide6.QtCore.QRect(222, 12, 22, 22)
[overlay][HIT] buttons=True local=(531,243) drag=PySide6.QtCore.QRect(222, 38, 22, 22) reset=PySide6.QtCore.QRect(222, 12, 22, 22)
[overlay][HIT] buttons=True local=(523,248) drag=PySide6.QtCore.QRect(222, 38, 22, 22) reset=PySide6.QtCore.QRect(222, 12, 22, 22)
[overlay][HIT] buttons=True local=(520,251) drag=PySide6.QtCore.QRect(222, 38, 22, 22) reset=PySide6.QtCore.QRect(222, 12, 22, 22)
[overlay][HIT] buttons=True local=(518,252) drag=PySide6.QtCore.QRect(222, 38, 22, 22) reset=PySide6.QtCore.QRect(222, 12, 22, 22)
[overlay][HIT] buttons=True local=(516,256) drag=PySide6.QtCore.QRect(222, 38, 22, 22) reset=PySide6.QtCore.QRect(222, 12, 22, 22)
[overlay][HIT] buttons=True local=(513,257) drag=PySide6.QtCore.QRect(222, 38, 22, 22) reset=PySide6.QtCore.QRect(222, 12, 22, 22)
[overlay][HIT] buttons=True local=(512,259) drag=PySide6.QtCore.QRect(222, 38, 22, 22) reset=PySide6.QtCore.QRect(222, 12, 22, 22)
[overlay][HIT] buttons=True local=(510,261) drag=PySide6.QtCore.QRect(222, 38, 22, 22) reset=PySide6.QtCore.QRect(222, 12, 22, 22)
[overlay][HIT] buttons=True local=(510,262) drag=PySide6.QtCore.QRect(222, 38, 22, 22) reset=PySide6.QtCore.QRect(222, 12, 22, 22)
[overlay][HIT] buttons=True local=(510,264) drag=PySide6.QtCore.QRect(222, 38, 22, 22) reset=PySide6.QtCore.QRect(222, 12, 22, 22)
[overlay][HIT] buttons=True local=(510,265) drag=PySide6.QtCore.QRect(222, 38, 22, 22) reset=PySide6.QtCore.QRect(222, 12, 22, 22)
[overlay][HIT] buttons=True local=(508,266) drag=PySide6.QtCore.QRect(222, 38, 22, 22) reset=PySide6.QtCore.QRect(222, 12, 22, 22)
[overlay][HIT] buttons=True local=(508,268) drag=PySide6.QtCore.QRect(222, 38, 22, 22) reset=PySide6.QtCore.QRect(222, 12, 22, 22)
[overlay][HIT] buttons=True local=(508,270) drag=PySide6.QtCore.QRect(222, 38, 22, 22) reset=PySide6.QtCore.QRect(222, 12, 22, 22)
[overlay][HIT] buttons=True local=(508,271) drag=PySide6.QtCore.QRect(222, 38, 22, 22) reset=PySide6.QtCore.QRect(222, 12, 22, 22)
[overlay][HIT] buttons=True local=(507,271) drag=PySide6.QtCore.QRect(222, 38, 22, 22) reset=PySide6.QtCore.QRect(222, 12, 22, 22)
[overlay][HIT] buttons=True local=(507,272) drag=PySide6.QtCore.QRect(222, 38, 22, 22) reset=PySide6.QtCore.QRect(222, 12, 22, 22)
[overlay][HIT] buttons=True local=(507,273) drag=PySide6.QtCore.QRect(222, 38, 22, 22) reset=PySide6.QtCore.QRect(222, 12, 22, 22)
[overlay][HIT] buttons=True local=(507,273) drag=PySide6.QtCore.QRect(222, 38, 22, 22) reset=PySide6.QtCore.QRect(222, 12, 22, 22)
[overlay][HIT] buttons=True local=(507,275) drag=PySide6.QtCore.QRect(222, 38, 22, 22) reset=PySide6.QtCore.QRect(222, 12, 22, 22)
[overlay][HIT] buttons=True local=(505,277) drag=PySide6.QtCore.QRect(222, 38, 22, 22) reset=PySide6.QtCore.QRect(222, 12, 22, 22)
[overlay][HIT] buttons=True local=(505,281) drag=PySide6.QtCore.QRect(222, 38, 22, 22) reset=PySide6.QtCore.QRect(222, 12, 22, 22)
[overlay][HIT] buttons=True local=(504,286) drag=PySide6.QtCore.QRect(222, 38, 22, 22) reset=PySide6.QtCore.QRect(222, 12, 22, 22)
[overlay][HIT] buttons=True local=(502,291) drag=PySide6.QtCore.QRect(222, 38, 22, 22) reset=PySide6.QtCore.QRect(222, 12, 22, 22)
[overlay][HIT] buttons=True local=(496,303) drag=PySide6.QtCore.QRect(222, 38, 22, 22) reset=PySide6.QtCore.QRect(222, 12, 22, 22)
[overlay][HIT] buttons=True local=(494,311) drag=PySide6.QtCore.QRect(222, 38, 22, 22) reset=PySide6.QtCore.QRect(222, 12, 22, 22)
[overlay][HIT] buttons=True local=(490,317) drag=PySide6.QtCore.QRect(222, 38, 22, 22) reset=PySide6.QtCore.QRect(222, 12, 22, 22)
[overlay][HIT] buttons=False local=(497,318) drag=PySide6.QtCore.QRect(222, 38, 22, 22) reset=PySide6.QtCore.QRect(222, 12, 22, 22)
[overlay][HIT] buttons=False local=(497,318) drag=PySide6.QtCore.QRect(222, 38, 22, 22) reset=PySide6.QtCore.QRect(222, 12, 22, 22)
[overlay][HIT] buttons=False local=(501,316) drag=PySide6.QtCore.QRect(222, 38, 22, 22) reset=PySide6.QtCore.QRect(222, 12, 22, 22)
[overlay][HIT] buttons=True local=(502,315) drag=PySide6.QtCore.QRect(222, 38, 22, 22) reset=PySide6.QtCore.QRect(222, 12, 22, 22)
[overlay][HIT] buttons=True local=(502,315) drag=PySide6.QtCore.QRect(222, 38, 22, 22) reset=PySide6.QtCore.QRect(222, 12, 22, 22)
[overlay][HIT] buttons=True local=(503,314) drag=PySide6.QtCore.QRect(222, 38, 22, 22) reset=PySide6.QtCore.QRect(222, 12, 22, 22)
[overlay][HIT] buttons=True local=(503,312) drag=PySide6.QtCore.QRect(222, 38, 22, 22) reset=PySide6.QtCore.QRect(222, 12, 22, 22)
[overlay][HIT] buttons=True local=(505,310) drag=PySide6.QtCore.QRect(222, 38, 22, 22) reset=PySide6.QtCore.QRect(222, 12, 22, 22)
[overlay][HIT] buttons=True local=(507,309) drag=PySide6.QtCore.QRect(222, 38, 22, 22) reset=PySide6.QtCore.QRect(222, 12, 22, 22)
[overlay][HIT] buttons=True local=(507,308) drag=PySide6.QtCore.QRect(222, 38, 22, 22) reset=PySide6.QtCore.QRect(222, 12, 22, 22)
[overlay][HIT] buttons=True local=(508,306) drag=PySide6.QtCore.QRect(222, 38, 22, 22) reset=PySide6.QtCore.QRect(222, 12, 22, 22)
[overlay][HIT] buttons=True local=(508,305) drag=PySide6.QtCore.QRect(222, 38, 22, 22) reset=PySide6.QtCore.QRect(222, 12, 22, 22)
[overlay][HIT] buttons=True local=(509,305) drag=PySide6.QtCore.QRect(222, 38, 22, 22) reset=PySide6.QtCore.QRect(222, 12, 22, 22)
[overlay][HIT] buttons=True local=(511,303) drag=PySide6.QtCore.QRect(222, 38, 22, 22) reset=PySide6.QtCore.QRect(222, 12, 22, 22)
[overlay][HIT] buttons=True local=(512,301) drag=PySide6.QtCore.QRect(222, 38, 22, 22) reset=PySide6.QtCore.QRect(222, 12, 22, 22)
[overlay][HIT] buttons=True local=(514,299) drag=PySide6.QtCore.QRect(222, 38, 22, 22) reset=PySide6.QtCore.QRect(222, 12, 22, 22)
[overlay][HIT] buttons=True local=(514,297) drag=PySide6.QtCore.QRect(222, 38, 22, 22) reset=PySide6.QtCore.QRect(222, 12, 22, 22)
[overlay][HIT] buttons=True local=(516,296) drag=PySide6.QtCore.QRect(222, 38, 22, 22) reset=PySide6.QtCore.QRect(222, 12, 22, 22)
[overlay][HIT] buttons=True local=(516,294) drag=PySide6.QtCore.QRect(222, 38, 22, 22) reset=PySide6.QtCore.QRect(222, 12, 22, 22)
[overlay][HIT] buttons=True local=(516,293) drag=PySide6.QtCore.QRect(222, 38, 22, 22) reset=PySide6.QtCore.QRect(222, 12, 22, 22)
[recorder][VAD] Silero 語音幀 0/37 (0.0%)，有效語音 0.00s，信心閾值 0.6，最低比例 16%，最低語音 0.35s
[recorder][flush] ❌ VAD 未達有效語音門檻，略過（語音比例不足 0.0% < 16%）
[overlay][HIT] buttons=True local=(516,293) drag=PySide6.QtCore.QRect(222, 38, 22, 22) reset=PySide6.QtCore.QRect(222, 12, 22, 22)
[overlay][HIT] buttons=True local=(516,292) drag=PySide6.QtCore.QRect(222, 38, 22, 22) reset=PySide6.QtCore.QRect(222, 12, 22, 22)
[overlay][HIT] buttons=True local=(513,294) drag=PySide6.QtCore.QRect(222, 38, 22, 22) reset=PySide6.QtCore.QRect(222, 12, 22, 22)
[overlay][HIT] buttons=True local=(508,298) drag=PySide6.QtCore.QRect(222, 38, 22, 22) reset=PySide6.QtCore.QRect(222, 12, 22, 22)
[overlay][HIT] buttons=True local=(505,303) drag=PySide6.QtCore.QRect(222, 38, 22, 22) reset=PySide6.QtCore.QRect(222, 12, 22, 22)
[overlay][HIT] buttons=True local=(497,309) drag=PySide6.QtCore.QRect(222, 38, 22, 22) reset=PySide6.QtCore.QRect(222, 12, 22, 22)
[overlay][HIT] buttons=True local=(494,314) drag=PySide6.QtCore.QRect(222, 38, 22, 22) reset=PySide6.QtCore.QRect(222, 12, 22, 22)
[overlay][HIT] buttons=False local=(495,318) drag=PySide6.QtCore.QRect(222, 38, 22, 22) reset=PySide6.QtCore.QRect(222, 12, 22, 22)
[overlay][HIT] buttons=False local=(495,318) drag=PySide6.QtCore.QRect(222, 38, 22, 22) reset=PySide6.QtCore.QRect(222, 12, 22, 22)
[overlay][HIT] buttons=False local=(498,312) drag=PySide6.QtCore.QRect(222, 38, 22, 22) reset=PySide6.QtCore.QRect(222, 12, 22, 22)
[overlay][HIT] buttons=False local=(498,312) drag=PySide6.QtCore.QRect(222, 38, 22, 22) reset=PySide6.QtCore.QRect(222, 12, 22, 22)
[overlay][HIT] buttons=False local=(501,308) drag=PySide6.QtCore.QRect(222, 38, 22, 22) reset=PySide6.QtCore.QRect(222, 12, 22, 22)
[overlay][HIT] buttons=False local=(502,306) drag=PySide6.QtCore.QRect(222, 38, 22, 22) reset=PySide6.QtCore.QRect(222, 12, 22, 22)
[overlay][HIT] buttons=True local=(502,305) drag=PySide6.QtCore.QRect(222, 38, 22, 22) reset=PySide6.QtCore.QRect(222, 12, 22, 22)
[overlay][HIT] buttons=True local=(504,304) drag=PySide6.QtCore.QRect(222, 38, 22, 22) reset=PySide6.QtCore.QRect(222, 12, 22, 22)
[overlay][HIT] buttons=True local=(504,300) drag=PySide6.QtCore.QRect(222, 38, 22, 22) reset=PySide6.QtCore.QRect(222, 12, 22, 22)
[overlay][HIT] buttons=True local=(505,298) drag=PySide6.QtCore.QRect(222, 38, 22, 22) reset=PySide6.QtCore.QRect(222, 12, 22, 22)
[overlay][HIT] buttons=True local=(506,296) drag=PySide6.QtCore.QRect(222, 38, 22, 22) reset=PySide6.QtCore.QRect(222, 12, 22, 22)
[overlay][HIT] buttons=True local=(508,294) drag=PySide6.QtCore.QRect(222, 38, 22, 22) reset=PySide6.QtCore.QRect(222, 12, 22, 22)
[overlay][HIT] buttons=True local=(508,293) drag=PySide6.QtCore.QRect(222, 38, 22, 22) reset=PySide6.QtCore.QRect(222, 12, 22, 22)
[overlay][HIT] buttons=True local=(508,291) drag=PySide6.QtCore.QRect(222, 38, 22, 22) reset=PySide6.QtCore.QRect(222, 12, 22, 22)
[overlay][HIT] buttons=True local=(510,289) drag=PySide6.QtCore.QRect(222, 38, 22, 22) reset=PySide6.QtCore.QRect(222, 12, 22, 22)
[overlay][HIT] buttons=True local=(512,288) drag=PySide6.QtCore.QRect(222, 38, 22, 22) reset=PySide6.QtCore.QRect(222, 12, 22, 22)
[overlay][HIT] buttons=True local=(512,287) drag=PySide6.QtCore.QRect(222, 38, 22, 22) reset=PySide6.QtCore.QRect(222, 12, 22, 22)
[overlay][HIT] buttons=True local=(512,285) drag=PySide6.QtCore.QRect(222, 38, 22, 22) reset=PySide6.QtCore.QRect(222, 12, 22, 22)
[overlay][HIT] buttons=True local=(512,283) drag=PySide6.QtCore.QRect(222, 38, 22, 22) reset=PySide6.QtCore.QRect(222, 12, 22, 22)
[overlay][HIT] buttons=True local=(514,283) drag=PySide6.QtCore.QRect(222, 38, 22, 22) reset=PySide6.QtCore.QRect(222, 12, 22, 22)
[overlay][HIT] buttons=True local=(514,282) drag=PySide6.QtCore.QRect(222, 38, 22, 22) reset=PySide6.QtCore.QRect(222, 12, 22, 22)
[overlay][HIT] buttons=True local=(514,281) drag=PySide6.QtCore.QRect(222, 38, 22, 22) reset=PySide6.QtCore.QRect(222, 12, 22, 22)
[overlay][HIT] buttons=True local=(514,281) drag=PySide6.QtCore.QRect(222, 38, 22, 22) reset=PySide6.QtCore.QRect(222, 12, 22, 22)
[overlay][HIT] buttons=True local=(513,283) drag=PySide6.QtCore.QRect(222, 38, 22, 22) reset=PySide6.QtCore.QRect(222, 12, 22, 22)
[overlay][HIT] buttons=True local=(510,287) drag=PySide6.QtCore.QRect(222, 38, 22, 22) reset=PySide6.QtCore.QRect(222, 12, 22, 22)
[overlay][HIT] buttons=True local=(506,290) drag=PySide6.QtCore.QRect(222, 38, 22, 22) reset=PySide6.QtCore.QRect(222, 12, 22, 22)
[overlay][HIT] buttons=True local=(502,297) drag=PySide6.QtCore.QRect(222, 38, 22, 22) reset=PySide6.QtCore.QRect(222, 12, 22, 22)
[overlay][HIT] buttons=True local=(500,301) drag=PySide6.QtCore.QRect(222, 38, 22, 22) reset=PySide6.QtCore.QRect(222, 12, 22, 22)
[overlay][HIT] buttons=True local=(498,304) drag=PySide6.QtCore.QRect(222, 38, 22, 22) reset=PySide6.QtCore.QRect(222, 12, 22, 22)
[overlay][HIT] buttons=True local=(494,308) drag=PySide6.QtCore.QRect(222, 38, 22, 22) reset=PySide6.QtCore.QRect(222, 12, 22, 22)
[overlay][HIT] buttons=True local=(491,311) drag=PySide6.QtCore.QRect(222, 38, 22, 22) reset=PySide6.QtCore.QRect(222, 12, 22, 22)
[overlay][HIT] buttons=True local=(487,313) drag=PySide6.QtCore.QRect(222, 38, 22, 22) reset=PySide6.QtCore.QRect(222, 12, 22, 22)
[overlay][HIT] buttons=True local=(485,318) drag=PySide6.QtCore.QRect(222, 38, 22, 22) reset=PySide6.QtCore.QRect(222, 12, 22, 22)
[overlay][HIT] buttons=True local=(482,319) drag=PySide6.QtCore.QRect(222, 38, 22, 22) reset=PySide6.QtCore.QRect(222, 12, 22, 22)
[overlay][HIT] buttons=False local=(483,319) drag=PySide6.QtCore.QRect(222, 38, 22, 22) reset=PySide6.QtCore.QRect(222, 12, 22, 22)
[overlay][HIT] buttons=False local=(483,319) drag=PySide6.QtCore.QRect(222, 38, 22, 22) reset=PySide6.QtCore.QRect(222, 12, 22, 22)
[overlay][HIT] buttons=False local=(483,315) drag=PySide6.QtCore.QRect(222, 38, 22, 22) reset=PySide6.QtCore.QRect(222, 12, 22, 22)
[overlay][HIT] buttons=False local=(486,313) drag=PySide6.QtCore.QRect(222, 38, 22, 22) reset=PySide6.QtCore.QRect(222, 12, 22, 22)
[overlay][HIT] buttons=False local=(488,312) drag=PySide6.QtCore.QRect(222, 38, 22, 22) reset=PySide6.QtCore.QRect(222, 12, 22, 22)
[overlay][HIT] buttons=True local=(488,311) drag=PySide6.QtCore.QRect(222, 38, 22, 22) reset=PySide6.QtCore.QRect(222, 12, 22, 22)
[overlay][HIT] buttons=True local=(490,309) drag=PySide6.QtCore.QRect(222, 38, 22, 22) reset=PySide6.QtCore.QRect(222, 12, 22, 22)
[overlay][HIT] buttons=True local=(490,307) drag=PySide6.QtCore.QRect(222, 38, 22, 22) reset=PySide6.QtCore.QRect(222, 12, 22, 22)
[overlay][HIT] buttons=True local=(490,306) drag=PySide6.QtCore.QRect(222, 38, 22, 22) reset=PySide6.QtCore.QRect(222, 12, 22, 22)
[overlay][HIT] buttons=True local=(490,306) drag=PySide6.QtCore.QRect(222, 38, 22, 22) reset=PySide6.QtCore.QRect(222, 12, 22, 22)
[overlay][HIT] buttons=True local=(490,305) drag=PySide6.QtCore.QRect(222, 38, 22, 22) reset=PySide6.QtCore.QRect(222, 12, 22, 22)
[overlay][HIT] buttons=True local=(490,303) drag=PySide6.QtCore.QRect(222, 38, 22, 22) reset=PySide6.QtCore.QRect(222, 12, 22, 22)
[overlay][HIT] buttons=True local=(490,302) drag=PySide6.QtCore.QRect(222, 38, 22, 22) reset=PySide6.QtCore.QRect(222, 12, 22, 22)
[recorder][VAD] Silero 語音幀 0/31 (0.0%)，有效語音 0.00s，信心閾值 0.6，最低比例 16%，最低語音 0.35s
[recorder][flush] ❌ VAD 未達有效語音門檻，略過（語音比例不足 0.0% < 16%）
[overlay][HIT] buttons=True local=(490,300) drag=PySide6.QtCore.QRect(222, 38, 22, 22) reset=PySide6.QtCore.QRect(222, 12, 22, 22)
[overlay][HIT] buttons=True local=(490,299) drag=PySide6.QtCore.QRect(222, 38, 22, 22) reset=PySide6.QtCore.QRect(222, 12, 22, 22)
[overlay][HIT] buttons=True local=(491,299) drag=PySide6.QtCore.QRect(222, 38, 22, 22) reset=PySide6.QtCore.QRect(222, 12, 22, 22)
[overlay][HIT] buttons=True local=(491,297) drag=PySide6.QtCore.QRect(222, 38, 22, 22) reset=PySide6.QtCore.QRect(222, 12, 22, 22)
[overlay][HIT] buttons=True local=(491,296) drag=PySide6.QtCore.QRect(222, 38, 22, 22) reset=PySide6.QtCore.QRect(222, 12, 22, 22)
[overlay][HIT] buttons=True local=(491,295) drag=PySide6.QtCore.QRect(222, 38, 22, 22) reset=PySide6.QtCore.QRect(222, 12, 22, 22)
[overlay][HIT] buttons=True local=(491,293) drag=PySide6.QtCore.QRect(222, 38, 22, 22) reset=PySide6.QtCore.QRect(222, 12, 22, 22)
[overlay][HIT] buttons=True local=(492,293) drag=PySide6.QtCore.QRect(222, 38, 22, 22) reset=PySide6.QtCore.QRect(222, 12, 22, 22)
[overlay][HIT] buttons=True local=(492,292) drag=PySide6.QtCore.QRect(222, 38, 22, 22) reset=PySide6.QtCore.QRect(222, 12, 22, 22)
[overlay][HIT] buttons=True local=(492,290) drag=PySide6.QtCore.QRect(222, 38, 22, 22) reset=PySide6.QtCore.QRect(222, 12, 22, 22)
[overlay][HIT] buttons=True local=(492,289) drag=PySide6.QtCore.QRect(222, 38, 22, 22) reset=PySide6.QtCore.QRect(222, 12, 22, 22)
[overlay][HIT] buttons=True local=(492,288) drag=PySide6.QtCore.QRect(222, 38, 22, 22) reset=PySide6.QtCore.QRect(222, 12, 22, 22)
[overlay][HIT] buttons=True local=(492,286) drag=PySide6.QtCore.QRect(222, 38, 22, 22) reset=PySide6.QtCore.QRect(222, 12, 22, 22)
[main][00:20:19.815] ⌨️ 主快捷鍵觸發（Win32/逗號），keys=async_down=Ctrl,RCtrl; logical_down=Ctrl,RCtrl
[main][00:20:19.815] ⌨️ after(0) 執行延遲 0.3ms[main][00:20:19.816] ⏳ 預熱 idle 計時器啟動，10 分鐘後關閉麥克風

[recorder][VAD] Silero 語音幀 0/28 (0.0%)，有效語音 0.00s，信心閾值 0.6，最低比例 16%，最低語音 0.35s
[recorder][stop] ❌ VAD 未達有效語音門檻，不送出辨識（語音比例不足 0.0% < 16%）
[tap]        [00:21:47.270] 💤 敲麥監聽已停止
[recorder][00:21:47] 💤 預熱 stream 已關閉
