[main]          [01:25:21.337] LOG -> F:\Cursor\AI Whisper Next\logs\ai_whisper_20260609_012521_P8-32.current.log
[settings]      [01:25:21.338] config loaded from F:\Cursor\AI Whisper Next\config.json
[main]          [01:25:21.476] ✅ 快捷鍵 ctrl+f11（句號）、ctrl+f12（逗號）已註冊
[main]          [01:25:21.478] ✅ 主快捷鍵 2/2 已註冊 (Win32)
[main]          [01:25:21.478] ✅ 記憶快捷鍵 5/5 已註冊 (Win32)
[tap]           [01:25:21.496] 🎙️ 敲麥監聽已啟動
[main]          [01:25:21.496] 🔧 DIAG 關閉元件: (none)
[debug]         [01:25:21.826] 🔍 Debug server listening on 127.0.0.1:47643
[recorder][VAD] [01:25:21.991] 載入 Silero VAD 模型 (ONNX): F:\Cursor\AI Whisper Next\assets\silero_vad.onnx
[recorder][VAD] [01:25:22.101] Silero VAD 模型載入完成 (ONNX)
[tap]           [01:25:22.413] 💤 敲麥監聽已停止
[recorder]      [01:25:22.424] ⏱️ InputStream() 9.0ms
[recorder]      [01:25:22.424] ⏱️ stream.start() 0.7ms
[recorder]      [01:25:22.424] 🎙️ 錄音就緒，總初始化 9.6ms
[main]          [01:25:22.424] ⏱️ recorder.start() 耗時 9.9ms，ok=True
[tap]           [01:25:22.998] 🎙️ 敲麥監聽已啟動
[main]          [01:25:23.008] 🎙️ 開始錄音
[transcriber]   [01:25:23.176] 🔌 HTTP 連線預熱完成 (1.36s)
[recorder]      [01:25:23.220] 🎤 第一包音訊到達，麥克風實際開啟延遲 796.2ms
[main]          [01:25:35.273] ⏳ 預熱 idle 計時器啟動，10 分鐘後關閉麥克風
[recorder][stop][01:25:35.274] 錄音太短 (0.67s)，略過
[tap]           [01:25:47.168] 💤 敲麥監聽已停止
[recorder]      [01:25:47.169] 🚀 預熱命中，直接開始錄音
[main]          [01:25:47.169] ⏱️ recorder.start() 耗時 0.3ms，ok=True
[tap]           [01:25:47.174] 🎙️ 敲麥監聽已啟動
[main]          [01:25:47.181] 🎙️ 開始錄音
[main]          [01:25:57.056] ⏳ 預熱 idle 計時器啟動，10 分鐘後關閉麥克風
[recorder][stop][01:25:57.058] 錄音太短 (0.51s)，略過
[tap][sample]   [01:26:13.692] 持續=450ms 峰值=14457 ✗長 K=-0.2 CF=2.6 SC=1033Hz Att=29.1ms | fK=-0.0 fCF=2.7 fSC=1029Hz fFlat=0.156 fHF=0.003
[tap][sample]   [01:26:14.681] 持續=963ms 峰值=14443 ✗長 K=1.2 CF=4.0 SC=1640Hz Att=0.1ms | fK=1.4 fCF=4.1 fSC=1639Hz fFlat=0.327 fHF=0.018
[tap][sample]   [01:26:15.131] 持續=378ms 峰值=14346 ✗長 K=2.6 CF=4.0 SC=1375Hz Att=2.1ms | fK=3.0 fCF=4.2 fSC=1375Hz fFlat=0.276 fHF=0.008
[tap][dim]      [01:26:15.159] 持續=27ms 峰值=529 ✗弱
[tap][sample]   [01:26:16.473] 持續=1242ms 峰值=13708 ✗長 K=2.6 CF=4.2 SC=1194Hz Att=83.9ms | fK=2.7 fCF=4.3 fSC=1192Hz fFlat=0.205 fHF=0.005
[tap][dim]      [01:26:16.509] 持續=36ms 峰值=455 ✗弱
[tap]           [01:26:41.818] 💤 敲麥監聽已停止
[recorder]      [01:26:41.904] 💤 預熱 stream 已關閉
