[main]          [01:40:28.652] LOG -> F:\Cursor\AI Whisper Next\logs\ai_whisper_20260609_014028_P8-32.current.log
[settings]      [01:40:28.653] config loaded from F:\Cursor\AI Whisper Next\config.json
[main]          [01:40:28.778] ✅ 快捷鍵 ctrl+f11（句號）、ctrl+f12（逗號）已註冊
[main]          [01:40:28.779] ✅ 主快捷鍵 2/2 已註冊 (Win32)
[main]          [01:40:28.780] ✅ 記憶快捷鍵 5/5 已註冊 (Win32)
[tap]           [01:40:28.797] 🎙️ 敲麥監聽已啟動
[main]          [01:40:28.798] 🔧 DIAG 關閉元件: (none)
[debug]         [01:40:28.807] 🔍 Debug server listening on 127.0.0.1:47643
[recorder][VAD] [01:40:28.985] 載入 Silero VAD 模型 (ONNX): F:\Cursor\AI Whisper Next\assets\silero_vad.onnx
[recorder][VAD] [01:40:29.077] Silero VAD 模型載入完成 (ONNX)
[transcriber]   [01:40:30.080] 🔌 HTTP 連線預熱完成 (1.28s)
[main]          [01:53:07.372] ⌨️ 主快捷鍵觸發（Win32/逗號），keys=async_down=Ctrl,RCtrl; logical_down=Ctrl,RCtrl
[main]          [01:53:07.373] ⌨️ after(0) 執行延遲 1.4ms
[tap]           [01:53:07.453] 💤 敲麥監聽已停止
[recorder]      [01:53:07.466] ⏱️ InputStream() 11.1ms
[recorder]      [01:53:07.467] ⏱️ stream.start() 1.2ms
[recorder]      [01:53:07.467] 🎙️ 錄音就緒，總初始化 12.3ms
[main]          [01:53:07.467] ⏱️ recorder.start() 耗時 12.6ms，ok=True
[tap]           [01:53:08.002] 🎙️ 敲麥監聽已啟動
[main]          [01:53:08.010] 🎙️ 開始錄音
[recorder]      [01:53:08.234] 🎤 第一包音訊到達，麥克風實際開啟延遲 767.4ms
[tap][dim]      [01:53:09.161] 持續=27ms 峰值=510 ✗弱
[tap][sample]   [01:53:10.097] 持續=936ms 峰值=10441 ✗長 K=2.4 CF=4.3 SC=1529Hz Att=79.8ms | fK=2.6 fCF=4.4 fSC=1531Hz fFlat=0.295 fHF=0.005
[tap][dim]      [01:53:10.124] 持續=27ms 峰值=423 ✗弱
[tap][sample]   [01:53:10.764] 持續=639ms 峰值=10580 ✗長 K=1.9 CF=4.4 SC=1493Hz Att=25.8ms | fK=2.1 fCF=4.5 fSC=1492Hz fFlat=0.331 fHF=0.005
[tap][dim]      [01:53:10.808] 持續=45ms 峰值=440 ✗弱
[main]          [01:53:11.227] ⌨️ 主快捷鍵觸發（Win32/逗號），keys=async_down=Ctrl,RCtrl; logical_down=Ctrl,RCtrl
[main]          [01:53:11.228] ⌨️ after(0) 執行延遲 1.2ms[main]          [01:53:11.228] ⏳ 預熱 idle 計時器啟動，10 分鐘後關閉麥克風

[recorder][VAD] [01:53:11.236] ✅ Silero 11/94 (25.6%), 0.35s speech
[main]          [01:53:11.238] ✅ 錄音完成，送出辨識
[paster]        [01:53:11.273] 📏 [UIA] 文字為空 → 不加句號
[paster]        [01:53:11.273] 🔮 預取游標位置: at_end=False, last_punct=False (delay=0.00s, est_api=0.55s)
[transcriber]   [01:53:12.706] ⏱️ API 耗時: 1.46s
[main]          [01:53:12.707] ✅ 辨識完成: "嘿嘿 可以嗎"
[paster]        [01:53:12.759] 🎯 PASTE: at_end=False, last_punct=False, add_prefix=False (prefetched), prefix='，', final='嘿嘿 可以嗎'
[paster]        [01:53:12.776] ⌨️ TEXT input flow start: target_chars=6，視窗="Analyzing Paste-Transcription Timing Sequence"，hwnd=0x015c200c，process=antigravity.exe，class=Chrome_WidgetWin_1，focus=('Message input', 'max-h-[300px] rounded-md cursor-text overflow-y-auto text-md p-2 outline-none transition-all duration-100 text-sm', '', 'ComboBoxControl')，verify_readable=True，keys_before=async_down=none; logical_down=none，text='嘿嘿 可以嗎'
[paster]        [01:53:12.776] ⌨️ 直接輸入前釋放修飾鍵: released=none，keys_after_release=async_down=none; logical_down=none
[paster]        [01:53:12.799] ⌨️ TEXT input done: ok=True，keys_after_send=async_down=none; logical_down=none
[paster]        [01:53:12.801] ⏱️ 收到→直接輸入完成: 0.09s
[paster]        [01:53:12.801] ⌨️ TEXT input verify: ok=True，reason=sendinput_trusted (hwnd unchanged)
[paster]        [01:53:12.810] 📢 _notify_text_pasted → calling callback
[overlay]       [01:53:49.251] ⚠️ paintEvent slow: 36434ms
[main]          [01:53:49.252] ✅ overlay 顯示「辨識完成 ✓」(idle, status)
[tap]           [01:53:53.560] 💤 敲麥監聽已停止
[recorder]      [01:53:53.640] 💤 預熱 stream 已關閉
