[main] LOG -> F:\Cursor\AI Whisper Next\logs\ai_whisper_20260517_203922.log
[settings] config loaded from F:\Cursor\AI Whisper Next\config.json
[main][20:39:23.005] ✅ 快捷鍵 ctrl+f12（句號）、ctrl+f11（逗號）已註冊
[main][20:39:23.006] ✅ 主快捷鍵 2/2 已註冊 (Win32)
[main][20:39:23.006] ✅ 記憶快捷鍵 5/5 已註冊 (Win32)
[tap]        [20:39:23.021] 🎙️ 敲麥監聽已啟動
[tap][sample][20:39:23.950] 持續=27ms 峰值=698 ✓ 🎯 敲擊 #1
[tap][sample][20:39:24.265] 持續=125ms 峰值=15235 ✓ 🎯 敲擊 #2
[tap][sample][20:39:24.463] 持續=135ms 峰值=13904 ✓ 🎯 敲擊 #3
[tap]        [20:39:24.463] 🔔 三連敲觸發（間隔 217ms / 188ms，一致性 0.87）
[tap]        [20:39:24.535] 💤 敲麥監聽已停止
[recorder][20:39:24] ⏱️ InputStream() 10.7ms
[recorder][20:39:24] ⏱️ stream.start() 1.9ms
[recorder][20:39:24] 🎙️ 錄音就緒，總初始化 12.7ms
[main][20:39:24.637] ⏱️ recorder.start() 耗時 99.7ms，ok=True
[recorder][VAD] 載入 Silero VAD 模型...
[tap]        [20:39:25.083] 🎙️ 敲麥監聽已啟動
[main][20:39:25.089] 🎙️ 開始錄音
Using cache found in C:\Users\Administrator/.cache\torch\hub\snakers4_silero-vad_master
[recorder][20:39:25] 🎤 第一包音訊到達，麥克風實際開啟延遲 760.2ms
[recorder][VAD] Silero VAD 模型載入完成
[transcriber][20:39:25.397] 🔌 HTTP 連線預熱完成 (2.37s)
[recorder][VAD] Silero 語音幀 0/37 (0.0%)，有效語音 0.00s，信心閾值 0.6，最低比例 16%，最低語音 0.35s
[recorder][flush] ❌ VAD 未達有效語音門檻，略過（語音比例不足 0.0% < 16%）
[recorder][VAD] Silero 語音幀 0/38 (0.0%)，有效語音 0.00s，信心閾值 0.6，最低比例 16%，最低語音 0.35s
[recorder][flush] ❌ VAD 未達有效語音門檻，略過（語音比例不足 0.0% < 16%）
[tap][dim]   [20:39:28.234] 持續=22ms 峰值=347 ✗弱
[recorder][VAD] Silero 語音幀 0/50 (0.0%)，有效語音 0.00s，信心閾值 0.6，最低比例 16%，最低語音 0.35s
[recorder][flush] ❌ VAD 未達有效語音門檻，略過（語音比例不足 0.0% < 16%）
[tap][sample][20:39:30.475] 持續=225ms 峰值=8647 ✗長
[tap][sample][20:39:30.825] 持續=324ms 峰值=2548 ✗長
[tap][dim]   [20:39:30.880] 持續=55ms 峰值=571 ✗弱
[tap][sample][20:39:30.924] 持續=44ms 峰值=623 ✓ 🎯 敲擊 #1
[tap][dim]   [20:39:31.014] 持續=63ms 峰值=425 ✗弱
[tap][sample][20:39:31.113] 持續=99ms 峰值=1718 ✓ ⏱️ 防抖略過（距上次 134ms < 180ms）
[tap][dim]   [20:39:31.176] 持續=27ms 峰值=315 ✗弱
[tap][sample][20:39:31.204] 持續=28ms 峰值=738 ✓ 🎯 敲擊 #2
[tap][dim]   [20:39:31.239] 持續=35ms 峰值=575 ✗弱
[tap][dim]   [20:39:31.329] 持續=53ms 峰值=460 ✗弱
[tap][sample][20:39:31.491] 持續=162ms 峰值=4102 ✗長
[tap][dim]   [20:39:31.518] 持續=27ms 峰值=499 ✗弱
[tap][sample][20:39:31.563] 持續=45ms 峰值=855 ✓ 🎯 敲擊 #3
[tap]        [20:39:31.563] 🔔 三連敲觸發（間隔 297ms / 342ms，一致性 0.87）
[main][20:39:31.564] ⏳ 預熱 idle 計時器啟動，10 分鐘後關閉麥克風
[recorder][VAD] Silero 語音幀 0/69 (0.0%)，有效語音 0.00s，信心閾值 0.6，最低比例 16%，最低語音 0.35s
[recorder][stop] ❌ VAD 未達有效語音門檻，不送出辨識（語音比例不足 0.0% < 16%）
[tap][dim]   [20:39:31.599] 持續=36ms 峰值=557 ✗弱
[tap][sample][20:39:31.726] 持續=126ms 峰值=1251 ✗長
[tap][dim]   [20:39:31.753] 持續=27ms 峰值=466 ✗弱
[tap][sample][20:39:32.050] 持續=297ms 峰值=1422 ✗長
[tap][dim]   [20:39:32.077] 持續=27ms 峰值=592 ✗弱
[tap][sample][20:39:32.104] 持續=27ms 峰值=775 ✓ 🎯 敲擊 #1
[tap][dim]   [20:39:32.139] 持續=36ms 峰值=429 ✗弱
[tap][sample][20:39:32.391] 持續=162ms 峰值=2197 ✗長
[tap]         ⏱️ 間隔過長重置（567ms）
[tap][sample][20:39:32.743] 持續=99ms 峰值=1203 ✓ 🎯 敲擊 #1
[tap][dim]   [20:39:32.770] 持續=27ms 峰值=368 ✗弱
[main][20:39:35.443] ⌨️ 主快捷鍵觸發（Win32/句號），keys=async_down=Ctrl,RCtrl; logical_down=Ctrl,RCtrl
[main][20:39:35.444] ⌨️ after(0) 執行延遲 0.5ms
[tap]        [20:39:35.479] 💤 敲麥監聽已停止
[recorder][20:39:35] 🚀 預熱命中，直接開始錄音
[main][20:39:35.479] ⏱️ recorder.start() 耗時 0.1ms，ok=True
[tap]        [20:39:35.483] 🎙️ 敲麥監聽已啟動
[main][20:39:35.488] 🎙️ 開始錄音
[recorder][VAD] Silero 語音幀 0/31 (0.0%)，有效語音 0.00s，信心閾值 0.6，最低比例 16%，最低語音 0.35s
[recorder][flush] ❌ VAD 未達有效語音門檻，略過（語音比例不足 0.0% < 16%）
[tap][sample][20:39:36.702] 持續=99ms 峰值=3278 ✓ 🎯 敲擊 #1
[tap][dim]   [20:39:36.730] 持續=27ms 峰值=405 ✗弱
[tap][sample][20:39:36.999] 持續=108ms 峰值=2729 ✓ 🎯 敲擊 #2
[tap][sample][20:39:37.342] 持續=63ms 峰值=2374 ✓ 🎯 敲擊 #3
[tap]        [20:39:37.342] 🔔 三連敲觸發（間隔 288ms / 387ms，一致性 0.74）
[main][20:39:37.352] ⏳ 預熱 idle 計時器啟動，10 分鐘後關閉麥克風
[tap][dim]   [20:39:37.369] 持續=28ms 峰值=593 ✗弱
[recorder][VAD] Silero 語音幀 4/26 (15.4%)，有效語音 0.13s，信心閾值 0.6，最低比例 16%，最低語音 0.35s
[recorder][stop] ❌ VAD 未達有效語音門檻，不送出辨識（語音比例不足 15.4% < 16%）
[tap][sample][20:39:37.504] 持續=134ms 峰值=1492 ✗長
[tap][sample][20:39:38.306] 持續=738ms 峰值=3310 ✗長
[tap][dim]   [20:39:39.322] 持續=90ms 峰值=382 ✗弱
[tap][sample][20:39:39.520] 持續=198ms 峰值=1223 ✗長
[tap][dim]   [20:39:39.611] 持續=28ms 峰值=346 ✗弱
[tap][sample][20:39:39.645] 持續=35ms 峰值=607 ✓ 🎯 敲擊 #1
[tap][sample][20:39:40.005] 持續=296ms 峰值=1502 ✗長
[main][20:39:41.037] ⌨️ 主快捷鍵觸發（Win32/句號），keys=async_down=Ctrl,RCtrl; logical_down=Ctrl,RCtrl
[main][20:39:41.039] ⌨️ after(0) 執行延遲 1.4ms
[tap]        [20:39:41.060] 💤 敲麥監聽已停止
[recorder][20:39:41] 🚀 預熱命中，直接開始錄音
[main][20:39:41.060] ⏱️ recorder.start() 耗時 0.1ms，ok=True
[tap]        [20:39:41.063] 🎙️ 敲麥監聽已啟動
[main][20:39:41.067] 🎙️ 開始錄音
[tap][sample][20:39:41.643] 持續=27ms 峰值=1624 ✓ 🎯 敲擊 #1
[tap][dim]   [20:39:41.680] 持續=36ms 峰值=517 ✗弱
[tap][sample][20:39:41.905] 持續=225ms 峰值=1942 ✗長
[tap][sample][20:39:42.067] 持續=108ms 峰值=1666 ✓ 🎯 敲擊 #2
[tap][sample][20:39:42.221] 持續=127ms 峰值=1802 ✗長
[tap][sample][20:39:42.409] 持續=99ms 峰值=1998 ✓ 🎯 敲擊 #3
[tap]        [20:39:42.409] 🔔 三連敲觸發（間隔 342ms / 351ms，一致性 0.97）
[main][20:39:42.410] ⏳ 預熱 idle 計時器啟動，10 分鐘後關閉麥克風
[recorder][VAD] Silero 語音幀 16/42 (38.1%)，有效語音 0.51s，信心閾值 0.6，最低比例 16%，最低語音 0.35s
[main][20:39:42.422] ✅ 錄音完成，送出辨識
[tap][dim]   [20:39:42.445] 持續=37ms 峰值=425 ✗弱
[paster][20:39:42] 📏 [UIA] 文字為空 → 不加句號
[paster][20:39:42] 🔮 預取游標位置: at_end=False, last_punct=False (delay=0.00s, est_api=0.39s)
[tap][sample][20:39:42.499] 持續=53ms 峰值=957 ✓ 🎯 敲擊 #1
[tap][dim]   [20:39:42.607] 持續=27ms 峰值=433 ✗弱
[tap][sample][20:39:42.706] 持續=99ms 峰值=1517 ✓ ⏱️ 防抖略過（距上次 162ms < 180ms）
[tap][dim]   [20:39:42.733] 持續=27ms 峰值=592 ✗弱
[tap][sample][20:39:42.760] 持續=27ms 峰值=1113 ✓ 🎯 敲擊 #2
[tap][sample][20:39:42.859] 持續=63ms 峰值=999 ✓ ⏱️ 防抖略過（距上次 63ms < 180ms）
[tap][dim]   [20:39:42.949] 持續=90ms 峰值=442 ✗弱
[transcriber][20:39:43.845] ⏱️ API 耗時: 1.42s
[main][20:39:43.845] ✅ 辨識完成: "抱歉"
[paster][20:39:43] 🎯 PASTE: at_end=False, last_punct=False, add_prefix=False (prefetched), prefix='。', final='抱歉'
[paster][20:39:43] ⌨️ TEXT input skipped: process=notepad.exe，class=Notepad，focus=('文字編輯器', 'Edit', '15', 'EditControl')，preserve_ctrl=False
[paster][20:39:43] 📋 CLIP flow start: target_chars=2, restore_delay=0.30s
[paster][20:39:43] 📋 CLIP backup: count=7, formats=49367:1215B, 13:28B, 50188:24B, 50131:119B, 16:4B, 1:27B, 7:27B, text='識別開始後的敲擊全都是真敲'
[paster][20:39:43] 📋 CLIP set attempt 1/4: chars=2, bytes=6, preview='抱歉'
[paster][20:39:43] 📋 CLIP verify ok: attempt=1, chars=2, text='抱歉'
[paster][20:39:44] ⌨️ Ctrl+V 準備送出，cb_ok=True，視窗="未命名 - 記事本"，hwnd=0x05a0111a，process=notepad.exe，class=Notepad，keys_before=async_down=none; logical_down=none，text='抱歉'
[paster][20:39:44] ⌨️ 貼上前釋放修飾鍵: released=none，restore_later=none，preserve_ctrl=False，keys_after_release=async_down=none; logical_down=none
[paster][20:39:44] ⌨️ Ctrl+V 已送出，keys_after_send=async_down=none; logical_down=none
[paster][20:39:44] 🚫 CLIP guard armed: manual Ctrl+V suppressed
[paster][20:39:44] ⏱️ 收到→貼上完成: 0.30s
[paster][20:39:44] 📋 CLIP restore wait: 0.30s
[paster][20:39:44] 📋 CLIP restore attempt 1/4: text='識別開始後的敲擊全都是真敲'
[paster][20:39:44] 📋 CLIP restore: restored=7/7, formats=49367:1215B, 13:28B, 50188:24B, 50131:119B, 16:4B, 1:27B, 7:27B, text='識別開始後的敲擊全都是真敲'
[paster][20:39:44] 📋 CLIP restore verify ok: attempt=1, text='識別開始後的敲擊全都是真敲'
[paster][20:39:44] 🚫 CLIP guard disarmed: blocked=0
[main][20:39:45.154] ⌨️ 主快捷鍵觸發（Win32/句號），keys=async_down=Ctrl,RCtrl; logical_down=Ctrl,RCtrl
[main][20:39:45.155] ⌨️ after(0) 執行延遲 0.6ms
[tap]        [20:39:45.172] 💤 敲麥監聽已停止
[recorder][20:39:45] 🚀 預熱命中，直接開始錄音
[main][20:39:45.173] ⏱️ recorder.start() 耗時 0.2ms，ok=True
[tap]        [20:39:45.176] 🎙️ 敲麥監聽已啟動
[main][20:39:45.179] 🎙️ 開始錄音
[tap][sample][20:39:46.396] 持續=324ms 峰值=3911 ✗長
[tap][sample][20:39:46.684] 持續=234ms 峰值=1412 ✗長
[tap][dim]   [20:39:46.720] 持續=36ms 峰值=423 ✗弱
[paster][20:39:46] 📋 CLIP watchdog done: checks=11, repairs=0, ok=True, final='識別開始後的敲擊全都是真敲'
[paster][20:39:46] 📋 剪貼簿已還原驗證（7 種格式，restore_ok=True, watch_ok=True）
[tap][sample][20:39:46.936] 持續=162ms 峰值=2007 ✗長
[tap][dim]   [20:39:46.972] 持續=36ms 峰值=446 ✗弱
[tap][dim]   [20:39:47.088] 持續=27ms 峰值=452 ✗弱
[tap][sample][20:39:47.196] 持續=108ms 峰值=707 ✓ 🎯 敲擊 #1
[tap][dim]   [20:39:47.224] 持續=27ms 峰值=539 ✗弱
[tap][sample][20:39:47.323] 持續=99ms 峰值=811 ✓ ⏱️ 防抖略過（距上次 135ms < 180ms）
[tap][dim]   [20:39:47.386] 持續=63ms 峰值=525 ✗弱
[tap][sample][20:39:47.511] 持續=126ms 峰值=2111 ✗長
[tap][dim]   [20:39:47.575] 持續=36ms 峰值=582 ✗弱
[tap][sample][20:39:47.863] 持續=288ms 峰值=2053 ✗長
[tap][dim]   [20:39:47.890] 持續=27ms 峰值=479 ✗弱
[tap][sample][20:39:47.962] 持續=72ms 峰值=1437 ✓ 🎯 敲擊 #1
[tap][dim]   [20:39:47.989] 持續=27ms 峰值=572 ✗弱
[tap][sample][20:39:48.052] 持續=63ms 峰值=1198 ✓ ⏱️ 防抖略過（距上次 99ms < 180ms）
[tap][sample][20:39:48.286] 持續=72ms 峰值=732 ✓ 🎯 敲擊 #2
[tap][dim]   [20:39:48.313] 持續=27ms 峰值=447 ✗弱
[tap][sample][20:39:48.438] 持續=98ms 峰值=995 ✓ ⏱️ 防抖略過（距上次 127ms < 180ms）
[tap][dim]   [20:39:48.474] 持續=36ms 峰值=571 ✗弱
[tap][sample][20:39:48.664] 持續=120ms 峰值=1511 ✗長
[tap][dim]   [20:39:48.740] 持續=76ms 峰值=448 ✗弱
[tap][sample][20:39:48.854] 持續=114ms 峰值=1894 ✗長
[tap][dim]   [20:39:48.889] 持續=35ms 峰值=469 ✗弱
[tap][sample][20:39:49.087] 持續=158ms 峰值=2495 ✗長
[tap][sample][20:39:49.374] 持續=162ms 峰值=1413 ✗長
[tap][sample][20:39:49.653] 持續=162ms 峰值=2228 ✗長
[tap][dim]   [20:39:49.753] 持續=99ms 峰值=495 ✗弱
[tap][sample][20:39:50.176] 持續=360ms 峰值=2233 ✗長
[tap][dim]   [20:39:50.202] 持續=27ms 峰值=464 ✗弱
[tap][sample][20:39:50.653] 持續=450ms 峰值=2017 ✗長
[tap][dim]   [20:39:50.680] 持續=27ms 峰值=339 ✗弱
[tap][sample][20:39:50.771] 持續=91ms 峰值=1280 ✓ 🎯 敲擊 #1
[tap][dim]   [20:39:50.814] 持續=44ms 峰值=302 ✗弱
[tap][dim]   [20:39:51.318] 持續=27ms 峰值=567 ✗弱
[tap][sample][20:39:51.642] 持續=324ms 峰值=2119 ✗長
[tap][sample][20:39:51.895] 持續=162ms 峰值=1996 ✗長
[tap][dim]   [20:39:51.966] 持續=72ms 峰值=546 ✗弱
[tap][sample][20:39:52.534] 持續=225ms 峰值=2659 ✗長
[tap][dim]   [20:39:52.569] 持續=36ms 峰值=423 ✗弱
[tap][sample][20:39:52.894] 持續=234ms 峰值=996 ✗長
[tap][sample][20:39:53.470] 持續=63ms 峰值=1654 ✓ 🎯 敲擊 #1
[tap][dim]   [20:39:53.497] 持續=27ms 峰值=444 ✗弱
[tap][sample][20:39:53.533] 持續=36ms 峰值=1110 ✓ ⏱️ 防抖略過（距上次 90ms < 180ms）
[tap][sample][20:39:53.785] 持續=135ms 峰值=1834 ✗長
[tap][dim]   [20:39:53.812] 持續=27ms 峰值=394 ✗弱
[tap][sample][20:39:54.261] 持續=288ms 峰值=2509 ✗長
[tap][dim]   [20:39:54.334] 持續=45ms 峰值=512 ✗弱
[tap][sample][20:39:54.496] 持續=162ms 峰值=2373 ✗長
[recorder][VAD] Silero 語音幀 196/323 (60.7%)，有效語音 6.27s，信心閾值 0.6，最低比例 16%，最低語音 0.35s
[recorder][flush] ✅ 取出 10.3s 音訊段落
[main][20:39:55.619] ✂️ 自動分段送出（靜音達1s，累積 10.3s，靜音 1.1s）
[main][20:39:55.881] ⌨️ 主快捷鍵觸發（Win32/句號），keys=async_down=Ctrl,RCtrl; logical_down=Ctrl,RCtrl
[main][20:39:55.882] ⌨️ after(0) 執行延遲 0.4ms[main][20:39:55.882] ⏳ 預熱 idle 計時器啟動，10 分鐘後關閉麥克風

[recorder][stop] 錄音太短 (0.34s)，略過
[paster][20:39:56] ⚠️ [UIA] TextPattern 不支援: 'NoneType' object has no attribute 'DocumentRange'
[paster][20:39:56] 🔮 預取游標位置: at_end=False, last_punct=False (delay=0.83s, est_api=1.28s)
[transcriber][20:39:56.993] ⏱️ API 耗時: 1.37s
[main][20:39:56.994] ✅ 分段辨識完成: "否則其車型需求的變動都很小，小到供給一定夠用"
[paster][20:39:57] 🎯 PASTE: at_end=False, last_punct=False, add_prefix=False (prefetched), prefix='。', final='否則其車型需求的變動都很小，小到供給一定夠用'
[paster][20:39:57] ⌨️ TEXT input skipped: process=notepad.exe，class=Notepad，focus=('文字編輯器', 'Edit', '15', 'EditControl')，preserve_ctrl=False
[paster][20:39:57] 📋 CLIP flow start: target_chars=22, restore_delay=0.30s
[paster][20:39:57] 📋 CLIP backup: count=7, formats=49367:1215B, 13:28B, 50188:24B, 50131:119B, 16:4B, 1:27B, 7:27B, text='識別開始後的敲擊全都是真敲'
[paster][20:39:57] 📋 CLIP set attempt 1/4: chars=22, bytes=46, preview='否則其車型需求的變動都很小，小到供給一定夠用'
[paster][20:39:57] 📋 CLIP verify ok: attempt=1, chars=22, text='否則其車型需求的變動都很小，小到供給一定'
[paster][20:39:57] ⌨️ Ctrl+V 準備送出，cb_ok=True，視窗="*未命名 - 記事本"，hwnd=0x05a0111a，process=notepad.exe，class=Notepad，keys_before=async_down=none; logical_down=none，text='否則其車型需求的變動都很小，小到供給一定夠用'
[paster][20:39:57] ⌨️ 貼上前釋放修飾鍵: released=none，restore_later=none，preserve_ctrl=False，keys_after_release=async_down=none; logical_down=none
[paster][20:39:57] ⌨️ Ctrl+V 已送出，keys_after_send=async_down=none; logical_down=none
[paster][20:39:57] 🚫 CLIP guard armed: manual Ctrl+V suppressed
[paster][20:39:57] ⏱️ 收到→貼上完成: 0.19s
[paster][20:39:57] 📋 CLIP restore wait: 0.30s
[paster][20:39:57] 📋 CLIP restore attempt 1/4: text='識別開始後的敲擊全都是真敲'
[paster][20:39:57] 📋 CLIP restore: restored=7/7, formats=49367:1215B, 13:28B, 50188:24B, 50131:119B, 16:4B, 1:27B, 7:27B, text='識別開始後的敲擊全都是真敲'
[paster][20:39:57] 📋 CLIP restore verify ok: attempt=1, text='識別開始後的敲擊全都是真敲'
[paster][20:39:57] 🚫 CLIP guard disarmed: blocked=0
[tap][dim]   [20:39:58.294] 持續=54ms 峰值=533 ✗弱
[tap][dim]   [20:39:58.654] 持續=72ms 峰值=539 ✗弱
[tap][sample][20:39:58.717] 持續=63ms 峰值=725 ✓ 🎯 敲擊 #1
[tap][dim]   [20:39:58.815] 持續=99ms 峰值=407 ✗弱
[main][20:39:59.247] ⌨️ 主快捷鍵觸發（Win32/句號），keys=async_down=Ctrl,RCtrl; logical_down=Ctrl,RCtrl
[main][20:39:59.248] ⌨️ after(0) 執行延遲 0.8ms
[tap]        [20:39:59.268] 💤 敲麥監聽已停止
[recorder][20:39:59] 🚀 預熱命中，直接開始錄音
[main][20:39:59.268] ⏱️ recorder.start() 耗時 0.3ms，ok=True
[tap]        [20:39:59.275] 🎙️ 敲麥監聽已啟動
[main][20:39:59.283] 🎙️ 開始錄音
[paster][20:39:59] 📋 CLIP watchdog done: checks=11, repairs=0, ok=True, final='識別開始後的敲擊全都是真敲'
[paster][20:39:59] 📋 剪貼簿已還原驗證（7 種格式，restore_ok=True, watch_ok=True）
[tap][sample][20:39:59.949] 持續=36ms 峰值=1270 ✓ 🎯 敲擊 #1
[tap][sample][20:40:01.615] 持續=828ms 峰值=8730 ✗長
[tap][dim]   [20:40:01.642] 持續=27ms 峰值=578 ✗弱
[tap][sample][20:40:02.199] 持續=449ms 峰值=2497 ✗長
[tap][dim]   [20:40:02.227] 持續=27ms 峰值=332 ✗弱
[tap][sample][20:40:02.290] 持續=63ms 峰值=1067 ✓ 🎯 敲擊 #1
[tap][dim]   [20:40:02.353] 持續=63ms 峰值=378 ✗弱
[tap][dim]   [20:40:02.443] 持續=27ms 峰值=431 ✗弱
[tap][sample][20:40:02.542] 持續=100ms 峰值=1129 ✓ 🎯 敲擊 #2
[tap][dim]   [20:40:02.632] 持續=90ms 峰值=558 ✗弱
[tap][sample][20:40:02.920] 持續=216ms 峰值=2987 ✗長
[tap][dim]   [20:40:02.992] 持續=72ms 峰值=365 ✗弱
[tap][dim]   [20:40:03.082] 持續=64ms 峰值=439 ✗弱
[tap][sample][20:40:03.245] 持續=162ms 峰值=2468 ✗長
[tap][sample][20:40:03.597] 持續=164ms 峰值=1122 ✗長
[tap][sample][20:40:03.794] 持續=36ms 峰值=850 ✓ 🎯 敲擊 #1
[tap][dim]   [20:40:03.821] 持續=27ms 峰值=361 ✗弱
[tap][sample][20:40:03.856] 持續=36ms 峰值=875 ✓ ⏱️ 防抖略過（距上次 64ms < 180ms）
[tap][dim]   [20:40:03.883] 持續=27ms 峰值=397 ✗弱
[tap][sample][20:40:03.910] 持續=27ms 峰值=679 ✓ ⏱️ 防抖略過（距上次 126ms < 180ms）
[tap][sample][20:40:04.180] 持續=135ms 峰值=1456 ✗長
[tap][dim]   [20:40:04.234] 持續=54ms 峰值=422 ✗弱
[tap][sample][20:40:04.630] 持續=270ms 峰值=2050 ✗長
[tap][sample][20:40:04.909] 持續=225ms 峰值=3564 ✗長
[tap][sample][20:40:04.971] 持續=27ms 峰值=724 ✓ 🎯 敲擊 #1
[tap][dim]   [20:40:05.079] 持續=81ms 峰值=533 ✗弱
[tap][sample][20:40:05.106] 持續=27ms 峰值=600 ✓ ⏱️ 防抖略過（距上次 135ms < 180ms）
[tap][dim]   [20:40:05.170] 持續=64ms 峰值=588 ✗弱
[tap][sample][20:40:05.233] 持續=36ms 峰值=613 ✓ 🎯 敲擊 #2
[tap][dim]   [20:40:05.260] 持續=27ms 峰值=349 ✗弱
[tap][sample][20:40:05.485] 持續=225ms 峰值=2063 ✗長
[tap][dim]   [20:40:05.511] 持續=27ms 峰值=437 ✗弱
[tap][dim]   [20:40:05.898] 持續=27ms 峰值=331 ✗弱
[tap]         ⏱️ 間隔過長重置（926ms）
[tap][sample][20:40:06.160] 持續=36ms 峰值=1010 ✓ 🎯 敲擊 #1
[tap][dim]   [20:40:06.223] 持續=63ms 峰值=480 ✗弱
[tap][sample][20:40:06.385] 持續=163ms 峰值=2943 ✗長
[tap][dim]   [20:40:06.412] 持續=27ms 峰值=426 ✗弱
[tap][sample][20:40:06.476] 持續=64ms 峰值=864 ✓ 🎯 敲擊 #2
[tap][sample][20:40:06.789] 持續=242ms 峰值=1128 ✗長
[tap][sample][20:40:07.023] 持續=162ms 峰值=1816 ✗長
[tap][dim]   [20:40:07.086] 持續=63ms 峰值=571 ✗弱
[tap][dim]   [20:40:07.312] 持續=72ms 峰值=327 ✗弱
[tap][sample][20:40:07.374] 持續=36ms 峰值=672 ✓ 🎯 敲擊 #1
[tap][dim]   [20:40:07.401] 持續=27ms 峰值=431 ✗弱
[tap][sample][20:40:07.428] 持續=27ms 峰值=1014 ✓ ⏱️ 防抖略過（距上次 63ms < 180ms）
[tap][dim]   [20:40:07.635] 持續=36ms 峰值=357 ✗弱
[tap][sample][20:40:07.987] 持續=351ms 峰值=1409 ✗長
[tap][dim]   [20:40:08.014] 持續=27ms 峰值=537 ✗弱
[tap][sample][20:40:08.203] 持續=189ms 峰值=1564 ✗長
[tap][dim]   [20:40:08.679] 持續=45ms 峰值=377 ✗弱
[tap][sample][20:40:08.733] 持續=54ms 峰值=1040 ✓ 🎯 敲擊 #1
[tap][dim]   [20:40:08.770] 持續=36ms 峰值=378 ✗弱
[tap][sample][20:40:08.796] 持續=26ms 峰值=1720 ✓ ⏱️ 防抖略過（距上次 90ms < 180ms）
[tap][dim]   [20:40:08.860] 持續=27ms 峰值=319 ✗弱
[tap][sample][20:40:08.896] 持續=36ms 峰值=990 ✓ 🎯 敲擊 #2
[tap][sample][20:40:09.157] 持續=162ms 峰值=1990 ✗長
[tap][dim]   [20:40:09.311] 持續=37ms 峰值=485 ✗弱
[tap]         ⏱️ 間隔過長重置（451ms）
[tap][sample][20:40:09.399] 持續=89ms 峰值=1516 ✓ 🎯 敲擊 #1
[tap][dim]   [20:40:09.436] 持續=36ms 峰值=407 ✗弱
[tap][sample][20:40:09.724] 持續=135ms 峰值=1495 ✗長
[tap][dim]   [20:40:09.760] 持續=36ms 峰值=386 ✗弱
[tap][sample][20:40:10.236] 持續=324ms 峰值=1818 ✗長
[tap][dim]   [20:40:10.273] 持續=36ms 峰值=395 ✗弱
[tap][sample][20:40:10.300] 持續=27ms 峰值=1321 ✓ 🎯 敲擊 #1
[tap][dim]   [20:40:10.336] 持續=36ms 峰值=505 ✗弱
[tap][sample][20:40:10.390] 持續=54ms 峰值=1026 ✓ ⏱️ 防抖略過（距上次 63ms < 180ms）
[tap][sample][20:40:10.750] 持續=225ms 峰值=2433 ✗長
[tap]         ⏱️ 間隔過長重置（639ms）
[tap][sample][20:40:10.938] 持續=27ms 峰值=613 ✓ 🎯 敲擊 #1
[tap][dim]   [20:40:11.902] 持續=27ms 峰值=314 ✗弱
[tap][sample][20:40:12.127] 持續=198ms 峰值=1552 ✗長
[tap]         ⏱️ 間隔過長重置（1315ms）
[tap][sample][20:40:12.252] 持續=26ms 峰值=877 ✓ 🎯 敲擊 #1
[tap][sample][20:40:12.414] 持續=36ms 峰值=2126 ✓ ⏱️ 防抖略過（距上次 152ms < 180ms）
[tap][dim]   [20:40:12.441] 持續=27ms 峰值=593 ✗弱
[tap][sample][20:40:12.514] 持續=72ms 峰值=1026 ✓ 🎯 敲擊 #2
[tap][sample][20:40:12.577] 持續=27ms 峰值=644 ✓ ⏱️ 防抖略過（距上次 108ms < 180ms）
[tap][dim]   [20:40:12.864] 持續=99ms 峰值=330 ✗弱
[tap]         ⏱️ 間隔過長重置（801ms）
[tap][sample][20:40:13.269] 持續=27ms 峰值=2434 ✓ 🎯 敲擊 #1
[tap][dim]   [20:40:13.315] 持續=45ms 峰值=565 ✗弱
[tap][sample][20:40:13.432] 持續=63ms 峰值=1199 ✓ ⏱️ 防抖略過（距上次 126ms < 180ms）
[tap]         ⏱️ 間隔過長重置（837ms）
[tap][sample][20:40:14.143] 持續=63ms 峰值=923 ✓ 🎯 敲擊 #1
[tap][sample][20:40:14.304] 持續=36ms 峰值=2857 ✓ 🎯 敲擊 #2
[tap][dim]   [20:40:14.332] 持續=27ms 峰值=492 ✗弱
[tap][sample][20:40:14.395] 持續=63ms 峰值=956 ✓ ⏱️ 防抖略過（距上次 63ms < 180ms）
[tap][dim]   [20:40:14.440] 持續=45ms 峰值=477 ✗弱
[tap][sample][20:40:14.683] 持續=27ms 峰值=3799 ✓ 🎯 敲擊 #3
[tap]        [20:40:14.683] ⚠️ 節奏不一致（間隔 189ms / 387ms，一致性 0.49），忽略
[tap][dim]   [20:40:15.071] 持續=35ms 峰值=418 ✗弱
[tap][sample][20:40:15.196] 持續=125ms 峰值=1855 ✗長
[tap][dim]   [20:40:15.231] 持續=35ms 峰值=300 ✗弱
[tap][dim]   [20:40:15.321] 持續=27ms 峰值=336 ✗弱
[tap][dim]   [20:40:15.709] 持續=37ms 峰值=334 ✗弱
[tap][dim]   [20:40:15.834] 持續=63ms 峰值=378 ✗弱
[tap][dim]   [20:40:16.510] 持續=64ms 峰值=593 ✗弱
[tap][sample][20:40:16.734] 持續=224ms 峰值=2945 ✗長
[tap][sample][20:40:16.924] 持續=163ms 峰值=2425 ✗長
[tap][dim]   [20:40:16.960] 持續=36ms 峰值=592 ✗弱
[tap][sample][20:40:16.995] 持續=36ms 峰值=656 ✓ 🎯 敲擊 #1
[tap][dim]   [20:40:17.050] 持續=54ms 峰值=599 ✗弱
[tap][dim]   [20:40:17.239] 持續=54ms 峰值=579 ✗弱
[tap][sample][20:40:17.410] 持續=171ms 峰值=1249 ✗長
[tap][sample][20:40:17.634] 持續=162ms 峰值=2697 ✗長
[tap][dim]   [20:40:17.725] 持續=91ms 峰值=425 ✗弱
[tap][sample][20:40:17.986] 持續=261ms 峰值=1997 ✗長
[tap][dim]   [20:40:18.013] 持續=27ms 峰值=385 ✗弱
[tap][sample][20:40:19.002] 持續=63ms 峰值=2724 ✓ 🎯 敲擊 #1
[tap][sample][20:40:19.075] 持續=45ms 峰值=925 ✓ ⏱️ 防抖略過（距上次 91ms < 180ms）
[tap][sample][20:40:19.452] 持續=261ms 峰值=1416 ✗長
[tap]         ⏱️ 間隔過長重置（612ms）
[tap][sample][20:40:19.615] 持續=63ms 峰值=3117 ✓ 🎯 敲擊 #1
[tap][dim]   [20:40:19.642] 持續=27ms 峰值=425 ✗弱
[tap][sample][20:40:19.668] 持續=27ms 峰值=998 ✓ ⏱️ 防抖略過（距上次 90ms < 180ms）
[tap][sample][20:40:19.803] 持續=54ms 峰值=689 ✓ 🎯 敲擊 #2
[tap][sample][20:40:19.993] 持續=63ms 峰值=745 ✓ ⏱️ 防抖略過（距上次 180ms < 180ms）
[tap][dim]   [20:40:20.091] 持續=99ms 峰值=500 ✗弱
[tap][sample][20:40:21.018] 持續=188ms 峰值=3228 ✗長
[tap]         ⏱️ 間隔過長重置（1305ms）
[tap][sample][20:40:21.082] 持續=27ms 峰值=866 ✓ 🎯 敲擊 #1
[tap][dim]   [20:40:21.109] 持續=27ms 峰值=464 ✗弱
[tap][sample][20:40:21.342] 持續=233ms 峰值=1731 ✗長
[tap][dim]   [20:40:21.370] 持續=27ms 峰值=480 ✗弱
[tap][sample][20:40:21.666] 持續=135ms 峰值=1916 ✗長
[tap][dim]   [20:40:21.757] 持續=90ms 峰值=527 ✗弱
[tap][dim]   [20:40:21.912] 持續=29ms 峰值=467 ✗弱
[tap][sample][20:40:21.981] 持續=70ms 峰值=1648 ✓ 🎯 敲擊 #1
[tap][dim]   [20:40:22.009] 持續=28ms 峰值=342 ✗弱
[tap][sample][20:40:22.207] 持續=197ms 峰值=959 ✗長
[tap][dim]   [20:40:22.271] 持續=64ms 峰值=532 ✗弱
[tap][sample][20:40:22.548] 持續=117ms 峰值=2402 ✗長
[tap][sample][20:40:22.872] 持續=24ms 峰值=2765 ✓ 🎯 敲擊 #1
[tap][dim]   [20:40:22.944] 持續=72ms 峰值=542 ✗弱
[tap][sample][20:40:22.972] 持續=27ms 峰值=803 ✓ ⏱️ 防抖略過（距上次 96ms < 180ms）
[tap][sample][20:40:23.259] 持續=126ms 峰值=1762 ✗長
[tap][dim]   [20:40:23.295] 持續=36ms 峰值=404 ✗弱
[tap][sample][20:40:23.709] 持續=153ms 峰值=4944 ✗長
[tap][dim]   [20:40:23.745] 持續=36ms 峰值=462 ✗弱
[tap][sample][20:40:23.800] 持續=54ms 峰值=1249 ✓ 🎯 敲擊 #1
[tap][dim]   [20:40:23.836] 持續=36ms 峰值=329 ✗弱
[tap][dim]   [20:40:24.439] 持續=27ms 峰值=388 ✗弱
[tap][sample][20:40:25.635] 持續=360ms 峰值=1783 ✗長
[tap][dim]   [20:40:25.663] 持續=27ms 峰值=532 ✗弱
[tap]         ⏱️ 間隔過長重置（1917ms）
[tap][sample][20:40:25.725] 持續=63ms 峰值=1030 ✓ 🎯 敲擊 #1
[tap][dim]   [20:40:25.753] 持續=28ms 峰值=466 ✗弱
[tap][sample][20:40:26.679] 持續=126ms 峰值=1328 ✗長
[tap][dim]   [20:40:26.752] 持續=72ms 峰值=579 ✗弱
[tap]         ⏱️ 間隔過長重置（1089ms）
[tap][sample][20:40:26.779] 持續=27ms 峰值=1535 ✓ 🎯 敲擊 #1
[tap][sample][20:40:26.977] 持續=135ms 峰值=1217 ✗長
[tap][dim]   [20:40:27.004] 持續=27ms 峰值=400 ✗弱
[tap][sample][20:40:27.103] 持續=99ms 峰值=1135 ✓ 🎯 敲擊 #2
[tap][sample][20:40:27.517] 持續=351ms 峰值=1489 ✗長
[tap][dim]   [20:40:27.615] 持續=99ms 峰值=573 ✗弱
[tap][sample][20:40:27.967] 持續=252ms 峰值=1439 ✗長
[tap][sample][20:40:28.192] 持續=162ms 峰值=996 ✗長
[tap][sample][20:40:28.255] 持續=35ms 峰值=870 ✓ 🎯 敲擊 #1
[tap][dim]   [20:40:28.390] 持續=36ms 峰值=550 ✗弱
[tap][sample][20:40:28.606] 持續=216ms 峰值=1794 ✗長
[tap][dim]   [20:40:28.669] 持續=63ms 峰值=592 ✗弱
[tap]         ⏱️ 間隔過長重置（449ms）
[tap][sample][20:40:28.759] 持續=90ms 峰值=1173 ✓ 🎯 敲擊 #1
[tap][dim]   [20:40:28.795] 持續=36ms 峰值=517 ✗弱
[tap][sample][20:40:28.893] 持續=98ms 峰值=1618 ✓ ⏱️ 防抖略過（距上次 127ms < 180ms）
[tap][dim]   [20:40:28.929] 持續=36ms 峰值=358 ✗弱
[tap][sample][20:40:29.055] 持續=126ms 峰值=2633 ✗長
[tap][dim]   [20:40:29.110] 持續=54ms 峰值=496 ✗弱
[tap][dim]   [20:40:29.272] 持續=27ms 峰值=320 ✗弱
[tap][dim]   [20:40:29.380] 持續=36ms 峰值=439 ✗弱
[tap]         ⏱️ 間隔過長重置（711ms）
[tap][sample][20:40:29.434] 持續=54ms 峰值=1684 ✓ 🎯 敲擊 #1
[tap][dim]   [20:40:29.470] 持續=36ms 峰值=554 ✗弱
[tap][sample][20:40:29.560] 持續=90ms 峰值=1224 ✓ ⏱️ 防抖略過（距上次 90ms < 180ms）
[tap][dim]   [20:40:29.599] 持續=39ms 峰值=377 ✗弱
[tap][sample][20:40:30.010] 持續=412ms 峰值=2868 ✗長
[tap][dim]   [20:40:30.046] 持續=35ms 峰值=425 ✗弱
[tap]         ⏱️ 間隔過長重置（792ms）
[tap][sample][20:40:30.234] 持續=63ms 峰值=1540 ✓ 🎯 敲擊 #1
[tap][dim]   [20:40:30.279] 持續=45ms 峰值=594 ✗弱
[tap][sample][20:40:30.459] 持續=180ms 峰值=2470 ✗長
[tap][sample][20:40:30.685] 持續=162ms 峰值=1962 ✗長
[tap][dim]   [20:40:30.784] 持續=99ms 峰值=534 ✗弱
[tap][dim]   [20:40:30.846] 持續=27ms 峰值=508 ✗弱
[tap][sample][20:40:30.972] 持續=126ms 峰值=1788 ✗長
[tap][dim]   [20:40:31.072] 持續=100ms 峰值=527 ✗弱
[tap][sample][20:40:31.234] 持續=99ms 峰值=1502 ✓ 🎯 敲擊 #1
[tap][dim]   [20:40:31.270] 持續=36ms 峰值=423 ✗弱
[tap][sample][20:40:31.324] 持續=27ms 峰值=847 ✓ ⏱️ 防抖略過（距上次 162ms < 180ms）
[tap][dim]   [20:40:31.395] 持續=72ms 峰值=594 ✗弱
[tap][sample][20:40:31.675] 持續=126ms 峰值=2064 ✗長
[tap][dim]   [20:40:31.720] 持續=46ms 峰值=419 ✗弱
[tap][dim]   [20:40:32.440] 持續=27ms 峰值=369 ✗弱
[tap][sample][20:40:32.926] 持續=216ms 峰值=1809 ✗長
[tap][dim]   [20:40:32.953] 持續=26ms 峰值=416 ✗弱
[tap][sample][20:40:33.187] 持續=108ms 峰值=3119 ✓ 🎯 敲擊 #1
[tap][sample][20:40:33.726] 持續=413ms 峰值=1503 ✗長
[tap][dim]   [20:40:33.753] 持續=27ms 峰值=496 ✗弱
[tap][sample][20:40:34.042] 持續=289ms 峰值=1702 ✗長
[tap][sample][20:40:34.276] 持續=126ms 峰值=1789 ✗長
[tap][dim]   [20:40:34.303] 持續=27ms 峰值=482 ✗弱
[tap][sample][20:40:35.193] 持續=27ms 峰值=1415 ✓ 🎯 敲擊 #1
[tap][sample][20:40:35.328] 持續=99ms 峰值=1645 ✓ ⏱️ 防抖略過（距上次 63ms < 180ms）
[tap][dim]   [20:40:35.355] 持續=27ms 峰值=576 ✗弱
[tap][sample][20:40:35.590] 持續=171ms 峰值=1948 ✗長
[tap][dim]   [20:40:35.617] 持續=27ms 峰值=548 ✗弱
[tap]         ⏱️ 間隔過長重置（604ms）
[tap][sample][20:40:35.806] 持續=36ms 峰值=801 ✓ 🎯 敲擊 #1
[tap][dim]   [20:40:35.833] 持續=27ms 峰值=569 ✗弱
[tap][sample][20:40:35.932] 持續=99ms 峰值=753 ✓ ⏱️ 防抖略過（距上次 63ms < 180ms）
[tap][dim]   [20:40:35.974] 持續=41ms 峰值=492 ✗弱
[tap][dim]   [20:40:36.580] 持續=37ms 峰值=393 ✗弱
[tap][sample][20:40:36.733] 持續=152ms 峰值=1187 ✗長
[tap][dim]   [20:40:36.759] 持續=27ms 峰值=434 ✗弱
[tap]         ⏱️ 間隔過長重置（989ms）
[tap][sample][20:40:36.796] 持續=36ms 峰值=1176 ✓ 🎯 敲擊 #1
[tap][sample][20:40:36.859] 持續=27ms 峰值=1110 ✓ ⏱️ 防抖略過（距上次 72ms < 180ms）
[tap][sample][20:40:36.922] 持續=27ms 峰值=601 ✓ ⏱️ 防抖略過（距上次 135ms < 180ms）
[tap][sample][20:40:37.030] 持續=81ms 峰值=896 ✓ 🎯 敲擊 #2
[tap][dim]   [20:40:37.057] 持續=27ms 峰值=338 ✗弱
[tap][sample][20:40:37.084] 持續=27ms 峰值=1012 ✓ ⏱️ 防抖略過（距上次 108ms < 180ms）
[tap][dim]   [20:40:37.121] 持續=37ms 峰值=571 ✗弱
[tap][sample][20:40:37.211] 持續=90ms 峰值=1199 ✓ ⏱️ 防抖略過（距上次 172ms < 180ms）
[tap][dim]   [20:40:37.272] 持續=62ms 峰值=526 ✗弱
[tap][sample][20:40:37.309] 持續=36ms 峰值=829 ✓ 🎯 敲擊 #3
[tap]        [20:40:37.309] ⚠️ 節奏不一致（間隔 189ms / 324ms，一致性 0.58），忽略
[tap][sample][20:40:37.506] 持續=134ms 峰值=1296 ✗長
[tap][dim]   [20:40:37.596] 持續=90ms 峰值=585 ✗弱
[tap][dim]   [20:40:37.696] 持續=63ms 峰值=447 ✗弱
[tap][sample][20:40:38.020] 持續=198ms 峰值=2178 ✗長
[tap][sample][20:40:38.299] 持續=126ms 峰值=2279 ✗長
[tap][sample][20:40:38.362] 持續=27ms 峰值=708 ✓ 🎯 敲擊 #1
[tap][dim]   [20:40:38.389] 持續=27ms 峰值=520 ✗弱
[tap][sample][20:40:38.559] 持續=171ms 峰值=1709 ✗長
[tap][dim]   [20:40:38.622] 持續=63ms 峰值=518 ✗弱
[tap][sample][20:40:38.839] 持續=217ms 峰值=1399 ✗長
[tap][dim]   [20:40:38.874] 持續=35ms 峰值=493 ✗弱
[tap][sample][20:40:39.037] 持續=91ms 峰值=1017 ✓ 🎯 敲擊 #1
[tap][sample][20:40:39.191] 持續=28ms 峰值=768 ✓ 🎯 敲擊 #2
[recorder][flush] 段落太短 (0.21s)，略過
[tap][dim]   [20:40:40.629] 持續=27ms 峰值=388 ✗弱
[recorder][VAD] Silero 語音幀 344/1282 (26.8%)，有效語音 11.01s，信心閾值 0.6，最低比例 16%，最低語音 0.35s
[recorder][flush] ✅ 取出 41.1s 音訊段落
[main][20:40:40.664] ✂️ 自動分段送出（累積夠長+短靜音，累積 41.1s，靜音 1.1s）
[tap][sample][20:40:40.791] 持續=162ms 峰值=2228 ✗長
[tap][dim]   [20:40:40.837] 持續=45ms 峰值=557 ✗弱
[tap]         ⏱️ 間隔過長重置（1674ms）
[tap][sample][20:40:40.927] 持續=90ms 峰值=779 ✓ 🎯 敲擊 #1
[tap][dim]   [20:40:40.953] 持續=26ms 峰值=317 ✗弱
[tap][sample][20:40:41.314] 持續=360ms 峰值=1753 ✗長
[tap][dim]   [20:40:41.350] 持續=36ms 峰值=586 ✗弱
[tap]         ⏱️ 間隔過長重置（540ms）
[tap][sample][20:40:41.440] 持續=63ms 峰值=760 ✓ 🎯 敲擊 #1
[tap][dim]   [20:40:41.530] 持續=90ms 峰值=370 ✗弱
[tap][dim]   [20:40:42.168] 持續=27ms 峰值=529 ✗弱
[tap]         ⏱️ 間隔過長重置（792ms）
[tap][sample][20:40:42.277] 持續=108ms 峰值=1595 ✓ 🎯 敲擊 #1
[transcriber][20:40:42.557] ⏱️ API 耗時: 1.89s
[main][20:40:42.557] ✅ 分段辨識完成: "除非有類似疫情性價值總需大意外，否則其實這些需求的變動都還小到一定夠用。所以基本上不太可能出現供不應求的情況。所以除了利潤週期是會出現現在兩種前景成本意外下降而正好需求強勁的時候"
[paster][20:40:42] ⚠️ [UIA] TextPattern 不支援: 'NoneType' object has no attribute 'DocumentRange'
[paster][20:40:42] 🎯 PASTE: at_end=False, last_punct=False, add_prefix=False, prefix='。', uia=3ms, final='除非有類似疫情性價值總需大意外，否則其實這些需求的變動都還小到一定夠用。所以基本'
[paster][20:40:42] ⌨️ TEXT input skipped: process=notepad.exe，class=Notepad，focus=('文字編輯器', 'Edit', '15', 'EditControl')，preserve_ctrl=False
[paster][20:40:42] 📋 CLIP flow start: target_chars=89, restore_delay=0.30s
[paster][20:40:42] 📋 CLIP backup: count=7, formats=49367:1215B, 13:28B, 50188:24B, 50131:119B, 16:4B, 1:27B, 7:27B, text='識別開始後的敲擊全都是真敲'
[tap][sample][20:40:42.591] 持續=224ms 峰值=1660 ✗長[paster][20:40:42] 📋 CLIP set attempt 1/4: chars=89, bytes=180, preview='除非有類似疫情性價值總需大意外，否則其實這些需求的變動都還小到一定夠用。所以基本'

[tap][dim]   [20:40:42.619] 持續=27ms 峰值=524 ✗弱
[paster][20:40:42] 📋 CLIP verify ok: attempt=1, chars=89, text='除非有類似疫情性價值總需大意外，否則其實'
[tap][dim]   [20:40:42.709] 持續=28ms 峰值=353 ✗弱
[paster][20:40:42] ⌨️ Ctrl+V 準備送出，cb_ok=True，視窗="*未命名 - 記事本"，hwnd=0x05a0111a，process=notepad.exe，class=Notepad，keys_before=async_down=none; logical_down=none，text='除非有類似疫情性價值總需大意外，否則其實這些需求的變動都還小到一定夠用。所以基本'
[paster][20:40:42] ⌨️ 貼上前釋放修飾鍵: released=none，restore_later=none，preserve_ctrl=False，keys_after_release=async_down=none; logical_down=none
[paster][20:40:42] ⌨️ Ctrl+V 已送出，keys_after_send=async_down=none; logical_down=none
[paster][20:40:42] 🚫 CLIP guard armed: manual Ctrl+V suppressed
[paster][20:40:42] ⏱️ 收到→貼上完成: 0.18s
[paster][20:40:42] 📋 CLIP restore wait: 0.30s
[paster][20:40:42] ⚠️ [UIA] TextPattern 不支援: 'NoneType' object has no attribute 'DocumentRange'
[paster][20:40:42] 🔮 預取游標位置: at_end=False, last_punct=False (delay=2.08s, est_api=2.53s)
[tap]         ⏱️ 間隔過長重置（541ms）
[tap][sample][20:40:42.789] 持續=80ms 峰值=856 ✓ 🎯 敲擊 #1
[tap][dim]   [20:40:42.817] 持續=27ms 峰值=353 ✗弱
[tap][dim]   [20:40:42.970] 持續=28ms 峰值=512 ✗弱
[paster][20:40:43] 📋 CLIP restore attempt 1/4: text='識別開始後的敲擊全都是真敲'
[paster][20:40:43] 📋 CLIP restore: restored=7/7, formats=49367:1215B, 13:28B, 50188:24B, 50131:119B, 16:4B, 1:27B, 7:27B, text='識別開始後的敲擊全都是真敲'
[tap][sample][20:40:43.068] 持續=98ms 峰值=1883 ✓ 🎯 敲擊 #2
[paster][20:40:43] 📋 CLIP restore verify ok: attempt=1, text='識別開始後的敲擊全都是真敲'
[paster][20:40:43] 🚫 CLIP guard disarmed: blocked=0
[tap][sample][20:40:43.717] 持續=262ms 峰值=2908 ✗長
[tap]         ⏱️ 間隔過長重置（873ms）
[tap][sample][20:40:43.915] 持續=72ms 峰值=2006 ✓ 🎯 敲擊 #1
[tap][sample][20:40:43.969] 持續=27ms 峰值=638 ✓ ⏱️ 防抖略過（距上次 99ms < 180ms）
[tap][dim]   [20:40:44.068] 持續=99ms 峰值=465 ✗弱
[tap][sample][20:40:44.203] 持續=45ms 峰值=635 ✓ 🎯 敲擊 #2
[paster][20:40:45] 📋 CLIP watchdog done: checks=11, repairs=0, ok=True, final='識別開始後的敲擊全都是真敲'
[paster][20:40:45] 📋 剪貼簿已還原驗證（7 種格式，restore_ok=True, watch_ok=True）
[tap][sample][20:40:45.804] 持續=447ms 峰值=3670 ✗長
[tap][dim]   [20:40:45.832] 持續=27ms 峰值=465 ✗弱
[tap][sample][20:40:46.524] 持續=178ms 峰值=1706 ✗長
[tap][sample][20:40:46.759] 持續=153ms 峰值=1483 ✗長
[tap][dim]   [20:40:46.822] 持續=63ms 峰值=596 ✗弱
[tap][sample][20:40:47.110] 持續=288ms 峰值=1655 ✗長
[tap][dim]   [20:40:47.146] 持續=36ms 峰值=403 ✗弱
[tap][sample][20:40:47.362] 持續=216ms 峰值=2545 ✗長
[tap][dim]   [20:40:47.398] 持續=36ms 峰值=346 ✗弱
[tap][sample][20:40:47.460] 持續=35ms 峰值=851 ✓ 🎯 敲擊 #1
[tap][sample][20:40:47.722] 持續=99ms 峰值=1590 ✓ 🎯 敲擊 #2
[tap][sample][20:40:47.911] 持續=125ms 峰值=1113 ✗長
[tap][sample][20:40:48.073] 持續=72ms 峰值=3176 ✓ 🎯 敲擊 #3
[tap]        [20:40:48.073] ⚠️ 節奏不一致（間隔 197ms / 378ms，一致性 0.52），忽略
[tap][dim]   [20:40:49.126] 持續=36ms 峰值=547 ✗弱
[tap]         ⏱️ 間隔過長重置（1125ms）
[tap][sample][20:40:49.225] 持續=99ms 峰值=2659 ✓ 🎯 敲擊 #1
[tap][dim]   [20:40:49.252] 持續=27ms 峰值=551 ✗弱
[tap][sample][20:40:49.279] 持續=27ms 峰值=1456 ✓ ⏱️ 防抖略過（距上次 126ms < 180ms）
[tap][dim]   [20:40:49.315] 持續=36ms 峰值=398 ✗弱
[tap][sample][20:40:49.513] 持續=73ms 峰值=1286 ✓ 🎯 敲擊 #2
[tap][sample][20:40:49.765] 持續=37ms 峰值=1925 ✓ 🎯 敲擊 #3
[tap]        [20:40:49.765] 🔔 三連敲觸發（間隔 315ms / 288ms，一致性 0.92）
[main][20:40:49.769] ⏳ 預熱 idle 計時器啟動，10 分鐘後關閉麥克風
[tap][sample][20:40:49.827] 持續=27ms 峰值=809 ✓ 🎯 敲擊 #1
[recorder][VAD] Silero 語音幀 120/289 (41.5%)，有效語音 3.84s，信心閾值 0.6，最低比例 16%，最低語音 0.35s
[main][20:40:49.847] ✅ 錄音完成，送出辨識
[tap][dim]   [20:40:49.854] 持續=27ms 峰值=432 ✗弱
[tap][sample][20:40:49.963] 持續=108ms 峰值=1100 ✓ ⏱️ 防抖略過（距上次 54ms < 180ms）
[tap][dim]   [20:40:50.053] 持續=27ms 峰值=497 ✗弱
[tap][sample][20:40:50.080] 持續=27ms 峰值=997 ✓ 🎯 敲擊 #2
[tap][dim]   [20:40:50.125] 持續=45ms 峰值=317 ✗弱
[tap][sample][20:40:50.152] 持續=27ms 峰值=1396 ✓ ⏱️ 防抖略過（距上次 73ms < 180ms）
[tap][dim]   [20:40:50.178] 持續=27ms 峰值=529 ✗弱
[paster][20:40:50] ⚠️ [UIA] TextPattern 不支援: 'NoneType' object has no attribute 'DocumentRange'
[paster][20:40:50] 🔮 預取游標位置: at_end=False, last_punct=False (delay=0.73s, est_api=1.18s)
[transcriber][20:40:50.941] ⏱️ API 耗時: 1.09s
[main][20:40:50.941] ✅ 辨識完成: "黑樹蟬一家人的交稿因費可以維持高檔成本高"
[paster][20:40:50] 🎯 PASTE: at_end=False, last_punct=False, add_prefix=False (prefetched), prefix='。', final='黑樹蟬一家人的交稿因費可以維持高檔成本高'
[paster][20:40:51] ⌨️ TEXT input skipped: process=notepad.exe，class=Notepad，focus=('文字編輯器', 'Edit', '15', 'EditControl')，preserve_ctrl=False
[paster][20:40:51] 📋 CLIP flow start: target_chars=20, restore_delay=0.30s
[paster][20:40:51] 📋 CLIP backup: count=7, formats=49367:1215B, 13:28B, 50188:24B, 50131:119B, 16:4B, 1:27B, 7:27B, text='識別開始後的敲擊全都是真敲'
[paster][20:40:51] 📋 CLIP set attempt 1/4: chars=20, bytes=42, preview='黑樹蟬一家人的交稿因費可以維持高檔成本高'
[paster][20:40:51] 📋 CLIP verify ok: attempt=1, chars=20, text='黑樹蟬一家人的交稿因費可以維持高檔成本高'
[paster][20:40:51] ⌨️ Ctrl+V 準備送出，cb_ok=True，視窗="*未命名 - 記事本"，hwnd=0x05a0111a，process=notepad.exe，class=Notepad，keys_before=async_down=none; logical_down=none，text='黑樹蟬一家人的交稿因費可以維持高檔成本高'
[paster][20:40:51] ⌨️ 貼上前釋放修飾鍵: released=none，restore_later=none，preserve_ctrl=False，keys_after_release=async_down=none; logical_down=none
[paster][20:40:51] ⌨️ Ctrl+V 已送出，keys_after_send=async_down=none; logical_down=none
[paster][20:40:51] 🚫 CLIP guard armed: manual Ctrl+V suppressed
[paster][20:40:51] ⏱️ 收到→貼上完成: 0.22s
[paster][20:40:51] 📋 CLIP restore wait: 0.30s
[paster][20:40:51] 📋 CLIP restore attempt 1/4: text='識別開始後的敲擊全都是真敲'
[paster][20:40:51] 📋 CLIP restore: restored=7/7, formats=49367:1215B, 13:28B, 50188:24B, 50131:119B, 16:4B, 1:27B, 7:27B, text='識別開始後的敲擊全都是真敲'
[paster][20:40:51] 📋 CLIP restore verify ok: attempt=1, text='識別開始後的敲擊全都是真敲'
[paster][20:40:51] 🚫 CLIP guard disarmed: blocked=0
[main][20:40:53.030] ⌨️ 主快捷鍵觸發（Win32/句號），keys=async_down=Ctrl,RCtrl; logical_down=Ctrl,RCtrl
[main][20:40:53.030] ⌨️ after(0) 執行延遲 0.3ms
[tap]        [20:40:53.041] 💤 敲麥監聽已停止
[recorder][20:40:53] 🚀 預熱命中，直接開始錄音
[main][20:40:53.042] ⏱️ recorder.start() 耗時 0.3ms，ok=True
[tap]        [20:40:53.045] 🎙️ 敲麥監聽已啟動
[main][20:40:53.049] 🎙️ 開始錄音
[paster][20:40:53] 📋 CLIP watchdog done: checks=11, repairs=0, ok=True, final='識別開始後的敲擊全都是真敲'
[paster][20:40:53] 📋 剪貼簿已還原驗證（7 種格式，restore_ok=True, watch_ok=True）
[tap][sample][20:40:53.995] 持續=216ms 峰值=1675 ✗長
[tap][dim]   [20:40:54.040] 持續=45ms 峰值=539 ✗弱
[tap][sample][20:40:54.292] 持續=90ms 峰值=2186 ✓ 🎯 敲擊 #1
[tap][dim]   [20:40:54.390] 持續=98ms 峰值=477 ✗弱
[tap][sample][20:40:54.418] 持續=28ms 峰值=813 ✓ 🎯 敲擊 #2
[tap][sample][20:40:54.643] 持續=89ms 峰值=2892 ✓ ⏱️ 防抖略過（距上次 163ms < 180ms）
[tap][sample][20:40:55.065] 持續=297ms 峰值=3272 ✗長
[tap]         ⏱️ 間隔過長重置（801ms）
[tap][sample][20:40:55.255] 持續=63ms 峰值=2381 ✓ 🎯 敲擊 #1
[tap][dim]   [20:40:55.282] 持續=27ms 峰值=336 ✗弱
[tap][sample][20:40:55.408] 持續=125ms 峰值=1472 ✗長
[tap][dim]   [20:40:55.435] 持續=27ms 峰值=350 ✗弱
[tap][sample][20:40:56.020] 持續=541ms 峰值=1675 ✗長
[tap][dim]   [20:40:56.055] 持續=36ms 峰值=595 ✗弱
[tap][sample][20:40:56.209] 持續=27ms 峰值=2966 ✓ 🎯 敲擊 #1
[tap][dim]   [20:40:56.308] 持續=99ms 峰值=511 ✗弱
[tap][dim]   [20:40:56.370] 持續=36ms 峰值=591 ✗弱
[tap][dim]   [20:40:56.442] 持續=45ms 峰值=304 ✗弱
[tap]         ⏱️ 間隔過長重置（963ms）
[tap][sample][20:40:57.172] 持續=27ms 峰值=1972 ✓ 🎯 敲擊 #1
[tap][sample][20:40:57.325] 持續=126ms 峰值=1359 ✗長
[tap][dim]   [20:40:57.406] 持續=81ms 峰值=412 ✗弱
[tap][sample][20:40:57.523] 持續=117ms 峰值=1201 ✗長
[tap][dim]   [20:40:57.559] 持續=36ms 峰值=428 ✗弱
[tap][sample][20:40:57.811] 持續=35ms 峰值=1200 ✓ 🎯 敲擊 #1
[tap][sample][20:40:57.973] 持續=135ms 峰值=1436 ✗長
[tap][dim]   [20:40:58.000] 持續=27ms 峰值=441 ✗弱
[tap][dim]   [20:40:58.135] 持續=36ms 峰值=509 ✗弱
[tap][dim]   [20:40:58.314] 持續=89ms 峰值=581 ✗弱
[tap][sample][20:40:58.549] 持續=127ms 峰值=2335 ✗長
[tap][dim]   [20:40:58.613] 持續=63ms 峰值=542 ✗弱
[tap][sample][20:40:58.998] 持續=63ms 峰值=857 ✓ 🎯 敲擊 #1
[tap][dim]   [20:40:59.089] 持續=90ms 峰值=551 ✗弱
[tap][sample][20:40:59.125] 持續=36ms 峰值=627 ✓ ⏱️ 防抖略過（距上次 153ms < 180ms）
[tap][dim]   [20:40:59.215] 持續=90ms 峰值=583 ✗弱
[tap][sample][20:40:59.349] 持續=27ms 峰值=1641 ✓ 🎯 敲擊 #2
[tap][sample][20:40:59.512] 持續=126ms 峰值=1415 ✗長
[tap][dim]   [20:40:59.575] 持續=63ms 峰值=505 ✗弱
[tap][sample][20:40:59.727] 持續=153ms 峰值=1939 ✗長
[tap][dim]   [20:40:59.754] 持續=27ms 峰值=581 ✗弱
[tap][sample][20:41:00.052] 持續=216ms 峰值=1972 ✗長
[tap][sample][20:41:00.285] 持續=135ms 峰值=2218 ✗長
[tap][dim]   [20:41:00.312] 持續=27ms 峰值=574 ✗弱
[tap][sample][20:41:00.601] 持續=198ms 峰值=2193 ✗長
[tap][dim]   [20:41:00.628] 持續=28ms 峰值=366 ✗弱
[tap][sample][20:41:00.691] 持續=62ms 峰值=760 ✓ 🎯 敲擊 #1
[tap][dim]   [20:41:00.718] 持續=27ms 峰值=469 ✗弱
[tap][sample][20:41:00.825] 持續=108ms 峰值=872 ✓ ⏱️ 防抖略過（距上次 90ms < 180ms）
[tap][dim]   [20:41:00.853] 持續=27ms 峰值=554 ✗弱
[tap][sample][20:41:00.880] 持續=27ms 峰值=677 ✓ 🎯 敲擊 #2
[tap][dim]   [20:41:00.924] 持續=45ms 峰值=355 ✗弱
[tap][sample][20:41:01.140] 持續=216ms 峰值=5413 ✗長
[tap][sample][20:41:01.275] 持續=108ms 峰值=1272 ✓ 🎯 敲擊 #3
[tap]        [20:41:01.275] 🔔 三連敲觸發（間隔 224ms / 315ms，一致性 0.71）
[main][20:41:01.432] ⏳ 預熱 idle 計時器啟動，10 分鐘後關閉麥克風
[tap][sample][20:41:01.432] 持續=0ms 峰值=761 ✓ 🎯 敲擊 #1
[tap][dim]   [20:41:01.432] 持續=0ms 峰值=321 ✗弱
[recorder][VAD] Silero 語音幀 132/261 (50.6%)，有效語音 4.22s，信心閾值 0.6，最低比例 16%，最低語音 0.35s
[main][20:41:01.500] ✅ 錄音完成，送出辨識
[paster][20:41:02] ⚠️ [UIA] TextPattern 不支援: 'NoneType' object has no attribute 'DocumentRange'
[paster][20:41:02] 🔮 預取游標位置: at_end=False, last_punct=False (delay=0.64s, est_api=1.09s)
[transcriber][20:41:02.600] ⏱️ API 耗時: 1.10s
[main][20:41:02.601] ✅ 辨識完成: "祈求不加據別下地，孤子過地的時候"
[paster][20:41:02] 🎯 PASTE: at_end=False, last_punct=False, add_prefix=False (prefetched), prefix='。', final='祈求不加據別下地，孤子過地的時候'
[paster][20:41:02] ⌨️ TEXT input skipped: process=notepad.exe，class=Notepad，focus=('文字編輯器', 'Edit', '15', 'EditControl')，preserve_ctrl=False
[paster][20:41:02] 📋 CLIP flow start: target_chars=16, restore_delay=0.30s
[paster][20:41:02] 📋 CLIP backup: count=7, formats=49367:1215B, 13:28B, 50188:24B, 50131:119B, 16:4B, 1:27B, 7:27B, text='識別開始後的敲擊全都是真敲'
[paster][20:41:02] 📋 CLIP set attempt 1/4: chars=16, bytes=34, preview='祈求不加據別下地，孤子過地的時候'
[paster][20:41:02] 📋 CLIP verify ok: attempt=1, chars=16, text='祈求不加據別下地，孤子過地的時候'
[paster][20:41:02] ⌨️ Ctrl+V 準備送出，cb_ok=True，視窗="*未命名 - 記事本"，hwnd=0x05a0111a，process=notepad.exe，class=Notepad，keys_before=async_down=none; logical_down=none，text='祈求不加據別下地，孤子過地的時候'
[paster][20:41:02] ⌨️ 貼上前釋放修飾鍵: released=none，restore_later=none，preserve_ctrl=False，keys_after_release=async_down=none; logical_down=none
[paster][20:41:02] ⌨️ Ctrl+V 已送出，keys_after_send=async_down=none; logical_down=none
[paster][20:41:02] 🚫 CLIP guard armed: manual Ctrl+V suppressed
[paster][20:41:02] ⏱️ 收到→貼上完成: 0.22s
[paster][20:41:02] 📋 CLIP restore wait: 0.30s
[paster][20:41:03] 📋 CLIP restore attempt 1/4: text='識別開始後的敲擊全都是真敲'
[paster][20:41:03] 📋 CLIP restore: restored=7/7, formats=49367:1215B, 13:28B, 50188:24B, 50131:119B, 16:4B, 1:27B, 7:27B, text='識別開始後的敲擊全都是真敲'
[paster][20:41:03] 📋 CLIP restore verify ok: attempt=1, text='識別開始後的敲擊全都是真敲'[main][20:41:03.242] ⌨️ 主快捷鍵觸發（Win32/句號），keys=async_down=Ctrl,LCtrl; logical_down=Ctrl,LCtrl

[paster][20:41:03] 🚫 CLIP guard disarmed: blocked=0[main][20:41:03.245] ⌨️ after(0) 執行延遲 2.5ms

[tap]        [20:41:03.266] 💤 敲麥監聽已停止
[recorder][20:41:03] 🚀 預熱命中，直接開始錄音
[main][20:41:03.267] ⏱️ recorder.start() 耗時 0.6ms，ok=True
[tap]        [20:41:03.272] 🎙️ 敲麥監聽已啟動
[main][20:41:03.277] 🎙️ 開始錄音
[tap][dim]   [20:41:03.535] 持續=36ms 峰值=389 ✗弱
[tap][sample][20:41:03.751] 持續=36ms 峰值=1651 ✓ 🎯 敲擊 #1
[tap][sample][20:41:04.012] 持續=99ms 峰值=1023 ✓ 🎯 敲擊 #2
[tap][sample][20:41:04.525] 持續=153ms 峰值=2787 ✗長
[tap][dim]   [20:41:04.560] 持續=36ms 峰值=428 ✗弱
[tap][dim]   [20:41:04.633] 持續=27ms 峰值=314 ✗弱
[tap][sample][20:41:04.759] 持續=126ms 峰值=1854 ✗長
[tap][dim]   [20:41:04.794] 持續=36ms 峰值=537 ✗弱
[tap][sample][20:41:05.092] 持續=27ms 峰值=709 ✓ 🎯 敲擊 #1
[tap][dim]   [20:41:05.182] 持續=63ms 峰值=488 ✗弱
[tap][sample][20:41:05.380] 持續=99ms 峰值=1065 ✓ 🎯 敲擊 #2
[tap][dim]   [20:41:05.443] 持續=64ms 峰值=526 ✗弱
[paster][20:41:05] 📋 CLIP watchdog done: checks=11, repairs=0, ok=True, final='識別開始後的敲擊全都是真敲'
[paster][20:41:05] 📋 剪貼簿已還原驗證（7 種格式，restore_ok=True, watch_ok=True）
[tap][sample][20:41:05.469] 持續=27ms 峰值=736 ✓ ⏱️ 防抖略過（距上次 162ms < 180ms）
[tap][dim]   [20:41:05.506] 持續=36ms 峰值=547 ✗弱
[tap][sample][20:41:05.785] 持續=179ms 峰值=3293 ✗長
[tap][dim]   [20:41:05.919] 持續=26ms 峰值=454 ✗弱
[tap][sample][20:41:06.343] 持續=135ms 峰值=810 ✗長
[tap][dim]   [20:41:06.433] 持續=90ms 峰值=576 ✗弱
[tap][sample][20:41:06.658] 持續=36ms 峰值=2734 ✓ 🎯 敲擊 #1
[tap][dim]   [20:41:06.685] 持續=28ms 峰值=321 ✗弱
[tap][sample][20:41:06.774] 持續=89ms 峰值=1382 ✓ ⏱️ 防抖略過（距上次 64ms < 180ms）
[tap][sample][20:41:07.009] 持續=99ms 峰值=1498 ✓ 🎯 敲擊 #2
[tap][dim]   [20:41:07.044] 持續=36ms 峰值=346 ✗弱
[tap][sample][20:41:07.072] 持續=27ms 峰值=926 ✓ ⏱️ 防抖略過（距上次 135ms < 180ms）
[tap][dim]   [20:41:07.197] 持續=99ms 峰值=470 ✗弱
[tap][sample][20:41:07.360] 持續=54ms 峰值=2634 ✓ 🎯 敲擊 #3
[tap]        [20:41:07.360] 🔔 三連敲觸發（間隔 288ms / 396ms，一致性 0.73）
[main][20:41:07.361] ⏳ 預熱 idle 計時器啟動，10 分鐘後關閉麥克風
[recorder][VAD] Silero 語音幀 42/127 (33.1%)，有效語音 1.34s，信心閾值 0.6，最低比例 16%，最低語音 0.35s
[main][20:41:07.401] ✅ 錄音完成，送出辨識
[tap][sample][20:41:07.423] 持續=27ms 峰值=627 ✓ 🎯 敲擊 #1
[paster][20:41:07] ⚠️ [UIA] TextPattern 不支援: 'NoneType' object has no attribute 'DocumentRange'
[paster][20:41:07] 🔮 預取游標位置: at_end=False, last_punct=False (delay=0.21s, est_api=0.66s)
[tap][sample][20:41:07.674] 持續=180ms 峰值=1635 ✗長
[tap][dim]   [20:41:07.710] 持續=36ms 峰值=482 ✗弱
[tap][sample][20:41:07.737] 持續=27ms 峰值=637 ✓ 🎯 敲擊 #2
[transcriber][20:41:08.124] ⏱️ API 耗時: 0.72s
[main][20:41:08.124] ✅ 辨識完成: "我為這種情況"
[tap][sample][20:41:08.128] 持續=229ms 峰值=2763 ✗長
[paster][20:41:08] 🎯 PASTE: at_end=False, last_punct=False, add_prefix=False (prefetched), prefix='。', final='我為這種情況'
[paster][20:41:08] ⌨️ TEXT input skipped: process=notepad.exe，class=Notepad，focus=('文字編輯器', 'Edit', '15', 'EditControl')，preserve_ctrl=False
[paster][20:41:08] 📋 CLIP flow start: target_chars=6, restore_delay=0.30s
[paster][20:41:08] 📋 CLIP backup: count=7, formats=49367:1215B, 13:28B, 50188:24B, 50131:119B, 16:4B, 1:27B, 7:27B, text='識別開始後的敲擊全都是真敲'
[paster][20:41:08] 📋 CLIP set attempt 1/4: chars=6, bytes=14, preview='我為這種情況'
[paster][20:41:08] 📋 CLIP verify ok: attempt=1, chars=6, text='我為這種情況'
[tap][dim]   [20:41:08.260] 持續=45ms 峰值=430 ✗弱
[paster][20:41:08] ⌨️ Ctrl+V 準備送出，cb_ok=True，視窗="*未命名 - 記事本"，hwnd=0x05a0111a，process=notepad.exe，class=Notepad，keys_before=async_down=Ctrl,LCtrl; logical_down=Ctrl,LCtrl，text='我為這種情況'
[paster][20:41:08] ⌨️ 貼上前釋放修飾鍵: released=LCtrl，restore_later=none，preserve_ctrl=False，keys_after_release=async_down=none; logical_down=none
[paster][20:41:08] ⌨️ Ctrl+V 已送出，keys_after_send=async_down=none; logical_down=none
[paster][20:41:08] 🚫 CLIP guard armed: manual Ctrl+V suppressed
[paster][20:41:08] ⏱️ 收到→貼上完成: 0.20s
[paster][20:41:08] 📋 CLIP restore wait: 0.30s
[paster][20:41:08] 📋 CLIP restore attempt 1/4: text='識別開始後的敲擊全都是真敲'
[paster][20:41:08] 📋 CLIP restore: restored=7/7, formats=49367:1215B, 13:28B, 50188:24B, 50131:119B, 16:4B, 1:27B, 7:27B, text='識別開始後的敲擊全都是真敲'
[paster][20:41:08] 📋 CLIP restore verify ok: attempt=1, text='識別開始後的敲擊全都是真敲'
[paster][20:41:08] 🚫 CLIP guard disarmed: blocked=0
[main][20:41:09.398] ⌨️ 主快捷鍵觸發（Win32/句號），keys=async_down=Ctrl,RCtrl; logical_down=Ctrl,RCtrl
[main][20:41:09.399] ⌨️ after(0) 執行延遲 0.3ms
[tap]        [20:41:09.421] 💤 敲麥監聽已停止
[recorder][20:41:09] 🚀 預熱命中，直接開始錄音
[main][20:41:09.427] ⏱️ recorder.start() 耗時 0.1ms，ok=True
[tap]        [20:41:09.431] 🎙️ 敲麥監聽已啟動
[main][20:41:09.434] 🎙️ 開始錄音
[tap][sample][20:41:10.284] 持續=234ms 峰值=1778 ✗長
[tap][dim]   [20:41:10.312] 持續=27ms 峰值=318 ✗弱
[tap][sample][20:41:10.600] 持續=199ms 峰值=2004 ✗長
[tap][sample][20:41:10.878] 持續=162ms 峰值=2106 ✗長
[tap][dim]   [20:41:10.915] 持續=36ms 峰值=577 ✗弱
[paster][20:41:10] 📋 CLIP watchdog done: checks=11, repairs=0, ok=True, final='識別開始後的敲擊全都是真敲'
[paster][20:41:10] 📋 剪貼簿已還原驗證（7 種格式，restore_ok=True, watch_ok=True）
[tap][dim]   [20:41:11.320] 持續=36ms 峰值=350 ✗弱
[tap][sample][20:41:11.517] 持續=151ms 峰值=2063 ✗長
[tap][sample][20:41:11.707] 持續=72ms 峰值=2231 ✓ 🎯 敲擊 #1
[tap][dim]   [20:41:11.734] 持續=27ms 峰值=334 ✗弱
[tap][sample][20:41:11.770] 持續=36ms 峰值=693 ✓ ⏱️ 防抖略過（距上次 99ms < 180ms）
[tap][sample][20:41:11.842] 持續=45ms 峰值=619 ✓ ⏱️ 防抖略過（距上次 162ms < 180ms）
[tap][sample][20:41:12.120] 持續=216ms 峰值=1780 ✗長
[tap]         ⏱️ 間隔過長重置（522ms）
[tap][sample][20:41:12.183] 持續=27ms 峰值=964 ✓ 🎯 敲擊 #1
[tap][dim]   [20:41:12.220] 持續=36ms 峰值=551 ✗弱
[tap][sample][20:41:12.490] 持續=270ms 峰值=802 ✗長
[tap][dim]   [20:41:12.543] 持續=54ms 峰值=491 ✗弱
[tap][sample][20:41:13.408] 持續=279ms 峰值=6471 ✗長
[tap][dim]   [20:41:13.444] 持續=36ms 峰值=554 ✗弱
[tap][sample][20:41:13.570] 持續=126ms 峰值=1807 ✗長
[tap][sample][20:41:13.768] 持續=153ms 峰值=1317 ✗長
[tap][sample][20:41:14.245] 持續=197ms 峰值=1657 ✗長
[tap][sample][20:41:14.884] 持續=99ms 峰值=836 ✓ 🎯 敲擊 #1
[tap][sample][20:41:14.947] 持續=27ms 峰值=1056 ✓ ⏱️ 防抖略過（距上次 135ms < 180ms）
[tap][dim]   [20:41:14.974] 持續=27ms 峰值=342 ✗弱
[tap][sample][20:41:15.055] 持續=45ms 峰值=826 ✓ 🎯 敲擊 #2
[tap][sample][20:41:15.271] 持續=98ms 峰值=1012 ✓ ⏱️ 防抖略過（距上次 163ms < 180ms）
[tap][dim]   [20:41:15.325] 持續=54ms 峰值=537 ✗弱
[tap]         ⏱️ 間隔過長重置（477ms）
[tap][sample][20:41:15.596] 持續=108ms 峰值=1937 ✓ 🎯 敲擊 #1
[tap][dim]   [20:41:15.622] 持續=27ms 峰值=395 ✗弱
[tap][sample][20:41:15.875] 持續=126ms 峰值=7730 ✗長
[tap][dim]   [20:41:15.910] 持續=36ms 峰值=320 ✗弱
[tap]         ⏱️ 間隔過長重置（684ms）
[tap][sample][20:41:16.260] 持續=90ms 峰值=2074 ✓ 🎯 敲擊 #1
[tap][dim]   [20:41:16.675] 持續=36ms 峰值=333 ✗弱
[tap][sample][20:41:16.954] 持續=126ms 峰值=1664 ✗長
[tap][dim]   [20:41:16.990] 持續=36ms 峰值=585 ✗弱
[tap]         ⏱️ 間隔過長重置（846ms）
[tap][sample][20:41:17.062] 持續=45ms 峰值=713 ✓ 🎯 敲擊 #1
[tap][dim]   [20:41:17.089] 持續=27ms 峰值=475 ✗弱
[tap][dim]   [20:41:17.152] 持續=26ms 峰值=344 ✗弱
[recorder][VAD] Silero 語音幀 30/272 (11.0%)，有效語音 0.96s，信心閾值 0.6，最低比例 16%，最低語音 0.35s
[recorder][flush] ❌ VAD 未達有效語音門檻，略過（語音比例不足 11.0% < 16%）
[tap]         ⏱️ 間隔過長重置（1278ms）
[tap][sample][20:41:18.340] 持續=45ms 峰值=1588 ✓ 🎯 敲擊 #1
[tap][dim]   [20:41:18.394] 持續=54ms 峰值=432 ✗弱
[tap][sample][20:41:18.430] 持續=36ms 峰值=644 ✓ ⏱️ 防抖略過（距上次 99ms < 180ms）
[tap][sample][20:41:18.745] 持續=216ms 峰值=2944 ✗長
[tap]         ⏱️ 間隔過長重置（585ms）
[tap][sample][20:41:18.979] 持續=99ms 峰值=2758 ✓ 🎯 敲擊 #1
[tap][sample][20:41:19.042] 持續=27ms 峰值=774 ✓ ⏱️ 防抖略過（距上次 135ms < 180ms）
[tap][dim]   [20:41:19.069] 持續=27ms 峰值=459 ✗弱
[tap][sample][20:41:19.105] 持續=36ms 峰值=608 ✓ 🎯 敲擊 #2
[tap][dim]   [20:41:19.258] 持續=27ms 峰值=541 ✗弱
[tap][sample][20:41:19.419] 持續=162ms 峰值=992 ✗長
[tap][dim]   [20:41:19.465] 持續=45ms 峰值=460 ✗弱
[tap][sample][20:41:19.681] 持續=216ms 峰值=1180 ✗長
[tap][sample][20:41:19.834] 持續=27ms 峰值=2195 ✓ 🎯 敲擊 #1
[tap][dim]   [20:41:19.870] 持續=36ms 峰值=527 ✗弱
[tap][sample][20:41:19.897] 持續=27ms 峰值=897 ✓ ⏱️ 防抖略過（距上次 62ms < 180ms）
[tap][dim]   [20:41:20.158] 持續=27ms 峰值=428 ✗弱
[tap]         ⏱️ 間隔過長重置（864ms）
[tap][sample][20:41:20.698] 持續=27ms 峰值=695 ✓ 🎯 敲擊 #1
[tap][dim]   [20:41:20.797] 持續=27ms 峰值=527 ✗弱
[tap][sample][20:41:20.824] 持續=27ms 峰值=1472 ✓ ⏱️ 防抖略過（距上次 126ms < 180ms）
[tap][sample][20:41:20.931] 持續=27ms 峰值=764 ✓ 🎯 敲擊 #2
[tap][sample][20:41:21.085] 持續=90ms 峰值=1416 ✓ ⏱️ 防抖略過（距上次 90ms < 180ms）
[tap][dim]   [20:41:21.120] 持續=36ms 峰值=536 ✗弱
[tap][dim]   [20:41:21.274] 持續=27ms 峰值=338 ✗弱
[tap][sample][20:41:21.445] 持續=171ms 峰值=1003 ✗長
[tap][sample][20:41:21.723] 持續=252ms 峰值=1847 ✗長
[tap][dim]   [20:41:21.922] 持續=0ms 峰值=484 ✗弱
[tap][sample][20:41:22.219] 持續=297ms 峰值=708 ✗長
[tap][sample][20:41:22.920] 持續=126ms 峰值=2729 ✗長
[tap][dim]   [20:41:22.947] 持續=27ms 峰值=395 ✗弱
[tap][sample][20:41:22.974] 持續=27ms 峰值=901 ✓ 🎯 敲擊 #1
[tap][dim]   [20:41:23.019] 持續=45ms 峰值=591 ✗弱
[tap][sample][20:41:23.271] 持續=63ms 峰值=1018 ✓ 🎯 敲擊 #2
[tap][dim]   [20:41:23.335] 持續=63ms 峰值=365 ✗弱
[tap][sample][20:41:23.371] 持續=36ms 峰值=943 ✓ ⏱️ 防抖略過（距上次 126ms < 180ms）
[tap][dim]   [20:41:23.398] 持續=27ms 峰值=415 ✗弱
[tap][dim]   [20:41:23.461] 持續=35ms 峰值=546 ✗弱
[tap][dim]   [20:41:23.523] 持續=27ms 峰值=491 ✗弱
[tap][dim]   [20:41:23.820] 持續=35ms 峰值=573 ✗弱
[tap][sample][20:41:24.010] 持續=189ms 峰值=1170 ✗長
[tap][dim]   [20:41:24.101] 持續=37ms 峰值=477 ✗弱
[tap][sample][20:41:24.325] 持續=224ms 峰值=1274 ✗長
[tap][sample][20:41:24.488] 持續=100ms 峰值=2734 ✓ 🎯 敲擊 #1
[tap][dim]   [20:41:24.514] 持續=26ms 峰值=555 ✗弱
[tap][sample][20:41:24.684] 持續=108ms 峰值=954 ✓ 🎯 敲擊 #2
[tap][sample][20:41:24.999] 持續=189ms 峰值=1430 ✗長
[tap][dim]   [20:41:25.027] 持續=27ms 峰值=470 ✗弱
[tap][sample][20:41:25.189] 持續=162ms 峰值=1202 ✗長
[tap][dim]   [20:41:25.225] 持續=36ms 峰值=544 ✗弱
[tap][sample][20:41:25.314] 持續=90ms 峰值=1199 ✓ 🎯 敲擊 #1
[tap][dim]   [20:41:25.414] 持續=99ms 峰值=411 ✗弱
[tap][sample][20:41:25.584] 持續=171ms 峰值=3897 ✗長
[tap][dim]   [20:41:25.611] 持續=27ms 峰值=520 ✗弱
[tap]         ⏱️ 間隔過長重置（1080ms）
[tap][sample][20:41:26.404] 持續=99ms 峰值=1726 ✓ 🎯 敲擊 #1
[tap][dim]   [20:41:26.538] 持續=99ms 峰值=595 ✗弱
[tap][dim]   [20:41:26.755] 持續=90ms 峰值=575 ✗弱
[tap]         ⏱️ 間隔過長重置（513ms）
[tap][sample][20:41:26.854] 持續=36ms 峰值=611 ✓ 🎯 敲擊 #1
[tap][dim]   [20:41:26.889] 持續=36ms 峰值=559 ✗弱
[tap][sample][20:41:27.241] 持續=351ms 峰值=1204 ✗長
[tap]         ⏱️ 間隔過長重置（1062ms）
[tap][sample][20:41:27.953] 持續=73ms 峰值=1301 ✓ 🎯 敲擊 #1
[tap][dim]   [20:41:27.979] 持續=27ms 峰值=317 ✗弱
[tap][sample][20:41:28.195] 持續=117ms 峰值=1214 ✗長
[tap][dim]   [20:41:28.240] 持續=45ms 峰值=581 ✗弱
[tap][sample][20:41:28.834] 持續=189ms 峰值=2874 ✗長
[tap][dim]   [20:41:28.878] 持續=45ms 峰值=338 ✗弱
[tap][sample][20:41:29.130] 持續=189ms 峰值=2607 ✗長
[tap][dim]   [20:41:29.194] 持續=63ms 峰值=381 ✗弱
[tap][sample][20:41:29.544] 持續=315ms 峰值=2119 ✗長
[tap][sample][20:41:29.608] 持續=27ms 峰值=620 ✓ 🎯 敲擊 #1
[tap][dim]   [20:41:29.679] 持續=45ms 峰值=335 ✗弱
[tap][sample][20:41:30.184] 持續=189ms 峰值=2037 ✗長
[tap][dim]   [20:41:30.381] 持續=63ms 峰值=557 ✗弱
[tap][sample][20:41:30.696] 持續=126ms 峰值=979 ✗長
[tap][dim]   [20:41:30.723] 持續=27ms 峰值=525 ✗弱
[tap][sample][20:41:31.524] 持續=450ms 峰值=1113 ✗長
[tap][dim]   [20:41:31.560] 持續=36ms 峰值=447 ✗弱
[tap][sample][20:41:31.660] 持續=63ms 峰值=2587 ✓ 🎯 敲擊 #1
[tap][dim]   [20:41:31.948] 持續=27ms 峰值=380 ✗弱
[tap][sample][20:41:32.011] 持續=63ms 峰值=867 ✓ 🎯 敲擊 #2
[tap][sample][20:41:32.334] 持續=171ms 峰值=2398 ✗長
[tap][dim]   [20:41:32.398] 持續=63ms 峰值=597 ✗弱
[tap][sample][20:41:32.587] 持續=126ms 峰值=2442 ✗長
[tap][dim]   [20:41:32.649] 持續=63ms 峰值=469 ✗弱
[tap][sample][20:41:33.362] 持續=37ms 峰值=710 ✓ 🎯 敲擊 #1
[tap][sample][20:41:33.603] 持續=189ms 峰值=2647 ✗長
[tap][dim]   [20:41:33.640] 持續=36ms 峰值=333 ✗弱
[tap]         ⏱️ 間隔過長重置（450ms）
[tap][sample][20:41:33.865] 持續=90ms 峰值=2569 ✓ 🎯 敲擊 #1
[tap][dim]   [20:41:33.901] 持續=36ms 峰值=539 ✗弱
[tap][sample][20:41:33.955] 持續=54ms 峰值=1789 ✓ ⏱️ 防抖略過（距上次 126ms < 180ms）
[tap][dim]   [20:41:34.000] 持續=45ms 峰值=349 ✗弱
[tap][sample][20:41:34.162] 持續=108ms 峰值=1999 ✓ 🎯 敲擊 #2
[tap][dim]   [20:41:34.189] 持續=27ms 峰值=396 ✗弱
[tap][sample][20:41:34.377] 持續=99ms 峰值=3504 ✓ 🎯 敲擊 #3
[tap]        [20:41:34.377] 🔔 三連敲觸發（間隔 279ms / 225ms，一致性 0.81）
[main][20:41:34.378] ⏳ 預熱 idle 計時器啟動，10 分鐘後關閉麥克風
[tap][dim]   [20:41:34.404] 持續=27ms 峰值=492 ✗弱
[tap][sample][20:41:34.503] 持續=99ms 峰值=768 ✓ 🎯 敲擊 #1
[recorder][VAD] Silero 語音幀 127/507 (25.0%)，有效語音 4.06s，信心閾值 0.6，最低比例 16%，最低語音 0.35s
[main][20:41:34.510] ✅ 錄音完成，送出辨識
[tap][sample][20:41:34.728] 持續=135ms 峰值=2135 ✗長
[paster][20:41:35] ⚠️ [UIA] TextPattern 不支援: 'NoneType' object has no attribute 'DocumentRange'
[paster][20:41:35] 🔮 預取游標位置: at_end=False, last_punct=False (delay=1.34s, est_api=1.79s)
[transcriber][20:41:35.949] ⏱️ API 耗時: 1.44s
[main][20:41:35.952] ✅ 辨識完成: "聯合3年全球物流產業市場規模約達9.4兆美元。成本高漲，需求不佳"
[paster][20:41:36] 🎯 PASTE: at_end=False, last_punct=False, add_prefix=False (prefetched), prefix='。', final='聯合3年全球物流產業市場規模約達9.4兆美元。成本高漲，需求不佳'
[paster][20:41:36] ⌨️ TEXT input skipped: process=notepad.exe，class=Notepad，focus=('文字編輯器', 'Edit', '15', 'EditControl')，preserve_ctrl=False
[paster][20:41:36] 📋 CLIP flow start: target_chars=32, restore_delay=0.30s
[paster][20:41:36] 📋 CLIP backup: count=7, formats=49367:1215B, 13:28B, 50188:24B, 50131:119B, 16:4B, 1:27B, 7:27B, text='識別開始後的敲擊全都是真敲'
[paster][20:41:36] 📋 CLIP set attempt 1/4: chars=32, bytes=66, preview='聯合3年全球物流產業市場規模約達9.4兆美元。成本高漲，需求不佳'
[paster][20:41:36] 📋 CLIP verify ok: attempt=1, chars=32, text='聯合3年全球物流產業市場規模約達9.4兆'
[paster][20:41:36] ⌨️ Ctrl+V 準備送出，cb_ok=True，視窗="*未命名 - 記事本"，hwnd=0x05a0111a，process=notepad.exe，class=Notepad，keys_before=async_down=none; logical_down=none，text='聯合3年全球物流產業市場規模約達9.4兆美元。成本高漲，需求不佳'
[paster][20:41:36] ⌨️ 貼上前釋放修飾鍵: released=none，restore_later=none，preserve_ctrl=False，keys_after_release=async_down=none; logical_down=none
[paster][20:41:36] ⌨️ Ctrl+V 已送出，keys_after_send=async_down=none; logical_down=none
[paster][20:41:36] 🚫 CLIP guard armed: manual Ctrl+V suppressed
[paster][20:41:36] ⏱️ 收到→貼上完成: 0.21s
[paster][20:41:36] 📋 CLIP restore wait: 0.30s
[paster][20:41:36] 📋 CLIP restore attempt 1/4: text='識別開始後的敲擊全都是真敲'
[paster][20:41:36] 📋 CLIP restore: restored=7/7, formats=49367:1215B, 13:28B, 50188:24B, 50131:119B, 16:4B, 1:27B, 7:27B, text='識別開始後的敲擊全都是真敲'
[paster][20:41:36] 📋 CLIP restore verify ok: attempt=1, text='識別開始後的敲擊全都是真敲'
[paster][20:41:36] 🚫 CLIP guard disarmed: blocked=0
[main][20:41:36.786] ⌨️ 主快捷鍵觸發（Win32/句號），keys=async_down=Ctrl,RCtrl; logical_down=Ctrl,RCtrl
[main][20:41:36.787] ⌨️ after(0) 執行延遲 1.0ms
[tap]        [20:41:36.819] 💤 敲麥監聽已停止
[recorder][20:41:36] 🚀 預熱命中，直接開始錄音
[main][20:41:36.821] ⏱️ recorder.start() 耗時 0.8ms，ok=True
[tap]        [20:41:36.827] 🎙️ 敲麥監聽已啟動
[main][20:41:36.832] 🎙️ 開始錄音
[tap][dim]   [20:41:36.889] 持續=28ms 峰值=504 ✗弱
[tap][sample][20:41:36.926] 持續=37ms 峰值=678 ✓ 🎯 敲擊 #1
[tap][sample][20:41:37.554] 持續=215ms 峰值=2458 ✗長
[tap][sample][20:41:37.824] 持續=171ms 峰值=2993 ✗長
[tap][dim]   [20:41:37.878] 持續=54ms 峰值=504 ✗弱
[tap][sample][20:41:38.257] 持續=378ms 峰值=2241 ✗長
[tap][sample][20:41:38.391] 持續=27ms 峰值=2461 ✓ 🎯 敲擊 #1
[tap][dim]   [20:41:38.456] 持續=37ms 峰值=577 ✗弱
[paster][20:41:38] 📋 CLIP watchdog done: checks=11, repairs=0, ok=True, final='識別開始後的敲擊全都是真敲'
[paster][20:41:38] 📋 剪貼簿已還原驗證（7 種格式，restore_ok=True, watch_ok=True）
[tap][dim]   [20:41:39.131] 持續=37ms 峰值=396 ✗弱
[tap][dim]   [20:41:39.319] 持續=27ms 峰值=420 ✗弱
[tap]         ⏱️ 間隔過長重置（954ms）
[tap][sample][20:41:39.418] 持續=99ms 峰值=1785 ✓ 🎯 敲擊 #1
[tap][dim]   [20:41:39.445] 持續=28ms 峰值=581 ✗弱
[tap][sample][20:41:39.535] 持續=54ms 峰值=1126 ✓ ⏱️ 防抖略過（距上次 162ms < 180ms）
[tap][dim]   [20:41:39.580] 持續=46ms 峰值=445 ✗弱
[tap][sample][20:41:39.696] 持續=117ms 峰值=1802 ✗長
[tap][dim]   [20:41:39.804] 持續=35ms 峰值=366 ✗弱
[tap][sample][20:41:39.985] 持續=153ms 峰值=2618 ✗長
[tap][sample][20:41:40.173] 持續=90ms 峰值=2345 ✓ 🎯 敲擊 #1
[tap][dim]   [20:41:40.281] 持續=108ms 峰值=389 ✗弱
[tap][sample][20:41:40.498] 持續=118ms 峰值=1393 ✗長
[tap][dim]   [20:41:40.533] 持續=35ms 峰值=551 ✗弱
[tap][sample][20:41:40.732] 持續=198ms 峰值=2981 ✗長
[tap][dim]   [20:41:40.821] 持續=63ms 峰值=554 ✗弱
[tap][sample][20:41:40.947] 持續=126ms 峰值=4691 ✗長
[tap][dim]   [20:41:40.974] 持續=27ms 峰值=404 ✗弱
[tap][sample][20:41:41.136] 持續=162ms 峰值=1275 ✗長
[tap][dim]   [20:41:41.182] 持續=46ms 峰值=392 ✗弱
[tap][dim]   [20:41:41.497] 持續=73ms 峰值=366 ✗弱
[tap][dim]   [20:41:41.560] 持續=36ms 峰值=307 ✗弱
[tap][dim]   [20:41:41.785] 持續=35ms 峰值=454 ✗弱
[tap][sample][20:41:41.821] 持續=36ms 峰值=1001 ✓ 🎯 敲擊 #1
[tap][sample][20:41:42.063] 持續=126ms 峰值=1377 ✗長
[tap][dim]   [20:41:42.171] 持續=27ms 峰值=554 ✗弱
[tap][sample][20:41:42.262] 持續=90ms 峰值=1813 ✓ 🎯 敲擊 #2
[tap][dim]   [20:41:42.298] 持續=36ms 峰值=506 ✗弱
[tap][sample][20:41:42.460] 持續=133ms 峰值=1238 ✗長
[tap][sample][20:41:42.938] 持續=163ms 峰值=3594 ✗長
[tap][dim]   [20:41:42.963] 持續=26ms 峰值=447 ✗弱
[tap][sample][20:41:43.000] 持續=37ms 峰值=678 ✓ 🎯 敲擊 #1
[tap][sample][20:41:43.287] 持續=27ms 峰值=3412 ✓ 🎯 敲擊 #2
[tap][sample][20:41:43.377] 持續=62ms 峰值=880 ✓ ⏱️ 防抖略過（距上次 55ms < 180ms）
[tap][dim]   [20:41:43.450] 持續=72ms 峰值=577 ✗弱
[tap][dim]   [20:41:43.540] 持續=36ms 峰值=396 ✗弱
[tap][dim]   [20:41:43.639] 持續=55ms 峰值=540 ✗弱
[tap][sample][20:41:43.702] 持續=63ms 峰值=688 ✓ 🎯 敲擊 #3
[tap]        [20:41:43.702] 🔔 三連敲觸發（間隔 297ms / 378ms，一致性 0.79）
[main][20:41:43.716] ⏳ 預熱 idle 計時器啟動，10 分鐘後關閉麥克風
[tap][dim]   [20:41:43.737] 持續=35ms 峰值=555 ✗弱
[recorder][VAD] Silero 語音幀 139/215 (64.7%)，有效語音 4.45s，信心閾值 0.6，最低比例 16%，最低語音 0.35s
[main][20:41:43.778] ✅ 錄音完成，送出辨識
[tap][dim]   [20:41:43.801] 持續=36ms 峰值=436 ✗弱
[paster][20:41:44] ⚠️ [UIA] TextPattern 不支援: 'NoneType' object has no attribute 'DocumentRange'
[paster][20:41:44] 🔮 預取游標位置: at_end=False, last_punct=False (delay=0.49s, est_api=0.94s)
[tap][sample][20:41:44.494] 持續=54ms 峰值=1492 ✓ 🎯 敲擊 #1
[tap][sample][20:41:44.574] 持續=36ms 峰值=687 ✓ ⏱️ 防抖略過（距上次 99ms < 180ms）
[transcriber][20:41:44.752] ⏱️ API 耗時: 0.97s
[main][20:41:44.753] ✅ 辨識完成: "血壓過低的時候，因為這種情況"
[tap][dim]   [20:41:44.760] 持續=33ms 峰值=491 ✗弱
[paster][20:41:44] 🎯 PASTE: at_end=False, last_punct=False, add_prefix=False (prefetched), prefix='。', final='血壓過低的時候，因為這種情況'
[paster][20:41:44] ⌨️ TEXT input skipped: process=notepad.exe，class=Notepad，focus=('文字編輯器', 'Edit', '15', 'EditControl')，preserve_ctrl=False
[paster][20:41:44] 📋 CLIP flow start: target_chars=14, restore_delay=0.30s
[paster][20:41:44] 📋 CLIP backup: count=7, formats=49367:1215B, 13:28B, 50188:24B, 50131:119B, 16:4B, 1:27B, 7:27B, text='識別開始後的敲擊全都是真敲'
[paster][20:41:44] 📋 CLIP set attempt 1/4: chars=14, bytes=30, preview='血壓過低的時候，因為這種情況'
[paster][20:41:44] 📋 CLIP verify ok: attempt=1, chars=14, text='血壓過低的時候，因為這種情況'
[tap][sample][20:41:44.890] 持續=129ms 峰值=2427 ✗長
[paster][20:41:44] ⌨️ Ctrl+V 準備送出，cb_ok=True，視窗="*未命名 - 記事本"，hwnd=0x05a0111a，process=notepad.exe，class=Notepad，keys_before=async_down=none; logical_down=none，text='血壓過低的時候，因為這種情況'
[paster][20:41:44] ⌨️ 貼上前釋放修飾鍵: released=none，restore_later=none，preserve_ctrl=False，keys_after_release=async_down=none; logical_down=none
[paster][20:41:44] ⌨️ Ctrl+V 已送出，keys_after_send=async_down=none; logical_down=none
[paster][20:41:44] 🚫 CLIP guard armed: manual Ctrl+V suppressed
[paster][20:41:44] ⏱️ 收到→貼上完成: 0.21s
[paster][20:41:44] 📋 CLIP restore wait: 0.30s
[tap]         ⏱️ 間隔過長重置（639ms）
[tap][sample][20:41:45.142] 持續=63ms 峰值=2367 ✓ 🎯 敲擊 #1
[tap][dim]   [20:41:45.178] 持續=36ms 峰值=397 ✗弱
[paster][20:41:45] 📋 CLIP restore attempt 1/4: text='識別開始後的敲擊全都是真敲'
[paster][20:41:45] 📋 CLIP restore: restored=7/7, formats=49367:1215B, 13:28B, 50188:24B, 50131:119B, 16:4B, 1:27B, 7:27B, text='識別開始後的敲擊全都是真敲'
[paster][20:41:45] 📋 CLIP restore verify ok: attempt=1, text='識別開始後的敲擊全都是真敲'
[paster][20:41:45] 🚫 CLIP guard disarmed: blocked=0
[main][20:41:46.109] ⌨️ 主快捷鍵觸發（Win32/句號），keys=async_down=Ctrl,RCtrl; logical_down=Ctrl,RCtrl
[main][20:41:46.109] ⌨️ after(0) 執行延遲 0.4ms
[tap]        [20:41:46.151] 💤 敲麥監聽已停止
[recorder][20:41:46] 🚀 預熱命中，直接開始錄音
[main][20:41:46.152] ⏱️ recorder.start() 耗時 0.2ms，ok=True
[tap]        [20:41:46.156] 🎙️ 敲麥監聽已啟動
[main][20:41:46.160] 🎙️ 開始錄音
[tap][sample][20:41:46.826] 持續=64ms 峰值=3324 ✓ 🎯 敲擊 #1
[tap][dim]   [20:41:46.861] 持續=35ms 峰值=317 ✗弱
[tap][sample][20:41:47.212] 持續=162ms 峰值=2951 ✗長
[tap][sample][20:41:47.500] 持續=135ms 峰值=2102 ✗長
[tap][dim]   [20:41:47.527] 持續=27ms 峰值=338 ✗弱
[paster][20:41:47] 📋 CLIP watchdog done: checks=11, repairs=0, ok=True, final='識別開始後的敲擊全都是真敲'
[paster][20:41:47] 📋 剪貼簿已還原驗證（7 種格式，restore_ok=True, watch_ok=True）[tap][dim]   [20:41:47.589] 持續=36ms 峰值=507 ✗弱

[tap][sample][20:41:47.788] 持續=198ms 峰值=1755 ✗長
[tap][sample][20:41:48.111] 持續=207ms 峰值=2261 ✗長
[tap][dim]   [20:41:48.139] 持續=27ms 峰值=591 ✗弱
[tap][dim]   [20:41:48.202] 持續=27ms 峰值=364 ✗弱
[tap][sample][20:41:48.940] 持續=134ms 峰值=1786 ✗長
[tap][dim]   [20:41:48.967] 持續=27ms 峰值=377 ✗弱
[tap][sample][20:41:49.129] 持續=99ms 峰值=2029 ✓ 🎯 敲擊 #1
[tap][dim]   [20:41:49.191] 持續=63ms 峰值=425 ✗弱
[tap][sample][20:41:49.227] 持續=36ms 峰值=640 ✓ ⏱️ 防抖略過（距上次 162ms < 180ms）
[tap][sample][20:41:49.507] 持續=189ms 峰值=1649 ✗長
[tap]         ⏱️ 間隔過長重置（612ms）
[tap][sample][20:41:49.669] 持續=27ms 峰值=991 ✓ 🎯 敲擊 #1
[tap][dim]   [20:41:49.706] 持續=37ms 峰值=309 ✗弱
[tap][sample][20:41:49.929] 持續=36ms 峰值=1851 ✓ 🎯 敲擊 #2
[tap][dim]   [20:41:49.957] 持續=27ms 峰值=427 ✗弱
[tap][sample][20:41:50.093] 持續=137ms 峰值=1142 ✗長
[tap][dim]   [20:41:50.119] 持續=26ms 峰值=381 ✗弱
[tap][sample][20:41:50.344] 持續=98ms 峰值=1942 ✓ 🎯 敲擊 #3
[tap]        [20:41:50.344] 🔔 三連敲觸發（間隔 252ms / 352ms，一致性 0.72）
[main][20:41:50.346] ⏳ 預熱 idle 計時器啟動，10 分鐘後關閉麥克風
[recorder][VAD] Silero 語音幀 72/130 (55.4%)，有效語音 2.30s，信心閾值 0.6，最低比例 16%，最低語音 0.35s
[main][20:41:50.381] ✅ 錄音完成，送出辨識
[tap][dim]   [20:41:50.406] 持續=27ms 峰值=307 ✗弱
[tap][sample][20:41:50.569] 持續=27ms 峰值=2495 ✓ 🎯 敲擊 #1
[paster][20:41:50] ⚠️ [UIA] TextPattern 不支援: 'NoneType' object has no attribute 'DocumentRange'
[paster][20:41:50] 🔮 預取游標位置: at_end=False, last_punct=False (delay=0.22s, est_api=0.67s)
[tap][dim]   [20:41:50.732] 持續=36ms 峰值=377 ✗弱
[tap][sample][20:41:50.830] 持續=98ms 峰值=1179 ✓ 🎯 敲擊 #2
[tap][sample][20:41:51.082] 持續=89ms 峰值=926 ✓ 🎯 敲擊 #3
[tap]        [20:41:51.082] 🔔 三連敲觸發（間隔 190ms / 261ms，一致性 0.73）
[transcriber][20:41:51.176] ⏱️ API 耗時: 0.80s
[main][20:41:51.178] ✅ 辨識完成: "特氣的現象，如果固執過度"
[tap][dim]   [20:41:51.187] 持續=106ms 峰值=513 ✗弱
[paster][20:41:51] 🎯 PASTE: at_end=False, last_punct=False, add_prefix=False (prefetched), prefix='。', final='特氣的現象，如果固執過度'
[paster][20:41:51] ⌨️ TEXT input skipped: process=notepad.exe，class=Notepad，focus=('文字編輯器', 'Edit', '15', 'EditControl')，preserve_ctrl=False
[paster][20:41:51] 📋 CLIP flow start: target_chars=12, restore_delay=0.30s
[paster][20:41:51] 📋 CLIP backup: count=7, formats=49367:1215B, 13:28B, 50188:24B, 50131:119B, 16:4B, 1:27B, 7:27B, text='識別開始後的敲擊全都是真敲'
[paster][20:41:51] 📋 CLIP set attempt 1/4: chars=12, bytes=26, preview='特氣的現象，如果固執過度'
[tap][sample][20:41:51.271] 持續=36ms 峰值=711 ✓ 🎯 敲擊 #1
[paster][20:41:51] 📋 CLIP verify ok: attempt=1, chars=12, text='特氣的現象，如果固執過度'
[paster][20:41:51] ⌨️ Ctrl+V 準備送出，cb_ok=True，視窗="*未命名 - 記事本"，hwnd=0x05a0111a，process=notepad.exe，class=Notepad，keys_before=async_down=none; logical_down=none，text='特氣的現象，如果固執過度'
[paster][20:41:51] ⌨️ 貼上前釋放修飾鍵: released=none，restore_later=none，preserve_ctrl=False，keys_after_release=async_down=none; logical_down=none
[paster][20:41:51] ⌨️ Ctrl+V 已送出，keys_after_send=async_down=none; logical_down=none
[paster][20:41:51] 🚫 CLIP guard armed: manual Ctrl+V suppressed
[paster][20:41:51] ⏱️ 收到→貼上完成: 0.20s
[paster][20:41:51] 📋 CLIP restore wait: 0.30s
[tap][dim]   [20:41:51.559] 持續=91ms 峰值=591 ✗弱
[paster][20:41:51] 📋 CLIP restore attempt 1/4: text='識別開始後的敲擊全都是真敲'
[paster][20:41:51] 📋 CLIP restore: restored=7/7, formats=49367:1215B, 13:28B, 50188:24B, 50131:119B, 16:4B, 1:27B, 7:27B, text='識別開始後的敲擊全都是真敲'
[paster][20:41:51] 📋 CLIP restore verify ok: attempt=1, text='識別開始後的敲擊全都是真敲'
[paster][20:41:51] 🚫 CLIP guard disarmed: blocked=0
[main][20:41:51.914] ⌨️ 主快捷鍵觸發（Win32/句號），keys=async_down=Ctrl,RCtrl; logical_down=Ctrl,RCtrl
[main][20:41:51.914] ⌨️ after(0) 執行延遲 0.4ms
[tap]        [20:41:51.965] 💤 敲麥監聽已停止
[recorder][20:41:51] 🚀 預熱命中，直接開始錄音
[main][20:41:51.965] ⏱️ recorder.start() 耗時 0.2ms，ok=True
[tap]        [20:41:51.970] 🎙️ 敲麥監聽已啟動
[main][20:41:51.973] 🎙️ 開始錄音
[tap][dim]   [20:41:52.711] 持續=36ms 峰值=429 ✗弱
[tap][sample][20:41:52.900] 持續=63ms 峰值=2040 ✓ 🎯 敲擊 #1
[tap][sample][20:41:53.038] 持續=67ms 峰值=696 ✓ ⏱️ 防抖略過（距上次 135ms < 180ms）
[tap][sample][20:41:53.458] 持續=297ms 峰值=2026 ✗長
[tap][dim]   [20:41:53.484] 持續=27ms 峰值=431 ✗弱
[tap]         ⏱️ 間隔過長重置（648ms）
[tap][sample][20:41:53.547] 持續=63ms 峰值=691 ✓ 🎯 敲擊 #1
[tap][dim]   [20:41:53.575] 持續=27ms 峰值=347 ✗弱
[tap][sample][20:41:53.773] 持續=127ms 峰值=2491 ✗長
[tap][dim]   [20:41:53.800] 持續=27ms 峰值=564 ✗弱
[tap][sample][20:41:53.862] 持續=63ms 峰值=1520 ✓ 🎯 敲擊 #2
[tap][dim]   [20:41:53.971] 持續=36ms 峰值=403 ✗弱
[paster][20:41:54] 📋 CLIP watchdog done: checks=11, repairs=0, ok=True, final='識別開始後的敲擊全都是真敲'
[paster][20:41:54] 📋 剪貼簿已還原驗證（7 種格式，restore_ok=True, watch_ok=True）
[tap][sample][20:41:54.061] 持續=90ms 峰值=1956 ✓ ⏱️ 防抖略過（距上次 171ms < 180ms）
[tap][dim]   [20:41:54.096] 持續=36ms 峰值=590 ✗弱
[tap][sample][20:41:54.215] 持續=119ms 峰值=1567 ✗長
[tap][dim]   [20:41:54.250] 持續=34ms 峰值=376 ✗弱
[tap][sample][20:41:54.474] 持續=134ms 峰值=1108 ✗長
[tap][dim]   [20:41:54.511] 持續=36ms 峰值=383 ✗弱
[tap][sample][20:41:54.736] 持續=99ms 峰值=1647 ✓ 🎯 敲擊 #1
[tap][sample][20:41:55.016] 持續=117ms 峰值=11035 ✓ 🎯 敲擊 #2
[tap][dim]   [20:41:55.087] 持續=72ms 峰值=571 ✗弱
[tap][sample][20:41:55.411] 持續=171ms 峰值=1910 ✗長
[tap][dim]   [20:41:55.465] 持續=54ms 峰值=497 ✗弱
[tap][sample][20:41:55.599] 持續=134ms 峰值=1377 ✗長
[tap][dim]   [20:41:55.654] 持續=27ms 峰值=394 ✗弱
[tap][sample][20:41:56.014] 持續=126ms 峰值=2265 ✗長
[tap][dim]   [20:41:57.040] 持續=36ms 峰值=546 ✗弱
[tap][sample][20:41:57.067] 持續=28ms 峰值=929 ✓ 🎯 敲擊 #1
[tap][dim]   [20:41:57.129] 持續=62ms 峰值=563 ✗弱
[tap][dim]   [20:41:57.219] 持續=54ms 峰值=393 ✗弱
[tap][sample][20:41:57.417] 持續=61ms 峰值=2095 ✓ 🎯 敲擊 #2
[tap][dim]   [20:41:57.489] 持續=72ms 峰值=418 ✗弱
[tap][dim]   [20:41:57.643] 持續=27ms 峰值=427 ✗弱
[tap][sample][20:41:57.670] 持續=27ms 峰值=640 ✓ 🎯 敲擊 #3
[tap]        [20:41:57.670] 🔔 三連敲觸發（間隔 317ms / 286ms，一致性 0.90）
[main][20:41:57.672] ⏳ 預熱 idle 計時器啟動，10 分鐘後關閉麥克風
[recorder][VAD] Silero 語音幀 21/177 (11.9%)，有效語音 0.67s，信心閾值 0.6，最低比例 16%，最低語音 0.35s
[recorder][stop] ❌ VAD 未達有效語音門檻，不送出辨識（語音比例不足 11.9% < 16%）
[tap][dim]   [20:41:57.778] 持續=108ms 峰值=521 ✗弱
[tap][sample][20:41:57.940] 持續=163ms 峰值=1076 ✗長
[tap][dim]   [20:41:57.993] 持續=53ms 峰值=551 ✗弱
[tap][sample][20:41:58.290] 持續=297ms 峰值=2180 ✗長
[tap][dim]   [20:41:58.318] 持續=27ms 峰值=415 ✗弱
[tap][sample][20:41:58.345] 持續=27ms 峰值=738 ✓ 🎯 敲擊 #1
[tap][dim]   [20:41:58.381] 持續=35ms 峰值=401 ✗弱
[tap][sample][20:41:58.605] 持續=126ms 峰值=1878 ✗長
[main][20:41:59.421] ⌨️ 主快捷鍵觸發（Win32/句號），keys=async_down=Ctrl,RCtrl; logical_down=Ctrl,RCtrl
[main][20:41:59.421] ⌨️ after(0) 執行延遲 0.3ms
[tap]        [20:41:59.443] 💤 敲麥監聽已停止
[recorder][20:41:59] 🚀 預熱命中，直接開始錄音
[main][20:41:59.444] ⏱️ recorder.start() 耗時 0.1ms，ok=True
[tap]        [20:41:59.447] 🎙️ 敲麥監聽已啟動
[main][20:41:59.450] 🎙️ 開始錄音
[tap][sample][20:42:00.217] 持續=90ms 峰值=1959 ✓ 🎯 敲擊 #1
[tap][sample][20:42:00.280] 持續=36ms 峰值=723 ✓ ⏱️ 防抖略過（距上次 118ms < 180ms）
[tap][dim]   [20:42:00.369] 持續=27ms 峰值=543 ✗弱
[tap][dim]   [20:42:00.451] 持續=45ms 峰值=412 ✗弱
[tap][sample][20:42:00.478] 持續=27ms 峰值=613 ✓ 🎯 敲擊 #2
[tap][dim]   [20:42:00.504] 持續=27ms 峰值=589 ✗弱
[tap][sample][20:42:00.604] 持續=99ms 峰值=914 ✓ ⏱️ 防抖略過（距上次 54ms < 180ms）
[tap][sample][20:42:00.821] 持續=181ms 峰值=2069 ✗長
[tap][dim]   [20:42:00.856] 持續=35ms 峰值=332 ✗弱
[tap]         ⏱️ 間隔過長重置（405ms）
[tap][sample][20:42:00.883] 持續=27ms 峰值=684 ✓ 🎯 敲擊 #1
[tap][dim]   [20:42:00.927] 持續=45ms 峰值=423 ✗弱
[tap][sample][20:42:00.955] 持續=27ms 峰值=705 ✓ ⏱️ 防抖略過（距上次 72ms < 180ms）
[tap][dim]   [20:42:01.044] 持續=54ms 峰值=583 ✗弱
[tap][sample][20:42:01.243] 持續=198ms 峰值=1430 ✗長
[tap][dim]   [20:42:01.270] 持續=27ms 峰值=555 ✗弱
[tap]         ⏱️ 間隔過長重置（414ms）
[tap][sample][20:42:01.306] 持續=36ms 峰值=605 ✓ 🎯 敲擊 #1
[tap][sample][20:42:01.593] 持續=25ms 峰值=669 ✓ 🎯 敲擊 #2
[tap][sample][20:42:02.395] 持續=738ms 峰值=1843 ✗長
[tap][sample][20:42:02.620] 持續=135ms 峰值=2101 ✗長
[tap][sample][20:42:02.709] 持續=27ms 峰值=1139 ✓ 🎯 敲擊 #1
[tap][dim]   [20:42:02.773] 持續=27ms 峰值=390 ✗弱
[tap][sample][20:42:03.448] 持續=198ms 峰值=4462 ✗長
[tap][sample][20:42:03.762] 持續=117ms 峰值=2556 ✗長
[tap][dim]   [20:42:03.808] 持續=46ms 峰值=372 ✗弱
[tap][dim]   [20:42:03.970] 持續=44ms 峰值=542 ✗弱
[tap][sample][20:42:04.087] 持續=117ms 峰值=1007 ✗長
[tap][dim]   [20:42:04.151] 持續=28ms 峰值=551 ✗弱
[tap][sample][20:42:04.320] 持續=170ms 峰值=1711 ✗長
[tap][dim]   [20:42:04.349] 持續=28ms 峰值=484 ✗弱
[tap][dim]   [20:42:04.473] 持續=27ms 峰值=546 ✗弱
[tap][sample][20:42:04.771] 持續=297ms 峰值=4184 ✗長
[tap][dim]   [20:42:04.799] 持續=28ms 峰值=411 ✗弱
[tap][dim]   [20:42:04.861] 持續=36ms 峰值=461 ✗弱
[tap][dim]   [20:42:05.014] 持續=26ms 峰值=314 ✗弱
[tap][sample][20:42:05.364] 持續=351ms 峰值=1780 ✗長
[tap][dim]   [20:42:05.437] 持續=73ms 峰值=570 ✗弱
[tap][sample][20:42:05.562] 持續=99ms 峰值=1591 ✓ 🎯 敲擊 #1
[tap][sample][20:42:05.788] 持續=199ms 峰值=1897 ✗長
[tap][sample][20:42:06.076] 持續=225ms 峰值=1685 ✗長
[tap][dim]   [20:42:06.102] 持續=27ms 峰值=376 ✗弱
[tap][sample][20:42:06.130] 持續=27ms 峰值=694 ✓ 🎯 敲擊 #1
[tap][dim]   [20:42:06.238] 持續=72ms 峰值=350 ✗弱
[tap][dim]   [20:42:06.453] 持續=89ms 峰值=492 ✗弱
[tap][sample][20:42:06.580] 持續=126ms 峰值=667 ✗長
[tap][dim]   [20:42:06.642] 持續=63ms 峰值=332 ✗弱
[tap]         ⏱️ 間隔過長重置（900ms）
[tap][sample][20:42:07.093] 持續=90ms 峰值=1811 ✓ 🎯 敲擊 #1
[tap][sample][20:42:07.353] 持續=189ms 峰值=2935 ✗長
[tap][dim]   [20:42:07.389] 持續=36ms 峰值=548 ✗弱
[tap]         ⏱️ 間隔過長重置（513ms）
[tap][sample][20:42:07.542] 持續=27ms 峰值=791 ✓ 🎯 敲擊 #1
[tap][dim]   [20:42:07.570] 持續=28ms 峰值=489 ✗弱
[tap][sample][20:42:07.867] 持續=126ms 峰值=2891 ✗長
[tap][dim]   [20:42:07.930] 持續=62ms 峰值=391 ✗弱
[tap][dim]   [20:42:08.020] 持續=27ms 峰值=513 ✗弱
[tap][sample][20:42:08.191] 持續=170ms 峰值=2799 ✗長
[tap][dim]   [20:42:08.218] 持續=27ms 峰值=532 ✗弱
[tap][sample][20:42:08.443] 持續=98ms 峰值=2643 ✓ 🎯 敲擊 #1
[tap][dim]   [20:42:08.506] 持續=63ms 峰值=582 ✗弱
[tap][sample][20:42:08.533] 持續=27ms 峰值=785 ✓ ⏱️ 防抖略過（距上次 161ms < 180ms）
[tap][dim]   [20:42:08.605] 持續=72ms 峰值=410 ✗弱
[tap][dim]   [20:42:09.244] 持續=36ms 峰值=341 ✗弱
[tap]         ⏱️ 間隔過長重置（899ms）
[tap][sample][20:42:09.307] 持續=63ms 峰值=1938 ✓ 🎯 敲擊 #1
[tap][sample][20:42:09.405] 持續=36ms 峰值=614 ✓ ⏱️ 防抖略過（距上次 126ms < 180ms）
[tap][dim]   [20:42:09.496] 持續=91ms 峰值=531 ✗弱
[tap][sample][20:42:09.632] 持續=136ms 峰值=2316 ✗長
[tap][dim]   [20:42:10.108] 持續=27ms 峰值=407 ✗弱
[tap][sample][20:42:10.485] 持續=378ms 峰值=2562 ✗長
[tap][dim]   [20:42:10.558] 持續=72ms 峰值=514 ✗弱
[tap][sample][20:42:10.810] 持續=252ms 峰值=1914 ✗長
[tap][sample][20:42:11.098] 持續=226ms 峰值=6420 ✗長
[tap][sample][20:42:11.440] 持續=243ms 峰值=2220 ✗長
[tap][sample][20:42:11.673] 持續=99ms 峰值=3430 ✓ 🎯 敲擊 #1
[tap]         ⏱️ 間隔過長重置（612ms）
[tap][sample][20:42:12.214] 持續=27ms 峰值=656 ✓ 🎯 敲擊 #1
[tap][dim]   [20:42:12.447] 持續=45ms 峰值=585 ✗弱
[tap][sample][20:42:12.510] 持續=63ms 峰值=1448 ✓ 🎯 敲擊 #2
[tap][dim]   [20:42:12.565] 持續=27ms 峰值=373 ✗弱
[tap][sample][20:42:12.609] 持續=45ms 峰值=758 ✓ ⏱️ 防抖略過（距上次 117ms < 180ms）
[tap][sample][20:42:12.762] 持續=35ms 峰值=662 ✓ 🎯 敲擊 #3
[tap]        [20:42:12.762] 🔔 三連敲觸發（間隔 261ms / 279ms，一致性 0.93）
[main][20:42:12.763] ⏳ 預熱 idle 計時器啟動，10 分鐘後關閉麥克風
[tap][dim]   [20:42:12.789] 持續=27ms 峰值=542 ✗弱
[recorder][VAD] Silero 語音幀 168/416 (40.4%)，有效語音 5.38s，信心閾值 0.6，最低比例 16%，最低語音 0.35s
[main][20:42:12.871] ✅ 錄音完成，送出辨識
[tap][sample][20:42:13.150] 持續=135ms 峰值=2496 ✗長
[tap][dim]   [20:42:13.239] 持續=90ms 峰值=498 ✗弱
[tap][sample][20:42:13.438] 持續=135ms 峰值=2154 ✗長
[transcriber][20:42:13.927] ⏱️ API 耗時: 1.05s
[main][20:42:13.934] ✅ 辨識完成: "剛好是搶劫的時候可以受傷。一家人力較高因為可以維持高檔"
[paster][20:42:13] ⚠️ [UIA] TextPattern 不支援: 'NoneType' object has no attribute 'DocumentRange'
[paster][20:42:13] 🎯 PASTE: at_end=False, last_punct=False, add_prefix=False, prefix='。', uia=27ms, final='剛好是搶劫的時候可以受傷。一家人力較高因為可以維持高檔'
[paster][20:42:13] ⌨️ TEXT input skipped: process=notepad.exe，class=Notepad，focus=('文字編輯器', 'Edit', '15', 'EditControl')，preserve_ctrl=False
[paster][20:42:13] 📋 CLIP flow start: target_chars=27, restore_delay=0.30s
[paster][20:42:13] 📋 CLIP backup: count=7, formats=49367:1215B, 13:28B, 50188:24B, 50131:119B, 16:4B, 1:27B, 7:27B, text='識別開始後的敲擊全都是真敲'
[paster][20:42:13] 📋 CLIP set attempt 1/4: chars=27, bytes=56, preview='剛好是搶劫的時候可以受傷。一家人力較高因為可以維持高檔'
[tap][sample][20:42:14.005] 持續=43ms 峰值=670 ✓ 🎯 敲擊 #1
[paster][20:42:14] ⚠️ [UIA] TextPattern 不支援: 'NoneType' object has no attribute 'DocumentRange'
[paster][20:42:14] 🔮 預取游標位置: at_end=False, last_punct=False (delay=1.13s, est_api=1.58s)
[paster][20:42:14] 📋 CLIP verify ok: attempt=1, chars=27, text='剛好是搶劫的時候可以受傷。一家人力較高因'
[tap][dim]   [20:42:14.049] 持續=45ms 峰值=534 ✗弱
[paster][20:42:14] ⌨️ Ctrl+V 準備送出，cb_ok=True，視窗="*未命名 - 記事本"，hwnd=0x05a0111a，process=notepad.exe，class=Notepad，keys_before=async_down=none; logical_down=none，text='剛好是搶劫的時候可以受傷。一家人力較高因為可以維持高檔'
[paster][20:42:14] ⌨️ 貼上前釋放修飾鍵: released=none，restore_later=none，preserve_ctrl=False，keys_after_release=async_down=none; logical_down=none
[tap][sample][20:42:14.140] 持續=90ms 峰值=785 ✓ ⏱️ 防抖略過（距上次 88ms < 180ms）
[paster][20:42:14] ⌨️ Ctrl+V 已送出，keys_after_send=async_down=none; logical_down=none
[paster][20:42:14] 🚫 CLIP guard armed: manual Ctrl+V suppressed
[paster][20:42:14] ⏱️ 收到→貼上完成: 0.22s
[paster][20:42:14] 📋 CLIP restore wait: 0.30s
[paster][20:42:14] 📋 CLIP restore attempt 1/4: text='識別開始後的敲擊全都是真敲'
[paster][20:42:14] 📋 CLIP restore: restored=7/7, formats=49367:1215B, 13:28B, 50188:24B, 50131:119B, 16:4B, 1:27B, 7:27B, text='識別開始後的敲擊全都是真敲'
[paster][20:42:14] 📋 CLIP restore verify ok: attempt=1, text='識別開始後的敲擊全都是真敲'
[paster][20:42:14] 🚫 CLIP guard disarmed: blocked=0
[paster][20:42:16] 📋 CLIP watchdog done: checks=11, repairs=0, ok=True, final='識別開始後的敲擊全都是真敲'
[paster][20:42:16] 📋 剪貼簿已還原驗證（7 種格式，restore_ok=True, watch_ok=True）
[tap][dim]   [20:43:36.328] 持續=27ms 峰值=354 ✗弱
[tap][dim]   [20:43:36.805] 持續=27ms 峰值=313 ✗弱
[tap][dim]   [20:43:38.218] 持續=36ms 峰值=331 ✗弱
[tap][dim]   [20:43:43.879] 持續=54ms 峰值=342 ✗弱
[tap]         ⏱️ 間隔過長重置（89953ms）
[tap][sample][20:43:43.942] 持續=27ms 峰值=741 ✓ 🎯 敲擊 #1
[tap][dim]   [20:43:43.977] 持續=36ms 峰值=481 ✗弱
[tap][dim]   [20:46:31.855] 持續=27ms 峰值=403 ✗弱
[main][20:52:12.756] 💤 預熱 stream 已關閉（idle 超時）
[recorder][20:52:12] 💤 預熱 stream 已關閉
[tap]        [20:56:58.523] 💤 敲麥監聽已停止
[recorder][20:56:58] 💤 預熱 stream 已關閉
[0m