[main] LOG -> F:\Cursor\AI Whisper Next\ai_whisper_20260517_040821.log
[settings] config loaded from F:\Cursor\AI Whisper Next\config.json
[main][04:08:21.398] ✅ 快捷鍵 ctrl+f12（句號）、ctrl+f11（逗號）已註冊
[input][04:08:21.398] ✅ Ctrl狀態防護已啟動
[tap]        [04:08:21.399] ⏳ 等待 MIC 裝置：DJI input endpoints are present but none produced callbacks (23 耳機 (@System32\drivers\bthhfenum.sys,#2;%1 Hands-Free AG Audio%0  ;(DJI Mic Mini-E2C662)) / Windows WDM-KS / 8000Hz -> device not ready)，2s 後重試[main][04:08:21.399] ✅ 記憶快捷鍵 5/5 已註冊 (Win32)

[tap]        [04:08:23.429] ⏳ 等待 MIC 裝置：DJI input endpoints are present but none produced callbacks (23 耳機 (@System32\drivers\bthhfenum.sys,#2;%1 Hands-Free AG Audio%0  ;(DJI Mic Mini-E2C662)) / Windows WDM-KS / 8000Hz -> device not ready)，2s 後重試
[recorder][start] ❌ 找不到可用錄音裝置: DJI input endpoints are present but none produced callbacks (23 耳機 (@System32\drivers\bthhfenum.sys,#2;%1 Hands-Free AG Audio%0  ;(DJI Mic Mini-E2C662)) / Windows WDM-KS / 8000Hz -> device not ready)
[recorder][VAD] 載入 Silero VAD 模型...
Using cache found in C:\Users\Administrator/.cache\torch\hub\snakers4_silero-vad_master
[recorder][VAD] Silero VAD 模型載入完成
[recorder][start] ❌ 找不到可用錄音裝置: DJI input endpoints are present but none produced callbacks (23 耳機 (@System32\drivers\bthhfenum.sys,#2;%1 Hands-Free AG Audio%0  ;(DJI Mic Mini-E2C662)) / Windows WDM-KS / 8000Hz -> device not ready)
[main][04:08:24.760] ⏱️ recorder.start() 耗時 1329.4ms，ok=False
[tap]        [04:08:24.760] ⏳ 等待 MIC 裝置：DJI input endpoints are present but none produced callbacks (23 耳機 (@System32\drivers\bthhfenum.sys,#2;%1 Hands-Free AG Audio%0  ;(DJI Mic Mini-E2C662)) / Windows WDM-KS / 8000Hz -> device not ready)，2s 後重試
[tap]        [04:08:26.763] ⏳ 等待 MIC 裝置：DJI input endpoints are present but none produced callbacks (23 耳機 (@System32\drivers\bthhfenum.sys,#2;%1 Hands-Free AG Audio%0  ;(DJI Mic Mini-E2C662)) / Windows WDM-KS / 8000Hz -> device not ready)，2s 後重試
[tap]        [04:08:28.773] ⏳ 等待 MIC 裝置：DJI input endpoints are present but none produced callbacks (23 耳機 (@System32\drivers\bthhfenum.sys,#2;%1 Hands-Free AG Audio%0  ;(DJI Mic Mini-E2C662)) / Windows WDM-KS / 8000Hz -> device not ready)，2s 後重試
[tap]        [04:08:30.775] ⏳ 等待 MIC 裝置：DJI input endpoints are present but none produced callbacks (23 耳機 (@System32\drivers\bthhfenum.sys,#2;%1 Hands-Free AG Audio%0  ;(DJI Mic Mini-E2C662)) / Windows WDM-KS / 8000Hz -> device not ready)，2s 後重試
[tap]        [04:08:32.786] ⏳ 等待 MIC 裝置：DJI input endpoints are present but none produced callbacks (23 耳機 (@System32\drivers\bthhfenum.sys,#2;%1 Hands-Free AG Audio%0  ;(DJI Mic Mini-E2C662)) / Windows WDM-KS / 8000Hz -> device not ready)，2s 後重試
[tap]        [04:08:34.795] ⏳ 等待 MIC 裝置：DJI input endpoints are present but none produced callbacks (23 耳機 (@System32\drivers\bthhfenum.sys,#2;%1 Hands-Free AG Audio%0  ;(DJI Mic Mini-E2C662)) / Windows WDM-KS / 8000Hz -> device not ready)，2s 後重試
[tap]        [04:08:36.811] ⏳ 等待 MIC 裝置：DJI input endpoints are present but none produced callbacks (23 耳機 (@System32\drivers\bthhfenum.sys,#2;%1 Hands-Free AG Audio%0  ;(DJI Mic Mini-E2C662)) / Windows WDM-KS / 8000Hz -> device not ready)，2s 後重試
[tap]        [04:08:38.827] ⏳ 等待 MIC 裝置：DJI input endpoints are present but none produced callbacks (23 耳機 (@System32\drivers\bthhfenum.sys,#2;%1 Hands-Free AG Audio%0  ;(DJI Mic Mini-E2C662)) / Windows WDM-KS / 8000Hz -> device not ready)，2s 後重試
[tap]        [04:08:40.835] ⏳ 等待 MIC 裝置：DJI input endpoints are present but none produced callbacks (23 耳機 (@System32\drivers\bthhfenum.sys,#2;%1 Hands-Free AG Audio%0  ;(DJI Mic Mini-E2C662)) / Windows WDM-KS / 8000Hz -> device not ready)，2s 後重試
[tap]        [04:08:42.840] ⏳ 等待 MIC 裝置：DJI input endpoints are present but none produced callbacks (23 耳機 (@System32\drivers\bthhfenum.sys,#2;%1 Hands-Free AG Audio%0  ;(DJI Mic Mini-E2C662)) / Windows WDM-KS / 8000Hz -> device not ready)，2s 後重試
[tap]        [04:08:44.854] ⏳ 等待 MIC 裝置：DJI input endpoints are present but none produced callbacks (23 耳機 (@System32\drivers\bthhfenum.sys,#2;%1 Hands-Free AG Audio%0  ;(DJI Mic Mini-E2C662)) / Windows WDM-KS / 8000Hz -> device not ready)，2s 後重試
[tap]        [04:08:46.856] ⏳ 等待 MIC 裝置：DJI input endpoints are present but none produced callbacks (23 耳機 (@System32\drivers\bthhfenum.sys,#2;%1 Hands-Free AG Audio%0  ;(DJI Mic Mini-E2C662)) / Windows WDM-KS / 8000Hz -> device not ready)，2s 後重試
[tap]        [04:08:48.863] ⏳ 等待 MIC 裝置：DJI input endpoints are present but none produced callbacks (23 耳機 (@System32\drivers\bthhfenum.sys,#2;%1 Hands-Free AG Audio%0  ;(DJI Mic Mini-E2C662)) / Windows WDM-KS / 8000Hz -> device not ready)，2s 後重試
[tap]        [04:08:50.879] ⏳ 等待 MIC 裝置：DJI input endpoints are present but none produced callbacks (23 耳機 (@System32\drivers\bthhfenum.sys,#2;%1 Hands-Free AG Audio%0  ;(DJI Mic Mini-E2C662)) / Windows WDM-KS / 8000Hz -> device not ready)，2s 後重試
[tap]        [04:08:52.881] ⏳ 等待 MIC 裝置：DJI input endpoints are present but none produced callbacks (23 耳機 (@System32\drivers\bthhfenum.sys,#2;%1 Hands-Free AG Audio%0  ;(DJI Mic Mini-E2C662)) / Windows WDM-KS / 8000Hz -> device not ready)，2s 後重試
[tap]        [04:08:54.883] ⏳ 等待 MIC 裝置：DJI input endpoints are present but none produced callbacks (23 耳機 (@System32\drivers\bthhfenum.sys,#2;%1 Hands-Free AG Audio%0  ;(DJI Mic Mini-E2C662)) / Windows WDM-KS / 8000Hz -> device not ready)，2s 後重試
[tap]        [04:08:56.897] ⏳ 等待 MIC 裝置：DJI input endpoints are present but none produced callbacks (23 耳機 (@System32\drivers\bthhfenum.sys,#2;%1 Hands-Free AG Audio%0  ;(DJI Mic Mini-E2C662)) / Windows WDM-KS / 8000Hz -> device not ready)，2s 後重試
[tap]        [04:08:58.905] ⏳ 等待 MIC 裝置：DJI input endpoints are present but none produced callbacks (23 耳機 (@System32\drivers\bthhfenum.sys,#2;%1 Hands-Free AG Audio%0  ;(DJI Mic Mini-E2C662)) / Windows WDM-KS / 8000Hz -> device not ready)，2s 後重試
[tap]        [04:09:00.911] ⏳ 等待 MIC 裝置：DJI input endpoints are present but none produced callbacks (23 耳機 (@System32\drivers\bthhfenum.sys,#2;%1 Hands-Free AG Audio%0  ;(DJI Mic Mini-E2C662)) / Windows WDM-KS / 8000Hz -> device not ready)，2s 後重試
[tap]        [04:09:02.926] ⏳ 等待 MIC 裝置：DJI input endpoints are present but none produced callbacks (23 耳機 (@System32\drivers\bthhfenum.sys,#2;%1 Hands-Free AG Audio%0  ;(DJI Mic Mini-E2C662)) / Windows WDM-KS / 8000Hz -> device not ready)，2s 後重試
[tap]        [04:09:04.928] ⏳ 等待 MIC 裝置：DJI input endpoints are present but none produced callbacks (23 耳機 (@System32\drivers\bthhfenum.sys,#2;%1 Hands-Free AG Audio%0  ;(DJI Mic Mini-E2C662)) / Windows WDM-KS / 8000Hz -> device not ready)，2s 後重試
[tap]        [04:09:06.930] ⏳ 等待 MIC 裝置：DJI input endpoints are present but none produced callbacks (23 耳機 (@System32\drivers\bthhfenum.sys,#2;%1 Hands-Free AG Audio%0  ;(DJI Mic Mini-E2C662)) / Windows WDM-KS / 8000Hz -> device not ready)，2s 後重試
[tap]        [04:09:08.933] ⏳ 等待 MIC 裝置：DJI input endpoints are present but none produced callbacks (23 耳機 (@System32\drivers\bthhfenum.sys,#2;%1 Hands-Free AG Audio%0  ;(DJI Mic Mini-E2C662)) / Windows WDM-KS / 8000Hz -> device not ready)，2s 後重試
[tap]        [04:09:10.937] ⏳ 等待 MIC 裝置：DJI input endpoints are present but none produced callbacks (23 耳機 (@System32\drivers\bthhfenum.sys,#2;%1 Hands-Free AG Audio%0  ;(DJI Mic Mini-E2C662)) / Windows WDM-KS / 8000Hz -> device not ready)，2s 後重試
[tap]        [04:09:12.950] ⏳ 等待 MIC 裝置：DJI input endpoints are present but none produced callbacks (23 耳機 (@System32\drivers\bthhfenum.sys,#2;%1 Hands-Free AG Audio%0  ;(DJI Mic Mini-E2C662)) / Windows WDM-KS / 8000Hz -> device not ready)，2s 後重試
[tap]        [04:09:14.963] ⏳ 等待 MIC 裝置：DJI input endpoints are present but none produced callbacks (23 耳機 (@System32\drivers\bthhfenum.sys,#2;%1 Hands-Free AG Audio%0  ;(DJI Mic Mini-E2C662)) / Windows WDM-KS / 8000Hz -> device not ready)，2s 後重試
[tap]        [04:09:16.977] ⏳ 等待 MIC 裝置：DJI input endpoints are present but none produced callbacks (23 耳機 (@System32\drivers\bthhfenum.sys,#2;%1 Hands-Free AG Audio%0  ;(DJI Mic Mini-E2C662)) / Windows WDM-KS / 8000Hz -> device not ready)，2s 後重試
[tap]        [04:09:18.987] ⏳ 等待 MIC 裝置：DJI input endpoints are present but none produced callbacks (23 耳機 (@System32\drivers\bthhfenum.sys,#2;%1 Hands-Free AG Audio%0  ;(DJI Mic Mini-E2C662)) / Windows WDM-KS / 8000Hz -> device not ready)，2s 後重試
[tap]        [04:09:21.005] ⏳ 等待 MIC 裝置：DJI input endpoints are present but none produced callbacks (23 耳機 (@System32\drivers\bthhfenum.sys,#2;%1 Hands-Free AG Audio%0  ;(DJI Mic Mini-E2C662)) / Windows WDM-KS / 8000Hz -> device not ready)，2s 後重試
[tap]        [04:09:23.023] ⏳ 等待 MIC 裝置：DJI input endpoints are present but none produced callbacks (23 耳機 (@System32\drivers\bthhfenum.sys,#2;%1 Hands-Free AG Audio%0  ;(DJI Mic Mini-E2C662)) / Windows WDM-KS / 8000Hz -> device not ready)，2s 後重試
[tap]        [04:09:25.031] ⏳ 等待 MIC 裝置：DJI input endpoints are present but none produced callbacks (23 耳機 (@System32\drivers\bthhfenum.sys,#2;%1 Hands-Free AG Audio%0  ;(DJI Mic Mini-E2C662)) / Windows WDM-KS / 8000Hz -> device not ready)，2s 後重試
[tap]        [04:09:27.036] ⏳ 等待 MIC 裝置：DJI input endpoints are present but none produced callbacks (23 耳機 (@System32\drivers\bthhfenum.sys,#2;%1 Hands-Free AG Audio%0  ;(DJI Mic Mini-E2C662)) / Windows WDM-KS / 8000Hz -> device not ready)，2s 後重試
[tap]        [04:09:29.047] ⏳ 等待 MIC 裝置：DJI input endpoints are present but none produced callbacks (23 耳機 (@System32\drivers\bthhfenum.sys,#2;%1 Hands-Free AG Audio%0  ;(DJI Mic Mini-E2C662)) / Windows WDM-KS / 8000Hz -> device not ready)，2s 後重試
[tap]        [04:09:31.049] ⏳ 等待 MIC 裝置：DJI input endpoints are present but none produced callbacks (23 耳機 (@System32\drivers\bthhfenum.sys,#2;%1 Hands-Free AG Audio%0  ;(DJI Mic Mini-E2C662)) / Windows WDM-KS / 8000Hz -> device not ready)，2s 後重試
[tap]        [04:09:33.062] ⏳ 等待 MIC 裝置：DJI input endpoints are present but none produced callbacks (23 耳機 (@System32\drivers\bthhfenum.sys,#2;%1 Hands-Free AG Audio%0  ;(DJI Mic Mini-E2C662)) / Windows WDM-KS / 8000Hz -> device not ready)，2s 後重試
[tap]        [04:09:35.074] ⏳ 等待 MIC 裝置：DJI input endpoints are present but none produced callbacks (23 耳機 (@System32\drivers\bthhfenum.sys,#2;%1 Hands-Free AG Audio%0  ;(DJI Mic Mini-E2C662)) / Windows WDM-KS / 8000Hz -> device not ready)，2s 後重試
[tap]        [04:09:37.078] ⏳ 等待 MIC 裝置：DJI input endpoints are present but none produced callbacks (23 耳機 (@System32\drivers\bthhfenum.sys,#2;%1 Hands-Free AG Audio%0  ;(DJI Mic Mini-E2C662)) / Windows WDM-KS / 8000Hz -> device not ready)，2s 後重試
[tap]        [04:09:39.095] ⏳ 等待 MIC 裝置：DJI input endpoints are present but none produced callbacks (23 耳機 (@System32\drivers\bthhfenum.sys,#2;%1 Hands-Free AG Audio%0  ;(DJI Mic Mini-E2C662)) / Windows WDM-KS / 8000Hz -> device not ready)，2s 後重試
[tap]        [04:09:41.106] ⏳ 等待 MIC 裝置：DJI input endpoints are present but none produced callbacks (23 耳機 (@System32\drivers\bthhfenum.sys,#2;%1 Hands-Free AG Audio%0  ;(DJI Mic Mini-E2C662)) / Windows WDM-KS / 8000Hz -> device not ready)，2s 後重試
[tap]        [04:09:43.111] ⏳ 等待 MIC 裝置：DJI input endpoints are present but none produced callbacks (23 耳機 (@System32\drivers\bthhfenum.sys,#2;%1 Hands-Free AG Audio%0  ;(DJI Mic Mini-E2C662)) / Windows WDM-KS / 8000Hz -> device not ready)，2s 後重試
[tap]        [04:09:45.125] ⏳ 等待 MIC 裝置：DJI input endpoints are present but none produced callbacks (23 耳機 (@System32\drivers\bthhfenum.sys,#2;%1 Hands-Free AG Audio%0  ;(DJI Mic Mini-E2C662)) / Windows WDM-KS / 8000Hz -> device not ready)，2s 後重試
[tap]        [04:09:47.139] ⏳ 等待 MIC 裝置：DJI input endpoints are present but none produced callbacks (23 耳機 (@System32\drivers\bthhfenum.sys,#2;%1 Hands-Free AG Audio%0  ;(DJI Mic Mini-E2C662)) / Windows WDM-KS / 8000Hz -> device not ready)，2s 後重試
[tap]        [04:09:49.141] ⏳ 等待 MIC 裝置：DJI input endpoints are present but none produced callbacks (23 耳機 (@System32\drivers\bthhfenum.sys,#2;%1 Hands-Free AG Audio%0  ;(DJI Mic Mini-E2C662)) / Windows WDM-KS / 8000Hz -> device not ready)，2s 後重試
[tap]        [04:09:51.155] ⏳ 等待 MIC 裝置：DJI input endpoints are present but none produced callbacks (23 耳機 (@System32\drivers\bthhfenum.sys,#2;%1 Hands-Free AG Audio%0  ;(DJI Mic Mini-E2C662)) / Windows WDM-KS / 8000Hz -> device not ready)，2s 後重試
[tap]        [04:09:53.160] ⏳ 等待 MIC 裝置：DJI input endpoints are present but none produced callbacks (23 耳機 (@System32\drivers\bthhfenum.sys,#2;%1 Hands-Free AG Audio%0  ;(DJI Mic Mini-E2C662)) / Windows WDM-KS / 8000Hz -> device not ready)，2s 後重試
[tap]        [04:09:55.172] ⏳ 等待 MIC 裝置：DJI input endpoints are present but none produced callbacks (23 耳機 (@System32\drivers\bthhfenum.sys,#2;%1 Hands-Free AG Audio%0  ;(DJI Mic Mini-E2C662)) / Windows WDM-KS / 8000Hz -> device not ready)，2s 後重試
[tap]        [04:09:57.175] ⏳ 等待 MIC 裝置：DJI input endpoints are present but none produced callbacks (23 耳機 (@System32\drivers\bthhfenum.sys,#2;%1 Hands-Free AG Audio%0  ;(DJI Mic Mini-E2C662)) / Windows WDM-KS / 8000Hz -> device not ready)，2s 後重試
[tap]        [04:09:59.189] ⏳ 等待 MIC 裝置：DJI input endpoints are present but none produced callbacks (23 耳機 (@System32\drivers\bthhfenum.sys,#2;%1 Hands-Free AG Audio%0  ;(DJI Mic Mini-E2C662)) / Windows WDM-KS / 8000Hz -> device not ready)，2s 後重試
[tap]        [04:10:01.203] ⏳ 等待 MIC 裝置：DJI input endpoints are present but none produced callbacks (23 耳機 (@System32\drivers\bthhfenum.sys,#2;%1 Hands-Free AG Audio%0  ;(DJI Mic Mini-E2C662)) / Windows WDM-KS / 8000Hz -> device not ready)，2s 後重試
[tap]        [04:10:03.217] ⏳ 等待 MIC 裝置：DJI input endpoints are present but none produced callbacks (23 耳機 (@System32\drivers\bthhfenum.sys,#2;%1 Hands-Free AG Audio%0  ;(DJI Mic Mini-E2C662)) / Windows WDM-KS / 8000Hz -> device not ready)，2s 後重試
[tap]        [04:10:05.232] ⏳ 等待 MIC 裝置：DJI input endpoints are present but none produced callbacks (23 耳機 (@System32\drivers\bthhfenum.sys,#2;%1 Hands-Free AG Audio%0  ;(DJI Mic Mini-E2C662)) / Windows WDM-KS / 8000Hz -> device not ready)，2s 後重試
[tap]        [04:10:07.240] ⏳ 等待 MIC 裝置：DJI input endpoints are present but none produced callbacks (23 耳機 (@System32\drivers\bthhfenum.sys,#2;%1 Hands-Free AG Audio%0  ;(DJI Mic Mini-E2C662)) / Windows WDM-KS / 8000Hz -> device not ready)，2s 後重試
[tap]        [04:10:09.253] ⏳ 等待 MIC 裝置：DJI input endpoints are present but none produced callbacks (23 耳機 (@System32\drivers\bthhfenum.sys,#2;%1 Hands-Free AG Audio%0  ;(DJI Mic Mini-E2C662)) / Windows WDM-KS / 8000Hz -> device not ready)，2s 後重試
[tap]        [04:10:11.260] ⏳ 等待 MIC 裝置：DJI input endpoints are present but none produced callbacks (23 耳機 (@System32\drivers\bthhfenum.sys,#2;%1 Hands-Free AG Audio%0  ;(DJI Mic Mini-E2C662)) / Windows WDM-KS / 8000Hz -> device not ready)，2s 後重試
[tap]        [04:10:13.273] ⏳ 等待 MIC 裝置：DJI input endpoints are present but none produced callbacks (23 耳機 (@System32\drivers\bthhfenum.sys,#2;%1 Hands-Free AG Audio%0  ;(DJI Mic Mini-E2C662)) / Windows WDM-KS / 8000Hz -> device not ready)，2s 後重試
[tap]        [04:10:15.291] ⏳ 等待 MIC 裝置：DJI input endpoints are present but none produced callbacks (23 耳機 (@System32\drivers\bthhfenum.sys,#2;%1 Hands-Free AG Audio%0  ;(DJI Mic Mini-E2C662)) / Windows WDM-KS / 8000Hz -> device not ready)，2s 後重試
[tap]        [04:10:17.306] ⏳ 等待 MIC 裝置：DJI input endpoints are present but none produced callbacks (23 耳機 (@System32\drivers\bthhfenum.sys,#2;%1 Hands-Free AG Audio%0  ;(DJI Mic Mini-E2C662)) / Windows WDM-KS / 8000Hz -> device not ready)，2s 後重試
[tap]        [04:10:19.322] ⏳ 等待 MIC 裝置：DJI input endpoints are present but none produced callbacks (23 耳機 (@System32\drivers\bthhfenum.sys,#2;%1 Hands-Free AG Audio%0  ;(DJI Mic Mini-E2C662)) / Windows WDM-KS / 8000Hz -> device not ready)，2s 後重試
[tap]        [04:10:21.328] ⏳ 等待 MIC 裝置：DJI input endpoints are present but none produced callbacks (23 耳機 (@System32\drivers\bthhfenum.sys,#2;%1 Hands-Free AG Audio%0  ;(DJI Mic Mini-E2C662)) / Windows WDM-KS / 8000Hz -> device not ready)，2s 後重試
[tap]        [04:10:23.340] ⏳ 等待 MIC 裝置：DJI input endpoints are present but none produced callbacks (23 耳機 (@System32\drivers\bthhfenum.sys,#2;%1 Hands-Free AG Audio%0  ;(DJI Mic Mini-E2C662)) / Windows WDM-KS / 8000Hz -> device not ready)，2s 後重試
[tap]        [04:10:25.352] ⏳ 等待 MIC 裝置：DJI input endpoints are present but none produced callbacks (23 耳機 (@System32\drivers\bthhfenum.sys,#2;%1 Hands-Free AG Audio%0  ;(DJI Mic Mini-E2C662)) / Windows WDM-KS / 8000Hz -> device not ready)，2s 後重試
[tap]        [04:10:27.368] ⏳ 等待 MIC 裝置：DJI input endpoints are present but none produced callbacks (23 耳機 (@System32\drivers\bthhfenum.sys,#2;%1 Hands-Free AG Audio%0  ;(DJI Mic Mini-E2C662)) / Windows WDM-KS / 8000Hz -> device not ready)，2s 後重試
[tap]        [04:10:29.372] ⏳ 等待 MIC 裝置：DJI input endpoints are present but none produced callbacks (23 耳機 (@System32\drivers\bthhfenum.sys,#2;%1 Hands-Free AG Audio%0  ;(DJI Mic Mini-E2C662)) / Windows WDM-KS / 8000Hz -> device not ready)，2s 後重試
[tap]        [04:10:31.384] ⏳ 等待 MIC 裝置：DJI input endpoints are present but none produced callbacks (23 耳機 (@System32\drivers\bthhfenum.sys,#2;%1 Hands-Free AG Audio%0  ;(DJI Mic Mini-E2C662)) / Windows WDM-KS / 8000Hz -> device not ready)，2s 後重試
[tap]        [04:10:33.389] ⏳ 等待 MIC 裝置：DJI input endpoints are present but none produced callbacks (23 耳機 (@System32\drivers\bthhfenum.sys,#2;%1 Hands-Free AG Audio%0  ;(DJI Mic Mini-E2C662)) / Windows WDM-KS / 8000Hz -> device not ready)，2s 後重試
[tap]        [04:10:35.408] ⏳ 等待 MIC 裝置：DJI input endpoints are present but none produced callbacks (23 耳機 (@System32\drivers\bthhfenum.sys,#2;%1 Hands-Free AG Audio%0  ;(DJI Mic Mini-E2C662)) / Windows WDM-KS / 8000Hz -> device not ready)，2s 後重試
[tap]        [04:10:37.422] ⏳ 等待 MIC 裝置：DJI input endpoints are present but none produced callbacks (23 耳機 (@System32\drivers\bthhfenum.sys,#2;%1 Hands-Free AG Audio%0  ;(DJI Mic Mini-E2C662)) / Windows WDM-KS / 8000Hz -> device not ready)，2s 後重試
[tap]        [04:10:39.428] ⏳ 等待 MIC 裝置：DJI input endpoints are present but none produced callbacks (23 耳機 (@System32\drivers\bthhfenum.sys,#2;%1 Hands-Free AG Audio%0  ;(DJI Mic Mini-E2C662)) / Windows WDM-KS / 8000Hz -> device not ready)，2s 後重試
[tap]        [04:10:41.439] ⏳ 等待 MIC 裝置：DJI input endpoints are present but none produced callbacks (23 耳機 (@System32\drivers\bthhfenum.sys,#2;%1 Hands-Free AG Audio%0  ;(DJI Mic Mini-E2C662)) / Windows WDM-KS / 8000Hz -> device not ready)，2s 後重試
[tap]        [04:10:43.453] ⏳ 等待 MIC 裝置：DJI input endpoints are present but none produced callbacks (23 耳機 (@System32\drivers\bthhfenum.sys,#2;%1 Hands-Free AG Audio%0  ;(DJI Mic Mini-E2C662)) / Windows WDM-KS / 8000Hz -> device not ready)，2s 後重試
[tap]        [04:10:45.462] ⏳ 等待 MIC 裝置：DJI input endpoints are present but none produced callbacks (23 耳機 (@System32\drivers\bthhfenum.sys,#2;%1 Hands-Free AG Audio%0  ;(DJI Mic Mini-E2C662)) / Windows WDM-KS / 8000Hz -> device not ready)，2s 後重試
[tap]        [04:10:47.478] ⏳ 等待 MIC 裝置：DJI input endpoints are present but none produced callbacks (23 耳機 (@System32\drivers\bthhfenum.sys,#2;%1 Hands-Free AG Audio%0  ;(DJI Mic Mini-E2C662)) / Windows WDM-KS / 8000Hz -> device not ready)，2s 後重試
[tap]        [04:10:49.482] ⏳ 等待 MIC 裝置：DJI input endpoints are present but none produced callbacks (23 耳機 (@System32\drivers\bthhfenum.sys,#2;%1 Hands-Free AG Audio%0  ;(DJI Mic Mini-E2C662)) / Windows WDM-KS / 8000Hz -> device not ready)，2s 後重試
[tap]        [04:10:51.487] ⏳ 等待 MIC 裝置：DJI input endpoints are present but none produced callbacks (23 耳機 (@System32\drivers\bthhfenum.sys,#2;%1 Hands-Free AG Audio%0  ;(DJI Mic Mini-E2C662)) / Windows WDM-KS / 8000Hz -> device not ready)，2s 後重試
[tap]        [04:10:53.502] ⏳ 等待 MIC 裝置：DJI input endpoints are present but none produced callbacks (23 耳機 (@System32\drivers\bthhfenum.sys,#2;%1 Hands-Free AG Audio%0  ;(DJI Mic Mini-E2C662)) / Windows WDM-KS / 8000Hz -> device not ready)，2s 後重試
[tap]        [04:10:55.517] ⏳ 等待 MIC 裝置：DJI input endpoints are present but none produced callbacks (23 耳機 (@System32\drivers\bthhfenum.sys,#2;%1 Hands-Free AG Audio%0  ;(DJI Mic Mini-E2C662)) / Windows WDM-KS / 8000Hz -> device not ready)，2s 後重試
[tap]        [04:10:57.523] ⏳ 等待 MIC 裝置：DJI input endpoints are present but none produced callbacks (23 耳機 (@System32\drivers\bthhfenum.sys,#2;%1 Hands-Free AG Audio%0  ;(DJI Mic Mini-E2C662)) / Windows WDM-KS / 8000Hz -> device not ready)，2s 後重試
[tap]        [04:10:59.527] ⏳ 等待 MIC 裝置：DJI input endpoints are present but none produced callbacks (23 耳機 (@System32\drivers\bthhfenum.sys,#2;%1 Hands-Free AG Audio%0  ;(DJI Mic Mini-E2C662)) / Windows WDM-KS / 8000Hz -> device not ready)，2s 後重試
[tap]        [04:11:01.531] ⏳ 等待 MIC 裝置：DJI input endpoints are present but none produced callbacks (23 耳機 (@System32\drivers\bthhfenum.sys,#2;%1 Hands-Free AG Audio%0  ;(DJI Mic Mini-E2C662)) / Windows WDM-KS / 8000Hz -> device not ready)，2s 後重試
[tap]        [04:11:03.544] ⏳ 等待 MIC 裝置：DJI input endpoints are present but none produced callbacks (23 耳機 (@System32\drivers\bthhfenum.sys,#2;%1 Hands-Free AG Audio%0  ;(DJI Mic Mini-E2C662)) / Windows WDM-KS / 8000Hz -> device not ready)，2s 後重試
[tap]        [04:11:05.551] ⏳ 等待 MIC 裝置：DJI input endpoints are present but none produced callbacks (23 耳機 (@System32\drivers\bthhfenum.sys,#2;%1 Hands-Free AG Audio%0  ;(DJI Mic Mini-E2C662)) / Windows WDM-KS / 8000Hz -> device not ready)，2s 後重試
[tap]        [04:11:07.558] ⏳ 等待 MIC 裝置：DJI input endpoints are present but none produced callbacks (23 耳機 (@System32\drivers\bthhfenum.sys,#2;%1 Hands-Free AG Audio%0  ;(DJI Mic Mini-E2C662)) / Windows WDM-KS / 8000Hz -> device not ready)，2s 後重試
[tap]        [04:11:09.563] ⏳ 等待 MIC 裝置：DJI input endpoints are present but none produced callbacks (23 耳機 (@System32\drivers\bthhfenum.sys,#2;%1 Hands-Free AG Audio%0  ;(DJI Mic Mini-E2C662)) / Windows WDM-KS / 8000Hz -> device not ready)，2s 後重試
[tap]        [04:11:11.602] ⏳ 等待 MIC 裝置：DJI input endpoints are present but none produced callbacks (23 耳機 (@System32\drivers\bthhfenum.sys,#2;%1 Hands-Free AG Audio%0  ;(DJI Mic Mini-E2C662)) / Windows WDM-KS / 8000Hz -> device not ready)，2s 後重試
[tap]        [04:11:13.611] ⏳ 等待 MIC 裝置：DJI input endpoints are present but none produced callbacks (23 耳機 (@System32\drivers\bthhfenum.sys,#2;%1 Hands-Free AG Audio%0  ;(DJI Mic Mini-E2C662)) / Windows WDM-KS / 8000Hz -> device not ready)，2s 後重試
[tap]        [04:11:15.618] ⏳ 等待 MIC 裝置：DJI input endpoints are present but none produced callbacks (23 耳機 (@System32\drivers\bthhfenum.sys,#2;%1 Hands-Free AG Audio%0  ;(DJI Mic Mini-E2C662)) / Windows WDM-KS / 8000Hz -> device not ready)，2s 後重試
[tap]        [04:11:17.626] ⏳ 等待 MIC 裝置：DJI input endpoints are present but none produced callbacks (23 耳機 (@System32\drivers\bthhfenum.sys,#2;%1 Hands-Free AG Audio%0  ;(DJI Mic Mini-E2C662)) / Windows WDM-KS / 8000Hz -> device not ready)，2s 後重試
[tap]        [04:11:19.639] ⏳ 等待 MIC 裝置：DJI input endpoints are present but none produced callbacks (23 耳機 (@System32\drivers\bthhfenum.sys,#2;%1 Hands-Free AG Audio%0  ;(DJI Mic Mini-E2C662)) / Windows WDM-KS / 8000Hz -> device not ready)，2s 後重試
[tap]        [04:11:21.650] ⏳ 等待 MIC 裝置：DJI input endpoints are present but none produced callbacks (23 耳機 (@System32\drivers\bthhfenum.sys,#2;%1 Hands-Free AG Audio%0  ;(DJI Mic Mini-E2C662)) / Windows WDM-KS / 8000Hz -> device not ready)，2s 後重試
[tap]        [04:11:23.663] ⏳ 等待 MIC 裝置：DJI input endpoints are present but none produced callbacks (23 耳機 (@System32\drivers\bthhfenum.sys,#2;%1 Hands-Free AG Audio%0  ;(DJI Mic Mini-E2C662)) / Windows WDM-KS / 8000Hz -> device not ready)，2s 後重試
[tap]        [04:11:25.666] ⏳ 等待 MIC 裝置：DJI input endpoints are present but none produced callbacks (23 耳機 (@System32\drivers\bthhfenum.sys,#2;%1 Hands-Free AG Audio%0  ;(DJI Mic Mini-E2C662)) / Windows WDM-KS / 8000Hz -> device not ready)，2s 後重試
[tap]        [04:11:27.681] ⏳ 等待 MIC 裝置：DJI input endpoints are present but none produced callbacks (23 耳機 (@System32\drivers\bthhfenum.sys,#2;%1 Hands-Free AG Audio%0  ;(DJI Mic Mini-E2C662)) / Windows WDM-KS / 8000Hz -> device not ready)，2s 後重試
[tap]        [04:11:29.693] ⏳ 等待 MIC 裝置：DJI input endpoints are present but none produced callbacks (23 耳機 (@System32\drivers\bthhfenum.sys,#2;%1 Hands-Free AG Audio%0  ;(DJI Mic Mini-E2C662)) / Windows WDM-KS / 8000Hz -> device not ready)，2s 後重試
[tap]        [04:11:31.707] ⏳ 等待 MIC 裝置：DJI input endpoints are present but none produced callbacks (23 耳機 (@System32\drivers\bthhfenum.sys,#2;%1 Hands-Free AG Audio%0  ;(DJI Mic Mini-E2C662)) / Windows WDM-KS / 8000Hz -> device not ready)，2s 後重試
[tap]        [04:11:33.710] ⏳ 等待 MIC 裝置：DJI input endpoints are present but none produced callbacks (23 耳機 (@System32\drivers\bthhfenum.sys,#2;%1 Hands-Free AG Audio%0  ;(DJI Mic Mini-E2C662)) / Windows WDM-KS / 8000Hz -> device not ready)，2s 後重試
[tap]        [04:11:35.719] ⏳ 等待 MIC 裝置：DJI input endpoints are present but none produced callbacks (23 耳機 (@System32\drivers\bthhfenum.sys,#2;%1 Hands-Free AG Audio%0  ;(DJI Mic Mini-E2C662)) / Windows WDM-KS / 8000Hz -> device not ready)，2s 後重試
[tap]        [04:11:37.729] ⏳ 等待 MIC 裝置：DJI input endpoints are present but none produced callbacks (23 耳機 (@System32\drivers\bthhfenum.sys,#2;%1 Hands-Free AG Audio%0  ;(DJI Mic Mini-E2C662)) / Windows WDM-KS / 8000Hz -> device not ready)，2s 後重試
[tap]        [04:11:39.744] ⏳ 等待 MIC 裝置：DJI input endpoints are present but none produced callbacks (23 耳機 (@System32\drivers\bthhfenum.sys,#2;%1 Hands-Free AG Audio%0  ;(DJI Mic Mini-E2C662)) / Windows WDM-KS / 8000Hz -> device not ready)，2s 後重試
[tap]        [04:11:41.759] ⏳ 等待 MIC 裝置：DJI input endpoints are present but none produced callbacks (23 耳機 (@System32\drivers\bthhfenum.sys,#2;%1 Hands-Free AG Audio%0  ;(DJI Mic Mini-E2C662)) / Windows WDM-KS / 8000Hz -> device not ready)，2s 後重試
[tap]        [04:11:43.776] ⏳ 等待 MIC 裝置：DJI input endpoints are present but none produced callbacks (23 耳機 (@System32\drivers\bthhfenum.sys,#2;%1 Hands-Free AG Audio%0  ;(DJI Mic Mini-E2C662)) / Windows WDM-KS / 8000Hz -> device not ready)，2s 後重試
[tap]        [04:11:45.789] ⏳ 等待 MIC 裝置：DJI input endpoints are present but none produced callbacks (23 耳機 (@System32\drivers\bthhfenum.sys,#2;%1 Hands-Free AG Audio%0  ;(DJI Mic Mini-E2C662)) / Windows WDM-KS / 8000Hz -> device not ready)，2s 後重試
[tap]        [04:11:47.797] ⏳ 等待 MIC 裝置：DJI input endpoints are present but none produced callbacks (23 耳機 (@System32\drivers\bthhfenum.sys,#2;%1 Hands-Free AG Audio%0  ;(DJI Mic Mini-E2C662)) / Windows WDM-KS / 8000Hz -> device not ready)，2s 後重試
[tap]        [04:11:49.808] ⏳ 等待 MIC 裝置：DJI input endpoints are present but none produced callbacks (23 耳機 (@System32\drivers\bthhfenum.sys,#2;%1 Hands-Free AG Audio%0  ;(DJI Mic Mini-E2C662)) / Windows WDM-KS / 8000Hz -> device not ready)，2s 後重試
[tap]        [04:11:51.821] ⏳ 等待 MIC 裝置：DJI input endpoints are present but none produced callbacks (23 耳機 (@System32\drivers\bthhfenum.sys,#2;%1 Hands-Free AG Audio%0  ;(DJI Mic Mini-E2C662)) / Windows WDM-KS / 8000Hz -> device not ready)，2s 後重試
[tap]        [04:11:53.833] ⏳ 等待 MIC 裝置：DJI input endpoints are present but none produced callbacks (23 耳機 (@System32\drivers\bthhfenum.sys,#2;%1 Hands-Free AG Audio%0  ;(DJI Mic Mini-E2C662)) / Windows WDM-KS / 8000Hz -> device not ready)，2s 後重試
[tap]        [04:11:55.837] ⏳ 等待 MIC 裝置：DJI input endpoints are present but none produced callbacks (23 耳機 (@System32\drivers\bthhfenum.sys,#2;%1 Hands-Free AG Audio%0  ;(DJI Mic Mini-E2C662)) / Windows WDM-KS / 8000Hz -> device not ready)，2s 後重試
[tap]        [04:11:57.849] ⏳ 等待 MIC 裝置：DJI input endpoints are present but none produced callbacks (23 耳機 (@System32\drivers\bthhfenum.sys,#2;%1 Hands-Free AG Audio%0  ;(DJI Mic Mini-E2C662)) / Windows WDM-KS / 8000Hz -> device not ready)，2s 後重試
[tap]        [04:11:59.855] ⏳ 等待 MIC 裝置：DJI input endpoints are present but none produced callbacks (23 耳機 (@System32\drivers\bthhfenum.sys,#2;%1 Hands-Free AG Audio%0  ;(DJI Mic Mini-E2C662)) / Windows WDM-KS / 8000Hz -> device not ready)，2s 後重試
[tap]        [04:12:01.869] ⏳ 等待 MIC 裝置：DJI input endpoints are present but none produced callbacks (23 耳機 (@System32\drivers\bthhfenum.sys,#2;%1 Hands-Free AG Audio%0  ;(DJI Mic Mini-E2C662)) / Windows WDM-KS / 8000Hz -> device not ready)，2s 後重試
[tap]        [04:12:03.883] ⏳ 等待 MIC 裝置：DJI input endpoints are present but none produced callbacks (23 耳機 (@System32\drivers\bthhfenum.sys,#2;%1 Hands-Free AG Audio%0  ;(DJI Mic Mini-E2C662)) / Windows WDM-KS / 8000Hz -> device not ready)，2s 後重試
[tap]        [04:12:05.896] ⏳ 等待 MIC 裝置：DJI input endpoints are present but none produced callbacks (23 耳機 (@System32\drivers\bthhfenum.sys,#2;%1 Hands-Free AG Audio%0  ;(DJI Mic Mini-E2C662)) / Windows WDM-KS / 8000Hz -> device not ready)，2s 後重試
[tap]        [04:12:07.908] ⏳ 等待 MIC 裝置：DJI input endpoints are present but none produced callbacks (23 耳機 (@System32\drivers\bthhfenum.sys,#2;%1 Hands-Free AG Audio%0  ;(DJI Mic Mini-E2C662)) / Windows WDM-KS / 8000Hz -> device not ready)，2s 後重試
[tap]        [04:12:09.914] ⏳ 等待 MIC 裝置：DJI input endpoints are present but none produced callbacks (23 耳機 (@System32\drivers\bthhfenum.sys,#2;%1 Hands-Free AG Audio%0  ;(DJI Mic Mini-E2C662)) / Windows WDM-KS / 8000Hz -> device not ready)，2s 後重試
[tap]        [04:12:11.922] ⏳ 等待 MIC 裝置：DJI input endpoints are present but none produced callbacks (23 耳機 (@System32\drivers\bthhfenum.sys,#2;%1 Hands-Free AG Audio%0  ;(DJI Mic Mini-E2C662)) / Windows WDM-KS / 8000Hz -> device not ready)，2s 後重試
[tap]        [04:12:13.938] ⏳ 等待 MIC 裝置：DJI input endpoints are present but none produced callbacks (23 耳機 (@System32\drivers\bthhfenum.sys,#2;%1 Hands-Free AG Audio%0  ;(DJI Mic Mini-E2C662)) / Windows WDM-KS / 8000Hz -> device not ready)，2s 後重試
[tap]        [04:12:15.941] ⏳ 等待 MIC 裝置：DJI input endpoints are present but none produced callbacks (23 耳機 (@System32\drivers\bthhfenum.sys,#2;%1 Hands-Free AG Audio%0  ;(DJI Mic Mini-E2C662)) / Windows WDM-KS / 8000Hz -> device not ready)，2s 後重試
[tap]        [04:12:17.956] ⏳ 等待 MIC 裝置：DJI input endpoints are present but none produced callbacks (23 耳機 (@System32\drivers\bthhfenum.sys,#2;%1 Hands-Free AG Audio%0  ;(DJI Mic Mini-E2C662)) / Windows WDM-KS / 8000Hz -> device not ready)，2s 後重試
[tap]        [04:12:19.976] ⏳ 等待 MIC 裝置：DJI input endpoints are present but none produced callbacks (23 耳機 (@System32\drivers\bthhfenum.sys,#2;%1 Hands-Free AG Audio%0  ;(DJI Mic Mini-E2C662)) / Windows WDM-KS / 8000Hz -> device not ready)，2s 後重試
[tap]        [04:12:21.988] ⏳ 等待 MIC 裝置：DJI input endpoints are present but none produced callbacks (23 耳機 (@System32\drivers\bthhfenum.sys,#2;%1 Hands-Free AG Audio%0  ;(DJI Mic Mini-E2C662)) / Windows WDM-KS / 8000Hz -> device not ready)，2s 後重試
[tap]        [04:12:23.994] ⏳ 等待 MIC 裝置：DJI input endpoints are present but none produced callbacks (23 耳機 (@System32\drivers\bthhfenum.sys,#2;%1 Hands-Free AG Audio%0  ;(DJI Mic Mini-E2C662)) / Windows WDM-KS / 8000Hz -> device not ready)，2s 後重試
[tap]        [04:12:26.012] ⏳ 等待 MIC 裝置：DJI input endpoints are present but none produced callbacks (23 耳機 (@System32\drivers\bthhfenum.sys,#2;%1 Hands-Free AG Audio%0  ;(DJI Mic Mini-E2C662)) / Windows WDM-KS / 8000Hz -> device not ready)，2s 後重試
[tap]        [04:12:28.016] ⏳ 等待 MIC 裝置：DJI input endpoints are present but none produced callbacks (23 耳機 (@System32\drivers\bthhfenum.sys,#2;%1 Hands-Free AG Audio%0  ;(DJI Mic Mini-E2C662)) / Windows WDM-KS / 8000Hz -> device not ready)，2s 後重試
[tap]        [04:12:30.030] ⏳ 等待 MIC 裝置：DJI input endpoints are present but none produced callbacks (23 耳機 (@System32\drivers\bthhfenum.sys,#2;%1 Hands-Free AG Audio%0  ;(DJI Mic Mini-E2C662)) / Windows WDM-KS / 8000Hz -> device not ready)，2s 後重試
[tap]        [04:12:32.044] ⏳ 等待 MIC 裝置：DJI input endpoints are present but none produced callbacks (23 耳機 (@System32\drivers\bthhfenum.sys,#2;%1 Hands-Free AG Audio%0  ;(DJI Mic Mini-E2C662)) / Windows WDM-KS / 8000Hz -> device not ready)，2s 後重試
[tap]        [04:12:34.058] ⏳ 等待 MIC 裝置：DJI input endpoints are present but none produced callbacks (23 耳機 (@System32\drivers\bthhfenum.sys,#2;%1 Hands-Free AG Audio%0  ;(DJI Mic Mini-E2C662)) / Windows WDM-KS / 8000Hz -> device not ready)，2s 後重試
[tap]        [04:12:36.061] ⏳ 等待 MIC 裝置：DJI input endpoints are present but none produced callbacks (23 耳機 (@System32\drivers\bthhfenum.sys,#2;%1 Hands-Free AG Audio%0  ;(DJI Mic Mini-E2C662)) / Windows WDM-KS / 8000Hz -> device not ready)，2s 後重試
[tap]        [04:12:38.071] ⏳ 等待 MIC 裝置：DJI input endpoints are present but none produced callbacks (23 耳機 (@System32\drivers\bthhfenum.sys,#2;%1 Hands-Free AG Audio%0  ;(DJI Mic Mini-E2C662)) / Windows WDM-KS / 8000Hz -> device not ready)，2s 後重試
[tap]        [04:12:40.084] ⏳ 等待 MIC 裝置：DJI input endpoints are present but none produced callbacks (23 耳機 (@System32\drivers\bthhfenum.sys,#2;%1 Hands-Free AG Audio%0  ;(DJI Mic Mini-E2C662)) / Windows WDM-KS / 8000Hz -> device not ready)，2s 後重試
[tap]        [04:12:42.095] ⏳ 等待 MIC 裝置：DJI input endpoints are present but none produced callbacks (23 耳機 (@System32\drivers\bthhfenum.sys,#2;%1 Hands-Free AG Audio%0  ;(DJI Mic Mini-E2C662)) / Windows WDM-KS / 8000Hz -> device not ready)，2s 後重試
[tap]        [04:12:44.097] ⏳ 等待 MIC 裝置：DJI input endpoints are present but none produced callbacks (23 耳機 (@System32\drivers\bthhfenum.sys,#2;%1 Hands-Free AG Audio%0  ;(DJI Mic Mini-E2C662)) / Windows WDM-KS / 8000Hz -> device not ready)，2s 後重試
[tap]        [04:12:46.110] ⏳ 等待 MIC 裝置：DJI input endpoints are present but none produced callbacks (23 耳機 (@System32\drivers\bthhfenum.sys,#2;%1 Hands-Free AG Audio%0  ;(DJI Mic Mini-E2C662)) / Windows WDM-KS / 8000Hz -> device not ready)，2s 後重試
[tap]        [04:12:48.120] ⏳ 等待 MIC 裝置：DJI input endpoints are present but none produced callbacks (23 耳機 (@System32\drivers\bthhfenum.sys,#2;%1 Hands-Free AG Audio%0  ;(DJI Mic Mini-E2C662)) / Windows WDM-KS / 8000Hz -> device not ready)，2s 後重試
[tap]        [04:12:50.132] ⏳ 等待 MIC 裝置：DJI input endpoints are present but none produced callbacks (23 耳機 (@System32\drivers\bthhfenum.sys,#2;%1 Hands-Free AG Audio%0  ;(DJI Mic Mini-E2C662)) / Windows WDM-KS / 8000Hz -> device not ready)，2s 後重試
[tap]        [04:12:52.137] ⏳ 等待 MIC 裝置：DJI input endpoints are present but none produced callbacks (23 耳機 (@System32\drivers\bthhfenum.sys,#2;%1 Hands-Free AG Audio%0  ;(DJI Mic Mini-E2C662)) / Windows WDM-KS / 8000Hz -> device not ready)，2s 後重試
[tap]        [04:12:54.150] ⏳ 等待 MIC 裝置：DJI input endpoints are present but none produced callbacks (23 耳機 (@System32\drivers\bthhfenum.sys,#2;%1 Hands-Free AG Audio%0  ;(DJI Mic Mini-E2C662)) / Windows WDM-KS / 8000Hz -> device not ready)，2s 後重試
[tap]        [04:12:56.167] ⏳ 等待 MIC 裝置：DJI input endpoints are present but none produced callbacks (23 耳機 (@System32\drivers\bthhfenum.sys,#2;%1 Hands-Free AG Audio%0  ;(DJI Mic Mini-E2C662)) / Windows WDM-KS / 8000Hz -> device not ready)，2s 後重試
[tap]        [04:12:58.179] ⏳ 等待 MIC 裝置：DJI input endpoints are present but none produced callbacks (23 耳機 (@System32\drivers\bthhfenum.sys,#2;%1 Hands-Free AG Audio%0  ;(DJI Mic Mini-E2C662)) / Windows WDM-KS / 8000Hz -> device not ready)，2s 後重試
[tap]        [04:13:00.183] ⏳ 等待 MIC 裝置：DJI input endpoints are present but none produced callbacks (23 耳機 (@System32\drivers\bthhfenum.sys,#2;%1 Hands-Free AG Audio%0  ;(DJI Mic Mini-E2C662)) / Windows WDM-KS / 8000Hz -> device not ready)，2s 後重試
[tap]        [04:13:02.193] ⏳ 等待 MIC 裝置：DJI input endpoints are present but none produced callbacks (23 耳機 (@System32\drivers\bthhfenum.sys,#2;%1 Hands-Free AG Audio%0  ;(DJI Mic Mini-E2C662)) / Windows WDM-KS / 8000Hz -> device not ready)，2s 後重試
[tap]        [04:13:04.204] ⏳ 等待 MIC 裝置：DJI input endpoints are present but none produced callbacks (23 耳機 (@System32\drivers\bthhfenum.sys,#2;%1 Hands-Free AG Audio%0  ;(DJI Mic Mini-E2C662)) / Windows WDM-KS / 8000Hz -> device not ready)，2s 後重試
[tap]        [04:13:06.213] ⏳ 等待 MIC 裝置：DJI input endpoints are present but none produced callbacks (23 耳機 (@System32\drivers\bthhfenum.sys,#2;%1 Hands-Free AG Audio%0  ;(DJI Mic Mini-E2C662)) / Windows WDM-KS / 8000Hz -> device not ready)，2s 後重試
[tap]        [04:13:08.225] ⏳ 等待 MIC 裝置：DJI input endpoints are present but none produced callbacks (23 耳機 (@System32\drivers\bthhfenum.sys,#2;%1 Hands-Free AG Audio%0  ;(DJI Mic Mini-E2C662)) / Windows WDM-KS / 8000Hz -> device not ready)，2s 後重試
[tap]        [04:13:10.236] ⏳ 等待 MIC 裝置：DJI input endpoints are present but none produced callbacks (23 耳機 (@System32\drivers\bthhfenum.sys,#2;%1 Hands-Free AG Audio%0  ;(DJI Mic Mini-E2C662)) / Windows WDM-KS / 8000Hz -> device not ready)，2s 後重試
[tap]        [04:13:12.243] ⏳ 等待 MIC 裝置：DJI input endpoints are present but none produced callbacks (23 耳機 (@System32\drivers\bthhfenum.sys,#2;%1 Hands-Free AG Audio%0  ;(DJI Mic Mini-E2C662)) / Windows WDM-KS / 8000Hz -> device not ready)，2s 後重試
[tap]        [04:13:14.262] ⏳ 等待 MIC 裝置：DJI input endpoints are present but none produced callbacks (23 耳機 (@System32\drivers\bthhfenum.sys,#2;%1 Hands-Free AG Audio%0  ;(DJI Mic Mini-E2C662)) / Windows WDM-KS / 8000Hz -> device not ready)，2s 後重試
[tap]        [04:13:16.271] ⏳ 等待 MIC 裝置：DJI input endpoints are present but none produced callbacks (23 耳機 (@System32\drivers\bthhfenum.sys,#2;%1 Hands-Free AG Audio%0  ;(DJI Mic Mini-E2C662)) / Windows WDM-KS / 8000Hz -> device not ready)，2s 後重試
[tap]        [04:13:18.293] ⏳ 等待 MIC 裝置：DJI input endpoints are present but none produced callbacks (23 耳機 (@System32\drivers\bthhfenum.sys,#2;%1 Hands-Free AG Audio%0  ;(DJI Mic Mini-E2C662)) / Windows WDM-KS / 8000Hz -> device not ready)，2s 後重試
[tap]        [04:13:20.318] ⏳ 等待 MIC 裝置：DJI input endpoints are present but none produced callbacks (23 耳機 (@System32\drivers\bthhfenum.sys,#2;%1 Hands-Free AG Audio%0  ;(DJI Mic Mini-E2C662)) / Windows WDM-KS / 8000Hz -> device not ready)，2s 後重試
[tap]        [04:13:22.335] ⏳ 等待 MIC 裝置：DJI input endpoints are present but none produced callbacks (23 耳機 (@System32\drivers\bthhfenum.sys,#2;%1 Hands-Free AG Audio%0  ;(DJI Mic Mini-E2C662)) / Windows WDM-KS / 8000Hz -> device not ready)，2s 後重試
[tap]        [04:13:24.360] ⏳ 等待 MIC 裝置：DJI input endpoints are present but none produced callbacks (23 耳機 (@System32\drivers\bthhfenum.sys,#2;%1 Hands-Free AG Audio%0  ;(DJI Mic Mini-E2C662)) / Windows WDM-KS / 8000Hz -> device not ready)，2s 後重試
[tap]        [04:13:26.369] ⏳ 等待 MIC 裝置：DJI input endpoints are present but none produced callbacks (23 耳機 (@System32\drivers\bthhfenum.sys,#2;%1 Hands-Free AG Audio%0  ;(DJI Mic Mini-E2C662)) / Windows WDM-KS / 8000Hz -> device not ready)，2s 後重試
[tap]        [04:13:28.385] ⏳ 等待 MIC 裝置：DJI input endpoints are present but none produced callbacks (23 耳機 (@System32\drivers\bthhfenum.sys,#2;%1 Hands-Free AG Audio%0  ;(DJI Mic Mini-E2C662)) / Windows WDM-KS / 8000Hz -> device not ready)，2s 後重試
[tap]        [04:13:30.395] ⏳ 等待 MIC 裝置：DJI input endpoints are present but none produced callbacks (23 耳機 (@System32\drivers\bthhfenum.sys,#2;%1 Hands-Free AG Audio%0  ;(DJI Mic Mini-E2C662)) / Windows WDM-KS / 8000Hz -> device not ready)，2s 後重試
[tap]        [04:13:32.410] ⏳ 等待 MIC 裝置：DJI input endpoints are present but none produced callbacks (23 耳機 (@System32\drivers\bthhfenum.sys,#2;%1 Hands-Free AG Audio%0  ;(DJI Mic Mini-E2C662)) / Windows WDM-KS / 8000Hz -> device not ready)，2s 後重試
[tap]        [04:13:34.424] ⏳ 等待 MIC 裝置：DJI input endpoints are present but none produced callbacks (23 耳機 (@System32\drivers\bthhfenum.sys,#2;%1 Hands-Free AG Audio%0  ;(DJI Mic Mini-E2C662)) / Windows WDM-KS / 8000Hz -> device not ready)，2s 後重試
[tap]        [04:13:36.431] ⏳ 等待 MIC 裝置：DJI input endpoints are present but none produced callbacks (23 耳機 (@System32\drivers\bthhfenum.sys,#2;%1 Hands-Free AG Audio%0  ;(DJI Mic Mini-E2C662)) / Windows WDM-KS / 8000Hz -> device not ready)，2s 後重試
[tap]        [04:13:38.439] ⏳ 等待 MIC 裝置：DJI input endpoints are present but none produced callbacks (23 耳機 (@System32\drivers\bthhfenum.sys,#2;%1 Hands-Free AG Audio%0  ;(DJI Mic Mini-E2C662)) / Windows WDM-KS / 8000Hz -> device not ready)，2s 後重試
[tap]        [04:13:40.455] ⏳ 等待 MIC 裝置：DJI input endpoints are present but none produced callbacks (23 耳機 (@System32\drivers\bthhfenum.sys,#2;%1 Hands-Free AG Audio%0  ;(DJI Mic Mini-E2C662)) / Windows WDM-KS / 8000Hz -> device not ready)，2s 後重試
[tap]        [04:13:42.463] ⏳ 等待 MIC 裝置：DJI input endpoints are present but none produced callbacks (23 耳機 (@System32\drivers\bthhfenum.sys,#2;%1 Hands-Free AG Audio%0  ;(DJI Mic Mini-E2C662)) / Windows WDM-KS / 8000Hz -> device not ready)，2s 後重試
[tap]        [04:13:44.468] ⏳ 等待 MIC 裝置：DJI input endpoints are present but none produced callbacks (23 耳機 (@System32\drivers\bthhfenum.sys,#2;%1 Hands-Free AG Audio%0  ;(DJI Mic Mini-E2C662)) / Windows WDM-KS / 8000Hz -> device not ready)，2s 後重試
[tap]        [04:13:46.476] ⏳ 等待 MIC 裝置：DJI input endpoints are present but none produced callbacks (23 耳機 (@System32\drivers\bthhfenum.sys,#2;%1 Hands-Free AG Audio%0  ;(DJI Mic Mini-E2C662)) / Windows WDM-KS / 8000Hz -> device not ready)，2s 後重試
[tap]        [04:13:48.478] ⏳ 等待 MIC 裝置：DJI input endpoints are present but none produced callbacks (23 耳機 (@System32\drivers\bthhfenum.sys,#2;%1 Hands-Free AG Audio%0  ;(DJI Mic Mini-E2C662)) / Windows WDM-KS / 8000Hz -> device not ready)，2s 後重試
[tap]        [04:13:50.487] ⏳ 等待 MIC 裝置：DJI input endpoints are present but none produced callbacks (23 耳機 (@System32\drivers\bthhfenum.sys,#2;%1 Hands-Free AG Audio%0  ;(DJI Mic Mini-E2C662)) / Windows WDM-KS / 8000Hz -> device not ready)，2s 後重試
[tap]        [04:13:52.501] ⏳ 等待 MIC 裝置：DJI input endpoints are present but none produced callbacks (23 耳機 (@System32\drivers\bthhfenum.sys,#2;%1 Hands-Free AG Audio%0  ;(DJI Mic Mini-E2C662)) / Windows WDM-KS / 8000Hz -> device not ready)，2s 後重試
[tap]        [04:13:54.505] ⏳ 等待 MIC 裝置：DJI input endpoints are present but none produced callbacks (23 耳機 (@System32\drivers\bthhfenum.sys,#2;%1 Hands-Free AG Audio%0  ;(DJI Mic Mini-E2C662)) / Windows WDM-KS / 8000Hz -> device not ready)，2s 後重試
[tap]        [04:13:56.508] ⏳ 等待 MIC 裝置：DJI input endpoints are present but none produced callbacks (23 耳機 (@System32\drivers\bthhfenum.sys,#2;%1 Hands-Free AG Audio%0  ;(DJI Mic Mini-E2C662)) / Windows WDM-KS / 8000Hz -> device not ready)，2s 後重試
[tap]        [04:13:58.524] ⏳ 等待 MIC 裝置：DJI input endpoints are present but none produced callbacks (23 耳機 (@System32\drivers\bthhfenum.sys,#2;%1 Hands-Free AG Audio%0  ;(DJI Mic Mini-E2C662)) / Windows WDM-KS / 8000Hz -> device not ready)，2s 後重試
[tap]        [04:14:00.540] ⏳ 等待 MIC 裝置：DJI input endpoints are present but none produced callbacks (23 耳機 (@System32\drivers\bthhfenum.sys,#2;%1 Hands-Free AG Audio%0  ;(DJI Mic Mini-E2C662)) / Windows WDM-KS / 8000Hz -> device not ready)，2s 後重試
[tap]        [04:14:02.550] ⏳ 等待 MIC 裝置：DJI input endpoints are present but none produced callbacks (23 耳機 (@System32\drivers\bthhfenum.sys,#2;%1 Hands-Free AG Audio%0  ;(DJI Mic Mini-E2C662)) / Windows WDM-KS / 8000Hz -> device not ready)，2s 後重試
[tap]        [04:14:04.560] ⏳ 等待 MIC 裝置：DJI input endpoints are present but none produced callbacks (23 耳機 (@System32\drivers\bthhfenum.sys,#2;%1 Hands-Free AG Audio%0  ;(DJI Mic Mini-E2C662)) / Windows WDM-KS / 8000Hz -> device not ready)，2s 後重試
[tap]        [04:14:06.573] ⏳ 等待 MIC 裝置：DJI input endpoints are present but none produced callbacks (23 耳機 (@System32\drivers\bthhfenum.sys,#2;%1 Hands-Free AG Audio%0  ;(DJI Mic Mini-E2C662)) / Windows WDM-KS / 8000Hz -> device not ready)，2s 後重試
[tap]        [04:14:08.592] ⏳ 等待 MIC 裝置：DJI input endpoints are present but none produced callbacks (23 耳機 (@System32\drivers\bthhfenum.sys,#2;%1 Hands-Free AG Audio%0  ;(DJI Mic Mini-E2C662)) / Windows WDM-KS / 8000Hz -> device not ready)，2s 後重試
[tap]        [04:14:10.597] ⏳ 等待 MIC 裝置：DJI input endpoints are present but none produced callbacks (23 耳機 (@System32\drivers\bthhfenum.sys,#2;%1 Hands-Free AG Audio%0  ;(DJI Mic Mini-E2C662)) / Windows WDM-KS / 8000Hz -> device not ready)，2s 後重試
[tap]        [04:14:12.599] ⏳ 等待 MIC 裝置：DJI input endpoints are present but none produced callbacks (23 耳機 (@System32\drivers\bthhfenum.sys,#2;%1 Hands-Free AG Audio%0  ;(DJI Mic Mini-E2C662)) / Windows WDM-KS / 8000Hz -> device not ready)，2s 後重試
[tap]        [04:14:14.602] ⏳ 等待 MIC 裝置：DJI input endpoints are present but none produced callbacks (23 耳機 (@System32\drivers\bthhfenum.sys,#2;%1 Hands-Free AG Audio%0  ;(DJI Mic Mini-E2C662)) / Windows WDM-KS / 8000Hz -> device not ready)，2s 後重試
[tap]        [04:14:16.604] ⏳ 等待 MIC 裝置：DJI input endpoints are present but none produced callbacks (23 耳機 (@System32\drivers\bthhfenum.sys,#2;%1 Hands-Free AG Audio%0  ;(DJI Mic Mini-E2C662)) / Windows WDM-KS / 8000Hz -> device not ready)，2s 後重試
[tap]        [04:14:18.606] ⏳ 等待 MIC 裝置：DJI input endpoints are present but none produced callbacks (23 耳機 (@System32\drivers\bthhfenum.sys,#2;%1 Hands-Free AG Audio%0  ;(DJI Mic Mini-E2C662)) / Windows WDM-KS / 8000Hz -> device not ready)，2s 後重試
[tap]        [04:14:20.621] ⏳ 等待 MIC 裝置：DJI input endpoints are present but none produced callbacks (23 耳機 (@System32\drivers\bthhfenum.sys,#2;%1 Hands-Free AG Audio%0  ;(DJI Mic Mini-E2C662)) / Windows WDM-KS / 8000Hz -> device not ready)，2s 後重試
[tap]        [04:14:22.634] ⏳ 等待 MIC 裝置：DJI input endpoints are present but none produced callbacks (23 耳機 (@System32\drivers\bthhfenum.sys,#2;%1 Hands-Free AG Audio%0  ;(DJI Mic Mini-E2C662)) / Windows WDM-KS / 8000Hz -> device not ready)，2s 後重試
[tap]        [04:14:24.650] ⏳ 等待 MIC 裝置：DJI input endpoints are present but none produced callbacks (23 耳機 (@System32\drivers\bthhfenum.sys,#2;%1 Hands-Free AG Audio%0  ;(DJI Mic Mini-E2C662)) / Windows WDM-KS / 8000Hz -> device not ready)，2s 後重試
[tap]        [04:14:26.666] ⏳ 等待 MIC 裝置：DJI input endpoints are present but none produced callbacks (23 耳機 (@System32\drivers\bthhfenum.sys,#2;%1 Hands-Free AG Audio%0  ;(DJI Mic Mini-E2C662)) / Windows WDM-KS / 8000Hz -> device not ready)，2s 後重試
[tap]        [04:14:28.668] ⏳ 等待 MIC 裝置：DJI input endpoints are present but none produced callbacks (23 耳機 (@System32\drivers\bthhfenum.sys,#2;%1 Hands-Free AG Audio%0  ;(DJI Mic Mini-E2C662)) / Windows WDM-KS / 8000Hz -> device not ready)，2s 後重試
[tap]        [04:14:30.670] ⏳ 等待 MIC 裝置：DJI input endpoints are present but none produced callbacks (23 耳機 (@System32\drivers\bthhfenum.sys,#2;%1 Hands-Free AG Audio%0  ;(DJI Mic Mini-E2C662)) / Windows WDM-KS / 8000Hz -> device not ready)，2s 後重試
[tap]        [04:14:32.682] ⏳ 等待 MIC 裝置：DJI input endpoints are present but none produced callbacks (23 耳機 (@System32\drivers\bthhfenum.sys,#2;%1 Hands-Free AG Audio%0  ;(DJI Mic Mini-E2C662)) / Windows WDM-KS / 8000Hz -> device not ready)，2s 後重試
[tap]        [04:14:34.691] ⏳ 等待 MIC 裝置：DJI input endpoints are present but none produced callbacks (23 耳機 (@System32\drivers\bthhfenum.sys,#2;%1 Hands-Free AG Audio%0  ;(DJI Mic Mini-E2C662)) / Windows WDM-KS / 8000Hz -> device not ready)，2s 後重試
[tap]        [04:14:36.715] ⏳ 等待 MIC 裝置：DJI input endpoints are present but none produced callbacks (23 耳機 (@System32\drivers\bthhfenum.sys,#2;%1 Hands-Free AG Audio%0  ;(DJI Mic Mini-E2C662)) / Windows WDM-KS / 8000Hz -> device not ready)，2s 後重試
[tap]        [04:14:38.736] ⏳ 等待 MIC 裝置：DJI input endpoints are present but none produced callbacks (23 耳機 (@System32\drivers\bthhfenum.sys,#2;%1 Hands-Free AG Audio%0  ;(DJI Mic Mini-E2C662)) / Windows WDM-KS / 8000Hz -> device not ready)，2s 後重試
[tap]        [04:14:40.741] ⏳ 等待 MIC 裝置：DJI input endpoints are present but none produced callbacks (23 耳機 (@System32\drivers\bthhfenum.sys,#2;%1 Hands-Free AG Audio%0  ;(DJI Mic Mini-E2C662)) / Windows WDM-KS / 8000Hz -> device not ready)，2s 後重試
[tap]        [04:14:42.756] ⏳ 等待 MIC 裝置：DJI input endpoints are present but none produced callbacks (23 耳機 (@System32\drivers\bthhfenum.sys,#2;%1 Hands-Free AG Audio%0  ;(DJI Mic Mini-E2C662)) / Windows WDM-KS / 8000Hz -> device not ready)，2s 後重試
[tap]        [04:14:44.772] ⏳ 等待 MIC 裝置：DJI input endpoints are present but none produced callbacks (23 耳機 (@System32\drivers\bthhfenum.sys,#2;%1 Hands-Free AG Audio%0  ;(DJI Mic Mini-E2C662)) / Windows WDM-KS / 8000Hz -> device not ready)，2s 後重試
[tap]        [04:14:46.785] ⏳ 等待 MIC 裝置：DJI input endpoints are present but none produced callbacks (23 耳機 (@System32\drivers\bthhfenum.sys,#2;%1 Hands-Free AG Audio%0  ;(DJI Mic Mini-E2C662)) / Windows WDM-KS / 8000Hz -> device not ready)，2s 後重試
[tap]        [04:14:48.790] ⏳ 等待 MIC 裝置：DJI input endpoints are present but none produced callbacks (23 耳機 (@System32\drivers\bthhfenum.sys,#2;%1 Hands-Free AG Audio%0  ;(DJI Mic Mini-E2C662)) / Windows WDM-KS / 8000Hz -> device not ready)，2s 後重試
[tap]        [04:14:50.806] ⏳ 等待 MIC 裝置：DJI input endpoints are present but none produced callbacks (23 耳機 (@System32\drivers\bthhfenum.sys,#2;%1 Hands-Free AG Audio%0  ;(DJI Mic Mini-E2C662)) / Windows WDM-KS / 8000Hz -> device not ready)，2s 後重試
[tap]        [04:14:52.811] ⏳ 等待 MIC 裝置：DJI input endpoints are present but none produced callbacks (23 耳機 (@System32\drivers\bthhfenum.sys,#2;%1 Hands-Free AG Audio%0  ;(DJI Mic Mini-E2C662)) / Windows WDM-KS / 8000Hz -> device not ready)，2s 後重試
[tap]        [04:14:54.825] ⏳ 等待 MIC 裝置：DJI input endpoints are present but none produced callbacks (23 耳機 (@System32\drivers\bthhfenum.sys,#2;%1 Hands-Free AG Audio%0  ;(DJI Mic Mini-E2C662)) / Windows WDM-KS / 8000Hz -> device not ready)，2s 後重試
[tap]        [04:14:56.826] ⏳ 等待 MIC 裝置：DJI input endpoints are present but none produced callbacks (23 耳機 (@System32\drivers\bthhfenum.sys,#2;%1 Hands-Free AG Audio%0  ;(DJI Mic Mini-E2C662)) / Windows WDM-KS / 8000Hz -> device not ready)，2s 後重試
[tap]        [04:14:58.837] ⏳ 等待 MIC 裝置：DJI input endpoints are present but none produced callbacks (23 耳機 (@System32\drivers\bthhfenum.sys,#2;%1 Hands-Free AG Audio%0  ;(DJI Mic Mini-E2C662)) / Windows WDM-KS / 8000Hz -> device not ready)，2s 後重試
[tap]        [04:15:00.847] ⏳ 等待 MIC 裝置：DJI input endpoints are present but none produced callbacks (23 耳機 (@System32\drivers\bthhfenum.sys,#2;%1 Hands-Free AG Audio%0  ;(DJI Mic Mini-E2C662)) / Windows WDM-KS / 8000Hz -> device not ready)，2s 後重試
[tap]        [04:15:02.852] ⏳ 等待 MIC 裝置：DJI input endpoints are present but none produced callbacks (23 耳機 (@System32\drivers\bthhfenum.sys,#2;%1 Hands-Free AG Audio%0  ;(DJI Mic Mini-E2C662)) / Windows WDM-KS / 8000Hz -> device not ready)，2s 後重試
[tap]        [04:15:04.858] ⏳ 等待 MIC 裝置：DJI input endpoints are present but none produced callbacks (23 耳機 (@System32\drivers\bthhfenum.sys,#2;%1 Hands-Free AG Audio%0  ;(DJI Mic Mini-E2C662)) / Windows WDM-KS / 8000Hz -> device not ready)，2s 後重試
[tap]        [04:15:06.865] ⏳ 等待 MIC 裝置：DJI input endpoints are present but none produced callbacks (23 耳機 (@System32\drivers\bthhfenum.sys,#2;%1 Hands-Free AG Audio%0  ;(DJI Mic Mini-E2C662)) / Windows WDM-KS / 8000Hz -> device not ready)，2s 後重試
[tap]        [04:15:08.875] ⏳ 等待 MIC 裝置：DJI input endpoints are present but none produced callbacks (23 耳機 (@System32\drivers\bthhfenum.sys,#2;%1 Hands-Free AG Audio%0  ;(DJI Mic Mini-E2C662)) / Windows WDM-KS / 8000Hz -> device not ready)，2s 後重試
[tap]        [04:15:10.881] ⏳ 等待 MIC 裝置：DJI input endpoints are present but none produced callbacks (23 耳機 (@System32\drivers\bthhfenum.sys,#2;%1 Hands-Free AG Audio%0  ;(DJI Mic Mini-E2C662)) / Windows WDM-KS / 8000Hz -> device not ready)，2s 後重試
[tap]        [04:15:12.882] ⏳ 等待 MIC 裝置：DJI input endpoints are present but none produced callbacks (23 耳機 (@System32\drivers\bthhfenum.sys,#2;%1 Hands-Free AG Audio%0  ;(DJI Mic Mini-E2C662)) / Windows WDM-KS / 8000Hz -> device not ready)，2s 後重試
[tap]        [04:15:14.896] ⏳ 等待 MIC 裝置：DJI input endpoints are present but none produced callbacks (23 耳機 (@System32\drivers\bthhfenum.sys,#2;%1 Hands-Free AG Audio%0  ;(DJI Mic Mini-E2C662)) / Windows WDM-KS / 8000Hz -> device not ready)，2s 後重試
[tap]        [04:15:16.910] ⏳ 等待 MIC 裝置：DJI input endpoints are present but none produced callbacks (23 耳機 (@System32\drivers\bthhfenum.sys,#2;%1 Hands-Free AG Audio%0  ;(DJI Mic Mini-E2C662)) / Windows WDM-KS / 8000Hz -> device not ready)，2s 後重試
[recorder][04:15:17] 💤 預熱 stream 已關閉
[0m