[main] LOG -> F:\Cursor\AI Whisper Next\logs\ai_whisper_20260517_205700.log
[settings] config loaded from F:\Cursor\AI Whisper Next\config.json
[main][20:57:00.947] ✅ 快捷鍵 ctrl+f12（句號）、ctrl+f11（逗號）已註冊
[main][20:57:00.948] ✅ 主快捷鍵 2/2 已註冊 (Win32)
[main][20:57:00.948] ✅ 記憶快捷鍵 5/5 已註冊 (Win32)
[tap]        [20:57:00.962] 🎙️ 敲麥監聽已啟動
[recorder][VAD] 載入 Silero VAD 模型...
[transcriber][20:57:02.985] 🔌 HTTP 連線預熱完成 (2.02s)
Using cache found in C:\Users\Administrator/.cache\torch\hub\snakers4_silero-vad_master
[recorder][VAD] Silero VAD 模型載入完成
[tap][sample][21:00:03.035] 持續=37ms 峰值=655 ✓ 🎯 敲擊 #1
[tap][dim]   [21:00:03.106] 持續=71ms 峰值=569 ✗弱
[main][21:00:03.137] ⌨️ 主快捷鍵觸發（Win32/句號），keys=async_down=Ctrl,RCtrl; logical_down=Ctrl,RCtrl
[main][21:00:03.137] ⌨️ after(0) 執行延遲 0.7ms
[tap]        [21:00:03.231] 💤 敲麥監聽已停止
[recorder][21:00:03] ⏱️ InputStream() 21.2ms
[recorder][21:00:03] ⏱️ stream.start() 0.4ms
[recorder][21:00:03] 🎙️ 錄音就緒，總初始化 21.7ms
[main][21:00:03.254] ⏱️ recorder.start() 耗時 22.1ms，ok=True
[tap]        [21:00:03.807] 🎙️ 敲麥監聽已啟動
[main][21:00:03.817] 🎙️ 開始錄音
[recorder][21:00:03] 🎤 第一包音訊到達，麥克風實際開啟延遲 742.9ms
[tap][sample][21:00:04.996] 持續=27ms 峰值=1159 ✓ 🎯 敲擊 #1
[tap][sample][21:00:06.048] 持續=225ms 峰值=3938 ✗長
[tap][dim]   [21:00:06.084] 持續=36ms 峰值=396 ✗弱
[tap]         ⏱️ 間隔過長重置（1278ms）
[tap][sample][21:00:06.336] 持續=90ms 峰值=6550 ✓ 🎯 敲擊 #1
[tap][dim]   [21:00:06.408] 持續=72ms 峰值=565 ✗弱
[tap][dim]   [21:00:06.571] 持續=45ms 峰值=341 ✗弱
[tap][dim]   [21:00:06.787] 持續=35ms 峰值=301 ✗弱
[tap]         ⏱️ 間隔過長重置（540ms）
[tap][sample][21:00:06.886] 持續=99ms 峰值=1938 ✓ 🎯 敲擊 #1
[tap][dim]   [21:00:06.922] 持續=37ms 峰值=422 ✗弱
[tap][sample][21:00:07.112] 持續=189ms 峰值=2480 ✗長
[tap][sample][21:00:07.165] 持續=27ms 峰值=1275 ✓ 🎯 敲擊 #2
[tap][dim]   [21:00:07.237] 持續=35ms 峰值=321 ✗弱
[tap][sample][21:00:07.426] 持續=189ms 峰值=2249 ✗長
[tap][dim]   [21:00:07.461] 持續=36ms 峰值=316 ✗弱
[tap][dim]   [21:00:07.562] 持續=37ms 峰值=435 ✗弱
[tap]         ⏱️ 間隔過長重置（424ms）
[tap][sample][21:00:07.588] 持續=26ms 峰值=802 ✓ 🎯 敲擊 #1
[tap][dim]   [21:00:07.615] 持續=27ms 峰值=434 ✗弱
[tap][dim]   [21:00:07.686] 持續=36ms 峰值=339 ✗弱
[tap][sample][21:00:07.777] 持續=90ms 峰值=3058 ✓ ⏱️ 防抖略過（距上次 125ms < 180ms）
[tap][dim]   [21:00:07.804] 持續=27ms 峰值=461 ✗弱
[tap][sample][21:00:07.877] 持續=28ms 峰值=642 ✓ 🎯 敲擊 #2
[tap][dim]   [21:00:07.912] 持續=36ms 峰值=476 ✗弱
[tap][sample][21:00:08.865] 持續=414ms 峰值=3242 ✗長
[tap][dim]   [21:00:08.902] 持續=36ms 峰值=354 ✗弱
[tap]         ⏱️ 間隔過長重置（1053ms）
[tap][sample][21:00:09.001] 持續=99ms 峰值=1561 ✓ 🎯 敲擊 #1
[tap][dim]   [21:00:09.028] 持續=27ms 峰值=476 ✗弱
[tap][sample][21:00:09.055] 持續=27ms 峰值=679 ✓ ⏱️ 防抖略過（距上次 126ms < 180ms）
[tap]         ⏱️ 間隔過長重置（450ms）
[tap][sample][21:00:09.451] 持續=98ms 峰值=1305 ✓ 🎯 敲擊 #1
[tap][dim]   [21:00:09.478] 持續=27ms 峰值=524 ✗弱
[tap][sample][21:00:09.505] 持續=27ms 峰值=1933 ✓ ⏱️ 防抖略過（距上次 125ms < 180ms）
[tap][dim]   [21:00:09.631] 持續=27ms 峰值=414 ✗弱
[tap][sample][21:00:09.892] 持續=261ms 峰值=2846 ✗長
[tap][dim]   [21:00:09.927] 持續=36ms 峰值=470 ✗弱
[tap][sample][21:00:10.144] 持續=153ms 峰值=2150 ✗長
[tap][dim]   [21:00:10.208] 持續=63ms 峰值=349 ✗弱
[tap][dim]   [21:00:10.279] 持續=26ms 峰值=395 ✗弱
[tap][dim]   [21:00:10.368] 持續=27ms 峰值=320 ✗弱
[tap][sample][21:00:10.593] 持續=225ms 峰值=3092 ✗長
[tap][sample][21:00:11.161] 持續=405ms 峰值=3832 ✗長
[tap][dim]   [21:00:11.206] 持續=45ms 峰值=540 ✗弱
[tap][sample][21:00:11.269] 持續=63ms 峰值=1172 ✓ 🎯 敲擊 #1
[tap][dim]   [21:00:11.332] 持續=36ms 峰值=312 ✗弱
[tap][sample][21:00:11.458] 持續=126ms 峰值=1039 ✗長
[tap][dim]   [21:00:11.557] 持續=99ms 峰值=584 ✗弱
[tap][sample][21:00:11.584] 持續=27ms 峰值=1781 ✓ 🎯 敲擊 #2
[tap][dim]   [21:00:11.719] 持續=72ms 峰值=463 ✗弱
[tap][sample][21:00:12.646] 持續=135ms 峰值=1028 ✗長
[tap][dim]   [21:00:12.682] 持續=36ms 峰值=596 ✗弱
[tap][sample][21:00:13.322] 持續=639ms 峰值=4265 ✗長
[tap][sample][21:00:13.673] 持續=35ms 峰值=995 ✓ 🎯 敲擊 #1
[tap][sample][21:00:13.987] 持續=36ms 峰值=945 ✓ 🎯 敲擊 #2
[tap][sample][21:00:14.041] 持續=28ms 峰值=895 ✓ ⏱️ 防抖略過（距上次 63ms < 180ms）
[tap][dim]   [21:00:14.149] 持續=63ms 峰值=539 ✗弱
[tap][dim]   [21:00:14.247] 持續=35ms 峰值=422 ✗弱
[tap][sample][21:00:14.491] 持續=243ms 峰值=1823 ✗長
[tap][dim]   [21:00:14.526] 持續=36ms 峰值=394 ✗弱
[tap]         ⏱️ 間隔過長重置（676ms）
[tap][sample][21:00:14.725] 持續=98ms 峰值=1030 ✓ 🎯 敲擊 #1
[tap][dim]   [21:00:14.787] 持續=63ms 峰值=599 ✗弱
[tap][sample][21:00:15.004] 持續=91ms 峰值=2551 ✓ 🎯 敲擊 #2
[tap][dim]   [21:00:15.112] 持續=107ms 峰值=550 ✗弱
[tap][sample][21:00:15.778] 持續=126ms 峰值=2254 ✗長
[tap][dim]   [21:00:15.903] 持續=63ms 峰值=518 ✗弱
[tap]         ⏱️ 間隔過長重置（990ms）
[tap][sample][21:00:15.966] 持續=63ms 峰值=1277 ✓ 🎯 敲擊 #1
[tap][sample][21:00:16.066] 持續=27ms 峰值=4020 ✓ ⏱️ 防抖略過（距上次 136ms < 180ms）
[tap][dim]   [21:00:16.102] 持續=36ms 峰值=498 ✗弱
[tap][sample][21:00:16.129] 持續=27ms 峰值=964 ✓ 🎯 敲擊 #2
[tap][sample][21:00:16.200] 持續=36ms 峰值=916 ✓ ⏱️ 防抖略過（距上次 63ms < 180ms）
[tap][dim]   [21:00:16.416] 持續=90ms 峰值=347 ✗弱
[tap]         ⏱️ 間隔過長重置（927ms）
[tap][sample][21:00:17.056] 持續=27ms 峰值=2309 ✓ 🎯 敲擊 #1
[tap][dim]   [21:00:17.093] 持續=36ms 峰值=571 ✗弱
[tap][sample][21:00:17.155] 持續=63ms 峰值=1856 ✓ ⏱️ 防抖略過（距上次 63ms < 180ms）
[tap][dim]   [21:00:17.191] 持續=36ms 峰值=392 ✗弱
[tap][sample][21:00:17.452] 持續=261ms 峰值=4692 ✗長
[tap][dim]   [21:00:17.479] 持續=27ms 峰值=433 ✗弱
[tap]         ⏱️ 間隔過長重置（449ms）
[tap][sample][21:00:17.506] 持續=27ms 峰值=679 ✓ 🎯 敲擊 #1
[tap][sample][21:00:18.307] 持續=486ms 峰值=2653 ✗長
[tap][sample][21:00:18.594] 持續=261ms 峰值=2851 ✗長
[tap][dim]   [21:00:18.631] 持續=36ms 峰值=350 ✗弱
[tap][sample][21:00:18.946] 持續=261ms 峰值=2835 ✗長
[tap][dim]   [21:00:19.208] 持續=72ms 峰值=549 ✗弱
[tap][sample][21:00:19.261] 持續=54ms 峰值=1973 ✓ 🎯 敲擊 #1
[tap][dim]   [21:00:19.297] 持續=36ms 峰值=499 ✗弱
[tap][sample][21:00:19.432] 持續=135ms 峰值=1659 ✗長
[tap][sample][21:00:19.683] 持續=153ms 峰值=4029 ✗長
[tap][dim]   [21:00:19.710] 持續=27ms 峰值=469 ✗弱
[tap][sample][21:00:20.674] 持續=153ms 峰值=2649 ✗長
[tap][dim]   [21:00:20.809] 持續=45ms 峰值=302 ✗弱
[tap][sample][21:00:20.997] 持續=99ms 峰值=3307 ✓ 🎯 敲擊 #1
[tap][dim]   [21:00:21.025] 持續=27ms 峰值=349 ✗弱
[tap][sample][21:00:21.214] 持續=27ms 峰值=2792 ✓ 🎯 敲擊 #2
[tap][dim]   [21:00:21.286] 持續=72ms 峰值=431 ✗弱
[tap][dim]   [21:00:21.376] 持續=54ms 峰值=338 ✗弱
[tap][sample][21:00:21.601] 持續=91ms 峰值=3529 ✓ 🎯 敲擊 #3
[tap]        [21:00:21.601] 🔔 三連敲觸發（間隔 288ms / 324ms，一致性 0.89） 底噪=136/354 基線=557 CV=0.10 ZCR=0.160
[main][21:00:21.605] ⏳ 預熱 idle 計時器啟動，10 分鐘後關閉麥克風
[tap][dim]   [21:00:21.636] 持續=35ms 峰值=300 ✗弱
[tap][sample][21:00:21.664] 持續=27ms 峰值=698 ✓ 🎯 敲擊 #1
[tap][dim]   [21:00:21.691] 持續=27ms 峰值=419 ✗弱
[recorder][VAD] Silero 語音幀 199/550 (36.2%)，有效語音 6.37s，信心閾值 0.6，最低比例 16%，最低語音 0.35s
[main][21:00:21.854] ✅ 錄音完成，送出辨識
[tap]         ⏱️ 間隔過長重置（828ms）
[tap][sample][21:00:22.500] 持續=36ms 峰值=890 ✓ 🎯 敲擊 #1
[paster][21:00:23] ⚠️ [UIA] TextPattern 不支援: 'NoneType' object has no attribute 'DocumentRange'
[paster][21:00:23] 🔮 預取游標位置: at_end=False, last_punct=False (delay=1.38s, est_api=1.83s)
[main][21:00:23.291] ⌨️ 主快捷鍵觸發（Win32/句號），keys=async_down=Ctrl,RCtrl; logical_down=Ctrl,RCtrl
[main][21:00:23.291] ⌨️ after(0) 執行延遲 0.3ms
[transcriber][21:00:24.099] ⏱️ API 耗時: 2.24s
[main][21:00:24.100] ✅ 辨識完成: "成本急速上漲的時候需求強烈的時候藝術上一家的力道高成本高漲"
[paster][21:00:24] 🎯 PASTE: at_end=False, last_punct=False, add_prefix=False (prefetched), prefix='。', final='成本急速上漲的時候需求強烈的時候藝術上一家的力道高成本高漲'
[paster][21:00:24] ⌨️ TEXT input skipped: process=notepad.exe，class=Notepad，focus=('文字編輯器', 'Edit', '15', 'EditControl')，preserve_ctrl=False
[paster][21:00:24] 📋 CLIP flow start: target_chars=29, restore_delay=0.30s
[paster][21:00:24] 📋 CLIP backup: count=7, formats=49367:1215B, 13:28B, 50188:24B, 50131:119B, 16:4B, 1:27B, 7:27B, text='識別開始後的敲擊全都是真敲'
[paster][21:00:24] 📋 CLIP set attempt 1/4: chars=29, bytes=60, preview='成本急速上漲的時候需求強烈的時候藝術上一家的力道高成本高漲'
[paster][21:00:24] 📋 CLIP verify ok: attempt=1, chars=29, text='成本急速上漲的時候需求強烈的時候藝術上一'
[paster][21:00:24] ⌨️ Ctrl+V 準備送出，cb_ok=True，視窗="*未命名 - 記事本"，hwnd=0x05a0111a，process=notepad.exe，class=Notepad，keys_before=async_down=none; logical_down=none，text='成本急速上漲的時候需求強烈的時候藝術上一家的力道高成本高漲'
[paster][21:00:24] ⌨️ 貼上前釋放修飾鍵: released=none，restore_later=none，preserve_ctrl=False，keys_after_release=async_down=none; logical_down=none
[paster][21:00:24] ⌨️ Ctrl+V 已送出，keys_after_send=async_down=none; logical_down=none
[paster][21:00:24] 🚫 CLIP guard armed: manual Ctrl+V suppressed
[paster][21:00:24] ⏱️ 收到→貼上完成: 0.29s
[paster][21:00:24] 📋 CLIP restore wait: 0.30s
[paster][21:00:24] 📋 CLIP restore attempt 1/4: text='識別開始後的敲擊全都是真敲'
[paster][21:00:24] 📋 CLIP restore: restored=7/7, formats=49367:1215B, 13:28B, 50188:24B, 50131:119B, 16:4B, 1:27B, 7:27B, text='識別開始後的敲擊全都是真敲'
[paster][21:00:24] 📋 CLIP restore verify ok: attempt=1, text='識別開始後的敲擊全都是真敲'
[paster][21:00:24] 🚫 CLIP guard disarmed: blocked=0
[main][21:00:25.168] ⌨️ 主快捷鍵觸發（Win32/句號），keys=async_down=Ctrl,RCtrl; logical_down=Ctrl,RCtrl
[main][21:00:25.168] ⌨️ after(0) 執行延遲 0.7ms
[tap]        [21:00:25.202] 💤 敲麥監聽已停止
[recorder][21:00:25] 🚀 預熱命中，直接開始錄音
[main][21:00:25.203] ⏱️ recorder.start() 耗時 0.3ms，ok=True
[tap]        [21:00:25.207] 🎙️ 敲麥監聽已啟動
[main][21:00:25.210] 🎙️ 開始錄音
[tap][sample][21:00:26.101] 持續=180ms 峰值=994 ✗長
[tap][sample][21:00:26.163] 持續=27ms 峰值=1664 ✓ 🎯 敲擊 #1
[tap][sample][21:00:26.587] 持續=216ms 峰值=3480 ✗長
[tap]         ⏱️ 間隔過長重置（504ms）
[tap][sample][21:00:26.722] 持續=81ms 峰值=1240 ✓ 🎯 敲擊 #1
[tap][sample][21:00:26.937] 持續=126ms 峰值=3398 ✗長
[tap][dim]   [21:00:26.964] 持續=27ms 峰值=517 ✗弱
[paster][21:00:27] 📋 CLIP watchdog done: checks=11, repairs=0, ok=True, final='識別開始後的敲擊全都是真敲'
[paster][21:00:27] 📋 剪貼簿已還原驗證（7 種格式，restore_ok=True, watch_ok=True）
[tap][sample][21:00:27.387] 持續=324ms 峰值=2541 ✗長
[tap][sample][21:00:27.578] 持續=63ms 峰值=3835 ✓ 🎯 敲擊 #1
[tap][sample][21:00:27.712] 持續=36ms 峰值=679 ✓ ⏱️ 防抖略過（距上次 162ms < 180ms）
[tap][dim]   [21:00:27.766] 持續=54ms 峰值=496 ✗弱
[tap][dim]   [21:00:28.161] 持續=36ms 峰值=394 ✗弱
[tap][dim]   [21:00:28.378] 持續=27ms 峰值=301 ✗弱
[tap][sample][21:00:28.612] 持續=233ms 峰值=2400 ✗長
[tap][dim]   [21:00:28.666] 持續=54ms 峰值=454 ✗弱
[tap][dim]   [21:00:28.728] 持續=27ms 峰值=352 ✗弱
[tap][sample][21:00:28.927] 持續=199ms 峰值=3126 ✗長
[tap][dim]   [21:00:28.954] 持續=27ms 峰值=399 ✗弱
[tap][sample][21:00:29.404] 持續=450ms 峰值=1768 ✗長
[tap][sample][21:00:29.566] 持續=72ms 峰值=2800 ✓ 🎯 敲擊 #1
[tap][dim]   [21:00:29.602] 持續=36ms 峰值=306 ✗弱
[tap][sample][21:00:29.629] 持續=27ms 峰值=1131 ✓ ⏱️ 防抖略過（距上次 108ms < 180ms）
[tap][sample][21:00:30.961] 持續=540ms 峰值=2951 ✗長
[tap][sample][21:00:31.285] 持續=216ms 峰值=4597 ✗長
[tap][dim]   [21:00:31.321] 持續=36ms 峰值=464 ✗弱
[tap][sample][21:00:31.492] 持續=108ms 峰值=2541 ✓ 🎯 敲擊 #1
[tap][dim]   [21:00:31.519] 持續=27ms 峰值=313 ✗弱
[tap][sample][21:00:31.546] 持續=27ms 峰值=1066 ✓ ⏱️ 防抖略過（距上次 135ms < 180ms）
[tap][sample][21:00:31.771] 持續=63ms 峰值=2410 ✓ 🎯 敲擊 #2
[tap][dim]   [21:00:31.807] 持續=36ms 峰值=523 ✗弱
[tap][sample][21:00:32.158] 持續=351ms 峰值=3454 ✗長
[tap]         ⏱️ 間隔過長重置（639ms）
[tap][sample][21:00:32.401] 持續=54ms 峰值=634 ✓ 🎯 敲擊 #1
[tap][dim]   [21:00:32.447] 持續=45ms 峰值=384 ✗弱
[tap][sample][21:00:32.536] 持續=27ms 峰值=958 ✓ ⏱️ 防抖略過（距上次 162ms < 180ms）
[tap][dim]   [21:00:32.797] 持續=72ms 峰值=455 ✗弱
[tap][dim]   [21:00:33.409] 持續=45ms 峰值=549 ✗弱
[tap][sample][21:00:33.788] 持續=378ms 峰值=1964 ✗長
[tap][sample][21:00:34.048] 持續=162ms 峰值=1894 ✗長
[tap][sample][21:00:34.291] 持續=153ms 峰值=2241 ✗長
[tap][dim]   [21:00:34.327] 持續=36ms 峰值=502 ✗弱
[tap][dim]   [21:00:34.398] 持續=27ms 峰值=592 ✗弱
[tap][sample][21:00:34.614] 持續=126ms 峰值=3085 ✗長
[tap][dim]   [21:00:34.650] 持續=36ms 峰值=460 ✗弱
[tap][sample][21:00:34.686] 持續=36ms 峰值=759 ✓ 🎯 敲擊 #1
[tap][dim]   [21:00:34.911] 持續=36ms 峰值=532 ✗弱
[tap][sample][21:00:35.037] 持續=126ms 峰值=2372 ✗長
[tap][dim]   [21:00:35.064] 持續=27ms 峰值=487 ✗弱
[tap]         ⏱️ 間隔過長重置（414ms）
[tap][sample][21:00:35.100] 持續=36ms 峰值=1207 ✓ 🎯 敲擊 #1
[tap][dim]   [21:00:35.362] 持續=36ms 峰值=348 ✗弱
[tap][sample][21:00:35.604] 持續=243ms 峰值=2060 ✗長
[tap][dim]   [21:00:35.641] 持續=36ms 峰值=334 ✗弱
[tap][sample][21:00:35.929] 持續=198ms 峰值=2005 ✗長
[tap][sample][21:00:36.180] 持續=153ms 峰值=2468 ✗長
[tap][sample][21:00:36.288] 持續=72ms 峰值=1334 ✓ 🎯 敲擊 #1
[tap][dim]   [21:00:36.315] 持續=27ms 峰值=319 ✗弱
[tap][sample][21:00:36.720] 持續=342ms 峰值=2888 ✗長
[tap][dim]   [21:00:36.801] 持續=81ms 峰值=468 ✗弱
[tap]         ⏱️ 間隔過長重置（585ms）
[tap][sample][21:00:36.855] 持續=54ms 峰值=1479 ✓ 🎯 敲擊 #1
[tap][sample][21:00:36.927] 持續=36ms 峰值=878 ✓ ⏱️ 防抖略過（距上次 90ms < 180ms）
[tap][sample][21:00:37.208] 持續=217ms 峰值=1613 ✗長
[tap][dim]   [21:00:37.279] 持續=71ms 峰值=595 ✗弱
[tap][dim]   [21:00:37.729] 持續=107ms 峰值=594 ✗弱
[tap][sample][21:00:37.891] 持續=162ms 峰值=912 ✗長
[tap][sample][21:00:38.206] 持續=163ms 峰值=2379 ✗長
[tap][dim]   [21:00:38.242] 持續=35ms 峰值=329 ✗弱
[tap][sample][21:00:38.484] 持續=153ms 峰值=4795 ✗長
[tap][dim]   [21:00:38.522] 持續=37ms 峰值=563 ✗弱
[tap][sample][21:00:38.908] 持續=297ms 峰值=3219 ✗長
[tap][sample][21:00:39.097] 持續=126ms 峰值=1601 ✗長
[tap][sample][21:00:39.836] 持續=100ms 峰值=3248 ✓ 🎯 敲擊 #1
[tap][sample][21:00:40.086] 持續=63ms 峰值=3563 ✓ 🎯 敲擊 #2
[tap][dim]   [21:00:40.186] 持續=99ms 峰值=537 ✗弱
[tap][sample][21:00:40.249] 持續=63ms 峰值=797 ✓ ⏱️ 防抖略過（距上次 162ms < 180ms）
[tap][dim]   [21:00:40.285] 持續=36ms 峰值=584 ✗弱
[tap][sample][21:00:40.321] 持續=36ms 峰值=642 ✓ 🎯 敲擊 #3
[tap]        [21:00:40.321] 🔔 三連敲觸發（間隔 288ms / 261ms，一致性 0.91） 底噪=525/0 基線=877 CV=0.53 ZCR=0.139
[main][21:00:40.324] ⏳ 預熱 idle 計時器啟動，10 分鐘後關閉麥克風
[recorder][VAD] Silero 語音幀 83/472 (17.6%)，有效語音 2.66s，信心閾值 0.6，最低比例 16%，最低語音 0.35s
[main][21:00:40.463] ✅ 錄音完成，送出辨識
[tap][sample][21:00:40.537] 持續=90ms 峰值=2314 ✓ 🎯 敲擊 #1
[tap][dim]   [21:00:40.635] 持續=99ms 峰值=465 ✗弱
[paster][21:00:41] ⚠️ [UIA] TextPattern 不支援: 'NoneType' object has no attribute 'DocumentRange'
[paster][21:00:41] 🔮 預取游標位置: at_end=False, last_punct=False (delay=1.30s, est_api=1.75s)
[transcriber][21:00:42.032] ⏱️ API 耗時: 1.57s
[main][21:00:42.032] ✅ 辨識完成: "一種不恰當清理沙地"
[paster][21:00:42] 🎯 PASTE: at_end=False, last_punct=False, add_prefix=False (prefetched), prefix='。', final='一種不恰當清理沙地'
[paster][21:00:42] ⌨️ TEXT input skipped: process=notepad.exe，class=Notepad，focus=('文字編輯器', 'Edit', '15', 'EditControl')，preserve_ctrl=False
[paster][21:00:42] 📋 CLIP flow start: target_chars=9, restore_delay=0.30s
[paster][21:00:42] 📋 CLIP backup: count=7, formats=49367:1215B, 13:28B, 50188:24B, 50131:119B, 16:4B, 1:27B, 7:27B, text='識別開始後的敲擊全都是真敲'
[paster][21:00:42] 📋 CLIP set attempt 1/4: chars=9, bytes=20, preview='一種不恰當清理沙地'
[paster][21:00:42] 📋 CLIP verify ok: attempt=1, chars=9, text='一種不恰當清理沙地'
[paster][21:00:42] ⌨️ Ctrl+V 準備送出，cb_ok=True，視窗="*未命名 - 記事本"，hwnd=0x05a0111a，process=notepad.exe，class=Notepad，keys_before=async_down=none; logical_down=none，text='一種不恰當清理沙地'
[paster][21:00:42] ⌨️ 貼上前釋放修飾鍵: released=none，restore_later=none，preserve_ctrl=False，keys_after_release=async_down=none; logical_down=none
[paster][21:00:42] ⌨️ Ctrl+V 已送出，keys_after_send=async_down=none; logical_down=none
[paster][21:00:42] 🚫 CLIP guard armed: manual Ctrl+V suppressed
[paster][21:00:42] ⏱️ 收到→貼上完成: 0.21s
[paster][21:00:42] 📋 CLIP restore wait: 0.30s
[paster][21:00:42] 📋 CLIP restore attempt 1/4: text='識別開始後的敲擊全都是真敲'
[paster][21:00:42] 📋 CLIP restore: restored=7/7, formats=49367:1215B, 13:28B, 50188:24B, 50131:119B, 16:4B, 1:27B, 7:27B, text='識別開始後的敲擊全都是真敲'
[paster][21:00:42] 📋 CLIP restore verify ok: attempt=1, text='識別開始後的敲擊全都是真敲'
[paster][21:00:42] 🚫 CLIP guard disarmed: blocked=0
[main][21:00:42.731] ⌨️ 主快捷鍵觸發（Win32/句號），keys=async_down=Ctrl,LCtrl; logical_down=Ctrl,LCtrl
[main][21:00:42.732] ⌨️ after(0) 執行延遲 1.1ms
[tap]        [21:00:42.766] 💤 敲麥監聽已停止
[recorder][21:00:42] 🚀 預熱命中，直接開始錄音
[main][21:00:42.767] ⏱️ recorder.start() 耗時 0.3ms，ok=True
[tap]        [21:00:42.770] 🎙️ 敲麥監聽已啟動
[main][21:00:42.774] 🎙️ 開始錄音
[tap][sample][21:00:43.561] 持續=315ms 峰值=4456 ✗長
[tap][sample][21:00:43.921] 持續=225ms 峰值=2210 ✗長
[tap][dim]   [21:00:44.146] 持續=54ms 峰值=393 ✗弱
[tap][sample][21:00:44.182] 持續=36ms 峰值=1955 ✓ 🎯 敲擊 #1
[tap][sample][21:00:44.407] 持續=36ms 峰值=637 ✓ 🎯 敲擊 #2
[tap][dim]   [21:00:44.461] 持續=54ms 峰值=528 ✗弱
[tap][sample][21:00:44.632] 持續=171ms 峰值=3461 ✗長
[tap][dim]   [21:00:44.757] 持續=99ms 峰值=451 ✗弱
[tap][sample][21:00:44.847] 持續=90ms 峰值=731 ✓ 🎯 敲擊 #3
[tap]        [21:00:44.847] ⚠️ 節奏不一致（間隔 224ms / 387ms，一致性 0.58），忽略
[paster][21:00:44] 📋 CLIP watchdog done: checks=11, repairs=0, ok=True, final='識別開始後的敲擊全都是真敲'
[paster][21:00:44] 📋 剪貼簿已還原驗證（7 種格式，restore_ok=True, watch_ok=True）
[tap][sample][21:00:44.910] 持續=27ms 峰值=1587 ✓ ⏱️ 防抖略過（距上次 126ms < 180ms）
[tap][sample][21:00:44.973] 持續=27ms 峰值=606 ✓ 🎯 敲擊 #4
[tap]        [21:00:44.973] ⚠️ 節奏不一致（間隔 387ms / 189ms，一致性 0.49），忽略
[tap][dim]   [21:00:45.135] 持續=27ms 峰值=440 ✗弱
[tap][sample][21:00:45.299] 持續=162ms 峰值=3465 ✗長
[tap][dim]   [21:00:45.360] 持續=62ms 峰值=462 ✗弱
[tap][dim]   [21:00:45.649] 持續=27ms 峰值=520 ✗弱
[tap][sample][21:00:45.936] 持續=288ms 峰值=1073 ✗長
[tap][dim]   [21:00:45.963] 持續=27ms 峰值=501 ✗弱
[tap][dim]   [21:00:46.171] 持續=44ms 峰值=425 ✗弱
[tap][sample][21:00:46.352] 持續=181ms 峰值=6337 ✗長
[tap][dim]   [21:00:46.414] 持續=62ms 峰值=459 ✗弱
[tap][sample][21:00:46.675] 持續=99ms 峰值=4701 ✓ 🎯 敲擊 #1
[tap][dim]   [21:00:46.711] 持續=36ms 峰值=360 ✗弱
[tap][sample][21:00:46.972] 持續=206ms 峰值=1094 ✗長
[tap][dim]   [21:00:46.999] 持續=27ms 峰值=567 ✗弱
[tap]         ⏱️ 間隔過長重置（423ms）
[tap][sample][21:00:47.063] 持續=63ms 峰值=936 ✓ 🎯 敲擊 #1
[tap][sample][21:00:47.448] 持續=162ms 峰值=2021 ✗長
[tap][dim]   [21:00:47.476] 持續=27ms 峰值=552 ✗弱
[tap]         ⏱️ 間隔過長重置（540ms）
[tap][sample][21:00:47.611] 持續=72ms 峰值=1034 ✓ 🎯 敲擊 #1
[tap][sample][21:00:49.269] 持續=126ms 峰值=3124 ✗長
[tap][dim]   [21:00:49.293] 持續=26ms 峰值=419 ✗弱
[tap]         ⏱️ 間隔過長重置（1755ms）
[tap][sample][21:00:49.321] 持續=28ms 峰值=2446 ✓ 🎯 敲擊 #1
[tap][sample][21:00:49.591] 持續=63ms 峰值=3797 ✓ 🎯 敲擊 #2
[tap][dim]   [21:00:49.645] 持續=54ms 峰值=486 ✗弱
[tap][dim]   [21:00:49.879] 持續=72ms 峰值=406 ✗弱
[tap][dim]   [21:00:50.068] 持續=27ms 峰值=384 ✗弱
[tap][sample][21:00:50.841] 持續=774ms 峰值=3081 ✗長
[tap][dim]   [21:00:50.868] 持續=27ms 峰值=576 ✗弱
[tap][sample][21:00:51.211] 持續=217ms 峰值=3849 ✗長
[tap][dim]   [21:00:51.247] 持續=36ms 峰值=506 ✗弱
[tap][sample][21:00:52.084] 持續=197ms 峰值=3080 ✗長
[tap][sample][21:00:52.336] 持續=189ms 峰值=1789 ✗長
[tap][sample][21:00:52.408] 持續=36ms 峰值=684 ✓ 🎯 敲擊 #1
[tap][sample][21:00:52.471] 持續=36ms 峰值=1258 ✓ ⏱️ 防抖略過（距上次 63ms < 180ms）
[tap][dim]   [21:00:52.498] 持續=27ms 峰值=590 ✗弱
[tap][sample][21:00:52.525] 持續=27ms 峰值=632 ✓ ⏱️ 防抖略過（距上次 126ms < 180ms）
[tap][dim]   [21:00:52.562] 持續=37ms 峰值=456 ✗弱
[tap][sample][21:00:52.597] 持續=35ms 峰值=1300 ✓ 🎯 敲擊 #2
[tap][dim]   [21:00:52.625] 持續=28ms 峰值=576 ✗弱
[tap][sample][21:00:52.652] 持續=28ms 峰值=1543 ✓ ⏱️ 防抖略過（距上次 63ms < 180ms）
[tap][dim]   [21:00:52.759] 持續=72ms 峰值=560 ✗弱
[tap][sample][21:00:52.885] 持續=126ms 峰值=1206 ✗長
[tap][dim]   [21:00:52.947] 持續=63ms 峰值=588 ✗弱
[tap][sample][21:00:53.100] 持續=153ms 峰值=2009 ✗長
[tap][sample][21:00:53.425] 持續=288ms 峰值=2436 ✗長
[tap][dim]   [21:00:53.524] 持續=63ms 峰值=536 ✗弱
[tap][sample][21:00:54.262] 持續=224ms 峰值=2641 ✗長
[tap][dim]   [21:00:54.415] 持續=27ms 峰值=380 ✗弱
[tap][sample][21:00:54.577] 持續=126ms 峰值=3638 ✗長
[tap][sample][21:00:54.928] 持續=162ms 峰值=3814 ✗長
[tap][dim]   [21:00:54.963] 持續=35ms 峰值=568 ✗弱
[tap][sample][21:00:55.477] 持續=513ms 峰值=2590 ✗長
[tap][dim]   [21:00:55.531] 持續=54ms 峰值=468 ✗弱
[tap][sample][21:00:55.666] 持續=135ms 峰值=1736 ✗長
[tap][dim]   [21:00:55.729] 持續=27ms 峰值=525 ✗弱
[tap][dim]   [21:00:56.151] 持續=35ms 峰值=313 ✗弱
[tap][sample][21:00:56.179] 持續=27ms 峰值=891 ✓ 🎯 敲擊 #1
[tap][dim]   [21:00:56.207] 持續=28ms 峰值=442 ✗弱
[tap][dim]   [21:00:56.368] 持續=27ms 峰值=353 ✗弱
[tap][sample][21:00:56.467] 持續=99ms 峰值=3363 ✓ 🎯 敲擊 #2
[tap][dim]   [21:00:56.567] 持續=73ms 峰值=556 ✗弱
[tap][sample][21:00:56.691] 持續=125ms 峰值=1266 ✗長
[tap][dim]   [21:00:56.727] 持續=36ms 峰值=376 ✗弱
[tap][sample][21:00:56.818] 持續=90ms 峰值=2520 ✓ 🎯 敲擊 #3
[tap]        [21:00:56.818] ⚠️ 節奏不一致（間隔 216ms / 360ms，一致性 0.60），忽略
[tap][dim]   [21:00:56.944] 持續=63ms 峰值=587 ✗弱
[tap][sample][21:00:57.142] 持續=198ms 峰值=1806 ✗長
[tap]         ⏱️ 間隔過長重置（441ms）
[tap][sample][21:00:57.241] 持續=72ms 峰值=1121 ✓ 🎯 敲擊 #1
[tap]         ⏱️ 間隔過長重置（549ms）
[tap][sample][21:00:57.745] 持續=27ms 峰值=629 ✓ 🎯 敲擊 #1
[tap][dim]   [21:00:57.808] 持續=63ms 峰值=460 ✗弱
[tap][dim]   [21:00:58.096] 持續=27ms 峰值=472 ✗弱
[tap][sample][21:00:58.195] 持續=98ms 峰值=1414 ✓ 🎯 敲擊 #2
[tap][sample][21:00:58.411] 持續=90ms 峰值=2258 ✓ 🎯 敲擊 #3
[tap]        [21:00:58.411] ⚠️ 節奏不一致（間隔 379ms / 224ms，一致性 0.59），忽略
[tap][dim]   [21:00:58.492] 持續=81ms 峰值=387 ✗弱
[tap][sample][21:00:58.582] 持續=90ms 峰值=2253 ✓ ⏱️ 防抖略過（距上次 171ms < 180ms）
[tap][sample][21:00:58.862] 持續=153ms 峰值=1698 ✗長
[tap]         ⏱️ 間隔過長重置（675ms）
[tap][sample][21:00:59.086] 持續=90ms 峰值=1227 ✓ 🎯 敲擊 #1
[tap][dim]   [21:00:59.185] 持續=54ms 峰值=449 ✗弱
[tap][sample][21:00:59.446] 持續=135ms 峰值=1814 ✗長
[tap]         ⏱️ 間隔過長重置（675ms）
[tap][sample][21:00:59.763] 持續=91ms 峰值=4061 ✓ 🎯 敲擊 #1
[tap][dim]   [21:00:59.986] 持續=54ms 峰值=463 ✗弱
[tap][dim]   [21:01:00.274] 持續=63ms 峰值=437 ✗弱
[tap][sample][21:01:00.408] 持續=135ms 峰值=858 ✗長
[tap][dim]   [21:01:00.436] 持續=27ms 峰值=587 ✗弱
[tap]         ⏱️ 間隔過長重置（765ms）
[tap][sample][21:01:00.472] 持續=36ms 峰值=648 ✓ 🎯 敲擊 #1
[tap][dim]   [21:01:00.526] 持續=54ms 峰值=436 ✗弱
[tap][sample][21:01:00.841] 持續=90ms 峰值=2447 ✓ 🎯 敲擊 #2
[tap][dim]   [21:01:00.975] 持續=54ms 峰值=552 ✗弱
[tap][dim]   [21:01:01.202] 持續=37ms 峰值=538 ✗弱
[tap][sample][21:01:01.328] 持續=125ms 峰值=2916 ✗長
[tap]         ⏱️ 間隔過長重置（648ms）
[tap][sample][21:01:01.425] 持續=27ms 峰值=986 ✓ 🎯 敲擊 #1
[tap][dim]   [21:01:01.461] 持續=36ms 峰值=415 ✗弱
[tap][dim]   [21:01:01.615] 持續=27ms 峰值=371 ✗弱
[tap][sample][21:01:02.812] 持續=846ms 峰值=2952 ✗長
[tap][dim]   [21:01:02.839] 持續=27ms 峰值=391 ✗弱
[tap][sample][21:01:03.127] 持續=225ms 峰值=4343 ✗長
[tap][dim]   [21:01:03.406] 持續=27ms 峰值=518 ✗弱
[tap][sample][21:01:03.568] 持續=163ms 峰值=1395 ✗長
[tap][dim]   [21:01:03.604] 持續=36ms 峰值=479 ✗弱
[tap][sample][21:01:03.667] 持續=63ms 峰值=1317 ✓ 🎯 敲擊 #1
[tap][sample][21:01:03.855] 持續=90ms 峰值=3903 ✓ ⏱️ 防抖略過（距上次 162ms < 180ms）
[tap][dim]   [21:01:03.892] 持續=37ms 峰值=389 ✗弱
[tap][dim]   [21:01:04.819] 持續=27ms 峰值=514 ✗弱
[tap][dim]   [21:01:04.944] 持續=27ms 峰值=572 ✗弱
[tap][sample][21:01:05.107] 持續=162ms 峰值=2793 ✗長
[tap][dim]   [21:01:05.206] 持續=100ms 峰值=370 ✗弱
[tap][sample][21:01:05.431] 持續=135ms 峰值=1715 ✗長
[tap][dim]   [21:01:05.459] 持續=28ms 峰值=434 ✗弱
[tap][sample][21:01:05.647] 持續=36ms 峰值=2242 ✓ 🎯 敲擊 #1
[tap][dim]   [21:01:05.782] 持續=36ms 峰值=588 ✗弱
[tap][sample][21:01:05.881] 持續=99ms 峰值=1099 ✓ ⏱️ 防抖略過（距上次 171ms < 180ms）
[tap][dim]   [21:01:05.908] 持續=27ms 峰值=451 ✗弱
[tap][sample][21:01:06.034] 持續=63ms 峰值=841 ✓ 🎯 敲擊 #2
[tap][sample][21:01:06.124] 持續=62ms 峰值=855 ✓ ⏱️ 防抖略過（距上次 91ms < 180ms）
[tap][dim]   [21:01:06.681] 持續=81ms 峰值=581 ✗弱
[tap]         ⏱️ 間隔過長重置（711ms）
[tap][sample][21:01:06.737] 持續=54ms 峰值=808 ✓ 🎯 敲擊 #1
[tap][sample][21:01:06.808] 持續=36ms 峰值=1343 ✓ ⏱️ 防抖略過（距上次 90ms < 180ms）
[tap][dim]   [21:01:06.961] 持續=35ms 峰值=392 ✗弱
[tap][sample][21:01:07.159] 持續=198ms 峰值=1598 ✗長
[tap][dim]   [21:01:07.221] 持續=63ms 峰值=529 ✗弱
[tap][dim]   [21:01:07.320] 持續=36ms 峰值=580 ✗弱
[tap][sample][21:01:07.447] 持續=126ms 峰值=2045 ✗長
[tap][dim]   [21:01:07.474] 持續=27ms 峰值=310 ✗弱
[tap][sample][21:01:07.636] 持續=99ms 峰值=3489 ✓ 🎯 敲擊 #1
[tap][dim]   [21:01:07.672] 持續=36ms 峰值=406 ✗弱
[tap][sample][21:01:07.699] 持續=27ms 峰值=957 ✓ ⏱️ 防抖略過（距上次 135ms < 180ms）
[tap][dim]   [21:01:07.771] 持續=72ms 峰值=394 ✗弱
[tap][sample][21:01:07.799] 持續=27ms 峰值=1297 ✓ 🎯 敲擊 #2
[tap][dim]   [21:01:07.888] 持續=27ms 峰值=467 ✗弱
[tap][sample][21:01:08.086] 持續=198ms 峰值=1420 ✗長
[tap][dim]   [21:01:08.123] 持續=36ms 峰值=571 ✗弱
[tap][dim]   [21:01:08.400] 持續=36ms 峰值=444 ✗弱
[tap]         ⏱️ 間隔過長重置（630ms）
[tap][sample][21:01:08.464] 持續=63ms 峰值=1990 ✓ 🎯 敲擊 #1
[tap][dim]   [21:01:08.491] 持續=27ms 峰值=587 ✗弱
[tap][sample][21:01:08.527] 持續=36ms 峰值=855 ✓ ⏱️ 防抖略過（距上次 90ms < 180ms）
[tap][sample][21:01:08.851] 持續=225ms 峰值=1736 ✗長
[tap][dim]   [21:01:09.049] 持續=45ms 峰值=404 ✗弱
[tap][sample][21:01:09.265] 持續=216ms 峰值=2896 ✗長
[tap][dim]   [21:01:09.301] 持續=36ms 峰值=301 ✗弱
[tap][sample][21:01:09.562] 持續=135ms 峰值=2374 ✗長
[tap][dim]   [21:01:09.589] 持續=27ms 峰值=457 ✗弱
[tap][sample][21:01:09.688] 持續=36ms 峰值=930 ✓ 🎯 敲擊 #1
[tap][dim]   [21:01:09.715] 持續=27ms 峰值=523 ✗弱
[tap]         ⏱️ 間隔過長重置（838ms）
[tap][sample][21:01:10.516] 持續=26ms 峰值=2141 ✓ 🎯 敲擊 #1
[tap][dim]   [21:01:10.552] 持續=36ms 峰值=508 ✗弱
[tap][sample][21:01:10.679] 持續=99ms 峰值=2333 ✓ ⏱️ 防抖略過（距上次 90ms < 180ms）
[tap][dim]   [21:01:10.831] 持續=27ms 峰值=446 ✗弱
[tap][sample][21:01:10.921] 持續=90ms 峰值=1590 ✓ 🎯 敲擊 #2
[tap][dim]   [21:01:10.965] 持續=44ms 峰值=536 ✗弱
[tap][sample][21:01:11.055] 持續=90ms 峰值=998 ✓ ⏱️ 防抖略過（距上次 134ms < 180ms）
[tap][sample][21:01:11.128] 持續=36ms 峰值=610 ✓ 🎯 敲擊 #3
[tap]        [21:01:11.128] 🔔 三連敲觸發（間隔 342ms / 260ms，一致性 0.76） 底噪=0/0 基線=534 CV=0.44 ZCR=0.129
[main][21:01:11.129] ⏳ 預熱 idle 計時器啟動，10 分鐘後關閉麥克風
[tap][dim]   [21:01:11.280] 持續=36ms 峰值=314 ✗弱
[recorder][VAD] Silero 語音幀 79/887 (8.9%)，有效語音 2.53s，信心閾值 0.6，最低比例 16%，最低語音 0.35s
[recorder][stop] ❌ VAD 未達有效語音門檻，不送出辨識（語音比例不足 8.9% < 16%）
[tap][sample][21:01:11.452] 持續=171ms 峰值=1165 ✗長
[tap][dim]   [21:01:11.478] 持續=27ms 峰值=417 ✗弱
[tap][sample][21:01:11.731] 持續=189ms 峰值=3473 ✗長
[tap][sample][21:01:11.992] 持續=171ms 峰值=1602 ✗長
[tap][dim]   [21:01:12.018] 持續=27ms 峰值=481 ✗弱
[main][21:01:13.756] ⌨️ 主快捷鍵觸發（Win32/句號），keys=async_down=Ctrl,LCtrl,RCtrl; logical_down=Ctrl,LCtrl,RCtrl
[main][21:01:13.757] ⌨️ after(0) 執行延遲 0.7ms
[tap]        [21:01:13.795] 💤 敲麥監聽已停止
[recorder][21:01:13] 🚀 預熱命中，直接開始錄音
[main][21:01:13.796] ⏱️ recorder.start() 耗時 0.7ms，ok=True
[tap]        [21:01:13.805] 🎙️ 敲麥監聽已啟動
[main][21:01:13.809] 🎙️ 開始錄音
[tap][dim]   [21:01:14.449] 持續=63ms 峰值=600 ✗弱
[tap][sample][21:01:14.486] 持續=36ms 峰值=2198 ✓ 🎯 敲擊 #1
[tap][sample][21:01:14.836] 持續=189ms 峰值=2744 ✗長
[tap][dim]   [21:01:15.061] 持續=36ms 峰值=443 ✗弱
[tap][sample][21:01:15.286] 持續=225ms 峰值=3613 ✗長
[tap][dim]   [21:01:15.321] 持續=36ms 峰值=434 ✗弱
[tap][sample][21:01:15.565] 持續=216ms 峰值=3194 ✗長
[tap][sample][21:01:15.865] 持續=200ms 峰值=3516 ✗長
[tap][dim]   [21:01:15.890] 持續=26ms 峰值=540 ✗弱
[tap][sample][21:01:16.176] 持續=216ms 峰值=2622 ✗長
[tap][sample][21:01:16.412] 持續=162ms 峰值=2918 ✗長
[tap][dim]   [21:01:16.438] 持續=27ms 峰值=490 ✗弱
[tap][sample][21:01:16.465] 持續=27ms 峰值=889 ✓ 🎯 敲擊 #1
[tap][dim]   [21:01:16.528] 持續=27ms 峰值=354 ✗弱
[tap][dim]   [21:01:16.626] 持續=63ms 峰值=563 ✗弱
[tap][sample][21:01:16.653] 持續=27ms 峰值=651 ✓ 🎯 敲擊 #2
[tap][dim]   [21:01:16.680] 持續=27ms 峰值=416 ✗弱
[tap][sample][21:01:16.725] 持續=45ms 峰值=1130 ✓ ⏱️ 防抖略過（距上次 54ms < 180ms）
[tap][sample][21:01:17.131] 持續=342ms 峰值=4716 ✗長
[tap]         ⏱️ 間隔過長重置（540ms）
[tap][sample][21:01:17.239] 持續=72ms 峰值=1662 ✓ 🎯 敲擊 #1
[tap][dim]   [21:01:17.302] 持續=64ms 峰值=411 ✗弱
[tap][dim]   [21:01:17.491] 持續=36ms 峰值=310 ✗弱
[tap]         ⏱️ 間隔過長重置（415ms）
[tap][sample][21:01:17.617] 持續=35ms 峰值=1204 ✓ 🎯 敲擊 #1
[tap][sample][21:01:17.780] 持續=27ms 峰值=1464 ✓ ⏱️ 防抖略過（距上次 170ms < 180ms）
[tap][dim]   [21:01:17.850] 持續=45ms 峰值=498 ✗弱
[tap][dim]   [21:01:17.904] 持續=27ms 峰值=577 ✗弱
[tap][sample][21:01:18.031] 持續=126ms 峰值=2822 ✗長
[tap][dim]   [21:01:18.067] 持續=36ms 峰值=428 ✗弱
[tap][sample][21:01:18.327] 持續=162ms 峰值=2392 ✗長
[tap][dim]   [21:01:18.444] 持續=27ms 峰值=307 ✗弱
[tap][sample][21:01:18.517] 持續=72ms 峰值=1682 ✓ 🎯 敲擊 #1
[tap][dim]   [21:01:18.544] 持續=27ms 峰值=581 ✗弱
[tap][sample][21:01:19.318] 持續=126ms 峰值=1721 ✗長
[tap][dim]   [21:01:19.345] 持續=27ms 峰值=489 ✗弱
[tap]         ⏱️ 間隔過長重置（900ms）
[tap][sample][21:01:19.381] 持續=36ms 峰值=724 ✓ 🎯 敲擊 #1
[tap][dim]   [21:01:19.561] 持續=27ms 峰值=322 ✗弱
[tap][sample][21:01:19.607] 持續=45ms 峰值=3316 ✓ 🎯 敲擊 #2
[tap][dim]   [21:01:19.642] 持續=36ms 峰值=441 ✗弱
[tap][sample][21:01:19.857] 持續=216ms 峰值=1312 ✗長
[tap][dim]   [21:01:19.884] 持續=27ms 峰值=406 ✗弱
[tap][sample][21:01:19.983] 持續=99ms 峰值=860 ✓ 🎯 敲擊 #3
[tap]        [21:01:19.983] 🔔 三連敲觸發（間隔 216ms / 324ms，一致性 0.67） 底噪=0/0 基線=583 CV=0.73 ZCR=0.172
[main][21:01:19.985] ⏳ 預熱 idle 計時器啟動，10 分鐘後關閉麥克風
[tap][dim]   [21:01:20.010] 持續=27ms 峰值=389 ✗弱
[recorder][VAD] Silero 語音幀 91/193 (47.2%)，有效語音 2.91s，信心閾值 0.6，最低比例 16%，最低語音 0.35s
[main][21:01:20.040] ✅ 錄音完成，送出辨識
[tap][sample][21:01:20.047] 持續=36ms 峰值=713 ✓ 🎯 敲擊 #1
[tap][sample][21:01:20.245] 持續=36ms 峰值=933 ✓ 🎯 敲擊 #2
[paster][21:01:20] ⚠️ [UIA] TextPattern 不支援: 'NoneType' object has no attribute 'DocumentRange'
[paster][21:01:20] 🔮 預取游標位置: at_end=False, last_punct=False (delay=0.42s, est_api=0.87s)
[tap][sample][21:01:20.685] 持續=117ms 峰值=2470 ✗長
[tap][dim]   [21:01:20.758] 持續=73ms 峰值=582 ✗弱
[transcriber][21:01:21.114] ⏱️ API 耗時: 1.07s
[main][21:01:21.114] ✅ 辨識完成: "事故或低的時候，因為這種情況"
[paster][21:01:21] 🎯 PASTE: at_end=False, last_punct=False, add_prefix=False (prefetched), prefix='。', final='事故或低的時候，因為這種情況'
[paster][21:01:21] ⌨️ TEXT input skipped: process=notepad.exe，class=Notepad，focus=('文字編輯器', 'Edit', '15', 'EditControl')，preserve_ctrl=False
[paster][21:01:21] 📋 CLIP flow start: target_chars=14, restore_delay=0.30s
[paster][21:01:21] 📋 CLIP backup: count=7, formats=49367:1215B, 13:28B, 50188:24B, 50131:119B, 16:4B, 1:27B, 7:27B, text='識別開始後的敲擊全都是真敲'
[paster][21:01:21] 📋 CLIP set attempt 1/4: chars=14, bytes=30, preview='事故或低的時候，因為這種情況'
[paster][21:01:21] 📋 CLIP verify ok: attempt=1, chars=14, text='事故或低的時候，因為這種情況'
[paster][21:01:21] ⌨️ Ctrl+V 準備送出，cb_ok=True，視窗="*未命名 - 記事本"，hwnd=0x05a0111a，process=notepad.exe，class=Notepad，keys_before=async_down=Ctrl,LCtrl; logical_down=Ctrl,LCtrl，text='事故或低的時候，因為這種情況'
[paster][21:01:21] ⌨️ 貼上前釋放修飾鍵: released=LCtrl，restore_later=none，preserve_ctrl=False，keys_after_release=async_down=none; logical_down=none
[paster][21:01:21] ⌨️ Ctrl+V 已送出，keys_after_send=async_down=none; logical_down=none
[paster][21:01:21] 🚫 CLIP guard armed: manual Ctrl+V suppressed
[paster][21:01:21] ⏱️ 收到→貼上完成: 0.21s
[paster][21:01:21] 📋 CLIP restore wait: 0.30s
[paster][21:01:21] 📋 CLIP restore attempt 1/4: text='識別開始後的敲擊全都是真敲'
[paster][21:01:21] 📋 CLIP restore: restored=7/7, formats=49367:1215B, 13:28B, 50188:24B, 50131:119B, 16:4B, 1:27B, 7:27B, text='識別開始後的敲擊全都是真敲'
[paster][21:01:21] 📋 CLIP restore verify ok: attempt=1, text='識別開始後的敲擊全都是真敲'
[paster][21:01:21] 🚫 CLIP guard disarmed: blocked=0
[tap][dim]   [21:01:21.901] 持續=27ms 峰值=310 ✗弱
[main][21:01:22.044] ⌨️ 主快捷鍵觸發（Win32/句號），keys=async_down=Ctrl,RCtrl; logical_down=Ctrl,RCtrl
[main][21:01:22.044] ⌨️ after(0) 執行延遲 0.7ms
[tap]        [21:01:22.082] 💤 敲麥監聽已停止
[recorder][21:01:22] 🚀 預熱命中，直接開始錄音
[main][21:01:22.082] ⏱️ recorder.start() 耗時 0.2ms，ok=True
[tap]        [21:01:22.088] 🎙️ 敲麥監聽已啟動
[main][21:01:22.092] 🎙️ 開始錄音
[tap][dim]   [21:01:22.828] 持續=27ms 峰值=382 ✗弱
[tap][sample][21:01:22.891] 持續=63ms 峰值=1116 ✓ 🎯 敲擊 #1
[tap][dim]   [21:01:22.927] 持續=37ms 峰值=329 ✗弱
[tap][dim]   [21:01:22.981] 持續=28ms 峰值=464 ✗弱
[tap][sample][21:01:23.178] 持續=197ms 峰值=2559 ✗長
[tap][sample][21:01:23.431] 持續=153ms 峰值=2177 ✗長
[tap][sample][21:01:23.630] 持續=136ms 峰值=3975 ✗長
[tap][dim]   [21:01:23.693] 持續=36ms 峰值=406 ✗弱
[tap][sample][21:01:23.728] 持續=37ms 峰值=676 ✓ 🎯 敲擊 #1
[paster][21:01:23] 📋 CLIP watchdog done: checks=11, repairs=0, ok=True, final='識別開始後的敲擊全都是真敲'
[paster][21:01:23] 📋 剪貼簿已還原驗證（7 種格式，restore_ok=True, watch_ok=True）
[tap]         ⏱️ 間隔過長重置（576ms）
[tap][sample][21:01:24.367] 持續=99ms 峰值=2002 ✓ 🎯 敲擊 #1
[tap][dim]   [21:01:24.394] 持續=27ms 峰值=540 ✗弱
[tap][sample][21:01:24.421] 持續=28ms 峰值=1578 ✓ ⏱️ 防抖略過（距上次 126ms < 180ms）
[tap][sample][21:01:24.745] 持續=126ms 峰值=3048 ✗長
[tap][sample][21:01:25.132] 持續=288ms 峰值=2219 ✗長
[tap][sample][21:01:25.384] 持續=153ms 峰值=2677 ✗長
[tap][sample][21:01:25.708] 持續=188ms 峰值=2562 ✗長
[tap][sample][21:01:25.926] 持續=28ms 峰值=1950 ✓ 🎯 敲擊 #1
[tap][dim]   [21:01:25.969] 持續=44ms 峰值=425 ✗弱
[tap][sample][21:01:25.997] 持續=28ms 峰值=1213 ✓ ⏱️ 防抖略過（距上次 72ms < 180ms）
[tap][dim]   [21:01:26.032] 持續=35ms 峰值=573 ✗弱
[tap][sample][21:01:26.060] 持續=27ms 峰值=656 ✓ ⏱️ 防抖略過（距上次 135ms < 180ms）
[tap][dim]   [21:01:26.221] 持續=90ms 峰值=580 ✗弱
[tap][sample][21:01:26.347] 持續=126ms 峰值=1365 ✗長
[tap][sample][21:01:26.634] 持續=153ms 峰值=1822 ✗長
[tap][dim]   [21:01:26.671] 持續=36ms 峰值=478 ✗弱
[tap][sample][21:01:26.697] 持續=27ms 峰值=1383 ✓ 🎯 敲擊 #1
[tap][dim]   [21:01:26.762] 持續=37ms 峰值=402 ✗弱
[tap][dim]   [21:01:27.022] 持續=63ms 峰值=462 ✗弱
[tap][sample][21:01:27.363] 持續=342ms 峰值=997 ✗長
[tap][dim]   [21:01:27.436] 持續=72ms 峰值=539 ✗弱
[tap]         ⏱️ 間隔過長重置（954ms）
[tap][sample][21:01:27.689] 持續=63ms 峰值=3259 ✓ 🎯 敲擊 #1
[tap][sample][21:01:27.976] 持續=90ms 峰值=4152 ✓ 🎯 敲擊 #2
[tap][sample][21:01:28.399] 持續=234ms 峰值=3802 ✗長
[tap][dim]   [21:01:28.425] 持續=27ms 峰值=362 ✗弱
[tap][dim]   [21:01:28.525] 持續=64ms 峰值=477 ✗弱
[tap][dim]   [21:01:28.615] 持續=27ms 峰值=309 ✗弱
[tap][dim]   [21:01:28.876] 持續=28ms 峰值=336 ✗弱
[tap][dim]   [21:01:29.038] 持續=27ms 峰值=314 ✗弱
[tap][sample][21:01:29.388] 持續=161ms 峰值=3445 ✗長
[tap][sample][21:01:29.865] 持續=189ms 峰值=4592 ✗長
[tap][sample][21:01:30.127] 持續=163ms 峰值=3268 ✗長
[tap][sample][21:01:30.541] 持續=324ms 峰值=2994 ✗長
[tap][dim]   [21:01:30.568] 持續=27ms 峰值=543 ✗弱
[tap][sample][21:01:30.694] 持續=126ms 峰值=3098 ✗長
[tap][dim]   [21:01:30.802] 持續=36ms 峰值=513 ✗弱
[tap][dim]   [21:01:31.468] 持續=27ms 峰值=338 ✗弱
[tap][sample][21:01:31.728] 持續=234ms 峰值=3321 ✗長
[tap][dim]   [21:01:31.755] 持續=27ms 峰值=460 ✗弱
[tap][sample][21:01:32.161] 持續=369ms 峰值=2262 ✗長
[tap][dim]   [21:01:32.209] 持續=46ms 峰值=454 ✗弱
[tap][sample][21:01:32.271] 持續=63ms 峰值=954 ✓ 🎯 敲擊 #1
[tap][dim]   [21:01:32.296] 持續=26ms 峰值=530 ✗弱
[tap][sample][21:01:32.647] 持續=189ms 峰值=3715 ✗長
[tap]         ⏱️ 間隔過長重置（917ms）
[tap][sample][21:01:33.169] 持續=45ms 峰值=2943 ✓ 🎯 敲擊 #1
[tap][dim]   [21:01:33.357] 持續=27ms 峰值=556 ✗弱
[tap][sample][21:01:33.484] 持續=126ms 峰值=2794 ✗長
[tap][dim]   [21:01:33.708] 持續=27ms 峰值=436 ✗弱
[tap]         ⏱️ 間隔過長重置（585ms）
[tap][sample][21:01:33.807] 持續=99ms 峰值=1314 ✓ 🎯 敲擊 #1
[tap][dim]   [21:01:33.835] 持續=27ms 峰值=583 ✗弱
[tap][sample][21:01:34.052] 持續=90ms 峰值=2154 ✓ 🎯 敲擊 #2
[tap][dim]   [21:01:34.221] 持續=36ms 峰值=386 ✗弱
[tap][sample][21:01:34.348] 持續=126ms 峰值=4050 ✗長
[tap][dim]   [21:01:34.375] 持續=27ms 峰值=553 ✗弱
[tap]         ⏱️ 間隔過長重置（603ms）
[tap][sample][21:01:34.672] 持續=108ms 峰值=2581 ✓ 🎯 敲擊 #1
[tap][dim]   [21:01:34.699] 持續=27ms 峰值=577 ✗弱
[tap][sample][21:01:34.987] 持續=288ms 峰值=2396 ✗長
[tap][dim]   [21:01:35.014] 持續=27ms 峰值=539 ✗弱
[tap]         ⏱️ 間隔過長重置（450ms）
[tap][sample][21:01:35.040] 持續=27ms 峰值=910 ✓ 🎯 敲擊 #1
[tap][sample][21:01:35.492] 持續=280ms 峰值=2713 ✗長
[tap]         ⏱️ 間隔過長重置（882ms）
[tap][sample][21:01:35.986] 持續=90ms 峰值=821 ✓ 🎯 敲擊 #1
[tap][sample][21:01:36.660] 持續=171ms 峰值=2771 ✗長
[tap][dim]   [21:01:36.696] 持續=36ms 峰值=520 ✗弱
[tap]         ⏱️ 間隔過長重置（801ms）
[tap][sample][21:01:36.723] 持續=27ms 峰值=1328 ✓ 🎯 敲擊 #1
[tap][sample][21:01:36.939] 持續=90ms 峰值=6471 ✓ ⏱️ 防抖略過（距上次 153ms < 180ms）
[tap][dim]   [21:01:36.975] 持續=36ms 峰值=420 ✗弱
[tap]         ⏱️ 間隔過長重置（441ms）
[tap][sample][21:01:37.237] 持續=99ms 峰值=3112 ✓ 🎯 敲擊 #1
[tap][sample][21:01:37.362] 持續=99ms 峰值=1717 ✓ ⏱️ 防抖略過（距上次 126ms < 180ms）
[tap][sample][21:01:37.561] 持續=108ms 峰值=1997 ✓ 🎯 敲擊 #2
[tap][dim]   [21:01:37.651] 持續=36ms 峰值=405 ✗弱
[tap][dim]   [21:01:38.551] 持續=36ms 峰值=364 ✗弱
[tap][sample][21:01:38.803] 持續=252ms 峰值=5585 ✗長
[tap][dim]   [21:01:38.893] 持續=27ms 峰值=547 ✗弱
[tap][sample][21:01:39.126] 持續=234ms 峰值=9899 ✗長
[tap][dim]   [21:01:39.154] 持續=27ms 峰值=444 ✗弱
[tap][sample][21:01:39.370] 持續=117ms 峰值=5240 ✗長
[tap][sample][21:01:39.767] 持續=287ms 峰值=3251 ✗長
[tap][sample][21:01:39.991] 持續=135ms 峰值=4372 ✗長
[tap][dim]   [21:01:40.018] 持續=27ms 峰值=319 ✗弱
[tap][sample][21:01:40.054] 持續=36ms 峰值=754 ✓ 🎯 敲擊 #1
[tap][dim]   [21:01:40.081] 持續=27ms 峰值=420 ✗弱
[tap][dim]   [21:01:40.216] 持續=45ms 峰值=360 ✗弱
[tap][sample][21:01:40.757] 持續=162ms 峰值=2640 ✗長
[tap][dim]   [21:01:40.782] 持續=26ms 峰值=421 ✗弱
[tap][sample][21:01:41.170] 持續=225ms 峰值=2491 ✗長
[tap][dim]   [21:01:41.206] 持續=36ms 峰值=521 ✗弱
[tap][sample][21:01:41.584] 持續=378ms 峰值=2470 ✗長
[tap][sample][21:01:41.845] 持續=189ms 峰值=2680 ✗長
[tap][dim]   [21:01:41.908] 持續=63ms 峰值=447 ✗弱
[tap][sample][21:01:42.672] 持續=99ms 峰值=4047 ✓ 🎯 敲擊 #1
[tap][dim]   [21:01:42.699] 持續=27ms 峰值=398 ✗弱
[tap][sample][21:01:42.735] 持續=36ms 峰值=681 ✓ ⏱️ 防抖略過（距上次 126ms < 180ms）
[tap][dim]   [21:01:42.780] 持續=45ms 峰值=479 ✗弱
[tap][sample][21:01:42.997] 持續=126ms 峰值=3245 ✗長
[tap][dim]   [21:01:43.023] 持續=27ms 峰值=416 ✗弱
[tap][sample][21:01:43.375] 持續=162ms 峰值=4382 ✗長
[tap][dim]   [21:01:43.474] 持續=63ms 峰值=424 ✗弱
[tap][sample][21:01:43.689] 持續=153ms 峰值=3318 ✗長
[tap][dim]   [21:01:43.735] 持續=45ms 峰值=442 ✗弱
[tap][sample][21:01:43.771] 持續=36ms 峰值=807 ✓ 🎯 敲擊 #1
[tap][sample][21:01:43.898] 持續=72ms 峰值=2771 ✓ ⏱️ 防抖略過（距上次 90ms < 180ms）
[tap][sample][21:01:44.338] 持續=273ms 峰值=1960 ✗長
[tap][dim]   [21:01:44.374] 持續=36ms 峰值=498 ✗弱
[tap][sample][21:01:44.914] 持續=513ms 峰值=5338 ✗長
[tap][dim]   [21:01:45.364] 持續=63ms 峰值=309 ✗弱
[tap][sample][21:01:45.427] 持續=36ms 峰值=907 ✓ 🎯 敲擊 #1
[tap][dim]   [21:01:45.455] 持續=27ms 峰值=413 ✗弱
[tap][sample][21:01:45.616] 持續=36ms 峰值=803 ✓ 🎯 敲擊 #2
[tap][dim]   [21:01:45.661] 持續=46ms 峰值=511 ✗弱
[tap][sample][21:01:45.778] 持續=117ms 峰值=2027 ✗長
[tap][sample][21:01:46.030] 持續=189ms 峰值=2791 ✗長
[tap][dim]   [21:01:46.138] 持續=45ms 峰值=354 ✗弱
[tap][sample][21:01:46.255] 持續=117ms 峰值=2798 ✗長
[tap][dim]   [21:01:46.327] 持續=72ms 峰值=594 ✗弱
[tap][sample][21:01:46.678] 持續=261ms 峰值=1743 ✗長
[tap][sample][21:01:46.966] 持續=135ms 峰值=3110 ✗長
[tap][dim]   [21:01:46.993] 持續=26ms 峰值=423 ✗弱
[tap][sample][21:01:47.101] 持續=108ms 峰值=1053 ✓ 🎯 敲擊 #1
[tap][dim]   [21:01:47.128] 持續=27ms 峰值=549 ✗弱
[tap][sample][21:01:47.371] 持續=243ms 峰值=1957 ✗長
[tap][dim]   [21:01:47.416] 持續=45ms 峰值=414 ✗弱
[tap][sample][21:01:47.668] 持續=162ms 峰值=3928 ✗長
[tap][sample][21:01:48.055] 持續=260ms 峰值=1681 ✗長
[tap][dim]   [21:01:48.091] 持續=36ms 峰值=441 ✗弱
[tap][sample][21:01:48.406] 持續=225ms 峰值=3676 ✗長
[tap][dim]   [21:01:48.496] 持續=36ms 峰值=542 ✗弱
[tap][sample][21:01:48.541] 持續=45ms 峰值=609 ✓ 🎯 敲擊 #1
[tap][dim]   [21:01:48.567] 持續=27ms 峰值=595 ✗弱
[tap][sample][21:01:48.720] 持續=153ms 峰值=1466 ✗長
[tap][dim]   [21:01:48.757] 持續=37ms 峰值=526 ✗弱
[tap][sample][21:01:48.784] 持續=26ms 峰值=665 ✓ 🎯 敲擊 #2
[tap][dim]   [21:01:48.812] 持續=27ms 峰值=593 ✗弱
[tap][sample][21:01:49.018] 持續=207ms 峰值=2474 ✗長
[tap][dim]   [21:01:49.135] 持續=27ms 峰值=471 ✗弱
[tap][dim]   [21:01:49.450] 持續=90ms 峰值=474 ✗弱
[tap]         ⏱️ 間隔過長重置（1053ms）
[tap][sample][21:01:49.846] 持續=36ms 峰值=800 ✓ 🎯 敲擊 #1
[tap][sample][21:01:49.936] 持續=36ms 峰值=2055 ✓ ⏱️ 防抖略過（距上次 90ms < 180ms）
[tap][sample][21:01:50.071] 持續=63ms 峰值=1886 ✓ 🎯 敲擊 #2
[tap][sample][21:01:50.161] 持續=27ms 峰值=2927 ✓ ⏱️ 防抖略過（距上次 126ms < 180ms）
[tap][dim]   [21:01:50.196] 持續=36ms 峰值=401 ✗弱
[tap][sample][21:01:50.322] 持續=126ms 峰值=3134 ✗長
[tap][dim]   [21:01:50.349] 持續=27ms 峰值=366 ✗弱
[tap][sample][21:01:50.674] 持續=216ms 峰值=2905 ✗長
[tap][dim]   [21:01:50.736] 持續=63ms 峰值=402 ✗弱
[tap][sample][21:01:50.835] 持續=99ms 峰值=1100 ✓ 🎯 敲擊 #1
[tap][dim]   [21:01:50.862] 持續=27ms 峰值=359 ✗弱
[tap][sample][21:01:50.971] 持續=36ms 峰值=1397 ✓ 🎯 敲擊 #2
[tap][dim]   [21:01:50.997] 持續=27ms 峰值=397 ✗弱
[tap][sample][21:01:51.025] 持續=27ms 峰值=1565 ✓ ⏱️ 防抖略過（距上次 63ms < 180ms）
[tap]         ⏱️ 間隔過長重置（639ms）
[tap][sample][21:01:51.663] 持續=90ms 峰值=2670 ✓ 🎯 敲擊 #1
[tap][dim]   [21:01:51.691] 持續=27ms 峰值=445 ✗弱
[tap][sample][21:01:52.014] 持續=90ms 峰值=1308 ✓ 🎯 敲擊 #2
[tap][sample][21:01:52.275] 持續=63ms 峰值=3949 ✓ 🎯 敲擊 #3
[tap]        [21:01:52.275] 🔔 三連敲觸發（間隔 351ms / 288ms，一致性 0.82） 底噪=263/86 基線=633 CV=0.41 ZCR=0.182
[main][21:01:52.276] ⏳ 預熱 idle 計時器啟動，10 分鐘後關閉麥克風
[tap][dim]   [21:01:52.302] 持續=27ms 峰值=459 ✗弱
[recorder][VAD] Silero 語音幀 74/943 (7.8%)，有效語音 2.37s，信心閾值 0.6，最低比例 16%，最低語音 0.35s
[recorder][stop] ❌ VAD 未達有效語音門檻，不送出辨識（語音比例不足 7.8% < 16%）
[tap][sample][21:01:52.563] 持續=99ms 峰值=1126 ✓ 🎯 敲擊 #1
[tap][sample][21:01:52.725] 持續=135ms 峰值=3269 ✗長
[tap][dim]   [21:01:52.779] 持續=27ms 峰值=341 ✗弱
[main][21:01:54.344] ⌨️ 主快捷鍵觸發（Win32/句號），keys=async_down=Ctrl,RCtrl; logical_down=Ctrl,RCtrl
[main][21:01:54.344] ⌨️ after(0) 執行延遲 0.3ms
[tap]        [21:01:54.365] 💤 敲麥監聽已停止
[recorder][21:01:54] 🚀 預熱命中，直接開始錄音
[main][21:01:54.365] ⏱️ recorder.start() 耗時 0.3ms，ok=True
[tap]        [21:01:54.368] 🎙️ 敲麥監聽已啟動
[main][21:01:54.371] 🎙️ 開始錄音
[tap][sample][21:01:55.291] 持續=54ms 峰值=1257 ✓ 🎯 敲擊 #1
[tap][sample][21:01:55.480] 持續=27ms 峰值=1901 ✓ 🎯 敲擊 #2
[tap][dim]   [21:01:55.615] 持續=27ms 峰值=469 ✗弱
[tap][sample][21:01:55.713] 持續=99ms 峰值=1812 ✓ ⏱️ 防抖略過（距上次 162ms < 180ms）
[tap][dim]   [21:01:55.740] 持續=27ms 峰值=362 ✗弱
[tap][sample][21:01:55.776] 持續=36ms 峰值=1900 ✓ 🎯 敲擊 #3
[tap]        [21:01:55.776] 🔔 三連敲觸發（間隔 216ms / 288ms，一致性 0.75） 底噪=469/0 基線=435 CV=0.18 ZCR=0.146
[main][21:01:55.777] ⏳ 預熱 idle 計時器啟動，10 分鐘後關閉麥克風
[recorder][VAD] Silero 語音幀 2/44 (4.5%)，有效語音 0.06s，信心閾值 0.6，最低比例 16%，最低語音 0.35s
[recorder][stop] ❌ VAD 未達有效語音門檻，不送出辨識（語音比例不足 4.5% < 16%）
[tap][sample][21:01:56.128] 持續=225ms 峰值=4253 ✗長
[tap][sample][21:01:56.253] 持續=90ms 峰值=1742 ✓ 🎯 敲擊 #1
[tap][dim]   [21:01:56.281] 持續=27ms 峰值=444 ✗弱
[tap][sample][21:01:56.379] 持續=99ms 峰值=1939 ✓ ⏱️ 防抖略過（距上次 117ms < 180ms）
[tap][dim]   [21:01:56.488] 持續=45ms 峰值=564 ✗弱
[main][21:01:57.565] ⌨️ 主快捷鍵觸發（Win32/句號），keys=async_down=Ctrl,RCtrl; logical_down=Ctrl,RCtrl
[main][21:01:57.565] ⌨️ after(0) 執行延遲 0.3ms
[tap]        [21:01:57.578] 💤 敲麥監聽已停止
[recorder][21:01:57] 🚀 預熱命中，直接開始錄音
[main][21:01:57.578] ⏱️ recorder.start() 耗時 0.1ms，ok=True
[tap]        [21:01:57.581] 🎙️ 敲麥監聽已啟動
[main][21:01:57.584] 🎙️ 開始錄音
[tap][sample][21:01:58.153] 持續=27ms 峰值=644 ✓ 🎯 敲擊 #1
[tap][dim]   [21:01:58.215] 持續=36ms 峰值=329 ✗弱
[tap][dim]   [21:01:58.287] 持續=27ms 峰值=467 ✗弱
[tap][sample][21:01:58.441] 持續=153ms 峰值=1722 ✗長
[tap][dim]   [21:01:58.477] 持續=36ms 峰值=432 ✗弱
[tap][sample][21:01:58.504] 持續=27ms 峰值=1848 ✓ 🎯 敲擊 #2
[tap][dim]   [21:01:58.531] 持續=27ms 峰值=533 ✗弱
[tap][sample][21:01:58.576] 持續=45ms 峰值=1406 ✓ ⏱️ 防抖略過（距上次 54ms < 180ms）
[tap][dim]   [21:01:58.666] 持續=36ms 峰值=480 ✗弱
[tap][sample][21:01:59.116] 持續=450ms 峰值=3305 ✗長
[tap][sample][21:01:59.493] 持續=243ms 峰值=3242 ✗長
[tap][dim]   [21:01:59.530] 持續=36ms 峰值=507 ✗弱
[tap][sample][21:01:59.790] 持續=171ms 峰值=2603 ✗長
[tap][sample][21:02:00.105] 持續=225ms 峰值=1716 ✗長
[tap][dim]   [21:02:00.132] 持續=27ms 峰值=323 ✗弱
[tap][sample][21:02:00.456] 持續=216ms 峰值=3696 ✗長
[tap][dim]   [21:02:00.519] 持續=63ms 峰值=537 ✗弱
[tap][sample][21:02:00.555] 持續=36ms 峰值=654 ✓ 🎯 敲擊 #1
[tap][dim]   [21:02:00.609] 持續=54ms 峰值=475 ✗弱
[tap][sample][21:02:00.870] 持續=261ms 峰值=2327 ✗長
[tap][sample][21:02:01.195] 持續=225ms 峰值=2293 ✗長
[tap][dim]   [21:02:01.231] 持續=36ms 峰值=434 ✗弱
[tap][sample][21:02:01.321] 持續=27ms 峰值=604 ✓ 🎯 敲擊 #1
[tap]         ⏱️ 間隔過長重置（603ms）
[tap][sample][21:02:01.932] 持續=36ms 峰值=2416 ✓ 🎯 敲擊 #1
[tap][dim]   [21:02:01.996] 持續=36ms 峰值=403 ✗弱
[tap][sample][21:02:02.221] 持續=225ms 峰值=3099 ✗長
[tap][sample][21:02:02.535] 持續=189ms 峰值=3303 ✗長
[tap][dim]   [21:02:02.581] 持續=45ms 峰值=331 ✗弱
[tap][sample][21:02:03.300] 持續=126ms 峰值=2748 ✗長
[tap][sample][21:02:03.400] 持續=63ms 峰值=1523 ✓ 🎯 敲擊 #1
[tap][sample][21:02:03.534] 持續=99ms 峰值=876 ✓ ⏱️ 防抖略過（距上次 99ms < 180ms）
[tap][dim]   [21:02:03.570] 持續=36ms 峰值=310 ✗弱
[tap][sample][21:02:03.696] 持續=99ms 峰值=1574 ✓ 🎯 敲擊 #2
[tap][sample][21:02:04.047] 持續=198ms 峰值=2349 ✗長
[tap]         ⏱️ 間隔過長重置（549ms）
[tap][sample][21:02:04.183] 持續=36ms 峰值=2867 ✓ 🎯 敲擊 #1
[tap][dim]   [21:02:04.210] 持續=27ms 峰值=442 ✗弱
[tap][sample][21:02:04.335] 持續=126ms 峰值=1020 ✗長
[tap][dim]   [21:02:04.371] 持續=36ms 峰值=517 ✗弱
[tap][sample][21:02:04.597] 持續=135ms 峰值=3640 ✗長
[tap][dim]   [21:02:04.659] 持續=36ms 峰值=385 ✗弱
[tap][sample][21:02:04.822] 持續=162ms 峰值=1441 ✗長
[tap][dim]   [21:02:04.848] 持續=27ms 峰值=598 ✗弱
[tap][sample][21:02:04.876] 持續=27ms 峰值=983 ✓ 🎯 敲擊 #1
[tap][sample][21:02:05.145] 持續=162ms 峰值=4372 ✗長
[tap][dim]   [21:02:05.172] 持續=27ms 峰值=389 ✗弱
[tap][sample][21:02:05.236] 持續=63ms 峰值=874 ✓ 🎯 敲擊 #2
[tap][sample][21:02:05.362] 持續=36ms 峰值=683 ✓ ⏱️ 防抖略過（距上次 153ms < 180ms）
[tap][dim]   [21:02:05.389] 持續=27ms 峰值=333 ✗弱
[tap][dim]   [21:02:05.586] 持續=36ms 峰值=394 ✗弱
[tap][dim]   [21:02:05.946] 持續=45ms 峰值=304 ✗弱
[tap]         ⏱️ 間隔過長重置（774ms）
[tap][sample][21:02:06.037] 持續=90ms 峰值=1546 ✓ 🎯 敲擊 #1
[tap][dim]   [21:02:06.136] 持續=99ms 峰值=470 ✗弱
[tap][sample][21:02:06.288] 持續=153ms 峰值=1854 ✗長
[tap][sample][21:02:06.585] 持續=162ms 峰值=3840 ✗長
[tap][dim]   [21:02:06.613] 持續=27ms 峰值=494 ✗弱
[tap][sample][21:02:06.828] 持續=153ms 峰值=3446 ✗長
[tap][dim]   [21:02:06.936] 持續=108ms 峰值=485 ✗弱
[tap][sample][21:02:07.279] 持續=216ms 峰值=3140 ✗長
[tap][sample][21:02:07.666] 持續=225ms 峰值=3002 ✗長
[tap][dim]   [21:02:07.728] 持續=63ms 峰值=446 ✗弱
[tap][sample][21:02:08.080] 持續=351ms 峰值=1842 ✗長
[tap][sample][21:02:08.340] 持續=162ms 峰值=2977 ✗長
[tap][sample][21:02:08.745] 持續=279ms 峰值=2157 ✗長
[tap][sample][21:02:08.943] 持續=117ms 峰值=3563 ✗長
[tap][dim]   [21:02:09.016] 持續=72ms 峰值=310 ✗弱
[tap][sample][21:02:09.043] 持續=27ms 峰值=742 ✓ 🎯 敲擊 #1
[tap][dim]   [21:02:09.141] 持續=72ms 峰值=495 ✗弱
[tap][sample][21:02:09.168] 持續=27ms 峰值=670 ✓ ⏱️ 防抖略過（距上次 126ms < 180ms）
[tap][dim]   [21:02:09.195] 持續=27ms 峰值=593 ✗弱
[tap][sample][21:02:09.330] 持續=135ms 峰值=2476 ✗長
[tap][dim]   [21:02:09.420] 持續=90ms 峰值=591 ✗弱
[tap][sample][21:02:09.645] 持續=225ms 峰值=2288 ✗長
[tap][dim]   [21:02:09.709] 持續=63ms 峰值=584 ✗弱
[tap][dim]   [21:02:09.844] 持續=63ms 峰值=337 ✗弱
[tap][dim]   [21:02:09.907] 持續=36ms 峰值=474 ✗弱
[tap][sample][21:02:10.294] 持續=387ms 峰值=2388 ✗長
[tap][dim]   [21:02:10.321] 持續=27ms 峰值=395 ✗弱
[tap][dim]   [21:02:10.456] 持續=36ms 峰值=368 ✗弱
[tap][sample][21:02:10.545] 持續=90ms 峰值=1121 ✓ 🎯 敲擊 #1
[tap][sample][21:02:10.744] 持續=45ms 峰值=1241 ✓ 🎯 敲擊 #2
[tap][sample][21:02:11.058] 持續=36ms 峰值=764 ✓ 🎯 敲擊 #3
[tap]        [21:02:11.058] 🔔 三連敲觸發（間隔 243ms / 324ms，一致性 0.75） 底噪=296/79 基線=724 CV=0.19 ZCR=0.132
[main][21:02:11.059] ⏳ 預熱 idle 計時器啟動，10 分鐘後關閉麥克風
[recorder][VAD] Silero 語音幀 103/420 (24.5%)，有效語音 3.30s，信心閾值 0.6，最低比例 16%，最低語音 0.35s
[main][21:02:11.175] ✅ 錄音完成，送出辨識
[tap][dim]   [21:02:11.283] 持續=63ms 峰值=535 ✗弱
[tap][dim]   [21:02:11.500] 持續=27ms 峰值=476 ✗弱
[tap][sample][21:02:11.536] 持續=36ms 峰值=837 ✓ 🎯 敲擊 #1
[tap][sample][21:02:11.706] 持續=45ms 峰值=1182 ✓ ⏱️ 防抖略過（距上次 162ms < 180ms）
[tap][dim]   [21:02:11.796] 持續=90ms 峰值=575 ✗弱
[tap][sample][21:02:11.859] 持續=63ms 峰值=782 ✓ 🎯 敲擊 #2
[tap][dim]   [21:02:11.896] 持續=36ms 峰值=323 ✗弱
[tap][sample][21:02:12.075] 持續=27ms 峰值=766 ✓ 🎯 敲擊 #3
[tap]        [21:02:12.075] 🔔 三連敲觸發（間隔 297ms / 252ms，一致性 0.85） 底噪=575/90 基線=362 CV=0.04 ZCR=0.131
[paster][21:02:12] ⚠️ [UIA] TextPattern 不支援: 'NoneType' object has no attribute 'DocumentRange'
[paster][21:02:12] 🔮 預取游標位置: at_end=False, last_punct=False (delay=1.15s, est_api=1.60s)
[tap][dim]   [21:02:12.588] 持續=27ms 峰值=442 ✗弱
[transcriber][21:02:13.000] ⏱️ API 耗時: 1.82s
[main][21:02:13.000] ✅ 辨識完成: "是長期的現象"
[paster][21:02:13] 🎯 PASTE: at_end=False, last_punct=False, add_prefix=False (prefetched), prefix='。', final='是長期的現象'
[paster][21:02:13] ⌨️ TEXT input skipped: process=notepad.exe，class=Notepad，focus=('文字編輯器', 'Edit', '15', 'EditControl')，preserve_ctrl=False
[paster][21:02:13] 📋 CLIP flow start: target_chars=6, restore_delay=0.30s
[paster][21:02:13] 📋 CLIP backup: count=7, formats=49367:1215B, 13:28B, 50188:24B, 50131:119B, 16:4B, 1:27B, 7:27B, text='識別開始後的敲擊全都是真敲'
[paster][21:02:13] 📋 CLIP set attempt 1/4: chars=6, bytes=14, preview='是長期的現象'
[paster][21:02:13] 📋 CLIP verify ok: attempt=1, chars=6, text='是長期的現象'
[paster][21:02:13] ⌨️ Ctrl+V 準備送出，cb_ok=True，視窗="*未命名 - 記事本"，hwnd=0x05a0111a，process=notepad.exe，class=Notepad，keys_before=async_down=none; logical_down=none，text='是長期的現象'
[paster][21:02:13] ⌨️ 貼上前釋放修飾鍵: released=none，restore_later=none，preserve_ctrl=False，keys_after_release=async_down=none; logical_down=none
[paster][21:02:13] ⌨️ Ctrl+V 已送出，keys_after_send=async_down=none; logical_down=none
[paster][21:02:13] 🚫 CLIP guard armed: manual Ctrl+V suppressed
[paster][21:02:13] ⏱️ 收到→貼上完成: 0.20s
[paster][21:02:13] 📋 CLIP restore wait: 0.30s
[main][21:02:13.451] ⌨️ 主快捷鍵觸發（Win32/句號），keys=async_down=Ctrl,RCtrl; logical_down=Ctrl,RCtrl
[main][21:02:13.452] ⌨️ after(0) 執行延遲 0.5ms
[tap]        [21:02:13.473] 💤 敲麥監聽已停止
[recorder][21:02:13] 🚀 預熱命中，直接開始錄音
[main][21:02:13.474] ⏱️ recorder.start() 耗時 0.3ms，ok=True
[tap]        [21:02:13.479] 🎙️ 敲麥監聽已啟動
[main][21:02:13.483] 🎙️ 開始錄音
[paster][21:02:13] 📋 CLIP restore attempt 1/4: text='識別開始後的敲擊全都是真敲'
[paster][21:02:13] 📋 CLIP restore: restored=7/7, formats=49367:1215B, 13:28B, 50188:24B, 50131:119B, 16:4B, 1:27B, 7:27B, text='識別開始後的敲擊全都是真敲'
[paster][21:02:13] 📋 CLIP restore verify ok: attempt=1, text='識別開始後的敲擊全都是真敲'
[paster][21:02:13] 🚫 CLIP guard disarmed: blocked=0
[tap][sample][21:02:14.182] 持續=99ms 峰值=929 ✓ 🎯 敲擊 #1
[tap][dim]   [21:02:14.235] 持續=54ms 峰值=386 ✗弱
[tap][sample][21:02:14.271] 持續=36ms 峰值=628 ✓ ⏱️ 防抖略過（距上次 153ms < 180ms）
[tap][dim]   [21:02:14.469] 持續=36ms 峰值=582 ✗弱
[tap][sample][21:02:14.505] 持續=36ms 峰值=627 ✓ 🎯 敲擊 #2
[tap][dim]   [21:02:14.595] 持續=90ms 峰值=396 ✗弱
[tap][sample][21:02:14.722] 持續=36ms 峰值=795 ✓ 🎯 敲擊 #3
[tap]        [21:02:14.722] ⚠️ 節奏不一致（間隔 387ms / 216ms，一致性 0.56），忽略
[tap][dim]   [21:02:14.749] 持續=27ms 峰值=520 ✗弱
[tap][sample][21:02:14.884] 持續=135ms 峰值=868 ✗長
[tap][dim]   [21:02:14.911] 持續=27ms 峰值=303 ✗弱
[tap][dim]   [21:02:15.009] 持續=27ms 峰值=501 ✗弱
[tap][sample][21:02:15.045] 持續=36ms 峰值=682 ✓ 🎯 敲擊 #4
[tap]        [21:02:15.045] 🔔 三連敲觸發（間隔 216ms / 324ms，一致性 0.67） 底噪=0/501 基線=281 CV=0.10 ZCR=0.149
[main][21:02:15.047] ⏳ 預熱 idle 計時器啟動，10 分鐘後關閉麥克風
[recorder][VAD] Silero 語音幀 6/49 (12.2%)，有效語音 0.19s，信心閾值 0.6，最低比例 16%，最低語音 0.35s
[recorder][stop] ❌ VAD 未達有效語音門檻，不送出辨識（語音比例不足 12.2% < 16%）
[tap][dim]   [21:02:15.072] 持續=27ms 峰值=387 ✗弱
[tap][dim]   [21:02:15.136] 持續=27ms 峰值=424 ✗弱
[tap][sample][21:02:15.307] 持續=36ms 峰值=674 ✓ 🎯 敲擊 #1
[tap][sample][21:02:15.397] 持續=36ms 峰值=601 ✓ ⏱️ 防抖略過（距上次 90ms < 180ms）
[tap][dim]   [21:02:15.495] 持續=99ms 峰值=460 ✗弱
[tap][sample][21:02:15.623] 持續=37ms 峰值=879 ✓ 🎯 敲擊 #2
[tap][dim]   [21:02:15.677] 持續=28ms 峰值=344 ✗弱
[paster][21:02:15] 📋 CLIP watchdog done: checks=11, repairs=0, ok=True, final='識別開始後的敲擊全都是真敲'
[paster][21:02:15] 📋 剪貼簿已還原驗證（7 種格式，restore_ok=True, watch_ok=True）
[main][21:02:17.552] ⌨️ 主快捷鍵觸發（Win32/句號），keys=async_down=Ctrl,RCtrl; logical_down=Ctrl,RCtrl
[main][21:02:17.553] ⌨️ after(0) 執行延遲 1.0ms
[tap]        [21:02:17.585] 💤 敲麥監聽已停止
[recorder][21:02:17] 🚀 預熱命中，直接開始錄音
[main][21:02:17.587] ⏱️ recorder.start() 耗時 0.7ms，ok=True
[tap]        [21:02:17.596] 🎙️ 敲麥監聽已啟動
[main][21:02:17.601] 🎙️ 開始錄音
[tap][dim]   [21:02:18.070] 持續=27ms 峰值=422 ✗弱
[tap][dim]   [21:02:18.169] 持續=27ms 峰值=406 ✗弱
[tap][sample][21:02:18.303] 持續=135ms 峰值=1898 ✗長
[tap][dim]   [21:02:18.331] 持續=27ms 峰值=357 ✗弱
[tap][sample][21:02:18.430] 持續=36ms 峰值=1160 ✓ 🎯 敲擊 #1
[tap][dim]   [21:02:18.593] 持續=100ms 峰值=590 ✗弱
[tap][sample][21:02:18.647] 持續=54ms 峰值=1364 ✓ 🎯 敲擊 #2
[tap][dim]   [21:02:18.681] 持續=35ms 峰值=309 ✗弱
[tap][sample][21:02:18.970] 持續=216ms 峰值=6014 ✗長
[tap]         ⏱️ 間隔過長重置（414ms）
[tap][sample][21:02:19.034] 持續=28ms 峰值=722 ✓ 🎯 敲擊 #1
[tap][sample][21:02:19.510] 持續=152ms 峰值=937 ✗長
[tap][dim]   [21:02:19.547] 持續=37ms 峰值=562 ✗弱
[tap]         ⏱️ 間隔過長重置（630ms）
[tap][sample][21:02:19.672] 持續=36ms 峰值=929 ✓ 🎯 敲擊 #1
[tap][sample][21:02:20.032] 持續=100ms 峰值=1112 ✓ 🎯 敲擊 #2
[tap][sample][21:02:20.287] 持續=91ms 峰值=1778 ✓ 🎯 敲擊 #3
[tap]        [21:02:20.287] 🔔 三連敲觸發（間隔 296ms / 261ms，一致性 0.88） 底噪=225/513 基線=669 CV=0.29 ZCR=0.110
[main][21:02:20.294] ⏳ 預熱 idle 計時器啟動，10 分鐘後關閉麥克風
[recorder][VAD] Silero 語音幀 46/84 (54.8%)，有效語音 1.47s，信心閾值 0.6，最低比例 16%，最低語音 0.35s
[main][21:02:20.326] ✅ 錄音完成，送出辨識
[tap][sample][21:02:20.383] 持續=72ms 峰值=799 ✓ 🎯 敲擊 #1
[paster][21:02:20] ⚠️ [UIA] TextPattern 不支援: 'NoneType' object has no attribute 'DocumentRange'
[paster][21:02:20] 🔮 預取游標位置: at_end=False, last_punct=False (delay=0.07s, est_api=0.52s)
[tap][dim]   [21:02:20.446] 持續=64ms 峰值=549 ✗弱
[transcriber][21:02:21.186] ⏱️ API 耗時: 0.86s
[main][21:02:21.188] ✅ 辨識完成: "有夠古錐古錐的"
[paster][21:02:21] 🎯 PASTE: at_end=False, last_punct=False, add_prefix=False (prefetched), prefix='。', final='有夠古錐古錐的'
[paster][21:02:21] ⌨️ TEXT input skipped: process=notepad.exe，class=Notepad，focus=('文字編輯器', 'Edit', '15', 'EditControl')，preserve_ctrl=False
[paster][21:02:21] 📋 CLIP flow start: target_chars=7, restore_delay=0.30s
[paster][21:02:21] 📋 CLIP backup: count=7, formats=49367:1215B, 13:28B, 50188:24B, 50131:119B, 16:4B, 1:27B, 7:27B, text='識別開始後的敲擊全都是真敲'
[paster][21:02:21] 📋 CLIP set attempt 1/4: chars=7, bytes=16, preview='有夠古錐古錐的'
[paster][21:02:21] 📋 CLIP verify ok: attempt=1, chars=7, text='有夠古錐古錐的'
[paster][21:02:21] ⌨️ Ctrl+V 準備送出，cb_ok=True，視窗="*未命名 - 記事本"，hwnd=0x05a0111a，process=notepad.exe，class=Notepad，keys_before=async_down=none; logical_down=none，text='有夠古錐古錐的'
[paster][21:02:21] ⌨️ 貼上前釋放修飾鍵: released=none，restore_later=none，preserve_ctrl=False，keys_after_release=async_down=none; logical_down=none
[paster][21:02:21] ⌨️ Ctrl+V 已送出，keys_after_send=async_down=none; logical_down=none
[paster][21:02:21] 🚫 CLIP guard armed: manual Ctrl+V suppressed
[paster][21:02:21] ⏱️ 收到→貼上完成: 0.21s
[paster][21:02:21] 📋 CLIP restore wait: 0.30s
[paster][21:02:21] 📋 CLIP restore attempt 1/4: text='識別開始後的敲擊全都是真敲'
[paster][21:02:21] 📋 CLIP restore: restored=7/7, formats=49367:1215B, 13:28B, 50188:24B, 50131:119B, 16:4B, 1:27B, 7:27B, text='識別開始後的敲擊全都是真敲'
[paster][21:02:21] 📋 CLIP restore verify ok: attempt=1, text='識別開始後的敲擊全都是真敲'
[paster][21:02:21] 🚫 CLIP guard disarmed: blocked=0[main][21:02:21.822] ⌨️ 主快捷鍵觸發（Win32/句號），keys=async_down=Ctrl,LCtrl; logical_down=Ctrl,LCtrl

[main][21:02:21.823] ⌨️ after(0) 執行延遲 1.0ms
[tap]        [21:02:21.860] 💤 敲麥監聽已停止
[recorder][21:02:21] 🚀 預熱命中，直接開始錄音
[main][21:02:21.861] ⏱️ recorder.start() 耗時 0.5ms，ok=True
[tap]        [21:02:21.867] 🎙️ 敲麥監聽已啟動
[main][21:02:21.872] 🎙️ 開始錄音
[tap][sample][21:02:22.758] 持續=126ms 峰值=928 ✗長
[tap][dim]   [21:02:22.786] 持續=27ms 峰值=525 ✗弱
[tap][sample][21:02:23.057] 持續=136ms 峰值=909 ✗長
[tap][dim]   [21:02:23.084] 持續=27ms 峰值=427 ✗弱
[tap][sample][21:02:23.111] 持續=27ms 峰值=1574 ✓ 🎯 敲擊 #1
[tap][dim]   [21:02:23.146] 持續=35ms 峰值=453 ✗弱
[tap][dim]   [21:02:23.345] 持續=45ms 峰值=359 ✗弱
[tap][sample][21:02:23.685] 持續=252ms 峰值=1169 ✗長
[paster][21:02:24] 📋 CLIP watchdog done: checks=11, repairs=0, ok=True, final='識別開始後的敲擊全都是真敲'
[paster][21:02:24] 📋 剪貼簿已還原驗證（7 種格式，restore_ok=True, watch_ok=True）
[tap]         ⏱️ 間隔過長重置（963ms）
[tap][sample][21:02:24.073] 持續=27ms 峰值=844 ✓ 🎯 敲擊 #1
[tap][sample][21:02:24.307] 持續=207ms 峰值=1721 ✗長
[tap][sample][21:02:24.397] 持續=36ms 峰值=1112 ✓ 🎯 敲擊 #2
[tap][dim]   [21:02:24.427] 持續=28ms 峰值=568 ✗弱
[tap][sample][21:02:24.523] 持續=63ms 峰值=759 ✓ ⏱️ 防抖略過（距上次 99ms < 180ms）
[tap][sample][21:02:24.677] 持續=28ms 峰值=1500 ✓ 🎯 敲擊 #3
[tap]        [21:02:24.677] 🔔 三連敲觸發（間隔 314ms / 288ms，一致性 0.92） 底噪=227/261 基線=497 CV=0.23 ZCR=0.114
[main][21:02:24.685] ⏳ 預熱 idle 計時器啟動，10 分鐘後關閉麥克風
[recorder][VAD] Silero 語音幀 10/87 (11.5%)，有效語音 0.32s，信心閾值 0.6，最低比例 16%，最低語音 0.35s
[recorder][stop] ❌ VAD 未達有效語音門檻，不送出辨識（語音比例不足 11.5% < 16%）
[tap][sample][21:02:24.874] 持續=135ms 峰值=909 ✗長
[tap][sample][21:02:25.000] 持續=27ms 峰值=760 ✓ 🎯 敲擊 #1
[tap][sample][21:02:25.298] 持續=36ms 峰值=1018 ✓ 🎯 敲擊 #2
[tap][dim]   [21:02:25.351] 持續=54ms 峰值=583 ✗弱
[tap][dim]   [21:02:25.639] 持續=63ms 峰值=588 ✗弱
[tap][sample][21:02:25.666] 持續=27ms 峰值=660 ✓ 🎯 敲擊 #3
[tap]        [21:02:25.666] 🔔 三連敲觸發（間隔 288ms / 378ms，一致性 0.76） 底噪=551/588 基線=429 CV=0.19 ZCR=0.128
[tap]        [21:02:25.715] 💤 敲麥監聽已停止
[recorder][21:02:25] 🚀 預熱命中，直接開始錄音
[main][21:02:25.717] ⏱️ recorder.start() 耗時 1.4ms，ok=True
[tap]        [21:02:25.725] 🎙️ 敲麥監聽已啟動
[main][21:02:25.729] 🎙️ 開始錄音
[main][21:02:26.645] ⌨️ 主快捷鍵觸發（Win32/句號），keys=async_down=Ctrl,LCtrl,RCtrl; logical_down=Ctrl,LCtrl,RCtrl
[main][21:02:26.646] ⌨️ after(0) 執行延遲 1.0ms[main][21:02:26.649] ⏳ 預熱 idle 計時器啟動，10 分鐘後關閉麥克風

[recorder][VAD] Silero 語音幀 0/28 (0.0%)，有效語音 0.00s，信心閾值 0.6，最低比例 16%，最低語音 0.35s
[recorder][stop] ❌ VAD 未達有效語音門檻，不送出辨識（語音比例不足 0.0% < 16%）
[tap][dim]   [21:02:27.323] 持續=36ms 峰值=510 ✗弱
[tap][sample][21:02:27.555] 持續=234ms 峰值=4125 ✗長
[tap][sample][21:02:27.646] 持續=36ms 峰值=1595 ✓ 🎯 敲擊 #1
[tap][sample][21:02:27.871] 持續=189ms 峰值=1566 ✗長
[tap][dim]   [21:02:27.908] 持續=37ms 峰值=340 ✗弱
[tap][sample][21:02:27.960] 持續=26ms 峰值=1228 ✓ 🎯 敲擊 #2
[tap][dim]   [21:02:28.007] 持續=46ms 峰值=424 ✗弱
[tap][sample][21:02:28.158] 持續=153ms 峰值=2146 ✗長
[tap][sample][21:02:28.276] 持續=54ms 峰值=1095 ✓ 🎯 敲擊 #3
[tap]        [21:02:28.276] 🔔 三連敲觸發（間隔 325ms / 288ms，一致性 0.88） 底噪=0/40 基線=553 CV=0.16 ZCR=0.135
[tap]        [21:02:28.330] 💤 敲麥監聽已停止
[recorder][21:02:28] 🚀 預熱命中，直接開始錄音
[main][21:02:28.330] ⏱️ recorder.start() 耗時 0.1ms，ok=True
[tap]        [21:02:28.333] 🎙️ 敲麥監聽已啟動
[main][21:02:28.337] 🎙️ 開始錄音
[tap][dim]   [21:02:28.456] 持續=27ms 峰值=471 ✗弱
[tap][sample][21:02:28.591] 持續=27ms 峰值=1284 ✓ 🎯 敲擊 #1
[tap][sample][21:02:28.754] 持續=126ms 峰值=877 ✗長
[tap][dim]   [21:02:28.780] 持續=27ms 峰值=515 ✗弱
[tap][sample][21:02:28.907] 持續=27ms 峰值=994 ✓ 🎯 敲擊 #2
[tap][sample][21:02:29.229] 持續=26ms 峰值=1037 ✓ 🎯 敲擊 #3
[tap]        [21:02:29.229] 🔔 三連敲觸發（間隔 315ms / 324ms，一致性 0.97） 底噪=67/491 基線=385 CV=0.12 ZCR=0.121
[main][21:02:29.230] ⏳ 預熱 idle 計時器啟動，10 分鐘後關閉麥克風
[recorder][VAD] Silero 語音幀 15/28 (53.6%)，有效語音 0.48s，信心閾值 0.6，最低比例 16%，最低語音 0.35s
[main][21:02:29.238] ✅ 錄音完成，送出辨識
[paster][21:02:29] ⚠️ [UIA] TextPattern 不支援: 'NoneType' object has no attribute 'DocumentRange'
[paster][21:02:29] 🔮 預取游標位置: at_end=False, last_punct=False (delay=0.00s, est_api=0.34s)
[tap][dim]   [21:02:29.356] 持續=90ms 峰值=572 ✗弱
[tap][sample][21:02:29.617] 持續=262ms 峰值=10886 ✗長
[tap][dim]   [21:02:29.715] 持續=98ms 峰值=587 ✗弱
[transcriber][21:02:30.540] ⏱️ API 耗時: 1.30s
[main][21:02:30.540] ✅ 辨識完成: "過題"
[paster][21:02:30] 🎯 PASTE: at_end=False, last_punct=False, add_prefix=False (prefetched), prefix='。', final='過題'
[paster][21:02:30] ⌨️ TEXT input skipped: process=notepad.exe，class=Notepad，focus=('文字編輯器', 'Edit', '15', 'EditControl')，preserve_ctrl=False
[paster][21:02:30] 📋 CLIP flow start: target_chars=2, restore_delay=0.30s
[paster][21:02:30] 📋 CLIP backup: count=7, formats=49367:1215B, 13:28B, 50188:24B, 50131:119B, 16:4B, 1:27B, 7:27B, text='識別開始後的敲擊全都是真敲'
[paster][21:02:30] 📋 CLIP set attempt 1/4: chars=2, bytes=6, preview='過題'
[paster][21:02:30] 📋 CLIP verify ok: attempt=1, chars=2, text='過題'
[paster][21:02:30] ⌨️ Ctrl+V 準備送出，cb_ok=True，視窗="*未命名 - 記事本"，hwnd=0x05a0111a，process=notepad.exe，class=Notepad，keys_before=async_down=Ctrl,LCtrl; logical_down=Ctrl,LCtrl，text='過題'
[paster][21:02:30] ⌨️ 貼上前釋放修飾鍵: released=LCtrl，restore_later=none，preserve_ctrl=False，keys_after_release=async_down=none; logical_down=none
[paster][21:02:30] ⌨️ Ctrl+V 已送出，keys_after_send=async_down=none; logical_down=none
[paster][21:02:30] 🚫 CLIP guard armed: manual Ctrl+V suppressed
[paster][21:02:30] ⏱️ 收到→貼上完成: 0.22s
[paster][21:02:30] 📋 CLIP restore wait: 0.30s
[paster][21:02:31] 📋 CLIP restore attempt 1/4: text='識別開始後的敲擊全都是真敲'
[paster][21:02:31] 📋 CLIP restore: restored=7/7, formats=49367:1215B, 13:28B, 50188:24B, 50131:119B, 16:4B, 1:27B, 7:27B, text='識別開始後的敲擊全都是真敲'
[main][21:02:31.066] ⌨️ 主快捷鍵觸發（Win32/句號），keys=async_down=Ctrl,RCtrl; logical_down=Ctrl,RCtrl
[main][21:02:31.067] ⌨️ after(0) 執行延遲 1.4ms
[tap]        [21:02:31.104] 💤 敲麥監聽已停止
[recorder][21:02:31] 🚀 預熱命中，直接開始錄音
[main][21:02:31.104] ⏱️ recorder.start() 耗時 0.3ms，ok=True
[tap]        [21:02:31.118] 🎙️ 敲麥監聽已啟動
[main][21:02:31.136] 🎙️ 開始錄音
[paster][21:02:31] 📋 CLIP restore verify ok: attempt=1, text='識別開始後的敲擊全都是真敲'
[paster][21:02:31] 🚫 CLIP guard disarmed: blocked=0
[tap][dim]   [21:02:32.146] 持續=36ms 峰值=360 ✗弱
[tap][sample][21:02:32.326] 持續=180ms 峰值=1188 ✗長
[tap][sample][21:02:32.433] 持續=45ms 峰值=1386 ✓ 🎯 敲擊 #1
[tap][dim]   [21:02:32.461] 持續=27ms 峰值=417 ✗弱
[tap][sample][21:02:32.686] 持續=225ms 峰值=1373 ✗長
[tap][sample][21:02:32.776] 持續=27ms 峰值=1230 ✓ 🎯 敲擊 #2
[tap][dim]   [21:02:32.811] 持續=36ms 峰值=394 ✗弱
[tap][sample][21:02:33.001] 持續=189ms 峰值=2624 ✗長
[tap][dim]   [21:02:33.163] 持續=90ms 峰值=491 ✗弱
[tap][dim]   [21:02:33.226] 持續=36ms 峰值=446 ✗弱
[tap]         ⏱️ 間隔過長重置（477ms）
[tap][sample][21:02:33.289] 持續=63ms 峰值=690 ✓ 🎯 敲擊 #1
[paster][21:02:33] 📋 CLIP watchdog done: checks=11, repairs=0, ok=True, final='識別開始後的敲擊全都是真敲'
[paster][21:02:33] 📋 剪貼簿已還原驗證（7 種格式，restore_ok=True, watch_ok=True）
[tap][sample][21:02:33.424] 持續=27ms 峰值=1283 ✓ ⏱️ 防抖略過（距上次 170ms < 180ms）
[tap][sample][21:02:33.613] 持續=162ms 峰值=1710 ✗長
[tap][dim]   [21:02:33.640] 持續=27ms 峰值=420 ✗弱
[tap]         ⏱️ 間隔過長重置（485ms）
[tap][sample][21:02:33.739] 持續=27ms 峰值=1045 ✓ 🎯 敲擊 #1
[tap][dim]   [21:02:33.801] 持續=36ms 峰值=437 ✗弱
[tap][dim]   [21:02:34.063] 持續=72ms 峰值=328 ✗弱
[tap][sample][21:02:34.153] 持續=90ms 峰值=1210 ✓ 🎯 敲擊 #2
[tap][dim]   [21:02:34.190] 持續=36ms 峰值=442 ✗弱
[tap][sample][21:02:34.540] 持續=351ms 峰值=7831 ✗長
[tap][dim]   [21:02:34.603] 持續=63ms 峰值=424 ✗弱
[tap][dim]   [21:02:34.701] 持續=71ms 峰值=412 ✗弱
[tap]         ⏱️ 間隔過長重置（639ms）
[tap][sample][21:02:34.772] 持續=70ms 峰值=710 ✓ 🎯 敲擊 #1
[tap][dim]   [21:02:34.792] 持續=20ms 峰值=584 ✗弱
[tap][sample][21:02:34.990] 持續=198ms 峰值=10286 ✓ ⏱️ 防抖略過（距上次 90ms < 180ms）
[tap][sample][21:02:35.152] 持續=126ms 峰值=1557 ✗長
[tap][dim]   [21:02:35.179] 持續=27ms 峰值=331 ✗弱
[tap][sample][21:02:35.404] 持續=197ms 峰值=1381 ✗長
[tap][dim]   [21:02:35.432] 持續=27ms 峰值=569 ✗弱
[tap][dim]   [21:02:35.530] 持續=27ms 峰值=309 ✗弱
[tap][sample][21:02:35.790] 持續=162ms 峰值=4446 ✗長
[tap][dim]   [21:02:35.854] 持續=63ms 峰值=511 ✗弱
[tap][sample][21:02:37.033] 持續=161ms 峰值=2098 ✗長
[tap][dim]   [21:02:37.159] 持續=26ms 峰值=354 ✗弱
[tap][sample][21:02:37.321] 持續=162ms 峰值=1636 ✗長
[tap][dim]   [21:02:37.358] 持續=37ms 峰值=386 ✗弱
[tap][sample][21:02:37.457] 持續=37ms 峰值=1211 ✓ 🎯 敲擊 #1
[tap][sample][21:02:37.672] 持續=189ms 峰值=2803 ✗長
[tap][sample][21:02:37.807] 持續=63ms 峰值=744 ✓ 🎯 敲擊 #2
[tap][dim]   [21:02:37.933] 持續=63ms 峰值=472 ✗弱
[tap][sample][21:02:38.060] 持續=27ms 峰值=932 ✓ 🎯 敲擊 #3
[tap]        [21:02:38.060] 🔔 三連敲觸發（間隔 324ms / 288ms，一致性 0.89） 底噪=47/472 基線=517 CV=0.20 ZCR=0.135
[main][21:02:38.066] ⏳ 預熱 idle 計時器啟動，10 分鐘後關閉麥克風
[tap][dim]   [21:02:38.086] 持續=26ms 峰值=483 ✗弱
[recorder][VAD] Silero 語音幀 157/217 (72.4%)，有效語音 5.02s，信心閾值 0.6，最低比例 16%，最低語音 0.35s
[main][21:02:38.128] ✅ 錄音完成，送出辨識
[tap][sample][21:02:38.257] 持續=171ms 峰值=1481 ✗長
[tap][sample][21:02:38.410] 持續=27ms 峰值=1226 ✓ 🎯 敲擊 #1
[tap][dim]   [21:02:38.446] 持續=36ms 峰值=425 ✗弱
[paster][21:02:38] ⚠️ [UIA] TextPattern 不支援: 'NoneType' object has no attribute 'DocumentRange'
[paster][21:02:38] 🔮 預取游標位置: at_end=False, last_punct=False (delay=0.50s, est_api=0.95s)
[tap][dim]   [21:02:38.707] 持續=36ms 峰值=307 ✗弱
[tap][sample][21:02:38.761] 持續=54ms 峰值=925 ✓ 🎯 敲擊 #2
[tap][dim]   [21:02:38.798] 持續=36ms 峰值=500 ✗弱
[tap][sample][21:02:39.022] 持續=73ms 峰值=1902 ✓ 🎯 敲擊 #3
[tap]        [21:02:39.022] 🔔 三連敲觸發（間隔 324ms / 243ms，一致性 0.75） 底噪=307/247 基線=599 CV=0.30 ZCR=0.119
[tap][dim]   [21:02:39.049] 持續=27ms 峰值=506 ✗弱
[tap][dim]   [21:02:39.112] 持續=36ms 峰值=417 ✗弱
[tap][sample][21:02:39.212] 持續=99ms 峰值=899 ✓ 🎯 敲擊 #1
[tap][dim]   [21:02:39.660] 持續=26ms 峰值=335 ✗弱
[tap][dim]   [21:02:39.887] 持續=36ms 峰值=331 ✗弱
[tap][dim]   [21:02:39.949] 持續=36ms 峰值=314 ✗弱
[tap][dim]   [21:02:40.012] 持續=36ms 峰值=302 ✗弱
[transcriber][21:02:40.351] ⏱️ API 耗時: 2.22s
[main][21:02:40.351] ✅ 辨識完成: "如果估值過低的話也會形成"
[paster][21:02:40] 🎯 PASTE: at_end=False, last_punct=False, add_prefix=False (prefetched), prefix='。', final='如果估值過低的話也會形成'
[paster][21:02:40] ⌨️ TEXT input skipped: process=notepad.exe，class=Notepad，focus=('文字編輯器', 'Edit', '15', 'EditControl')，preserve_ctrl=False
[paster][21:02:40] 📋 CLIP flow start: target_chars=12, restore_delay=0.30s
[paster][21:02:40] 📋 CLIP backup: count=7, formats=49367:1215B, 13:28B, 50188:24B, 50131:119B, 16:4B, 1:27B, 7:27B, text='識別開始後的敲擊全都是真敲'
[paster][21:02:40] 📋 CLIP set attempt 1/4: chars=12, bytes=26, preview='如果估值過低的話也會形成'
[paster][21:02:40] 📋 CLIP verify ok: attempt=1, chars=12, text='如果估值過低的話也會形成'
[paster][21:02:40] ⌨️ Ctrl+V 準備送出，cb_ok=True，視窗="*未命名 - 記事本"，hwnd=0x05a0111a，process=notepad.exe，class=Notepad，keys_before=async_down=none; logical_down=none，text='如果估值過低的話也會形成'
[paster][21:02:40] ⌨️ 貼上前釋放修飾鍵: released=none，restore_later=none，preserve_ctrl=False，keys_after_release=async_down=none; logical_down=none
[paster][21:02:40] ⌨️ Ctrl+V 已送出，keys_after_send=async_down=none; logical_down=none
[paster][21:02:40] 🚫 CLIP guard armed: manual Ctrl+V suppressed
[paster][21:02:40] ⏱️ 收到→貼上完成: 0.21s
[paster][21:02:40] 📋 CLIP restore wait: 0.30s
[main][21:02:40.802] ⌨️ 主快捷鍵觸發（Win32/句號），keys=async_down=Ctrl,RCtrl; logical_down=Ctrl,RCtrl
[main][21:02:40.803] ⌨️ after(0) 執行延遲 0.7ms
[tap]        [21:02:40.824] 💤 敲麥監聽已停止
[recorder][21:02:40] 🚀 預熱命中，直接開始錄音
[main][21:02:40.825] ⏱️ recorder.start() 耗時 0.5ms，ok=True
[tap]        [21:02:40.834] 🎙️ 敲麥監聽已啟動
[main][21:02:40.839] 🎙️ 開始錄音
[paster][21:02:40] 📋 CLIP restore attempt 1/4: text='識別開始後的敲擊全都是真敲'
[paster][21:02:40] 📋 CLIP restore: restored=7/7, formats=49367:1215B, 13:28B, 50188:24B, 50131:119B, 16:4B, 1:27B, 7:27B, text='識別開始後的敲擊全都是真敲'
[paster][21:02:40] 📋 CLIP restore verify ok: attempt=1, text='識別開始後的敲擊全都是真敲'
[paster][21:02:40] 🚫 CLIP guard disarmed: blocked=0
[main][21:02:41.609] ⌨️ 主快捷鍵觸發（Win32/句號），keys=async_down=Ctrl,RCtrl; logical_down=Ctrl,RCtrl
[main][21:02:41.610] ⌨️ after(0) 執行延遲 0.8ms[main][21:02:41.612] ⏳ 預熱 idle 計時器啟動，10 分鐘後關閉麥克風

[recorder][stop] 錄音太短 (0.78s)，略過
[paster][21:02:43] 📋 CLIP watchdog done: checks=11, repairs=0, ok=True, final='識別開始後的敲擊全都是真敲'
[paster][21:02:43] 📋 剪貼簿已還原驗證（7 種格式，restore_ok=True, watch_ok=True）
[tap][dim]   [21:02:43.657] 持續=36ms 峰值=321 ✗弱
[tap][dim]   [21:02:43.711] 持續=27ms 峰值=443 ✗弱
[tap][dim]   [21:02:58.335] 持續=63ms 峰值=318 ✗弱
[tap]        [21:02:58.443] 💤 敲麥監聽已停止
[recorder][21:02:58] 💤 預熱 stream 已關閉
[0m