[main] LOG -> F:\Cursor\AI Whisper Next\ai_whisper_20260516_160831.log
[settings] config loaded from F:\Cursor\AI Whisper Next\config.json
[main][16:08:32.041] вң… еҝ«жҚ·йҚө ctrl+f12пјҲеҸҘиҷҹпјүгҖҒctrl+f11пјҲйҖ—иҷҹпјүе·ІиЁ»еҶҠ
[main][16:08:32.041] вң… иЁҳжҶ¶еҝ«жҚ·йҚө 5/5 е·ІиЁ»еҶҠ (Win32)
[tap]         рҹҺҷпёҸ ж•ІйәҘзӣЈиҒҪе·Іе•ҹеӢ•
[recorder][VAD] ијүе…Ҙ Silero VAD жЁЎеһӢ...
Using cache found in C:\Users\Administrator/.cache\torch\hub\snakers4_silero-vad_master
[recorder][VAD] вҡ пёҸ Silero VAD ијүе…ҘеӨұж•—пјҢдҪҝз”Ё RMS еӮҷжҸҙ: No module named 'torchaudio'
[tap][sample][16:08:57.659] жҢҒзәҢ=189ms еі°еҖј=2355 вң—й•·
[tap][sample][16:08:57.893] жҢҒзәҢ=153ms еі°еҖј=10738 вң“ рҹҺҜ ж•Іж“Ҡ #1
[tap][sample][16:08:58.082] жҢҒзәҢ=126ms еі°еҖј=9327 вң“ рҹҺҜ ж•Іж“Ҡ #2
[tap]         вҸұпёҸ й–“йҡ”йҒҺй•·йҮҚзҪ®пјҲ1764msпјү
[tap][sample][16:08:59.873] жҢҒзәҢ=153ms еі°еҖј=14333 вң“ рҹҺҜ ж•Іж“Ҡ #1
[tap][sample][16:09:00.062] жҢҒзәҢ=126ms еі°еҖј=9714 вң“ рҹҺҜ ж•Іж“Ҡ #2
[tap][sample][16:09:00.260] жҢҒзәҢ=90ms еі°еҖј=11936 вң“ рҹҺҜ ж•Іж“Ҡ #3
[tap]        [16:09:00.260] рҹ”” дёүйҖЈж•Іи§ёзҷјпјҲй–“йҡ” 216ms / 234msпјҢдёҖиҮҙжҖ§ 0.92пјү
[recorder][16:09:00] вҸұпёҸ InputStream() 4.1ms
[recorder][16:09:00] вҸұпёҸ stream.start() 0.6ms
[recorder][16:09:00] рҹҺҷпёҸ йҢ„йҹіе°ұз·’пјҢзёҪеҲқе§ӢеҢ– 4.7ms
[main][16:09:00.266] вҸұпёҸ recorder.start() иҖ—жҷӮ 5.0msпјҢok=True
[main][16:09:00.274] рҹҺҷпёҸ й–Ӣе§ӢйҢ„йҹі
[recorder][16:09:00] рҹҺӨ з¬¬дёҖеҢ…йҹіиЁҠеҲ°йҒ”пјҢйәҘе…ӢйўЁеҜҰйҡӣй–Ӣе•ҹе»¶йҒІ 30.4ms
[recorder][VAD] RMS иӘһйҹіе№Җ 0/39 (0.0%)пјҢжңүж•ҲиӘһйҹі 0.00sпјҢй–ҫеҖј 450пјҢжңҖдҪҺжҜ”дҫӢ 16%пјҢжңҖдҪҺиӘһйҹі 0.35s
[recorder][flush] вқҢ VAD жңӘйҒ”жңүж•ҲиӘһйҹій–ҖжӘ»пјҢз•ҘйҒҺпјҲиӘһйҹіжҜ”дҫӢдёҚи¶і 0.0% < 16%пјү
[tap][sample][16:09:02.942] жҢҒзәҢ=567ms еі°еҖј=4347 вң—й•·
[tap][dim]   [16:09:02.969] жҢҒзәҢ=27ms еі°еҖј=460 вң—ејұ
[tap][dim]   [16:09:03.266] жҢҒзәҢ=36ms еі°еҖј=394 вң—ејұ
[tap][sample][16:09:03.904] жҢҒзәҢ=540ms еі°еҖј=8659 вң—й•·
[tap][dim]   [16:09:03.932] жҢҒзәҢ=27ms еі°еҖј=381 вң—ејұ
[tap][dim]   [16:09:04.292] жҢҒзәҢ=72ms еі°еҖј=400 вң—ејұ
[tap][dim]   [16:09:04.355] жҢҒзәҢ=36ms еі°еҖј=373 вң—ејұ
[recorder][VAD] RMS иӘһйҹіе№Җ 39/129 (30.2%)пјҢжңүж•ҲиӘһйҹі 1.17sпјҢй–ҫеҖј 450пјҢжңҖдҪҺжҜ”дҫӢ 16%пјҢжңҖдҪҺиӘһйҹі 0.35s
[recorder][flush] вң… еҸ–еҮә 3.9s йҹіиЁҠж®өиҗҪ
[main][16:09:05.349] вңӮпёҸ иҮӘеӢ•еҲҶж®өйҖҒеҮәпјҲйқңйҹійҒ”1sпјҢзҙҜз©Қ 3.9sпјҢйқңйҹі 1.0sпјү
[tap][sample][16:09:05.570] жҢҒзәҢ=153ms еі°еҖј=11703 вң“ рҹҺҜ ж•Іж“Ҡ #1
[tap][sample][16:09:05.758] жҢҒзәҢ=126ms еі°еҖј=11780 вң“ рҹҺҜ ж•Іж“Ҡ #2
[tap][sample][16:09:05.957] жҢҒзәҢ=135ms еі°еҖј=9388 вң“ рҹҺҜ ж•Іж“Ҡ #3
[tap]        [16:09:05.957] рҹ”” дёүйҖЈж•Іи§ёзҷјпјҲй–“йҡ” 216ms / 189msпјҢдёҖиҮҙжҖ§ 0.88пјү
[main][16:09:05.958] вҸі й җзҶұ idle иЁҲжҷӮеҷЁе•ҹеӢ•пјҢ10 еҲҶйҗҳеҫҢй—ңй–үйәҘе…ӢйўЁ
[recorder][stop] йҢ„йҹіеӨӘзҹӯ (0.60s)пјҢз•ҘйҒҺ
[paster][16:09:06] рҹ“Ҹ [UIA] text='гҖӮжё¬и©Ұжё¬и©Ұ', text_after='', at_end=True, last_punct=False
[paster][16:09:06] рҹ”® й җеҸ–жёёжЁҷдҪҚзҪ®: at_end=True, last_punct=False (delay=0.19s, est_api=0.64s)
[main][16:09:07.856] вҡ пёҸ API и¶…йҒҺ 2.5s жңӘеӣһжҮүпјҢйҮҚи©ҰдёӯвҖҰ
[transcriber][16:09:10.862] вҸұпёҸ API иҖ—жҷӮ: 4.97s
[main][16:09:10.863] вң… еҲҶж®өиҫЁиӯҳе®ҢжҲҗ: "жё¬и©Ұжё¬и©Ұ"
[main][16:09:10.867] рҹ”Һ CtrlиЁәж–·й–Ӣе§Ӣ(segments-complete): window=12.0sпјҢstate=async_down=none; logical_down=none
[transcriber][16:09:10.880] вҸұпёҸ API иҖ—жҷӮ: 2.87s
[paster][16:09:10] рҹҺҜ PASTE: at_end=True, last_punct=False, add_prefix=True (prefetched), prefix='гҖӮ', final='жё¬и©Ұжё¬и©Ұ'
[paster][16:09:10] рҹ“Ӣ CLIP flow start: target_chars=5, restore_delay=0.30s
[paster][16:09:10] рҹ“Ӣ CLIP backup: count=7, formats=49367:978B, 13:24B, 50188:24B, 50131:40B, 16:4B, 1:12B, 7:12B, text='MarkItDown '
[paster][16:09:10] рҹ“Ӣ CLIP set attempt 1/4: chars=5, bytes=12, preview='гҖӮжё¬и©Ұжё¬и©Ұ'
[paster][16:09:10] рҹ“Ӣ CLIP verify ok: attempt=1, chars=5, text='гҖӮжё¬и©Ұжё¬и©Ұ'
[main][16:09:10.968] рҹ”Һ CtrlиЁәж–·probe(segments-complete/0.10s): async_down=none; logical_down=none
[paster][16:09:11] вҢЁпёҸ Ctrl+V жә–еӮҷйҖҒеҮәпјҢcb_ok=TrueпјҢиҰ–зӘ—="6515 з©ҺеҙҙпҪңCPO жҠҖиЎ“и«–еЈҮ - YouTube - Google Chrome"пјҢhwnd=0x05f30e5eпјҢkeys_before=async_down=none; logical_down=noneпјҢtext='гҖӮжё¬и©Ұжё¬и©Ұ'
[paster][16:09:11] вҢЁпёҸ иІјдёҠеүҚйҮӢж”ҫдҝ®йЈҫйҚө: released=noneпјҢrestore_later=noneпјҢkeys_after_release=async_down=none; logical_down=none
[main][16:09:11.045] рҹ”Һ CtrlиЁәж–·event(segments-complete): type=downпјҢname=left ctrlпјҢscan=-162пјҢstate=async_down=none; logical_down=none
[main][16:09:11.048] рҹ”Һ CtrlиЁәж–·event(segments-complete): type=upпјҢname=left ctrlпјҢscan=-162пјҢstate=async_down=Ctrl,LCtrl; logical_down=Ctrl,LCtrl
[main][16:09:11.049] рҹ”Һ CtrlиЁәж–·event(segments-complete): type=upпјҢname=left ctrlпјҢscan=-162пјҢstate=async_down=none; logical_down=none
[main][16:09:11.051] рҹ”Һ CtrlиЁәж–·event(segments-complete): type=upпјҢname=right ctrlпјҢscan=-163пјҢstate=async_down=none; logical_down=none
[paster][16:09:11] вҢЁпёҸ Ctrl+V е·ІйҖҒеҮәпјҢkeys_after_send=async_down=none; logical_down=none
[main][16:09:11.053] рҹ”Һ CtrlиЁәж–·event(segments-complete): type=upпјҢname=left ctrlпјҢscan=-162пјҢstate=async_down=none; logical_down=none
[main][16:09:11.053] рҹ”Һ CtrlиЁәж–·event(segments-complete): type=upпјҢname=left ctrlпјҢscan=-162пјҢstate=async_down=none; logical_down=none
[main][16:09:11.054] рҹ”Һ CtrlиЁәж–·event(segments-complete): type=upпјҢname=right ctrlпјҢscan=-163пјҢstate=async_down=none; logical_down=none
[paster][16:09:11] рҹҡ« CLIP guard armed: manual Ctrl+V suppressed
[paster][16:09:11] вҸұпёҸ ж”¶еҲ°вҶ’иІјдёҠе®ҢжҲҗ: 0.19s
[paster][16:09:11] рҹ“Ӣ CLIP restore wait: 0.30s
[paster][16:09:11] рҹ“Ӣ CLIP restore attempt 1/4: text='MarkItDown '
[paster][16:09:11] рҹ“Ӣ CLIP restore: restored=7/7, formats=49367:978B, 13:24B, 50188:24B, 50131:40B, 16:4B, 1:12B, 7:12B, text='MarkItDown '
[main][16:09:11.369] рҹ”Һ CtrlиЁәж–·probe(segments-complete/0.50s): async_down=none; logical_down=none
[paster][16:09:11] рҹ“Ӣ CLIP restore verify ok: attempt=1, text='MarkItDown '
[paster][16:09:11] рҹҡ« CLIP guard disarmed: blocked=0
[main][16:09:12.369] рҹ”Һ CtrlиЁәж–·probe(segments-complete/1.50s): async_down=none; logical_down=none
[paster][16:09:13] рҹ“Ӣ CLIP watchdog done: checks=11, repairs=0, ok=True, final='MarkItDown '
[paster][16:09:13] рҹ“Ӣ еүӘиІјз°ҝе·ІйӮ„еҺҹй©—иӯүпјҲ7 зЁ®ж јејҸпјҢrestore_ok=True, watch_ok=Trueпјү
[main][16:09:13.869] рҹ”Һ CtrlиЁәж–·probe(segments-complete/3.00s): async_down=none; logical_down=none
[main][16:09:15.899] рҹ”Һ CtrlиЁәж–·event(segments-complete): type=downпјҢname=right ctrlпјҢscan=29пјҢstate=async_down=none; logical_down=none
[main][16:09:15.988] рҹ”Һ CtrlиЁәж–·event(segments-complete): type=upпјҢname=right ctrlпјҢscan=29пјҢstate=async_down=Ctrl,LCtrl; logical_down=Ctrl,LCtrl
[main][16:09:16.869] рҹ”Һ CtrlиЁәж–·probe(segments-complete/6.00s): async_down=Ctrl,LCtrl; logical_down=Ctrl,LCtrl
[main][16:09:19.080] рҹ”Һ CtrlиЁәж–·event(segments-complete): type=downпјҢname=right ctrlпјҢscan=29пјҢstate=async_down=Ctrl,LCtrl; logical_down=Ctrl,LCtrl
[main][16:09:19.145] рҹ”Һ CtrlиЁәж–·event(segments-complete): type=upпјҢname=right ctrlпјҢscan=29пјҢstate=async_down=Ctrl,LCtrl; logical_down=Ctrl,LCtrl
[main][16:09:20.159] рҹ”Һ CtrlиЁәж–·event(segments-complete): type=downпјҢname=ctrlпјҢscan=29пјҢstate=async_down=Ctrl,LCtrl; logical_down=Ctrl,LCtrl
[main][16:09:20.234] рҹ”Һ CtrlиЁәж–·event(segments-complete): type=upпјҢname=ctrlпјҢscan=29пјҢstate=async_down=Ctrl,LCtrl; logical_down=Ctrl,LCtrl
[main][16:09:20.868] рҹ”Һ CtrlиЁәж–·probe(segments-complete/10.00s): async_down=none; logical_down=none
[main][16:09:22.870] рҹ”Һ CtrlиЁәж–·зөҗжқҹ(segments-complete): async_down=none; logical_down=none
[tap][dim]   [16:09:59.552] жҢҒзәҢ=27ms еі°еҖј=374 вң—ејұ
[tap][sample][16:09:59.587] жҢҒзәҢ=36ms еі°еҖј=730 вң“ рҹҺҜ ж•Іж“Ҡ #1
[tap][dim]   [16:09:59.615] жҢҒзәҢ=27ms еі°еҖј=509 вң—ејұ
[tap][dim]   [16:10:00.136] жҢҒзәҢ=72ms еі°еҖј=428 вң—ејұ
[tap]         рҹ’Ө ж•ІйәҘзӣЈиҒҪе·ІеҒңжӯў
[recorder][16:10:29] рҹ’Ө й җзҶұ stream е·Ій—ңй–ү
[0m