[main]          [01:55:42.955] LOG -> F:\Cursor\AI Whisper Next\logs\ai_whisper_20260608_015542_P8-32.current.log
[settings]      [01:55:42.956] config loaded from F:\Cursor\AI Whisper Next\config.json
[main]          [01:55:43.078] ✅ 快捷鍵 ctrl+f11（句號）、ctrl+f12（逗號）已註冊
[main]          [01:55:43.079] ✅ 主快捷鍵 2/2 已註冊 (Win32)
[main]          [01:55:43.080] ✅ 記憶快捷鍵 5/5 已註冊 (Win32)
[tap]           [01:55:43.133] 🎙️ 敲麥監聽已啟動
[main]          [01:55:43.134] 🔧 DIAG 關閉元件: (none)
[debug]         [01:55:43.178] 🔍 Debug server listening on 127.0.0.1:47643
[recorder][VAD] [01:55:43.377] 載入 Silero VAD 模型 (ONNX): F:\Cursor\AI Whisper Next\assets\silero_vad.onnx
[recorder][VAD] [01:55:43.490] Silero VAD 模型載入完成 (ONNX)
[test] ========================================
[test] Paste Test START
[paster]        [01:55:43.630] 📋 CLIP backup: count=7, formats=49377:2556B, 13:22B, 49991:24B, 49941:265B, 16:4B, 1:20B, 7:20B, text=' 低風險問題（精選）'
[paster]        [01:55:43.632] 📋 CLIP set attempt 1/4: chars=26, bytes=54, preview='AI_WHISPER_TEST_1780854943'
[paster]        [01:55:43.694] 📋 CLIP verify ok: attempt=1, chars=26, text='AI_WHISPER_TEST_1780'
[paster]        [01:55:43.709] 📋 CLIP backup: count=4, formats=13:54B, 16:4B, 1:27B, 7:27B, text='AI_WHISPER_TEST_1780'
[paster]        [01:55:43.720] 📋 CLIP set attempt 1/4: chars=16, bytes=34, preview='__RESTORE_TEST__'
[paster]        [01:55:43.789] 📋 CLIP verify ok: attempt=1, chars=16, text='__RESTORE_TEST__'
[paster]        [01:55:43.790] 📋 CLIP restore attempt 1/4: text='AI_WHISPER_TEST_1780'
[paster]        [01:55:43.790] 📋 CLIP restore: restored=4/4, formats=13:54B, 16:4B, 1:27B, 7:27B, text='AI_WHISPER_TEST_1780'
[paster]        [01:55:43.913] 📋 CLIP restore verify ok: attempt=1, text='AI_WHISPER_TEST_1780'
[paster]        [01:55:43.964] 📏 [UIA] 文字為空 → 不加句號
[paster]        [01:55:43.978] 🎯 PASTE: at_end=False, last_punct=False, add_prefix=False, prefix='', uia=38ms, final='TEST_PASTE'
[paster]        [01:55:43.987] ⌨️ TEXT input flow start: target_chars=10，視窗="Verifying Paste Test Coverage"，hwnd=0x015c200c，process=antigravity.exe，class=Chrome_WidgetWin_1，focus=('Message input', 'max-h-[300px] rounded-md cursor-text overflow-y-auto text-md p-2 outline-none transition-all duration-100 text-sm', '', 'ComboBoxControl')，verify_readable=True，keys_before=async_down=none; logical_down=none，text='TEST_PASTE'
[paster]        [01:55:43.989] ⌨️ 直接輸入前釋放修飾鍵: released=none，keys_after_release=async_down=none; logical_down=none
[paster]        [01:55:44.015] ⌨️ TEXT input done: ok=True，keys_after_send=async_down=none; logical_down=none
[paster]        [01:55:44.164] ⌨️ TEXT input verify: ok=False，reason=unchanged
[paster]        [01:55:44.164] ⚠️ TEXT input failed/unaccepted，fallback to clipboard Ctrl+V
[paster]        [01:55:44.165] 📋 CLIP flow start: target_chars=10, restore_delay=0.30s
[paster]        [01:55:44.166] 📋 CLIP backup: count=4, formats=13:54B, 16:4B, 1:27B, 7:27B, text='AI_WHISPER_TEST_1780'
[paster]        [01:55:44.166] 📋 CLIP set attempt 1/4: chars=10, bytes=22, preview='TEST_PASTE'
[paster]        [01:55:44.227] 📋 CLIP verify ok: attempt=1, chars=10, text='TEST_PASTE'
[paster]        [01:55:44.309] ⌨️ Ctrl+V 準備送出，cb_ok=True，視窗="Verifying Paste Test Coverage"，hwnd=0x015c200c，process=antigravity.exe，class=Chrome_WidgetWin_1，keys_before=async_down=none; logical_down=none，text='TEST_PASTE'
[paster]        [01:55:44.312] ⌨️ 貼上前釋放修飾鍵: released=none，restore_later=none，preserve_ctrl=False，keys_after_release=async_down=none; logical_down=none
[paster]        [01:55:44.317] ⌨️ Ctrl+V 已送出，keys_after_send=async_down=none; logical_down=none
[paster]        [01:55:44.456] 🚫 CLIP guard armed: manual Ctrl+V suppressed
[paster]        [01:55:44.456] 📋 CLIP restore wait: 0.30s
[transcriber]   [01:55:44.548] 🔌 HTTP 連線預熱完成 (1.39s)
