[main] LOG -> F:\Cursor\AI Whisper Next\logs\ai_whisper_20260517_210300.log
[settings] config loaded from F:\Cursor\AI Whisper Next\config.json
[main][21:03:00.774] ✅ 快捷鍵 ctrl+f12（句號）、ctrl+f11（逗號）已註冊
[main][21:03:00.775] ✅ 主快捷鍵 2/2 已註冊 (Win32)
[main][21:03:00.775] ✅ 記憶快捷鍵 5/5 已註冊 (Win32)
[tap]        [21:03:00.792] 🎙️ 敲麥監聽已啟動
[transcriber][21:03:02.453] 🔌 HTTP 連線預熱完成 (1.66s)
[recorder][VAD] 載入 Silero VAD 模型...
Using cache found in C:\Users\Administrator/.cache\torch\hub\snakers4_silero-vad_master
[tap][sample][21:03:02.791] 持續=99ms 峰值=12455 ✓ 🎯 敲擊 #1
[recorder][VAD] Silero VAD 模型載入完成
[tap][dim]   [21:03:05.708] 持續=37ms 峰值=380 ✗弱
[tap]         ⏱️ 間隔過長重置（3294ms）
[tap][sample][21:03:06.031] 持續=45ms 峰值=788 ✓ 🎯 敲擊 #1
[tap]         ⏱️ 間隔過長重置（639ms）
[tap][sample][21:03:06.724] 持續=99ms 峰值=10858 ✓ 🎯 敲擊 #1
[tap][sample][21:03:06.913] 持續=89ms 峰值=10531 ✓ 🎯 敲擊 #2
[tap][sample][21:03:07.111] 持續=90ms 峰值=9690 ✓ 🎯 敲擊 #3
[tap]        [21:03:07.111] 🔔 三連敲觸發（間隔 199ms / 197ms，一致性 0.99） 底噪=31/30 基線=918 CV=0.05 ZCR=0.115
[tap]        [21:03:07.199] 💤 敲麥監聽已停止
[recorder][21:03:07] ⏱️ InputStream() 21.3ms
[recorder][21:03:07] ⏱️ stream.start() 0.3ms
[recorder][21:03:07] 🎙️ 錄音就緒，總初始化 21.7ms
[main][21:03:07.222] ⏱️ recorder.start() 耗時 21.9ms，ok=True
[tap]        [21:03:07.764] 🎙️ 敲麥監聽已啟動
[main][21:03:07.770] 🎙️ 開始錄音
[recorder][21:03:07] 🎤 第一包音訊到達，麥克風實際開啟延遲 735.6ms
[tap][sample][21:03:09.054] 持續=63ms 峰值=9038 ✓ 🎯 敲擊 #1
[tap][dim]   [21:03:09.091] 持續=36ms 峰值=438 ✗弱
[tap][sample][21:03:09.279] 持續=99ms 峰值=10609 ✓ 🎯 敲擊 #2
[tap][sample][21:03:09.505] 持續=90ms 峰值=11009 ✓ 🎯 敲擊 #3
[tap]        [21:03:09.505] 🔔 三連敲觸發（間隔 189ms / 234ms，一致性 0.81） 底噪=42/66 基線=868 CV=0.08 ZCR=0.083
[main][21:03:09.507] ⏳ 預熱 idle 計時器啟動，10 分鐘後關閉麥克風
[recorder][VAD] Silero 語音幀 0/48 (0.0%)，有效語音 0.00s，信心閾值 0.6，最低比例 16%，最低語音 0.35s
[recorder][stop] ❌ VAD 未達有效語音門檻，不送出辨識（語音比例不足 0.0% < 16%）
[tap][sample][21:03:10.972] 持續=27ms 峰值=9561 ✓ 🎯 敲擊 #1
[tap][dim]   [21:03:11.007] 持續=35ms 峰值=426 ✗弱
[tap][sample][21:03:11.070] 持續=63ms 峰值=743 ✓ ⏱️ 防抖略過（距上次 63ms < 180ms）
[tap][sample][21:03:11.196] 持續=71ms 峰值=10847 ✓ 🎯 敲擊 #2
[tap][sample][21:03:11.259] 持續=36ms 峰值=1392 ✓ ⏱️ 防抖略過（距上次 98ms < 180ms）
[tap][sample][21:03:11.394] 持續=36ms 峰值=6346 ✓ 🎯 敲擊 #3
[tap]        [21:03:11.394] 🔔 三連敲觸發（間隔 181ms / 233ms，一致性 0.77） 底噪=0/29 基線=759 CV=0.21 ZCR=0.090
[tap]        [21:03:11.432] 💤 敲麥監聽已停止
[recorder][21:03:11] 🚀 預熱命中，直接開始錄音
[main][21:03:11.432] ⏱️ recorder.start() 耗時 0.2ms，ok=True
[tap]        [21:03:11.438] 🎙️ 敲麥監聽已啟動
[main][21:03:11.444] 🎙️ 開始錄音
[tap][dim]   [21:03:11.494] 持續=27ms 峰值=333 ✗弱
[tap][sample][21:03:12.457] 持續=27ms 峰值=638 ✓ 🎯 敲擊 #1
[tap][sample][21:03:12.709] 持續=27ms 峰值=941 ✓ 🎯 敲擊 #2
[tap][sample][21:03:12.933] 持續=27ms 峰值=1880 ✓ 🎯 敲擊 #3
[tap]        [21:03:12.933] 🔔 三連敲觸發（間隔 252ms / 225ms，一致性 0.89） 底噪=60/110 基線=113 CV=0.46 ZCR=0.100
[main][21:03:12.939] ⏳ 預熱 idle 計時器啟動，10 分鐘後關閉麥克風
[recorder][VAD] Silero 語音幀 0/47 (0.0%)，有效語音 0.00s，信心閾值 0.6，最低比例 16%，最低語音 0.35s
[recorder][stop] ❌ VAD 未達有效語音門檻，不送出辨識（語音比例不足 0.0% < 16%）
[tap][sample][21:03:14.310] 持續=36ms 峰值=1795 ✓ 🎯 敲擊 #1
[tap][sample][21:03:14.572] 持續=63ms 峰值=1306 ✓ 🎯 敲擊 #2
[tap][sample][21:03:14.787] 持續=27ms 峰值=1549 ✓ 🎯 敲擊 #3
[tap]        [21:03:14.787] 🔔 三連敲觸發（間隔 234ms / 252ms，一致性 0.93） 底噪=28/32 基線=155 CV=0.13 ZCR=0.109
[tap]        [21:03:14.840] 💤 敲麥監聽已停止
[recorder][21:03:14] 🚀 預熱命中，直接開始錄音
[main][21:03:14.840] ⏱️ recorder.start() 耗時 0.2ms，ok=True
[tap]        [21:03:14.843] 🎙️ 敲麥監聽已啟動
[main][21:03:14.847] 🎙️ 開始錄音
[recorder][VAD] Silero 語音幀 0/32 (0.0%)，有效語音 0.00s，信心閾值 0.6，最低比例 16%，最低語音 0.35s
[recorder][flush] ❌ VAD 未達有效語音門檻，略過（語音比例不足 0.0% < 16%）
[tap][sample][21:03:16.254] 持續=63ms 峰值=1180 ✓ 🎯 敲擊 #1
[tap][sample][21:03:16.480] 持續=45ms 峰值=1400 ✓ 🎯 敲擊 #2
[tap][sample][21:03:16.732] 持續=27ms 峰值=1969 ✓ 🎯 敲擊 #3
[tap]        [21:03:16.732] 🔔 三連敲觸發（間隔 243ms / 270ms，一致性 0.90） 底噪=38/88 基線=125 CV=0.22 ZCR=0.116
[main][21:03:16.737] ⏳ 預熱 idle 計時器啟動，10 分鐘後關閉麥克風
[recorder][VAD] Silero 語音幀 0/26 (0.0%)，有效語音 0.00s，信心閾值 0.6，最低比例 16%，最低語音 0.35s
[recorder][stop] ❌ VAD 未達有效語音門檻，不送出辨識（語音比例不足 0.0% < 16%）
[tap][sample][21:03:18.037] 持續=63ms 峰值=2786 ✓ 🎯 敲擊 #1
[tap][sample][21:03:18.271] 持續=72ms 峰值=1706 ✓ 🎯 敲擊 #2
[tap][dim]   [21:03:18.326] 持續=28ms 峰值=429 ✗弱
[tap][sample][21:03:18.487] 持續=27ms 峰值=3120 ✓ 🎯 敲擊 #3
[tap]        [21:03:18.487] 🔔 三連敲觸發（間隔 225ms / 261ms，一致性 0.86） 底噪=292/429 基線=233 CV=0.24 ZCR=0.107
[tap]        [21:03:18.530] 💤 敲麥監聽已停止
[recorder][21:03:18] 🚀 預熱命中，直接開始錄音
[main][21:03:18.530] ⏱️ recorder.start() 耗時 0.2ms，ok=True
[tap]        [21:03:18.533] 🎙️ 敲麥監聽已啟動
[main][21:03:18.537] 🎙️ 開始錄音
[tap][sample][21:03:19.531] 持續=72ms 峰值=10575 ✓ 🎯 敲擊 #1
[tap][dim]   [21:03:19.557] 持續=27ms 峰值=530 ✗弱
[tap][sample][21:03:19.621] 持續=63ms 峰值=1281 ✓ ⏱️ 防抖略過（距上次 99ms < 180ms）
[tap][sample][21:03:19.855] 持續=135ms 峰值=12697 ✓ 🎯 敲擊 #2
[tap][sample][21:03:20.071] 持續=162ms 峰值=11175 ✓ 🎯 敲擊 #3
[tap]        [21:03:20.071] 🔔 三連敲觸發（間隔 261ms / 189ms，一致性 0.72） 底噪=31/22 基線=1258 CV=0.08 ZCR=0.087
[main][21:03:20.074] ⏳ 預熱 idle 計時器啟動，10 分鐘後關閉麥克風
[recorder][VAD] Silero 語音幀 0/47 (0.0%)，有效語音 0.00s，信心閾值 0.6，最低比例 16%，最低語音 0.35s
[recorder][stop] ❌ VAD 未達有效語音門檻，不送出辨識（語音比例不足 0.0% < 16%）
[tap][sample][21:03:21.511] 持續=36ms 峰值=2071 ✓ 🎯 敲擊 #1
[tap][dim]   [21:03:21.637] 持續=72ms 峰值=527 ✗弱
[tap][sample][21:03:21.727] 持續=63ms 峰值=1787 ✓ 🎯 敲擊 #2
[tap]         ⏱️ 間隔過長重置（1251ms）
[tap][sample][21:03:22.951] 持續=36ms 峰值=618 ✓ 🎯 敲擊 #1
[tap][sample][21:03:23.140] 持續=21ms 峰值=1252 ✓ 🎯 敲擊 #2
[tap][sample][21:03:23.401] 持續=36ms 峰值=1144 ✓ 🎯 敲擊 #3
[tap]        [21:03:23.401] 🔔 三連敲觸發（間隔 204ms / 246ms，一致性 0.83） 底噪=39/36 基線=183 CV=0.28 ZCR=0.097
[tap]        [21:03:23.439] 💤 敲麥監聽已停止
[recorder][21:03:23] 🚀 預熱命中，直接開始錄音
[main][21:03:23.441] ⏱️ recorder.start() 耗時 0.9ms，ok=True
[tap]        [21:03:23.448] 🎙️ 敲麥監聽已啟動
[main][21:03:23.459] 🎙️ 開始錄音
[tap][dim]   [21:03:24.211] 持續=36ms 峰值=441 ✗弱
[tap][sample][21:03:24.625] 持續=125ms 峰值=14176 ✓ 🎯 敲擊 #1
[tap][sample][21:03:24.877] 持續=117ms 峰值=13695 ✓ 🎯 敲擊 #2
[tap][sample][21:03:25.111] 持續=124ms 峰值=13909 ✓ 🎯 敲擊 #3
[tap]        [21:03:25.111] 🔔 三連敲觸發（間隔 261ms / 227ms，一致性 0.87） 底噪=30/31 基線=2034 CV=0.01 ZCR=0.096
[main][21:03:25.114] ⏳ 預熱 idle 計時器啟動，10 分鐘後關閉麥克風
[recorder][VAD] Silero 語音幀 0/52 (0.0%)，有效語音 0.00s，信心閾值 0.6，最低比例 16%，最低語音 0.35s
[recorder][stop] ❌ VAD 未達有效語音門檻，不送出辨識（語音比例不足 0.0% < 16%）
[tap][sample][21:03:26.515] 持續=63ms 峰值=4915 ✓ 🎯 敲擊 #1
[tap][dim]   [21:03:26.604] 持續=27ms 峰值=558 ✗弱
[tap][sample][21:03:26.740] 持續=36ms 峰值=917 ✓ 🎯 敲擊 #2
[tap][dim]   [21:03:26.839] 持續=45ms 峰值=513 ✗弱
[tap][sample][21:03:27.000] 持續=72ms 峰值=4508 ✓ 🎯 敲擊 #3
[tap]        [21:03:27.000] 🔔 三連敲觸發（間隔 252ms / 225ms，一致性 0.89） 底噪=558/513 基線=582 CV=0.52 ZCR=0.099
[tap]        [21:03:27.038] 💤 敲麥監聽已停止
[recorder][21:03:27] 🚀 預熱命中，直接開始錄音
[main][21:03:27.038] ⏱️ recorder.start() 耗時 0.1ms，ok=True
[tap]        [21:03:27.041] 🎙️ 敲麥監聽已啟動
[main][21:03:27.044] 🎙️ 開始錄音
[tap][sample][21:03:27.108] 持續=27ms 峰值=700 ✓ 🎯 敲擊 #1
[tap]         ⏱️ 間隔過長重置（1053ms）
[tap][sample][21:03:28.197] 持續=63ms 峰值=1150 ✓ 🎯 敲擊 #1
[tap][sample][21:03:28.450] 持續=36ms 峰值=3032 ✓ 🎯 敲擊 #2
[tap][sample][21:03:28.738] 持續=63ms 峰值=2256 ✓ 🎯 敲擊 #3
[tap]        [21:03:28.738] 🔔 三連敲觸發（間隔 279ms / 261ms，一致性 0.94） 底噪=83/52 基線=228 CV=0.36 ZCR=0.100
[main][21:03:28.738] ⏳ 預熱 idle 計時器啟動，10 分鐘後關閉麥克風
[recorder][VAD] Silero 語音幀 0/52 (0.0%)，有效語音 0.00s，信心閾值 0.6，最低比例 16%，最低語音 0.35s
[recorder][stop] ❌ VAD 未達有效語音門檻，不送出辨識（語音比例不足 0.0% < 16%）
[tap][sample][21:03:30.537] 持續=135ms 峰值=12005 ✓ 🎯 敲擊 #1
[tap][sample][21:03:30.762] 持續=153ms 峰值=10403 ✓ 🎯 敲擊 #2
[tap][sample][21:03:30.988] 持續=135ms 峰值=9568 ✓ 🎯 敲擊 #3
[tap]        [21:03:30.988] 🔔 三連敲觸發（間隔 207ms / 243ms，一致性 0.85） 底噪=30/40 基線=902 CV=0.09 ZCR=0.096
[tap]        [21:03:31.024] 💤 敲麥監聽已停止
[recorder][21:03:31] 🚀 預熱命中，直接開始錄音
[main][21:03:31.025] ⏱️ recorder.start() 耗時 0.1ms，ok=True
[tap]        [21:03:31.028] 🎙️ 敲麥監聽已啟動
[main][21:03:31.032] 🎙️ 開始錄音
[recorder][VAD] Silero 語音幀 0/38 (0.0%)，有效語音 0.00s，信心閾值 0.6，最低比例 16%，最低語音 0.35s
[recorder][flush] ❌ VAD 未達有效語音門檻，略過（語音比例不足 0.0% < 16%）
[recorder][VAD] Silero 語音幀 0/37 (0.0%)，有效語音 0.00s，信心閾值 0.6，最低比例 16%，最低語音 0.35s
[recorder][flush] ❌ VAD 未達有效語音門檻，略過（語音比例不足 0.0% < 16%）
[tap][dim]   [21:03:34.066] 持續=36ms 峰值=357 ✗弱
[tap][sample][21:03:34.111] 持續=45ms 峰值=11247 ✓ 🎯 敲擊 #1
[tap][dim]   [21:03:34.137] 持續=27ms 峰值=496 ✗弱
[tap][sample][21:03:34.201] 持續=63ms 峰值=7703 ✓ ⏱️ 防抖略過（距上次 72ms < 180ms）
[tap][sample][21:03:34.390] 持續=90ms 峰值=11480 ✓ 🎯 敲擊 #2
[tap][sample][21:03:34.615] 持續=162ms 峰值=10012 ✓ ⏱️ 防抖略過（距上次 153ms < 180ms）
[recorder][VAD] Silero 語音幀 0/69 (0.0%)，有效語音 0.00s，信心閾值 0.6，最低比例 16%，最低語音 0.35s
[recorder][flush] ❌ VAD 未達有效語音門檻，略過（語音比例不足 0.0% < 16%）
[tap]         ⏱️ 間隔過長重置（1476ms）
[tap][sample][21:03:35.928] 持續=153ms 峰值=11556 ✓ 🎯 敲擊 #1
[tap][sample][21:03:36.100] 持續=108ms 峰值=10872 ✓ 🎯 敲擊 #2
[tap][dim]   [21:03:36.127] 持續=27ms 峰值=302 ✗弱
[tap][sample][21:03:36.352] 持續=126ms 峰值=11576 ✓ 🎯 敲擊 #3
[tap]        [21:03:36.352] 🔔 三連敲觸發（間隔 216ms / 234ms，一致性 0.92） 底噪=30/29 基線=1740 CV=0.03 ZCR=0.090
[main][21:03:36.353] ⏳ 預熱 idle 計時器啟動，10 分鐘後關閉麥克風
[recorder][stop] 錄音太短 (0.65s)，略過
[tap][sample][21:03:37.665] 持續=162ms 峰值=11568 ✓ 🎯 敲擊 #1
[tap][sample][21:03:37.855] 持續=135ms 峰值=11002 ✓ 🎯 敲擊 #2
[tap][sample][21:03:38.142] 持續=153ms 峰值=10696 ✓ 🎯 敲擊 #3
[tap]        [21:03:38.142] 🔔 三連敲觸發（間隔 216ms / 270ms，一致性 0.80） 底噪=22/36 基線=1705 CV=0.03 ZCR=0.097
[tap]        [21:03:38.179] 💤 敲麥監聽已停止
[recorder][21:03:38] 🚀 預熱命中，直接開始錄音
[main][21:03:38.179] ⏱️ recorder.start() 耗時 0.1ms，ok=True
[tap]        [21:03:38.182] 🎙️ 敲麥監聽已啟動
[main][21:03:38.185] 🎙️ 開始錄音
[tap][sample][21:03:39.465] 持續=162ms 峰值=8670 ✓ 🎯 敲擊 #1
[tap][sample][21:03:39.663] 持續=135ms 峰值=12390 ✓ 🎯 敲擊 #2
[tap][sample][21:03:39.916] 持續=126ms 峰值=10182 ✓ 🎯 敲擊 #3
[tap]        [21:03:39.916] 🔔 三連敲觸發（間隔 225ms / 261ms，一致性 0.86） 底噪=33/38 基線=1546 CV=0.15 ZCR=0.096
[main][21:03:39.916] ⏳ 預熱 idle 計時器啟動，10 分鐘後關閉麥克風
[recorder][VAD] Silero 語音幀 0/53 (0.0%)，有效語音 0.00s，信心閾值 0.6，最低比例 16%，最低語音 0.35s
[recorder][stop] ❌ VAD 未達有效語音門檻，不送出辨識（語音比例不足 0.0% < 16%）
[tap][sample][21:03:41.230] 持續=126ms 峰值=10976 ✓ 🎯 敲擊 #1
[tap][sample][21:03:41.455] 持續=135ms 峰值=8979 ✓ 🎯 敲擊 #2
[tap][sample][21:03:41.742] 持續=126ms 峰值=9574 ✓ 🎯 敲擊 #3
[tap]        [21:03:41.742] 🔔 三連敲觸發（間隔 216ms / 297ms，一致性 0.73） 底噪=30/38 基線=1705 CV=0.09 ZCR=0.090
[tap]        [21:03:41.779] 💤 敲麥監聽已停止
[recorder][21:03:41] 🚀 預熱命中，直接開始錄音
[main][21:03:41.780] ⏱️ recorder.start() 耗時 0.1ms，ok=True
[tap]        [21:03:41.782] 🎙️ 敲麥監聽已啟動
[main][21:03:41.785] 🎙️ 開始錄音
[recorder][VAD] Silero 語音幀 0/31 (0.0%)，有效語音 0.00s，信心閾值 0.6，最低比例 16%，最低語音 0.35s
[recorder][flush] ❌ VAD 未達有效語音門檻，略過（語音比例不足 0.0% < 16%）
[tap][sample][21:03:42.975] 持續=126ms 峰值=10406 ✓ 🎯 敲擊 #1
[tap][sample][21:03:43.218] 持續=117ms 峰值=10765 ✓ 🎯 敲擊 #2
[tap][sample][21:03:43.479] 持續=126ms 峰值=11009 ✓ 🎯 敲擊 #3
[tap]        [21:03:43.479] 🔔 三連敲觸發（間隔 252ms / 252ms，一致性 1.00） 底噪=32/35 基線=1379 CV=0.02 ZCR=0.100
[main][21:03:43.480] ⏳ 預熱 idle 計時器啟動，10 分鐘後關閉麥克風
[recorder][stop] 錄音太短 (0.68s)，略過
[tap][sample][21:03:44.604] 持續=63ms 峰值=9900 ✓ 🎯 敲擊 #1
[tap][dim]   [21:03:44.632] 持續=27ms 峰值=412 ✗弱
[tap][sample][21:03:44.658] 持續=27ms 峰值=630 ✓ ⏱️ 防抖略過（距上次 90ms < 180ms）
[tap][sample][21:03:44.893] 持續=126ms 峰值=10767 ✓ 🎯 敲擊 #2
[tap][sample][21:03:45.145] 持續=126ms 峰值=10497 ✓ 🎯 敲擊 #3
[tap]        [21:03:45.145] 🔔 三連敲觸發（間隔 225ms / 252ms，一致性 0.89） 底噪=26/34 基線=1394 CV=0.03 ZCR=0.102
[tap]        [21:03:45.199] 💤 敲麥監聽已停止
[recorder][21:03:45] 🚀 預熱命中，直接開始錄音
[main][21:03:45.200] ⏱️ recorder.start() 耗時 0.1ms，ok=True
[tap]        [21:03:45.202] 🎙️ 敲麥監聽已啟動
[main][21:03:45.206] 🎙️ 開始錄音
[tap][sample][21:03:46.206] 持續=45ms 峰值=733 ✓ 🎯 敲擊 #1
[tap][dim]   [21:03:46.422] 持續=27ms 峰值=310 ✗弱
[tap]         ⏱️ 間隔過長重置（477ms）
[tap][sample][21:03:46.684] 持續=45ms 峰值=1042 ✓ 🎯 敲擊 #1
[tap][dim]   [21:03:47.799] 持續=36ms 峰值=324 ✗弱
[recorder][VAD] Silero 語音幀 0/82 (0.0%)，有效語音 0.00s，信心閾值 0.6，最低比例 16%，最低語音 0.35s
[recorder][flush] ❌ VAD 未達有效語音門檻，略過（語音比例不足 0.0% < 16%）
[tap]         ⏱️ 間隔過長重置（1350ms）
[tap][sample][21:03:48.025] 持續=36ms 峰值=760 ✓ 🎯 敲擊 #1
[tap][dim]   [21:03:48.285] 持續=36ms 峰值=469 ✗弱
[tap][dim]   [21:03:49.330] 持續=27ms 峰值=525 ✗弱
[tap]         ⏱️ 間隔過長重置（1530ms）
[tap][sample][21:03:49.563] 持續=45ms 峰值=658 ✓ 🎯 敲擊 #1
[tap][dim]   [21:03:49.815] 持續=36ms 峰值=572 ✗弱
[recorder][VAD] Silero 語音幀 0/95 (0.0%)，有效語音 0.00s，信心閾值 0.6，最低比例 16%，最低語音 0.35s
[recorder][flush] ❌ VAD 未達有效語音門檻，略過（語音比例不足 0.0% < 16%）
[tap]         ⏱️ 間隔過長重置（1521ms）
[tap][sample][21:03:51.066] 持續=27ms 峰值=1978 ✓ 🎯 敲擊 #1
[tap][dim]   [21:03:51.319] 持續=36ms 峰值=392 ✗弱
[tap]         ⏱️ 間隔過長重置（477ms）
[tap][sample][21:03:51.579] 持續=63ms 峰值=1365 ✓ 🎯 敲擊 #1
[recorder][VAD] Silero 語音幀 0/56 (0.0%)，有效語音 0.00s，信心閾值 0.6，最低比例 16%，最低語音 0.35s
[recorder][flush] ❌ VAD 未達有效語音門檻，略過（語音比例不足 0.0% < 16%）
[tap][dim]   [21:03:52.822] 持續=63ms 峰值=532 ✗弱
[tap]         ⏱️ 間隔過長重置（1503ms）
[tap][sample][21:03:53.047] 持續=27ms 峰值=924 ✓ 🎯 敲擊 #1
[tap][sample][21:03:53.271] 持續=26ms 峰值=1114 ✓ 🎯 敲擊 #2
[recorder][VAD] Silero 語音幀 0/51 (0.0%)，有效語音 0.00s，信心閾值 0.6，最低比例 16%，最低語音 0.35s
[recorder][flush] ❌ VAD 未達有效語音門檻，略過（語音比例不足 0.0% < 16%）
[tap]         ⏱️ 間隔過長重置（1151ms）
[tap][sample][21:03:54.423] 持續=27ms 峰值=814 ✓ 🎯 敲擊 #1
[tap][dim]   [21:03:54.460] 持續=36ms 峰值=581 ✗弱
[tap][sample][21:03:54.685] 持續=72ms 峰值=1323 ✓ 🎯 敲擊 #2
[tap][sample][21:03:54.911] 持續=36ms 峰值=2138 ✓ 🎯 敲擊 #3
[tap]        [21:03:54.911] 🔔 三連敲觸發（間隔 216ms / 261ms，一致性 0.83） 底噪=107/151 基線=175 CV=0.38 ZCR=0.102
[main][21:03:54.914] ⏳ 預熱 idle 計時器啟動，10 分鐘後關閉麥克風
[recorder][stop] 錄音太短 (0.57s)，略過
[tap][dim]   [21:03:54.937] 持續=27ms 峰值=334 ✗弱
[tap][sample][21:03:56.629] 持續=63ms 峰值=9156 ✓ 🎯 敲擊 #1
[tap][dim]   [21:03:56.665] 持續=36ms 峰值=463 ✗弱
[tap][sample][21:03:56.692] 持續=27ms 峰值=859 ✓ ⏱️ 防抖略過（距上次 99ms < 180ms）
[tap][sample][21:03:56.926] 持續=126ms 峰值=11679 ✓ 🎯 敲擊 #2
[tap][sample][21:03:57.079] 持續=64ms 峰值=8405 ✓ 🎯 敲擊 #3
[tap]        [21:03:57.079] 🔔 三連敲觸發（間隔 234ms / 216ms，一致性 0.92） 底噪=68/27 基線=709 CV=0.14 ZCR=0.118
[tap]        [21:03:57.130] 💤 敲麥監聽已停止
[recorder][21:03:57] 🚀 預熱命中，直接開始錄音
[main][21:03:57.131] ⏱️ recorder.start() 耗時 1.0ms，ok=True
[tap]        [21:03:57.146] 🎙️ 敲麥監聽已啟動
[main][21:03:57.151] 🎙️ 開始錄音
[recorder][VAD] Silero 語音幀 0/32 (0.0%)，有效語音 0.00s，信心閾值 0.6，最低比例 16%，最低語音 0.35s
[recorder][flush] ❌ VAD 未達有效語音門檻，略過（語音比例不足 0.0% < 16%）
[tap][sample][21:03:58.717] 持續=135ms 峰值=12716 ✓ 🎯 敲擊 #1
[tap][sample][21:03:58.941] 持續=126ms 峰值=14052 ✓ 🎯 敲擊 #2
[tap][sample][21:03:59.103] 持續=72ms 峰值=10191 ✓ 🎯 敲擊 #3
[tap]        [21:03:59.103] 🔔 三連敲觸發（間隔 234ms / 216ms，一致性 0.92） 底噪=61/33 基線=1293 CV=0.13 ZCR=0.125
[main][21:03:59.105] ⏳ 預熱 idle 計時器啟動，10 分鐘後關閉麥克風
[recorder][VAD] Silero 語音幀 0/29 (0.0%)，有效語音 0.00s，信心閾值 0.6，最低比例 16%，最低語音 0.35s
[recorder][stop] ❌ VAD 未達有效語音門檻，不送出辨識（語音比例不足 0.0% < 16%）
[tap][dim]   [21:03:59.140] 持續=36ms 峰值=454 ✗弱
[tap][sample][21:03:59.194] 持續=55ms 峰值=1889 ✓ 🎯 敲擊 #1
[tap]         ⏱️ 間隔過長重置（1440ms）
[tap][sample][21:04:00.634] 持續=54ms 峰值=9641 ✓ 🎯 敲擊 #1
[tap][dim]   [21:04:00.707] 持續=36ms 峰值=532 ✗弱
[tap][dim]   [21:04:00.822] 持續=26ms 峰值=346 ✗弱
[tap][sample][21:04:00.858] 持續=36ms 峰值=3741 ✓ 🎯 敲擊 #2
[tap][dim]   [21:04:00.949] 持續=27ms 峰值=458 ✗弱
[tap][sample][21:04:01.084] 持續=27ms 峰值=3183 ✓ 🎯 敲擊 #3
[tap]        [21:04:01.084] 🔔 三連敲觸發（間隔 243ms / 234ms，一致性 0.96） 底噪=532/458 基線=391 CV=0.53 ZCR=0.124
[tap]        [21:04:01.129] 💤 敲麥監聽已停止
[recorder][21:04:01] 🚀 預熱命中，直接開始錄音
[main][21:04:01.130] ⏱️ recorder.start() 耗時 0.2ms，ok=True
[tap]        [21:04:01.133] 🎙️ 敲麥監聽已啟動
[main][21:04:01.136] 🎙️ 開始錄音
[recorder][VAD] Silero 語音幀 0/31 (0.0%)，有效語音 0.00s，信心閾值 0.6，最低比例 16%，最低語音 0.35s
[recorder][flush] ❌ VAD 未達有效語音門檻，略過（語音比例不足 0.0% < 16%）
[tap][sample][21:04:02.451] 持續=72ms 峰值=1518 ✓ 🎯 敲擊 #1
[tap][sample][21:04:02.677] 持續=27ms 峰值=2238 ✓ 🎯 敲擊 #2
[tap][sample][21:04:02.929] 持續=63ms 峰值=2449 ✓ 🎯 敲擊 #3
[tap]        [21:04:02.929] 🔔 三連敲觸發（間隔 270ms / 216ms，一致性 0.80） 底噪=55/55 基線=193 CV=0.19 ZCR=0.116
[main][21:04:02.930] ⏳ 預熱 idle 計時器啟動，10 分鐘後關閉麥克風
[recorder][VAD] Silero 語音幀 0/25 (0.0%)，有效語音 0.00s，信心閾值 0.6，最低比例 16%，最低語音 0.35s
[recorder][stop] ❌ VAD 未達有效語音門檻，不送出辨識（語音比例不足 0.0% < 16%）
[tap][sample][21:04:03.190] 持續=36ms 峰值=686 ✓ 🎯 敲擊 #1
[tap]         ⏱️ 間隔過長重置（2178ms）
[tap][sample][21:04:05.359] 持續=27ms 峰值=2872 ✓ 🎯 敲擊 #1
[tap][sample][21:04:05.584] 持續=27ms 峰值=2170 ✓ 🎯 敲擊 #2
[tap][sample][21:04:05.773] 持續=27ms 峰值=3691 ✓ 🎯 敲擊 #3
[tap]        [21:04:05.773] 🔔 三連敲觸發（間隔 225ms / 189ms，一致性 0.84） 底噪=193/121 基線=188 CV=0.21 ZCR=0.104
[tap]        [21:04:05.825] 💤 敲麥監聽已停止
[recorder][21:04:05] 🚀 預熱命中，直接開始錄音
[main][21:04:05.825] ⏱️ recorder.start() 耗時 0.1ms，ok=True
[tap]        [21:04:05.828] 🎙️ 敲麥監聽已啟動
[main][21:04:05.832] 🎙️ 開始錄音
[recorder][VAD] Silero 語音幀 0/32 (0.0%)，有效語音 0.00s，信心閾值 0.6，最低比例 16%，最低語音 0.35s
[recorder][flush] ❌ VAD 未達有效語音門檻，略過（語音比例不足 0.0% < 16%）
[tap][sample][21:04:06.943] 持續=27ms 峰值=1717 ✓ 🎯 敲擊 #1
[tap][sample][21:04:07.176] 持續=27ms 峰值=1415 ✓ 🎯 敲擊 #2
[tap][sample][21:04:07.393] 持續=27ms 峰值=1972 ✓ 🎯 敲擊 #3
[tap]        [21:04:07.393] 🔔 三連敲觸發（間隔 234ms / 216ms，一致性 0.92） 底噪=40/53 基線=145 CV=0.13 ZCR=0.102
[main][21:04:07.394] ⏳ 預熱 idle 計時器啟動，10 分鐘後關閉麥克風
[recorder][stop] 錄音太短 (0.55s)，略過
[tap][sample][21:04:09.545] 持續=45ms 峰值=2084 ✓ 🎯 敲擊 #1
[tap][dim]   [21:04:09.634] 持續=27ms 峰值=399 ✗弱
[tap][sample][21:04:09.796] 持續=62ms 峰值=3184 ✓ 🎯 敲擊 #2
[tap][sample][21:04:09.984] 持續=36ms 峰值=3770 ✓ 🎯 敲擊 #3
[tap]        [21:04:09.984] 🔔 三連敲觸發（間隔 235ms / 215ms，一致性 0.91） 底噪=399/261 基線=204 CV=0.23 ZCR=0.128
[tap]        [21:04:10.042] 💤 敲麥監聽已停止
[recorder][21:04:10] 🚀 預熱命中，直接開始錄音
[main][21:04:10.042] ⏱️ recorder.start() 耗時 0.3ms，ok=True
[tap]        [21:04:10.050] 🎙️ 敲麥監聽已啟動
[main][21:04:10.055] 🎙️ 開始錄音
[recorder][VAD] Silero 語音幀 0/31 (0.0%)，有效語音 0.00s，信心閾值 0.6，最低比例 16%，最低語音 0.35s
[recorder][flush] ❌ VAD 未達有效語音門檻，略過（語音比例不足 0.0% < 16%）
[tap][sample][21:04:11.326] 持續=36ms 峰值=2726 ✓ 🎯 敲擊 #1
[tap][sample][21:04:11.587] 持續=64ms 峰值=2217 ✓ 🎯 敲擊 #2
[tap][sample][21:04:11.803] 持續=27ms 峰值=4217 ✓ 🎯 敲擊 #3
[tap]        [21:04:11.803] 🔔 三連敲觸發（間隔 234ms / 253ms，一致性 0.93） 底噪=150/227 基線=230 CV=0.28 ZCR=0.134
[main][21:04:11.805] ⏳ 預熱 idle 計時器啟動，10 分鐘後關閉麥克風
[recorder][stop] 錄音太短 (0.75s)，略過
[tap][sample][21:04:13.316] 持續=72ms 峰值=3454 ✓ 🎯 敲擊 #1
[tap][sample][21:04:13.540] 持續=35ms 峰值=3287 ✓ 🎯 敲擊 #2
[tap][sample][21:04:13.766] 持續=45ms 峰值=2458 ✓ 🎯 敲擊 #3
[tap]        [21:04:13.766] 🔔 三連敲觸發（間隔 261ms / 216ms，一致性 0.83） 底噪=170/190 基線=293 CV=0.14 ZCR=0.122
[tap]        [21:04:13.810] 💤 敲麥監聽已停止
[recorder][21:04:13] 🚀 預熱命中，直接開始錄音
[main][21:04:13.811] ⏱️ recorder.start() 耗時 0.3ms，ok=True
[tap]        [21:04:13.817] 🎙️ 敲麥監聽已啟動
[main][21:04:13.820] 🎙️ 開始錄音
[tap][sample][21:04:14.017] 持續=44ms 峰值=851 ✓ 🎯 敲擊 #1
[recorder][VAD] Silero 語音幀 0/38 (0.0%)，有效語音 0.00s，信心閾值 0.6，最低比例 16%，最低語音 0.35s
[recorder][flush] ❌ VAD 未達有效語音門檻，略過（語音比例不足 0.0% < 16%）
[tap]         ⏱️ 間隔過長重置（1862ms）
[tap][sample][21:04:15.889] 持續=54ms 峰值=9838 ✓ 🎯 敲擊 #1
[tap][dim]   [21:04:15.934] 持續=45ms 峰值=534 ✗弱
[tap][sample][21:04:15.971] 持續=37ms 峰值=830 ✓ ⏱️ 防抖略過（距上次 99ms < 180ms）
[tap][sample][21:04:16.185] 持續=125ms 峰值=10656 ✓ 🎯 敲擊 #2
[tap][sample][21:04:16.420] 持續=135ms 峰值=9245 ✓ 🎯 敲擊 #3
[tap]        [21:04:16.420] 🔔 三連敲觸發（間隔 225ms / 225ms，一致性 1.00） 底噪=26/30 基線=952 CV=0.06 ZCR=0.129
[main][21:04:16.422] ⏳ 預熱 idle 計時器啟動，10 分鐘後關閉麥克風
[recorder][VAD] Silero 語音幀 0/43 (0.0%)，有效語音 0.00s，信心閾值 0.6，最低比例 16%，最低語音 0.35s
[recorder][stop] ❌ VAD 未達有效語音門檻，不送出辨識（語音比例不足 0.0% < 16%）
[tap][sample][21:04:18.013] 持續=35ms 峰值=1727 ✓ 🎯 敲擊 #1
[tap][dim]   [21:04:18.039] 持續=27ms 峰值=376 ✗弱
[tap][sample][21:04:18.228] 持續=26ms 峰值=1568 ✓ 🎯 敲擊 #2
[tap][sample][21:04:18.490] 持續=36ms 峰值=1670 ✓ 🎯 敲擊 #3
[tap]        [21:04:18.490] 🔔 三連敲觸發（間隔 225ms / 251ms，一致性 0.90） 底噪=63/105 基線=127 CV=0.04 ZCR=0.153
[tap]        [21:04:18.538] 💤 敲麥監聽已停止
[recorder][21:04:18] 🚀 預熱命中，直接開始錄音
[main][21:04:18.539] ⏱️ recorder.start() 耗時 0.5ms，ok=True
[tap]        [21:04:18.545] 🎙️ 敲麥監聽已啟動
[main][21:04:18.549] 🎙️ 開始錄音
[recorder][VAD] Silero 語音幀 0/31 (0.0%)，有效語音 0.00s，信心閾值 0.6，最低比例 16%，最低語音 0.35s
[recorder][flush] ❌ VAD 未達有效語音門檻，略過（語音比例不足 0.0% < 16%）
[tap][sample][21:04:20.883] 持續=135ms 峰值=12130 ✓ 🎯 敲擊 #1
[tap][sample][21:04:21.073] 持續=126ms 峰值=7554 ✗長
[tap]         ⏱️ 間隔過長重置（423ms）
[tap][sample][21:04:21.307] 持續=135ms 峰值=9231 ✓ 🎯 敲擊 #1
[tap][dim]   [21:04:21.334] 持續=28ms 峰值=510 ✗弱
[recorder][VAD] Silero 語音幀 0/88 (0.0%)，有效語音 0.00s，信心閾值 0.6，最低比例 16%，最低語音 0.35s
[recorder][flush] ❌ VAD 未達有效語音門檻，略過（語音比例不足 0.0% < 16%）
[tap]         ⏱️ 間隔過長重置（1467ms）
[tap][sample][21:04:22.675] 持續=36ms 峰值=3112 ✓ 🎯 敲擊 #1
[tap][sample][21:04:22.937] 持續=73ms 峰值=2074 ✓ 🎯 敲擊 #2
[tap][dim]   [21:04:22.962] 持續=25ms 峰值=316 ✗弱
[tap][sample][21:04:23.124] 持續=36ms 峰值=5208 ✓ 🎯 敲擊 #3
[tap]        [21:04:23.124] 🔔 三連敲觸發（間隔 226ms / 224ms，一致性 0.99） 底噪=80/171 基線=583 CV=0.38 ZCR=0.136
[main][21:04:23.126] ⏳ 預熱 idle 計時器啟動，10 分鐘後關閉麥克風
[recorder][stop] 錄音太短 (0.73s)，略過
[tap][dim]   [21:04:23.152] 持續=27ms 峰值=365 ✗弱
[tap][sample][21:04:24.790] 持續=63ms 峰值=1677 ✓ 🎯 敲擊 #1
[tap][sample][21:04:24.979] 持續=35ms 峰值=5580 ✓ 🎯 敲擊 #2
[tap][sample][21:04:25.240] 持續=62ms 峰值=6035 ✓ 🎯 敲擊 #3
[tap]        [21:04:25.240] 🔔 三連敲觸發（間隔 216ms / 234ms，一致性 0.92） 底噪=41/176 基線=323 CV=0.44 ZCR=0.158
[tap]        [21:04:25.280] 💤 敲麥監聽已停止
[recorder][21:04:25] 🚀 預熱命中，直接開始錄音
[main][21:04:25.281] ⏱️ recorder.start() 耗時 0.2ms，ok=True
[tap]        [21:04:25.285] 🎙️ 敲麥監聽已啟動
[main][21:04:25.290] 🎙️ 開始錄音
[recorder][VAD] Silero 語音幀 0/31 (0.0%)，有效語音 0.00s，信心閾值 0.6，最低比例 16%，最低語音 0.35s
[recorder][flush] ❌ VAD 未達有效語音門檻，略過（語音比例不足 0.0% < 16%）
[tap][sample][21:04:27.040] 持續=53ms 峰值=3034 ✓ 🎯 敲擊 #1
[tap][sample][21:04:27.275] 持續=73ms 峰值=5364 ✓ 🎯 敲擊 #2
[tap][dim]   [21:04:27.337] 持續=28ms 峰值=524 ✗弱
[tap][sample][21:04:27.490] 持續=27ms 峰值=5440 ✓ 🎯 敲擊 #3
[tap]        [21:04:27.490] 🔔 三連敲觸發（間隔 215ms / 261ms，一致性 0.82） 底噪=191/524 基線=320 CV=0.24 ZCR=0.131
[main][21:04:27.492] ⏳ 預熱 idle 計時器啟動，10 分鐘後關閉麥克風
[recorder][VAD] Silero 語音幀 0/37 (0.0%)，有效語音 0.00s，信心閾值 0.6，最低比例 16%，最低語音 0.35s
[recorder][stop] ❌ VAD 未達有效語音門檻，不送出辨識（語音比例不足 0.0% < 16%）
[tap][sample][21:04:29.200] 持續=80ms 峰值=2610 ✓ 🎯 敲擊 #1
[tap][sample][21:04:29.415] 持續=63ms 峰值=3496 ✓ 🎯 敲擊 #2
[tap][sample][21:04:29.605] 持續=36ms 峰值=6290 ✓ 🎯 敲擊 #3
[tap]        [21:04:29.605] 🔔 三連敲觸發（間隔 233ms / 216ms，一致性 0.93） 底噪=238/93 基線=263 CV=0.38 ZCR=0.117
[tap]        [21:04:29.659] 💤 敲麥監聽已停止
[recorder][21:04:29] 🚀 預熱命中，直接開始錄音
[main][21:04:29.660] ⏱️ recorder.start() 耗時 0.3ms，ok=True
[tap]        [21:04:29.665] 🎙️ 敲麥監聽已啟動
[main][21:04:29.671] 🎙️ 開始錄音
[tap][dim]   [21:04:29.740] 持續=36ms 峰值=316 ✗弱
[recorder][VAD] Silero 語音幀 0/38 (0.0%)，有效語音 0.00s，信心閾值 0.6，最低比例 16%，最低語音 0.35s
[recorder][flush] ❌ VAD 未達有效語音門檻，略過（語音比例不足 0.0% < 16%）
[tap][sample][21:04:31.549] 持續=126ms 峰值=8521 ✓ 🎯 敲擊 #1
[tap][sample][21:04:31.783] 持續=99ms 峰值=10500 ✓ 🎯 敲擊 #2
[tap][sample][21:04:31.973] 持續=73ms 峰值=9704 ✓ 🎯 敲擊 #3
[tap]        [21:04:31.973] 🔔 三連敲觸發（間隔 261ms / 216ms，一致性 0.83） 底噪=35/37 基線=720 CV=0.08 ZCR=0.122
[main][21:04:31.974] ⏳ 預熱 idle 計時器啟動，10 分鐘後關閉麥克風
[recorder][VAD] Silero 語音幀 0/33 (0.0%)，有效語音 0.00s，信心閾值 0.6，最低比例 16%，最低語音 0.35s
[recorder][stop] ❌ VAD 未達有效語音門檻，不送出辨識（語音比例不足 0.0% < 16%）
[tap][sample][21:04:32.034] 持續=36ms 峰值=842 ✓ 🎯 敲擊 #1
[tap][dim]   [21:04:33.735] 持續=35ms 峰值=501 ✗弱
[tap]         ⏱️ 間隔過長重置（1737ms）
[tap][sample][21:04:33.790] 持續=54ms 峰值=10220 ✓ 🎯 敲擊 #1
[tap][dim]   [21:04:33.826] 持續=36ms 峰值=544 ✗弱
[tap][sample][21:04:33.861] 持續=36ms 峰值=670 ✓ ⏱️ 防抖略過（距上次 90ms < 180ms）
[tap][sample][21:04:34.023] 持續=71ms 峰值=10501 ✓ 🎯 敲擊 #2
[tap][dim]   [21:04:34.060] 持續=36ms 峰值=531 ✗弱
[tap][sample][21:04:34.087] 持續=27ms 峰值=705 ✓ ⏱️ 防抖略過（距上次 108ms < 180ms）
[tap][sample][21:04:34.213] 持續=27ms 峰值=8080 ✓ 🎯 敲擊 #3
[tap]        [21:04:34.213] 🔔 三連敲觸發（間隔 217ms / 234ms，一致性 0.93） 底噪=0/28 基線=609 CV=0.11 ZCR=0.120
[tap]        [21:04:34.249] 💤 敲麥監聽已停止
[recorder][21:04:34] 🚀 預熱命中，直接開始錄音
[main][21:04:34.250] ⏱️ recorder.start() 耗時 0.1ms，ok=True
[tap]        [21:04:34.252] 🎙️ 敲麥監聽已啟動
[main][21:04:34.257] 🎙️ 開始錄音
[tap][sample][21:04:34.330] 持續=36ms 峰值=615 ✓ 🎯 敲擊 #1
[recorder][VAD] Silero 語音幀 0/38 (0.0%)，有效語音 0.00s，信心閾值 0.6，最低比例 16%，最低語音 0.35s
[recorder][flush] ❌ VAD 未達有效語音門檻，略過（語音比例不足 0.0% < 16%）
[recorder][VAD] Silero 語音幀 0/31 (0.0%)，有效語音 0.00s，信心閾值 0.6，最低比例 16%，最低語音 0.35s
[recorder][flush] ❌ VAD 未達有效語音門檻，略過（語音比例不足 0.0% < 16%）
[tap]         ⏱️ 間隔過長重置（2430ms）
[tap][sample][21:04:36.787] 持續=64ms 峰值=1572 ✓ 🎯 敲擊 #1
[tap][sample][21:04:37.011] 持續=36ms 峰值=1529 ✓ 🎯 敲擊 #2
[tap][dim]   [21:04:37.039] 持續=27ms 峰值=340 ✗弱
[tap][sample][21:04:37.237] 持續=27ms 峰值=2987 ✓ 🎯 敲擊 #3
[tap]        [21:04:37.237] 🔔 三連敲觸發（間隔 252ms / 234ms，一致性 0.93） 底噪=117/68 基線=156 CV=0.33 ZCR=0.132
[main][21:04:37.241] ⏳ 預熱 idle 計時器啟動，10 分鐘後關閉麥克風
[recorder][stop] 錄音太短 (0.75s)，略過
[tap][dim]   [21:04:37.264] 持續=27ms 峰值=581 ✗弱
[tap][sample][21:04:39.101] 持續=81ms 峰值=8317 ✓ 🎯 敲擊 #1
[tap][sample][21:04:39.154] 持續=26ms 峰值=1260 ✓ ⏱️ 防抖略過（距上次 109ms < 180ms）
[tap][sample][21:04:39.316] 持續=36ms 峰值=4334 ✓ 🎯 敲擊 #2
[tap][sample][21:04:39.370] 持續=27ms 峰值=754 ✓ ⏱️ 防抖略過（距上次 63ms < 180ms）
[tap][sample][21:04:39.532] 持續=27ms 峰值=4786 ✓ 🎯 敲擊 #3
[tap]        [21:04:39.532] 🔔 三連敲觸發（間隔 261ms / 226ms，一致性 0.87） 底噪=0/29 基線=379 CV=0.31 ZCR=0.133
[tap]        [21:04:39.591] 💤 敲麥監聽已停止
[recorder][21:04:39] 🚀 預熱命中，直接開始錄音
[main][21:04:39.593] ⏱️ recorder.start() 耗時 1.5ms，ok=True
[tap]        [21:04:39.604] 🎙️ 敲麥監聽已啟動
[main][21:04:39.611] 🎙️ 開始錄音
[recorder][VAD] Silero 語音幀 0/32 (0.0%)，有效語音 0.00s，信心閾值 0.6，最低比例 16%，最低語音 0.35s
[recorder][flush] ❌ VAD 未達有效語音門檻，略過（語音比例不足 0.0% < 16%）
[recorder][VAD] Silero 語音幀 0/38 (0.0%)，有效語音 0.00s，信心閾值 0.6，最低比例 16%，最低語音 0.35s
[recorder][flush] ❌ VAD 未達有效語音門檻，略過（語音比例不足 0.0% < 16%）
[tap][sample][21:04:42.205] 持續=135ms 峰值=5958 ✗長
[tap][sample][21:04:42.394] 持續=98ms 峰值=9247 ✓ 🎯 敲擊 #1
[tap][sample][21:04:42.612] 持續=125ms 峰值=10023 ✓ 🎯 敲擊 #2
[recorder][VAD] Silero 語音幀 0/56 (0.0%)，有效語音 0.00s，信心閾值 0.6，最低比例 16%，最低語音 0.35s
[recorder][flush] ❌ VAD 未達有效語音門檻，略過（語音比例不足 0.0% < 16%）
[tap]         ⏱️ 間隔過長重置（1412ms）
[tap][sample][21:04:44.085] 持續=189ms 峰值=10655 ✓ 🎯 敲擊 #1
[tap][sample][21:04:44.239] 持續=90ms 峰值=11357 ✓ 🎯 敲擊 #2
[tap][sample][21:04:44.500] 持續=126ms 峰值=10708 ✓ 🎯 敲擊 #3
[tap]        [21:04:44.500] 🔔 三連敲觸發（間隔 252ms / 225ms，一致性 0.90） 底噪=119/31 基線=1540 CV=0.03 ZCR=0.103
[main][21:04:44.501] ⏳ 預熱 idle 計時器啟動，10 分鐘後關閉麥克風
[recorder][VAD] Silero 語音幀 0/26 (0.0%)，有效語音 0.00s，信心閾值 0.6，最低比例 16%，最低語音 0.35s
[recorder][stop] ❌ VAD 未達有效語音門檻，不送出辨識（語音比例不足 0.0% < 16%）
[tap][dim]   [21:04:44.536] 持續=36ms 峰值=593 ✗弱
[tap][sample][21:04:46.075] 持續=189ms 峰值=10984 ✓ 🎯 敲擊 #1
[tap][sample][21:04:46.264] 持續=162ms 峰值=9563 ✓ 🎯 敲擊 #2
[tap][sample][21:04:46.524] 持續=198ms 峰值=8471 ✗長
[tap]         ⏱️ 間隔過長重置（1764ms）
[tap][sample][21:04:48.019] 持續=153ms 峰值=10547 ✓ 🎯 敲擊 #1
[tap][dim]   [21:04:48.055] 持續=36ms 峰值=358 ✗弱
[tap][sample][21:04:48.281] 持續=127ms 峰值=10540 ✓ 🎯 敲擊 #2
[tap][sample][21:04:48.605] 持續=198ms 峰值=9292 ✗長
[tap]         ⏱️ 間隔過長重置（1656ms）
[tap][sample][21:04:49.882] 持續=72ms 峰值=10541 ✓ 🎯 敲擊 #1
[tap][sample][21:04:49.972] 持續=63ms 峰值=8411 ✓ ⏱️ 防抖略過（距上次 99ms < 180ms）
[tap][sample][21:04:50.206] 持續=126ms 峰值=10782 ✓ 🎯 敲擊 #2
[tap][sample][21:04:50.422] 持續=126ms 峰值=9016 ✓ 🎯 敲擊 #3
[tap]        [21:04:50.422] 🔔 三連敲觸發（間隔 270ms / 216ms，一致性 0.80） 底噪=34/28 基線=1346 CV=0.08 ZCR=0.114
[tap]        [21:04:50.465] 💤 敲麥監聽已停止
[recorder][21:04:50] 🚀 預熱命中，直接開始錄音
[main][21:04:50.466] ⏱️ recorder.start() 耗時 0.2ms，ok=True
[tap]        [21:04:50.469] 🎙️ 敲麥監聽已啟動
[main][21:04:50.473] 🎙️ 開始錄音
[recorder][VAD] Silero 語音幀 0/32 (0.0%)，有效語音 0.00s，信心閾值 0.6，最低比例 16%，最低語音 0.35s
[recorder][flush] ❌ VAD 未達有效語音門檻，略過（語音比例不足 0.0% < 16%）
[tap][sample][21:04:52.160] 持續=153ms 峰值=12790 ✓ 🎯 敲擊 #1
[tap][dim]   [21:04:52.269] 持續=44ms 峰值=383 ✗弱
[tap][sample][21:04:52.384] 持續=116ms 峰值=12390 ✓ 🎯 敲擊 #2
[tap][sample][21:04:52.672] 持續=162ms 峰值=9875 ✓ 🎯 敲擊 #3
[tap]        [21:04:52.672] 🔔 三連敲觸發（間隔 261ms / 242ms，一致性 0.93） 底噪=383/30 基線=1348 CV=0.11 ZCR=0.127
[main][21:04:52.673] ⏳ 預熱 idle 計時器啟動，10 分鐘後關閉麥克風
[recorder][VAD] Silero 語音幀 0/37 (0.0%)，有效語音 0.00s，信心閾值 0.6，最低比例 16%，最低語音 0.35s
[recorder][stop] ❌ VAD 未達有效語音門檻，不送出辨識（語音比例不足 0.0% < 16%）
[tap][sample][21:04:54.624] 持續=90ms 峰值=11189 ✓ 🎯 敲擊 #1
[tap][sample][21:04:54.886] 持續=99ms 峰值=10844 ✓ 🎯 敲擊 #2
[tap][sample][21:04:55.173] 持續=135ms 峰值=12688 ✓ 🎯 敲擊 #3
[tap]        [21:04:55.173] 🔔 三連敲觸發（間隔 252ms / 252ms，一致性 1.00） 底噪=88/31 基線=1201 CV=0.07 ZCR=0.118
[tap]        [21:04:55.219] 💤 敲麥監聽已停止
[recorder][21:04:55] 🚀 預熱命中，直接開始錄音
[main][21:04:55.220] ⏱️ recorder.start() 耗時 0.3ms，ok=True
[tap]        [21:04:55.223] 🎙️ 敲麥監聽已啟動
[main][21:04:55.227] 🎙️ 開始錄音
[recorder][VAD] Silero 語音幀 0/31 (0.0%)，有效語音 0.00s，信心閾值 0.6，最低比例 16%，最低語音 0.35s
[recorder][flush] ❌ VAD 未達有效語音門檻，略過（語音比例不足 0.0% < 16%）
[tap][sample][21:04:56.865] 持續=36ms 峰值=4298 ✓ 🎯 敲擊 #1
[tap][sample][21:04:57.145] 持續=63ms 峰值=1954 ✓ 🎯 敲擊 #2
[tap][dim]   [21:04:58.207] 持續=27ms 峰值=345 ✗弱
[tap][dim]   [21:04:58.423] 持續=27ms 峰值=570 ✗弱
[tap]         ⏱️ 間隔過長重置（1575ms）
[tap][sample][21:04:58.684] 持續=27ms 峰值=952 ✓ 🎯 敲擊 #1
[tap]         ⏱️ 間隔過長重置（1017ms）
[tap][sample][21:04:59.710] 持續=36ms 峰值=864 ✓ 🎯 敲擊 #1
[tap][dim]   [21:04:59.962] 持續=27ms 峰值=369 ✗弱
[tap]         ⏱️ 間隔過長重置（513ms）
[tap][sample][21:05:00.223] 持續=36ms 峰值=726 ✓ 🎯 敲擊 #1
[recorder][VAD] Silero 語音幀 0/158 (0.0%)，有效語音 0.00s，信心閾值 0.6，最低比例 16%，最低語音 0.35s
[recorder][flush] ❌ VAD 未達有效語音門檻，略過（語音比例不足 0.0% < 16%）
[tap]         ⏱️ 間隔過長重置（1324ms）
[tap][sample][21:05:01.537] 持續=26ms 峰值=1348 ✓ 🎯 敲擊 #1
[tap][sample][21:05:01.780] 持續=27ms 峰值=1400 ✓ 🎯 敲擊 #2
[tap][dim]   [21:05:01.825] 持續=45ms 峰值=335 ✗弱
[tap][sample][21:05:02.050] 持續=36ms 峰值=1964 ✓ 🎯 敲擊 #3
[tap]        [21:05:02.050] 🔔 三連敲觸發（間隔 242ms / 261ms，一致性 0.93） 底噪=91/121 基線=125 CV=0.18 ZCR=0.109
[main][21:05:02.052] ⏳ 預熱 idle 計時器啟動，10 分鐘後關閉麥克風
[recorder][stop] 錄音太短 (0.73s)，略過
[tap][sample][21:05:03.382] 持續=26ms 峰值=3717 ✓ 🎯 敲擊 #1
[tap][sample][21:05:03.643] 持續=27ms 峰值=4050 ✓ 🎯 敲擊 #2
[tap][sample][21:05:03.904] 持續=45ms 峰值=4064 ✓ 🎯 敲擊 #3
[tap]        [21:05:03.904] 🔔 三連敲觸發（間隔 260ms / 243ms，一致性 0.93） 底噪=123/69 基線=253 CV=0.04 ZCR=0.107
[tap]        [21:05:03.953] 💤 敲麥監聽已停止
[recorder][21:05:03] 🚀 預熱命中，直接開始錄音
[main][21:05:03.956] ⏱️ recorder.start() 耗時 0.9ms，ok=True
[tap]        [21:05:03.970] 🎙️ 敲麥監聽已啟動
[main][21:05:03.982] 🎙️ 開始錄音
[recorder][VAD] Silero 語音幀 0/32 (0.0%)，有效語音 0.00s，信心閾值 0.6，最低比例 16%，最低語音 0.35s
[recorder][flush] ❌ VAD 未達有效語音門檻，略過（語音比例不足 0.0% < 16%）
[tap][sample][21:05:05.505] 持續=36ms 峰值=2190 ✓ 🎯 敲擊 #1
[tap][sample][21:05:05.767] 持續=72ms 峰值=1941 ✓ 🎯 敲擊 #2
[tap][sample][21:05:06.010] 持續=54ms 峰值=3212 ✓ 🎯 敲擊 #3
[tap]        [21:05:06.010] 🔔 三連敲觸發（間隔 225ms / 261ms，一致性 0.86） 底噪=70/127 基線=202 CV=0.22 ZCR=0.112
[main][21:05:06.010] ⏳ 預熱 idle 計時器啟動，10 分鐘後關閉麥克風
[recorder][VAD] Silero 語音幀 0/32 (0.0%)，有效語音 0.00s，信心閾值 0.6，最低比例 16%，最低語音 0.35s
[recorder][stop] ❌ VAD 未達有效語音門檻，不送出辨識（語音比例不足 0.0% < 16%）
[tap][sample][21:05:08.352] 持續=28ms 峰值=2171 ✓ 🎯 敲擊 #1
[tap][sample][21:05:08.603] 持續=63ms 峰值=3287 ✓ 🎯 敲擊 #2
[tap][sample][21:05:08.836] 持續=36ms 峰值=3637 ✓ 🎯 敲擊 #3
[tap]        [21:05:08.836] 🔔 三連敲觸發（間隔 216ms / 261ms，一致性 0.83） 底噪=155/88 基線=218 CV=0.21 ZCR=0.114
[tap]        [21:05:08.877] 💤 敲麥監聽已停止
[recorder][21:05:08] 🚀 預熱命中，直接開始錄音
[main][21:05:08.880] ⏱️ recorder.start() 耗時 1.7ms，ok=True
[tap]        [21:05:08.886] 🎙️ 敲麥監聽已啟動
[main][21:05:08.893] 🎙️ 開始錄音
[recorder][VAD] Silero 語音幀 0/31 (0.0%)，有效語音 0.00s，信心閾值 0.6，最低比例 16%，最低語音 0.35s
[recorder][flush] ❌ VAD 未達有效語音門檻，略過（語音比例不足 0.0% < 16%）
[tap][dim]   [21:05:10.446] 持續=63ms 峰值=584 ✗弱
[tap][sample][21:05:10.600] 持續=55ms 峰值=1294 ✓ 🎯 敲擊 #1
[tap][sample][21:05:10.870] 持續=81ms 峰值=2317 ✓ 🎯 敲擊 #2
[tap][sample][21:05:11.115] 持續=63ms 峰值=4501 ✓ 🎯 敲擊 #3
[tap]        [21:05:11.115] 🔔 三連敲觸發（間隔 243ms / 262ms，一致性 0.93） 底噪=58/136 基線=244 CV=0.49 ZCR=0.115
[main][21:05:11.124] ⏳ 預熱 idle 計時器啟動，10 分鐘後關閉麥克風
[recorder][VAD] Silero 語音幀 0/38 (0.0%)，有效語音 0.00s，信心閾值 0.6，最低比例 16%，最低語音 0.35s
[recorder][stop] ❌ VAD 未達有效語音門檻，不送出辨識（語音比例不足 0.0% < 16%）
[tap][dim]   [21:05:11.185] 持續=71ms 峰值=484 ✗弱
[tap][sample][21:05:11.374] 持續=26ms 峰值=606 ✓ 🎯 敲擊 #1
[tap][dim]   [21:05:12.112] 持續=72ms 峰值=393 ✗弱
[tap][dim]   [21:05:12.275] 持續=72ms 峰值=482 ✗弱
[tap][dim]   [21:05:13.750] 持續=36ms 峰值=358 ✗弱
[tap][dim]   [21:05:13.903] 持續=63ms 峰值=339 ✗弱
[tap]         ⏱️ 間隔過長重置（3167ms）
[tap][sample][21:05:14.542] 持續=27ms 峰值=3220 ✓ 🎯 敲擊 #1
[tap][dim]   [21:05:14.569] 持續=27ms 峰值=436 ✗弱
[tap][sample][21:05:14.794] 持續=27ms 峰值=3059 ✓ 🎯 敲擊 #2
[tap][sample][21:05:15.054] 持續=36ms 峰值=2164 ✓ 🎯 敲擊 #3
[tap]        [21:05:15.054] 🔔 三連敲觸發（間隔 252ms / 251ms，一致性 1.00） 底噪=259/98 基線=308 CV=0.17 ZCR=0.071
[tap]        [21:05:15.102] 💤 敲麥監聽已停止
[recorder][21:05:15] 🚀 預熱命中，直接開始錄音
[main][21:05:15.103] ⏱️ recorder.start() 耗時 0.7ms，ok=True
[tap]        [21:05:15.109] 🎙️ 敲麥監聽已啟動
[main][21:05:15.113] 🎙️ 開始錄音
[recorder][VAD] Silero 語音幀 0/32 (0.0%)，有效語音 0.00s，信心閾值 0.6，最低比例 16%，最低語音 0.35s
[recorder][flush] ❌ VAD 未達有效語音門檻，略過（語音比例不足 0.0% < 16%）
[tap][sample][21:05:16.784] 持續=27ms 峰值=1767 ✓ 🎯 敲擊 #1
[tap][sample][21:05:17.034] 持續=62ms 峰值=1632 ✓ 🎯 敲擊 #2
[tap][sample][21:05:17.260] 持續=63ms 峰值=2999 ✓ 🎯 敲擊 #3
[tap]        [21:05:17.260] 🔔 三連敲觸發（間隔 216ms / 224ms，一致性 0.96） 底噪=75/78 基線=192 CV=0.29 ZCR=0.119
[main][21:05:17.263] ⏳ 預熱 idle 計時器啟動，10 分鐘後關閉麥克風
[recorder][VAD] Silero 語音幀 0/34 (0.0%)，有效語音 0.00s，信心閾值 0.6，最低比例 16%，最低語音 0.35s
[recorder][stop] ❌ VAD 未達有效語音門檻，不送出辨識（語音比例不足 0.0% < 16%）
[tap]        [21:05:23.390] 💤 敲麥監聽已停止
[recorder][21:05:23] 💤 預熱 stream 已關閉
[0m