[main]          [09:39:30.741] LOG -> D:\Cursor\AI Whisper Next\logs\ai_whisper_20260608_093930_UA_azrae24.current.log
[settings]      [09:39:30.750] config loaded from D:\Cursor\AI Whisper Next\config.json
[main]          [09:39:31.219] ✅ 快捷鍵 ctrl+f11（句號）、ctrl+f12（逗號）已註冊
[main]          [09:39:31.221] ✅ 主快捷鍵 2/2 已註冊 (Win32)
[main]          [09:39:31.221] ✅ 記憶快捷鍵 5/5 已註冊 (Win32)
[tap]           [09:39:31.272] 🎙️ 敲麥監聽已啟動
[main]          [09:39:31.272] 🔧 DIAG 關閉元件: (none)
Exception in thread VAD-preload:
Traceback (most recent call last):
  File "C:\Users\azrae\AppData\Local\Python\pythoncore-3.12-64\Lib\threading.py", line 1075, in _bootstrap_inner
    self.run()
  File "C:\Users\azrae\AppData\Local\Python\pythoncore-3.12-64\Lib\threading.py", line 1012, in run
    self._target(*self._args, **self._kwargs)
  File "D:\Cursor\AI Whisper Next\src\ai_whisper\services\vad_service.py", line 76, in _load_silero_vad
    import onnxruntime as ort
ModuleNotFoundError: No module named 'onnxruntime'
[debug]         [09:39:31.529] 🔍 Debug server listening on 127.0.0.1:47643
[transcriber]   [09:39:33.925] 🔌 HTTP 連線預熱完成 (2.65s)
[tap]           [09:44:02.480] 💤 敲麥監聽已停止
[recorder]      [09:44:02.481] 💤 預熱 stream 已關閉
