[main] LOG -> F:\Cursor\AI Whisper Next\ai_whisper_20260517_163333.log
[settings] config loaded from F:\Cursor\AI Whisper Next\config.json
[main][16:33:33.972] ✅ 快捷鍵 ctrl+f12（句號）、ctrl+f11（逗號）已註冊
[main][16:33:33.973] ✅ 主快捷鍵 2/2 已註冊 (Win32)
[main][16:33:33.973] ✅ 記憶快捷鍵 5/5 已註冊 (Win32)
[tap]        [16:33:33.987] 🎙️ 敲麥監聽已啟動
[recorder][VAD] 載入 Silero VAD 模型...
Using cache found in C:\Users\Administrator/.cache\torch\hub\snakers4_silero-vad_master
[recorder][VAD] Silero VAD 模型載入完成
[main][16:33:43.076] ⌨️ 主快捷鍵觸發（Win32/句號），keys=async_down=Ctrl,RCtrl; logical_down=Ctrl,RCtrl
[main][16:33:43.077] ⌨️ after(0) 執行延遲 0.4ms
[tap]        [16:33:43.129] 💤 敲麥監聽已停止
[recorder][16:33:43] ⏱️ InputStream() 16.6ms
[recorder][16:33:43] ⏱️ stream.start() 0.4ms
[recorder][16:33:43] 🎙️ 錄音就緒，總初始化 17.0ms
[main][16:33:43.146] ⏱️ recorder.start() 耗時 17.4ms，ok=True
[tap]        [16:33:43.674] 🎙️ 敲麥監聽已啟動
[main][16:33:43.684] 🎙️ 開始錄音
[recorder][16:33:43] 🎤 第一包音訊到達，麥克風實際開啟延遲 756.8ms
[recorder][VAD] Silero 語音幀 0/37 (0.0%)，有效語音 0.00s，信心閾值 0.6，最低比例 16%，最低語音 0.35s
[recorder][flush] ❌ VAD 未達有效語音門檻，略過（語音比例不足 0.0% < 16%）
[tap][dim]   [16:33:45.964] 持續=27ms 峰值=424 ✗弱
[tap][dim]   [16:33:46.099] 持續=36ms 峰值=514 ✗弱
[tap][sample][16:33:46.639] 持續=450ms 峰值=9767 ✗長
[tap][dim]   [16:33:46.675] 持續=36ms 峰值=503 ✗弱
[tap][sample][16:33:47.719] 持續=1044ms 峰值=6744 ✗長
[tap][dim]   [16:33:47.763] 持續=45ms 峰值=523 ✗弱
[recorder][VAD] Silero 語音幀 46/113 (40.7%)，有效語音 1.47s，信心閾值 0.6，最低比例 16%，最低語音 0.35s
[recorder][flush] ✅ 取出 3.6s 音訊段落
[main][16:33:48.783] ✂️ 自動分段送出（靜音達1s，累積 3.6s，靜音 1.0s）
[paster][16:33:49] 📏 [UIA] text='。測。成', text_after='', at_end=True, last_punct=False
[paster][16:33:49] 🔮 預取游標位置: at_end=True, last_punct=False (delay=0.16s, est_api=0.61s)
[recorder][VAD] Silero 語音幀 0/38 (0.0%)，有效語音 0.00s，信心閾值 0.6，最低比例 16%，最低語音 0.35s
[recorder][flush] ❌ VAD 未達有效語音門檻，略過（語音比例不足 0.0% < 16%）
[transcriber][16:33:50.261] ⏱️ API 耗時: 1.31s
[main][16:33:50.261] ✅ 分段辨識完成: "測試一下喔"
[paster][16:33:51] 🎯 PASTE: at_end=True, last_punct=False, add_prefix=True (prefetched), prefix='。', final='測試一下喔'
[paster][16:33:51] ⌨️ TEXT input flow start: target_chars=6，視窗="7-2 | Notion - Google Chrome"，hwnd=0x003d0bfe，process=chrome.exe，class=Chrome_WidgetWin_1，verify_readable=True，keys_before=async_down=none; logical_down=none，text='。測試一下喔'
[paster][16:33:51] ⌨️ 直接輸入前釋放修飾鍵: released=none，keys_after_release=async_down=none; logical_down=none
[paster][16:33:51] ⌨️ TEXT input done: ok=True，keys_after_send=async_down=none; logical_down=none
[paster][16:33:51] ⏱️ 收到→直接輸入完成: 0.78s
[paster][16:33:51] ⌨️ TEXT input verify: ok=True，reason=changed_suffix_mismatch:'。'!='下喔'
[recorder][VAD] Silero 語音幀 0/33 (0.0%)，有效語音 0.00s，信心閾值 0.6，最低比例 16%，最低語音 0.35s
[recorder][flush] ❌ VAD 未達有效語音門檻，略過（語音比例不足 0.0% < 16%）
[recorder][VAD] Silero 語音幀 0/37 (0.0%)，有效語音 0.00s，信心閾值 0.6，最低比例 16%，最低語音 0.35s
[recorder][flush] ❌ VAD 未達有效語音門檻，略過（語音比例不足 0.0% < 16%）
[recorder][VAD] Silero 語音幀 0/38 (0.0%)，有效語音 0.00s，信心閾值 0.6，最低比例 16%，最低語音 0.35s
[recorder][flush] ❌ VAD 未達有效語音門檻，略過（語音比例不足 0.0% < 16%）
[recorder][VAD] Silero 語音幀 0/38 (0.0%)，有效語音 0.00s，信心閾值 0.6，最低比例 16%，最低語音 0.35s
[recorder][flush] ❌ VAD 未達有效語音門檻，略過（語音比例不足 0.0% < 16%）
[recorder][VAD] Silero 語音幀 0/31 (0.0%)，有效語音 0.00s，信心閾值 0.6，最低比例 16%，最低語音 0.35s
[recorder][flush] ❌ VAD 未達有效語音門檻，略過（語音比例不足 0.0% < 16%）
[tap][sample][16:33:58.168] 持續=828ms 峰值=9753 ✗長
[tap][dim]   [16:33:58.211] 持續=42ms 峰值=565 ✗弱
[tap][sample][16:33:58.456] 持續=180ms 峰值=6571 ✗長
[tap][dim]   [16:33:58.519] 持續=64ms 峰值=331 ✗弱
[tap][sample][16:33:58.816] 持續=171ms 峰值=7174 ✗長
[tap][sample][16:33:58.906] 持續=63ms 峰值=1212 ✓ 🎯 敲擊 #1
[recorder][VAD] Silero 語音幀 42/88 (47.7%)，有效語音 1.34s，信心閾值 0.6，最低比例 16%，最低語音 0.35s
[recorder][flush] ✅ 取出 2.8s 音訊段落
[main][16:33:59.946] ✂️ 自動分段送出（靜音達1s，累積 2.8s，靜音 1.0s）
[paster][16:34:00] 📏 [UIA] 文字為空 → 不加句號
[paster][16:34:00] 🔮 預取游標位置: at_end=False, last_punct=False (delay=0.08s, est_api=0.53s)
[transcriber][16:34:01.154] ⏱️ API 耗時: 1.06s
[main][16:34:01.154] ✅ 分段辨識完成: "有沒有看到"
[recorder][VAD] Silero 語音幀 0/38 (0.0%)，有效語音 0.00s，信心閾值 0.6，最低比例 16%，最低語音 0.35s
[recorder][flush] ❌ VAD 未達有效語音門檻，略過（語音比例不足 0.0% < 16%）
[paster][16:34:01] 🎯 PASTE: at_end=False, last_punct=False, add_prefix=False (prefetched), prefix='。', final='有沒有看到'
[paster][16:34:01] ⌨️ TEXT input flow start: target_chars=5，視窗="7-2 | Notion - Google Chrome"，hwnd=0x003d0bfe，process=chrome.exe，class=Chrome_WidgetWin_1，verify_readable=True，keys_before=async_down=none; logical_down=none，text='有沒有看到'
[paster][16:34:01] ⌨️ 直接輸入前釋放修飾鍵: released=none，keys_after_release=async_down=none; logical_down=none
[paster][16:34:01] ⌨️ TEXT input done: ok=True，keys_after_send=async_down=none; logical_down=none
[paster][16:34:01] ⏱️ 收到→直接輸入完成: 0.04s
[paster][16:34:01] ⌨️ TEXT input verify: ok=True，reason=changed
[recorder][VAD] Silero 語音幀 0/38 (0.0%)，有效語音 0.00s，信心閾值 0.6，最低比例 16%，最低語音 0.35s
[recorder][flush] ❌ VAD 未達有效語音門檻，略過（語音比例不足 0.0% < 16%）
[recorder][VAD] Silero 語音幀 0/38 (0.0%)，有效語音 0.00s，信心閾值 0.6，最低比例 16%，最低語音 0.35s
[recorder][flush] ❌ VAD 未達有效語音門檻，略過（語音比例不足 0.0% < 16%）
[recorder][VAD] Silero 語音幀 0/38 (0.0%)，有效語音 0.00s，信心閾值 0.6，最低比例 16%，最低語音 0.35s
[recorder][flush] ❌ VAD 未達有效語音門檻，略過（語音比例不足 0.0% < 16%）
[recorder][VAD] Silero 語音幀 0/38 (0.0%)，有效語音 0.00s，信心閾值 0.6，最低比例 16%，最低語音 0.35s
[recorder][flush] ❌ VAD 未達有效語音門檻，略過（語音比例不足 0.0% < 16%）
[recorder][VAD] Silero 語音幀 0/38 (0.0%)，有效語音 0.00s，信心閾值 0.6，最低比例 16%，最低語音 0.35s
[recorder][flush] ❌ VAD 未達有效語音門檻，略過（語音比例不足 0.0% < 16%）
[recorder][VAD] Silero 語音幀 0/31 (0.0%)，有效語音 0.00s，信心閾值 0.6，最低比例 16%，最低語音 0.35s
[recorder][flush] ❌ VAD 未達有效語音門檻，略過（語音比例不足 0.0% < 16%）
[recorder][VAD] Silero 語音幀 0/31 (0.0%)，有效語音 0.00s，信心閾值 0.6，最低比例 16%，最低語音 0.35s
[recorder][flush] ❌ VAD 未達有效語音門檻，略過（語音比例不足 0.0% < 16%）
[recorder][VAD] Silero 語音幀 0/31 (0.0%)，有效語音 0.00s，信心閾值 0.6，最低比例 16%，最低語音 0.35s
[recorder][flush] ❌ VAD 未達有效語音門檻，略過（語音比例不足 0.0% < 16%）
[recorder][VAD] Silero 語音幀 0/37 (0.0%)，有效語音 0.00s，信心閾值 0.6，最低比例 16%，最低語音 0.35s
[recorder][flush] ❌ VAD 未達有效語音門檻，略過（語音比例不足 0.0% < 16%）
[recorder][VAD] Silero 語音幀 0/38 (0.0%)，有效語音 0.00s，信心閾值 0.6，最低比例 16%，最低語音 0.35s
[recorder][flush] ❌ VAD 未達有效語音門檻，略過（語音比例不足 0.0% < 16%）
[recorder][VAD] Silero 語音幀 0/32 (0.0%)，有效語音 0.00s，信心閾值 0.6，最低比例 16%，最低語音 0.35s
[recorder][flush] ❌ VAD 未達有效語音門檻，略過（語音比例不足 0.0% < 16%）
[recorder][VAD] Silero 語音幀 0/38 (0.0%)，有效語音 0.00s，信心閾值 0.6，最低比例 16%，最低語音 0.35s
[recorder][flush] ❌ VAD 未達有效語音門檻，略過（語音比例不足 0.0% < 16%）
[recorder][VAD] Silero 語音幀 0/37 (0.0%)，有效語音 0.00s，信心閾值 0.6，最低比例 16%，最低語音 0.35s
[recorder][flush] ❌ VAD 未達有效語音門檻，略過（語音比例不足 0.0% < 16%）
[recorder][VAD] Silero 語音幀 0/38 (0.0%)，有效語音 0.00s，信心閾值 0.6，最低比例 16%，最低語音 0.35s
[recorder][flush] ❌ VAD 未達有效語音門檻，略過（語音比例不足 0.0% < 16%）
[recorder][VAD] Silero 語音幀 0/38 (0.0%)，有效語音 0.00s，信心閾值 0.6，最低比例 16%，最低語音 0.35s
[recorder][flush] ❌ VAD 未達有效語音門檻，略過（語音比例不足 0.0% < 16%）
[recorder][VAD] Silero 語音幀 0/31 (0.0%)，有效語音 0.00s，信心閾值 0.6，最低比例 16%，最低語音 0.35s
[recorder][flush] ❌ VAD 未達有效語音門檻，略過（語音比例不足 0.0% < 16%）
[recorder][VAD] Silero 語音幀 0/38 (0.0%)，有效語音 0.00s，信心閾值 0.6，最低比例 16%，最低語音 0.35s
[recorder][flush] ❌ VAD 未達有效語音門檻，略過（語音比例不足 0.0% < 16%）
[recorder][VAD] Silero 語音幀 0/38 (0.0%)，有效語音 0.00s，信心閾值 0.6，最低比例 16%，最低語音 0.35s
[recorder][flush] ❌ VAD 未達有效語音門檻，略過（語音比例不足 0.0% < 16%）
[recorder][VAD] Silero 語音幀 0/31 (0.0%)，有效語音 0.00s，信心閾值 0.6，最低比例 16%，最低語音 0.35s
[recorder][flush] ❌ VAD 未達有效語音門檻，略過（語音比例不足 0.0% < 16%）
[recorder][VAD] Silero 語音幀 0/31 (0.0%)，有效語音 0.00s，信心閾值 0.6，最低比例 16%，最低語音 0.35s
[recorder][flush] ❌ VAD 未達有效語音門檻，略過（語音比例不足 0.0% < 16%）
[recorder][VAD] Silero 語音幀 0/31 (0.0%)，有效語音 0.00s，信心閾值 0.6，最低比例 16%，最低語音 0.35s
[recorder][flush] ❌ VAD 未達有效語音門檻，略過（語音比例不足 0.0% < 16%）
[recorder][VAD] Silero 語音幀 0/31 (0.0%)，有效語音 0.00s，信心閾值 0.6，最低比例 16%，最低語音 0.35s
[recorder][flush] ❌ VAD 未達有效語音門檻，略過（語音比例不足 0.0% < 16%）
[recorder][VAD] Silero 語音幀 0/38 (0.0%)，有效語音 0.00s，信心閾值 0.6，最低比例 16%，最低語音 0.35s
[recorder][flush] ❌ VAD 未達有效語音門檻，略過（語音比例不足 0.0% < 16%）
[recorder][VAD] Silero 語音幀 0/31 (0.0%)，有效語音 0.00s，信心閾值 0.6，最低比例 16%，最低語音 0.35s
[recorder][flush] ❌ VAD 未達有效語音門檻，略過（語音比例不足 0.0% < 16%）
[recorder][VAD] Silero 語音幀 0/31 (0.0%)，有效語音 0.00s，信心閾值 0.6，最低比例 16%，最低語音 0.35s
[recorder][flush] ❌ VAD 未達有效語音門檻，略過（語音比例不足 0.0% < 16%）
[recorder][VAD] Silero 語音幀 0/38 (0.0%)，有效語音 0.00s，信心閾值 0.6，最低比例 16%，最低語音 0.35s
[recorder][flush] ❌ VAD 未達有效語音門檻，略過（語音比例不足 0.0% < 16%）
[recorder][VAD] Silero 語音幀 0/31 (0.0%)，有效語音 0.00s，信心閾值 0.6，最低比例 16%，最低語音 0.35s
[recorder][flush] ❌ VAD 未達有效語音門檻，略過（語音比例不足 0.0% < 16%）
[recorder][VAD] Silero 語音幀 0/37 (0.0%)，有效語音 0.00s，信心閾值 0.6，最低比例 16%，最低語音 0.35s
[recorder][flush] ❌ VAD 未達有效語音門檻，略過（語音比例不足 0.0% < 16%）
[recorder][VAD] Silero 語音幀 0/38 (0.0%)，有效語音 0.00s，信心閾值 0.6，最低比例 16%，最低語音 0.35s
[recorder][flush] ❌ VAD 未達有效語音門檻，略過（語音比例不足 0.0% < 16%）
[recorder][VAD] Silero 語音幀 0/38 (0.0%)，有效語音 0.00s，信心閾值 0.6，最低比例 16%，最低語音 0.35s
[recorder][flush] ❌ VAD 未達有效語音門檻，略過（語音比例不足 0.0% < 16%）
[recorder][VAD] Silero 語音幀 0/37 (0.0%)，有效語音 0.00s，信心閾值 0.6，最低比例 16%，最低語音 0.35s
[recorder][flush] ❌ VAD 未達有效語音門檻，略過（語音比例不足 0.0% < 16%）
[recorder][VAD] Silero 語音幀 0/38 (0.0%)，有效語音 0.00s，信心閾值 0.6，最低比例 16%，最低語音 0.35s
[recorder][flush] ❌ VAD 未達有效語音門檻，略過（語音比例不足 0.0% < 16%）
[recorder][VAD] Silero 語音幀 0/38 (0.0%)，有效語音 0.00s，信心閾值 0.6，最低比例 16%，最低語音 0.35s
[recorder][flush] ❌ VAD 未達有效語音門檻，略過（語音比例不足 0.0% < 16%）
[tap][dim]   [16:34:39.108] 持續=45ms 峰值=377 ✗弱
[recorder][VAD] Silero 語音幀 0/37 (0.0%)，有效語音 0.00s，信心閾值 0.6，最低比例 16%，最低語音 0.35s
[recorder][flush] ❌ VAD 未達有效語音門檻，略過（語音比例不足 0.0% < 16%）
[recorder][VAD] Silero 語音幀 0/38 (0.0%)，有效語音 0.00s，信心閾值 0.6，最低比例 16%，最低語音 0.35s
[recorder][flush] ❌ VAD 未達有效語音門檻，略過（語音比例不足 0.0% < 16%）
[recorder][VAD] Silero 語音幀 0/32 (0.0%)，有效語音 0.00s，信心閾值 0.6，最低比例 16%，最低語音 0.35s
[recorder][flush] ❌ VAD 未達有效語音門檻，略過（語音比例不足 0.0% < 16%）
[recorder][VAD] Silero 語音幀 0/31 (0.0%)，有效語音 0.00s，信心閾值 0.6，最低比例 16%，最低語音 0.35s
[recorder][flush] ❌ VAD 未達有效語音門檻，略過（語音比例不足 0.0% < 16%）
[recorder][VAD] Silero 語音幀 0/37 (0.0%)，有效語音 0.00s，信心閾值 0.6，最低比例 16%，最低語音 0.35s
[recorder][flush] ❌ VAD 未達有效語音門檻，略過（語音比例不足 0.0% < 16%）
[recorder][VAD] Silero 語音幀 0/32 (0.0%)，有效語音 0.00s，信心閾值 0.6，最低比例 16%，最低語音 0.35s
[recorder][flush] ❌ VAD 未達有效語音門檻，略過（語音比例不足 0.0% < 16%）
[recorder][VAD] Silero 語音幀 0/37 (0.0%)，有效語音 0.00s，信心閾值 0.6，最低比例 16%，最低語音 0.35s
[recorder][flush] ❌ VAD 未達有效語音門檻，略過（語音比例不足 0.0% < 16%）
[recorder][VAD] Silero 語音幀 0/38 (0.0%)，有效語音 0.00s，信心閾值 0.6，最低比例 16%，最低語音 0.35s
[recorder][flush] ❌ VAD 未達有效語音門檻，略過（語音比例不足 0.0% < 16%）
[recorder][VAD] Silero 語音幀 0/31 (0.0%)，有效語音 0.00s，信心閾值 0.6，最低比例 16%，最低語音 0.35s
[recorder][flush] ❌ VAD 未達有效語音門檻，略過（語音比例不足 0.0% < 16%）
[recorder][VAD] Silero 語音幀 0/31 (0.0%)，有效語音 0.00s，信心閾值 0.6，最低比例 16%，最低語音 0.35s
[recorder][flush] ❌ VAD 未達有效語音門檻，略過（語音比例不足 0.0% < 16%）
[recorder][VAD] Silero 語音幀 0/38 (0.0%)，有效語音 0.00s，信心閾值 0.6，最低比例 16%，最低語音 0.35s
[recorder][flush] ❌ VAD 未達有效語音門檻，略過（語音比例不足 0.0% < 16%）
[recorder][VAD] Silero 語音幀 0/31 (0.0%)，有效語音 0.00s，信心閾值 0.6，最低比例 16%，最低語音 0.35s
[recorder][flush] ❌ VAD 未達有效語音門檻，略過（語音比例不足 0.0% < 16%）
[recorder][VAD] Silero 語音幀 0/37 (0.0%)，有效語音 0.00s，信心閾值 0.6，最低比例 16%，最低語音 0.35s
[recorder][flush] ❌ VAD 未達有效語音門檻，略過（語音比例不足 0.0% < 16%）
[recorder][VAD] Silero 語音幀 0/38 (0.0%)，有效語音 0.00s，信心閾值 0.6，最低比例 16%，最低語音 0.35s
[recorder][flush] ❌ VAD 未達有效語音門檻，略過（語音比例不足 0.0% < 16%）
[recorder][VAD] Silero 語音幀 0/32 (0.0%)，有效語音 0.00s，信心閾值 0.6，最低比例 16%，最低語音 0.35s
[recorder][flush] ❌ VAD 未達有效語音門檻，略過（語音比例不足 0.0% < 16%）
[recorder][VAD] Silero 語音幀 0/38 (0.0%)，有效語音 0.00s，信心閾值 0.6，最低比例 16%，最低語音 0.35s
[recorder][flush] ❌ VAD 未達有效語音門檻，略過（語音比例不足 0.0% < 16%）
[recorder][VAD] Silero 語音幀 0/37 (0.0%)，有效語音 0.00s，信心閾值 0.6，最低比例 16%，最低語音 0.35s
[recorder][flush] ❌ VAD 未達有效語音門檻，略過（語音比例不足 0.0% < 16%）
[recorder][VAD] Silero 語音幀 0/31 (0.0%)，有效語音 0.00s，信心閾值 0.6，最低比例 16%，最低語音 0.35s
[recorder][flush] ❌ VAD 未達有效語音門檻，略過（語音比例不足 0.0% < 16%）
[recorder][VAD] Silero 語音幀 0/37 (0.0%)，有效語音 0.00s，信心閾值 0.6，最低比例 16%，最低語音 0.35s
[recorder][flush] ❌ VAD 未達有效語音門檻，略過（語音比例不足 0.0% < 16%）
[recorder][VAD] Silero 語音幀 0/38 (0.0%)，有效語音 0.00s，信心閾值 0.6，最低比例 16%，最低語音 0.35s
[recorder][flush] ❌ VAD 未達有效語音門檻，略過（語音比例不足 0.0% < 16%）
[recorder][VAD] Silero 語音幀 0/38 (0.0%)，有效語音 0.00s，信心閾值 0.6，最低比例 16%，最低語音 0.35s
[recorder][flush] ❌ VAD 未達有效語音門檻，略過（語音比例不足 0.0% < 16%）
[recorder][VAD] Silero 語音幀 0/38 (0.0%)，有效語音 0.00s，信心閾值 0.6，最低比例 16%，最低語音 0.35s
[recorder][flush] ❌ VAD 未達有效語音門檻，略過（語音比例不足 0.0% < 16%）
[recorder][VAD] Silero 語音幀 0/38 (0.0%)，有效語音 0.00s，信心閾值 0.6，最低比例 16%，最低語音 0.35s
[recorder][flush] ❌ VAD 未達有效語音門檻，略過（語音比例不足 0.0% < 16%）
[recorder][VAD] Silero 語音幀 0/37 (0.0%)，有效語音 0.00s，信心閾值 0.6，最低比例 16%，最低語音 0.35s
[recorder][flush] ❌ VAD 未達有效語音門檻，略過（語音比例不足 0.0% < 16%）
[recorder][VAD] Silero 語音幀 0/31 (0.0%)，有效語音 0.00s，信心閾值 0.6，最低比例 16%，最低語音 0.35s
[recorder][flush] ❌ VAD 未達有效語音門檻，略過（語音比例不足 0.0% < 16%）
[recorder][VAD] Silero 語音幀 0/31 (0.0%)，有效語音 0.00s，信心閾值 0.6，最低比例 16%，最低語音 0.35s
[recorder][flush] ❌ VAD 未達有效語音門檻，略過（語音比例不足 0.0% < 16%）
[recorder][VAD] Silero 語音幀 0/31 (0.0%)，有效語音 0.00s，信心閾值 0.6，最低比例 16%，最低語音 0.35s
[recorder][flush] ❌ VAD 未達有效語音門檻，略過（語音比例不足 0.0% < 16%）
[recorder][VAD] Silero 語音幀 0/37 (0.0%)，有效語音 0.00s，信心閾值 0.6，最低比例 16%，最低語音 0.35s
[recorder][flush] ❌ VAD 未達有效語音門檻，略過（語音比例不足 0.0% < 16%）
[recorder][VAD] Silero 語音幀 0/32 (0.0%)，有效語音 0.00s，信心閾值 0.6，最低比例 16%，最低語音 0.35s
[recorder][flush] ❌ VAD 未達有效語音門檻，略過（語音比例不足 0.0% < 16%）
[recorder][VAD] Silero 語音幀 0/37 (0.0%)，有效語音 0.00s，信心閾值 0.6，最低比例 16%，最低語音 0.35s
[recorder][flush] ❌ VAD 未達有效語音門檻，略過（語音比例不足 0.0% < 16%）
[recorder][VAD] Silero 語音幀 0/38 (0.0%)，有效語音 0.00s，信心閾值 0.6，最低比例 16%，最低語音 0.35s
[recorder][flush] ❌ VAD 未達有效語音門檻，略過（語音比例不足 0.0% < 16%）
[recorder][VAD] Silero 語音幀 0/31 (0.0%)，有效語音 0.00s，信心閾值 0.6，最低比例 16%，最低語音 0.35s
[recorder][flush] ❌ VAD 未達有效語音門檻，略過（語音比例不足 0.0% < 16%）
[recorder][VAD] Silero 語音幀 0/38 (0.0%)，有效語音 0.00s，信心閾值 0.6，最低比例 16%，最低語音 0.35s
[recorder][flush] ❌ VAD 未達有效語音門檻，略過（語音比例不足 0.0% < 16%）
[recorder][VAD] Silero 語音幀 0/31 (0.0%)，有效語音 0.00s，信心閾值 0.6，最低比例 16%，最低語音 0.35s
[recorder][flush] ❌ VAD 未達有效語音門檻，略過（語音比例不足 0.0% < 16%）
[recorder][VAD] Silero 語音幀 0/31 (0.0%)，有效語音 0.00s，信心閾值 0.6，最低比例 16%，最低語音 0.35s
[recorder][flush] ❌ VAD 未達有效語音門檻，略過（語音比例不足 0.0% < 16%）
[recorder][VAD] Silero 語音幀 0/38 (0.0%)，有效語音 0.00s，信心閾值 0.6，最低比例 16%，最低語音 0.35s
[recorder][flush] ❌ VAD 未達有效語音門檻，略過（語音比例不足 0.0% < 16%）
[recorder][VAD] Silero 語音幀 0/31 (0.0%)，有效語音 0.00s，信心閾值 0.6，最低比例 16%，最低語音 0.35s
[recorder][flush] ❌ VAD 未達有效語音門檻，略過（語音比例不足 0.0% < 16%）
[recorder][VAD] Silero 語音幀 0/31 (0.0%)，有效語音 0.00s，信心閾值 0.6，最低比例 16%，最低語音 0.35s
[recorder][flush] ❌ VAD 未達有效語音門檻，略過（語音比例不足 0.0% < 16%）
[recorder][VAD] Silero 語音幀 0/37 (0.0%)，有效語音 0.00s，信心閾值 0.6，最低比例 16%，最低語音 0.35s
[recorder][flush] ❌ VAD 未達有效語音門檻，略過（語音比例不足 0.0% < 16%）
[recorder][VAD] Silero 語音幀 0/39 (0.0%)，有效語音 0.00s，信心閾值 0.6，最低比例 16%，最低語音 0.35s
[recorder][flush] ❌ VAD 未達有效語音門檻，略過（語音比例不足 0.0% < 16%）
[recorder][VAD] Silero 語音幀 0/31 (0.0%)，有效語音 0.00s，信心閾值 0.6，最低比例 16%，最低語音 0.35s
[recorder][flush] ❌ VAD 未達有效語音門檻，略過（語音比例不足 0.0% < 16%）
[recorder][VAD] Silero 語音幀 0/37 (0.0%)，有效語音 0.00s，信心閾值 0.6，最低比例 16%，最低語音 0.35s
[recorder][flush] ❌ VAD 未達有效語音門檻，略過（語音比例不足 0.0% < 16%）
[recorder][VAD] Silero 語音幀 0/38 (0.0%)，有效語音 0.00s，信心閾值 0.6，最低比例 16%，最低語音 0.35s
[recorder][flush] ❌ VAD 未達有效語音門檻，略過（語音比例不足 0.0% < 16%）
[recorder][VAD] Silero 語音幀 0/31 (0.0%)，有效語音 0.00s，信心閾值 0.6，最低比例 16%，最低語音 0.35s
[recorder][flush] ❌ VAD 未達有效語音門檻，略過（語音比例不足 0.0% < 16%）
[recorder][VAD] Silero 語音幀 0/32 (0.0%)，有效語音 0.00s，信心閾值 0.6，最低比例 16%，最低語音 0.35s
[recorder][flush] ❌ VAD 未達有效語音門檻，略過（語音比例不足 0.0% < 16%）
[recorder][VAD] Silero 語音幀 0/37 (0.0%)，有效語音 0.00s，信心閾值 0.6，最低比例 16%，最低語音 0.35s
[recorder][flush] ❌ VAD 未達有效語音門檻，略過（語音比例不足 0.0% < 16%）
[recorder][VAD] Silero 語音幀 0/38 (0.0%)，有效語音 0.00s，信心閾值 0.6，最低比例 16%，最低語音 0.35s
[recorder][flush] ❌ VAD 未達有效語音門檻，略過（語音比例不足 0.0% < 16%）
[recorder][VAD] Silero 語音幀 0/38 (0.0%)，有效語音 0.00s，信心閾值 0.6，最低比例 16%，最低語音 0.35s
[recorder][flush] ❌ VAD 未達有效語音門檻，略過（語音比例不足 0.0% < 16%）
[recorder][VAD] Silero 語音幀 0/38 (0.0%)，有效語音 0.00s，信心閾值 0.6，最低比例 16%，最低語音 0.35s
[recorder][flush] ❌ VAD 未達有效語音門檻，略過（語音比例不足 0.0% < 16%）
[recorder][VAD] Silero 語音幀 0/31 (0.0%)，有效語音 0.00s，信心閾值 0.6，最低比例 16%，最低語音 0.35s
[recorder][flush] ❌ VAD 未達有效語音門檻，略過（語音比例不足 0.0% < 16%）
[recorder][VAD] Silero 語音幀 0/37 (0.0%)，有效語音 0.00s，信心閾值 0.6，最低比例 16%，最低語音 0.35s
[recorder][flush] ❌ VAD 未達有效語音門檻，略過（語音比例不足 0.0% < 16%）
[recorder][VAD] Silero 語音幀 0/31 (0.0%)，有效語音 0.00s，信心閾值 0.6，最低比例 16%，最低語音 0.35s
[recorder][flush] ❌ VAD 未達有效語音門檻，略過（語音比例不足 0.0% < 16%）
[recorder][VAD] Silero 語音幀 0/31 (0.0%)，有效語音 0.00s，信心閾值 0.6，最低比例 16%，最低語音 0.35s
[recorder][flush] ❌ VAD 未達有效語音門檻，略過（語音比例不足 0.0% < 16%）
[recorder][VAD] Silero 語音幀 0/38 (0.0%)，有效語音 0.00s，信心閾值 0.6，最低比例 16%，最低語音 0.35s
[recorder][flush] ❌ VAD 未達有效語音門檻，略過（語音比例不足 0.0% < 16%）
[recorder][VAD] Silero 語音幀 0/38 (0.0%)，有效語音 0.00s，信心閾值 0.6，最低比例 16%，最低語音 0.35s
[recorder][flush] ❌ VAD 未達有效語音門檻，略過（語音比例不足 0.0% < 16%）
[recorder][VAD] Silero 語音幀 0/37 (0.0%)，有效語音 0.00s，信心閾值 0.6，最低比例 16%，最低語音 0.35s
[recorder][flush] ❌ VAD 未達有效語音門檻，略過（語音比例不足 0.0% < 16%）
[recorder][VAD] Silero 語音幀 0/32 (0.0%)，有效語音 0.00s，信心閾值 0.6，最低比例 16%，最低語音 0.35s
[recorder][flush] ❌ VAD 未達有效語音門檻，略過（語音比例不足 0.0% < 16%）
[recorder][VAD] Silero 語音幀 0/37 (0.0%)，有效語音 0.00s，信心閾值 0.6，最低比例 16%，最低語音 0.35s
[recorder][flush] ❌ VAD 未達有效語音門檻，略過（語音比例不足 0.0% < 16%）
[recorder][VAD] Silero 語音幀 0/38 (0.0%)，有效語音 0.00s，信心閾值 0.6，最低比例 16%，最低語音 0.35s
[recorder][flush] ❌ VAD 未達有效語音門檻，略過（語音比例不足 0.0% < 16%）
[recorder][VAD] Silero 語音幀 0/38 (0.0%)，有效語音 0.00s，信心閾值 0.6，最低比例 16%，最低語音 0.35s
[recorder][flush] ❌ VAD 未達有效語音門檻，略過（語音比例不足 0.0% < 16%）
[recorder][VAD] Silero 語音幀 0/38 (0.0%)，有效語音 0.00s，信心閾值 0.6，最低比例 16%，最低語音 0.35s
[recorder][flush] ❌ VAD 未達有效語音門檻，略過（語音比例不足 0.0% < 16%）
[recorder][VAD] Silero 語音幀 0/38 (0.0%)，有效語音 0.00s，信心閾值 0.6，最低比例 16%，最低語音 0.35s
[recorder][flush] ❌ VAD 未達有效語音門檻，略過（語音比例不足 0.0% < 16%）
[recorder][VAD] Silero 語音幀 0/38 (0.0%)，有效語音 0.00s，信心閾值 0.6，最低比例 16%，最低語音 0.35s
[recorder][flush] ❌ VAD 未達有效語音門檻，略過（語音比例不足 0.0% < 16%）
[recorder][VAD] Silero 語音幀 0/31 (0.0%)，有效語音 0.00s，信心閾值 0.6，最低比例 16%，最低語音 0.35s
[recorder][flush] ❌ VAD 未達有效語音門檻，略過（語音比例不足 0.0% < 16%）
[recorder][VAD] Silero 語音幀 0/31 (0.0%)，有效語音 0.00s，信心閾值 0.6，最低比例 16%，最低語音 0.35s
[recorder][flush] ❌ VAD 未達有效語音門檻，略過（語音比例不足 0.0% < 16%）
[recorder][VAD] Silero 語音幀 0/31 (0.0%)，有效語音 0.00s，信心閾值 0.6，最低比例 16%，最低語音 0.35s
[recorder][flush] ❌ VAD 未達有效語音門檻，略過（語音比例不足 0.0% < 16%）
[tap]        [16:35:54.666] 💤 敲麥監聽已停止
[recorder][16:35:54] 💤 預熱 stream 已關閉
[0m