[main]          [14:27:56.753] LOG -> F:\Cursor\AI Whisper Next\logs\ai_whisper_20260607_142756_P8-32.current.log
[settings]      [14:27:56.754] config loaded from F:\Cursor\AI Whisper Next\config.json
[main]          [14:27:56.877] ✅ 快捷鍵 ctrl+f11（句號）、ctrl+f12（逗號）已註冊
[main]          [14:27:56.878] ✅ 主快捷鍵 2/2 已註冊 (Win32)
[main]          [14:27:56.878] ✅ 記憶快捷鍵 5/5 已註冊 (Win32)
[tap]           [14:27:56.894] 🎙️ 敲麥監聽已啟動
[main]          [14:27:56.894] 🔧 DIAG 關閉元件: (none)
[debug]         [14:27:56.908] 🔍 Debug server listening on 127.0.0.1:47643
[recorder][VAD] [14:27:57.077] 載入 Silero VAD 模型 (ONNX): F:\Cursor\AI Whisper Next\assets\silero_vad.onnx
[recorder][VAD] [14:27:57.179] Silero VAD 模型載入完成 (ONNX)
[transcriber]   [14:27:58.359] 🔌 HTTP 連線預熱完成 (1.46s)
[test] ========================================
[test] Paste Test START
[paster]        [14:28:05.908] 📋 CLIP backup: count=4, formats=13:54B, 16:4B, 1:27B, 7:27B, text='AI_WHISPER_TEST_1780'
[paster]        [14:28:05.910] 📋 CLIP set attempt 1/4: chars=26, bytes=54, preview='AI_WHISPER_TEST_1780813685'
[paster]        [14:28:05.971] 📋 CLIP verify ok: attempt=1, chars=26, text='AI_WHISPER_TEST_1780'
[paster]        [14:28:05.973] 📋 CLIP backup: count=4, formats=13:54B, 16:4B, 1:27B, 7:27B, text='AI_WHISPER_TEST_1780'
[paster]        [14:28:05.974] 📋 CLIP set attempt 1/4: chars=16, bytes=34, preview='__RESTORE_TEST__'
[paster]        [14:28:06.035] 📋 CLIP verify ok: attempt=1, chars=16, text='__RESTORE_TEST__'
[paster]        [14:28:06.036] 📋 CLIP restore attempt 1/4: text='AI_WHISPER_TEST_1780'
[paster]        [14:28:06.036] 📋 CLIP restore: restored=4/4, formats=13:54B, 16:4B, 1:27B, 7:27B, text='AI_WHISPER_TEST_1780'
[paster]        [14:28:06.156] 📋 CLIP restore verify ok: attempt=1, text='AI_WHISPER_TEST_1780'
[paster]        [14:28:06.199] 📏 [UIA] 文字為空 → 不加句號
[paster]        [14:28:06.211] 🎯 PASTE: at_end=False, last_punct=False, add_prefix=False, prefix='', uia=39ms, final='TEST_PASTE'
[paster]        [14:28:06.218] ⌨️ TEXT input flow start: target_chars=10，視窗="AI Whisper"，hwnd=0x02e80dfc，process=python.exe，class=Qt6111QWindowIcon，focus=('AI Whisper', 'MainWindow', 'QApplication.MainWindow', 'WindowControl')，verify_readable=False，keys_before=async_down=none; logical_down=none，text='TEST_PASTE'
[paster]        [14:28:06.219] ⌨️ 直接輸入前釋放修飾鍵: released=none，keys_after_release=async_down=none; logical_down=none
[paster]        [14:28:06.226] ⌨️ TEXT input done: ok=True，keys_after_send=async_down=none; logical_down=none
[paster]        [14:28:06.309] ⌨️ TEXT input verify: ok=True，reason=unreadable
[paster]        [14:28:12.169] ⚠️ UIA 查詢超時 (2.0s)，使用備援值
[paster]        [14:28:14.181] ⚠️ UIA 查詢超時 (2.0s)，使用備援值
[paster]        [14:28:16.188] ⚠️ UIA 查詢超時 (2.0s)，使用備援值
[paster]        [14:28:18.191] ⚠️ UIA 查詢超時 (2.0s)，使用備援值
[test] Result: 28/28 passed
[test] Paste Test END ALL PASSED
[test] ========================================
[tap][dim]      [14:30:12.288] 持續=27ms 峰值=409 ✗弱
[tap]           [14:31:40.201] 💤 敲麥監聽已停止
[recorder]      [14:31:40.202] 💤 預熱 stream 已關閉
