[main] LOG -> F:\Cursor\AI Whisper Next\logs\ai_whisper_20260607_042121_P8-32.current.log
[settings] config loaded from F:\Cursor\AI Whisper Next\config.json
[main][04:21:22.025] ✅ 快捷鍵 ctrl+f11（句號）、ctrl+f12（逗號）已註冊
[main][04:21:22.026] ✅ 主快捷鍵 2/2 已註冊 (Win32)
[main][04:21:22.026] ✅ 記憶快捷鍵 5/5 已註冊 (Win32)
[tap]        [04:21:22.045] 🎙️ 敲麥監聽已啟動
[main][04:21:22.049] 🔧 DIAG 關閉元件: (none)
[debug][04:21:22.060] 🔍 Debug server listening on 127.0.0.1:47643
[recorder][VAD] 載入 Silero VAD 模型 (ONNX): F:\Cursor\AI Whisper Next\assets\silero_vad.onnx
[recorder][VAD] Silero VAD 模型載入完成 (ONNX)
[tap][sample][04:21:23.470] 持續=450ms 峰值=8520 ✗長 K=2.4 CF=4.5 SC=1262Hz Att=38.3ms | fK=2.7 fCF=4.7 fSC=1262Hz fFlat=0.260 fHF=0.003
[transcriber][04:21:23.607] 🔌 HTTP 連線預熱完成 (1.56s)
[tap][sample][04:21:24.560] 持續=1053ms 峰值=10054 ✗長 K=1.4 CF=4.7 SC=2252Hz Att=31.0ms | fK=1.6 fCF=4.8 fSC=2245Hz fFlat=0.524 fHF=0.035
[main][04:21:25.220] ⌨️ 主快捷鍵觸發（Win32/逗號），keys=async_down=Ctrl,RCtrl; logical_down=Ctrl,RCtrl
[main][04:21:25.222] ⌨️ after(0) 執行延遲 2.2ms
[tap]        [04:21:25.281] 💤 敲麥監聽已停止
[recorder][04:21:25] ⏱️ InputStream() 15.2ms
[recorder][04:21:25] ⏱️ stream.start() 0.6ms
[recorder][04:21:25] 🎙️ 錄音就緒，總初始化 15.8ms
[main][04:21:25.298] ⏱️ recorder.start() 耗時 16.1ms，ok=True
[tap]        [04:21:25.855] 🎙️ 敲麥監聽已啟動
[main][04:21:25.869] 🎙️ 開始錄音
[recorder][04:21:26] 🎤 第一包音訊到達，麥克風實際開啟延遲 773.3ms
[tap][sample][04:21:28.429] 持續=1530ms 峰值=10120 ✗長 K=2.1 CF=4.7 SC=1876Hz Att=0.2ms | fK=2.2 fCF=4.8 fSC=1898Hz fFlat=0.467 fHF=0.022
[main][04:21:28.616] ⌨️ 主快捷鍵觸發（Win32/逗號），keys=async_down=Ctrl,RCtrl; logical_down=Ctrl,RCtrl
[main][04:21:28.619] ⌨️ after(0) 執行延遲 3.3ms[main][04:21:28.619] ⏳ 預熱 idle 計時器啟動，10 分鐘後關閉麥克風

[recorder][VAD] Silero 語音幀 11/80 (25.0%)，有效語音 0.35s，信心閾值 0.6，最低比例 16%，最低語音 0.35s
[main][04:21:28.628] ✅ 錄音完成，送出辨識
[paster][04:21:28] ⚠️ [UIA] 無 TextPattern
[paster][04:21:28] 🔮 預取游標位置: at_end=False, last_punct=False (delay=0.06s, est_api=0.51s)
[transcriber][04:21:29.341] ⏱️ API 耗時: 0.71s
[main][04:21:29.342] ✅ 辨識完成: "改完更新計畫"
[paster][04:21:29] 🎯 PASTE: at_end=False, last_punct=False, add_prefix=False (prefetched), prefix='，', final='改完更新計畫'
[paster][04:21:29] ⌨️ TEXT input flow start: target_chars=6，視窗="Optimizing AI Whisper Performance"，hwnd=0x002720fe，process=antigravity.exe，class=Chrome_WidgetWin_1，focus=('Message input', 'max-h-[300px] rounded-md cursor-text overflow-y-auto text-md p-2 outline-none transition-all duration-100 text-sm', '', 'ComboBoxControl')，verify_readable=True，keys_before=async_down=none; logical_down=none，text='改完更新計畫'
[paster][04:21:29] ⌨️ 直接輸入前釋放修飾鍵: released=none，keys_after_release=async_down=none; logical_down=none
[paster][04:21:29] ⌨️ TEXT input done: ok=True，keys_after_send=async_down=none; logical_down=none
[paster][04:21:29] ⏱️ 收到→直接輸入完成: 0.07s
[paster][04:21:29] ⌨️ TEXT input verify: ok=True，reason=changed
[test] ========================================
[test] Paste Test START
[paster][04:21:30] 📋 CLIP backup: count=4, formats=13:54B, 16:4B, 1:27B, 7:27B, text='AI_WHISPER_TEST_1780'
[paster][04:21:30] 📋 CLIP set attempt 1/4: chars=26, bytes=54, preview='AI_WHISPER_TEST_1780777290'
[paster][04:21:30] 📋 CLIP verify ok: attempt=1, chars=26, text='AI_WHISPER_TEST_1780'
[paster][04:21:30] 📋 CLIP backup: count=4, formats=13:54B, 16:4B, 1:27B, 7:27B, text='AI_WHISPER_TEST_1780'
[paster][04:21:30] 📋 CLIP set attempt 1/4: chars=16, bytes=34, preview='__RESTORE_TEST__'
[paster][04:21:30] 📋 CLIP verify ok: attempt=1, chars=16, text='__RESTORE_TEST__'
[paster][04:21:30] 📋 CLIP restore attempt 1/4: text='AI_WHISPER_TEST_1780'
[paster][04:21:30] 📋 CLIP restore: restored=4/4, formats=13:54B, 16:4B, 1:27B, 7:27B, text='AI_WHISPER_TEST_1780'
[paster][04:21:31] 📋 CLIP restore verify ok: attempt=1, text='AI_WHISPER_TEST_1780'
[paster][04:21:31] ⚠️ [UIA] 無 TextPattern
[paster][04:21:31] 🎯 PASTE: at_end=False, last_punct=False, add_prefix=False, prefix='', uia=6ms, final='TEST_PASTE'
[paster][04:21:31] ⌨️ TEXT input flow start: target_chars=10，視窗="Optimizing AI Whisper Performance"，hwnd=0x002720fe，process=antigravity.exe，class=Chrome_WidgetWin_1，focus=('Message input', 'max-h-[300px] rounded-md cursor-text overflow-y-auto text-md p-2 outline-none transition-all duration-100 text-sm', '', 'ComboBoxControl')，verify_readable=True，keys_before=async_down=none; logical_down=none，text='TEST_PASTE'
[paster][04:21:31] ⌨️ 直接輸入前釋放修飾鍵: released=none，keys_after_release=async_down=none; logical_down=none
[paster][04:21:31] ⌨️ TEXT input done: ok=True，keys_after_send=async_down=none; logical_down=none
[paster][04:21:31] ⌨️ TEXT input verify: ok=True，reason=changed
[test] Result: 20/20 passed
[test] Paste Test END ALL PASSED
[test] ========================================
[tap]        [04:24:15.440] 💤 敲麥監聽已停止
[recorder][04:24:15] 💤 預熱 stream 已關閉
