[main]          [00:20:37.938] LOG -> F:\Cursor\AI Whisper Next\logs\ai_whisper_20260609_002037_P8-32.current.log
[settings]      [00:20:37.939] config loaded from F:\Cursor\AI Whisper Next\config.json
[main]          [00:20:38.068] ✅ 快捷鍵 ctrl+f11（句號）、ctrl+f12（逗號）已註冊
[main]          [00:20:38.069] ✅ 主快捷鍵 2/2 已註冊 (Win32)
[main]          [00:20:38.069] ✅ 記憶快捷鍵 5/5 已註冊 (Win32)
[tap]           [00:20:38.086] 🎙️ 敲麥監聽已啟動
[main]          [00:20:38.086] 🔧 DIAG 關閉元件: (none)
[debug]         [00:20:38.097] 🔍 Debug server listening on 127.0.0.1:47643
[recorder][VAD] [00:20:38.288] 載入 Silero VAD 模型 (ONNX): F:\Cursor\AI Whisper Next\assets\silero_vad.onnx
[recorder][VAD] [00:20:38.389] Silero VAD 模型載入完成 (ONNX)
[transcriber]   [00:20:39.648] 🔌 HTTP 連線預熱完成 (1.56s)
[tap][dim]      [00:21:03.651] 持續=36ms 峰值=329 ✗弱
[test] ========================================
[test] Paste Test START
[paster]        [00:21:24.616] 📋 CLIP backup: count=7, formats=49377:1419B, 13:34B, 49991:24B, 49941:667B, 16:4B, 1:17B, 7:17B, text='Moog Inc Class A'
[paster]        [00:21:24.630] 📋 CLIP set attempt 1/4: chars=26, bytes=54, preview='AI_WHISPER_TEST_1780935684'
[paster]        [00:21:24.693] 📋 CLIP verify ok: attempt=1, chars=26, text='AI_WHISPER_TEST_1780'
[paster]        [00:21:24.709] 📋 CLIP backup: count=4, formats=13:54B, 16:4B, 1:27B, 7:27B, text='AI_WHISPER_TEST_1780'
[paster]        [00:21:24.711] 📋 CLIP set attempt 1/4: chars=16, bytes=34, preview='__RESTORE_TEST__'
[paster]        [00:21:24.773] 📋 CLIP verify ok: attempt=1, chars=16, text='__RESTORE_TEST__'
[paster]        [00:21:24.774] 📋 CLIP restore attempt 1/4: text='AI_WHISPER_TEST_1780'
[paster]        [00:21:24.775] 📋 CLIP restore: restored=4/4, formats=13:54B, 16:4B, 1:27B, 7:27B, text='AI_WHISPER_TEST_1780'
[paster]        [00:21:24.895] 📋 CLIP restore verify ok: attempt=1, text='AI_WHISPER_TEST_1780'
[paster]        [00:21:24.970] 🎯 PASTE: add_prefix=False (no prefix), final='TEST_PASTE'
[paster]        [00:21:25.561] ⌨️ TEXT input flow start: target_chars=10，視窗="Analyzing Paste-Transcription Timing Sequence"，hwnd=0x015c200c，process=antigravity.exe，class=Chrome_WidgetWin_1，focus=('Message input', 'max-h-[300px] rounded-md cursor-text overflow-y-auto text-md p-2 outline-none transition-all duration-100 text-sm', '', 'ComboBoxControl')，verify_readable=True，keys_before=async_down=none; logical_down=none，text='TEST_PASTE'
[paster]        [00:21:25.565] ⌨️ 直接輸入前釋放修飾鍵: released=none，keys_after_release=async_down=none; logical_down=none
[paster]        [00:21:25.582] ⌨️ TEXT input done: ok=True，keys_after_send=async_down=none; logical_down=none
[paster]        [00:21:25.583] ⌨️ TEXT input verify: ok=True，reason=sendinput_trusted (hwnd unchanged)
[paster]        [00:21:30.363] 🎯 PASTE: add_prefix=False (no prefix), final='FIX4_TEST'
[paster]        [00:21:30.370] ⌨️ TEXT input skipped: target not UIA-readable (cannot verify)，process=antigravity.exe，class=Chrome_WidgetWin_1，focus=('Message input', 'max-h-[300px] rounded-md cursor-text overflow-y-auto text-md p-2 outline-none transition-all duration-100 text-sm', '', 'ComboBoxControl')
[paster]        [00:21:30.374] ⌨️ TEXT input skipped: process=antigravity.exe，class=Chrome_WidgetWin_1，focus=('Message input', 'max-h-[300px] rounded-md cursor-text overflow-y-auto text-md p-2 outline-none transition-all duration-100 text-sm', '', 'ComboBoxControl')，preserve_ctrl=False
[paster]        [00:21:30.381] 📋 CLIP flow start: target_chars=9, restore_delay=0.30s
[paster]        [00:21:30.383] 📋 CLIP backup: count=4, formats=13:54B, 16:4B, 1:27B, 7:27B, text='AI_WHISPER_TEST_1780'
[paster]        [00:21:30.389] 📋 CLIP set attempt 1/4: chars=9, bytes=20, preview='FIX4_TEST'
[paster]        [00:21:30.451] 📋 CLIP verify ok: attempt=1, chars=9, text='FIX4_TEST'
[paster]        [00:21:30.533] ⌨️ Ctrl+V 準備送出，cb_ok=True，視窗="Analyzing Paste-Transcription Timing Sequence"，hwnd=0x015c200c，process=antigravity.exe，class=Chrome_WidgetWin_1，keys_before=async_down=none; logical_down=none，text='FIX4_TEST'
[paster]        [00:21:30.538] ⌨️ 貼上前釋放修飾鍵: released=none，restore_later=none，preserve_ctrl=False，keys_after_release=async_down=none; logical_down=none
[paster]        [00:21:30.548] ⌨️ Ctrl+V 已送出，keys_after_send=async_down=none; logical_down=none
[paster]        [00:21:30.676] 🚫 CLIP guard armed: manual Ctrl+V suppressed
[paster]        [00:21:30.677] 📋 CLIP restore wait: 0.30s
[paster]        [00:21:30.978] 📋 CLIP restore attempt 1/4: text='AI_WHISPER_TEST_1780'
[paster]        [00:21:30.978] 📋 CLIP restore: restored=4/4, formats=13:54B, 16:4B, 1:27B, 7:27B, text='AI_WHISPER_TEST_1780'
[paster]        [00:21:31.099] 📋 CLIP restore verify ok: attempt=1, text='AI_WHISPER_TEST_1780'
[paster]        [00:21:31.100] 🚫 CLIP guard disarmed: blocked=0
[paster]        [00:21:33.305] 📋 CLIP watchdog done: checks=11, repairs=0, ok=True, final='AI_WHISPER_TEST_1780'
[paster]        [00:21:33.306] 📋 剪貼簿已還原驗證（4 種格式，restore_ok=True, watch_ok=True）
[paster]        [00:21:35.920] 🎯 PASTE: add_prefix=False (no prefix), final='777_驗證test_The quick brown fox jumps ove'
[paster]        [00:21:35.928] ⌨️ TEXT input flow start: target_chars=88，視窗="LINE"，hwnd=0x1f3d0d3c，process=line.exe，class=Qt663QWindowIcon，focus=('', '', '', 'ListItemControl')，verify_readable=True，keys_before=async_down=none; logical_down=none，text='777_驗證test_The quick brown fox jumps ove'
[paster]        [00:21:35.930] ⌨️ 直接輸入前釋放修飾鍵: released=none，keys_after_release=async_down=none; logical_down=none
[paster]        [00:21:35.934] ⌨️ TEXT input done: ok=True，keys_after_send=async_down=none; logical_down=none
[paster]        [00:21:35.935] ⌨️ TEXT input verify: ok=True，reason=wm_char_trusted
[paster]        [00:21:44.030] 🎯 PASTE: add_prefix=False (no prefix), final='777_驗證test_The quick brown fox jumps ove'
[paster]        [00:21:44.058] ⌨️ TEXT input flow start: target_chars=88，視窗="YouTube - Google Chrome"，hwnd=0x00052364，process=chrome.exe，class=Chrome_WidgetWin_1，focus=('網址與搜尋列', 'OmniboxViewViews', 'view_1012', 'EditControl')，verify_readable=True，keys_before=async_down=none; logical_down=none，text='777_驗證test_The quick brown fox jumps ove'
[paster]        [00:21:44.061] ⌨️ 直接輸入前釋放修飾鍵: released=none，keys_after_release=async_down=none; logical_down=none
[paster]        [00:21:44.066] ⌨️ TEXT input done: ok=True，keys_after_send=async_down=none; logical_down=none
[paster]        [00:21:44.066] ⌨️ TEXT input verify: ok=True，reason=wm_char_trusted
[paster]        [00:21:51.645] 🎯 PASTE: add_prefix=False (no prefix), final='777_驗證test_The quick brown fox jumps ove'
[paster]        [00:21:51.650] ⌨️ TEXT input flow start: target_chars=88，視窗="LINE"，hwnd=0x1f3d0d3c，process=line.exe，class=Qt663QWindowIcon，focus=('', '', '', 'ListItemControl')，verify_readable=True，keys_before=async_down=none; logical_down=none，text='777_驗證test_The quick brown fox jumps ove'
[paster]        [00:21:51.650] ⌨️ 直接輸入前釋放修飾鍵: released=none，keys_after_release=async_down=none; logical_down=none
[paster]        [00:21:51.654] ⌨️ TEXT input done: ok=True，keys_after_send=async_down=none; logical_down=none
[paster]        [00:21:51.655] ⌨️ TEXT input verify: ok=True，reason=wm_char_trusted
[paster]        [00:22:38.413] ⚠️ [UIA] 無 TextPattern
[paster]        [00:22:38.415] 🎯 PASTE: at_end=False, last_punct=False, add_prefix=False, prefix='。', uia=19ms, final='test'
[paster]        [00:22:38.432] ⌨️ TEXT input flow start: target_chars=4，視窗="Analyzing Paste-Transcription Timing Sequence"，hwnd=0x015c200c，process=antigravity.exe，class=Chrome_WidgetWin_1，focus=('Message input', 'max-h-[300px] rounded-md cursor-text overflow-y-auto text-md p-2 outline-none transition-all duration-100 text-sm', '', 'ComboBoxControl')，verify_readable=True，keys_before=async_down=none; logical_down=none，text='test'
[paster]        [00:22:38.436] ⌨️ 直接輸入前釋放修飾鍵: released=none，keys_after_release=async_down=none; logical_down=none
[paster]        [00:22:38.454] ⌨️ TEXT input done: ok=True，keys_after_send=async_down=none; logical_down=none
[paster]        [00:22:38.455] ⌨️ TEXT input verify: ok=True，reason=sendinput_trusted (hwnd unchanged)
[main]          [00:23:09.611] ⌨️ 主快捷鍵觸發（Win32/逗號），keys=async_down=Ctrl,RCtrl; logical_down=Ctrl,RCtrl
[main]          [00:23:09.616] ⌨️ after(0) 執行延遲 4.9ms
[tap]           [00:23:09.674] 💤 敲麥監聽已停止
[recorder]      [00:23:09.710] ⏱️ InputStream() 32.8ms
[recorder]      [00:23:09.710] ⏱️ stream.start() 0.6ms
[recorder]      [00:23:09.713] 🎙️ 錄音就緒，總初始化 33.3ms
[main]          [00:23:09.713] ⏱️ recorder.start() 耗時 36.1ms，ok=True
[tap]           [00:23:10.285] 🎙️ 敲麥監聽已啟動
[main]          [00:23:10.292] 🎙️ 開始錄音
[recorder]      [00:23:10.497] 🎤 第一包音訊到達，麥克風實際開啟延遲 787.3ms
[tap][sample]   [00:23:11.200] 持續=26ms 峰值=1007 ✓ K=16.5 CF=6.3 SC=880Hz Att=1.9ms | fK=31.0 fCF=8.6 fSC=819Hz fFlat=0.141 fHF=0.000 🎯 敲擊 #1
[tap][sample]   [00:23:12.477] 持續=540ms 峰值=12379 ✗長 K=0.6 CF=3.4 SC=2522Hz Att=33.1ms | fK=0.8 fCF=3.5 fSC=2527Hz fFlat=0.498 fHF=0.085
[tap][sample]   [00:23:13.216] 持續=549ms 峰值=10750 ✗長 K=1.8 CF=4.2 SC=2937Hz Att=111.1ms | fK=2.1 fCF=4.3 fSC=2932Hz fFlat=0.565 fHF=0.146
[recorder][VAD] [00:23:14.371] ✅ Silero 11/121 (18.6%), 0.35s speech
[recorder][flush][00:23:14.372] ✅ 取出 3.9s 音訊段落
[main]          [00:23:14.373] ✂️ 自動分段送出（靜音達1s，累積 3.9s，靜音 1.2s）
[paster]        [00:23:14.527] ⚠️ [UIA] 無 TextPattern
[paster]        [00:23:14.528] 🔮 預取游標位置: at_end=False, last_punct=False (delay=0.15s, est_api=0.57s)
[transcriber]   [00:23:15.160] ⏱️ API 耗時: 0.79s
[main]          [00:23:15.160] ✅ 分段辨識完成: "測試測試"
[paster]        [00:23:15.192] 🎯 PASTE: at_end=False, last_punct=False, add_prefix=False (prefetched), prefix='，', final='測試測試'
[paster]        [00:23:15.197] ⌨️ TEXT input flow start: target_chars=4，視窗="Analyzing Paste-Transcription Timing Sequence"，hwnd=0x015c200c，process=antigravity.exe，class=Chrome_WidgetWin_1，focus=('Message input', 'max-h-[300px] rounded-md cursor-text overflow-y-auto text-md p-2 outline-none transition-all duration-100 text-sm', '', 'ComboBoxControl')，verify_readable=True，keys_before=async_down=none; logical_down=none，text='測試測試'
[paster]        [00:23:15.197] ⌨️ 直接輸入前釋放修飾鍵: released=none，keys_after_release=async_down=none; logical_down=none
[paster]        [00:23:15.203] ⌨️ TEXT input done: ok=True，keys_after_send=async_down=none; logical_down=none
[paster]        [00:23:15.204] ⏱️ 收到→直接輸入完成: 0.04s
[paster]        [00:23:15.208] ⌨️ TEXT input verify: ok=True，reason=sendinput_trusted (hwnd unchanged)
[tap][dim]      [00:23:18.822] 持續=45ms 峰值=530 ✗弱
[tap][dim]      [00:23:18.876] 持續=27ms 峰值=315 ✗弱
[tap][sample]   [00:23:19.776] 持續=900ms 峰值=13922 ✗長 K=-0.0 CF=2.9 SC=2201Hz Att=19.7ms | fK=0.1 fCF=3.0 fSC=2197Hz fFlat=0.559 fHF=0.040
[tap][dim]      [00:23:19.812] 持續=36ms 峰值=406 ✗弱
[recorder][VAD] [00:23:20.862] ✅ Silero 11/89 (26.8%), 0.35s speech
[recorder][flush][00:23:20.863] ✅ 取出 2.8s 音訊段落
[main]          [00:23:20.863] ✂️ 自動分段送出（靜音達1s，累積 2.8s，靜音 1.1s）
[paster]        [00:23:20.866] ⚠️ [UIA] 無 TextPattern
[paster]        [00:23:20.866] 🔮 預取游標位置: at_end=False, last_punct=False (delay=0.00s, est_api=0.54s)
[main]          [00:23:21.052] ⌨️ 主快捷鍵觸發（Win32/逗號），keys=async_down=Ctrl,RCtrl; logical_down=Ctrl,RCtrl
[main]          [00:23:21.057] ⌨️ after(0) 執行延遲 4.3ms[main]          [00:23:21.060] ⏳ 預熱 idle 計時器啟動，10 分鐘後關閉麥克風

[recorder][stop][00:23:21.069] 錄音太短 (0.19s)，略過
[transcriber]   [00:23:22.577] ⏱️ API 耗時: 1.71s
[main]          [00:23:22.580] ✅ 分段辨識完成: "測試一下"
[paster]        [00:23:22.615] 🎯 PASTE: at_end=False, last_punct=False, add_prefix=False (prefetched), prefix='，', final='測試一下'
[paster]        [00:23:22.619] ⌨️ TEXT input flow start: target_chars=4，視窗="Analyzing Paste-Transcription Timing Sequence"，hwnd=0x015c200c，process=antigravity.exe，class=Chrome_WidgetWin_1，focus=('Message input', 'max-h-[300px] rounded-md cursor-text overflow-y-auto text-md p-2 outline-none transition-all duration-100 text-sm', '', 'ComboBoxControl')，verify_readable=True，keys_before=async_down=none; logical_down=none，text='測試一下'
[paster]        [00:23:22.619] ⌨️ 直接輸入前釋放修飾鍵: released=none，keys_after_release=async_down=none; logical_down=none
[paster]        [00:23:22.630] ⌨️ TEXT input done: ok=True，keys_after_send=async_down=none; logical_down=none
[paster]        [00:23:22.631] ⏱️ 收到→直接輸入完成: 0.05s
[paster]        [00:23:22.634] ⌨️ TEXT input verify: ok=True，reason=sendinput_trusted (hwnd unchanged)
[main]          [00:23:25.148] ⌨️ 主快捷鍵觸發（Win32/逗號），keys=async_down=Ctrl,RCtrl; logical_down=Ctrl,RCtrl
[main]          [00:23:25.150] ⌨️ after(0) 執行延遲 1.1ms
[tap]           [00:23:25.168] 💤 敲麥監聽已停止
[recorder]      [00:23:25.169] 🚀 預熱命中，直接開始錄音
[main]          [00:23:25.169] ⏱️ recorder.start() 耗時 0.4ms，ok=True
[tap]           [00:23:25.173] 🎙️ 敲麥監聽已啟動
[main]          [00:23:25.177] 🎙️ 開始錄音
[tap][sample]   [00:23:27.084] 持續=1017ms 峰值=14641 ✗長 K=-0.0 CF=3.0 SC=2364Hz Att=31.7ms | fK=0.1 fCF=3.1 fSC=2369Hz fFlat=0.590 fHF=0.055
[recorder][VAD] [00:23:28.220] ✅ Silero 11/95 (26.2%), 0.35s speech
[recorder][flush][00:23:28.221] ✅ 取出 3.0s 音訊段落
[main]          [00:23:28.222] ✂️ 自動分段送出（靜音達1s，累積 3.0s，靜音 1.2s）
[paster]        [00:23:28.224] ⚠️ [UIA] 無 TextPattern
[paster]        [00:23:28.224] 🔮 預取游標位置: at_end=False, last_punct=False (delay=0.00s, est_api=0.55s)
[transcriber]   [00:23:28.928] ⏱️ API 耗時: 0.71s
[main]          [00:23:28.929] ✅ 分段辨識完成: "測試一下喔"
[paster]        [00:23:28.961] 🎯 PASTE: at_end=False, last_punct=False, add_prefix=False (prefetched), prefix='，', final='測試一下喔'
[paster]        [00:23:28.966] ⌨️ TEXT input flow start: target_chars=5，視窗="Analyzing Paste-Transcription Timing Sequence"，hwnd=0x015c200c，process=antigravity.exe，class=Chrome_WidgetWin_1，focus=('Message input', 'max-h-[300px] rounded-md cursor-text overflow-y-auto text-md p-2 outline-none transition-all duration-100 text-sm', '', 'ComboBoxControl')，verify_readable=True，keys_before=async_down=none; logical_down=none，text='測試一下喔'
[paster]        [00:23:28.967] ⌨️ 直接輸入前釋放修飾鍵: released=none，keys_after_release=async_down=none; logical_down=none
[paster]        [00:23:28.974] ⌨️ TEXT input done: ok=True，keys_after_send=async_down=none; logical_down=none
[paster]        [00:23:28.974] ⏱️ 收到→直接輸入完成: 0.05s
[paster]        [00:23:28.976] ⌨️ TEXT input verify: ok=True，reason=sendinput_trusted (hwnd unchanged)
[tap][dim]      [00:23:43.032] 持續=45ms 峰值=502 ✗弱
[tap][sample]   [00:23:44.049] 持續=225ms 峰值=13182 ✗長 K=0.6 CF=3.2 SC=1228Hz Att=44.5ms | fK=1.1 fCF=3.4 fSC=1229Hz fFlat=0.231 fHF=0.003
[tap][sample]   [00:23:44.751] 持續=666ms 峰值=14391 ✗長 K=0.1 CF=3.1 SC=1343Hz Att=0.2ms | fK=0.2 fCF=3.1 fSC=1343Hz fFlat=0.297 fHF=0.004
[main]          [00:23:45.139] ⌨️ 主快捷鍵觸發（Win32/逗號），keys=async_down=Ctrl,RCtrl; logical_down=Ctrl,RCtrl
[main]          [00:23:45.140] ⌨️ after(0) 執行延遲 1.1ms[main]          [00:23:45.142] ⏳ 預熱 idle 計時器啟動，10 分鐘後關閉麥克風

[recorder][VAD] [00:23:45.157] ❌ Silero 13/97 (13.4%), 0.42s speech (need 16%/0.35s)
[recorder][stop][00:23:45.158] ❌ VAD 不送出辨識（語音比例不足 13.4% < 16%）
[main]          [00:23:46.409] ⌨️ 主快捷鍵觸發（Win32/逗號），keys=async_down=Ctrl,RCtrl; logical_down=Ctrl,RCtrl
[main]          [00:23:46.410] ⌨️ after(0) 執行延遲 1.1ms
[tap]           [00:23:46.435] 💤 敲麥監聽已停止
[recorder]      [00:23:46.436] 🚀 預熱命中，直接開始錄音
[main]          [00:23:46.436] ⏱️ recorder.start() 耗時 0.4ms，ok=True
[tap]           [00:23:46.440] 🎙️ 敲麥監聽已啟動
[main]          [00:23:46.446] 🎙️ 開始錄音
[tap][sample]   [00:23:47.468] 持續=162ms 峰值=12935 ✓ K=1.2 CF=3.5 SC=1247Hz Att=36.3ms | fK=2.1 fCF=3.8 fSC=1247Hz fFlat=0.220 fHF=0.003 🎯 敲擊 #1
[tap][sample]   [00:23:49.134] 持續=1629ms 峰值=14813 ✗長 K=0.7 CF=3.3 SC=1605Hz Att=0.1ms | fK=1.1 fCF=3.6 fSC=1620Hz fFlat=0.419 fHF=0.009
[tap][dim]      [00:23:49.171] 持續=36ms 峰值=305 ✗弱
[recorder][VAD] [00:23:50.309] ✅ Silero 11/119 (21.6%), 0.35s speech
[recorder][flush][00:23:50.312] ✅ 取出 3.8s 音訊段落
[main]          [00:23:50.313] ✂️ 自動分段送出（靜音達1s，累積 3.8s，靜音 1.1s）
[paster]        [00:23:50.463] ⚠️ [UIA] 無 TextPattern
[paster]        [00:23:50.466] 🔮 預取游標位置: at_end=False, last_punct=False (delay=0.15s, est_api=0.57s)
[transcriber]   [00:23:51.228] ⏱️ API 耗時: 0.90s
[main]          [00:23:51.231] ✅ 分段辨識完成: "不對啊，完全錯了"
[paster]        [00:23:51.273] 🎯 PASTE: at_end=False, last_punct=False, add_prefix=False (prefetched), prefix='，', final='不對啊，完全錯了'
[paster]        [00:23:51.330] ⌨️ TEXT input flow start: target_chars=8，視窗="Analyzing Paste-Transcription Timing Sequence"，hwnd=0x015c200c，process=antigravity.exe，class=Chrome_WidgetWin_1，focus=('Message input', 'max-h-[300px] rounded-md cursor-text overflow-y-auto text-md p-2 outline-none transition-all duration-100 text-sm', '', 'ComboBoxControl')，verify_readable=True，keys_before=async_down=none; logical_down=none，text='不對啊，完全錯了'
[paster]        [00:23:51.335] ⌨️ 直接輸入前釋放修飾鍵: released=none，keys_after_release=async_down=none; logical_down=none
[paster]        [00:23:51.352] ⌨️ TEXT input done: ok=True，keys_after_send=async_down=none; logical_down=none
[paster]        [00:23:51.353] ⏱️ 收到→直接輸入完成: 0.12s
[paster]        [00:23:51.356] ⌨️ TEXT input verify: ok=True，reason=sendinput_trusted (hwnd unchanged)
[tap][dim]      [00:24:01.716] 持續=36ms 峰值=367 ✗弱
[tap][sample]   [00:24:02.940] 持續=711ms 峰值=11752 ✗長 K=2.1 CF=4.3 SC=1560Hz Att=368.2ms | fK=2.3 fCF=4.4 fSC=1566Hz fFlat=0.375 fHF=0.007
[recorder][VAD] [00:24:04.114] ✅ Silero 11/107 (18.0%), 0.35s speech
[recorder][flush][00:24:04.114] ✅ 取出 3.4s 音訊段落
[main]          [00:24:04.115] ✂️ 自動分段送出（靜音達1s，累積 3.4s，靜音 1.2s）
[paster]        [00:24:04.253] ⚠️ [UIA] 無 TextPattern
[paster]        [00:24:04.254] 🔮 預取游標位置: at_end=False, last_punct=False (delay=0.14s, est_api=0.56s)
[transcriber]   [00:24:04.995] ⏱️ API 耗時: 0.88s
[main]          [00:24:04.997] ✅ 分段辨識完成: "現在"
[paster]        [00:24:05.028] 🎯 PASTE: at_end=False, last_punct=False, add_prefix=False (prefetched), prefix='，', final='現在'
[paster]        [00:24:05.032] ⌨️ TEXT input flow start: target_chars=2，視窗="Analyzing Paste-Transcription Timing Sequence"，hwnd=0x015c200c，process=antigravity.exe，class=Chrome_WidgetWin_1，focus=('Message input', 'max-h-[300px] rounded-md cursor-text overflow-y-auto text-md p-2 outline-none transition-all duration-100 text-sm', '', 'ComboBoxControl')，verify_readable=True，keys_before=async_down=none; logical_down=none，text='現在'
[paster]        [00:24:05.033] ⌨️ 直接輸入前釋放修飾鍵: released=none，keys_after_release=async_down=none; logical_down=none
[paster]        [00:24:05.037] ⌨️ TEXT input done: ok=True，keys_after_send=async_down=none; logical_down=none
[paster]        [00:24:05.038] ⏱️ 收到→直接輸入完成: 0.04s
[paster]        [00:24:05.040] ⌨️ TEXT input verify: ok=True，reason=sendinput_trusted (hwnd unchanged)
[tap][dim]      [00:24:09.924] 持續=36ms 峰值=442 ✗弱
[tap][sample]   [00:24:11.049] 持續=954ms 峰值=13364 ✗長 K=0.9 CF=3.6 SC=1796Hz Att=72.0ms | fK=1.0 fCF=3.7 fSC=1797Hz fFlat=0.463 fHF=0.014
[tap][sample]   [00:24:12.354] 持續=1268ms 峰值=13232 ✗長 K=0.8 CF=3.6 SC=2398Hz Att=58.9ms | fK=0.9 fCF=3.6 fSC=2401Hz fFlat=0.589 fHF=0.065
[tap][dim]      [00:24:12.390] 持續=36ms 峰值=594 ✗弱
[tap][sample]   [00:24:12.804] 持續=279ms 峰值=10038 ✗長 K=2.8 CF=4.0 SC=804Hz Att=56.6ms | fK=3.4 fCF=4.2 fSC=801Hz fFlat=0.129 fHF=0.000
[tap][dim]      [00:24:12.839] 持續=36ms 峰值=437 ✗弱
[tap][sample]   [00:24:13.381] 持續=540ms 峰值=12371 ✗長 K=1.2 CF=3.8 SC=2353Hz Att=22.5ms | fK=1.5 fCF=3.9 fSC=2356Hz fFlat=0.563 fHF=0.048
[tap][sample]   [00:24:14.371] 持續=963ms 峰值=12871 ✗長 K=1.2 CF=3.8 SC=2122Hz Att=9.9ms | fK=1.3 fCF=3.9 fSC=2119Hz fFlat=0.554 fHF=0.030
[tap][sample]   [00:24:16.035] 持續=1593ms 峰值=11735 ✗長 K=2.5 CF=4.6 SC=1989Hz Att=85.1ms | fK=2.9 fCF=4.8 fSC=2060Hz fFlat=0.535 fHF=0.029
[tap][sample]   [00:24:16.611] 持續=513ms 峰值=12768 ✗長 K=1.7 CF=4.2 SC=1911Hz Att=6.1ms | fK=2.0 fCF=4.4 fSC=1905Hz fFlat=0.491 fHF=0.018
[tap][dim]      [00:24:16.647] 持續=36ms 峰值=534 ✗弱
[tap][sample]   [00:24:16.971] 持續=324ms 峰值=11035 ✗長 K=0.7 CF=3.6 SC=1470Hz Att=17.5ms | fK=1.1 fCF=3.7 fSC=1468Hz fFlat=0.362 fHF=0.004
[tap][sample]   [00:24:17.673] 持續=675ms 峰值=7570 ✗長 K=2.1 CF=4.9 SC=1623Hz Att=322.2ms | fK=2.3 fCF=5.0 fSC=1617Hz fFlat=0.410 fHF=0.010
[tap][dim]      [00:24:17.700] 持續=27ms 峰值=458 ✗弱
[tap][sample]   [00:24:18.024] 持續=324ms 峰值=9105 ✗長 K=2.2 CF=4.6 SC=1321Hz Att=172.9ms | fK=2.7 fCF=4.8 fSC=1315Hz fFlat=0.274 fHF=0.003
[tap][sample]   [00:24:18.349] 持續=253ms 峰值=9434 ✗長 K=4.8 CF=5.4 SC=1057Hz Att=40.0ms | fK=5.8 fCF=5.8 fSC=1057Hz fFlat=0.209 fHF=0.001
[tap][sample]   [00:24:18.988] 持續=612ms 峰值=10948 ✗長 K=1.8 CF=4.7 SC=1232Hz Att=7.4ms | fK=2.1 fCF=4.8 fSC=1232Hz fFlat=0.278 fHF=0.001
[tap][dim]      [00:24:19.014] 持續=27ms 峰值=570 ✗弱
[tap][sample]   [00:24:19.762] 持續=747ms 峰值=11278 ✗長 K=2.0 CF=4.4 SC=1639Hz Att=352.6ms | fK=2.2 fCF=4.5 fSC=1644Hz fFlat=0.427 fHF=0.008
[tap][dim]      [00:24:19.788] 持續=27ms 峰值=355 ✗弱
[tap][sample]   [00:24:20.077] 持續=288ms 峰值=8634 ✗長 K=11.1 CF=6.6 SC=2760Hz Att=3.1ms | fK=12.7 fCF=7.0 fSC=2757Hz fFlat=0.658 fHF=0.170
[recorder][VAD] [00:24:21.185] ✅ Silero 11/355 (42.3%), 0.35s speech
[recorder][flush][00:24:21.186] ✅ 取出 11.4s 音訊段落
[main]          [00:24:21.186] ✂️ 自動分段送出（靜音達1s，累積 11.4s，靜音 1.1s）
[paster]        [00:24:21.523] ⚠️ [UIA] 無 TextPattern
[paster]        [00:24:21.524] 🔮 預取游標位置: at_end=False, last_punct=False (delay=0.33s, est_api=0.75s)
[transcriber]   [00:24:22.889] ⏱️ API 耗時: 1.70s
[main]          [00:24:23.487] ✅ 分段辨識完成: "現在如果識別完成，那個波形圖就不見了，但我們原本的設計是波形圖只要我沒有關閉錄音他就會一直跑"
[paster]        [00:24:23.535] 🎯 PASTE: at_end=False, last_punct=False, add_prefix=False (prefetched), prefix='，', final='現在如果識別完成，那個波形圖就不見了，但我們原本的設計是波形圖只要我沒有關閉錄音'
[paster]        [00:24:23.541] ⌨️ TEXT input flow start: target_chars=46，視窗="Analyzing Paste-Transcription Timing Sequence"，hwnd=0x015c200c，process=antigravity.exe，class=Chrome_WidgetWin_1，focus=('Message input', 'max-h-[300px] rounded-md cursor-text overflow-y-auto text-md p-2 outline-none transition-all duration-100 text-sm', '', 'ComboBoxControl')，verify_readable=True，keys_before=async_down=none; logical_down=none，text='現在如果識別完成，那個波形圖就不見了，但我們原本的設計是波形圖只要我沒有關閉錄音'
[paster]        [00:24:23.543] ⌨️ 直接輸入前釋放修飾鍵: released=none，keys_after_release=async_down=none; logical_down=none
[paster]        [00:24:23.602] ⌨️ TEXT input done: ok=True，keys_after_send=async_down=none; logical_down=none
[paster]        [00:24:23.604] ⏱️ 收到→直接輸入完成: 0.12s
[paster]        [00:24:23.605] ⌨️ TEXT input verify: ok=True，reason=sendinput_trusted (hwnd unchanged)
[tap][sample]   [00:24:26.656] 持續=1315ms 峰值=13465 ✗長 K=1.5 CF=4.0 SC=1843Hz Att=2.4ms | fK=1.7 fCF=4.0 fSC=1842Hz fFlat=0.456 fHF=0.019
[tap][dim]      [00:24:26.692] 持續=36ms 峰值=451 ✗弱
[tap][sample]   [00:24:27.402] 持續=360ms 峰值=8036 ✗長 K=3.9 CF=4.8 SC=1370Hz Att=32.1ms | fK=4.5 fCF=5.1 fSC=1366Hz fFlat=0.304 fHF=0.006
[tap][sample]   [00:24:27.618] 持續=189ms 峰值=5921 ✗長 K=3.3 CF=4.7 SC=1535Hz Att=31.1ms | fK=4.3 fCF=5.1 fSC=1535Hz fFlat=0.311 fHF=0.009
[tap][dim]      [00:24:27.645] 持續=27ms 峰值=557 ✗弱
[tap][sample]   [00:24:27.808] 持續=162ms 峰值=7984 ✗長 K=2.2 CF=4.9 SC=1286Hz Att=41.1ms | fK=3.2 fCF=5.4 fSC=1285Hz fFlat=0.175 fHF=0.003
[tap][sample]   [00:24:28.842] 持續=1008ms 峰值=10575 ✗長 K=3.1 CF=4.9 SC=1274Hz Att=209.3ms | fK=3.2 fCF=5.0 fSC=1277Hz fFlat=0.267 fHF=0.002
[tap][sample]   [00:24:29.571] 持續=486ms 峰值=10065 ✗長 K=2.6 CF=4.6 SC=1073Hz Att=76.9ms | fK=3.0 fCF=4.7 fSC=1071Hz fFlat=0.164 fHF=0.002
[tap][dim]      [00:24:29.598] 持續=27ms 峰值=381 ✗弱
[tap][sample]   [00:24:30.714] 持續=855ms 峰值=12108 ✗長 K=2.0 CF=4.2 SC=1721Hz Att=1.9ms | fK=2.2 fCF=4.3 fSC=1721Hz fFlat=0.462 fHF=0.014
[tap][dim]      [00:24:30.759] 持續=45ms 峰值=408 ✗弱
[tap][sample]   [00:24:31.561] 持續=586ms 峰值=9895 ✗長 K=2.1 CF=5.0 SC=2080Hz Att=29.8ms | fK=2.4 fCF=5.1 fSC=2080Hz fFlat=0.524 fHF=0.025
[tap][dim]      [00:24:31.587] 持續=26ms 峰值=333 ✗弱
[tap][sample]   [00:24:32.101] 持續=513ms 峰值=6594 ✗長 K=1.0 CF=4.8 SC=3428Hz Att=299.5ms | fK=1.3 fCF=4.9 fSC=3430Hz fFlat=0.579 fHF=0.187
[tap][sample]   [00:24:32.901] 持續=747ms 峰值=9829 ✗長 K=2.7 CF=4.7 SC=2612Hz Att=23.5ms | fK=2.9 fCF=4.8 fSC=2615Hz fFlat=0.619 fHF=0.070
[tap][dim]      [00:24:32.929] 持續=27ms 峰值=332 ✗弱
[recorder][VAD] [00:24:33.974] ✅ Silero 11/292 (27.5%), 0.35s speech
[recorder][flush][00:24:33.974] ✅ 取出 9.3s 音訊段落
[main]          [00:24:33.975] ✂️ 自動分段送出（靜音達1s，累積 9.3s，靜音 1.1s）
[paster]        [00:24:34.261] ⚠️ [UIA] 無 TextPattern
[paster]        [00:24:34.262] 🔮 預取游標位置: at_end=False, last_punct=False (delay=0.28s, est_api=0.70s)
[transcriber]   [00:24:35.093] ⏱️ API 耗時: 1.12s
[main]          [00:24:35.094] ✅ 分段辨識完成: "不是，你先把剛才改的全部還原，然後把流程重新仔細看一次"
[paster]        [00:24:35.128] 🎯 PASTE: at_end=False, last_punct=False, add_prefix=False (prefetched), prefix='，', final='不是，你先把剛才改的全部還原，然後把流程重新仔細看一次'
[paster]        [00:24:35.140] ⌨️ TEXT input flow start: target_chars=27，視窗="Analyzing Paste-Transcription Timing Sequence"，hwnd=0x015c200c，process=antigravity.exe，class=Chrome_WidgetWin_1，focus=('Message input', 'max-h-[300px] rounded-md cursor-text overflow-y-auto text-md p-2 outline-none transition-all duration-100 text-sm', '', 'ComboBoxControl')，verify_readable=True，keys_before=async_down=none; logical_down=none，text='不是，你先把剛才改的全部還原，然後把流程重新仔細看一次'
[paster]        [00:24:35.141] ⌨️ 直接輸入前釋放修飾鍵: released=none，keys_after_release=async_down=none; logical_down=none
[paster]        [00:24:35.165] ⌨️ TEXT input done: ok=True，keys_after_send=async_down=none; logical_down=none
[paster]        [00:24:35.166] ⏱️ 收到→直接輸入完成: 0.07s
[paster]        [00:24:35.167] ⌨️ TEXT input verify: ok=True，reason=sendinput_trusted (hwnd unchanged)
[tap]           [00:24:52.702] 💤 敲麥監聽已停止
[recorder]      [00:24:52.765] 💤 預熱 stream 已關閉
