[main]          [00:52:14.759] LOG -> F:\Cursor\AI Whisper Next\logs\ai_whisper_20260609_005214_P8-32.current.log
[settings]      [00:52:14.759] config loaded from F:\Cursor\AI Whisper Next\config.json
[main]          [00:52:14.887] ✅ 快捷鍵 ctrl+f11（句號）、ctrl+f12（逗號）已註冊
[main]          [00:52:14.888] ✅ 主快捷鍵 2/2 已註冊 (Win32)
[main]          [00:52:14.888] ✅ 記憶快捷鍵 5/5 已註冊 (Win32)
[tap]           [00:52:14.904] 🎙️ 敲麥監聽已啟動
[main]          [00:52:14.904] 🔧 DIAG 關閉元件: (none)
[debug]         [00:52:14.919] 🔍 Debug server listening on 127.0.0.1:47643
[recorder][VAD] [00:52:15.101] 載入 Silero VAD 模型 (ONNX): F:\Cursor\AI Whisper Next\assets\silero_vad.onnx
[recorder][VAD] [00:52:15.209] Silero VAD 模型載入完成 (ONNX)
[transcriber]   [00:52:16.282] 🔌 HTTP 連線預熱完成 (1.37s)
[main]          [00:52:17.278] ⌨️ 主快捷鍵觸發（Win32/逗號），keys=async_down=Ctrl,RCtrl; logical_down=Ctrl,RCtrl
[main]          [00:52:17.278] ⌨️ after(0) 執行延遲 1.2ms
[tap]           [00:52:17.353] 💤 敲麥監聽已停止
[recorder]      [00:52:17.368] ⏱️ InputStream() 14.7ms
[recorder]      [00:52:17.369] ⏱️ stream.start() 1.4ms
[recorder]      [00:52:17.370] 🎙️ 錄音就緒，總初始化 16.1ms
[main]          [00:52:17.370] ⏱️ recorder.start() 耗時 16.6ms，ok=True
[tap]           [00:52:17.898] 🎙️ 敲麥監聽已啟動
[main]          [00:52:17.906] 🎙️ 開始錄音
[recorder]      [00:52:18.127] 🎤 第一包音訊到達，麥克風實際開啟延遲 757.6ms
[tap][dim]      [00:52:20.602] 持續=27ms 峰值=321 ✗弱
[tap][sample]   [00:52:20.916] 持續=315ms 峰值=9271 ✗長 K=3.5 CF=5.3 SC=1059Hz Att=40.4ms | fK=4.2 fCF=5.5 fSC=1059Hz fFlat=0.164 fHF=0.001
[tap][dim]      [00:52:20.952] 持續=36ms 峰值=414 ✗弱
[tap][sample]   [00:52:21.303] 持續=351ms 峰值=10885 ✗長 K=2.5 CF=4.4 SC=3036Hz Att=96.9ms | fK=2.9 fCF=4.6 fSC=3036Hz fFlat=0.593 fHF=0.144
[tap][dim]      [00:52:21.340] 持續=36ms 峰值=374 ✗弱
[tap][sample]   [00:52:21.789] 持續=449ms 峰值=9604 ✗長 K=2.0 CF=4.4 SC=1463Hz Att=48.7ms | fK=2.3 fCF=4.6 fSC=1467Hz fFlat=0.260 fHF=0.007
[recorder][VAD] [00:52:22.989] ✅ Silero 11/77 (84.6%), 0.35s speech
[recorder][flush][00:52:22.990] ✅ 取出 2.5s 音訊段落
[main]          [00:52:22.992] ✂️ 自動分段送出（靜音達1s，累積 2.5s，靜音 1.2s）
[paster]        [00:52:23.037] 📏 [UIA] 文字為空 → 不加句號
[paster]        [00:52:23.038] 🔮 預取游標位置: at_end=False, last_punct=False (delay=0.00s, est_api=0.53s)
[transcriber]   [00:52:23.720] ⏱️ API 耗時: 0.72s
[main]          [00:52:23.721] ✅ 分段辨識完成: "好，測試看看"
[paster]        [00:52:23.782] 🎯 PASTE: at_end=False, last_punct=False, add_prefix=False (prefetched), prefix='，', final='好，測試看看'
[paster]        [00:52:23.788] ⌨️ TEXT input flow start: target_chars=6，視窗="Analyzing Paste-Transcription Timing Sequence"，hwnd=0x015c200c，process=antigravity.exe，class=Chrome_WidgetWin_1，focus=('Message input', 'max-h-[300px] rounded-md cursor-text overflow-y-auto text-md p-2 outline-none transition-all duration-100 text-sm', '', 'ComboBoxControl')，verify_readable=True，keys_before=async_down=none; logical_down=none，text='好，測試看看'
[paster]        [00:52:23.789] ⌨️ 直接輸入前釋放修飾鍵: released=none，keys_after_release=async_down=none; logical_down=none
[paster]        [00:52:23.797] ⌨️ TEXT input done: ok=True，keys_after_send=async_down=none; logical_down=none
[paster]        [00:52:23.797] ⏱️ 收到→直接輸入完成: 0.08s
[paster]        [00:52:23.798] ⌨️ TEXT input verify: ok=True，reason=sendinput_trusted (hwnd unchanged)
[main]          [00:52:23.800] ✅ overlay 顯示「辨識完成 ✓」(recording, waveform)
[tap][dim]      [00:52:28.395] 持續=27ms 峰值=430 ✗弱
[tap][dim]      [00:52:29.231] 持續=26ms 峰值=462 ✗弱
[tap][sample]   [00:52:29.628] 持續=396ms 峰值=11438 ✗長 K=2.9 CF=4.1 SC=1144Hz Att=46.9ms | fK=3.3 fCF=4.2 fSC=1142Hz fFlat=0.209 fHF=0.001
[tap][dim]      [00:52:29.656] 持續=27ms 峰值=372 ✗弱
[tap][sample]   [00:52:29.872] 持續=153ms 峰值=6911 ✗長 K=3.1 CF=4.5 SC=1403Hz Att=52.2ms | fK=4.3 fCF=4.9 fSC=1399Hz fFlat=0.172 fHF=0.002
[tap][dim]      [00:52:29.917] 持續=45ms 峰值=378 ✗弱
[tap][sample]   [00:52:31.158] 持續=1242ms 峰值=13505 ✗長 K=1.7 CF=4.0 SC=2308Hz Att=0.1ms | fK=1.8 fCF=4.1 fSC=2305Hz fFlat=0.520 fHF=0.052
[tap][sample]   [00:52:31.635] 持續=27ms 峰值=1191 ✓ K=12.6 CF=6.1 SC=2672Hz Att=0.1ms | fK=24.0 fCF=8.3 fSC=2664Hz fFlat=0.539 fHF=0.034 🎯 敲擊 #1
[tap][dim]      [00:52:31.734] 持續=99ms 峰值=473 ✗弱
[tap][sample]   [00:52:31.761] 持續=27ms 峰值=824 ✓ K=-0.7 CF=2.3 SC=557Hz Att=9.6ms | fK=1.3 fCF=3.2 fSC=647Hz fFlat=0.165 fHF=0.000 ⏱️ 防抖略過（距上次 126ms < 180ms）
[tap][sample]   [00:52:32.985] 持續=1188ms 峰值=11201 ✗長 K=2.1 CF=4.5 SC=2131Hz Att=51.6ms | fK=2.2 fCF=4.6 fSC=2131Hz fFlat=0.507 fHF=0.037
[tap][dim]      [00:52:33.012] 持續=27ms 峰值=441 ✗弱
[tap][sample]   [00:52:33.651] 持續=342ms 峰值=11245 ✗長 K=1.6 CF=3.7 SC=1258Hz Att=30.8ms | fK=2.0 fCF=3.9 fSC=1259Hz fFlat=0.207 fHF=0.002
[tap][sample]   [00:52:33.948] 持續=261ms 峰值=9875 ✗長 K=4.0 CF=5.0 SC=1358Hz Att=9.8ms | fK=4.9 fCF=5.3 fSC=1355Hz fFlat=0.223 fHF=0.006
[tap][sample]   [00:52:34.191] 持續=216ms 峰值=12892 ✗長 K=0.8 CF=3.3 SC=1702Hz Att=5.2ms | fK=1.3 fCF=3.6 fSC=1706Hz fFlat=0.425 fHF=0.017
[recorder][VAD] [00:52:35.382] ✅ Silero 12/241 (16.7%), 0.38s speech
[recorder][flush][00:52:35.383] ✅ 取出 7.7s 音訊段落
[main]          [00:52:35.384] ✂️ 自動分段送出（靜音達1s，累積 7.7s，靜音 1.2s）
[paster]        [00:52:35.638] ⚠️ [UIA] 無 TextPattern
[paster]        [00:52:35.639] 🔮 預取游標位置: at_end=False, last_punct=False (delay=0.24s, est_api=0.66s)
[transcriber]   [00:52:36.741] ⏱️ API 耗時: 1.36s
[main]          [00:52:36.742] ✅ 分段辨識完成: "好，你自己看日誌，剛才很明顯沒有同步"
[paster]        [00:52:36.773] 🎯 PASTE: at_end=False, last_punct=False, add_prefix=False (prefetched), prefix='，', final='好，你自己看日誌，剛才很明顯沒有同步'
[paster]        [00:52:36.779] ⌨️ TEXT input flow start: target_chars=18，視窗="Analyzing Paste-Transcription Timing Sequence"，hwnd=0x015c200c，process=antigravity.exe，class=Chrome_WidgetWin_1，focus=('Message input', 'max-h-[300px] rounded-md cursor-text overflow-y-auto text-md p-2 outline-none transition-all duration-100 text-sm', '', 'ComboBoxControl')，verify_readable=True，keys_before=async_down=none; logical_down=none，text='好，你自己看日誌，剛才很明顯沒有同步'
[paster]        [00:52:36.779] ⌨️ 直接輸入前釋放修飾鍵: released=none，keys_after_release=async_down=none; logical_down=none
[paster]        [00:52:36.792] ⌨️ TEXT input done: ok=True，keys_after_send=async_down=none; logical_down=none
[paster]        [00:52:36.793] ⏱️ 收到→直接輸入完成: 0.05s
[paster]        [00:52:36.795] ⌨️ TEXT input verify: ok=True，reason=sendinput_trusted (hwnd unchanged)
[main]          [00:52:36.796] ✅ overlay 顯示「辨識完成 ✓」(recording, waveform)
[main]          [00:52:40.300] ⌨️ 主快捷鍵觸發（Win32/逗號），keys=async_down=Ctrl,RCtrl; logical_down=Ctrl,RCtrl
[main]          [00:52:40.302] ⌨️ after(0) 執行延遲 1.6ms[main]          [00:52:40.302] ⏳ 預熱 idle 計時器啟動，10 分鐘後關閉麥克風

[recorder][stop][00:52:40.303] 錄音太短 (0.26s)，略過
[tap]           [00:53:51.215] 💤 敲麥監聽已停止
[recorder]      [00:53:51.285] 💤 預熱 stream 已關閉
