[main] LOG -> F:\Cursor\AI Whisper Next\ai_whisper_20260516_014810.log
[settings] config loaded from F:\Cursor\AI Whisper Next\config.json
[main][01:48:10.238] ✅ 快捷鍵 ctrl+f12（句號）、ctrl+f11（逗號）已註冊
[main][01:48:10.239] ✅ 記憶快捷鍵 5/5 已註冊 (Win32)
[tap]         🎙️ 敲麥監聽已啟動
[recorder][VAD] 載入 Silero VAD 模型...
Using cache found in C:\Users\Administrator/.cache\torch\hub\snakers4_silero-vad_master
[recorder][VAD] ⚠️ Silero VAD 載入失敗，使用 RMS 備援: No module named 'torchaudio'
[tap][sample][01:48:27.545] 持續=127ms 峰值=2935 ✗長
[tap][sample][01:48:27.778] 持續=134ms 峰值=11564 ✓ 🎯 敲擊 #1
[tap][sample][01:48:27.994] 持續=153ms 峰值=11409 ✓ 🎯 敲擊 #2
[tap]         ⏱️ 間隔過長重置（1305ms）
[tap][sample][01:48:29.308] 持續=162ms 峰值=13808 ✓ 🎯 敲擊 #1
[tap][sample][01:48:29.533] 持續=126ms 峰值=11378 ✓ 🎯 敲擊 #2
[tap][sample][01:48:29.758] 持續=135ms 峰值=13734 ✓ 🎯 敲擊 #3
[tap]        [01:48:29.758] 🔔 三連敲觸發（間隔 261ms / 216ms，一致性 0.83）
[recorder][01:48:29] ⏱️ InputStream() 6.4ms
[recorder][01:48:29] ⏱️ stream.start() 2.3ms
[recorder][01:48:29] 🎙️ 錄音就緒，總初始化 8.7ms
[main][01:48:29.769] ⏱️ recorder.start() 耗時 9.6ms，ok=True
[main][01:48:29.780] 🎙️ 開始錄音
[recorder][01:48:29] 🎤 第一包音訊到達，麥克風實際開啟延遲 26.7ms
[recorder][VAD] RMS 語音幀 0/33 (0.0%)，有效語音 0.00s，閾值 450，最低比例 16%，最低語音 0.35s
[recorder][flush] ❌ VAD 未達有效語音門檻，略過（語音比例不足 0.0% < 16%）
[recorder][VAD] RMS 語音幀 0/33 (0.0%)，有效語音 0.00s，閾值 450，最低比例 16%，最低語音 0.35s
[recorder][flush] ❌ VAD 未達有效語音門檻，略過（語音比例不足 0.0% < 16%）
[tap][sample][01:48:32.611] 持續=621ms 峰值=8458 ✗長
[tap][dim]   [01:48:32.638] 持續=27ms 峰值=532 ✗弱
[tap][sample][01:48:32.791] 持續=126ms 峰值=7464 ✗長
[tap][sample][01:48:33.277] 持續=423ms 峰值=6866 ✗長
[tap][dim]   [01:48:33.305] 持續=27ms 峰值=338 ✗弱
[tap][sample][01:48:33.691] 持續=360ms 峰值=5029 ✗長
[tap][sample][01:48:34.743] 持續=1017ms 峰值=10695 ✗長
[tap][sample][01:48:34.978] 持續=207ms 峰值=3549 ✗長
[recorder][VAD] RMS 語音幀 91/142 (64.1%)，有效語音 2.73s，閾值 450，最低比例 16%，最低語音 0.35s
[recorder][flush] ✅ 取出 4.3s 音訊段落
[main][01:48:36.082] ✂️ 自動分段送出（靜音達1s，累積 4.3s，靜音 1.1s）
[paster][01:48:36] 📏 [UIA] text='成功，把', text_after='', at_end=True, last_punct=False
[paster][01:48:36] 🔮 預取游標位置: at_end=True, last_punct=False (delay=0.23s, est_api=0.68s)
[recorder][VAD] RMS 語音幀 0/33 (0.0%)，有效語音 0.00s，閾值 450，最低比例 16%，最低語音 0.35s
[recorder][flush] ❌ VAD 未達有效語音門檻，略過（語音比例不足 0.0% < 16%）
[transcriber][01:48:37.727] ⏱️ API 耗時: 1.45s
[main][01:48:37.728] ✅ 分段辨識完成: "把所有不必要的代碼全部都刪除吧"
[paster][01:48:38] 🎯 PASTE: at_end=True, last_punct=False, add_prefix=True (prefetched), prefix='。', final='把所有不必要的代碼全部都刪除吧'
[paster][01:48:38] 📋 CLIP flow start: target_chars=16, restore_delay=0.30s
[paster][01:48:38] 📋 CLIP backup: count=7, formats=49367:1220B, 13:42B, 50188:24B, 50131:119B, 16:4B, 1:33B, 7:33B, text='完全沒用，context7搜其他解決方案'
[paster][01:48:38] 📋 CLIP set attempt 1/4: chars=16, bytes=34, preview='。把所有不必要的代碼全部都刪除吧'
[paster][01:48:38] 📋 CLIP verify ok: attempt=1, chars=16, text='。把所有不必要的代碼全部都刪除吧'
[paster][01:48:38] ⌨️ Ctrl+V 準備送出，cb_ok=True，視窗="Fix system tray icon res… - AI Whisper Next - Cursor [系統管理員]"，hwnd=0x00050d22，keys_before=async_down=none; logical_down=none，text='。把所有不必要的代碼全部都刪除吧'
[paster][01:48:38] ⌨️ 貼上前釋放修飾鍵: released=none，restore_later=none，keys_after_release=async_down=none; logical_down=none
[paster][01:48:38] ⌨️ Ctrl+V 已送出，keys_after_send=async_down=none; logical_down=none
[paster][01:48:38] 🚫 CLIP guard armed: manual Ctrl+V suppressed
[paster][01:48:38] ⏱️ 收到→貼上完成: 0.85s
[paster][01:48:38] 📋 CLIP restore wait: 0.30s
[paster][01:48:38] 📋 CLIP restore attempt 1/4: text='完全沒用，context7搜其他解決方案'
[paster][01:48:38] 📋 CLIP restore: restored=7/7, formats=49367:1220B, 13:42B, 50188:24B, 50131:119B, 16:4B, 1:33B, 7:33B, text='完全沒用，context7搜其他解決方案'
[paster][01:48:39] 📋 CLIP restore verify ok: attempt=1, text='完全沒用，context7搜其他解決方案'
[paster][01:48:39] 🚫 CLIP guard disarmed: blocked=0
[tap][sample][01:48:39.136] 持續=27ms 峰值=5458 ✓ 🎯 敲擊 #1
[tap][dim]   [01:48:39.163] 持續=27ms 峰值=310 ✗弱
[recorder][VAD] RMS 語音幀 1/57 (1.8%)，有效語音 0.03s，閾值 450，最低比例 16%，最低語音 0.35s
[recorder][flush] ❌ VAD 未達有效語音門檻，略過（語音比例不足 1.8% < 16%）
[tap]         ⏱️ 間隔過長重置（1656ms）
[tap][sample][01:48:40.900] 持續=135ms 峰值=10675 ✓ 🎯 敲擊 #1
[tap][sample][01:48:41.089] 持續=126ms 峰值=12154 ✓ 🎯 敲擊 #2
[paster][01:48:41] 📋 CLIP watchdog done: checks=11, repairs=0, ok=True, final='完全沒用，context7搜其他解決方案'
[paster][01:48:41] 📋 剪貼簿已還原驗證（7 種格式，restore_ok=True, watch_ok=True）
[tap][sample][01:48:41.305] 持續=117ms 峰值=14746 ✓ 🎯 敲擊 #3
[tap]        [01:48:41.305] 🔔 三連敲觸發（間隔 198ms / 225ms，一致性 0.88）
[main][01:48:41.310] ⏳ 預熱 idle 計時器啟動，10 分鐘後關閉麥克風
[recorder][VAD] RMS 語音幀 15/39 (38.5%)，有效語音 0.45s，閾值 450，最低比例 16%，最低語音 0.35s
[main][01:48:41.315] ✅ 錄音完成，送出辨識
[paster][01:48:41] 📏 [UIA] text='成功，把。把所有不必要的代碼全部都刪除吧', text_after='', at_end=True, last_punct=False
[paster][01:48:41] 🔮 預取游標位置: at_end=True, last_punct=False (delay=0.00s, est_api=0.37s)
[transcriber][01:48:42.347] ⏱️ API 耗時: 0.89s
[main][01:48:42.348] ✅ 辨識完成: ""
[tap][sample][01:49:16.288] 持續=135ms 峰值=10945 ✓ 🎯 敲擊 #1
[tap][sample][01:49:16.477] 持續=136ms 峰值=14704 ✓ 🎯 敲擊 #2
[tap][sample][01:49:16.738] 持續=162ms 峰值=13676 ✓ 🎯 敲擊 #3
[tap]        [01:49:16.738] 🔔 三連敲觸發（間隔 189ms / 235ms，一致性 0.80）
[recorder][01:49:16] 🚀 預熱命中，直接開始錄音
[main][01:49:16.741] ⏱️ recorder.start() 耗時 0.7ms，ok=True
[main][01:49:16.766] 🎙️ 開始錄音
[recorder][VAD] RMS 語音幀 0/34 (0.0%)，有效語音 0.00s，閾值 450，最低比例 16%，最低語音 0.35s
[recorder][flush] ❌ VAD 未達有效語音門檻，略過（語音比例不足 0.0% < 16%）
[tap][sample][01:49:18.016] 持續=27ms 峰值=1666 ✓ 🎯 敲擊 #1
[tap][sample][01:49:18.268] 持續=35ms 峰值=1498 ✓ 🎯 敲擊 #2
[tap][sample][01:49:18.531] 持續=65ms 峰值=3192 ✓ 🎯 敲擊 #3
[tap]        [01:49:18.531] 🔔 三連敲觸發（間隔 244ms / 234ms，一致性 0.96）
[main][01:49:18.535] ⏳ 預熱 idle 計時器啟動，10 分鐘後關閉麥克風
[recorder][stop] 錄音太短 (0.75s)，略過
[tap][dim]   [01:49:18.628] 持續=72ms 峰值=487 ✗弱
[tap]         💤 敲麥監聽已停止
[recorder][01:52:05] 💤 預熱 stream 已關閉
[0m