[main] LOG -> F:\Cursor\AI Whisper Next\ai_whisper_20260516_162553.log
[settings] config loaded from F:\Cursor\AI Whisper Next\config.json
[main][16:25:54.172] ✅ 快捷鍵 ctrl+f12（句號）、ctrl+f11（逗號）已註冊
[main][16:25:54.172] ✅ Ctrl狀態防護已啟動
[main][16:25:54.173] ✅ 記憶快捷鍵 5/5 已註冊 (Win32)
[tap]         🎙️ 敲麥監聽已啟動
[recorder][VAD] 載入 Silero VAD 模型...
Using cache found in C:\Users\Administrator/.cache\torch\hub\snakers4_silero-vad_master
[recorder][VAD] ⚠️ Silero VAD 載入失敗，使用 RMS 備援: No module named 'torchaudio'
[tap][sample][16:25:57.143] 持續=152ms 峰值=11390 ✓ 🎯 敲擊 #1
[tap][sample][16:25:57.341] 持續=135ms 峰值=12379 ✓ 🎯 敲擊 #2
[tap][sample][16:25:57.556] 持續=126ms 峰值=13716 ✓ 🎯 敲擊 #3
[tap]        [16:25:57.556] 🔔 三連敲觸發（間隔 216ms / 225ms，一致性 0.96）
[recorder][16:25:57] ⏱️ InputStream() 3.2ms
[recorder][16:25:57] ⏱️ stream.start() 0.4ms
[recorder][16:25:57] 🎙️ 錄音就緒，總初始化 3.6ms
[main][16:25:57.561] ⏱️ recorder.start() 耗時 3.8ms，ok=True
[main][16:25:57.566] 🎙️ 開始錄音
[recorder][16:25:57] 🎤 第一包音訊到達，麥克風實際開啟延遲 22.9ms
[recorder][VAD] RMS 語音幀 0/33 (0.0%)，有效語音 0.00s，閾值 450，最低比例 16%，最低語音 0.35s
[recorder][flush] ❌ VAD 未達有效語音門檻，略過（語音比例不足 0.0% < 16%）
[recorder][VAD] RMS 語音幀 0/33 (0.0%)，有效語音 0.00s，閾值 450，最低比例 16%，最低語音 0.35s
[recorder][flush] ❌ VAD 未達有效語音門檻，略過（語音比例不足 0.0% < 16%）
[tap][sample][16:26:00.023] 持續=126ms 峰值=12689 ✓ 🎯 敲擊 #1
[tap][sample][16:26:00.248] 持續=135ms 峰值=11842 ✓ 🎯 敲擊 #2
[tap][sample][16:26:00.437] 持續=90ms 峰值=10182 ✓ 🎯 敲擊 #3
[tap]        [16:26:00.437] 🔔 三連敲觸發（間隔 216ms / 234ms，一致性 0.92）
[main][16:26:00.438] ⏳ 預熱 idle 計時器啟動，10 分鐘後關閉麥克風
[recorder][VAD] RMS 語音幀 13/27 (48.1%)，有效語音 0.39s，閾值 450，最低比例 16%，最低語音 0.35s
[main][16:26:00.439] ✅ 錄音完成，送出辨識
[tap][dim]   [16:26:00.464] 持續=27ms 峰值=320 ✗弱
[paster][16:26:00] 📏 [UIA] 文字為空 → 不加句號
[paster][16:26:00] 🔮 預取游標位置: at_end=False, last_punct=False (delay=0.00s, est_api=0.33s)
[transcriber][16:26:01.676] ⏱️ API 耗時: 1.04s
[main][16:26:01.676] ✅ 辨識完成: ""
[tap][dim]   [16:27:28.394] 持續=27ms 峰值=309 ✗弱
[main][16:36:00.425] 💤 預熱 stream 已關閉（idle 超時）
[recorder][16:36:00] 💤 預熱 stream 已關閉
[tap][dim]   [16:37:12.556] 持續=63ms 峰值=392 ✗弱
[tap][dim]   [16:41:28.625] 持續=36ms 峰值=305 ✗弱
[tap][dim]   [16:42:19.304] 持續=63ms 峰值=545 ✗弱
[tap][dim]   [16:42:32.939] 持續=27ms 峰值=334 ✗弱
[tap][dim]   [16:42:49.481] 持續=63ms 峰值=440 ✗弱
[tap][dim]   [16:43:08.435] 持續=36ms 峰值=320 ✗弱
[tap][dim]   [16:44:33.737] 持續=27ms 峰值=306 ✗弱
[tap][dim]   [16:44:34.322] 持續=108ms 峰值=503 ✗弱
[tap][sample][16:44:34.484] 持續=162ms 峰值=981 ✗長
[tap][dim]   [16:44:34.538] 持續=54ms 峰值=582 ✗弱
[tap][dim]   [16:44:48.614] 持續=53ms 峰值=566 ✗弱
[tap][dim]   [16:45:01.799] 持續=27ms 峰值=470 ✗弱
[tap][dim]   [16:45:02.158] 持續=45ms 峰值=391 ✗弱
[tap][sample][16:45:03.014] 持續=54ms 峰值=1040 ✓ 🎯 敲擊 #1
[tap][dim]   [16:45:03.050] 持續=36ms 峰值=378 ✗弱
[tap]         ⏱️ 間隔過長重置（1080ms）
[tap][sample][16:45:04.139] 持續=99ms 峰值=679 ✓ 🎯 敲擊 #1
[tap][dim]   [16:45:04.202] 持續=63ms 峰值=421 ✗弱
[tap][dim]   [16:45:47.150] 持續=36ms 峰值=306 ✗弱
[tap][dim]   [16:45:47.312] 持續=108ms 峰值=508 ✗弱
[tap][dim]   [16:45:57.230] 持續=36ms 峰值=356 ✗弱
[tap][dim]   [16:45:57.320] 持續=63ms 峰值=372 ✗弱
[tap][dim]   [16:46:01.361] 持續=72ms 峰值=577 ✗弱
[tap][dim]   [16:46:03.791] 持續=27ms 峰值=393 ✗弱
[tap][dim]   [16:46:05.959] 持續=90ms 峰值=563 ✗弱
[tap][dim]   [16:46:07.814] 持續=54ms 峰值=543 ✗弱
[tap]         ⏱️ 間隔過長重置（63774ms）
[tap][sample][16:46:07.850] 持續=36ms 峰值=622 ✓ 🎯 敲擊 #1
[tap][dim]   [16:46:07.877] 持續=27ms 峰值=339 ✗弱
[tap][dim]   [16:46:09.451] 持續=27ms 峰值=391 ✗弱
[tap][sample][16:46:09.767] 持續=315ms 峰值=1304 ✗長
[tap][dim]   [16:46:09.839] 持續=72ms 峰值=528 ✗弱
[tap][dim]   [16:46:10.091] 持續=27ms 峰值=332 ✗弱
[tap][dim]   [16:46:10.217] 持續=27ms 峰值=542 ✗弱
[tap]         ⏱️ 間隔過長重置（2403ms）
[tap][sample][16:46:10.280] 持續=63ms 峰值=740 ✓ 🎯 敲擊 #1
[tap][sample][16:46:10.442] 持續=27ms 峰值=762 ✓ 🎯 敲擊 #2
[tap][dim]   [16:46:10.541] 持續=99ms 峰值=407 ✗弱
[tap][dim]   [16:46:10.757] 持續=27ms 峰值=368 ✗弱
[tap][dim]   [16:46:16.201] 持續=27ms 峰值=355 ✗弱
[tap][dim]   [16:46:16.400] 持續=72ms 峰值=312 ✗弱
[tap][dim]   [16:46:16.517] 持續=90ms 峰值=442 ✗弱
[tap][dim]   [16:46:16.652] 持續=27ms 峰值=304 ✗弱
[tap][dim]   [16:46:16.750] 持續=27ms 峰值=320 ✗弱
[tap][dim]   [16:46:16.841] 持續=27ms 峰值=406 ✗弱
[tap][dim]   [16:46:19.082] 持續=27ms 峰值=404 ✗弱
[tap]         ⏱️ 間隔過長重置（8667ms）
[tap][sample][16:46:19.118] 持續=36ms 峰值=771 ✓ 🎯 敲擊 #1
[tap][dim]   [16:46:19.180] 持續=63ms 峰值=582 ✗弱
[tap][sample][16:46:19.207] 持續=27ms 峰值=761 ✓ ⏱️ 防抖略過（距上次 99ms < 180ms）
[tap][dim]   [16:46:19.243] 持續=36ms 峰值=456 ✗弱
[tap][sample][16:46:19.307] 持續=63ms 峰值=840 ✓ ⏱️ 防抖略過（距上次 162ms < 180ms）
[tap][dim]   [16:46:19.532] 持續=63ms 峰值=522 ✗弱
[tap]         ⏱️ 間隔過長重置（450ms）
[tap][sample][16:46:19.559] 持續=27ms 峰值=700 ✓ 🎯 敲擊 #1
[tap][dim]   [16:46:19.604] 持續=45ms 峰值=415 ✗弱
[tap][dim]   [16:46:19.722] 持續=28ms 峰值=332 ✗弱
[tap]         ⏱️ 間隔過長重置（1890ms）
[tap][sample][16:46:21.521] 持續=99ms 峰值=1176 ✓ 🎯 敲擊 #1
[tap][dim]   [16:46:26.408] 持續=90ms 峰值=537 ✗弱
[tap][dim]   [16:46:28.460] 持續=36ms 峰值=339 ✗弱
[tap][dim]   [16:46:28.722] 持續=36ms 峰值=405 ✗弱
[tap][dim]   [16:46:28.874] 持續=36ms 峰值=460 ✗弱
[tap]         ⏱️ 間隔過長重置（7452ms）
[tap][sample][16:46:28.910] 持續=36ms 峰值=679 ✓ 🎯 敲擊 #1
[tap][dim]   [16:46:28.964] 持續=27ms 峰值=314 ✗弱
[tap][dim]   [16:46:29.162] 持續=27ms 峰值=310 ✗弱
[tap][dim]   [16:46:33.104] 持續=63ms 峰值=598 ✗弱
[tap]         ⏱️ 間隔過長重置（4230ms）
[tap][sample][16:46:33.159] 持續=55ms 峰值=859 ✓ 🎯 敲擊 #1
[tap]         ⏱️ 間隔過長重置（414ms）
[tap][sample][16:46:33.554] 持續=36ms 峰值=611 ✓ 🎯 敲擊 #1
[tap][dim]   [16:46:33.644] 持續=36ms 峰值=322 ✗弱
[tap][sample][16:46:34.481] 持續=162ms 峰值=1073 ✗長
[tap][dim]   [16:46:34.508] 持續=27ms 峰值=502 ✗弱
[tap][dim]   [16:46:34.805] 持續=45ms 峰值=333 ✗弱
[tap][sample][16:46:35.048] 持續=243ms 峰值=1679 ✗長
[tap][dim]   [16:46:35.084] 持續=36ms 峰值=470 ✗弱
[tap][dim]   [16:46:35.372] 持續=63ms 峰值=364 ✗弱
[tap][dim]   [16:46:37.325] 持續=63ms 峰值=372 ✗弱
[tap][dim]   [16:46:37.901] 持續=63ms 峰值=488 ✗弱
[tap][dim]   [16:46:39.881] 持續=63ms 峰值=576 ✗弱
[tap][dim]   [16:46:40.079] 持續=45ms 峰值=416 ✗弱
[tap][dim]   [16:46:40.304] 持續=36ms 峰值=413 ✗弱
[tap][dim]   [16:46:40.682] 持續=63ms 峰值=413 ✗弱
[tap][sample][16:46:54.641] 持續=35ms 峰值=3643 ✓ 🎯 敲擊 #1
[tap][dim]   [16:46:54.705] 持續=64ms 峰值=456 ✗弱
[tap][sample][16:46:54.795] 持續=90ms 峰值=718 ✓ ⏱️ 防抖略過（距上次 99ms < 180ms）
[tap][dim]   [16:46:54.830] 持續=35ms 峰值=417 ✗弱
[tap][dim]   [16:46:55.019] 持續=99ms 峰值=428 ✗弱
[tap][dim]   [16:46:55.181] 持續=63ms 峰值=545 ✗弱
[tap][dim]   [16:46:57.395] 持續=36ms 峰值=304 ✗弱
[tap][dim]   [16:47:15.818] 持續=26ms 峰值=368 ✗弱
[tap][dim]   [16:47:19.661] 持續=63ms 峰值=492 ✗弱
[tap][dim]   [16:47:20.012] 持續=27ms 峰值=330 ✗弱
[tap][dim]   [16:47:20.354] 持續=27ms 峰值=305 ✗弱
[tap]         ⏱️ 間隔過長重置（40958ms）
[tap][sample][16:47:35.635] 持續=72ms 峰值=802 ✓ 🎯 敲擊 #1
[tap][dim]   [16:47:35.663] 持續=27ms 峰值=383 ✗弱
[tap][dim]   [16:47:35.961] 持續=37ms 峰值=358 ✗弱
[tap][dim]   [16:47:36.437] 持續=27ms 峰值=328 ✗弱
[tap][dim]   [16:47:36.499] 持續=36ms 峰值=484 ✗弱
[tap][sample][16:47:36.688] 持續=189ms 峰值=1236 ✗長
[tap][dim]   [16:47:36.761] 持續=72ms 峰值=580 ✗弱
[tap][dim]   [16:47:36.977] 持續=90ms 峰值=470 ✗弱
[tap][dim]   [16:47:39.443] 持續=63ms 峰值=559 ✗弱
[tap]         ⏱️ 間隔過長重置（3879ms）
[tap][sample][16:47:39.533] 持續=90ms 峰值=818 ✓ 🎯 敲擊 #1
[tap][dim]   [16:47:39.569] 持續=36ms 峰值=404 ✗弱
[tap][dim]   [16:47:39.731] 持續=27ms 峰值=312 ✗弱
[tap][dim]   [16:47:40.523] 持續=27ms 峰值=321 ✗弱
[tap][dim]   [16:47:41.207] 持續=63ms 峰值=385 ✗弱
[tap][dim]   [16:47:45.329] 持續=90ms 峰值=592 ✗弱
[tap][dim]   [16:47:45.428] 持續=54ms 峰值=406 ✗弱
[tap][dim]   [16:47:45.554] 持續=27ms 峰值=345 ✗弱
[tap][dim]   [16:47:45.805] 持續=63ms 峰值=574 ✗弱
[tap][sample][16:47:45.941] 持續=135ms 峰值=872 ✗長
[tap][dim]   [16:47:46.004] 持續=63ms 峰值=566 ✗弱
[tap][dim]   [16:47:46.130] 持續=36ms 峰值=557 ✗弱
[tap][sample][16:47:46.364] 持續=234ms 峰值=807 ✗長
[tap][dim]   [16:47:46.418] 持續=54ms 峰值=480 ✗弱
[tap][dim]   [16:47:46.517] 持續=63ms 峰值=589 ✗弱
[tap][sample][16:47:46.607] 持續=90ms 峰值=770 ✓ 🎯 敲擊 #1
[tap][dim]   [16:47:46.706] 持續=99ms 峰值=525 ✗弱
[tap][sample][16:47:46.733] 持續=27ms 峰值=610 ✓ 🎯 敲擊 #2
[tap][dim]   [16:47:46.769] 持續=36ms 峰值=474 ✗弱
[tap][sample][16:47:46.904] 持續=63ms 峰值=808 ✓ ⏱️ 防抖略過（距上次 135ms < 180ms）
[tap][dim]   [16:47:46.967] 持續=63ms 峰值=599 ✗弱
[tap][dim]   [16:47:47.156] 持續=99ms 峰值=414 ✗弱
[tap][dim]   [16:47:47.291] 持續=45ms 峰值=503 ✗弱
[tap]         ⏱️ 間隔過長重置（585ms）
[tap][sample][16:47:47.318] 持續=27ms 峰值=622 ✓ 🎯 敲擊 #1
[tap][dim]   [16:47:47.354] 持續=36ms 峰值=473 ✗弱
[tap][dim]   [16:47:47.507] 持續=99ms 峰值=517 ✗弱
[tap][dim]   [16:52:42.608] 持續=54ms 峰值=376 ✗弱
[tap][dim]   [16:52:42.707] 持續=27ms 峰值=332 ✗弱
[tap]         ⏱️ 間隔過長重置（295416ms）
[tap][sample][16:52:42.770] 持續=63ms 峰值=765 ✓ 🎯 敲擊 #1
[tap][dim]   [16:52:42.869] 持續=99ms 峰值=523 ✗弱
[tap][dim]   [16:52:42.959] 持續=36ms 峰值=528 ✗弱
[tap][sample][16:52:43.031] 持續=72ms 峰值=6957 ✓ 🎯 敲擊 #2
[tap][dim]   [16:52:43.058] 持續=27ms 峰值=557 ✗弱
[tap][dim]   [16:57:43.055] 持續=45ms 峰值=449 ✗弱
[tap][dim]   [16:57:43.424] 持續=27ms 峰值=304 ✗弱
[tap][dim]   [17:00:09.341] 持續=27ms 峰值=351 ✗弱
[tap][dim]   [17:07:30.728] 持續=54ms 峰值=552 ✗弱
[tap][dim]   [17:09:06.064] 持續=36ms 峰值=401 ✗弱
[tap]         ⏱️ 間隔過長重置（983106ms）
[tap][sample][17:09:06.091] 持續=27ms 峰值=656 ✓ 🎯 敲擊 #1
[tap][dim]   [17:09:06.119] 持續=27ms 峰值=465 ✗弱
[tap][dim]   [17:09:08.045] 持續=63ms 峰值=319 ✗弱
[tap][dim]   [17:09:08.108] 持續=27ms 峰值=300 ✗弱
[tap][dim]   [17:09:12.239] 持續=63ms 峰值=423 ✗弱
[tap][dim]   [17:09:12.364] 持續=36ms 峰值=445 ✗弱
[tap][dim]   [17:09:12.654] 持續=55ms 峰值=310 ✗弱
[tap][dim]   [17:09:12.878] 持續=63ms 峰值=384 ✗弱
[tap][dim]   [17:09:15.820] 持續=99ms 峰值=588 ✗弱
[tap][dim]   [17:09:16.109] 持續=27ms 峰值=363 ✗弱
[tap][dim]   [17:09:17.098] 持續=27ms 峰值=302 ✗弱
[tap][dim]   [17:11:52.106] 持續=98ms 峰值=369 ✗弱
[tap]         ⏱️ 間隔過長重置（167733ms）
[tap][sample][17:11:53.870] 持續=72ms 峰值=630 ✓ 🎯 敲擊 #1
[tap][sample][17:11:54.149] 持續=162ms 峰值=871 ✗長
[tap][dim]   [17:11:54.914] 持續=54ms 峰值=355 ✗弱
[tap][dim]   [17:11:55.184] 持續=36ms 峰值=333 ✗弱
[tap][dim]   [17:11:55.238] 持續=27ms 峰值=445 ✗弱
[tap][dim]   [17:11:55.850] 持續=63ms 峰值=546 ✗弱
[tap]         ⏱️ 間隔過長重置（2052ms）
[tap][sample][17:11:55.877] 持續=27ms 峰值=668 ✓ 🎯 敲擊 #1
[tap][dim]   [17:11:55.904] 持續=27ms 峰值=520 ✗弱
[tap][dim]   [17:11:56.039] 持續=90ms 峰值=505 ✗弱
[tap][dim]   [17:11:56.201] 持續=63ms 峰值=455 ✗弱
[tap][dim]   [17:11:56.516] 持續=27ms 峰值=340 ✗弱
[tap][dim]   [17:12:05.290] 持續=27ms 峰值=311 ✗弱
[tap][dim]   [17:12:07.045] 持續=27ms 峰值=341 ✗弱
[tap]         ⏱️ 間隔過長重置（11196ms）
[tap][sample][17:12:07.072] 持續=27ms 峰值=667 ✓ 🎯 敲擊 #1
[tap][sample][17:12:07.244] 持續=36ms 峰值=662 ✓ ⏱️ 防抖略過（距上次 162ms < 180ms）
[tap][dim]   [17:12:07.271] 持續=27ms 峰值=347 ✗弱
[tap][sample][17:12:07.307] 持續=36ms 峰值=719 ✓ 🎯 敲擊 #2
[tap][dim]   [17:12:07.334] 持續=27ms 峰值=559 ✗弱
[tap][sample][17:12:07.370] 持續=36ms 峰值=672 ✓ ⏱️ 防抖略過（距上次 63ms < 180ms）
[tap][dim]   [17:12:07.424] 持續=54ms 峰值=346 ✗弱
[tap][dim]   [17:12:07.721] 持續=27ms 峰值=438 ✗弱
[tap]         ⏱️ 間隔過長重置（450ms）
[tap][sample][17:12:07.784] 持續=63ms 峰值=690 ✓ 🎯 敲擊 #1
[tap][dim]   [17:12:07.820] 持續=36ms 峰值=424 ✗弱
[tap][sample][17:12:07.874] 持續=54ms 峰值=806 ✓ ⏱️ 防抖略過（距上次 99ms < 180ms）
[tap][dim]   [17:12:07.945] 持續=72ms 峰值=509 ✗弱
[tap][sample][17:12:08.036] 持續=90ms 峰值=789 ✓ 🎯 敲擊 #2
[tap][dim]   [17:12:08.063] 持續=27ms 峰值=555 ✗弱
[tap][sample][17:12:08.144] 持續=81ms 峰值=616 ✓ ⏱️ 防抖略過（距上次 117ms < 180ms）
[tap][dim]   [17:12:08.360] 持續=36ms 峰值=320 ✗弱
[tap][dim]   [17:12:08.648] 持續=27ms 峰值=360 ✗弱
[tap][dim]   [17:12:08.773] 持續=27ms 峰值=388 ✗弱
[tap]         ⏱️ 間隔過長重置（828ms）
[tap][sample][17:12:08.864] 持續=90ms 峰值=1145 ✓ 🎯 敲擊 #1
[tap][dim]   [17:12:08.936] 持續=72ms 峰值=539 ✗弱
[tap][dim]   [17:12:09.260] 持續=36ms 峰值=308 ✗弱
[tap][dim]   [17:12:17.666] 持續=63ms 峰值=376 ✗弱
[tap][dim]   [17:12:17.774] 持續=63ms 峰值=391 ✗弱
[tap][dim]   [17:12:19.943] 持續=99ms 峰值=543 ✗弱
[tap][dim]   [17:12:20.033] 持續=27ms 峰值=585 ✗弱
[tap][sample][17:12:20.330] 持續=297ms 峰值=1455 ✗長
[tap][dim]   [17:12:20.429] 持續=99ms 峰值=434 ✗弱
[tap]         ⏱️ 間隔過長重置（11655ms）
[tap][sample][17:12:20.456] 持續=27ms 峰值=637 ✓ 🎯 敲擊 #1
[tap][dim]   [17:12:20.483] 持續=27ms 峰值=517 ✗弱
[tap][dim]   [17:12:23.245] 持續=63ms 峰值=571 ✗弱
[tap][dim]   [17:12:23.372] 持續=27ms 峰值=572 ✗弱
[tap]         ⏱️ 間隔過長重置（2943ms）
[tap][sample][17:12:23.480] 持續=108ms 峰值=728 ✓ 🎯 敲擊 #1
[tap][dim]   [17:12:23.507] 持續=27ms 峰值=513 ✗弱
[tap]         ⏱️ 間隔過長重置（585ms）
[tap][sample][17:12:24.020] 持續=63ms 峰值=921 ✓ 🎯 敲擊 #1
[tap][dim]   [17:12:24.047] 持續=27ms 峰值=474 ✗弱
[tap][dim]   [17:12:24.146] 持續=27ms 峰值=419 ✗弱
[tap][sample][17:12:24.236] 持續=90ms 峰值=792 ✓ 🎯 敲擊 #2
[tap][dim]   [17:12:24.299] 持續=63ms 峰值=553 ✗弱
[tap][dim]   [17:12:26.359] 持續=108ms 峰值=370 ✗弱
[tap][dim]   [17:12:26.837] 持續=108ms 峰值=497 ✗弱
[tap][dim]   [17:14:02.543] 持續=63ms 峰值=378 ✗弱
[tap][dim]   [17:14:33.512] 持續=63ms 峰值=380 ✗弱
[tap][dim]   [17:14:35.375] 持續=36ms 峰值=303 ✗弱
[tap][dim]   [17:14:35.914] 持續=36ms 峰值=386 ✗弱
[tap][dim]   [17:14:36.419] 持續=27ms 峰值=375 ✗弱
[tap][dim]   [17:14:36.950] 持續=81ms 峰值=352 ✗弱
[tap][dim]   [17:14:37.103] 持續=36ms 峰值=318 ✗弱
[tap][dim]   [17:14:38.282] 持續=27ms 峰值=349 ✗弱
[tap][dim]   [17:14:39.344] 持續=72ms 峰值=317 ✗弱
[tap][dim]   [17:14:40.145] 持續=72ms 峰值=475 ✗弱
[tap][dim]   [17:14:41.396] 持續=27ms 峰值=325 ✗弱
[tap][dim]   [17:14:44.591] 持續=27ms 峰值=357 ✗弱
[tap][dim]   [17:14:45.392] 持續=90ms 峰值=482 ✗弱
[tap][dim]   [17:14:45.653] 持續=99ms 峰值=412 ✗弱
[tap][dim]   [17:15:44.081] 持續=27ms 峰值=591 ✗弱
[tap]         ⏱️ 間隔過長重置（199935ms）
[tap][sample][17:15:44.108] 持續=27ms 峰值=602 ✓ 🎯 敲擊 #1
[tap][dim]   [17:15:44.189] 持續=81ms 峰值=596 ✗弱
[tap][dim]   [17:15:44.243] 持續=27ms 峰值=330 ✗弱
[tap][dim]   [17:15:44.558] 持續=27ms 峰值=307 ✗弱
[tap][dim]   [17:15:44.882] 持續=63ms 峰值=346 ✗弱
[tap][dim]   [17:15:44.954] 持續=45ms 峰值=444 ✗弱
[tap][dim]   [17:15:49.652] 持續=63ms 峰值=444 ✗弱
[tap][dim]   [17:15:50.318] 持續=54ms 峰值=351 ✗弱
[tap][dim]   [17:15:52.271] 持續=27ms 峰值=483 ✗弱
[tap]         ⏱️ 間隔過長重置（8190ms）
[tap][sample][17:15:52.379] 持續=108ms 峰值=753 ✓ 🎯 敲擊 #1
[tap][dim]   [17:15:52.406] 持續=27ms 峰值=429 ✗弱
[tap][dim]   [17:15:52.596] 持續=90ms 峰值=441 ✗弱
[tap][dim]   [17:15:52.694] 持續=63ms 峰值=398 ✗弱
[tap][dim]   [17:15:52.982] 持續=99ms 峰值=413 ✗弱
[tap][dim]   [17:16:23.473] 持續=63ms 峰值=391 ✗弱
[tap][dim]   [17:16:23.860] 持續=27ms 峰值=302 ✗弱
[tap][dim]   [17:16:25.625] 持續=36ms 峰值=364 ✗弱
[tap]         ⏱️ 間隔過長重置（36927ms）
[tap][sample][17:16:29.234] 持續=36ms 峰值=630 ✓ 🎯 敲擊 #1
[tap][dim]   [17:16:29.999] 持續=90ms 峰值=574 ✗弱
[tap]         ⏱️ 間隔過長重置（801ms）
[tap][sample][17:16:30.098] 持續=99ms 峰值=1914 ✓ 🎯 敲擊 #1
[tap][dim]   [17:16:30.161] 持續=63ms 峰值=537 ✗弱
[tap][sample][17:16:30.189] 持續=28ms 峰值=625 ✓ ⏱️ 防抖略過（距上次 162ms < 180ms）
[tap][dim]   [17:16:30.233] 持續=44ms 峰值=512 ✗弱
[tap][dim]   [17:16:30.422] 持續=99ms 峰值=519 ✗弱
[tap][dim]   [17:16:31.287] 持續=28ms 峰值=308 ✗弱
[tap]         ⏱️ 間隔過長重置（8775ms）
[tap][sample][17:16:38.801] 持續=27ms 峰值=642 ✓ 🎯 敲擊 #1
[tap][dim]   [17:16:38.828] 持續=27ms 峰值=568 ✗弱
[tap][sample][17:16:38.873] 持續=45ms 峰值=630 ✓ ⏱️ 防抖略過（距上次 54ms < 180ms）
[tap][dim]   [17:16:51.923] 持續=27ms 峰值=331 ✗弱
[tap][dim]   [17:16:56.954] 持續=99ms 峰值=503 ✗弱
[tap][dim]   [17:16:57.206] 持續=27ms 峰值=323 ✗弱
[tap][dim]   [17:16:58.898] 持續=99ms 峰值=446 ✗弱
[tap][dim]   [17:16:59.097] 持續=64ms 峰值=392 ✗弱
[tap][dim]   [17:17:01.913] 持續=45ms 峰值=335 ✗弱
[tap]         ⏱️ 間隔過長重置（113553ms）
[tap][sample][17:18:32.390] 持續=63ms 峰值=768 ✓ 🎯 敲擊 #1
[tap][dim]   [17:18:32.417] 持續=27ms 峰值=495 ✗弱
[tap]         ⏱️ 間隔過長重置（441ms）
[tap][sample][17:18:32.804] 持續=36ms 峰值=633 ✓ 🎯 敲擊 #1
[tap][dim]   [17:18:32.840] 持續=36ms 峰值=479 ✗弱
[tap]         ⏱️ 間隔過長重置（13761ms）
[tap][sample][17:18:46.601] 持續=72ms 峰值=1149 ✓ 🎯 敲擊 #1
[tap][dim]   [17:18:46.628] 持續=27ms 峰值=442 ✗弱
[tap][dim]   [17:20:26.366] 持續=27ms 峰值=313 ✗弱
[tap]         ⏱️ 間隔過長重置（99837ms）
[tap][sample][17:20:26.410] 持續=45ms 峰值=719 ✓ 🎯 敲擊 #1
[tap][dim]   [17:20:26.501] 持續=90ms 峰值=473 ✗弱
[tap][dim]   [17:24:23.606] 持續=27ms 峰值=302 ✗弱
[tap][dim]   [17:24:23.713] 持續=81ms 峰值=503 ✗弱
[tap]         ⏱️ 間隔過長重置（237348ms）
[tap][sample][17:24:23.768] 持續=54ms 峰值=669 ✓ 🎯 敲擊 #1
[tap][dim]   [17:24:26.297] 持續=63ms 峰值=412 ✗弱
[tap][dim]   [17:24:26.423] 持續=36ms 峰值=303 ✗弱
[tap][dim]   [17:24:28.628] 持續=54ms 峰值=521 ✗弱
[tap]         ⏱️ 間隔過長重置（7065ms）
[tap][sample][17:24:30.833] 持續=54ms 峰值=738 ✓ 🎯 敲擊 #1
[tap][dim]   [17:24:30.941] 持續=108ms 峰值=577 ✗弱
[tap][dim]   [17:24:31.634] 持續=90ms 峰值=585 ✗弱
[tap][dim]   [17:24:31.823] 持續=54ms 峰值=425 ✗弱
[tap][dim]   [17:24:32.759] 持續=63ms 峰值=354 ✗弱
[tap][dim]   [17:24:32.894] 持續=36ms 峰值=582 ✗弱
[tap]         ⏱️ 間隔過長重置（2115ms）
[tap][sample][17:24:32.921] 持續=27ms 峰值=798 ✓ 🎯 敲擊 #1
[tap][dim]   [17:24:32.948] 持續=27ms 峰值=573 ✗弱
[tap][dim]   [17:24:35.027] 持續=27ms 峰值=341 ✗弱
[tap][dim]   [17:24:35.153] 持續=27ms 峰值=341 ✗弱
[tap][dim]   [17:24:36.593] 持續=27ms 峰值=309 ✗弱
[tap][dim]   [17:24:36.790] 持續=63ms 峰值=405 ✗弱
[tap][dim]   [17:24:36.989] 持續=72ms 峰值=429 ✗弱
[tap][dim]   [17:24:37.367] 持續=99ms 峰值=467 ✗弱
[tap][dim]   [17:24:38.033] 持續=54ms 峰值=400 ✗弱
[tap][dim]   [17:24:38.357] 持續=63ms 峰值=442 ✗弱
[tap][dim]   [17:24:40.598] 持續=26ms 峰值=327 ✗弱
[tap][dim]   [17:24:41.111] 持續=27ms 峰值=438 ✗弱
[tap][dim]   [17:24:41.336] 持續=27ms 峰值=426 ✗弱
[tap][dim]   [17:24:41.813] 持續=26ms 峰值=312 ✗弱
[tap][dim]   [17:24:43.874] 持續=45ms 峰值=312 ✗弱
[tap][dim]   [17:24:45.268] 持續=36ms 峰值=340 ✗弱
[tap][dim]   [17:24:45.494] 持續=90ms 峰值=410 ✗弱
[tap][dim]   [17:24:45.584] 持續=27ms 峰值=341 ✗弱
[tap][dim]   [17:24:47.294] 持續=36ms 峰值=303 ✗弱
[tap][dim]   [17:24:48.761] 持續=63ms 峰值=561 ✗弱
[tap]         ⏱️ 間隔過長重置（15867ms）
[tap][sample][17:24:48.788] 持續=28ms 峰值=674 ✓ 🎯 敲擊 #1
[tap][dim]   [17:24:48.824] 持續=36ms 峰值=416 ✗弱
[tap][dim]   [17:30:56.041] 持續=36ms 峰值=320 ✗弱
[tap][dim]   [17:30:57.418] 持續=36ms 峰值=548 ✗弱
[tap][dim]   [17:31:09.479] 持續=36ms 峰值=467 ✗弱
[tap][dim]   [17:31:14.563] 持續=27ms 峰值=411 ✗弱
[tap][dim]   [17:31:14.699] 持續=63ms 峰值=400 ✗弱
[tap][dim]   [17:31:15.149] 持續=63ms 峰值=405 ✗弱
[tap][dim]   [17:31:20.486] 持續=90ms 峰值=409 ✗弱
[tap][dim]   [17:51:50.571] 持續=81ms 峰值=467 ✗弱
[tap][dim]   [17:53:20.669] 持續=54ms 峰值=326 ✗弱
[tap][dim]   [17:58:37.010] 持續=63ms 峰值=387 ✗弱
[tap][dim]   [18:00:16.541] 持續=26ms 峰值=328 ✗弱
[tap][dim]   [18:00:18.674] 持續=90ms 峰值=402 ✗弱
[tap][dim]   [18:00:47.897] 持續=28ms 峰值=328 ✗弱
[tap][dim]   [18:02:40.523] 持續=27ms 峰值=308 ✗弱
[tap][dim]   [18:02:44.204] 持續=99ms 峰值=367 ✗弱
[tap][dim]   [18:02:44.708] 持續=54ms 峰值=382 ✗弱
[tap][dim]   [18:02:45.095] 持續=63ms 峰值=396 ✗弱
[tap][dim]   [18:02:45.293] 持續=45ms 峰值=300 ✗弱
[tap]         ⏱️ 間隔過長重置（2302587ms）
[tap][sample][18:03:11.420] 持續=72ms 峰值=737 ✓ 🎯 敲擊 #1
[tap][dim]   [18:03:11.474] 持續=54ms 峰值=505 ✗弱
[tap]         ⏱️ 間隔過長重置（11043ms）
[tap][sample][18:03:22.427] 持續=36ms 峰值=745 ✓ 🎯 敲擊 #1
[tap][dim]   [18:03:22.454] 持續=27ms 峰值=510 ✗弱
[tap][dim]   [18:03:22.517] 持續=27ms 峰值=308 ✗弱
[tap][dim]   [18:03:22.940] 持續=36ms 峰值=399 ✗弱
[tap][dim]   [18:04:11.828] 持續=27ms 峰值=504 ✗弱
[tap]         ⏱️ 間隔過長重置（49437ms）
[tap][sample][18:04:11.864] 持續=36ms 峰值=966 ✓ 🎯 敲擊 #1
[tap][dim]   [18:04:15.779] 持續=36ms 峰值=421 ✗弱
[tap]         ⏱️ 間隔過長重置（3951ms）
[tap][sample][18:04:15.869] 持續=90ms 峰值=758 ✓ 🎯 敲擊 #1
[tap][dim]   [18:04:15.958] 持續=90ms 峰值=534 ✗弱
[tap][sample][18:04:16.094] 持續=135ms 峰值=717 ✗長
[tap][dim]   [18:04:17.310] 持續=64ms 峰值=323 ✗弱
[tap][dim]   [18:04:18.361] 持續=63ms 峰值=455 ✗弱
[tap][dim]   [18:04:18.433] 持續=45ms 峰值=337 ✗弱
[tap]         ⏱️ 間隔過長重置（2655ms）
[tap][sample][18:04:18.471] 持續=37ms 峰值=656 ✓ 🎯 敲擊 #1
[tap][dim]   [18:04:19.460] 持續=36ms 峰值=548 ✗弱
[tap]         ⏱️ 間隔過長重置（1026ms）
[tap][sample][18:04:19.487] 持續=27ms 峰值=634 ✓ 🎯 敲擊 #1
[tap][dim]   [18:04:19.514] 持續=27ms 峰值=480 ✗弱
[tap][dim]   [18:04:47.909] 持續=63ms 峰值=567 ✗弱
[tap][dim]   [18:06:01.718] 持續=27ms 峰值=454 ✗弱
[tap]         ⏱️ 間隔過長重置（102258ms）
[tap][sample][18:06:01.754] 持續=36ms 峰值=615 ✓ 🎯 敲擊 #1
[tap][dim]   [18:06:01.781] 持續=27ms 峰值=446 ✗弱
[tap]         ⏱️ 間隔過長重置（42561ms）
[tap][sample][18:06:44.333] 持續=54ms 峰值=761 ✓ 🎯 敲擊 #1
[tap][dim]   [18:06:44.414] 持續=81ms 峰值=501 ✗弱
[tap][dim]   [18:07:46.649] 持續=36ms 峰值=431 ✗弱
[tap][dim]   [18:07:46.811] 持續=108ms 峰值=490 ✗弱
[tap][dim]   [18:07:47.540] 持續=36ms 峰值=412 ✗弱
[tap]         ⏱️ 間隔過長重置（63261ms）
[tap][sample][18:07:47.603] 持續=63ms 峰值=830 ✓ 🎯 敲擊 #1
[tap][dim]   [18:07:48.053] 持續=36ms 峰值=459 ✗弱
[tap]         ⏱️ 間隔過長重置（513ms）
[tap][sample][18:07:48.089] 持續=36ms 峰值=949 ✓ 🎯 敲擊 #1
[tap][dim]   [18:07:48.116] 持續=27ms 峰值=505 ✗弱
[tap][dim]   [18:07:48.224] 持續=81ms 峰值=480 ✗弱
[tap][dim]   [18:07:49.691] 持續=27ms 峰值=359 ✗弱
[tap][dim]   [18:07:50.969] 持續=72ms 峰值=373 ✗弱
[tap][dim]   [18:07:51.581] 持續=45ms 峰值=348 ✗弱
[tap][dim]   [18:09:11.681] 持續=27ms 峰值=580 ✗弱
[tap]         ⏱️ 間隔過長重置（83628ms）
[tap][sample][18:09:11.708] 持續=27ms 峰值=728 ✓ 🎯 敲擊 #1
[tap][dim]   [18:09:11.781] 持續=73ms 峰值=450 ✗弱
[tap][dim]   [18:10:20.324] 持續=36ms 峰值=384 ✗弱
[tap][dim]   [18:10:21.917] 持續=27ms 峰值=422 ✗弱
[tap][dim]   [18:10:23.016] 持續=37ms 峰值=333 ✗弱
[tap]         ⏱️ 間隔過長重置（81891ms）
[tap][sample][18:10:33.635] 持續=63ms 峰值=1306 ✓ 🎯 敲擊 #1
[tap][dim]   [18:10:34.148] 持續=37ms 峰值=477 ✗弱
[tap]         ⏱️ 間隔過長重置（8703ms）
[tap][sample][18:10:42.311] 持續=36ms 峰值=767 ✓ 🎯 敲擊 #1
[tap][dim]   [18:10:42.337] 持續=27ms 峰值=380 ✗弱
[tap][sample][18:10:42.689] 持續=27ms 峰值=645 ✓ 🎯 敲擊 #2
[tap][dim]   [18:11:21.443] 持續=27ms 峰值=372 ✗弱
[tap]         ⏱️ 間隔過長重置（94464ms）
[tap][sample][18:12:17.153] 持續=27ms 峰值=709 ✓ 🎯 敲擊 #1
[tap][dim]   [18:12:17.189] 持續=36ms 峰值=588 ✗弱
[tap][dim]   [18:12:17.702] 持續=27ms 峰值=537 ✗弱
[tap]         ⏱️ 間隔過長重置（576ms）
[tap][sample][18:12:17.729] 持續=27ms 峰值=1063 ✓ 🎯 敲擊 #1
[tap][dim]   [18:12:17.765] 持續=36ms 峰值=570 ✗弱
[tap]         ⏱️ 間隔過長重置（540ms）
[tap][sample][18:12:18.269] 持續=27ms 峰值=1443 ✓ 🎯 敲擊 #1
[tap][dim]   [18:12:18.314] 持續=45ms 峰值=485 ✗弱
[tap][sample][18:12:18.431] 持續=27ms 峰值=690 ✓ ⏱️ 防抖略過（距上次 162ms < 180ms）
[tap][dim]   [18:12:18.503] 持續=27ms 峰值=348 ✗弱
[tap][dim]   [18:13:58.403] 持續=27ms 峰值=416 ✗弱
[tap][dim]   [18:14:29.642] 持續=27ms 峰值=379 ✗弱
[tap]         ⏱️ 間隔過長重置（131526ms）
[tap][sample][18:14:29.867] 持續=99ms 峰值=992 ✓ 🎯 敲擊 #1
[tap][dim]   [18:14:29.894] 持續=27ms 峰值=566 ✗弱
[tap][dim]   [18:14:29.957] 持續=27ms 峰值=348 ✗弱
[tap][dim]   [18:14:30.253] 持續=90ms 峰值=556 ✗弱
[tap][dim]   [18:14:30.542] 持續=63ms 峰值=494 ✗弱
[tap][dim]   [18:14:30.731] 持續=90ms 峰值=527 ✗弱
[tap][dim]   [18:14:30.920] 持續=63ms 峰值=442 ✗弱
[tap][dim]   [18:14:31.982] 持續=27ms 峰值=344 ✗弱
[tap][dim]   [18:14:32.143] 持續=99ms 峰值=484 ✗弱
[tap][dim]   [18:14:33.259] 持續=36ms 峰值=551 ✗弱
[tap]         ⏱️ 間隔過長重置（3492ms）
[tap][sample][18:14:33.313] 持續=54ms 峰值=830 ✓ 🎯 敲擊 #1
[tap][sample][18:14:33.520] 持續=126ms 峰值=966 ✗長
[tap][dim]   [18:14:33.611] 持續=90ms 峰值=517 ✗弱
[tap][dim]   [18:14:34.277] 持續=27ms 峰值=359 ✗弱
[tap][dim]   [18:14:35.375] 持續=90ms 峰值=581 ✗弱
[tap]         ⏱️ 間隔過長重置（2115ms）
[tap][sample][18:14:35.401] 持續=27ms 峰值=612 ✓ 🎯 敲擊 #1
[tap][dim]   [18:14:35.438] 持續=36ms 峰值=575 ✗弱
[tap][sample][18:14:35.690] 持續=252ms 峰值=1171 ✗長
[tap][dim]   [18:14:35.789] 持續=99ms 峰值=520 ✗弱
[tap][dim]   [18:14:36.041] 持續=63ms 峰值=594 ✗弱
[tap][sample][18:14:36.302] 持續=261ms 峰值=863 ✗長
[tap][dim]   [18:14:36.365] 持續=63ms 峰值=528 ✗弱
[tap][dim]   [18:14:36.644] 持續=28ms 峰值=391 ✗弱
[tap][dim]   [18:14:36.725] 持續=45ms 峰值=310 ✗弱
[tap][sample][18:14:42.349] 持續=36ms 峰值=605 ✓ 🎯 敲擊 #1
[tap][dim]   [18:14:42.511] 持續=27ms 峰值=362 ✗弱
[tap][sample][18:14:42.574] 持續=63ms 峰值=722 ✓ 🎯 敲擊 #2
[tap][dim]   [18:14:42.890] 持續=90ms 峰值=318 ✗弱
[tap][dim]   [18:14:47.084] 持續=36ms 峰值=405 ✗弱
[tap][sample][18:14:47.236] 持續=153ms 峰值=1641 ✗長
[tap][dim]   [18:14:47.344] 持續=108ms 峰值=528 ✗弱
[tap][dim]   [18:14:47.597] 持續=36ms 峰值=318 ✗弱
[tap][sample][18:14:47.759] 持續=162ms 峰值=1226 ✗長
[tap][sample][18:14:48.784] 持續=261ms 峰值=820 ✗長
[tap][dim]   [18:14:49.262] 持續=63ms 峰值=456 ✗弱
[tap][dim]   [18:14:49.360] 持續=72ms 峰值=465 ✗弱
[tap][dim]   [18:14:51.080] 持續=36ms 峰值=313 ✗弱
[tap][sample][18:14:52.034] 持續=27ms 峰值=652 ✓ 🎯 敲擊 #1
[tap][dim]   [18:14:52.079] 持續=45ms 峰值=542 ✗弱
[tap][sample][18:14:52.142] 持續=63ms 峰值=749 ✓ ⏱️ 防抖略過（距上次 72ms < 180ms）
[tap][dim]   [18:14:52.205] 持續=63ms 峰值=498 ✗弱
[tap][dim]   [18:14:52.807] 持續=90ms 峰值=543 ✗弱
[tap]         ⏱️ 間隔過長重置（801ms）
[tap][sample][18:14:52.844] 持續=36ms 峰值=635 ✓ 🎯 敲擊 #1
[tap][dim]   [18:14:53.069] 持續=99ms 峰值=539 ✗弱
[tap][dim]   [18:14:53.132] 持續=27ms 峰值=322 ✗弱
[tap][dim]   [18:14:53.608] 持續=54ms 峰值=323 ✗弱
[tap][dim]   [18:14:53.834] 持續=90ms 峰值=586 ✗弱
[tap]         ⏱️ 間隔過長重置（1026ms）
[tap][sample][18:14:53.870] 持續=36ms 峰值=627 ✓ 🎯 敲擊 #1
[tap][dim]   [18:14:54.572] 持續=27ms 峰值=360 ✗弱
[tap][dim]   [18:15:11.473] 持續=72ms 峰值=466 ✗弱
[tap]         ⏱️ 間隔過長重置（17640ms）
[tap][sample][18:15:11.563] 持續=90ms 峰值=1215 ✓ 🎯 敲擊 #1
[tap][dim]   [18:15:12.013] 持續=36ms 峰值=415 ✗弱
[tap]         ⏱️ 間隔過長重置（540ms）
[tap][sample][18:15:12.076] 持續=63ms 峰值=689 ✓ 🎯 敲擊 #1
[tap][dim]   [18:15:12.103] 持續=27ms 峰值=343 ✗弱
[tap][dim]   [18:15:12.491] 持續=63ms 峰值=371 ✗弱
[tap][dim]   [18:15:12.590] 持續=72ms 峰值=462 ✗弱
[tap]         ⏱️ 間隔過長重置（576ms）
[tap][sample][18:15:12.616] 持續=27ms 峰值=693 ✓ 🎯 敲擊 #1
[tap][dim]   [18:15:12.643] 持續=27ms 峰值=348 ✗弱
[tap][dim]   [18:15:12.751] 持續=27ms 峰值=330 ✗弱
[tap][sample][18:15:12.779] 持續=27ms 峰值=634 ✓ ⏱️ 防抖略過（距上次 162ms < 180ms）
[tap][dim]   [18:15:12.878] 持續=99ms 峰值=600 ✗弱
[tap][dim]   [18:15:13.229] 持續=27ms 峰值=469 ✗弱
[tap]         ⏱️ 間隔過長重置（639ms）
[tap][sample][18:15:13.292] 持續=63ms 峰值=846 ✓ 🎯 敲擊 #1
[tap][dim]   [18:15:14.318] 持續=36ms 峰值=464 ✗弱
[tap][sample][18:15:14.597] 持續=279ms 峰值=1613 ✗長
[tap][dim]   [18:15:14.642] 持續=45ms 峰值=434 ✗弱
[tap][dim]   [18:15:14.803] 持續=99ms 峰值=562 ✗弱
[tap][dim]   [18:15:14.957] 持續=36ms 峰值=500 ✗弱
[tap]         ⏱️ 間隔過長重置（1728ms）
[tap][sample][18:15:15.019] 持續=63ms 峰值=657 ✓ 🎯 敲擊 #1
[tap][dim]   [18:15:15.074] 持續=54ms 峰值=572 ✗弱
[tap][dim]   [18:15:15.209] 持續=90ms 峰值=562 ✗弱
[tap][dim]   [18:15:16.297] 持續=27ms 峰值=446 ✗弱
[tap][sample][18:15:16.460] 持續=162ms 峰值=1027 ✗長
[tap][dim]   [18:15:16.487] 持續=27ms 峰值=366 ✗弱
[tap]         ⏱️ 間隔過長重置（1530ms）
[tap][sample][18:15:16.514] 持續=27ms 峰值=618 ✓ 🎯 敲擊 #1
[tap][dim]   [18:15:16.559] 持續=45ms 峰值=555 ✗弱
[tap][sample][18:15:16.622] 持續=63ms 峰值=822 ✓ ⏱️ 防抖略過（距上次 72ms < 180ms）
[tap][dim]   [18:15:16.649] 持續=27ms 峰值=455 ✗弱
[tap][dim]   [18:15:16.810] 持續=27ms 峰值=388 ✗弱
[tap][dim]   [18:15:16.937] 持續=63ms 峰值=343 ✗弱
[tap][dim]   [18:15:18.700] 持續=63ms 峰值=567 ✗弱
[tap][sample][18:15:18.854] 持續=153ms 峰值=1258 ✗長
[tap][dim]   [18:15:18.890] 持續=36ms 峰值=548 ✗弱
[tap][dim]   [18:15:18.988] 持續=72ms 峰值=561 ✗弱
[tap]         ⏱️ 間隔過長重置（2502ms）
[tap][sample][18:15:19.051] 持續=63ms 峰值=808 ✓ 🎯 敲擊 #1
[tap][dim]   [18:15:19.079] 持續=27ms 峰值=526 ✗弱
[tap][sample][18:15:19.178] 持續=99ms 峰值=821 ✓ ⏱️ 防抖略過（距上次 90ms < 180ms）
[tap][dim]   [18:15:19.276] 持續=99ms 峰值=401 ✗弱
[tap][dim]   [18:15:19.790] 持續=72ms 峰值=543 ✗弱
[tap]         ⏱️ 間隔過長重置（801ms）
[tap][sample][18:15:19.880] 持續=90ms 峰值=789 ✓ 🎯 敲擊 #1
[tap][dim]   [18:15:19.925] 持續=45ms 峰值=567 ✗弱
[tap][sample][18:15:20.014] 持續=90ms 峰值=840 ✓ ⏱️ 防抖略過（距上次 135ms < 180ms）
[tap][dim]   [18:15:20.041] 持續=27ms 峰值=311 ✗弱
[tap][dim]   [18:15:20.294] 持續=27ms 峰值=305 ✗弱
[tap][dim]   [18:15:21.158] 持續=90ms 峰值=412 ✗弱
[tap][dim]   [18:15:21.319] 持續=36ms 峰值=397 ✗弱
[tap]         ⏱️ 間隔過長重置（1530ms）
[tap][sample][18:15:21.364] 持續=45ms 峰值=612 ✓ 🎯 敲擊 #1
[tap][dim]   [18:15:21.418] 持續=54ms 峰值=592 ✗弱
[tap][sample][18:15:21.482] 持續=63ms 峰值=818 ✓ ⏱️ 防抖略過（距上次 99ms < 180ms）
[tap][dim]   [18:15:21.518] 持續=36ms 峰值=371 ✗弱
[tap][dim]   [18:15:21.580] 持續=27ms 峰值=340 ✗弱
[tap][dim]   [18:15:21.679] 持續=36ms 峰值=343 ✗弱
[tap][dim]   [18:15:22.571] 持續=63ms 峰值=491 ✗弱
[tap]         ⏱️ 間隔過長重置（1251ms）
[tap][sample][18:15:22.598] 持續=27ms 峰值=612 ✓ 🎯 敲擊 #1
[tap][dim]   [18:15:22.670] 持續=72ms 峰值=577 ✗弱
[tap][sample][18:15:22.697] 持續=27ms 峰值=774 ✓ ⏱️ 防抖略過（距上次 99ms < 180ms）
[tap][dim]   [18:15:22.724] 持續=27ms 峰值=445 ✗弱
[tap][dim]   [18:15:22.859] 持續=54ms 峰值=596 ✗弱
[tap][sample][18:15:22.895] 持續=36ms 峰值=688 ✓ 🎯 敲擊 #2
[tap][dim]   [18:15:23.119] 持續=36ms 峰值=307 ✗弱
[tap][sample][18:15:23.236] 持續=117ms 峰值=846 ✗長
[tap][dim]   [18:15:23.309] 持續=72ms 峰值=343 ✗弱
[tap][dim]   [18:15:23.399] 持續=54ms 峰值=501 ✗弱
[tap][sample][18:15:23.561] 持續=162ms 峰值=1069 ✗長
[tap][dim]   [18:15:23.687] 持續=63ms 峰值=541 ✗弱
[tap][dim]   [18:15:24.299] 持續=27ms 峰值=396 ✗弱
[tap][dim]   [18:15:25.451] 持續=27ms 峰值=309 ✗弱
[tap][dim]   [18:15:25.604] 持續=90ms 峰值=586 ✗弱
[tap][dim]   [18:15:25.739] 持續=27ms 峰值=318 ✗弱
[tap][sample][18:15:25.802] 持續=63ms 峰值=709 ✓ 🎯 敲擊 #1
[tap][dim]   [18:15:25.901] 持續=99ms 峰值=546 ✗弱
[tap]         ⏱️ 間隔過長重置（639ms）
[tap][sample][18:15:26.414] 持續=36ms 峰值=731 ✓ 🎯 敲擊 #1
[tap][dim]   [18:15:26.441] 持續=27ms 峰值=570 ✗弱
[tap][dim]   [18:15:27.440] 持續=36ms 峰值=361 ✗弱
[tap][dim]   [18:15:28.007] 持續=27ms 峰值=365 ✗弱
[tap][dim]   [18:15:32.677] 持續=54ms 峰值=441 ✗弱
[tap][dim]   [18:15:42.001] 持續=108ms 峰值=560 ✗弱
[tap][dim]   [18:17:27.221] 持續=27ms 峰值=358 ✗弱
[tap]         ⏱️ 間隔過長重置（136143ms）
[tap][sample][18:17:42.611] 持續=90ms 峰值=1052 ✓ 🎯 敲擊 #1
[tap][dim]   [18:17:42.648] 持續=37ms 峰值=316 ✗弱
[tap][dim]   [18:17:43.312] 持續=63ms 峰值=374 ✗弱
[tap][dim]   [18:19:55.604] 持續=63ms 峰值=446 ✗弱
[tap][sample][18:19:55.829] 持續=225ms 峰值=879 ✗長
[tap][dim]   [18:19:55.855] 持續=27ms 峰值=365 ✗弱
[tap][dim]   [18:19:56.180] 持續=63ms 峰值=547 ✗弱
[tap]         ⏱️ 間隔過長重置（133659ms）
[tap][sample][18:19:56.207] 持續=27ms 峰值=646 ✓ 🎯 敲擊 #1
[tap][sample][18:19:56.567] 持續=99ms 峰值=721 ✓ 🎯 敲擊 #2
[tap][dim]   [18:19:56.594] 持續=27ms 峰值=367 ✗弱
[tap][dim]   [18:19:58.646] 持續=99ms 峰值=575 ✗弱
[tap][dim]   [18:20:05.683] 持續=90ms 峰值=370 ✗弱
[tap][dim]   [18:20:05.774] 持續=54ms 峰值=379 ✗弱
[tap][dim]   [18:20:07.250] 持續=63ms 峰值=360 ✗弱
[tap][dim]   [18:20:09.140] 持續=90ms 峰值=401 ✗弱
[tap][dim]   [18:20:16.214] 持續=36ms 峰值=483 ✗弱
[tap]         ⏱️ 間隔過長重置（19746ms）
[tap][sample][18:20:16.250] 持續=36ms 峰值=877 ✓ 🎯 敲擊 #1
[tap][dim]   [18:20:16.277] 持續=27ms 峰值=508 ✗弱
[tap][dim]   [18:20:34.493] 持續=63ms 峰值=487 ✗弱
[tap][dim]   [18:20:35.069] 持續=36ms 峰值=593 ✗弱
[tap]         ⏱️ 間隔過長重置（18855ms）
[tap][sample][18:20:35.095] 持續=27ms 峰值=750 ✓ 🎯 敲擊 #1
[tap][dim]   [18:20:35.132] 持續=36ms 峰值=526 ✗弱
[tap][dim]   [18:21:51.479] 持續=27ms 峰值=304 ✗弱
[tap]         ⏱️ 間隔過長重置（101304ms）
[tap][sample][18:22:16.445] 持續=72ms 峰值=750 ✓ 🎯 敲擊 #1
[tap][dim]   [18:22:16.534] 持續=90ms 峰值=593 ✗弱
[tap][sample][18:22:16.768] 持續=72ms 峰值=692 ✓ 🎯 敲擊 #2
[tap][dim]   [18:22:16.796] 持續=27ms 峰值=406 ✗弱
[tap][dim]   [18:22:19.486] 持續=108ms 峰值=488 ✗弱
[tap][dim]   [18:22:25.373] 持續=100ms 峰值=423 ✗弱
[tap][dim]   [18:22:25.534] 持續=72ms 峰值=418 ✗弱
[tap][dim]   [18:22:28.855] 持續=63ms 峰值=333 ✗弱
[tap][dim]   [18:23:00.212] 持續=90ms 峰值=474 ✗弱
[tap][dim]   [18:23:00.320] 持續=36ms 峰值=331 ✗弱
[tap][dim]   [18:23:00.509] 持續=90ms 峰值=575 ✗弱
[tap][dim]   [18:23:03.965] 持續=36ms 峰值=329 ✗弱
[tap][dim]   [18:23:12.209] 持續=27ms 峰值=367 ✗弱
[tap][dim]   [18:23:16.511] 持續=27ms 峰值=325 ✗弱
[tap][dim]   [18:23:23.324] 持續=63ms 峰值=522 ✗弱
[tap][dim]   [18:23:23.414] 持續=27ms 峰值=545 ✗弱
[tap][dim]   [18:23:23.621] 持續=36ms 峰值=341 ✗弱
[tap][dim]   [18:23:42.079] 持續=36ms 峰值=349 ✗弱
[tap]         ⏱️ 間隔過長重置（85383ms）
[tap][sample][18:23:42.106] 持續=27ms 峰值=700 ✓ 🎯 敲擊 #1
[tap][dim]   [18:23:42.133] 持續=27ms 峰值=474 ✗弱
[tap][dim]   [18:23:43.745] 持續=36ms 峰值=540 ✗弱
[tap]         ⏱️ 間隔過長重置（1854ms）
[tap][sample][18:23:43.970] 持續=36ms 峰值=603 ✓ 🎯 敲擊 #1
[tap][dim]   [18:23:44.798] 持續=27ms 峰值=357 ✗弱
[tap]         ⏱️ 間隔過長重置（5346ms）
[tap][sample][18:23:49.307] 持續=27ms 峰值=615 ✓ 🎯 敲擊 #1
[tap][dim]   [18:23:51.709] 持續=36ms 峰值=569 ✗弱
[tap][dim]   [18:24:01.951] 持續=90ms 峰值=344 ✗弱
[tap][dim]   [18:24:02.050] 持續=72ms 峰值=343 ✗弱
[tap][dim]   [18:25:55.099] 持續=36ms 峰值=576 ✗弱
[tap]         ⏱️ 間隔過長重置（125820ms）
[tap][sample][18:25:55.136] 持續=36ms 峰值=605 ✓ 🎯 敲擊 #1
[tap][dim]   [18:25:55.162] 持續=27ms 峰值=416 ✗弱
[tap][dim]   [18:25:55.874] 持續=90ms 峰值=435 ✗弱
[tap][dim]   [18:25:56.666] 持續=27ms 峰值=307 ✗弱
[tap][dim]   [18:26:19.994] 持續=27ms 峰值=408 ✗弱
[tap]         ⏱️ 間隔過長重置（24894ms）
[tap][sample][18:26:20.057] 持續=63ms 峰值=866 ✓ 🎯 敲擊 #1
[tap][dim]   [18:26:20.128] 持續=72ms 峰值=554 ✗弱
[tap][sample][18:26:20.155] 持續=27ms 峰值=654 ✓ ⏱️ 防抖略過（距上次 135ms < 180ms）
[tap][dim]   [18:26:20.183] 持續=27ms 峰值=396 ✗弱
[tap][dim]   [18:27:19.097] 持續=90ms 峰值=514 ✗弱
[tap][dim]   [18:27:32.668] 持續=27ms 峰值=345 ✗弱
[tap][dim]   [18:27:32.740] 持續=36ms 峰值=374 ✗弱
[tap][dim]   [18:27:41.660] 持續=36ms 峰值=315 ✗弱
[tap][dim]   [18:27:58.112] 持續=27ms 峰值=324 ✗弱
[tap][dim]   [18:28:24.797] 持續=27ms 峰值=320 ✗弱
[tap][dim]   [18:28:25.444] 持續=36ms 峰值=474 ✗弱
[tap][dim]   [18:29:08.321] 持續=27ms 峰值=311 ✗弱
[tap][dim]   [18:29:48.263] 持續=63ms 峰值=446 ✗弱
[tap][dim]   [18:29:48.352] 持續=27ms 峰值=359 ✗弱
[tap][dim]   [18:29:49.577] 持續=27ms 峰值=412 ✗弱
[tap]         ⏱️ 間隔過長重置（266094ms）
[tap][sample][18:30:46.124] 持續=36ms 峰值=1312 ✓ 🎯 敲擊 #1
[tap][dim]   [18:30:46.151] 持續=27ms 峰值=368 ✗弱
[tap]         ⏱️ 間隔過長重置（39969ms）
[tap][sample][18:31:26.120] 持續=63ms 峰值=645 ✓ 🎯 敲擊 #1
[tap][dim]   [18:31:26.147] 持續=27ms 峰值=363 ✗弱
[tap][dim]   [18:31:26.624] 持續=27ms 峰值=352 ✗弱
[tap][dim]   [18:31:41.474] 持續=54ms 峰值=351 ✗弱
[tap][dim]   [18:31:41.834] 持續=36ms 峰值=323 ✗弱
[tap][dim]   [18:31:41.924] 持續=53ms 峰值=361 ✗弱
[tap][dim]   [18:31:42.221] 持續=72ms 峰值=400 ✗弱
[tap][dim]   [18:31:42.310] 持續=63ms 峰值=479 ✗弱
[tap][dim]   [18:31:43.787] 持續=99ms 峰值=372 ✗弱
[tap][dim]   [18:31:44.489] 持續=36ms 峰值=370 ✗弱
[tap][dim]   [18:31:44.867] 持續=63ms 峰值=364 ✗弱
[tap][dim]   [18:32:33.196] 持續=90ms 峰值=493 ✗弱
[tap][dim]   [18:32:33.323] 持續=90ms 峰值=341 ✗弱
[tap][dim]   [18:32:33.449] 持續=90ms 峰值=400 ✗弱
[tap][dim]   [18:34:09.561] 持續=46ms 峰值=451 ✗弱
[tap]         ⏱️ 間隔過長重置（163504ms）
[tap][sample][18:34:09.587] 持續=26ms 峰值=897 ✓ 🎯 敲擊 #1
[tap][dim]   [18:34:09.613] 持續=27ms 峰值=597 ✗弱
[tap][dim]   [18:34:11.279] 持續=63ms 峰值=474 ✗弱
[tap]         ⏱️ 間隔過長重置（1718ms）
[tap][sample][18:34:11.315] 持續=36ms 峰值=609 ✓ 🎯 敲擊 #1
[tap][dim]   [18:34:11.404] 持續=89ms 峰值=511 ✗弱
[tap][sample][18:34:11.431] 持續=27ms 峰值=679 ✓ ⏱️ 防抖略過（距上次 126ms < 180ms）
[tap][dim]   [18:34:11.540] 持續=108ms 峰值=470 ✗弱
[tap][dim]   [18:34:12.719] 持續=62ms 峰值=463 ✗弱
[tap][dim]   [18:34:16.976] 持續=27ms 峰值=385 ✗弱
[tap][dim]   [18:34:29.486] 持續=63ms 峰值=399 ✗弱
[tap][dim]   [18:34:30.034] 持續=99ms 峰值=494 ✗弱
[tap]         ⏱️ 間隔過長重置（18756ms）
[tap][sample][18:34:30.061] 持續=27ms 峰值=619 ✓ 🎯 敲擊 #1
[tap][dim]   [18:34:30.089] 持續=27ms 峰值=471 ✗弱
[tap][dim]   [18:34:31.160] 持續=81ms 峰值=413 ✗弱
[tap][dim]   [18:34:34.517] 持續=72ms 峰值=342 ✗弱
[tap][dim]   [18:34:34.607] 持續=63ms 峰值=332 ✗弱
[tap][dim]   [18:34:34.706] 持續=27ms 峰值=302 ✗弱
[tap][dim]   [18:34:48.980] 持續=36ms 峰值=309 ✗弱
[tap][dim]   [18:34:53.237] 持續=72ms 峰值=508 ✗弱
[tap][dim]   [18:35:37.751] 持續=98ms 峰值=351 ✗弱
[tap][dim]   [18:35:38.966] 持續=90ms 峰值=359 ✗弱
[tap][dim]   [18:36:35.998] 持續=36ms 峰值=370 ✗弱
[tap][dim]   [18:37:37.271] 持續=27ms 峰值=374 ✗弱
[tap]         ⏱️ 間隔過長重置（187236ms）
[tap][sample][18:37:37.298] 持續=27ms 峰值=718 ✓ 🎯 敲擊 #1
[tap][dim]   [18:37:37.334] 持續=36ms 峰值=388 ✗弱
[tap][dim]   [18:37:38.773] 持續=63ms 峰值=375 ✗弱
[tap]         ⏱️ 間隔過長重置（1692ms）
[tap][sample][18:37:38.998] 持續=36ms 峰值=604 ✓ 🎯 敲擊 #1
[tap][dim]   [18:37:39.034] 持續=36ms 峰值=505 ✗弱
[tap][dim]   [18:37:39.161] 持續=72ms 峰值=376 ✗弱
[tap]         ⏱️ 間隔過長重置（1188ms）
[tap][sample][18:37:40.214] 持續=63ms 峰值=945 ✓ 🎯 敲擊 #1
[tap][dim]   [18:37:40.241] 持續=27ms 峰值=589 ✗弱
[tap][dim]   [18:37:40.763] 持續=99ms 峰值=449 ✗弱
[tap][dim]   [18:39:16.973] 持續=99ms 峰值=513 ✗弱
[tap]         ⏱️ 間隔過長重置（108630ms）
[tap][sample][18:39:28.808] 持續=27ms 峰值=919 ✓ 🎯 敲擊 #1
[tap][dim]   [18:39:28.871] 持續=63ms 峰值=518 ✗弱
[tap][dim]   [18:39:56.582] 持續=27ms 峰值=302 ✗弱
[tap][dim]   [18:40:11.819] 持續=63ms 峰值=594 ✗弱
[tap]         ⏱️ 間隔過長重置（43038ms）
[tap][sample][18:40:11.882] 持續=63ms 峰值=832 ✓ 🎯 敲擊 #1
[tap][dim]   [18:40:11.909] 持續=27ms 峰值=472 ✗弱
[tap][sample][18:40:11.945] 持續=36ms 峰值=668 ✓ ⏱️ 防抖略過（距上次 90ms < 180ms）
[tap][dim]   [18:40:12.008] 持續=63ms 峰值=570 ✗弱
[tap][sample][18:40:12.071] 持續=63ms 峰值=826 ✓ 🎯 敲擊 #2
[tap][dim]   [18:40:12.098] 持續=27ms 峰值=505 ✗弱
[tap][dim]   [18:40:14.410] 持續=72ms 峰值=554 ✗弱
[tap]         ⏱️ 間隔過長重置（2403ms）
[tap][sample][18:40:14.500] 持續=90ms 峰值=738 ✓ 🎯 敲擊 #1
[tap][dim]   [18:40:14.546] 持續=45ms 峰值=585 ✗弱
[tap][sample][18:40:14.609] 持續=63ms 峰值=898 ✓ ⏱️ 防抖略過（距上次 135ms < 180ms）
[tap][dim]   [18:40:14.699] 持續=90ms 峰值=546 ✗弱
[tap][dim]   [18:40:14.790] 持續=27ms 峰值=333 ✗弱
[tap][dim]   [18:40:21.449] 持續=90ms 峰值=547 ✗弱
[tap][sample][18:40:21.745] 持續=297ms 峰值=1147 ✗長
[tap][dim]   [18:40:21.836] 持續=90ms 峰值=548 ✗弱
[tap]         ⏱️ 間隔過長重置（70785ms）
[tap][sample][18:41:25.259] 持續=63ms 峰值=907 ✓ 🎯 敲擊 #1
[tap][dim]   [18:41:25.296] 持續=37ms 峰值=489 ✗弱
[tap]         ⏱️ 間隔過長重置（477ms）
[tap][sample][18:41:25.745] 持續=72ms 峰值=623 ✓ 🎯 敲擊 #1
[tap][dim]   [18:41:31.379] 持續=36ms 峰值=372 ✗弱
[tap][dim]   [18:41:31.433] 持續=27ms 峰值=417 ✗弱
[tap]         💤 敲麥監聽已停止
[recorder][18:41:54] 💤 預熱 stream 已關閉
[0m