[main] LOG -> F:\Cursor\AI Whisper Next\ai_whisper_20260517_015937.log
[settings] config loaded from F:\Cursor\AI Whisper Next\config.json
[main][01:59:37.354] ✅ 快捷鍵 ctrl+f12（句號）、ctrl+f11（逗號）已註冊
[input][01:59:37.355] ✅ Ctrl狀態防護已啟動
[main][01:59:37.356] ✅ 記憶快捷鍵 5/5 已註冊 (Win32)
[tap]         🎙️ 敲麥監聽已啟動
[recorder][VAD] 載入 Silero VAD 模型...
[tap][sample][01:59:39.083] 持續=122ms 峰值=11098 ✓ 🎯 敲擊 #1
[tap][sample][01:59:39.272] 持續=126ms 峰值=10875 ✓ 🎯 敲擊 #2
Using cache found in C:\Users\Administrator/.cache\torch\hub\snakers4_silero-vad_master
[recorder][VAD] ⚠️ Silero VAD 載入失敗，使用 RMS 備援: No module named 'torchaudio'
[tap][sample][01:59:39.497] 持續=162ms 峰值=10416 ✓ 🎯 敲擊 #3
[tap]        [01:59:39.497] 🔔 三連敲觸發（間隔 185ms / 189ms，一致性 0.98）
[tap]         💤 敲麥監聽已停止
[recorder][01:59:39] ⏱️ InputStream() 14.8ms
[recorder][01:59:39] ⏱️ stream.start() 0.4ms
[recorder][01:59:39] 🎙️ 錄音就緒，總初始化 15.2ms
[main][01:59:39.599] ⏱️ recorder.start() 耗時 15.3ms，ok=True
[tap]         🎙️ 敲麥監聽已啟動
[main][01:59:40.144] 🎙️ 開始錄音
[recorder][01:59:40] 🎤 第一包音訊到達，麥克風實際開啟延遲 735.3ms
[recorder][VAD] RMS 語音幀 0/34 (0.0%)，有效語音 0.00s，閾值 450，最低比例 16%，最低語音 0.35s
[recorder][flush] ❌ VAD 未達有效語音門檻，略過（語音比例不足 0.0% < 16%）
[tap][sample][01:59:41.558] 持續=127ms 峰值=11623 ✓ 🎯 敲擊 #1
[tap][sample][01:59:41.747] 持續=90ms 峰值=9922 ✓ 🎯 敲擊 #2
[tap][sample][01:59:41.944] 持續=84ms 峰值=8895 ✓ 🎯 敲擊 #3
[tap]        [01:59:41.944] 🔔 三連敲觸發（間隔 225ms / 204ms，一致性 0.91）
[main][01:59:41.945] ⏳ 預熱 idle 計時器啟動，10 分鐘後關閉麥克風
[recorder][stop] 錄音太短 (0.60s)，略過
[tap][dim]   [01:59:41.971] 持續=27ms 峰值=344 ✗弱
[tap]         💤 敲麥監聽已停止
[recorder][02:02:15] 💤 預熱 stream 已關閉
[0m