[main] LOG -> F:\Cursor\AI Whisper Next\logs\ai_whisper_20260520_002624.current.log
[settings] config loaded from F:\Cursor\AI Whisper Next\config.json
[main][00:26:25.046] ✅ 快捷鍵 ctrl+f11（句號）、ctrl+f12（逗號）已註冊
[main][00:26:25.047] ✅ 主快捷鍵 2/2 已註冊 (Win32)
[main][00:26:25.047] ✅ 記憶快捷鍵 5/5 已註冊 (Win32)
[tap]        [00:26:25.064] 🎙️ 敲麥監聽已啟動
[transcriber][00:26:27.089] 🔌 HTTP 連線預熱完成 (2.02s)
[recorder][VAD] 載入 Silero VAD 模型...
Using cache found in C:\Users\Administrator/.cache\torch\hub\snakers4_silero-vad_master
[recorder][VAD] Silero VAD 模型載入完成
[tap][sample][00:27:24.278] 持續=765ms 峰值=12159 ✗長 K=1.6 CF=4.3 SC=1878Hz Att=258.3ms | fK=1.8 fCF=4.4 fSC=1878Hz fFlat=0.443 fHF=0.021
[tap][dim]   [00:27:24.305] 持續=27ms 峰值=373 ✗弱
[tap][sample][00:27:25.529] 持續=63ms 峰值=914 ✓ K=1.5 CF=3.0 SC=451Hz Att=6.5ms | fK=3.1 fCF=3.6 fSC=484Hz fFlat=0.115 fHF=0.000 🎯 敲擊 #1
[tap][sample][00:27:25.583] 持續=27ms 峰值=625 ✓ K=-1.3 CF=1.6 SC=812Hz Att=6.2ms | fK=-1.2 fCF=1.9 fSC=805Hz fFlat=0.249 fHF=0.000 ⏱️ 防抖略過（距上次 90ms < 180ms）
[tap][dim]   [00:27:25.628] 持續=45ms 峰值=467 ✗弱
[tap][sample][00:27:25.655] 持續=27ms 峰值=1010 ✓ K=-0.5 CF=2.1 SC=816Hz Att=1.3ms | fK=0.6 fCF=2.7 fSC=562Hz fFlat=0.171 fHF=0.000 ⏱️ 防抖略過（距上次 162ms < 180ms）
[tap][dim]   [00:27:25.682] 持續=27ms 峰值=450 ✗弱
[main][00:27:25.890] ⌨️ 主快捷鍵觸發（Win32/逗號），keys=async_down=Ctrl,RCtrl; logical_down=Ctrl,RCtrl
[main][00:27:25.890] ⌨️ after(0) 執行延遲 0.4ms
[tap]        [00:27:25.952] 💤 敲麥監聽已停止
[recorder][00:27:25] ⏱️ InputStream() 10.0ms
[recorder][00:27:25] ⏱️ stream.start() 0.3ms
[recorder][00:27:25] 🎙️ 錄音就緒，總初始化 10.3ms
[main][00:27:25.963] ⏱️ recorder.start() 耗時 10.6ms，ok=True
[tap]        [00:27:26.495] 🎙️ 敲麥監聽已啟動
[main][00:27:26.501] 🎙️ 開始錄音
[recorder][00:27:26] 🎤 第一包音訊到達，麥克風實際開啟延遲 754.8ms
[recorder][VAD] Silero 語音幀 0/31 (0.0%)，有效語音 0.00s，信心閾值 0.6，最低比例 16%，最低語音 0.35s
[recorder][flush] ❌ VAD 未達有效語音門檻，略過（語音比例不足 0.0% < 16%）
[tap][sample][00:27:29.382] 持續=1441ms 峰值=13462 ✗長 K=1.6 CF=3.9 SC=1742Hz Att=313.4ms | fK=1.7 fCF=4.0 fSC=1738Hz fFlat=0.404 fHF=0.016
[tap][sample][00:27:29.831] 持續=423ms 峰值=7486 ✗長 K=4.8 CF=5.6 SC=1268Hz Att=65.0ms | fK=5.4 fCF=5.8 fSC=1266Hz fFlat=0.206 fHF=0.006
[tap][sample][00:27:31.145] 持續=675ms 峰值=9256 ✗長 K=2.1 CF=4.6 SC=896Hz Att=89.4ms | fK=2.3 fCF=4.7 fSC=896Hz fFlat=0.163 fHF=0.001
[tap][sample][00:27:31.532] 持續=360ms 峰值=4717 ✗長 K=6.0 CF=5.9 SC=1110Hz Att=0.2ms | fK=6.9 fCF=6.1 fSC=1108Hz fFlat=0.187 fHF=0.004
[recorder][VAD] Silero 語音幀 89/151 (58.9%)，有效語音 2.85s，信心閾值 0.6，最低比例 16%，最低語音 0.35s
[recorder][flush] ✅ 取出 4.9s 音訊段落
[main][00:27:32.641] ✂️ 自動分段送出（靜音達1s，累積 4.9s，靜音 1.1s）
[paster][00:27:33] 📏 [UIA] text='ctrl esc to focus or', text_after='', at_end=True, last_punct=False
[paster][00:27:33] 🔮 預取游標位置: at_end=True, last_punct=False (delay=0.29s, est_api=0.74s)
[transcriber][00:27:33.693] ⏱️ API 耗時: 1.05s
[main][00:27:33.693] ✅ 分段辨識完成: "但是我看到有兩個correct log啊"
[paster][00:27:34] 🎯 PASTE: at_end=True, last_punct=False, add_prefix=True (prefetched), prefix='，', final='但是我看到有兩個correct log啊'
[paster][00:27:34] ⌨️ TEXT input flow start: target_chars=21，視窗="Analyze concurrent execu… - AI Whisper Next - Cursor [系統管理員]"，hwnd=0x00110a72，process=cursor.exe，class=Chrome_WidgetWin_1，focus=('Message input', 'messageInput_cKsPxg', '', 'EditControl')，verify_readable=True，keys_before=async_down=none; logical_down=none，text='，但是我看到有兩個correct log啊'
[paster][00:27:34] ⌨️ 直接輸入前釋放修飾鍵: released=none，keys_after_release=async_down=none; logical_down=none
[recorder][VAD] Silero 語音幀 0/35 (0.0%)，有效語音 0.00s，信心閾值 0.6，最低比例 16%，最低語音 0.35s
[recorder][flush] ❌ VAD 未達有效語音門檻，略過（語音比例不足 0.0% < 16%）
[paster][00:27:34] ⌨️ TEXT input done: ok=True，keys_after_send=async_down=none; logical_down=none
[paster][00:27:34] ⏱️ 收到→直接輸入完成: 0.67s
[paster][00:27:34] ⌨️ TEXT input verify: ok=True，reason=changed
[recorder][VAD] Silero 語音幀 0/33 (0.0%)，有效語音 0.00s，信心閾值 0.6，最低比例 16%，最低語音 0.35s
[recorder][flush] ❌ VAD 未達有效語音門檻，略過（語音比例不足 0.0% < 16%）
[recorder][VAD] Silero 語音幀 0/31 (0.0%)，有效語音 0.00s，信心閾值 0.6，最低比例 16%，最低語音 0.35s
[recorder][flush] ❌ VAD 未達有效語音門檻，略過（語音比例不足 0.0% < 16%）
[recorder][VAD] Silero 語音幀 0/31 (0.0%)，有效語音 0.00s，信心閾值 0.6，最低比例 16%，最低語音 0.35s
[recorder][flush] ❌ VAD 未達有效語音門檻，略過（語音比例不足 0.0% < 16%）
[recorder][VAD] Silero 語音幀 0/31 (0.0%)，有效語音 0.00s，信心閾值 0.6，最低比例 16%，最低語音 0.35s
[recorder][flush] ❌ VAD 未達有效語音門檻，略過（語音比例不足 0.0% < 16%）
[recorder][VAD] Silero 語音幀 0/31 (0.0%)，有效語音 0.00s，信心閾值 0.6，最低比例 16%，最低語音 0.35s
[recorder][flush] ❌ VAD 未達有效語音門檻，略過（語音比例不足 0.0% < 16%）
[recorder][VAD] Silero 語音幀 0/38 (0.0%)，有效語音 0.00s，信心閾值 0.6，最低比例 16%，最低語音 0.35s
[recorder][flush] ❌ VAD 未達有效語音門檻，略過（語音比例不足 0.0% < 16%）
[recorder][VAD] Silero 語音幀 0/31 (0.0%)，有效語音 0.00s，信心閾值 0.6，最低比例 16%，最低語音 0.35s
[recorder][flush] ❌ VAD 未達有效語音門檻，略過（語音比例不足 0.0% < 16%）
[recorder][VAD] Silero 語音幀 0/31 (0.0%)，有效語音 0.00s，信心閾值 0.6，最低比例 16%，最低語音 0.35s
[recorder][flush] ❌ VAD 未達有效語音門檻，略過（語音比例不足 0.0% < 16%）
[recorder][VAD] Silero 語音幀 0/31 (0.0%)，有效語音 0.00s，信心閾值 0.6，最低比例 16%，最低語音 0.35s
[recorder][flush] ❌ VAD 未達有效語音門檻，略過（語音比例不足 0.0% < 16%）
[recorder][VAD] Silero 語音幀 0/31 (0.0%)，有效語音 0.00s，信心閾值 0.6，最低比例 16%，最低語音 0.35s
[recorder][flush] ❌ VAD 未達有效語音門檻，略過（語音比例不足 0.0% < 16%）
[recorder][VAD] Silero 語音幀 0/32 (0.0%)，有效語音 0.00s，信心閾值 0.6，最低比例 16%，最低語音 0.35s
[recorder][flush] ❌ VAD 未達有效語音門檻，略過（語音比例不足 0.0% < 16%）
[recorder][VAD] Silero 語音幀 0/37 (0.0%)，有效語音 0.00s，信心閾值 0.6，最低比例 16%，最低語音 0.35s
[recorder][flush] ❌ VAD 未達有效語音門檻，略過（語音比例不足 0.0% < 16%）
[recorder][VAD] Silero 語音幀 0/38 (0.0%)，有效語音 0.00s，信心閾值 0.6，最低比例 16%，最低語音 0.35s
[recorder][flush] ❌ VAD 未達有效語音門檻，略過（語音比例不足 0.0% < 16%）
[recorder][VAD] Silero 語音幀 0/31 (0.0%)，有效語音 0.00s，信心閾值 0.6，最低比例 16%，最低語音 0.35s
[recorder][flush] ❌ VAD 未達有效語音門檻，略過（語音比例不足 0.0% < 16%）
[recorder][VAD] Silero 語音幀 0/38 (0.0%)，有效語音 0.00s，信心閾值 0.6，最低比例 16%，最低語音 0.35s
[recorder][flush] ❌ VAD 未達有效語音門檻，略過（語音比例不足 0.0% < 16%）
[recorder][VAD] Silero 語音幀 0/38 (0.0%)，有效語音 0.00s，信心閾值 0.6，最低比例 16%，最低語音 0.35s
[recorder][flush] ❌ VAD 未達有效語音門檻，略過（語音比例不足 0.0% < 16%）
[recorder][VAD] Silero 語音幀 0/31 (0.0%)，有效語音 0.00s，信心閾值 0.6，最低比例 16%，最低語音 0.35s
[recorder][flush] ❌ VAD 未達有效語音門檻，略過（語音比例不足 0.0% < 16%）
[recorder][VAD] Silero 語音幀 0/31 (0.0%)，有效語音 0.00s，信心閾值 0.6，最低比例 16%，最低語音 0.35s
[recorder][flush] ❌ VAD 未達有效語音門檻，略過（語音比例不足 0.0% < 16%）
[recorder][VAD] Silero 語音幀 0/31 (0.0%)，有效語音 0.00s，信心閾值 0.6，最低比例 16%，最低語音 0.35s
[recorder][flush] ❌ VAD 未達有效語音門檻，略過（語音比例不足 0.0% < 16%）
[recorder][VAD] Silero 語音幀 0/31 (0.0%)，有效語音 0.00s，信心閾值 0.6，最低比例 16%，最低語音 0.35s
[recorder][flush] ❌ VAD 未達有效語音門檻，略過（語音比例不足 0.0% < 16%）
[recorder][VAD] Silero 語音幀 0/38 (0.0%)，有效語音 0.00s，信心閾值 0.6，最低比例 16%，最低語音 0.35s
[recorder][flush] ❌ VAD 未達有效語音門檻，略過（語音比例不足 0.0% < 16%）
[recorder][VAD] Silero 語音幀 0/31 (0.0%)，有效語音 0.00s，信心閾值 0.6，最低比例 16%，最低語音 0.35s
[recorder][flush] ❌ VAD 未達有效語音門檻，略過（語音比例不足 0.0% < 16%）
[recorder][VAD] Silero 語音幀 0/31 (0.0%)，有效語音 0.00s，信心閾值 0.6，最低比例 16%，最低語音 0.35s
[recorder][flush] ❌ VAD 未達有效語音門檻，略過（語音比例不足 0.0% < 16%）
[recorder][VAD] Silero 語音幀 0/31 (0.0%)，有效語音 0.00s，信心閾值 0.6，最低比例 16%，最低語音 0.35s
[recorder][flush] ❌ VAD 未達有效語音門檻，略過（語音比例不足 0.0% < 16%）
[tap][sample][00:28:01.142] 持續=99ms 峰值=2148 ✓ K=0.4 CF=3.3 SC=1088Hz Att=46.9ms | fK=1.3 fCF=3.7 fSC=1169Hz fFlat=0.209 fHF=0.001 🎯 敲擊 #1
[tap][dim]   [00:28:01.170] 持續=27ms 峰值=550 ✗弱
[tap][sample][00:28:02.242] 持續=1072ms 峰值=11137 ✗長 K=4.8 CF=5.4 SC=1124Hz Att=641.8ms | fK=5.0 fCF=5.5 fSC=1125Hz fFlat=0.254 fHF=0.003
[tap][dim]   [00:28:02.267] 持續=26ms 峰值=472 ✗弱
[tap][sample][00:28:02.690] 持續=396ms 峰值=2825 ✗長 K=3.2 CF=5.3 SC=1583Hz Att=81.0ms | fK=3.7 fCF=5.5 fSC=1590Hz fFlat=0.377 fHF=0.014
[tap][sample][00:28:03.005] 持續=288ms 峰值=9288 ✗長 K=8.3 CF=6.3 SC=1136Hz Att=194.8ms | fK=9.6 fCF=6.7 fSC=1144Hz fFlat=0.255 fHF=0.002
[tap][sample][00:28:03.122] 持續=90ms 峰值=5274 ✓ K=4.2 CF=4.7 SC=1513Hz Att=2.4ms | fK=6.4 fCF=5.4 fSC=1505Hz fFlat=0.362 fHF=0.011 🎯 敲擊 #1
[tap][dim]   [00:28:03.194] 持續=72ms 峰值=575 ✗弱
[recorder][VAD] Silero 語音幀 64/114 (56.1%)，有效語音 2.05s，信心閾值 0.6，最低比例 16%，最低語音 0.35s
[recorder][flush] ✅ 取出 3.7s 音訊段落
[main][00:28:04.304] ✂️ 自動分段送出（靜音達1s，累積 3.7s，靜音 1.1s）
[paster][00:28:04] 📏 [UIA] text='ctrl esc to focus or', text_after='', at_end=True, last_punct=False
[paster][00:28:04] 🔮 預取游標位置: at_end=True, last_punct=False (delay=0.17s, est_api=0.62s)
[transcriber][00:28:05.500] ⏱️ API 耗時: 1.19s
[main][00:28:05.500] ✅ 分段辨識完成: "你怎麼用日文回答我看不懂"
[recorder][VAD] Silero 語音幀 0/38 (0.0%)，有效語音 0.00s，信心閾值 0.6，最低比例 16%，最低語音 0.35s
[recorder][flush] ❌ VAD 未達有效語音門檻，略過（語音比例不足 0.0% < 16%）
[paster][00:28:05] 🎯 PASTE: at_end=True, last_punct=False, add_prefix=True (prefetched), prefix='，', final='你怎麼用日文回答我看不懂'
[paster][00:28:05] ⌨️ TEXT input flow start: target_chars=13，視窗="Analyze concurrent execu… - AI Whisper Next - Cursor [系統管理員]"，hwnd=0x00110a72，process=cursor.exe，class=Chrome_WidgetWin_1，focus=('Message input', 'messageInput_cKsPxg', '', 'EditControl')，verify_readable=True，keys_before=async_down=none; logical_down=none，text='，你怎麼用日文回答我看不懂'
[paster][00:28:05] ⌨️ 直接輸入前釋放修飾鍵: released=none，keys_after_release=async_down=none; logical_down=none
[paster][00:28:05] ⌨️ TEXT input done: ok=True，keys_after_send=async_down=none; logical_down=none
[paster][00:28:05] ⏱️ 收到→直接輸入完成: 0.05s
[paster][00:28:05] ⌨️ TEXT input verify: ok=True，reason=changed
[recorder][VAD] Silero 語音幀 0/31 (0.0%)，有效語音 0.00s，信心閾值 0.6，最低比例 16%，最低語音 0.35s
[recorder][flush] ❌ VAD 未達有效語音門檻，略過（語音比例不足 0.0% < 16%）
[recorder][VAD] Silero 語音幀 0/31 (0.0%)，有效語音 0.00s，信心閾值 0.6，最低比例 16%，最低語音 0.35s
[recorder][flush] ❌ VAD 未達有效語音門檻，略過（語音比例不足 0.0% < 16%）
[recorder][VAD] Silero 語音幀 0/31 (0.0%)，有效語音 0.00s，信心閾值 0.6，最低比例 16%，最低語音 0.35s
[recorder][flush] ❌ VAD 未達有效語音門檻，略過（語音比例不足 0.0% < 16%）
[recorder][VAD] Silero 語音幀 0/31 (0.0%)，有效語音 0.00s，信心閾值 0.6，最低比例 16%，最低語音 0.35s
[recorder][flush] ❌ VAD 未達有效語音門檻，略過（語音比例不足 0.0% < 16%）
[recorder][VAD] Silero 語音幀 0/31 (0.0%)，有效語音 0.00s，信心閾值 0.6，最低比例 16%，最低語音 0.35s
[recorder][flush] ❌ VAD 未達有效語音門檻，略過（語音比例不足 0.0% < 16%）
[recorder][VAD] Silero 語音幀 0/31 (0.0%)，有效語音 0.00s，信心閾值 0.6，最低比例 16%，最低語音 0.35s
[recorder][flush] ❌ VAD 未達有效語音門檻，略過（語音比例不足 0.0% < 16%）
[recorder][VAD] Silero 語音幀 0/31 (0.0%)，有效語音 0.00s，信心閾值 0.6，最低比例 16%，最低語音 0.35s
[recorder][flush] ❌ VAD 未達有效語音門檻，略過（語音比例不足 0.0% < 16%）
[recorder][VAD] Silero 語音幀 0/38 (0.0%)，有效語音 0.00s，信心閾值 0.6，最低比例 16%，最低語音 0.35s
[recorder][flush] ❌ VAD 未達有效語音門檻，略過（語音比例不足 0.0% < 16%）
[recorder][VAD] Silero 語音幀 0/38 (0.0%)，有效語音 0.00s，信心閾值 0.6，最低比例 16%，最低語音 0.35s
[recorder][flush] ❌ VAD 未達有效語音門檻，略過（語音比例不足 0.0% < 16%）
[recorder][VAD] Silero 語音幀 0/31 (0.0%)，有效語音 0.00s，信心閾值 0.6，最低比例 16%，最低語音 0.35s
[recorder][flush] ❌ VAD 未達有效語音門檻，略過（語音比例不足 0.0% < 16%）
[recorder][VAD] Silero 語音幀 0/31 (0.0%)，有效語音 0.00s，信心閾值 0.6，最低比例 16%，最低語音 0.35s
[recorder][flush] ❌ VAD 未達有效語音門檻，略過（語音比例不足 0.0% < 16%）
[recorder][VAD] Silero 語音幀 0/31 (0.0%)，有效語音 0.00s，信心閾值 0.6，最低比例 16%，最低語音 0.35s
[recorder][flush] ❌ VAD 未達有效語音門檻，略過（語音比例不足 0.0% < 16%）
[recorder][VAD] Silero 語音幀 0/31 (0.0%)，有效語音 0.00s，信心閾值 0.6，最低比例 16%，最低語音 0.35s
[recorder][flush] ❌ VAD 未達有效語音門檻，略過（語音比例不足 0.0% < 16%）
[recorder][VAD] Silero 語音幀 0/38 (0.0%)，有效語音 0.00s，信心閾值 0.6，最低比例 16%，最低語音 0.35s
[recorder][flush] ❌ VAD 未達有效語音門檻，略過（語音比例不足 0.0% < 16%）
[recorder][VAD] Silero 語音幀 0/38 (0.0%)，有效語音 0.00s，信心閾值 0.6，最低比例 16%，最低語音 0.35s
[recorder][flush] ❌ VAD 未達有效語音門檻，略過（語音比例不足 0.0% < 16%）
[recorder][VAD] Silero 語音幀 0/31 (0.0%)，有效語音 0.00s，信心閾值 0.6，最低比例 16%，最低語音 0.35s
[recorder][flush] ❌ VAD 未達有效語音門檻，略過（語音比例不足 0.0% < 16%）
[recorder][VAD] Silero 語音幀 0/31 (0.0%)，有效語音 0.00s，信心閾值 0.6，最低比例 16%，最低語音 0.35s
[recorder][flush] ❌ VAD 未達有效語音門檻，略過（語音比例不足 0.0% < 16%）
[recorder][VAD] Silero 語音幀 0/38 (0.0%)，有效語音 0.00s，信心閾值 0.6，最低比例 16%，最低語音 0.35s
[recorder][flush] ❌ VAD 未達有效語音門檻，略過（語音比例不足 0.0% < 16%）
[recorder][VAD] Silero 語音幀 0/31 (0.0%)，有效語音 0.00s，信心閾值 0.6，最低比例 16%，最低語音 0.35s
[recorder][flush] ❌ VAD 未達有效語音門檻，略過（語音比例不足 0.0% < 16%）
[recorder][VAD] Silero 語音幀 0/38 (0.0%)，有效語音 0.00s，信心閾值 0.6，最低比例 16%，最低語音 0.35s
[recorder][flush] ❌ VAD 未達有效語音門檻，略過（語音比例不足 0.0% < 16%）
[recorder][VAD] Silero 語音幀 0/31 (0.0%)，有效語音 0.00s，信心閾值 0.6，最低比例 16%，最低語音 0.35s
[recorder][flush] ❌ VAD 未達有效語音門檻，略過（語音比例不足 0.0% < 16%）
[recorder][VAD] Silero 語音幀 0/31 (0.0%)，有效語音 0.00s，信心閾值 0.6，最低比例 16%，最低語音 0.35s
[recorder][flush] ❌ VAD 未達有效語音門檻，略過（語音比例不足 0.0% < 16%）
[recorder][VAD] Silero 語音幀 0/31 (0.0%)，有效語音 0.00s，信心閾值 0.6，最低比例 16%，最低語音 0.35s
[recorder][flush] ❌ VAD 未達有效語音門檻，略過（語音比例不足 0.0% < 16%）
[recorder][VAD] Silero 語音幀 0/31 (0.0%)，有效語音 0.00s，信心閾值 0.6，最低比例 16%，最低語音 0.35s
[recorder][flush] ❌ VAD 未達有效語音門檻，略過（語音比例不足 0.0% < 16%）
[tap][sample][00:28:32.084] 持續=279ms 峰值=11818 ✗長 K=2.7 CF=4.7 SC=1160Hz Att=0.1ms | fK=3.3 fCF=5.0 fSC=1159Hz fFlat=0.218 fHF=0.001
[tap][sample][00:28:32.445] 持續=135ms 峰值=2955 ✗長 K=2.4 CF=4.2 SC=1943Hz Att=21.8ms | fK=3.7 fCF=4.7 fSC=1943Hz fFlat=0.383 fHF=0.020
[tap][sample][00:28:32.724] 持續=243ms 峰值=7106 ✗長 K=0.2 CF=4.3 SC=1604Hz Att=48.6ms | fK=0.6 fCF=4.5 fSC=1606Hz fFlat=0.395 fHF=0.009
[tap][dim]   [00:28:32.759] 持續=35ms 峰值=328 ✗弱
[tap][sample][00:28:33.812] 持續=927ms 峰值=8646 ✗長 K=2.6 CF=5.2 SC=1717Hz Att=347.1ms | fK=2.8 fCF=5.3 fSC=1717Hz fFlat=0.441 fHF=0.012
[tap][dim]   [00:28:33.839] 持續=27ms 峰值=460 ✗弱
[tap][sample][00:28:34.074] 持續=190ms 峰值=7244 ✗長 K=4.8 CF=5.3 SC=1186Hz Att=0.1ms | fK=6.0 fCF=5.7 fSC=1227Hz fFlat=0.273 fHF=0.005
[tap][sample][00:28:34.487] 持續=324ms 峰值=8568 ✗長 K=2.2 CF=4.3 SC=1045Hz Att=82.6ms | fK=2.7 fCF=4.5 fSC=1046Hz fFlat=0.190 fHF=0.002
[tap][sample][00:28:34.614] 持續=64ms 峰值=2306 ✓ K=7.0 CF=6.8 SC=2070Hz Att=0.1ms | fK=11.6 fCF=8.2 fSC=2070Hz fFlat=0.497 fHF=0.026 🎯 敲擊 #1
[tap][dim]   [00:28:34.685] 持續=71ms 峰值=344 ✗弱
[tap][sample][00:28:34.940] 持續=255ms 峰值=8785 ✗長 K=6.7 CF=6.0 SC=928Hz Att=77.0ms | fK=7.9 fCF=6.3 fSC=927Hz fFlat=0.114 fHF=0.000
[tap][dim]   [00:28:34.964] 持續=24ms 峰值=321 ✗弱
[tap]         ⏱️ 間隔過長重置（450ms）
[tap][sample][00:28:35.064] 持續=63ms 峰值=1328 ✓ K=18.3 CF=8.3 SC=1809Hz Att=0.2ms | fK=27.9 fCF=10.1 fSC=1796Hz fFlat=0.363 fHF=0.035 🎯 敲擊 #1
[tap][sample][00:28:36.153] 持續=550ms 峰值=9741 ✗長 K=4.8 CF=5.4 SC=891Hz Att=55.0ms | fK=5.2 fCF=5.6 fSC=893Hz fFlat=0.125 fHF=0.001
[tap][sample][00:28:37.016] 持續=800ms 峰值=9789 ✗長 K=3.8 CF=5.3 SC=2114Hz Att=343.1ms | fK=4.1 fCF=5.4 fSC=2110Hz fFlat=0.509 fHF=0.026
[tap][sample][00:28:37.250] 持續=207ms 峰值=7653 ✗長 K=1.1 CF=3.7 SC=1543Hz Att=87.1ms | fK=1.8 fCF=4.0 fSC=1545Hz fFlat=0.380 fHF=0.009
[tap][sample][00:28:38.582] 持續=1305ms 峰值=8723 ✗長 K=4.7 CF=7.3 SC=2754Hz Att=790.8ms | fK=4.9 fCF=7.3 fSC=2755Hz fFlat=0.644 fHF=0.093
[tap][dim]   [00:28:39.033] 持續=27ms 峰值=597 ✗弱
[tap][sample][00:28:39.573] 持續=540ms 峰值=10097 ✗長 K=4.1 CF=5.3 SC=1300Hz Att=252.3ms | fK=4.5 fCF=5.4 fSC=1308Hz fFlat=0.332 fHF=0.004
[tap][dim]   [00:28:39.600] 持續=27ms 峰值=520 ✗弱
[tap][sample][00:28:39.770] 持續=171ms 峰值=4587 ✗長 K=3.3 CF=4.5 SC=1225Hz Att=40.4ms | fK=4.5 fCF=4.9 fSC=1237Hz fFlat=0.315 fHF=0.004
[tap][dim]   [00:28:39.806] 持續=36ms 峰值=359 ✗弱
[tap][sample][00:28:40.184] 持續=324ms 峰值=5886 ✗長 K=1.9 CF=4.5 SC=1163Hz Att=173.4ms | fK=2.4 fCF=4.7 fSC=1160Hz fFlat=0.190 fHF=0.004
[tap][dim]   [00:28:40.220] 持續=36ms 峰值=594 ✗弱
[tap][sample][00:28:40.310] 持續=63ms 峰值=1430 ✓ K=11.7 CF=8.7 SC=1910Hz Att=0.1ms | fK=19.0 fCF=10.7 fSC=1910Hz fFlat=0.363 fHF=0.039 🎯 敲擊 #1
[tap][dim]   [00:28:40.400] 持續=27ms 峰值=369 ✗弱
[tap][sample][00:28:40.634] 持續=234ms 峰值=6993 ✗長 K=8.2 CF=6.0 SC=939Hz Att=79.3ms | fK=9.7 fCF=6.4 fSC=943Hz fFlat=0.146 fHF=0.001
[tap][dim]   [00:28:40.671] 持續=36ms 峰值=404 ✗弱
[tap][sample][00:28:40.824] 持續=154ms 峰值=1381 ✗長 K=4.0 CF=5.9 SC=1163Hz Att=0.2ms | fK=5.2 fCF=6.4 fSC=1148Hz fFlat=0.222 fHF=0.005
[tap][sample][00:28:41.399] 持續=475ms 峰值=10283 ✗長 K=6.3 CF=6.4 SC=1477Hz Att=431.3ms | fK=6.9 fCF=6.6 fSC=1479Hz fFlat=0.387 fHF=0.009
[tap][sample][00:28:41.885] 持續=423ms 峰值=7465 ✗長 K=5.0 CF=6.2 SC=945Hz Att=299.8ms | fK=5.6 fCF=6.4 fSC=948Hz fFlat=0.152 fHF=0.001
[tap][dim]   [00:28:41.912] 持續=27ms 峰值=302 ✗弱
[recorder][VAD] Silero 語音幀 274/374 (73.3%)，有效語音 8.77s，信心閾值 0.6，最低比例 16%，最低語音 0.35s
[recorder][flush] ✅ 取出 12.0s 音訊段落
[main][00:28:43.149] ✂️ 自動分段送出（靜音達1s，累積 12.0s，靜音 1.2s）
[recorder][VAD] Silero 語音幀 0/38 (0.0%)，有效語音 0.00s，信心閾值 0.6，最低比例 16%，最低語音 0.35s
[recorder][flush] ❌ VAD 未達有效語音門檻，略過（語音比例不足 0.0% < 16%）
[paster][00:28:44] 📏 [UIA] text='ctrl esc to focus or', text_after='', at_end=True, last_punct=False
[paster][00:28:44] 🔮 預取游標位置: at_end=True, last_punct=False (delay=1.00s, est_api=1.45s)
[recorder][VAD] Silero 語音幀 0/31 (0.0%)，有效語音 0.00s，信心閾值 0.6，最低比例 16%，最低語音 0.35s
[recorder][flush] ❌ VAD 未達有效語音門檻，略過（語音比例不足 0.0% < 16%）
[main][00:28:45.651] ⚠️ API 超過 2.5s 未回應，重試中…
[recorder][VAD] Silero 語音幀 0/38 (0.0%)，有效語音 0.00s，信心閾值 0.6，最低比例 16%，最低語音 0.35s
[recorder][flush] ❌ VAD 未達有效語音門檻，略過（語音比例不足 0.0% < 16%）
[transcriber][00:28:46.570] ⏱️ API 耗時: 3.42s
[main][00:28:46.571] ✅ 分段辨識完成: "對，你看現在有兩個correct log，然後你現在再執行一次重啟，看這兩個correct log會怎麼變化"
[paster][00:28:46] 🎯 PASTE: at_end=True, last_punct=False, add_prefix=True (prefetched), prefix='，', final='對，你看現在有兩個correct log，然後你現在再執行一次重啟，看這兩個co'
[paster][00:28:46] ⌨️ TEXT input flow start: target_chars=55，視窗="Analyze concurrent execu… - AI Whisper Next - Cursor [系統管理員]"，hwnd=0x00110a72，process=cursor.exe，class=Chrome_WidgetWin_1，focus=('Message input', 'messageInput_cKsPxg', '', 'EditControl')，verify_readable=True，keys_before=async_down=none; logical_down=none，text='，對，你看現在有兩個correct log，然後你現在再執行一次重啟，看這兩個c'
[paster][00:28:46] ⌨️ 直接輸入前釋放修飾鍵: released=none，keys_after_release=async_down=none; logical_down=none
[paster][00:28:46] ⌨️ TEXT input done: ok=True，keys_after_send=async_down=none; logical_down=none
[paster][00:28:46] ⏱️ 收到→直接輸入完成: 0.08s
[paster][00:28:46] ⌨️ TEXT input verify: ok=True，reason=changed
[transcriber][00:28:46.802] ⏱️ API 耗時: 1.15s
[recorder][VAD] Silero 語音幀 0/31 (0.0%)，有效語音 0.00s，信心閾值 0.6，最低比例 16%，最低語音 0.35s
[recorder][flush] ❌ VAD 未達有效語音門檻，略過（語音比例不足 0.0% < 16%）
[recorder][VAD] Silero 語音幀 0/31 (0.0%)，有效語音 0.00s，信心閾值 0.6，最低比例 16%，最低語音 0.35s
[recorder][flush] ❌ VAD 未達有效語音門檻，略過（語音比例不足 0.0% < 16%）
[recorder][VAD] Silero 語音幀 0/31 (0.0%)，有效語音 0.00s，信心閾值 0.6，最低比例 16%，最低語音 0.35s
[recorder][flush] ❌ VAD 未達有效語音門檻，略過（語音比例不足 0.0% < 16%）
[recorder][VAD] Silero 語音幀 0/38 (0.0%)，有效語音 0.00s，信心閾值 0.6，最低比例 16%，最低語音 0.35s
[recorder][flush] ❌ VAD 未達有效語音門檻，略過（語音比例不足 0.0% < 16%）
[recorder][VAD] Silero 語音幀 0/31 (0.0%)，有效語音 0.00s，信心閾值 0.6，最低比例 16%，最低語音 0.35s
[recorder][flush] ❌ VAD 未達有效語音門檻，略過（語音比例不足 0.0% < 16%）
[tap]        [00:28:52.614] 💤 敲麥監聽已停止
[recorder][00:28:52] 💤 預熱 stream 已關閉
