[main]          [01:05:37.033] LOG -> F:\Cursor\AI Whisper Next\logs\ai_whisper_20260609_010537_P8-32.current.log
[settings]      [01:05:37.033] config loaded from F:\Cursor\AI Whisper Next\config.json
[main]          [01:05:37.185] ✅ 快捷鍵 ctrl+f11（句號）、ctrl+f12（逗號）已註冊
[main]          [01:05:37.187] ✅ 主快捷鍵 2/2 已註冊 (Win32)
[main]          [01:05:37.188] ✅ 記憶快捷鍵 5/5 已註冊 (Win32)
[tap]           [01:05:37.203] 🎙️ 敲麥監聽已啟動
[main]          [01:05:37.203] 🔧 DIAG 關閉元件: (none)
[debug]         [01:05:37.214] 🔍 Debug server listening on 127.0.0.1:47643
[recorder][VAD] [01:05:37.405] 載入 Silero VAD 模型 (ONNX): F:\Cursor\AI Whisper Next\assets\silero_vad.onnx
[recorder][VAD] [01:05:37.525] Silero VAD 模型載入完成 (ONNX)
[transcriber]   [01:05:38.583] 🔌 HTTP 連線預熱完成 (1.38s)
[tap][dim]      [01:05:40.791] 持續=45ms 峰值=421 ✗弱
[main]          [01:05:41.579] ⌨️ 主快捷鍵觸發（Win32/逗號），keys=async_down=Ctrl,RCtrl; logical_down=Ctrl,RCtrl
[main]          [01:05:41.582] ⌨️ after(0) 執行延遲 3.2ms
[tap]           [01:05:41.640] 💤 敲麥監聽已停止
[recorder]      [01:05:41.673] ⏱️ InputStream() 30.4ms
[recorder]      [01:05:41.674] ⏱️ stream.start() 1.0ms
[recorder]      [01:05:41.674] 🎙️ 錄音就緒，總初始化 31.4ms
[main]          [01:05:41.674] ⏱️ recorder.start() 耗時 31.9ms，ok=True
[tap]           [01:05:42.234] 🎙️ 敲麥監聽已啟動
[main]          [01:05:42.244] 🎙️ 開始錄音
[recorder]      [01:05:42.402] 🎤 第一包音訊到達，麥克風實際開啟延遲 728.8ms
[tap][dim]      [01:05:42.942] 持續=27ms 峰值=308 ✗弱
[tap][sample]   [01:05:44.742] 持續=1692ms 峰值=12553 ✗長 K=0.7 CF=3.6 SC=2632Hz Att=243.2ms | fK=0.8 fCF=3.7 fSC=2684Hz fFlat=0.633 fHF=0.093
[recorder][VAD] [01:05:45.912] ✅ Silero 11/110 (35.5%), 0.35s speech
[recorder][flush][01:05:45.912] ✅ 取出 3.5s 音訊段落
[main]          [01:05:45.912] ✂️ 自動分段送出（靜音達1s，累積 3.5s，靜音 1.2s）
[paster]        [01:05:46.083] 📏 [UIA] 文字為空 → 不加句號
[paster]        [01:05:46.084] 🔮 預取游標位置: at_end=False, last_punct=False (delay=0.14s, est_api=0.56s)
[transcriber]   [01:05:46.722] ⏱️ API 耗時: 0.81s
[main]          [01:05:46.723] ✅ 分段辨識完成: "測試一下測試一下"
[paster]        [01:05:46.776] 🎯 PASTE: at_end=False, last_punct=False, add_prefix=False (prefetched), prefix='，', final='測試一下測試一下'
[paster]        [01:05:46.787] ⌨️ TEXT input flow start: target_chars=8，視窗="未命名 - 記事本"，hwnd=0x089a0e44，process=notepad.exe，class=Notepad，focus=('文字編輯器', 'Edit', '15', 'EditControl')，verify_readable=True，keys_before=async_down=none; logical_down=none，text='測試一下測試一下'
[paster]        [01:05:46.788] ⌨️ 直接輸入前釋放修飾鍵: released=none，keys_after_release=async_down=none; logical_down=none
[paster]        [01:05:46.797] ⌨️ TEXT input done: ok=True，keys_after_send=async_down=none; logical_down=none
[paster]        [01:05:46.798] ⏱️ 收到→直接輸入完成: 0.07s
[paster]        [01:05:46.799] ⌨️ TEXT input verify: ok=True，reason=sendinput_trusted (hwnd unchanged)
[main]          [01:05:47.548] ✅ overlay 顯示「辨識完成 ✓」(recording, waveform)
[main]          [01:05:51.986] ⌨️ 主快捷鍵觸發（Win32/逗號），keys=async_down=Ctrl,RCtrl; logical_down=Ctrl,RCtrl
[main]          [01:05:51.988] ⌨️ after(0) 執行延遲 2.4ms[main]          [01:05:51.989] ⏳ 預熱 idle 計時器啟動，10 分鐘後關閉麥克風

[main]          [01:06:02.241] ⌨️ 主快捷鍵觸發（Win32/逗號），keys=async_down=Ctrl,RCtrl; logical_down=Ctrl,RCtrl
[main]          [01:06:02.242] ⌨️ after(0) 執行延遲 1.3ms
[tap]           [01:06:02.282] 💤 敲麥監聽已停止
[recorder]      [01:06:02.282] 🚀 預熱命中，直接開始錄音
[main]          [01:06:02.283] ⏱️ recorder.start() 耗時 0.6ms，ok=True
[tap]           [01:06:02.286] 🎙️ 敲麥監聽已啟動
[main]          [01:06:02.295] 🎙️ 開始錄音
[tap][dim]      [01:06:02.832] 持續=36ms 峰值=362 ✗弱
[tap][sample]   [01:06:03.633] 持續=801ms 峰值=12128 ✗長 K=1.7 CF=4.0 SC=1959Hz Att=69.6ms | fK=1.9 fCF=4.1 fSC=1958Hz fFlat=0.490 fHF=0.025
[tap][sample]   [01:06:04.110] 持續=450ms 峰值=13038 ✗長 K=0.9 CF=3.4 SC=1202Hz Att=24.6ms | fK=1.1 fCF=3.6 fSC=1204Hz fFlat=0.282 fHF=0.003
[tap][sample]   [01:06:04.236] 持續=90ms 峰值=10390 ✓ K=1.8 CF=3.9 SC=1278Hz Att=0.2ms | fK=3.4 fCF=4.5 fSC=1274Hz fFlat=0.289 fHF=0.007 🎯 敲擊 #1
[tap][dim]      [01:06:04.272] 持續=36ms 峰值=432 ✗弱
[tap][sample]   [01:06:04.461] 持續=162ms 峰值=8271 ✓ K=4.7 CF=5.4 SC=1576Hz Att=0.1ms | fK=6.3 fCF=5.9 fSC=1569Hz fFlat=0.358 fHF=0.009 ⏱️ 防抖略過（距上次 153ms < 180ms）
[tap][dim]      [01:06:04.488] 持續=27ms 峰值=571 ✗弱
[tap][sample]   [01:06:04.776] 持續=288ms 峰值=9417 ✗長 K=3.9 CF=5.7 SC=2682Hz Att=161.9ms | fK=4.7 fCF=6.0 fSC=2676Hz fFlat=0.576 fHF=0.089
[tap][dim]      [01:06:04.812] 持續=36ms 峰值=369 ✗弱
[tap][sample]   [01:06:05.200] 持續=387ms 峰值=11405 ✗長 K=2.6 CF=4.1 SC=1269Hz Att=0.1ms | fK=3.0 fCF=4.3 fSC=1274Hz fFlat=0.250 fHF=0.004
[tap][dim]      [01:06:05.262] 持續=63ms 峰值=485 ✗弱
[main]          [01:06:05.668] ⌨️ 主快捷鍵觸發（Win32/逗號），keys=async_down=Ctrl,RCtrl; logical_down=Ctrl,RCtrl
[main]          [01:06:05.673] ⌨️ after(0) 執行延遲 4.8ms[main]          [01:06:05.673] ⏳ 預熱 idle 計時器啟動，10 分鐘後關閉麥克風

[recorder][VAD] [01:06:05.688] ✅ Silero 11/106 (29.7%), 0.35s speech
[main]          [01:06:05.689] ✅ 錄音完成，送出辨識
[paster]        [01:06:05.829] 📏 [UIA] 文字為空 → 不加句號
[paster]        [01:06:05.832] 🔮 預取游標位置: at_end=False, last_punct=False (delay=0.13s, est_api=0.55s)
[transcriber]   [01:06:06.756] ⏱️ API 耗時: 1.07s
[main]          [01:06:06.759] ✅ 辨識完成: "好，你自己看log檔就知道了"
[paster]        [01:06:06.811] 🎯 PASTE: at_end=False, last_punct=False, add_prefix=False (prefetched), prefix='，', final='好，你自己看log檔就知道了'
[paster]        [01:06:06.829] ⌨️ TEXT input flow start: target_chars=14，視窗="Analyzing Paste-Transcription Timing Sequence"，hwnd=0x015c200c，process=antigravity.exe，class=Chrome_WidgetWin_1，focus=('Message input', 'max-h-[300px] rounded-md cursor-text overflow-y-auto text-md p-2 outline-none transition-all duration-100 text-sm', '', 'ComboBoxControl')，verify_readable=True，keys_before=async_down=none; logical_down=none，text='好，你自己看log檔就知道了'
[paster]        [01:06:06.831] ⌨️ 直接輸入前釋放修飾鍵: released=none，keys_after_release=async_down=none; logical_down=none
[paster]        [01:06:06.853] ⌨️ TEXT input done: ok=True，keys_after_send=async_down=none; logical_down=none
[paster]        [01:06:06.854] ⏱️ 收到→直接輸入完成: 0.10s
[paster]        [01:06:06.858] ⌨️ TEXT input verify: ok=True，reason=sendinput_trusted (hwnd unchanged)
[main]          [01:06:06.862] ✅ overlay 顯示「辨識完成 ✓」(idle, status)
[tap][dim]      [01:06:14.649] 持續=45ms 峰值=316 ✗弱
[tap]           [01:06:46.456] 💤 敲麥監聽已停止
[recorder]      [01:06:46.528] 💤 預熱 stream 已關閉
