[main] LOG -> F:\Cursor\AI Whisper Next\ai_whisper_20260517_025550.log
[settings] config loaded from F:\Cursor\AI Whisper Next\config.json
[main][02:55:50.547] ✅ 快捷鍵 ctrl+f12（句號）、ctrl+f11（逗號）已註冊
[input][02:55:50.547] ✅ Ctrl狀態防護已啟動
[main][02:55:50.548] ✅ 記憶快捷鍵 5/5 已註冊 (Win32)
[tap]        [02:55:50.563] 🎙️ 敲麥監聽已啟動
[recorder][VAD] 載入 Silero VAD 模型...
Using cache found in C:\Users\Administrator/.cache\torch\hub\snakers4_silero-vad_master
[recorder][VAD] Silero VAD 模型載入完成
[tap][sample][02:55:58.262] 持續=163ms 峰值=12627 ✓ 🎯 敲擊 #1
[tap][sample][02:55:58.450] 持續=126ms 峰值=8533 ✓ 🎯 敲擊 #2
[tap][sample][02:55:58.684] 持續=135ms 峰值=12622 ✓ 🎯 敲擊 #3
[tap]        [02:55:58.684] 🔔 三連敲觸發（間隔 225ms / 225ms，一致性 1.00）
[tap]        [02:55:58.764] 💤 敲麥監聽已停止
[recorder][02:55:58] ⏱️ InputStream() 14.9ms
[recorder][02:55:58] ⏱️ stream.start() 0.4ms
[recorder][02:55:58] 🎙️ 錄音就緒，總初始化 15.3ms
[main][02:55:58.781] ⏱️ recorder.start() 耗時 15.6ms，ok=True
[tap]        [02:55:59.324] 🎙️ 敲麥監聽已啟動
[main][02:55:59.343] 🎙️ 開始錄音
[recorder][02:55:59] 🎤 第一包音訊到達，麥克風實際開啟延遲 749.5ms
[recorder][VAD] Silero 語音幀 0/32 (0.0%)，有效語音 0.00s，信心閾值 0.6，最低比例 16%，最低語音 0.35s
[recorder][flush] ❌ VAD 未達有效語音門檻，略過（語音比例不足 0.0% < 16%）
[tap][sample][02:56:00.754] 持續=54ms 峰值=7245 ✓ 🎯 敲擊 #1
[tap][dim]   [02:56:00.827] 持續=36ms 峰值=370 ✗弱
[tap][sample][02:56:01.051] 持續=135ms 峰值=7622 ✗長
[tap]         ⏱️ 間隔過長重置（450ms）
[tap][sample][02:56:01.268] 持續=117ms 峰值=8681 ✓ 🎯 敲擊 #1
[recorder][VAD] Silero 語音幀 0/56 (0.0%)，有效語音 0.00s，信心閾值 0.6，最低比例 16%，最低語音 0.35s
[recorder][flush] ❌ VAD 未達有效語音門檻，略過（語音比例不足 0.0% < 16%）
[tap][dim]   [02:56:02.590] 持續=45ms 峰值=362 ✗弱
[tap]         ⏱️ 間隔過長重置（1440ms）
[tap][sample][02:56:02.743] 持續=153ms 峰值=12104 ✓ 🎯 敲擊 #1
[tap][sample][02:56:02.941] 持續=135ms 峰值=11931 ✓ 🎯 敲擊 #2
[tap][sample][02:56:03.157] 持續=126ms 峰值=14618 ✓ 🎯 敲擊 #3
[tap]        [02:56:03.157] 🔔 三連敲觸發（間隔 216ms / 225ms，一致性 0.96）
[main][02:56:03.159] ⏳ 預熱 idle 計時器啟動，10 分鐘後關閉麥克風
[recorder][stop] 錄音太短 (0.78s)，略過
[tap][dim]   [02:56:06.514] 持續=54ms 峰值=503 ✗弱
[tap][dim]   [02:56:06.703] 持續=27ms 峰值=301 ✗弱
[tap][sample][02:56:06.866] 持續=27ms 峰值=3847 ✓ 🎯 敲擊 #1
[tap]        [02:56:07.313] ⚠️ stream 意外終止（存活 8.0s），由健康檢查重啟
[tap]        [02:56:08.326] ⚠️ stream 異常（存活 9.0s），2s 後重啟
[tap]        [02:56:10.391] 🎙️ 敲麥監聽已啟動
[tap]        [02:56:31.482] ⚠️ stream 意外終止（存活 21.1s），由健康檢查重啟
[tap]        [02:56:31.493] ⚠️ stream 異常（存活 21.1s），2s 後重啟
[tap]        [02:56:33.509] 🎙️ 敲麥監聽已啟動
[tap]        [02:56:42.529] ⚠️ stream 意外終止（存活 9.0s），由健康檢查重啟
[tap]        [02:56:42.540] ⚠️ stream 異常（存活 9.0s），2s 後重啟
[tap]        [02:56:44.576] 🎙️ 敲麥監聽已啟動
[tap]        [02:56:53.625] ⚠️ stream 意外終止（存活 9.1s），由健康檢查重啟
[tap]        [02:56:53.636] ⚠️ stream 異常（存活 9.0s），2s 後重啟
[tap]        [02:56:55.664] 🎙️ 敲麥監聽已啟動
[tap][sample][02:56:58.102] 持續=63ms 峰值=10018 ✓ 🎯 敲擊 #1
[tap][sample][02:56:58.175] 持續=45ms 峰值=938 ✓ ⏱️ 防抖略過（距上次 90ms < 180ms）
[tap][sample][02:56:58.400] 持續=135ms 峰值=8789 ✓ 🎯 敲擊 #2
[tap][sample][02:56:58.525] 持續=72ms 峰值=8537 ✓ 🎯 敲擊 #3
[tap]        [02:56:58.525] 🔔 三連敲觸發（間隔 225ms / 189ms，一致性 0.84）
[tap]        [02:56:58.604] 💤 敲麥監聽已停止
[recorder][02:56:58] 🚀 預熱命中，直接開始錄音
[main][02:56:58.604] ⏱️ recorder.start() 耗時 0.2ms，ok=True
[tap]        [02:56:58.617] 🎙️ 敲麥監聽已啟動
[main][02:56:58.622] 🎙️ 開始錄音
[tap][sample][02:57:02.161] 持續=126ms 峰值=11027 ✓ 🎯 敲擊 #1
[tap][sample][02:57:02.378] 持續=117ms 峰值=9697 ✓ 🎯 敲擊 #2
[tap][sample][02:57:02.611] 持續=153ms 峰值=11992 ✓ 🎯 敲擊 #3
[tap]        [02:57:02.611] 🔔 三連敲觸發（間隔 225ms / 198ms，一致性 0.88）
[main][02:57:02.613] ⏳ 預熱 idle 計時器啟動，10 分鐘後關閉麥克風
[tap]        [02:58:32.497] 💤 敲麥監聽已停止
[recorder][02:58:32] 💤 預熱 stream 已關閉
[0m