[main] LOG -> F:\Cursor\AI Whisper Next\logs\ai_whisper_20260517_221333.log
[settings] config loaded from F:\Cursor\AI Whisper Next\config.json
[main][22:13:33.696] ✅ 快捷鍵 ctrl+f12（句號）、ctrl+f11（逗號）已註冊
[main][22:13:33.697] ✅ 主快捷鍵 2/2 已註冊 (Win32)
[main][22:13:33.697] ✅ 記憶快捷鍵 5/5 已註冊 (Win32)
[tap]        [22:13:33.713] 🎙️ 敲麥監聽已啟動
[transcriber][22:13:35.309] 🔌 HTTP 連線預熱完成 (1.60s)
[recorder][VAD] 載入 Silero VAD 模型...
Using cache found in C:\Users\Administrator/.cache\torch\hub\snakers4_silero-vad_master
[recorder][VAD] Silero VAD 模型載入完成
[tap][sample][22:13:35.922] 持續=134ms 峰值=9128 ✓ K=13.3 CF=6.8 SC=1454Hz 🎯 敲擊 #1
[tap][sample][22:13:36.138] 持續=89ms 峰值=8798 ✓ K=10.1 CF=5.3 SC=755Hz 🎯 敲擊 #2
[tap][sample][22:13:36.328] 持續=27ms 峰值=6970 ✓ K=3.2 CF=3.8 SC=1244Hz 🎯 敲擊 #3
[tap]        [22:13:36.328] 🔔 三連敲觸發（間隔 261ms / 252ms，一致性 0.97） 底噪=35/41 基線=648 CV=? ZCR=0.082 [信心=100 峰=30 靜=25 噪=30 律=15 底=0(41) ZCR=0(0.082)]
[tap]        [22:13:36.422] 💤 敲麥監聽已停止
[recorder][22:13:36] ⏱️ InputStream() 15.2ms
[recorder][22:13:36] ⏱️ stream.start() 0.3ms
[recorder][22:13:36] 🎙️ 錄音就緒，總初始化 15.6ms
[main][22:13:36.440] ⏱️ recorder.start() 耗時 15.7ms，ok=True
[tap]        [22:13:36.992] 🎙️ 敲麥監聽已啟動
[main][22:13:37.001] 🎙️ 開始錄音
[recorder][22:13:37] 🎤 第一包音訊到達，麥克風實際開啟延遲 751.3ms
[tap][sample][22:13:37.877] 持續=27ms 峰值=7951 ✓ K=2.4 CF=3.4 SC=1259Hz 🎯 敲擊 #1
[tap][dim]   [22:13:37.911] 持續=35ms 峰值=518 ✗弱
[tap][sample][22:13:37.966] 持續=27ms 峰值=1066 ✓ K=7.4 CF=6.5 SC=1827Hz ⏱️ 防抖略過（距上次 90ms < 180ms）
[tap][sample][22:13:38.172] 持續=81ms 峰值=7990 ✓ K=8.0 CF=4.7 SC=1286Hz 🎯 敲擊 #2
[tap][sample][22:13:38.226] 持續=27ms 峰值=967 ✓ K=7.9 CF=5.6 SC=2090Hz ⏱️ 防抖略過（距上次 108ms < 180ms）
[tap][sample][22:13:38.451] 持續=90ms 峰值=7698 ✓ K=13.3 CF=5.9 SC=1413Hz 🎯 敲擊 #3
[tap]        [22:13:38.451] 🔔 三連敲觸發（間隔 242ms / 270ms，一致性 0.90） 底噪=0/39 基線=790 CV=? ZCR=0.094 [信心=95 峰=30 靜=25 噪=30 律=10 底=0(39) ZCR=0(0.094)]
[main][22:13:38.453] ⏳ 預熱 idle 計時器啟動，10 分鐘後關閉麥克風
[tap][dim]   [22:13:38.487] 持續=36ms 峰值=368 ✗弱
[recorder][VAD] Silero 語音幀 0/39 (0.0%)，有效語音 0.00s，信心閾值 0.6，最低比例 16%，最低語音 0.35s
[recorder][stop] ❌ VAD 未達有效語音門檻，不送出辨識（語音比例不足 0.0% < 16%）
[tap][sample][22:13:40.431] 持續=126ms 峰值=11164 ✓ K=8.4 CF=5.1 SC=842Hz 🎯 敲擊 #1
[tap][sample][22:13:40.602] 持續=36ms 峰值=5855 ✓ K=5.0 CF=5.6 SC=1318Hz 🎯 敲擊 #2
[tap][sample][22:13:40.656] 持續=27ms 峰值=738 ✓ K=6.7 CF=5.4 SC=2013Hz ⏱️ 防抖略過（距上次 63ms < 180ms）
[tap][sample][22:13:40.882] 持續=36ms 峰值=7233 ✓ K=3.7 CF=4.5 SC=1483Hz 🎯 敲擊 #3
[tap]        [22:13:40.882] 🔔 三連敲觸發（間隔 261ms / 279ms，一致性 0.93） 底噪=0/34 基線=474 CV=? ZCR=0.079 [信心=100 峰=30 靜=25 噪=30 律=15 底=0(34) ZCR=0(0.079)]
[tap]        [22:13:40.928] 💤 敲麥監聽已停止
[recorder][22:13:40] 🚀 預熱命中，直接開始錄音
[main][22:13:40.929] ⏱️ recorder.start() 耗時 0.1ms，ok=True
[tap]        [22:13:40.933] 🎙️ 敲麥監聽已啟動
[main][22:13:40.939] 🎙️ 開始錄音
[recorder][VAD] Silero 語音幀 0/31 (0.0%)，有效語音 0.00s，信心閾值 0.6，最低比例 16%，最低語音 0.35s
[recorder][flush] ❌ VAD 未達有效語音門檻，略過（語音比例不足 0.0% < 16%）
[tap][sample][22:13:42.727] 持續=135ms 峰值=9449 ✓ K=9.4 CF=6.0 SC=1182Hz 🎯 敲擊 #1
[tap][dim]   [22:13:42.763] 持續=36ms 峰值=326 ✗弱
[tap][sample][22:13:43.005] 持續=117ms 峰值=7839 ✗長 K=18.3 CF=6.6 SC=1215Hz
[tap]         ⏱️ 間隔過長重置（540ms）
[tap][sample][22:13:43.212] 持續=81ms 峰值=6785 ✓ K=11.4 CF=6.5 SC=1604Hz 🎯 敲擊 #1
[tap][sample][22:13:43.266] 持續=27ms 峰值=1000 ✓ K=5.7 CF=5.6 SC=1968Hz ⏱️ 防抖略過（距上次 108ms < 180ms）
[recorder][VAD] Silero 語音幀 0/77 (0.0%)，有效語音 0.00s，信心閾值 0.6，最低比例 16%，最低語音 0.35s
[recorder][flush] ❌ VAD 未達有效語音門檻，略過（語音比例不足 0.0% < 16%）
[tap]         ⏱️ 間隔過長重置（1836ms）
[tap][sample][22:13:45.021] 持續=54ms 峰值=10154 ✓ K=4.2 CF=4.2 SC=1293Hz 🎯 敲擊 #1
[tap][dim]   [22:13:45.085] 持續=63ms 峰值=443 ✗弱
[tap][sample][22:13:45.247] 持續=27ms 峰值=2158 ✓ K=3.7 CF=5.2 SC=1398Hz 🎯 敲擊 #2
[tap][dim]   [22:13:45.319] 持續=27ms 峰值=430 ✗弱
[tap][sample][22:13:45.509] 持續=37ms 峰值=6186 ✓ K=5.0 CF=4.4 SC=1442Hz 🎯 敲擊 #3
[tap]        [22:13:45.509] 🔔 三連敲觸發（間隔 252ms / 252ms，一致性 1.00） 底噪=443/430 基線=378 CV=? ZCR=0.085 [信心=80 峰=30 靜=25 噪=30 律=15 底=-20(443) ZCR=0(0.085)]
[main][22:13:45.520] ⏳ 預熱 idle 計時器啟動，10 分鐘後關閉麥克風
[recorder][VAD] Silero 語音幀 0/34 (0.0%)，有效語音 0.00s，信心閾值 0.6，最低比例 16%，最低語音 0.35s
[recorder][stop] ❌ VAD 未達有效語音門檻，不送出辨識（語音比例不足 0.0% < 16%）
[tap][dim]   [22:13:45.537] 持續=28ms 峰值=434 ✗弱
[tap][sample][22:13:45.561] 持續=25ms 峰值=862 ✓ K=3.6 CF=4.7 SC=1905Hz 🎯 敲擊 #1
[tap]         ⏱️ 間隔過長重置（3040ms）
[tap][sample][22:13:48.739] 持續=162ms 峰值=9137 ✓ K=12.7 CF=6.7 SC=1520Hz 🎯 敲擊 #1
[tap][sample][22:13:48.974] 持續=135ms 峰值=12920 ✓ K=0.9 CF=3.5 SC=1261Hz 🎯 敲擊 #2
[tap][sample][22:13:49.161] 持續=72ms 峰值=11015 ✓ K=1.5 CF=3.8 SC=1184Hz 🎯 敲擊 #3
[tap]        [22:13:49.161] 🔔 三連敲觸發（間隔 261ms / 252ms，一致性 0.96） 底噪=38/36 基線=1116 CV=? ZCR=0.084 [信心=100 峰=30 靜=25 噪=30 律=15 底=0(38) ZCR=0(0.084)]
[tap]        [22:13:49.198] 💤 敲麥監聽已停止
[recorder][22:13:49] 🚀 預熱命中，直接開始錄音
[main][22:13:49.198] ⏱️ recorder.start() 耗時 0.2ms，ok=True
[tap]        [22:13:49.207] 🎙️ 敲麥監聽已啟動
[main][22:13:49.226] 🎙️ 開始錄音
[recorder][VAD] Silero 語音幀 0/32 (0.0%)，有效語音 0.00s，信心閾值 0.6，最低比例 16%，最低語音 0.35s
[recorder][flush] ❌ VAD 未達有效語音門檻，略過（語音比例不足 0.0% < 16%）
[tap][sample][22:13:50.647] 持續=27ms 峰值=740 ✓ K=2.0 CF=2.7 SC=930Hz 🎯 敲擊 #1
[tap][sample][22:13:50.935] 持續=27ms 峰值=901 ✓ K=2.0 CF=2.8 SC=705Hz 🎯 敲擊 #2
[tap][sample][22:13:51.232] 持續=36ms 峰值=1411 ✓ K=1.4 CF=2.9 SC=244Hz 🎯 敲擊 #3
[tap]        [22:13:51.232] 🔔 三連敲觸發（間隔 288ms / 288ms，一致性 1.00） 底噪=50/42 基線=86 CV=? ZCR=0.065 [信心=90 峰=20 靜=25 噪=30 律=15 底=0(50) ZCR=0(0.065)]
[main][22:13:51.235] ⏳ 預熱 idle 計時器啟動，10 分鐘後關閉麥克風
[recorder][VAD] Silero 語音幀 0/31 (0.0%)，有效語音 0.00s，信心閾值 0.6，最低比例 16%，最低語音 0.35s
[recorder][stop] ❌ VAD 未達有效語音門檻，不送出辨識（語音比例不足 0.0% < 16%）
[tap][sample][22:13:52.672] 持續=162ms 峰值=13849 ✓ K=1.9 CF=3.8 SC=1031Hz 🎯 敲擊 #1
[tap][sample][22:13:52.959] 持續=135ms 峰值=12300 ✓ K=5.6 CF=4.5 SC=1381Hz 🎯 敲擊 #2
[tap][sample][22:13:53.149] 持續=63ms 峰值=9734 ✓ K=4.9 CF=4.3 SC=1648Hz 🎯 敲擊 #3
[tap]        [22:13:53.149] 🔔 三連敲觸發（間隔 315ms / 261ms，一致性 0.83） 底噪=36/37 基線=1154 CV=? ZCR=0.070 [信心=95 峰=30 靜=25 噪=30 律=10 底=0(37) ZCR=0(0.07)]
[tap]        [22:13:53.362] 💤 敲麥監聽已停止
[recorder][22:13:53] 🚀 預熱命中，直接開始錄音
[main][22:13:53.363] ⏱️ recorder.start() 耗時 0.2ms，ok=True
[tap]        [22:13:53.366] 🎙️ 敲麥監聽已啟動
[main][22:13:53.370] 🎙️ 開始錄音
[tap][dim]   [22:13:53.437] 持續=27ms 峰值=312 ✗弱
[tap][sample][22:13:53.473] 持續=36ms 峰值=614 ✓ K=10.8 CF=6.7 SC=1575Hz 🎯 敲擊 #1
[tap]         ⏱️ 間隔過長重置（576ms）
[tap][sample][22:13:54.075] 持續=63ms 峰值=3720 ✓ K=8.9 CF=5.7 SC=1575Hz 🎯 敲擊 #1
[recorder][VAD] Silero 語音幀 0/56 (0.0%)，有效語音 0.00s，信心閾值 0.6，最低比例 16%，最低語音 0.35s
[recorder][flush] ❌ VAD 未達有效語音門檻，略過（語音比例不足 0.0% < 16%）
[tap]         ⏱️ 間隔過長重置（1404ms）
[tap][sample][22:13:55.490] 持續=73ms 峰值=3579 ✓ K=7.2 CF=5.9 SC=1440Hz 🎯 敲擊 #1
[tap][sample][22:13:55.551] 持續=36ms 峰值=750 ✓ K=4.6 CF=6.3 SC=2271Hz ⏱️ 防抖略過（距上次 99ms < 180ms）
[tap][sample][22:13:55.705] 持續=27ms 峰值=2854 ✓ K=1.9 CF=3.4 SC=1599Hz 🎯 敲擊 #2
[tap][sample][22:13:55.768] 持續=36ms 峰值=730 ✓ K=6.5 CF=6.2 SC=2287Hz ⏱️ 防抖略過（距上次 55ms < 180ms）
[tap][sample][22:13:55.966] 持續=63ms 峰值=7675 ✓ K=9.2 CF=4.8 SC=1507Hz 🎯 敲擊 #3
[tap]        [22:13:55.966] 🔔 三連敲觸發（間隔 261ms / 225ms，一致性 0.86） 底噪=0/31 基線=376 CV=? ZCR=0.080 [信心=95 峰=30 靜=25 噪=30 律=10 底=0(31) ZCR=0(0.08)]
[main][22:13:55.972] ⏳ 預熱 idle 計時器啟動，10 分鐘後關閉麥克風
[recorder][VAD] Silero 語音幀 0/25 (0.0%)，有效語音 0.00s，信心閾值 0.6，最低比例 16%，最低語音 0.35s
[recorder][stop] ❌ VAD 未達有效語音門檻，不送出辨識（語音比例不足 0.0% < 16%）
[tap][sample][22:13:56.028] 持續=27ms 峰值=602 ✓ K=27.4 CF=9.4 SC=2337Hz 🎯 敲擊 #1
[tap][dim]   [22:13:56.055] 持續=27ms 峰值=504 ✗弱
[tap]         ⏱️ 間隔過長重置（1656ms）
[tap][sample][22:13:57.820] 持續=162ms 峰值=9071 ✓ K=8.2 CF=5.8 SC=1618Hz 🎯 敲擊 #1
[tap][dim]   [22:13:57.983] 持續=36ms 峰值=551 ✗弱
[tap][sample][22:13:58.009] 持續=27ms 峰值=8502 ✓ K=1.4 CF=3.0 SC=848Hz 🎯 敲擊 #2
[tap][sample][22:13:58.072] 持續=26ms 峰值=888 ✓ K=2.4 CF=3.5 SC=2223Hz ⏱️ 防抖略過（距上次 63ms < 180ms）
[tap][sample][22:13:58.369] 持續=126ms 峰值=11334 ✓ K=5.6 CF=5.1 SC=1485Hz 🎯 敲擊 #3
[tap]        [22:13:58.369] 🔔 三連敲觸發（間隔 324ms / 260ms，一致性 0.80） 底噪=0/52 基線=864 CV=? ZCR=0.069 [信心=95 峰=30 靜=25 噪=30 律=10 底=0(52) ZCR=0(0.069)]
[tap]        [22:13:58.406] 💤 敲麥監聽已停止
[recorder][22:13:58] 🚀 預熱命中，直接開始錄音
[main][22:13:58.406] ⏱️ recorder.start() 耗時 0.2ms，ok=True
[tap]        [22:13:58.410] 🎙️ 敲麥監聽已啟動
[main][22:13:58.416] 🎙️ 開始錄音
[recorder][VAD] Silero 語音幀 0/31 (0.0%)，有效語音 0.00s，信心閾值 0.6，最低比例 16%，最低語音 0.35s
[recorder][flush] ❌ VAD 未達有效語音門檻，略過（語音比例不足 0.0% < 16%）
[recorder][VAD] Silero 語音幀 0/32 (0.0%)，有效語音 0.00s，信心閾值 0.6，最低比例 16%，最低語音 0.35s
[recorder][flush] ❌ VAD 未達有效語音門檻，略過（語音比例不足 0.0% < 16%）
[tap][dim]   [22:14:01.195] 持續=26ms 峰值=446 ✗弱
[tap][sample][22:14:01.583] 持續=163ms 峰值=11270 ✓ K=5.4 CF=5.2 SC=1070Hz 🎯 敲擊 #1
[tap][dim]   [22:14:01.707] 持續=99ms 峰值=335 ✗弱
[tap][sample][22:14:01.842] 持續=135ms 峰值=10377 ✓ K=1.4 CF=4.0 SC=1177Hz 🎯 敲擊 #2
[tap][sample][22:14:02.086] 持續=116ms 峰值=12568 ✓ K=2.6 CF=4.2 SC=1380Hz 🎯 敲擊 #3
[tap]        [22:14:02.086] 🚫 三連敲被過濾（信心不足，信心=55/62） 底噪=335/578 基線=1556 ZCR=0.080 [峰=30 靜=0 噪=30 律=15 底=-20(578) ZCR=0(0.08)]
[tap][dim]   [22:14:02.481] 持續=99ms 峰值=363 ✗弱
[tap][dim]   [22:14:02.959] 持續=27ms 峰值=306 ✗弱
[tap][sample][22:14:03.525] 持續=117ms 峰值=11388 ✓ K=3.6 CF=4.7 SC=919Hz 🎯 敲擊 #1
[tap][sample][22:14:03.823] 持續=135ms 峰值=9638 ✓ K=2.7 CF=4.6 SC=1098Hz 🎯 敲擊 #2
[tap][dim]   [22:14:03.976] 持續=27ms 峰值=364 ✗弱
[tap][sample][22:14:04.101] 持續=126ms 峰值=14370 ✓ K=0.9 CF=3.5 SC=1174Hz 🎯 敲擊 #3
[tap]        [22:14:04.101] 🚫 三連敲被過濾（信心不足，信心=55/62） 底噪=237/364 基線=1541 ZCR=0.082 [峰=30 靜=0 噪=30 律=15 底=-20(364) ZCR=0(0.082)]
[recorder][VAD] Silero 語音幀 0/145 (0.0%)，有效語音 0.00s，信心閾值 0.6，最低比例 16%，最低語音 0.35s
[recorder][flush] ❌ VAD 未達有效語音門檻，略過（語音比例不足 0.0% < 16%）
[tap][sample][22:14:05.929] 持續=162ms 峰值=9494 ✓ K=7.4 CF=6.0 SC=1355Hz 🎯 敲擊 #1
[tap][sample][22:14:06.189] 持續=135ms 峰值=10991 ✓ K=4.1 CF=4.7 SC=1054Hz 🎯 敲擊 #2
[tap][sample][22:14:06.477] 持續=125ms 峰值=9823 ✓ K=3.9 CF=4.9 SC=1332Hz 🎯 敲擊 #3
[tap]        [22:14:06.477] 🔔 三連敲觸發（間隔 288ms / 298ms，一致性 0.97） 底噪=51/43 基線=1215 CV=? ZCR=0.072 [信心=100 峰=30 靜=25 噪=30 律=15 底=0(51) ZCR=0(0.072)]
[main][22:14:06.478] ⏳ 預熱 idle 計時器啟動，10 分鐘後關閉麥克風
[recorder][VAD] Silero 語音幀 0/43 (0.0%)，有效語音 0.00s，信心閾值 0.6，最低比例 16%，最低語音 0.35s
[recorder][stop] ❌ VAD 未達有效語音門檻，不送出辨識（語音比例不足 0.0% < 16%）
[tap][dim]   [22:14:06.504] 持續=27ms 峰值=319 ✗弱
[tap][dim]   [22:14:08.170] 持續=27ms 峰值=402 ✗弱
[tap][sample][22:14:08.421] 持續=27ms 峰值=1868 ✓ K=2.6 CF=3.3 SC=770Hz 🎯 敲擊 #1
[tap][sample][22:14:08.781] 持續=62ms 峰值=3182 ✓ K=9.7 CF=5.1 SC=535Hz 🎯 敲擊 #2
[tap]         ⏱️ 間隔過長重置（2582ms）
[tap][sample][22:14:11.339] 持續=36ms 峰值=1999 ✓ K=3.0 CF=3.4 SC=359Hz 🎯 敲擊 #1
[tap][sample][22:14:11.625] 持續=27ms 峰值=1023 ✓ K=1.9 CF=3.0 SC=515Hz 🎯 敲擊 #2
[tap][sample][22:14:11.923] 持續=36ms 峰值=1170 ✓ K=1.4 CF=3.0 SC=353Hz 🎯 敲擊 #3
[tap]        [22:14:11.923] 🔔 三連敲觸發（間隔 296ms / 288ms，一致性 0.97） 底噪=45/39 基線=99 CV=? ZCR=0.072 [信心=90 峰=20 靜=25 噪=30 律=15 底=0(45) ZCR=0(0.072)]
[tap]        [22:14:11.961] 💤 敲麥監聽已停止
[recorder][22:14:11] 🚀 預熱命中，直接開始錄音
[main][22:14:11.961] ⏱️ recorder.start() 耗時 0.3ms，ok=True
[tap]        [22:14:11.965] 🎙️ 敲麥監聽已啟動
[main][22:14:11.970] 🎙️ 開始錄音
[recorder][VAD] Silero 語音幀 0/31 (0.0%)，有效語音 0.00s，信心閾值 0.6，最低比例 16%，最低語音 0.35s
[recorder][flush] ❌ VAD 未達有效語音門檻，略過（語音比例不足 0.0% < 16%）
[tap][sample][22:14:13.912] 持續=64ms 峰值=1811 ✓ K=4.6 CF=3.8 SC=1148Hz 🎯 敲擊 #1
[tap][sample][22:14:14.200] 持續=26ms 峰值=6592 ✓ K=1.7 CF=3.0 SC=932Hz 🎯 敲擊 #2
[tap][dim]   [22:14:14.272] 持續=36ms 峰值=410 ✗弱
[tap][sample][22:14:14.488] 持續=36ms 峰值=2090 ✓ K=1.5 CF=2.9 SC=803Hz 🎯 敲擊 #3
[tap]        [22:14:14.488] 🔔 三連敲觸發（間隔 325ms / 278ms，一致性 0.86） 底噪=208/410 基線=223 CV=? ZCR=0.073 [信心=75 峰=30 靜=25 噪=30 律=10 底=-20(410) ZCR=0(0.073)]
[main][22:14:14.491] ⏳ 預熱 idle 計時器啟動，10 分鐘後關閉麥克風
[recorder][VAD] Silero 語音幀 0/47 (0.0%)，有效語音 0.00s，信心閾值 0.6，最低比例 16%，最低語音 0.35s
[recorder][stop] ❌ VAD 未達有效語音門檻，不送出辨識（語音比例不足 0.0% < 16%）
[tap][sample][22:14:16.882] 持續=153ms 峰值=10187 ✓ K=6.2 CF=5.7 SC=1160Hz 🎯 敲擊 #1
[tap][sample][22:14:17.151] 持續=134ms 峰值=11012 ✓ K=2.4 CF=4.3 SC=1194Hz 🎯 敲擊 #2
[tap][sample][22:14:17.440] 持續=135ms 峰值=10558 ✓ K=2.5 CF=4.4 SC=1219Hz 🎯 敲擊 #3
[tap]        [22:14:17.440] 🔔 三連敲觸發（間隔 288ms / 287ms，一致性 1.00） 底噪=127/29 基線=1288 CV=? ZCR=0.070 [信心=100 峰=30 靜=25 噪=30 律=15 底=0(127) ZCR=0(0.07)]
[tap]        [22:14:17.481] 💤 敲麥監聽已停止
[recorder][22:14:17] 🚀 預熱命中，直接開始錄音
[main][22:14:17.483] ⏱️ recorder.start() 耗時 0.8ms，ok=True
[tap]        [22:14:17.492] 🎙️ 敲麥監聽已啟動
[main][22:14:17.499] 🎙️ 開始錄音
[recorder][VAD] Silero 語音幀 0/32 (0.0%)，有效語音 0.00s，信心閾值 0.6，最低比例 16%，最低語音 0.35s
[recorder][flush] ❌ VAD 未達有效語音門檻，略過（語音比例不足 0.0% < 16%）
[tap][sample][22:14:19.087] 持續=116ms 峰值=11142 ✓ K=6.5 CF=5.5 SC=1335Hz 🎯 敲擊 #1
[tap][sample][22:14:19.349] 持續=127ms 峰值=11246 ✓ K=0.8 CF=3.6 SC=1142Hz 🎯 敲擊 #2
[tap][dim]   [22:14:19.374] 持續=26ms 峰值=310 ✗弱
[tap][sample][22:14:19.672] 持續=135ms 峰值=9117 ✓ K=1.7 CF=4.1 SC=1192Hz 🎯 敲擊 #3
[tap]        [22:14:19.672] 🔔 三連敲觸發（間隔 251ms / 316ms，一致性 0.80） 底噪=43/26 基線=1370 CV=? ZCR=0.064 [信心=90 峰=30 靜=25 噪=30 律=5 底=0(43) ZCR=0(0.064)]
[main][22:14:19.675] ⏳ 預熱 idle 計時器啟動，10 分鐘後關閉麥克風
[recorder][VAD] Silero 語音幀 0/36 (0.0%)，有效語音 0.00s，信心閾值 0.6，最低比例 16%，最低語音 0.35s
[recorder][stop] ❌ VAD 未達有效語音門檻，不送出辨識（語音比例不足 0.0% < 16%）
[tap][sample][22:14:22.489] 持續=126ms 峰值=9867 ✓ K=10.6 CF=5.9 SC=979Hz 🎯 敲擊 #1
[tap][sample][22:14:22.678] 持續=35ms 峰值=2364 ✓ K=2.3 CF=3.5 SC=999Hz 🎯 敲擊 #2
[tap][dim]   [22:14:22.931] 持續=27ms 峰值=455 ✗弱
[tap][sample][22:14:22.965] 持續=35ms 峰值=1669 ✓ K=0.6 CF=2.7 SC=714Hz 🎯 敲擊 #3
[tap]        [22:14:22.965] 🔔 三連敲觸發（間隔 280ms / 288ms，一致性 0.97） 底噪=33/455 基線=354 CV=? ZCR=0.077 [信心=80 峰=30 靜=25 噪=30 律=15 底=-20(455) ZCR=0(0.077)]
[tap]        [22:14:23.020] 💤 敲麥監聽已停止
[recorder][22:14:23] 🚀 預熱命中，直接開始錄音
[main][22:14:23.020] ⏱️ recorder.start() 耗時 0.1ms，ok=True
[tap]        [22:14:23.024] 🎙️ 敲麥監聽已啟動
[main][22:14:23.028] 🎙️ 開始錄音
[recorder][VAD] Silero 語音幀 0/31 (0.0%)，有效語音 0.00s，信心閾值 0.6，最低比例 16%，最低語音 0.35s
[recorder][flush] ❌ VAD 未達有效語音門檻，略過（語音比例不足 0.0% < 16%）
[tap][sample][22:14:24.847] 持續=27ms 峰值=1417 ✓ K=1.3 CF=2.9 SC=319Hz 🎯 敲擊 #1
[tap][sample][22:14:25.161] 持續=27ms 峰值=1550 ✓ K=1.7 CF=3.0 SC=266Hz 🎯 敲擊 #2
[tap][sample][22:14:25.458] 持續=36ms 峰值=2065 ✓ K=2.6 CF=3.1 SC=773Hz 🎯 敲擊 #3
[tap]        [22:14:25.458] 🔔 三連敲觸發（間隔 315ms / 288ms，一致性 0.92） 底噪=61/63 基線=121 CV=? ZCR=0.074 [信心=90 峰=20 靜=25 噪=30 律=15 底=0(63) ZCR=0(0.074)]
[main][22:14:25.462] ⏳ 預熱 idle 計時器啟動，10 分鐘後關閉麥克風
[recorder][VAD] Silero 語音幀 0/44 (0.0%)，有效語音 0.00s，信心閾值 0.6，最低比例 16%，最低語音 0.35s
[recorder][stop] ❌ VAD 未達有效語音門檻，不送出辨識（語音比例不足 0.0% < 16%）
[tap][dim]   [22:14:25.486] 持續=27ms 峰值=464 ✗弱
[tap][sample][22:14:27.438] 持續=27ms 峰值=1517 ✓ K=1.5 CF=2.8 SC=449Hz 🎯 敲擊 #1
[tap][sample][22:14:27.727] 持續=27ms 峰值=1784 ✓ K=1.8 CF=2.8 SC=439Hz 🎯 敲擊 #2
[tap][sample][22:14:28.042] 持續=63ms 峰值=2857 ✓ K=6.4 CF=4.3 SC=357Hz 🎯 敲擊 #3
[tap]        [22:14:28.042] 🔔 三連敲觸發（間隔 288ms / 279ms，一致性 0.97） 底噪=71/74 基線=145 CV=? ZCR=0.074 [信心=95 峰=25 靜=25 噪=30 律=15 底=0(74) ZCR=0(0.074)]
[tap]        [22:14:28.087] 💤 敲麥監聽已停止
[recorder][22:14:28] 🚀 預熱命中，直接開始錄音
[main][22:14:28.087] ⏱️ recorder.start() 耗時 0.1ms，ok=True
[tap]        [22:14:28.090] 🎙️ 敲麥監聽已啟動
[main][22:14:28.094] 🎙️ 開始錄音
[recorder][VAD] Silero 語音幀 0/31 (0.0%)，有效語音 0.00s，信心閾值 0.6，最低比例 16%，最低語音 0.35s
[recorder][flush] ❌ VAD 未達有效語音門檻，略過（語音比例不足 0.0% < 16%）
[recorder][VAD] Silero 語音幀 0/31 (0.0%)，有效語音 0.00s，信心閾值 0.6，最低比例 16%，最低語音 0.35s
[recorder][flush] ❌ VAD 未達有效語音門檻，略過（語音比例不足 0.0% < 16%）
[tap][sample][22:14:30.399] 持續=27ms 峰值=612 ✓ K=27.8 CF=9.5 SC=2048Hz 🎯 敲擊 #1
[tap][dim]   [22:14:30.426] 持續=27ms 峰值=443 ✗弱
[tap]         ⏱️ 間隔過長重置（414ms）
[tap][sample][22:14:30.814] 持續=27ms 峰值=4627 ✓ K=4.0 CF=4.5 SC=1220Hz 🎯 敲擊 #1
[tap][sample][22:14:31.173] 持續=126ms 峰值=12247 ✓ K=7.1 CF=5.3 SC=1334Hz 🎯 敲擊 #2
[tap][sample][22:14:31.372] 持續=36ms 峰值=4899 ✓ K=3.7 CF=4.8 SC=1104Hz 🎯 敲擊 #3
[tap]        [22:14:31.372] 🔔 三連敲觸發（間隔 261ms / 288ms，一致性 0.91） 底噪=296/109 基線=472 CV=? ZCR=0.089 [信心=65 峰=30 靜=0 噪=30 律=15 底=-10(296) ZCR=0(0.089)]
[main][22:14:31.373] ⏳ 預熱 idle 計時器啟動，10 分鐘後關閉麥克風
[recorder][VAD] Silero 語音幀 0/39 (0.0%)，有效語音 0.00s，信心閾值 0.6，最低比例 16%，最低語音 0.35s
[recorder][stop] ❌ VAD 未達有效語音門檻，不送出辨識（語音比例不足 0.0% < 16%）
[tap][dim]   [22:14:31.426] 持續=27ms 峰值=430 ✗弱
[tap][sample][22:14:33.693] 持續=27ms 峰值=2323 ✓ K=2.0 CF=3.0 SC=470Hz 🎯 敲擊 #1
[tap][dim]   [22:14:33.739] 持續=45ms 峰值=416 ✗弱
[tap][sample][22:14:33.982] 持續=27ms 峰值=2376 ✓ K=1.6 CF=3.0 SC=451Hz 🎯 敲擊 #2
[tap][sample][22:14:34.279] 持續=63ms 峰值=3481 ✓ K=7.1 CF=4.4 SC=446Hz 🎯 敲擊 #3
[tap]        [22:14:34.279] 🔔 三連敲觸發（間隔 288ms / 261ms，一致性 0.90） 底噪=74/133 基線=179 CV=? ZCR=0.081 [信心=95 峰=25 靜=25 噪=30 律=15 底=0(133) ZCR=0(0.081)]
[tap]        [22:14:34.316] 💤 敲麥監聽已停止
[recorder][22:14:34] 🚀 預熱命中，直接開始錄音
[main][22:14:34.317] ⏱️ recorder.start() 耗時 0.2ms，ok=True
[tap]        [22:14:34.324] 🎙️ 敲麥監聽已啟動
[main][22:14:34.334] 🎙️ 開始錄音
[recorder][VAD] Silero 語音幀 0/32 (0.0%)，有效語音 0.00s，信心閾值 0.6，最低比例 16%，最低語音 0.35s
[recorder][flush] ❌ VAD 未達有效語音門檻，略過（語音比例不足 0.0% < 16%）
[recorder][VAD] Silero 語音幀 0/31 (0.0%)，有效語音 0.00s，信心閾值 0.6，最低比例 16%，最低語音 0.35s
[recorder][flush] ❌ VAD 未達有效語音門檻，略過（語音比例不足 0.0% < 16%）
[tap][sample][22:14:36.772] 持續=135ms 峰值=10104 ✓ K=3.2 CF=4.3 SC=1029Hz 🎯 敲擊 #1
[tap][sample][22:14:37.042] 持續=117ms 峰值=11544 ✓ K=1.7 CF=4.0 SC=1257Hz 🎯 敲擊 #2
[tap][sample][22:14:37.311] 持續=135ms 峰值=9139 ✓ K=5.3 CF=4.8 SC=1357Hz 🎯 敲擊 #3
[tap]        [22:14:37.311] 🔔 三連敲觸發（間隔 288ms / 252ms，一致性 0.88） 底噪=28/32 基線=1355 CV=? ZCR=0.067 [信心=95 峰=30 靜=25 噪=30 律=10 底=0(32) ZCR=0(0.067)]
[main][22:14:37.316] ⏳ 預熱 idle 計時器啟動，10 分鐘後關閉麥克風
[recorder][VAD] Silero 語音幀 0/30 (0.0%)，有效語音 0.00s，信心閾值 0.6，最低比例 16%，最低語音 0.35s
[recorder][stop] ❌ VAD 未達有效語音門檻，不送出辨識（語音比例不足 0.0% < 16%）
[tap][dim]   [22:14:37.341] 持續=30ms 峰值=543 ✗弱
[tap][sample][22:14:40.155] 持續=135ms 峰值=10386 ✓ K=7.1 CF=5.5 SC=1132Hz 🎯 敲擊 #1
[tap][sample][22:14:40.407] 持續=126ms 峰值=12765 ✓ K=1.5 CF=3.9 SC=1368Hz 🎯 敲擊 #2
[tap][sample][22:14:40.641] 持續=81ms 峰值=11736 ✓ K=2.1 CF=3.9 SC=1384Hz 🎯 敲擊 #3
[tap]        [22:14:40.641] 🔔 三連敲觸發（間隔 261ms / 279ms，一致性 0.94） 底噪=27/117 基線=997 CV=? ZCR=0.069 [信心=100 峰=30 靜=25 噪=30 律=15 底=0(117) ZCR=0(0.069)]
[tap]        [22:14:40.678] 💤 敲麥監聽已停止
[recorder][22:14:40] 🚀 預熱命中，直接開始錄音
[main][22:14:40.678] ⏱️ recorder.start() 耗時 0.2ms，ok=True
[tap]        [22:14:40.682] 🎙️ 敲麥監聽已啟動
[main][22:14:40.685] 🎙️ 開始錄音
[recorder][VAD] Silero 語音幀 0/31 (0.0%)，有效語音 0.00s，信心閾值 0.6，最低比例 16%，最低語音 0.35s
[recorder][flush] ❌ VAD 未達有效語音門檻，略過（語音比例不足 0.0% < 16%）
[tap][sample][22:14:42.243] 持續=63ms 峰值=9310 ✓ K=1.9 CF=3.3 SC=969Hz 🎯 敲擊 #1
[tap][dim]   [22:14:42.271] 持續=27ms 峰值=425 ✗弱
[tap][sample][22:14:42.316] 持續=45ms 峰值=3223 ✓ K=2.3 CF=4.5 SC=1390Hz ⏱️ 防抖略過（距上次 90ms < 180ms）
[tap][dim]   [22:14:42.353] 持續=37ms 峰值=438 ✗弱
[tap][sample][22:14:42.630] 持續=126ms 峰值=11351 ✓ K=6.6 CF=4.7 SC=1319Hz 🎯 敲擊 #2
[tap][sample][22:14:42.892] 持續=63ms 峰值=8575 ✓ K=5.0 CF=5.1 SC=1684Hz 🎯 敲擊 #3
[tap]        [22:14:42.892] 🔔 三連敲觸發（間隔 324ms / 324ms，一致性 1.00） 底噪=31/38 基線=808 CV=? ZCR=0.069 [信心=100 峰=30 靜=25 噪=30 律=15 底=0(38) ZCR=0(0.069)]
[main][22:14:42.896] ⏳ 預熱 idle 計時器啟動，10 分鐘後關閉麥克風
[recorder][VAD] Silero 語音幀 0/37 (0.0%)，有效語音 0.00s，信心閾值 0.6，最低比例 16%，最低語音 0.35s
[recorder][stop] ❌ VAD 未達有效語音門檻，不送出辨識（語音比例不足 0.0% < 16%）
[tap][sample][22:14:42.954] 持續=36ms 峰值=2304 ✓ K=1.8 CF=3.4 SC=1442Hz 🎯 敲擊 #1
[tap]         ⏱️ 間隔過長重置（1755ms）
[tap][sample][22:14:44.746] 持續=72ms 峰值=4041 ✓ K=4.5 CF=3.7 SC=1319Hz 🎯 敲擊 #1
[tap][dim]   [22:14:44.809] 持續=27ms 峰值=364 ✗弱
[tap][sample][22:14:45.097] 持續=99ms 峰值=10762 ✓ K=5.3 CF=4.7 SC=1225Hz 🎯 敲擊 #2
[tap][sample][22:14:45.358] 持續=71ms 峰值=10416 ✓ K=3.8 CF=3.7 SC=988Hz 🎯 敲擊 #3
[tap]        [22:14:45.358] 🔔 三連敲觸發（間隔 324ms / 289ms，一致性 0.89） 底噪=364/82 基線=538 CV=? ZCR=0.080 [信心=75 峰=30 靜=25 噪=30 律=10 底=-20(364) ZCR=0(0.08)]
[tap]        [22:14:45.395] 💤 敲麥監聽已停止
[recorder][22:14:45] 🚀 預熱命中，直接開始錄音
[main][22:14:45.396] ⏱️ recorder.start() 耗時 0.2ms，ok=True
[tap]        [22:14:45.400] 🎙️ 敲麥監聽已啟動
[main][22:14:45.404] 🎙️ 開始錄音
[recorder][VAD] Silero 語音幀 0/31 (0.0%)，有效語音 0.00s，信心閾值 0.6，最低比例 16%，最低語音 0.35s
[recorder][flush] ❌ VAD 未達有效語音門檻，略過（語音比例不足 0.0% < 16%）
[tap][sample][22:14:46.878] 持續=72ms 峰值=2189 ✓ K=4.6 CF=6.0 SC=1529Hz 🎯 敲擊 #1
[tap][dim]   [22:14:46.943] 持續=63ms 峰值=575 ✗弱
[tap][sample][22:14:47.158] 持續=90ms 峰值=11014 ✓ K=3.6 CF=4.5 SC=1077Hz 🎯 敲擊 #2
[tap][dim]   [22:14:47.194] 持續=36ms 峰值=374 ✗弱
[tap][sample][22:14:47.446] 持續=55ms 峰值=10473 ✓ K=3.9 CF=3.8 SC=997Hz 🎯 敲擊 #3
[tap]        [22:14:47.446] 🔔 三連敲觸發（間隔 261ms / 324ms，一致性 0.81） 底噪=534/28 基線=597 CV=? ZCR=0.076 [信心=75 峰=30 靜=25 噪=30 律=10 底=-20(534) ZCR=0(0.076)]
[main][22:14:47.450] ⏳ 預熱 idle 計時器啟動，10 分鐘後關閉麥克風
[recorder][VAD] Silero 語音幀 0/32 (0.0%)，有效語音 0.00s，信心閾值 0.6，最低比例 16%，最低語音 0.35s
[recorder][stop] ❌ VAD 未達有效語音門檻，不送出辨識（語音比例不足 0.0% < 16%）
[tap][dim]   [22:14:47.481] 持續=35ms 峰值=600 ✗弱
[tap][sample][22:14:48.922] 持續=126ms 峰值=8514 ✓ K=7.4 CF=5.2 SC=1231Hz 🎯 敲擊 #1
[tap][sample][22:14:49.216] 持續=68ms 峰值=10171 ✓ K=1.9 CF=3.5 SC=958Hz 🎯 敲擊 #2
[tap][dim]   [22:14:49.237] 持續=20ms 峰值=515 ✗弱
[tap][sample][22:14:49.498] 持續=36ms 峰值=6166 ✓ K=2.0 CF=3.0 SC=1183Hz 🎯 敲擊 #3
[tap]        [22:14:49.498] 🔔 三連敲觸發（間隔 352ms / 314ms，一致性 0.89） 底噪=33/66 基線=705 CV=? ZCR=0.075 [信心=95 峰=30 靜=25 噪=30 律=10 底=0(66) ZCR=0(0.075)]
[tap]        [22:14:49.538] 💤 敲麥監聽已停止
[recorder][22:14:49] 🚀 預熱命中，直接開始錄音
[main][22:14:49.539] ⏱️ recorder.start() 耗時 0.6ms，ok=True
[tap]        [22:14:49.546] 🎙️ 敲麥監聽已啟動
[main][22:14:49.551] 🎙️ 開始錄音
[recorder][VAD] Silero 語音幀 0/31 (0.0%)，有效語音 0.00s，信心閾值 0.6，最低比例 16%，最低語音 0.35s
[recorder][flush] ❌ VAD 未達有效語音門檻，略過（語音比例不足 0.0% < 16%）
[tap][sample][22:14:51.300] 持續=164ms 峰值=12437 ✓ K=1.8 CF=3.8 SC=1018Hz 🎯 敲擊 #1
[tap][sample][22:14:51.533] 持續=135ms 峰值=15596 ✓ K=0.6 CF=3.3 SC=1194Hz 🎯 敲擊 #2
[tap][sample][22:14:51.811] 持續=126ms 峰值=14431 ✓ K=1.1 CF=3.5 SC=1246Hz 🎯 敲擊 #3
[tap]        [22:14:51.811] 🔔 三連敲觸發（間隔 261ms / 288ms，一致性 0.91） 底噪=27/30 基線=1668 CV=? ZCR=0.081 [信心=100 峰=30 靜=25 噪=30 律=15 底=0(30) ZCR=0(0.081)]
[main][22:14:51.812] ⏳ 預熱 idle 計時器啟動，10 分鐘後關閉麥克風
[recorder][VAD] Silero 語音幀 0/39 (0.0%)，有效語音 0.00s，信心閾值 0.6，最低比例 16%，最低語音 0.35s
[recorder][stop] ❌ VAD 未達有效語音門檻，不送出辨識（語音比例不足 0.0% < 16%）
[tap][sample][22:14:53.476] 持續=135ms 峰值=14244 ✓ K=0.4 CF=3.3 SC=843Hz 🎯 敲擊 #1
[tap][dim]   [22:14:53.512] 持續=36ms 峰值=375 ✗弱
[tap][sample][22:14:53.764] 持續=126ms 峰值=15646 ✓ K=1.4 CF=3.6 SC=888Hz 🎯 敲擊 #2
[tap][sample][22:14:54.052] 持續=90ms 峰值=12174 ✓ K=0.7 CF=3.3 SC=1333Hz 🎯 敲擊 #3
[tap]        [22:14:54.052] 🔔 三連敲觸發（間隔 297ms / 324ms，一致性 0.92） 底噪=33/29 基線=1501 CV=? ZCR=0.076 [信心=100 峰=30 靜=25 噪=30 律=15 底=0(33) ZCR=0(0.076)]
[tap]        [22:14:54.100] 💤 敲麥監聽已停止
[recorder][22:14:54] 🚀 預熱命中，直接開始錄音
[main][22:14:54.102] ⏱️ recorder.start() 耗時 0.9ms，ok=True
[tap]        [22:14:54.110] 🎙️ 敲麥監聽已啟動
[main][22:14:54.114] 🎙️ 開始錄音
[recorder][VAD] Silero 語音幀 0/31 (0.0%)，有效語音 0.00s，信心閾值 0.6，最低比例 16%，最低語音 0.35s
[recorder][flush] ❌ VAD 未達有效語音門檻，略過（語音比例不足 0.0% < 16%）
[tap][sample][22:14:56.320] 持續=126ms 峰值=11782 ✓ K=1.1 CF=3.6 SC=987Hz 🎯 敲擊 #1
[tap][sample][22:14:56.617] 持續=134ms 峰值=8762 ✓ K=3.0 CF=4.7 SC=1336Hz 🎯 敲擊 #2
[tap][sample][22:14:56.904] 持續=107ms 峰值=10598 ✓ K=0.8 CF=3.4 SC=1263Hz 🎯 敲擊 #3
[tap]        [22:14:56.904] 🔔 三連敲觸發（間隔 289ms / 316ms，一致性 0.91） 底噪=26/29 基線=1388 CV=? ZCR=0.077 [信心=100 峰=30 靜=25 噪=30 律=15 底=0(29) ZCR=0(0.077)]
[main][22:14:56.907] ⏳ 預熱 idle 計時器啟動，10 分鐘後關閉麥克風
[recorder][VAD] Silero 語音幀 0/56 (0.0%)，有效語音 0.00s，信心閾值 0.6，最低比例 16%，最低語音 0.35s
[recorder][stop] ❌ VAD 未達有效語音門檻，不送出辨識（語音比例不足 0.0% < 16%）
[tap][dim]   [22:14:56.931] 持續=27ms 峰值=493 ✗弱
[tap][sample][22:14:59.624] 持續=73ms 峰值=5358 ✓ K=7.8 CF=4.4 SC=729Hz 🎯 敲擊 #1
[tap][sample][22:14:59.946] 持續=72ms 峰值=8452 ✓ K=2.7 CF=3.2 SC=800Hz 🎯 敲擊 #2
[tap][sample][22:15:00.262] 持續=135ms 峰值=9736 ✓ K=9.0 CF=6.0 SC=1185Hz 🎯 敲擊 #3
[tap]        [22:15:00.262] 🔔 三連敲觸發（間隔 324ms / 252ms，一致性 0.78） 底噪=128/43 基線=625 CV=? ZCR=0.083 [信心=90 峰=30 靜=25 噪=30 律=5 底=0(128) ZCR=0(0.083)]
[tap]        [22:15:00.308] 💤 敲麥監聽已停止
[recorder][22:15:00] 🚀 預熱命中，直接開始錄音
[main][22:15:00.308] ⏱️ recorder.start() 耗時 0.2ms，ok=True
[tap]        [22:15:00.311] 🎙️ 敲麥監聽已啟動
[main][22:15:00.315] 🎙️ 開始錄音
[recorder][VAD] Silero 語音幀 0/31 (0.0%)，有效語音 0.00s，信心閾值 0.6，最低比例 16%，最低語音 0.35s
[recorder][flush] ❌ VAD 未達有效語音門檻，略過（語音比例不足 0.0% < 16%）
[recorder][VAD] Silero 語音幀 0/31 (0.0%)，有效語音 0.00s，信心閾值 0.6，最低比例 16%，最低語音 0.35s
[recorder][flush] ❌ VAD 未達有效語音門檻，略過（語音比例不足 0.0% < 16%）
[tap][sample][22:15:02.466] 持續=72ms 峰值=9759 ✓ K=4.9 CF=4.0 SC=1388Hz 🎯 敲擊 #1
[tap][sample][22:15:02.520] 持續=27ms 峰值=1723 ✓ K=5.3 CF=5.1 SC=2013Hz ⏱️ 防抖略過（距上次 99ms < 180ms）
[tap][dim]   [22:15:02.556] 持續=36ms 峰值=383 ✗弱
[tap][sample][22:15:02.782] 持續=99ms 峰值=9037 ✓ K=5.3 CF=4.3 SC=1268Hz 🎯 敲擊 #2
[tap][dim]   [22:15:02.817] 持續=36ms 峰值=329 ✗弱
[tap][sample][22:15:03.132] 持續=162ms 峰值=11957 ✓ K=4.8 CF=5.3 SC=1288Hz 🎯 敲擊 #3
[tap]        [22:15:03.132] 🔔 三連敲觸發（間隔 288ms / 288ms，一致性 1.00） 底噪=40/50 基線=939 CV=? ZCR=0.071 [信心=100 峰=30 靜=25 噪=30 律=15 底=0(50) ZCR=0(0.071)]
[main][22:15:03.134] ⏳ 預熱 idle 計時器啟動，10 分鐘後關閉麥克風
[recorder][stop] 錄音太短 (0.78s)，略過
[tap][sample][22:15:04.627] 持續=90ms 峰值=3334 ✓ K=5.1 CF=4.3 SC=648Hz 🎯 敲擊 #1
[tap][dim]   [22:15:04.671] 持續=45ms 峰值=331 ✗弱
[tap][sample][22:15:04.734] 持續=63ms 峰值=9746 ✓ K=2.8 CF=3.3 SC=407Hz ⏱️ 防抖略過（距上次 135ms < 180ms）
[tap][sample][22:15:04.833] 持續=36ms 峰值=751 ✓ K=19.6 CF=8.4 SC=1809Hz 🎯 敲擊 #2
[tap]         ⏱️ 間隔過長重置（675ms）
[tap][sample][22:15:05.526] 持續=54ms 峰值=8835 ✓ K=7.5 CF=5.0 SC=1303Hz 🎯 敲擊 #1
[tap][sample][22:15:05.589] 持續=27ms 峰值=1457 ✓ K=1.3 CF=3.3 SC=1784Hz ⏱️ 防抖略過（距上次 90ms < 180ms）
[tap][sample][22:15:05.824] 持續=72ms 峰值=8073 ✓ K=7.8 CF=5.0 SC=1209Hz 🎯 敲擊 #2
[tap][dim]   [22:15:05.886] 持續=36ms 峰值=410 ✗弱
[tap][sample][22:15:06.148] 持續=81ms 峰值=9641 ✓ K=5.1 CF=4.8 SC=1735Hz 🎯 敲擊 #3
[tap]        [22:15:06.148] 🔔 三連敲觸發（間隔 279ms / 315ms，一致性 0.89） 底噪=36/410 基線=848 CV=? ZCR=0.091 [信心=75 峰=30 靜=25 噪=30 律=10 底=-20(410) ZCR=0(0.091)]
[tap]        [22:15:06.184] 💤 敲麥監聽已停止
[recorder][22:15:06] 🚀 預熱命中，直接開始錄音
[main][22:15:06.184] ⏱️ recorder.start() 耗時 0.1ms，ok=True
[tap]        [22:15:06.187] 🎙️ 敲麥監聽已啟動
[main][22:15:06.191] 🎙️ 開始錄音
[tap][sample][22:15:06.660] 持續=27ms 峰值=779 ✓ K=-0.3 CF=2.2 SC=634Hz 🎯 敲擊 #1
[recorder][VAD] Silero 語音幀 0/50 (0.0%)，有效語音 0.00s，信心閾值 0.6，最低比例 16%，最低語音 0.35s
[recorder][flush] ❌ VAD 未達有效語音門檻，略過（語音比例不足 0.0% < 16%）
[tap]         ⏱️ 間隔過長重置（1539ms）
[tap][sample][22:15:08.307] 持續=135ms 峰值=11609 ✓ K=3.9 CF=4.8 SC=1375Hz 🎯 敲擊 #1
[tap][sample][22:15:08.586] 持續=126ms 峰值=12865 ✓ K=1.0 CF=3.7 SC=1242Hz 🎯 敲擊 #2
[tap][sample][22:15:08.901] 持續=117ms 峰值=11560 ✓ K=1.5 CF=3.9 SC=1323Hz 🎯 敲擊 #3
[tap]        [22:15:08.901] 🔔 三連敲觸發（間隔 288ms / 324ms，一致性 0.89） 底噪=33/30 基線=1327 CV=? ZCR=0.078 [信心=95 峰=30 靜=25 噪=30 律=10 底=0(33) ZCR=0(0.078)]
[main][22:15:08.903] ⏳ 預熱 idle 計時器啟動，10 分鐘後關閉麥克風
[recorder][VAD] Silero 語音幀 0/34 (0.0%)，有效語音 0.00s，信心閾值 0.6，最低比例 16%，最低語音 0.35s
[recorder][stop] ❌ VAD 未達有效語音門檻，不送出辨識（語音比例不足 0.0% < 16%）
[tap][sample][22:15:11.664] 持續=72ms 峰值=7416 ✓ K=7.1 CF=4.9 SC=1243Hz 🎯 敲擊 #1
[tap][dim]   [22:15:11.754] 持續=63ms 峰值=455 ✗弱
[tap][sample][22:15:11.944] 持續=63ms 峰值=10148 ✓ K=4.0 CF=4.5 SC=1329Hz 🎯 敲擊 #2
[tap][dim]   [22:15:11.979] 持續=36ms 峰值=570 ✗弱
[tap][sample][22:15:12.006] 持續=27ms 峰值=1386 ✓ K=5.2 CF=4.0 SC=1413Hz ⏱️ 防抖略過（距上次 99ms < 180ms）
[tap][sample][22:15:12.205] 持續=27ms 峰值=7309 ✓ K=4.6 CF=4.5 SC=1322Hz 🎯 敲擊 #3
[tap]        [22:15:12.205] 🔔 三連敲觸發（間隔 288ms / 297ms，一致性 0.97） 底噪=0/35 基線=578 CV=? ZCR=0.077 [信心=100 峰=30 靜=25 噪=30 律=15 底=0(35) ZCR=0(0.077)]
[tap]        [22:15:12.241] 💤 敲麥監聽已停止
[recorder][22:15:12] 🚀 預熱命中，直接開始錄音
[main][22:15:12.241] ⏱️ recorder.start() 耗時 0.1ms，ok=True
[tap]        [22:15:12.244] 🎙️ 敲麥監聽已啟動
[main][22:15:12.248] 🎙️ 開始錄音
[recorder][VAD] Silero 語音幀 0/37 (0.0%)，有效語音 0.00s，信心閾值 0.6，最低比例 16%，最低語音 0.35s
[recorder][flush] ❌ VAD 未達有效語音門檻，略過（語音比例不足 0.0% < 16%）
[tap][sample][22:15:14.428] 持續=36ms 峰值=917 ✓ K=3.2 CF=3.3 SC=802Hz 🎯 敲擊 #1
[tap][dim]   [22:15:14.454] 持續=27ms 峰值=339 ✗弱
[tap][sample][22:15:14.707] 持續=27ms 峰值=1731 ✓ K=3.4 CF=3.3 SC=371Hz 🎯 敲擊 #2
[tap][sample][22:15:15.030] 持續=63ms 峰值=1170 ✓ K=9.3 CF=4.7 SC=567Hz 🎯 敲擊 #3
[tap]        [22:15:15.030] 🔔 三連敲觸發（間隔 288ms / 288ms，一致性 1.00） 底噪=42/42 基線=108 CV=? ZCR=0.086 [信心=90 峰=20 靜=25 噪=30 律=15 底=0(42) ZCR=0(0.086)]
[main][22:15:15.031] ⏳ 預熱 idle 計時器啟動，10 分鐘後關閉麥克風
[recorder][VAD] Silero 語音幀 0/49 (0.0%)，有效語音 0.00s，信心閾值 0.6，最低比例 16%，最低語音 0.35s
[recorder][stop] ❌ VAD 未達有效語音門檻，不送出辨識（語音比例不足 0.0% < 16%）
[tap][sample][22:15:16.686] 持續=27ms 峰值=1620 ✓ K=3.2 CF=3.3 SC=573Hz 🎯 敲擊 #1
[tap][dim]   [22:15:16.723] 持續=36ms 峰值=372 ✗弱
[tap][sample][22:15:17.010] 持續=54ms 峰值=2063 ✓ K=8.5 CF=4.6 SC=319Hz 🎯 敲擊 #2
[tap][sample][22:15:17.271] 持續=27ms 峰值=3378 ✓ K=4.0 CF=3.5 SC=509Hz 🎯 敲擊 #3
[tap]        [22:15:17.271] 🔔 三連敲觸發（間隔 297ms / 288ms，一致性 0.97） 底噪=39/67 基線=168 CV=? ZCR=0.080 [信心=95 峰=25 靜=25 噪=30 律=15 底=0(67) ZCR=0(0.08)]
[tap]        [22:15:17.318] 💤 敲麥監聽已停止
[recorder][22:15:17] 🚀 預熱命中，直接開始錄音
[main][22:15:17.318] ⏱️ recorder.start() 耗時 0.1ms，ok=True
[tap]        [22:15:17.321] 🎙️ 敲麥監聽已啟動
[main][22:15:17.325] 🎙️ 開始錄音
[recorder][VAD] Silero 語音幀 0/31 (0.0%)，有效語音 0.00s，信心閾值 0.6，最低比例 16%，最低語音 0.35s
[recorder][flush] ❌ VAD 未達有效語音門檻，略過（語音比例不足 0.0% < 16%）
[tap][sample][22:15:18.837] 持續=36ms 峰值=1333 ✓ K=2.4 CF=3.2 SC=485Hz 🎯 敲擊 #1
[tap][sample][22:15:19.116] 持續=36ms 峰值=1989 ✓ K=2.9 CF=3.4 SC=522Hz 🎯 敲擊 #2
[recorder][VAD] Silero 語音幀 0/69 (0.0%)，有效語音 0.00s，信心閾值 0.6，最低比例 16%，最低語音 0.35s
[recorder][flush] ❌ VAD 未達有效語音門檻，略過（語音比例不足 0.0% < 16%）
[tap]         ⏱️ 間隔過長重置（1989ms）
[tap][sample][22:15:21.096] 持續=27ms 峰值=1097 ✓ K=2.4 CF=3.3 SC=371Hz 🎯 敲擊 #1
[tap][sample][22:15:21.447] 持續=27ms 峰值=1450 ✓ K=2.8 CF=3.4 SC=415Hz 🎯 敲擊 #2
[tap][sample][22:15:21.763] 持續=63ms 峰值=1652 ✓ K=9.3 CF=4.9 SC=374Hz 🎯 敲擊 #3
[tap]        [22:15:21.763] 🔔 三連敲觸發（間隔 351ms / 279ms，一致性 0.80） 底噪=58/68 基線=116 CV=? ZCR=0.085 [信心=80 峰=20 靜=25 噪=30 律=5 底=0(68) ZCR=0(0.085)]
[main][22:15:21.766] ⏳ 預熱 idle 計時器啟動，10 分鐘後關閉麥克風
[recorder][VAD] Silero 語音幀 0/38 (0.0%)，有效語音 0.00s，信心閾值 0.6，最低比例 16%，最低語音 0.35s
[recorder][stop] ❌ VAD 未達有效語音門檻，不送出辨識（語音比例不足 0.0% < 16%）
[tap][sample][22:15:23.464] 持續=27ms 峰值=1072 ✓ K=2.7 CF=3.1 SC=692Hz 🎯 敲擊 #1
[tap][sample][22:15:23.787] 持續=27ms 峰值=2098 ✓ K=2.4 CF=3.2 SC=289Hz 🎯 敲擊 #2
[tap][sample][22:15:24.102] 持續=62ms 峰值=2072 ✓ K=8.6 CF=4.7 SC=343Hz 🎯 敲擊 #3
[tap]        [22:15:24.102] 🔔 三連敲觸發（間隔 324ms / 279ms，一致性 0.86） 底噪=105/50 基線=139 CV=? ZCR=0.080 [信心=85 峰=20 靜=25 噪=30 律=10 底=0(105) ZCR=0(0.08)]
[tap]        [22:15:24.146] 💤 敲麥監聽已停止
[recorder][22:15:24] 🚀 預熱命中，直接開始錄音
[main][22:15:24.147] ⏱️ recorder.start() 耗時 0.2ms，ok=True
[tap]        [22:15:24.150] 🎙️ 敲麥監聽已啟動
[main][22:15:24.155] 🎙️ 開始錄音
[recorder][VAD] Silero 語音幀 0/31 (0.0%)，有效語音 0.00s，信心閾值 0.6，最低比例 16%，最低語音 0.35s
[recorder][flush] ❌ VAD 未達有效語音門檻，略過（語音比例不足 0.0% < 16%）
[tap][sample][22:15:25.750] 持續=36ms 峰值=651 ✓ K=8.4 CF=4.2 SC=1115Hz 🎯 敲擊 #1
[tap][dim]   [22:15:25.786] 持續=36ms 峰值=558 ✗弱
[tap][sample][22:15:26.111] 持續=73ms 峰值=807 ✓ K=7.0 CF=4.3 SC=424Hz 🎯 敲擊 #2
[tap][sample][22:15:26.425] 持續=45ms 峰值=1786 ✓ K=3.2 CF=3.5 SC=308Hz 🎯 敲擊 #3
[tap]        [22:15:26.425] 🔔 三連敲觸發（間隔 324ms / 342ms，一致性 0.95） 底噪=77/111 基線=101 CV=? ZCR=0.081 [信心=70 峰=20 靜=25 噪=10 律=15 底=0(111) ZCR=0(0.081)]
[main][22:15:26.426] ⏳ 預熱 idle 計時器啟動，10 分鐘後關閉麥克風
[recorder][VAD] Silero 語音幀 0/39 (0.0%)，有效語音 0.00s，信心閾值 0.6，最低比例 16%，最低語音 0.35s
[recorder][stop] ❌ VAD 未達有效語音門檻，不送出辨識（語音比例不足 0.0% < 16%）
[tap][sample][22:15:28.567] 持續=27ms 峰值=842 ✓ K=3.6 CF=3.5 SC=548Hz 🎯 敲擊 #1
[tap][sample][22:15:28.856] 持續=27ms 峰值=968 ✓ K=3.5 CF=3.4 SC=501Hz 🎯 敲擊 #2
[tap][sample][22:15:29.143] 持續=36ms 峰值=996 ✓ K=3.2 CF=3.4 SC=596Hz 🎯 敲擊 #3
[tap]        [22:15:29.143] 🔔 三連敲觸發（間隔 289ms / 279ms，一致性 0.97） 底噪=48/63 基線=83 CV=? ZCR=0.080 [信心=80 峰=10 靜=25 噪=30 律=15 底=0(63) ZCR=0(0.08)]
[tap]        [22:15:29.189] 💤 敲麥監聽已停止
[recorder][22:15:29] 🚀 預熱命中，直接開始錄音
[main][22:15:29.190] ⏱️ recorder.start() 耗時 0.4ms，ok=True
[tap]        [22:15:29.195] 🎙️ 敲麥監聽已啟動
[main][22:15:29.199] 🎙️ 開始錄音
[recorder][VAD] Silero 語音幀 0/31 (0.0%)，有效語音 0.00s，信心閾值 0.6，最低比例 16%，最低語音 0.35s
[recorder][flush] ❌ VAD 未達有效語音門檻，略過（語音比例不足 0.0% < 16%）
[tap][sample][22:15:31.366] 持續=36ms 峰值=1121 ✓ K=3.1 CF=3.4 SC=452Hz 🎯 敲擊 #1
[tap][sample][22:15:31.653] 持續=27ms 峰值=1530 ✓ K=3.6 CF=3.5 SC=442Hz 🎯 敲擊 #2
[tap][sample][22:15:31.951] 持續=45ms 峰值=1794 ✓ K=4.5 CF=3.7 SC=486Hz 🎯 敲擊 #3
[tap]        [22:15:31.951] 🔔 三連敲觸發（間隔 297ms / 279ms，一致性 0.94） 底噪=59/49 基線=100 CV=? ZCR=0.083 [信心=90 峰=20 靜=25 噪=30 律=15 底=0(59) ZCR=0(0.083)]
[main][22:15:31.954] ⏳ 預熱 idle 計時器啟動，10 分鐘後關閉麥克風
[recorder][VAD] Silero 語音幀 0/54 (0.0%)，有效語音 0.00s，信心閾值 0.6，最低比例 16%，最低語音 0.35s
[recorder][stop] ❌ VAD 未達有效語音門檻，不送出辨識（語音比例不足 0.0% < 16%）
[tap][sample][22:15:34.210] 持續=26ms 峰值=998 ✓ K=2.8 CF=3.2 SC=436Hz 🎯 敲擊 #1
[tap][sample][22:15:34.571] 持續=63ms 峰值=1883 ✓ K=9.1 CF=4.8 SC=316Hz 🎯 敲擊 #2
[tap][sample][22:15:34.857] 持續=71ms 峰值=3919 ✓ K=10.5 CF=5.1 SC=327Hz 🎯 敲擊 #3
[tap]        [22:15:34.857] 🔔 三連敲觸發（間隔 323ms / 280ms，一致性 0.86） 底噪=74/64 基線=178 CV=? ZCR=0.084 [信心=90 峰=25 靜=25 噪=30 律=10 底=0(74) ZCR=0(0.084)]
[tap]        [22:15:34.895] 💤 敲麥監聽已停止
[recorder][22:15:34] 🚀 預熱命中，直接開始錄音
[main][22:15:34.895] ⏱️ recorder.start() 耗時 0.3ms，ok=True
[tap]        [22:15:34.900] 🎙️ 敲麥監聽已啟動
[main][22:15:34.904] 🎙️ 開始錄音
[recorder][VAD] Silero 語音幀 0/37 (0.0%)，有效語音 0.00s，信心閾值 0.6，最低比例 16%，最低語音 0.35s
[recorder][flush] ❌ VAD 未達有效語音門檻，略過（語音比例不足 0.0% < 16%）
[tap][sample][22:15:36.441] 持續=48ms 峰值=7265 ✓ K=13.2 CF=5.8 SC=1276Hz 🎯 敲擊 #1
[tap][dim]   [22:15:36.578] 持續=27ms 峰值=407 ✗弱
[tap][sample][22:15:36.703] 持續=36ms 峰值=1989 ✓ K=2.5 CF=3.2 SC=1001Hz 🎯 敲擊 #2
[tap][dim]   [22:15:36.731] 持續=28ms 峰值=413 ✗弱
[tap][sample][22:15:37.026] 持續=45ms 峰值=5433 ✓ K=3.3 CF=3.4 SC=863Hz 🎯 敲擊 #3
[tap]        [22:15:37.026] 🔔 三連敲觸發（間隔 273ms / 315ms，一致性 0.87） 底噪=407/152 基線=318 CV=? ZCR=0.079 [信心=75 峰=30 靜=25 噪=30 律=10 底=-20(407) ZCR=0(0.079)]
[main][22:15:37.028] ⏳ 預熱 idle 計時器啟動，10 分鐘後關閉麥克風
[recorder][VAD] Silero 語音幀 0/28 (0.0%)，有效語音 0.00s，信心閾值 0.6，最低比例 16%，最低語音 0.35s
[recorder][stop] ❌ VAD 未達有效語音門檻，不送出辨識（語音比例不足 0.0% < 16%）
[tap][dim]   [22:15:37.054] 持續=27ms 峰值=331 ✗弱
[tap]        [22:15:44.425] 💤 敲麥監聽已停止
[recorder][22:15:44] 💤 預熱 stream 已關閉
[0m