[main] LOG -> F:\Cursor\AI Whisper Next\logs\ai_whisper_20260517_235413.log
[settings] config loaded from F:\Cursor\AI Whisper Next\config.json
[main][23:54:13.394] ✅ 快捷鍵 ctrl+f12（句號）、ctrl+f11（逗號）已註冊
[main][23:54:13.395] ✅ 主快捷鍵 2/2 已註冊 (Win32)
[main][23:54:13.395] ✅ 記憶快捷鍵 5/5 已註冊 (Win32)
[tap]        [23:54:13.411] 🎙️ 敲麥監聽已啟動
[recorder][VAD] 載入 Silero VAD 模型...
[transcriber][23:54:15.589] 🔌 HTTP 連線預熱完成 (2.18s)
Using cache found in C:\Users\Administrator/.cache\torch\hub\snakers4_silero-vad_master
[tap]        [23:54:15.720] 💤 敲麥監聽已停止
[recorder][23:54:15] ⏱️ InputStream() 15.2ms
[recorder][23:54:15] ⏱️ stream.start() 0.5ms
[recorder][23:54:15] 🎙️ 錄音就緒，總初始化 15.7ms
[main][23:54:15.737] ⏱️ recorder.start() 耗時 16.3ms，ok=True
[recorder][VAD] Silero VAD 模型載入完成
[tap]        [23:54:16.274] 🎙️ 敲麥監聽已啟動
[main][23:54:16.283] 🎙️ 開始錄音
[recorder][23:54:16] 🎤 第一包音訊到達，麥克風實際開啟延遲 743.2ms
[recorder][VAD] Silero 語音幀 0/32 (0.0%)，有效語音 0.00s，信心閾值 0.6，最低比例 16%，最低語音 0.35s
[recorder][flush] ❌ VAD 未達有效語音門檻，略過（語音比例不足 0.0% < 16%）
[tap][dim]   [23:54:19.648] 持續=63ms 峰值=345 ✗弱
[main][23:54:20.534] ⏳ 預熱 idle 計時器啟動，10 分鐘後關閉麥克風
[recorder][VAD] Silero 語音幀 55/94 (58.5%)，有效語音 1.76s，信心閾值 0.6，最低比例 16%，最低語音 0.35s
[main][23:54:20.565] ✅ 錄音完成，送出辨識
[paster][23:54:20] 📏 [UIA] 文字為空 → 不加句號
[paster][23:54:20] 🔮 預取游標位置: at_end=False, last_punct=False (delay=0.10s, est_api=0.55s)
[transcriber][23:54:22.616] ⏱️ API 耗時: 2.05s
[main][23:54:22.616] ✅ 辨識完成: "測試一下測試一下"
[paster][23:54:22] 🎯 PASTE: at_end=False, last_punct=False, add_prefix=False (prefetched), prefix='。', final='測試一下測試一下'
[paster][23:54:23] ⌨️ TEXT input skipped: process=python.exe，class=Qt6111QWindowIcon，focus=('AI Whisper', 'MainWindow', 'QApplication.MainWindow', 'WindowControl')，preserve_ctrl=False
[paster][23:54:23] 📋 CLIP flow start: target_chars=8, restore_delay=0.30s
[paster][23:54:23] 📋 CLIP backup: count=6, formats=13:16B, 50188:24B, 50131:39B, 16:4B, 1:8B, 7:8B, text='#edd2ff'
[paster][23:54:23] 📋 CLIP set attempt 1/4: chars=8, bytes=18, preview='測試一下測試一下'
[paster][23:54:23] 📋 CLIP verify ok: attempt=1, chars=8, text='測試一下測試一下'
[paster][23:54:23] ⌨️ Ctrl+V 準備送出，cb_ok=True，視窗="AI Whisper"，hwnd=0x02260d66，process=python.exe，class=Qt6111QWindowIcon，keys_before=async_down=none; logical_down=none，text='測試一下測試一下'
[paster][23:54:23] ⌨️ 貼上前釋放修飾鍵: released=none，restore_later=none，preserve_ctrl=False，keys_after_release=async_down=none; logical_down=none
[paster][23:54:23] ⌨️ Ctrl+V 已送出，keys_after_send=async_down=none; logical_down=none
[paster][23:54:23] 🚫 CLIP guard armed: manual Ctrl+V suppressed
[paster][23:54:23] ⏱️ 收到→貼上完成: 1.02s
[paster][23:54:23] 📋 CLIP restore wait: 0.30s
[paster][23:54:23] 📋 CLIP restore attempt 1/4: text='#edd2ff'
[paster][23:54:23] 📋 CLIP restore: restored=6/6, formats=13:16B, 50188:24B, 50131:39B, 16:4B, 1:8B, 7:8B, text='#edd2ff'
[paster][23:54:24] 📋 CLIP restore verify ok: attempt=1, text='#edd2ff'
[paster][23:54:24] 🚫 CLIP guard disarmed: blocked=0
[tap]        [23:54:25.074] 💤 敲麥監聽已停止
[recorder][23:54:25] 🚀 預熱命中，直接開始錄音
[main][23:54:25.074] ⏱️ recorder.start() 耗時 0.2ms，ok=True
[tap]        [23:54:25.078] 🎙️ 敲麥監聽已啟動
[main][23:54:25.083] 🎙️ 開始錄音
[recorder][VAD] Silero 語音幀 0/31 (0.0%)，有效語音 0.00s，信心閾值 0.6，最低比例 16%，最低語音 0.35s
[recorder][flush] ❌ VAD 未達有效語音門檻，略過（語音比例不足 0.0% < 16%）
[paster][23:54:26] 📋 CLIP watchdog done: checks=11, repairs=0, ok=True, final='#edd2ff'
[paster][23:54:26] 📋 剪貼簿已還原驗證（6 種格式，restore_ok=True, watch_ok=True）
[tap][dim]   [23:54:26.559] 持續=44ms 峰值=397 ✗弱
[tap][dim]   [23:54:26.614] 持續=27ms 峰值=416 ✗弱
[tap][dim]   [23:54:27.388] 持續=27ms 峰值=304 ✗弱
[main][23:54:27.882] ⏳ 預熱 idle 計時器啟動，10 分鐘後關閉麥克風
[recorder][VAD] Silero 語音幀 42/56 (75.0%)，有效語音 1.34s，信心閾值 0.6，最低比例 16%，最低語音 0.35s
[main][23:54:27.900] ✅ 錄音完成，送出辨識
[paster][23:54:27] 📏 [UIA] 文字為空 → 不加句號
[paster][23:54:27] 🔮 預取游標位置: at_end=False, last_punct=False (delay=0.00s, est_api=0.43s)
[transcriber][23:54:28.657] ⏱️ API 耗時: 0.76s
[main][23:54:28.658] ✅ 辨識完成: "測試測試"
[paster][23:54:28] 🎯 PASTE: at_end=False, last_punct=False, add_prefix=False (prefetched), prefix='。', final='測試測試'
[paster][23:54:28] ⌨️ TEXT input skipped: process=python.exe，class=Qt6111QWindowIcon，focus=('AI Whisper', 'MainWindow', 'QApplication.MainWindow', 'WindowControl')，preserve_ctrl=False
[paster][23:54:28] 📋 CLIP flow start: target_chars=4, restore_delay=0.30s
[paster][23:54:28] 📋 CLIP backup: count=6, formats=13:16B, 50188:24B, 50131:39B, 16:4B, 1:8B, 7:8B, text='#edd2ff'
[paster][23:54:28] 📋 CLIP set attempt 1/4: chars=4, bytes=10, preview='測試測試'
[paster][23:54:28] 📋 CLIP verify ok: attempt=1, chars=4, text='測試測試'
[paster][23:54:28] ⌨️ Ctrl+V 準備送出，cb_ok=True，視窗="AI Whisper"，hwnd=0x02260d66，process=python.exe，class=Qt6111QWindowIcon，keys_before=async_down=none; logical_down=none，text='測試測試'
[paster][23:54:28] ⌨️ 貼上前釋放修飾鍵: released=none，restore_later=none，preserve_ctrl=False，keys_after_release=async_down=none; logical_down=none
[paster][23:54:28] ⌨️ Ctrl+V 已送出，keys_after_send=async_down=none; logical_down=none
[paster][23:54:28] 🚫 CLIP guard armed: manual Ctrl+V suppressed
[paster][23:54:28] ⏱️ 收到→貼上完成: 0.21s
[paster][23:54:28] 📋 CLIP restore wait: 0.30s
[paster][23:54:29] 📋 CLIP restore attempt 1/4: text='#edd2ff'
[paster][23:54:29] 📋 CLIP restore: restored=6/6, formats=13:16B, 50188:24B, 50131:39B, 16:4B, 1:8B, 7:8B, text='#edd2ff'
[paster][23:54:29] 📋 CLIP restore verify ok: attempt=1, text='#edd2ff'
[paster][23:54:29] 🚫 CLIP guard disarmed: blocked=0
[tap]        [23:54:30.340] 💤 敲麥監聽已停止
[recorder][23:54:30] 🚀 預熱命中，直接開始錄音
[main][23:54:30.341] ⏱️ recorder.start() 耗時 0.2ms，ok=True
[tap]        [23:54:30.345] 🎙️ 敲麥監聽已啟動
[main][23:54:30.352] 🎙️ 開始錄音
[paster][23:54:31] 📋 CLIP watchdog done: checks=11, repairs=0, ok=True, final='#edd2ff'
[paster][23:54:31] 📋 剪貼簿已還原驗證（6 種格式，restore_ok=True, watch_ok=True）
[tap][dim]   [23:54:31.879] 持續=99ms 峰值=498 ✗弱
[tap][dim]   [23:54:32.644] 持續=99ms 峰值=376 ✗弱
[tap][dim]   [23:54:32.940] 持續=71ms 峰值=378 ✗弱
[tap][dim]   [23:54:33.265] 持續=108ms 峰值=417 ✗弱
[main][23:54:34.020] ⏳ 預熱 idle 計時器啟動，10 分鐘後關閉麥克風
[recorder][VAD] Silero 語音幀 82/114 (71.9%)，有效語音 2.62s，信心閾值 0.6，最低比例 16%，最低語音 0.35s
[main][23:54:34.055] ✅ 錄音完成，送出辨識
[paster][23:54:34] 📏 [UIA] 文字為空 → 不加句號
[paster][23:54:34] 🔮 預取游標位置: at_end=False, last_punct=False (delay=0.17s, est_api=0.62s)
[transcriber][23:54:35.877] ⏱️ API 耗時: 1.82s
[main][23:54:35.877] ✅ 辨識完成: "測試測試測試測試"
[paster][23:54:35] 🎯 PASTE: at_end=False, last_punct=False, add_prefix=False (prefetched), prefix='。', final='測試測試測試測試'
[paster][23:54:35] ⌨️ TEXT input skipped: process=python.exe，class=Qt6111QWindowIcon，focus=('AI Whisper', 'MainWindow', 'QApplication.MainWindow', 'WindowControl')，preserve_ctrl=False
[paster][23:54:35] 📋 CLIP flow start: target_chars=8, restore_delay=0.30s
[paster][23:54:35] 📋 CLIP backup: count=6, formats=13:16B, 50188:24B, 50131:39B, 16:4B, 1:8B, 7:8B, text='#edd2ff'
[paster][23:54:35] 📋 CLIP set attempt 1/4: chars=8, bytes=18, preview='測試測試測試測試'
[paster][23:54:35] 📋 CLIP verify ok: attempt=1, chars=8, text='測試測試測試測試'
[paster][23:54:36] ⌨️ Ctrl+V 準備送出，cb_ok=True，視窗="AI Whisper"，hwnd=0x02260d66，process=python.exe，class=Qt6111QWindowIcon，keys_before=async_down=none; logical_down=none，text='測試測試測試測試'
[paster][23:54:36] ⌨️ 貼上前釋放修飾鍵: released=none，restore_later=none，preserve_ctrl=False，keys_after_release=async_down=none; logical_down=none
[paster][23:54:36] ⌨️ Ctrl+V 已送出，keys_after_send=async_down=none; logical_down=none
[paster][23:54:36] 🚫 CLIP guard armed: manual Ctrl+V suppressed
[paster][23:54:36] ⏱️ 收到→貼上完成: 0.22s
[paster][23:54:36] 📋 CLIP restore wait: 0.30s
[paster][23:54:36] 📋 CLIP restore attempt 1/4: text='#edd2ff'
[paster][23:54:36] 📋 CLIP restore: restored=6/6, formats=13:16B, 50188:24B, 50131:39B, 16:4B, 1:8B, 7:8B, text='#edd2ff'
[paster][23:54:36] 📋 CLIP restore verify ok: attempt=1, text='#edd2ff'
[paster][23:54:36] 🚫 CLIP guard disarmed: blocked=0
[paster][23:54:38] 📋 CLIP watchdog done: checks=11, repairs=0, ok=True, final='#edd2ff'
[paster][23:54:38] 📋 剪貼簿已還原驗證（6 種格式，restore_ok=True, watch_ok=True）
[tap][dim]   [23:54:44.199] 持續=36ms 峰值=427 ✗弱
[tap]        [23:54:50.672] 💤 敲麥監聽已停止
[recorder][23:54:50] 💤 預熱 stream 已關閉
[0m