[main]          [01:21:50.897] LOG -> F:\Cursor\AI Whisper Next\logs\ai_whisper_20260609_012150_P8-32.current.log
[settings]      [01:21:50.897] config loaded from F:\Cursor\AI Whisper Next\config.json
[main]          [01:21:51.038] ✅ 快捷鍵 ctrl+f11（句號）、ctrl+f12（逗號）已註冊
[main]          [01:21:51.039] ✅ 主快捷鍵 2/2 已註冊 (Win32)
[main]          [01:21:51.039] ✅ 記憶快捷鍵 5/5 已註冊 (Win32)
[tap]           [01:21:51.054] 🎙️ 敲麥監聽已啟動
[main]          [01:21:51.055] 🔧 DIAG 關閉元件: (none)
[debug]         [01:21:51.063] 🔍 Debug server listening on 127.0.0.1:47643
[recorder][VAD] [01:21:51.231] 載入 Silero VAD 模型 (ONNX): F:\Cursor\AI Whisper Next\assets\silero_vad.onnx
[recorder][VAD] [01:21:51.338] Silero VAD 模型載入完成 (ONNX)
[transcriber]   [01:21:52.420] 🔌 HTTP 連線預熱完成 (1.37s)
[main]          [01:22:18.773] ⌨️ 主快捷鍵觸發（Win32/逗號），keys=async_down=Ctrl,RCtrl; logical_down=Ctrl,RCtrl
[main]          [01:22:18.774] ⌨️ after(0) 執行延遲 1.9ms
[tap]           [01:22:18.848] 💤 敲麥監聽已停止
[recorder]      [01:22:18.860] ⏱️ InputStream() 11.6ms
[recorder]      [01:22:18.860] ⏱️ stream.start() 0.6ms
[recorder]      [01:22:18.860] 🎙️ 錄音就緒，總初始化 12.2ms
[main]          [01:22:18.863] ⏱️ recorder.start() 耗時 13.7ms，ok=True
[tap]           [01:22:19.394] 🎙️ 敲麥監聽已啟動
[main]          [01:22:19.404] 🎙️ 開始錄音
[recorder]      [01:22:19.611] 🎤 第一包音訊到達，麥克風實際開啟延遲 749.9ms
[tap][sample]   [01:22:21.862] 持續=1350ms 峰值=13247 ✗長 K=1.6 CF=4.1 SC=3120Hz Att=333.3ms | fK=1.7 fCF=4.2 fSC=3118Hz fFlat=0.568 fHF=0.181
[tap][sample]   [01:22:22.113] 持續=162ms 峰值=8714 ✓ K=1.1 CF=3.4 SC=1562Hz Att=4.2ms | fK=1.9 fCF=3.7 fSC=1556Hz fFlat=0.347 fHF=0.010 🎯 敲擊 #1
[tap][dim]      [01:22:22.140] 持續=27ms 峰值=515 ✗弱
[tap][sample]   [01:22:22.373] 持續=234ms 峰值=11344 ✗長 K=1.3 CF=4.0 SC=1537Hz Att=3.4ms | fK=1.9 fCF=4.3 fSC=1543Hz fFlat=0.293 fHF=0.009
[tap][dim]      [01:22:22.401] 持續=28ms 峰值=591 ✗弱
[recorder][VAD] [01:22:23.474] ✅ Silero 11/121 (26.8%), 0.35s speech
[recorder][flush][01:22:23.475] ✅ 取出 3.9s 音訊段落
[main]          [01:22:23.476] ✂️ 自動分段送出（靜音達1s，累積 3.9s，靜音 1.1s）
[paster]        [01:22:23.657] 📏 [UIA] 文字為空 → 不加句號
[paster]        [01:22:23.658] 🔮 預取游標位置: at_end=False, last_punct=False (delay=0.15s, est_api=0.57s)
[transcriber]   [01:22:24.459] ⏱️ API 耗時: 0.98s
[main]          [01:22:24.462] ✅ 分段辨識完成: "測試測試看看"
[paster]        [01:22:24.493] 🎯 PASTE: at_end=False, last_punct=False, add_prefix=False (prefetched), prefix='，', final='測試測試看看'
[paster]        [01:22:24.498] ⌨️ TEXT input flow start: target_chars=6，視窗="Analyzing Paste-Transcription Timing Sequence"，hwnd=0x015c200c，process=antigravity.exe，class=Chrome_WidgetWin_1，focus=('Message input', 'max-h-[300px] rounded-md cursor-text overflow-y-auto text-md p-2 outline-none transition-all duration-100 text-sm', '', 'ComboBoxControl')，verify_readable=True，keys_before=async_down=none; logical_down=none，text='測試測試看看'
[paster]        [01:22:24.498] ⌨️ 直接輸入前釋放修飾鍵: released=none，keys_after_release=async_down=none; logical_down=none
[paster]        [01:22:24.504] ⌨️ TEXT input done: ok=True，keys_after_send=async_down=none; logical_down=none
[paster]        [01:22:24.507] ⏱️ 收到→直接輸入完成: 0.05s
[paster]        [01:22:24.508] ⌨️ TEXT input verify: ok=True，reason=sendinput_trusted (hwnd unchanged)
[main]          [01:22:25.244] ✅ overlay 顯示「辨識完成 ✓」(recording, waveform) signal_delay=0.4ms
[main]          [01:22:30.879] ⌨️ 主快捷鍵觸發（Win32/逗號），keys=async_down=Ctrl,RCtrl; logical_down=Ctrl,RCtrl
[main]          [01:22:30.883] ⌨️ after(0) 執行延遲 4.5ms[main]          [01:22:30.884] ⏳ 預熱 idle 計時器啟動，10 分鐘後關閉麥克風

[recorder][stop][01:22:30.894] 錄音太短 (0.10s)，略過
[main]          [01:22:31.362] ⌨️ 主快捷鍵觸發（Win32/逗號），keys=async_down=Ctrl,RCtrl; logical_down=Ctrl,RCtrl
[main]          [01:22:31.366] ⌨️ after(0) 執行延遲 3.8ms
[tap]           [01:22:31.384] 💤 敲麥監聽已停止
[recorder]      [01:22:31.384] 🚀 預熱命中，直接開始錄音
[main]          [01:22:31.385] ⏱️ recorder.start() 耗時 0.4ms，ok=True
[tap]           [01:22:31.392] 🎙️ 敲麥監聽已啟動
[main]          [01:22:31.399] 🎙️ 開始錄音
[tap][sample]   [01:22:31.859] 持續=27ms 峰值=607 ✓ K=218.6 CF=18.2 SC=3477Hz Att=0.2ms | fK=428.4 fCF=25.6 fSC=3462Hz fFlat=0.595 fHF=0.390 🎯 敲擊 #1
[tap][sample]   [01:22:32.381] 持續=360ms 峰值=12339 ✗長 K=1.2 CF=3.7 SC=2736Hz Att=182.4ms | fK=1.6 fCF=3.9 fSC=2735Hz fFlat=0.532 fHF=0.093
[tap][sample]   [01:22:35.579] 持續=3159ms 峰值=14754 ✗長 K=1.5 CF=4.1 SC=1964Hz Att=4.3ms | fK=1.5 fCF=4.0 fSC=1864Hz fFlat=0.460 fHF=0.020
[tap][dim]      [01:22:35.613] 持續=36ms 峰值=345 ✗弱
[tap][sample]   [01:22:35.865] 持續=162ms 峰值=10390 ✓ K=3.1 CF=5.2 SC=1446Hz Att=5.6ms | fK=4.4 fCF=5.7 fSC=1453Hz fFlat=0.289 fHF=0.007 🎯 敲擊 #1
[tap][sample]   [01:22:37.026] 持續=1125ms 峰值=10371 ✗長 K=2.7 CF=4.9 SC=1984Hz Att=158.8ms | fK=2.9 fCF=4.9 fSC=1987Hz fFlat=0.506 fHF=0.028
[tap][dim]      [01:22:37.053] 持續=27ms 峰值=554 ✗弱
[recorder][VAD] [01:22:38.103] ✅ Silero 11/209 (30.6%), 0.35s speech
[recorder][flush][01:22:38.104] ✅ 取出 6.7s 音訊段落
[main]          [01:22:38.105] ✂️ 自動分段送出（靜音達1s，累積 6.7s，靜音 1.1s）
[paster]        [01:22:38.342] ⚠️ [UIA] 無 TextPattern
[paster]        [01:22:38.345] 🔮 預取游標位置: at_end=False, last_punct=False (delay=0.22s, est_api=0.64s)
[transcriber]   [01:22:39.280] ⏱️ API 耗時: 1.17s
[main]          [01:22:39.281] ✅ 分段辨識完成: "識別完成的文字還是比較慢出現，比貼上還要慢"
[paster]        [01:22:39.312] 🎯 PASTE: at_end=False, last_punct=False, add_prefix=False (prefetched), prefix='，', final='識別完成的文字還是比較慢出現，比貼上還要慢'
[paster]        [01:22:39.325] ⌨️ TEXT input flow start: target_chars=21，視窗="Analyzing Paste-Transcription Timing Sequence"，hwnd=0x015c200c，process=antigravity.exe，class=Chrome_WidgetWin_1，focus=('Message input', 'max-h-[300px] rounded-md cursor-text overflow-y-auto text-md p-2 outline-none transition-all duration-100 text-sm', '', 'ComboBoxControl')，verify_readable=True，keys_before=async_down=none; logical_down=none，text='識別完成的文字還是比較慢出現，比貼上還要慢'
[paster]        [01:22:39.330] ⌨️ 直接輸入前釋放修飾鍵: released=none，keys_after_release=async_down=none; logical_down=none
[paster]        [01:22:39.364] ⌨️ TEXT input done: ok=True，keys_after_send=async_down=none; logical_down=none
[paster]        [01:22:39.366] ⏱️ 收到→直接輸入完成: 0.08s
[paster]        [01:22:39.368] ⌨️ TEXT input verify: ok=True，reason=sendinput_trusted (hwnd unchanged)
[main]          [01:22:39.369] ✅ overlay 顯示「辨識完成 ✓」(recording, waveform) signal_delay=0.2ms
[tap][sample]   [01:23:14.106] 持續=189ms 峰值=6730 ✗長 K=4.5 CF=6.2 SC=1427Hz Att=141.6ms | fK=5.7 fCF=6.7 fSC=1424Hz fFlat=0.263 fHF=0.008
[tap][dim]      [01:23:14.133] 持續=27ms 峰值=370 ✗弱
[tap][sample]   [01:23:15.007] 持續=828ms 峰值=13697 ✗長 K=0.4 CF=3.4 SC=2147Hz Att=4.1ms | fK=0.5 fCF=3.5 fSC=2152Hz fFlat=0.514 fHF=0.043
[tap][dim]      [01:23:15.519] 持續=36ms 峰值=305 ✗弱
[recorder][VAD] [01:23:16.694] ✅ Silero 11/108 (33.3%), 0.35s speech
[recorder][flush][01:23:16.696] ✅ 取出 3.5s 音訊段落
[main]          [01:23:16.697] ✂️ 自動分段送出（靜音達1s，累積 3.5s，靜音 1.2s）
[paster]        [01:23:16.835] 📏 [UIA] 文字為空 → 不加句號
[paster]        [01:23:16.835] 🔮 預取游標位置: at_end=False, last_punct=False (delay=0.14s, est_api=0.56s)
[transcriber]   [01:23:17.792] ⏱️ API 耗時: 1.10s
[main]          [01:23:17.793] ✅ 分段辨識完成: "你不是有"
[paster]        [01:23:17.824] 🎯 PASTE: at_end=False, last_punct=False, add_prefix=False (prefetched), prefix='，', final='你不是有'
[paster]        [01:23:17.830] ⌨️ TEXT input flow start: target_chars=4，視窗="Analyzing Paste-Transcription Timing Sequence"，hwnd=0x015c200c，process=antigravity.exe，class=Chrome_WidgetWin_1，focus=('Message input', 'max-h-[300px] rounded-md cursor-text overflow-y-auto text-md p-2 outline-none transition-all duration-100 text-sm', '', 'ComboBoxControl')，verify_readable=True，keys_before=async_down=none; logical_down=none，text='你不是有'
[paster]        [01:23:17.831] ⌨️ 直接輸入前釋放修飾鍵: released=none，keys_after_release=async_down=none; logical_down=none
[paster]        [01:23:17.835] ⌨️ TEXT input done: ok=True，keys_after_send=async_down=none; logical_down=none
[paster]        [01:23:17.837] ⏱️ 收到→直接輸入完成: 0.04s
[paster]        [01:23:17.839] ⌨️ TEXT input verify: ok=True，reason=sendinput_trusted (hwnd unchanged)
[main]          [01:23:17.841] ✅ overlay 顯示「辨識完成 ✓」(recording, waveform) signal_delay=0.2ms
[tap][sample]   [01:23:18.247] 持續=154ms 峰值=5507 ✗長 K=2.1 CF=4.0 SC=1658Hz Att=65.8ms | fK=3.1 fCF=4.4 fSC=1657Hz fFlat=0.187 fHF=0.005
[tap][sample]   [01:23:18.723] 持續=414ms 峰值=12276 ✗長 K=2.3 CF=4.2 SC=1142Hz Att=38.8ms | fK=2.7 fCF=4.3 fSC=1143Hz fFlat=0.171 fHF=0.003
[tap][dim]      [01:23:18.759] 持續=36ms 峰值=524 ✗弱
[tap][sample]   [01:23:19.884] 持續=252ms 峰值=3003 ✗長 K=1.2 CF=4.9 SC=4292Hz Att=95.9ms | fK=1.8 fCF=5.2 fSC=4289Hz fFlat=0.682 fHF=0.539
[tap][dim]      [01:23:20.973] 持續=27ms 峰值=366 ✗弱
[tap][sample]   [01:23:21.513] 持續=477ms 峰值=13894 ✗長 K=0.8 CF=3.3 SC=1075Hz Att=66.4ms | fK=1.0 fCF=3.4 fSC=1076Hz fFlat=0.198 fHF=0.003
[tap][dim]      [01:23:21.558] 持續=45ms 峰值=562 ✗弱
[tap][sample]   [01:23:21.828] 持續=270ms 峰值=11021 ✗長 K=0.5 CF=3.3 SC=1389Hz Att=112.2ms | fK=0.8 fCF=3.5 fSC=1392Hz fFlat=0.317 fHF=0.005
[tap][dim]      [01:23:21.873] 持續=45ms 峰值=401 ✗弱
[tap][sample]   [01:23:22.413] 持續=504ms 峰值=10626 ✗長 K=1.6 CF=4.2 SC=2272Hz Att=291.8ms | fK=1.8 fCF=4.3 fSC=2275Hz fFlat=0.504 fHF=0.024
[tap][dim]      [01:23:22.682] 持續=45ms 峰值=439 ✗弱
[tap][sample]   [01:23:24.483] 持續=1800ms 峰值=14020 ✗長 K=2.3 CF=4.7 SC=1742Hz Att=100.2ms | fK=2.3 fCF=4.7 fSC=1643Hz fFlat=0.422 fHF=0.014
[tap][sample]   [01:23:24.888] 持續=378ms 峰值=10273 ✗長 K=2.7 CF=4.5 SC=1928Hz Att=41.6ms | fK=3.1 fCF=4.6 fSC=1928Hz fFlat=0.436 fHF=0.030
[recorder][VAD] [01:23:26.035] ✅ Silero 11/259 (45.8%), 0.35s speech
[recorder][flush][01:23:26.038] ✅ 取出 8.3s 音訊段落
[main]          [01:23:26.040] ✂️ 自動分段送出（靜音達1s，累積 8.3s，靜音 1.2s）
[paster]        [01:23:26.354] ⚠️ [UIA] 無 TextPattern
[paster]        [01:23:26.371] 🔮 預取游標位置: at_end=False, last_punct=False (delay=0.26s, est_api=0.68s)
[transcriber]   [01:23:27.592] ⏱️ API 耗時: 1.55s
[main]          [01:23:27.604] ✅ 分段辨識完成: "一段錄音可以直接送出嗎，為什麼都要叫我測？"
[paster]        [01:23:27.644] 🎯 PASTE: at_end=False, last_punct=False, add_prefix=False (prefetched), prefix='，', final='一段錄音可以直接送出嗎，為什麼都要叫我測？'
[paster]        [01:23:27.715] ⌨️ TEXT input flow start: target_chars=21，視窗="Analyzing Paste-Transcription Timing Sequence"，hwnd=0x015c200c，process=antigravity.exe，class=Chrome_WidgetWin_1，focus=('Message input', 'max-h-[300px] rounded-md cursor-text overflow-y-auto text-md p-2 outline-none transition-all duration-100 text-sm', '', 'ComboBoxControl')，verify_readable=True，keys_before=async_down=none; logical_down=none，text='一段錄音可以直接送出嗎，為什麼都要叫我測？'
[paster]        [01:23:27.724] ⌨️ 直接輸入前釋放修飾鍵: released=none，keys_after_release=async_down=none; logical_down=none
[paster]        [01:23:27.769] ⌨️ TEXT input done: ok=True，keys_after_send=async_down=none; logical_down=none
[paster]        [01:23:27.774] ⏱️ 收到→直接輸入完成: 0.17s
[paster]        [01:23:27.779] ⌨️ TEXT input verify: ok=True，reason=sendinput_trusted (hwnd unchanged)
[main]          [01:23:27.788] ✅ overlay 顯示「辨識完成 ✓」(recording, waveform) signal_delay=2.1ms
[tap]           [01:23:28.501] 💤 敲麥監聽已停止
[recorder]      [01:23:28.571] 💤 預熱 stream 已關閉
