[main] LOG -> F:\Cursor\AI Whisper Next\logs\ai_whisper_20260517_214657.log
[settings] config loaded from F:\Cursor\AI Whisper Next\config.json
[main][21:46:57.179] ✅ 快捷鍵 ctrl+f12（句號）、ctrl+f11（逗號）已註冊
[main][21:46:57.180] ✅ 主快捷鍵 2/2 已註冊 (Win32)
[main][21:46:57.180] ✅ 記憶快捷鍵 5/5 已註冊 (Win32)
[tap]        [21:46:57.193] 🎙️ 敲麥監聽已啟動
[recorder][VAD] 載入 Silero VAD 模型...
Using cache found in C:\Users\Administrator/.cache\torch\hub\snakers4_silero-vad_master
[recorder][VAD] Silero VAD 模型載入完成
[transcriber][21:46:59.181] 🔌 HTTP 連線預熱完成 (1.99s)
[main][21:47:32.510] ⌨️ 主快捷鍵觸發（Win32/句號），keys=async_down=Ctrl,RCtrl; logical_down=Ctrl,RCtrl
[main][21:47:32.510] ⌨️ after(0) 執行延遲 0.4ms
[tap]        [21:47:32.560] 💤 敲麥監聽已停止
[recorder][21:47:32] ⏱️ InputStream() 10.4ms
[recorder][21:47:32] ⏱️ stream.start() 0.3ms
[recorder][21:47:32] 🎙️ 錄音就緒，總初始化 10.7ms
[main][21:47:32.571] ⏱️ recorder.start() 耗時 10.9ms，ok=True
[tap]        [21:47:33.099] 🎙️ 敲麥監聽已啟動
[main][21:47:33.105] 🎙️ 開始錄音
[recorder][21:47:33] 🎤 第一包音訊到達，麥克風實際開啟延遲 744.7ms
[tap][sample][21:47:34.188] 持續=63ms 峰值=2358 ✓ 🎯 敲擊 #1
[tap][sample][21:47:34.413] 持續=27ms 峰值=6409 ✓ 🎯 敲擊 #2
[tap][dim]   [21:47:34.486] 持續=72ms 峰值=474 ✗弱
[tap][sample][21:47:34.638] 持續=63ms 峰值=7761 ✓ 🎯 敲擊 #3
[tap]        [21:47:34.638] 🔔 三連敲觸發（間隔 261ms / 189ms，一致性 0.72） 底噪=143/366 基線=514 CV=? ZCR=0.085 [信心=70 峰=30 靜=25 噪=30 律=5 底=-20(366) ZCR=0(0.085)]
[tap][dim]   [21:47:34.665] 持續=27ms 峰值=334 ✗弱
[recorder][VAD] Silero 語音幀 0/75 (0.0%)，有效語音 0.00s，信心閾值 0.6，最低比例 16%，最低語音 0.35s
[recorder][flush] ❌ VAD 未達有效語音門檻，略過（語音比例不足 0.0% < 16%）
[tap][sample][21:47:35.952] 持續=63ms 峰值=9011 ✓ 🎯 敲擊 #1
[tap][dim]   [21:47:36.016] 持續=36ms 峰值=363 ✗弱
[tap][sample][21:47:36.168] 持續=27ms 峰值=5849 ✓ 🎯 敲擊 #2
[tap][dim]   [21:47:36.214] 持續=45ms 峰值=331 ✗弱
[tap][sample][21:47:36.402] 持續=72ms 峰值=7175 ✓ 🎯 敲擊 #3
[tap]        [21:47:36.402] 🔔 三連敲觸發（間隔 252ms / 190ms，一致性 0.75） 底噪=363/216 基線=644 CV=? ZCR=0.083 [信心=70 峰=30 靜=25 噪=30 律=5 底=-20(363) ZCR=0(0.083)]
[tap][dim]   [21:47:36.429] 持續=27ms 峰值=395 ✗弱
[recorder][VAD] Silero 語音幀 0/57 (0.0%)，有效語音 0.00s，信心閾值 0.6，最低比例 16%，最低語音 0.35s
[recorder][flush] ❌ VAD 未達有效語音門檻，略過（語音比例不足 0.0% < 16%）
[tap][dim]   [21:47:38.409] 持續=27ms 峰值=318 ✗弱
[tap][sample][21:47:38.535] 持續=54ms 峰值=1639 ✓ 🎯 敲擊 #1
[tap][dim]   [21:47:38.571] 持續=36ms 峰值=493 ✗弱
[tap][sample][21:47:38.643] 持續=72ms 峰值=2738 ✓ ⏱️ 防抖略過（距上次 90ms < 180ms）
[tap][sample][21:47:38.895] 持續=63ms 峰值=9620 ✓ 🎯 敲擊 #2
[tap][sample][21:47:39.048] 持續=27ms 峰值=1315 ✓ 🎯 敲擊 #3
[tap]        [21:47:39.048] 🚫 三連敲被過濾（節奏+信心不足，信心=54/58） 底噪=47/289 基線=365 ZCR=0.122 [峰=30 靜=12 噪=30 律=0 底=-10(289) ZCR=-8(0.122)]
[tap][dim]   [21:47:39.094] 持續=45ms 峰值=480 ✗弱
[tap][sample][21:47:39.283] 持續=72ms 峰值=2548 ✓ 🎯 敲擊 #1
[tap][dim]   [21:47:39.373] 持續=27ms 峰值=319 ✗弱
[recorder][VAD] Silero 語音幀 0/88 (0.0%)，有效語音 0.00s，信心閾值 0.6，最低比例 16%，最低語音 0.35s
[recorder][flush] ❌ VAD 未達有效語音門檻，略過（語音比例不足 0.0% < 16%）
[tap]         ⏱️ 間隔過長重置（1215ms）
[tap][sample][21:47:40.489] 持續=63ms 峰值=8550 ✓ 🎯 敲擊 #1
[tap][dim]   [21:47:40.562] 持續=28ms 峰值=429 ✗弱
[tap][sample][21:47:40.723] 持續=72ms 峰值=5533 ✓ 🎯 敲擊 #2
[tap][dim]   [21:47:40.750] 持續=27ms 峰值=381 ✗弱
[tap][dim]   [21:47:40.891] 持續=42ms 峰值=318 ✗弱
[tap][sample][21:47:40.966] 持續=75ms 峰值=8409 ✓ 🎯 敲擊 #3
[tap]        [21:47:40.966] 🔔 三連敲觸發（間隔 225ms / 240ms，一致性 0.94） 底噪=429/318 基線=607 CV=? ZCR=0.093 [信心=80 峰=30 靜=25 噪=30 律=15 底=-20(429) ZCR=0(0.093)]
[tap][dim]   [21:47:41.341] 持續=52ms 峰值=329 ✗弱
[tap][sample][21:47:42.001] 持續=72ms 峰值=6398 ✓ 🎯 敲擊 #1
[tap][dim]   [21:47:42.037] 持續=36ms 峰值=361 ✗弱
[tap][sample][21:47:42.226] 持續=63ms 峰值=4764 ✓ 🎯 敲擊 #2
[tap][dim]   [21:47:42.253] 持續=27ms 峰值=356 ✗弱
[tap][sample][21:47:42.406] 持續=54ms 峰值=7497 ✓ 🎯 敲擊 #3
[tap]        [21:47:42.406] 🔔 三連敲觸發（間隔 234ms / 189ms，一致性 0.81） 底噪=25/24 基線=938 CV=? ZCR=0.088 [信心=95 峰=30 靜=25 噪=30 律=10 底=0(25) ZCR=0(0.088)]
[tap][sample][21:47:42.487] 持續=36ms 峰值=942 ✓ 🎯 敲擊 #1
[tap]         ⏱️ 間隔過長重置（1152ms）
[tap][sample][21:47:43.666] 持續=63ms 峰值=8091 ✓ 🎯 敲擊 #1
[tap][dim]   [21:47:43.693] 持續=28ms 峰值=468 ✗弱
[tap][sample][21:47:43.846] 持續=27ms 峰值=2637 ✓ 🎯 敲擊 #2
[tap][dim]   [21:47:43.891] 持續=45ms 峰值=305 ✗弱
[tap][sample][21:47:44.081] 持續=63ms 峰值=2918 ✓ 🎯 敲擊 #3
[tap]        [21:47:44.081] 🔔 三連敲觸發（間隔 216ms / 198ms，一致性 0.92） 底噪=59/170 基線=662 CV=? ZCR=0.073 [信心=90 峰=30 靜=25 噪=30 律=15 底=-10(170) ZCR=0(0.073)]
[tap][dim]   [21:47:44.143] 持續=26ms 峰值=468 ✗弱
[recorder][VAD] Silero 語音幀 0/151 (0.0%)，有效語音 0.00s，信心閾值 0.6，最低比例 16%，最低語音 0.35s
[recorder][flush] ❌ VAD 未達有效語音門檻，略過（語音比例不足 0.0% < 16%）
[tap][sample][21:47:45.907] 持續=63ms 峰值=6942 ✓ 🎯 敲擊 #1
[tap][dim]   [21:47:45.969] 持續=36ms 峰值=415 ✗弱
[tap][sample][21:47:46.131] 持續=72ms 峰值=2367 ✓ 🎯 敲擊 #2
[tap][dim]   [21:47:46.248] 持續=63ms 峰值=463 ✗弱
[tap][sample][21:47:46.356] 持續=63ms 峰值=7079 ✓ 🎯 敲擊 #3
[tap]        [21:47:46.356] 🔔 三連敲觸發（間隔 216ms / 234ms，一致性 0.93） 底噪=415/463 基線=411 CV=? ZCR=0.100 [信心=80 峰=30 靜=25 噪=30 律=15 底=-20(463) ZCR=0(0.1)]
[tap][dim]   [21:47:46.384] 持續=27ms 峰值=586 ✗弱
[recorder][VAD] Silero 語音幀 0/69 (0.0%)，有效語音 0.00s，信心閾值 0.6，最低比例 16%，最低語音 0.35s
[recorder][flush] ❌ VAD 未達有效語音門檻，略過（語音比例不足 0.0% < 16%）
[recorder][VAD] Silero 語音幀 0/38 (0.0%)，有效語音 0.00s，信心閾值 0.6，最低比例 16%，最低語音 0.35s
[recorder][flush] ❌ VAD 未達有效語音門檻，略過（語音比例不足 0.0% < 16%）
[tap][sample][21:47:48.912] 持續=27ms 峰值=4004 ✓ 🎯 敲擊 #1
[tap][sample][21:47:49.101] 持續=36ms 峰值=2630 ✓ ⏱️ 防抖略過（距上次 180ms < 180ms）
[tap][dim]   [21:47:49.174] 持續=72ms 峰值=493 ✗弱
[tap][sample][21:47:49.337] 持續=72ms 峰值=7219 ✓ 🎯 敲擊 #2
[tap][dim]   [21:47:49.364] 持續=27ms 峰值=370 ✗弱
[recorder][VAD] Silero 語音幀 0/51 (0.0%)，有效語音 0.00s，信心閾值 0.6，最低比例 16%，最低語音 0.35s
[recorder][flush] ❌ VAD 未達有效語音門檻，略過（語音比例不足 0.0% < 16%）
[main][21:47:50.895] ⌨️ 主快捷鍵觸發（Win32/句號），keys=async_down=Ctrl,RCtrl; logical_down=Ctrl,RCtrl
[main][21:47:50.897] ⌨️ after(0) 執行延遲 1.4ms[main][21:47:50.899] ⏳ 預熱 idle 計時器啟動，10 分鐘後關閉麥克風

[recorder][stop] 錄音太短 (0.52s)，略過
[tap]        [21:48:23.330] 💤 敲麥監聽已停止
[recorder][21:48:23] 💤 預熱 stream 已關閉
[0m