[main] LOG -> F:\Cursor\AI Whisper Next\logs\ai_whisper_20260607_034322_P8-32.current.log
[settings] config loaded from F:\Cursor\AI Whisper Next\config.json
[main][03:43:22.329] ✅ 快捷鍵 ctrl+f11（句號）、ctrl+f12（逗號）已註冊
[main][03:43:22.330] ✅ 主快捷鍵 2/2 已註冊 (Win32)
[main][03:43:22.330] ✅ 記憶快捷鍵 5/5 已註冊 (Win32)
[tap]        [03:43:22.347] 🎙️ 敲麥監聽已啟動
[main][03:43:22.348] 🔧 DIAG 關閉元件: (none)
[debug][03:43:22.358] 🔍 Debug server listening on 127.0.0.1:47643
[recorder][VAD] 載入 Silero VAD 模型 (ONNX): F:\Cursor\AI Whisper Next\assets\silero_vad.onnx
[recorder][VAD] Silero VAD 模型載入完成 (ONNX)
[transcriber][03:43:24.328] 🔌 HTTP 連線預熱完成 (1.98s)
[test] ========================================
[test] Paste Test START
[paster][03:43:30] 📋 CLIP backup: count=4, formats=13:54B, 16:4B, 1:27B, 7:27B, text='AI_WHISPER_TEST_1780'
[paster][03:43:30] 📋 CLIP set attempt 1/4: chars=26, bytes=54, preview='AI_WHISPER_TEST_1780775010'
[paster][03:43:30] 📋 CLIP verify ok: attempt=1, chars=26, text='AI_WHISPER_TEST_1780'
[paster][03:43:30] 📋 CLIP backup: count=4, formats=13:54B, 16:4B, 1:27B, 7:27B, text='AI_WHISPER_TEST_1780'
[paster][03:43:30] 📋 CLIP set attempt 1/4: chars=16, bytes=34, preview='__RESTORE_TEST__'
[paster][03:43:31] 📋 CLIP verify ok: attempt=1, chars=16, text='__RESTORE_TEST__'
[paster][03:43:31] 📋 CLIP restore attempt 1/4: text='AI_WHISPER_TEST_1780'
[paster][03:43:31] 📋 CLIP restore: restored=4/4, formats=13:54B, 16:4B, 1:27B, 7:27B, text='AI_WHISPER_TEST_1780'
[paster][03:43:31] 📋 CLIP restore verify ok: attempt=1, text='AI_WHISPER_TEST_1780'
[paster][03:43:31] 📏 [UIA] 文字為空 → 不加句號
[paster][03:43:31] 🎯 PASTE: at_end=False, last_punct=False, add_prefix=False, prefix='', uia=77ms, final='TEST_PASTE'
[paster][03:43:31] ⌨️ TEXT input skipped: process=python.exe，class=Qt6111QWindowIcon，focus=('AI Whisper', 'MainWindow', 'QApplication.MainWindow', 'WindowControl')，preserve_ctrl=False
[paster][03:43:31] 📋 CLIP flow start: target_chars=10, restore_delay=0.30s
[paster][03:43:31] 📋 CLIP backup: count=4, formats=13:54B, 16:4B, 1:27B, 7:27B, text='AI_WHISPER_TEST_1780'
[paster][03:43:31] 📋 CLIP set attempt 1/4: chars=10, bytes=22, preview='TEST_PASTE'
[paster][03:43:31] 📋 CLIP verify ok: attempt=1, chars=10, text='TEST_PASTE'
[paster][03:43:31] ⌨️ Ctrl+V 準備送出，cb_ok=True，視窗="AI Whisper"，hwnd=0x04390ae6，process=python.exe，class=Qt6111QWindowIcon，keys_before=async_down=none; logical_down=none，text='TEST_PASTE'
[paster][03:43:31] ⌨️ 貼上前釋放修飾鍵: released=none，restore_later=none，preserve_ctrl=False，keys_after_release=async_down=none; logical_down=none
[paster][03:43:31] ⌨️ Ctrl+V 已送出，keys_after_send=async_down=none; logical_down=none
[paster][03:43:31] 🚫 CLIP guard armed: manual Ctrl+V suppressed
[paster][03:43:31] 📋 CLIP restore wait: 0.30s
[paster][03:43:31] 📋 CLIP restore attempt 1/4: text='AI_WHISPER_TEST_1780'
[paster][03:43:31] 📋 CLIP restore: restored=4/4, formats=13:54B, 16:4B, 1:27B, 7:27B, text='AI_WHISPER_TEST_1780'
[paster][03:43:31] 📋 CLIP restore verify ok: attempt=1, text='AI_WHISPER_TEST_1780'
[paster][03:43:31] 🚫 CLIP guard disarmed: blocked=0
[paster][03:43:34] 📋 CLIP watchdog done: checks=11, repairs=0, ok=True, final='AI_WHISPER_TEST_1780'
[paster][03:43:34] 📋 剪貼簿已還原驗證（4 種格式，restore_ok=True, watch_ok=True）
[test] Result: 10/10 passed
[test] Paste Test END ALL PASSED
[test] ========================================
[main][03:45:25.051] ⌨️ 主快捷鍵觸發（Win32/逗號），keys=async_down=Ctrl,RCtrl; logical_down=Ctrl,RCtrl
[main][03:45:25.052] ⌨️ after(0) 執行延遲 1.1ms
[tap]        [03:45:25.114] 💤 敲麥監聽已停止
[recorder][03:45:25] ⏱️ InputStream() 21.2ms
[recorder][03:45:25] ⏱️ stream.start() 0.4ms
[recorder][03:45:25] 🎙️ 錄音就緒，總初始化 21.6ms
[main][03:45:25.138] ⏱️ recorder.start() 耗時 22.2ms，ok=True
[tap]        [03:45:25.682] 🎙️ 敲麥監聽已啟動
[main][03:45:25.693] 🎙️ 開始錄音
[recorder][03:45:25] 🎤 第一包音訊到達，麥克風實際開啟延遲 754.2ms
[recorder][VAD] Silero 語音幀 0/32 (0.0%)，有效語音 0.00s，信心閾值 0.6，最低比例 16%，最低語音 0.35s
[recorder][flush] ❌ VAD 未達有效語音門檻，略過（語音比例不足 0.0% < 16%）
[tap][sample][03:45:27.232] 持續=216ms 峰值=5187 ✗長 K=2.3 CF=4.3 SC=1781Hz Att=51.0ms | fK=3.1 fCF=4.6 fSC=1789Hz fFlat=0.343 fHF=0.028
[tap][sample][03:45:27.773] 持續=486ms 峰值=11515 ✗長 K=1.0 CF=3.8 SC=1197Hz Att=4.6ms | fK=1.3 fCF=3.9 fSC=1195Hz fFlat=0.280 fHF=0.005
[tap][sample][03:45:28.097] 持續=225ms 峰值=11514 ✗長 K=6.0 CF=5.5 SC=1889Hz Att=4.4ms | fK=7.3 fCF=5.8 fSC=1888Hz fFlat=0.442 fHF=0.028
[tap][dim]   [03:45:28.160] 持續=63ms 峰值=469 ✗弱
[tap][sample][03:45:29.177] 持續=244ms 峰值=8551 ✗長 K=3.9 CF=5.3 SC=3186Hz Att=188.7ms | fK=4.8 fCF=5.6 fSC=3187Hz fFlat=0.608 fHF=0.208
[tap][sample][03:45:29.410] 持續=198ms 峰值=11418 ✓ K=1.2 CF=3.6 SC=1151Hz Att=29.6ms | fK=1.8 fCF=3.9 fSC=1151Hz fFlat=0.203 fHF=0.002 🎯 敲擊 #1
[tap][sample][03:45:29.690] 持續=244ms 峰值=6022 ✗長 K=2.6 CF=5.9 SC=3698Hz Att=0.1ms | fK=3.3 fCF=6.2 fSC=3702Hz fFlat=0.586 fHF=0.309
[tap][sample][03:45:30.077] 持續=342ms 峰值=7581 ✗長 K=4.1 CF=4.9 SC=1201Hz Att=29.8ms | fK=4.7 fCF=5.1 fSC=1201Hz fFlat=0.200 fHF=0.005
[tap][sample][03:45:30.616] 持續=369ms 峰值=11410 ✗長 K=3.5 CF=4.2 SC=1678Hz Att=112.2ms | fK=4.0 fCF=4.4 fSC=1677Hz fFlat=0.380 fHF=0.014
[tap][dim]   [03:45:30.652] 持續=36ms 峰值=471 ✗弱
[tap][sample][03:45:31.013] 持續=225ms 峰值=7069 ✗長 K=1.9 CF=4.5 SC=1421Hz Att=112.0ms | fK=2.6 fCF=4.8 fSC=1417Hz fFlat=0.255 fHF=0.005
[tap][sample][03:45:31.337] 持續=270ms 峰值=8716 ✗長 K=2.2 CF=4.9 SC=1328Hz Att=0.1ms | fK=2.9 fCF=5.1 fSC=1327Hz fFlat=0.331 fHF=0.006
[tap][dim]   [03:45:31.363] 持續=27ms 峰值=431 ✗弱
[tap][dim]   [03:45:31.742] 持續=27ms 峰值=555 ✗弱
[tap][sample][03:45:32.057] 持續=315ms 峰值=4706 ✗長 K=1.6 CF=5.1 SC=2246Hz Att=266.4ms | fK=2.1 fCF=5.3 fSC=2246Hz fFlat=0.511 fHF=0.040
[tap][dim]   [03:45:32.092] 持續=35ms 峰值=539 ✗弱
[tap][sample][03:45:32.416] 持續=324ms 峰值=7593 ✗長 K=3.3 CF=6.1 SC=1304Hz Att=61.5ms | fK=3.9 fCF=6.4 fSC=1305Hz fFlat=0.309 fHF=0.004
[tap][sample][03:45:33.127] 持續=557ms 峰值=11037 ✗長 K=3.6 CF=5.8 SC=1827Hz Att=248.3ms | fK=4.0 fCF=6.0 fSC=1828Hz fFlat=0.434 fHF=0.021
[tap][dim]   [03:45:33.217] 持續=90ms 峰值=553 ✗弱
[tap][dim]   [03:45:33.346] 持續=27ms 峰值=593 ✗弱
[tap][sample][03:45:33.532] 持續=188ms 峰值=2080 ✗長 K=5.1 CF=8.6 SC=1895Hz Att=29.0ms | fK=6.5 fCF=9.3 fSC=1897Hz fFlat=0.371 fHF=0.015
[tap][dim]   [03:45:33.604] 持續=27ms 峰值=529 ✗弱
[tap][sample][03:45:33.793] 持續=189ms 峰值=3778 ✗長 K=5.7 CF=7.5 SC=2359Hz Att=72.8ms | fK=7.1 fCF=8.1 fSC=2356Hz fFlat=0.529 fHF=0.035
[tap][dim]   [03:45:33.857] 持續=64ms 峰值=382 ✗弱
[tap][sample][03:45:34.459] 持續=27ms 峰值=665 ✓ K=33.5 CF=9.0 SC=2653Hz Att=0.1ms | fK=69.9 fCF=12.7 fSC=2651Hz fFlat=0.404 fHF=0.040 🎯 敲擊 #1
[recorder][VAD] Silero 語音幀 11/273 (57.9%)，有效語音 0.35s，信心閾值 0.6，最低比例 16%，最低語音 0.35s
[recorder][flush] ✅ 取出 8.7s 音訊段落
[main][03:45:35.651] ✂️ 自動分段送出（靜音達1s，累積 8.7s，靜音 1.2s）
[paster][03:45:36] 📏 [UIA] 文字為空 → 不加句號
[paster][03:45:36] 🔮 預取游標位置: at_end=False, last_punct=False (delay=0.67s, est_api=1.12s)
[transcriber][03:45:36.708] ⏱️ API 耗時: 1.06s
[main][03:45:36.709] ✅ 分段辨識完成: "你幫我把值不值得做也都寫到計畫裡面"
[paster][03:45:37] 🎯 PASTE: at_end=False, last_punct=False, add_prefix=False (prefetched), prefix='，', final='你幫我把值不值得做也都寫到計畫裡面'
[tap][sample][03:45:37.330] 持續=1323ms 峰值=11167 ✗長 K=0.7 CF=3.8 SC=1838Hz Att=7.7ms | fK=0.9 fCF=3.9 fSC=1842Hz fFlat=0.436 fHF=0.017
[paster][03:45:37] ⌨️ TEXT input flow start: target_chars=17，視窗="Optimizing AI Whisper Performance"，hwnd=0x002720fe，process=antigravity.exe，class=Chrome_WidgetWin_1，focus=('Message input', 'max-h-[300px] rounded-md cursor-text overflow-y-auto text-md p-2 outline-none transition-all duration-100 text-sm', '', 'ComboBoxControl')，verify_readable=True，keys_before=async_down=none; logical_down=none，text='你幫我把值不值得做也都寫到計畫裡面'
[paster][03:45:37] ⌨️ 直接輸入前釋放修飾鍵: released=none，keys_after_release=async_down=none; logical_down=none
[paster][03:45:37] ⌨️ TEXT input done: ok=True，keys_after_send=async_down=none; logical_down=none
[paster][03:45:37] ⏱️ 收到→直接輸入完成: 0.66s
[paster][03:45:37] ⌨️ TEXT input verify: ok=True，reason=changed
[tap][sample][03:45:38.122] 持續=117ms 峰值=7360 ✗長 K=4.1 CF=4.7 SC=1062Hz Att=6.1ms | fK=5.9 fCF=5.3 fSC=1058Hz fFlat=0.170 fHF=0.002
[tap][sample][03:45:38.600] 持續=432ms 峰值=10043 ✗長 K=3.0 CF=5.5 SC=1382Hz Att=2.6ms | fK=3.5 fCF=5.7 fSC=1386Hz fFlat=0.274 fHF=0.005
[tap][dim]   [03:45:38.707] 持續=108ms 峰值=592 ✗弱
[tap][sample][03:45:38.923] 持續=216ms 峰值=10286 ✗長 K=2.0 CF=4.0 SC=1094Hz Att=76.4ms | fK=2.7 fCF=4.3 fSC=1094Hz fFlat=0.216 fHF=0.001
[tap][sample][03:45:39.221] 持續=226ms 峰值=6641 ✗長 K=4.4 CF=5.6 SC=1370Hz Att=39.5ms | fK=5.4 fCF=5.9 fSC=1370Hz fFlat=0.318 fHF=0.006
[tap][dim]   [03:45:39.247] 持續=26ms 峰值=387 ✗弱
[tap][dim]   [03:45:39.446] 持續=46ms 峰值=554 ✗弱
[tap][sample][03:45:39.796] 持續=261ms 峰值=9000 ✗長 K=1.5 CF=4.6 SC=1409Hz Att=0.2ms | fK=2.1 fCF=4.9 fSC=1418Hz fFlat=0.324 fHF=0.004
[tap][dim]   [03:45:39.823] 持續=27ms 峰值=565 ✗弱
[tap][sample][03:45:40.246] 持續=423ms 峰值=10315 ✗長 K=1.3 CF=4.0 SC=1969Hz Att=234.3ms | fK=1.7 fCF=4.1 fSC=1973Hz fFlat=0.435 fHF=0.028
[tap][sample][03:45:40.786] 持續=486ms 峰值=10087 ✗長 K=1.6 CF=4.7 SC=1251Hz Att=22.6ms | fK=1.9 fCF=4.8 fSC=1253Hz fFlat=0.241 fHF=0.003
[tap][sample][03:45:41.047] 持續=234ms 峰值=7975 ✗長 K=4.9 CF=6.0 SC=1501Hz Att=0.8ms | fK=6.0 fCF=6.4 fSC=1501Hz fFlat=0.310 fHF=0.010
[tap][sample][03:45:41.524] 持續=449ms 峰值=7224 ✗長 K=2.8 CF=5.3 SC=2383Hz Att=30.5ms | fK=3.2 fCF=5.5 fSC=2389Hz fFlat=0.556 fHF=0.048
[tap][dim]   [03:45:41.561] 持續=36ms 峰值=347 ✗弱
[tap][sample][03:45:41.929] 持續=126ms 峰值=10612 ✓ K=3.3 CF=4.3 SC=1535Hz Att=57.9ms | fK=4.8 fCF=4.8 fSC=1544Hz fFlat=0.327 fHF=0.008 🎯 敲擊 #1
[tap][dim]   [03:45:41.965] 持續=36ms 峰值=451 ✗弱
[tap][sample][03:45:42.415] 持續=450ms 峰值=8307 ✗長 K=6.2 CF=6.9 SC=2088Hz Att=56.9ms | fK=6.9 fCF=7.1 fSC=2079Hz fFlat=0.495 fHF=0.035
[tap][sample][03:45:42.919] 持續=477ms 峰值=6348 ✗長 K=1.2 CF=5.4 SC=2153Hz Att=0.2ms | fK=1.5 fCF=5.6 fSC=2156Hz fFlat=0.493 fHF=0.027
[tap][dim]   [03:45:42.964] 持續=46ms 峰值=394 ✗弱
[tap][sample][03:45:43.181] 持續=216ms 峰值=4176 ✗長 K=1.5 CF=4.7 SC=3301Hz Att=21.2ms | fK=2.0 fCF=5.0 fSC=3302Hz fFlat=0.585 fHF=0.113
[tap][dim]   [03:45:43.216] 持續=36ms 峰值=576 ✗弱
[tap][sample][03:45:43.478] 持續=261ms 峰值=7071 ✗長 K=2.3 CF=4.6 SC=1899Hz Att=153.8ms | fK=2.9 fCF=4.9 fSC=1895Hz fFlat=0.428 fHF=0.011
[recorder][VAD] Silero 語音幀 11/242 (35.5%)，有效語音 0.35s，信心閾值 0.6，最低比例 16%，最低語音 0.35s
[recorder][flush] ✅ 取出 7.7s 音訊段落
[main][03:45:44.595] ✂️ 自動分段送出（靜音達1s，累積 7.7s，靜音 1.2s）
[paster][03:45:45] ⚠️ [UIA] 無 TextPattern
[paster][03:45:45] 🔮 預取游標位置: at_end=False, last_punct=False (delay=0.57s, est_api=1.02s)
[tap][sample][03:45:45.205] 持續=288ms 峰值=6592 ✗長 K=2.4 CF=4.6 SC=980Hz Att=88.7ms | fK=3.0 fCF=4.8 fSC=985Hz fFlat=0.179 fHF=0.001
[transcriber][03:45:46.269] ⏱️ API 耗時: 1.67s
[main][03:45:46.270] ✅ 分段辨識完成: "比如說，改了之後代碼會更乾淨，這種也可以寫進去"
[paster][03:45:46] 🎯 PASTE: at_end=False, last_punct=False, add_prefix=False (prefetched), prefix='，', final='比如說，改了之後代碼會更乾淨，這種也可以寫進去'
[paster][03:45:46] ⌨️ TEXT input flow start: target_chars=23，視窗="Optimizing AI Whisper Performance"，hwnd=0x002720fe，process=antigravity.exe，class=Chrome_WidgetWin_1，focus=('Message input', 'max-h-[300px] rounded-md cursor-text overflow-y-auto text-md p-2 outline-none transition-all duration-100 text-sm', '', 'ComboBoxControl')，verify_readable=True，keys_before=async_down=none; logical_down=none，text='比如說，改了之後代碼會更乾淨，這種也可以寫進去'
[paster][03:45:46] ⌨️ 直接輸入前釋放修飾鍵: released=none，keys_after_release=async_down=none; logical_down=none
[paster][03:45:46] ⌨️ TEXT input done: ok=True，keys_after_send=async_down=none; logical_down=none
[paster][03:45:46] ⏱️ 收到→直接輸入完成: 0.06s
[tap][sample][03:45:46.387] 持續=903ms 峰值=13558 ✗長 K=1.6 CF=3.8 SC=1949Hz Att=336.2ms | fK=1.8 fCF=3.8 fSC=1947Hz fFlat=0.438 fHF=0.023
[paster][03:45:46] ⌨️ TEXT input verify: ok=True，reason=changed
[tap][sample][03:45:46.645] 持續=44ms 峰值=841 ✓ K=21.9 CF=7.6 SC=1304Hz Att=0.2ms | fK=20.1 fCF=8.8 fSC=2261Hz fFlat=0.519 fHF=0.050 🎯 敲擊 #1
[tap][dim]   [03:45:46.673] 持續=28ms 峰值=579 ✗弱
[tap][sample][03:45:47.825] 持續=1152ms 峰值=8130 ✗長 K=2.0 CF=5.7 SC=2947Hz Att=190.8ms | fK=2.1 fCF=5.8 fSC=2946Hz fFlat=0.603 fHF=0.136
[tap][dim]   [03:45:47.861] 持續=36ms 峰值=476 ✗弱
[tap][sample][03:45:48.338] 持續=450ms 峰值=6054 ✗長 K=2.1 CF=6.0 SC=2227Hz Att=0.1ms | fK=2.4 fCF=6.2 fSC=2216Hz fFlat=0.512 fHF=0.036
[tap][dim]   [03:45:48.365] 持續=27ms 峰值=540 ✗弱
[tap][sample][03:45:48.886] 持續=522ms 峰值=8456 ✗長 K=4.7 CF=7.1 SC=2492Hz Att=278.0ms | fK=5.2 fCF=7.4 fSC=2492Hz fFlat=0.523 fHF=0.042
[recorder][VAD] Silero 語音幀 11/171 (34.4%)，有效語音 0.35s，信心閾值 0.6，最低比例 16%，最低語音 0.35s
[recorder][flush] ✅ 取出 5.5s 音訊段落
[main][03:45:50.079] ✂️ 自動分段送出（靜音達1s，累積 5.5s，靜音 1.2s）
[paster][03:45:50] ⚠️ [UIA] 無 TextPattern
[paster][03:45:50] 🔮 預取游標位置: at_end=False, last_punct=False (delay=0.35s, est_api=0.80s)
[recorder][VAD] Silero 語音幀 0/32 (0.0%)，有效語音 0.00s，信心閾值 0.6，最低比例 16%，最低語音 0.35s
[recorder][flush] ❌ VAD 未達有效語音門檻，略過（語音比例不足 0.0% < 16%）
[transcriber][03:45:51.203] ⏱️ API 耗時: 1.12s
[main][03:45:51.204] ✅ 分段辨識完成: "值得做是什麼原因也可以寫進去"
[paster][03:45:51] 🎯 PASTE: at_end=False, last_punct=False, add_prefix=False (prefetched), prefix='，', final='值得做是什麼原因也可以寫進去'
[paster][03:45:51] ⌨️ TEXT input flow start: target_chars=14，視窗="Optimizing AI Whisper Performance"，hwnd=0x002720fe，process=antigravity.exe，class=Chrome_WidgetWin_1，focus=('Message input', 'max-h-[300px] rounded-md cursor-text overflow-y-auto text-md p-2 outline-none transition-all duration-100 text-sm', '', 'ComboBoxControl')，verify_readable=True，keys_before=async_down=none; logical_down=none，text='值得做是什麼原因也可以寫進去'
[paster][03:45:51] ⌨️ 直接輸入前釋放修飾鍵: released=none，keys_after_release=async_down=none; logical_down=none
[paster][03:45:51] ⌨️ TEXT input done: ok=True，keys_after_send=async_down=none; logical_down=none
[paster][03:45:51] ⏱️ 收到→直接輸入完成: 0.06s
[paster][03:45:51] ⌨️ TEXT input verify: ok=True，reason=changed
[main][03:45:51.675] ⌨️ 主快捷鍵觸發（Win32/逗號），keys=async_down=Ctrl,RCtrl; logical_down=Ctrl,RCtrl
[main][03:45:51.680] ⌨️ after(0) 執行延遲 5.4ms[main][03:45:51.682] ⏳ 預熱 idle 計時器啟動，10 分鐘後關閉麥克風

[recorder][stop] 錄音太短 (0.58s)，略過
[main][03:48:51.492] ⌨️ 主快捷鍵觸發（Win32/逗號），keys=async_down=Ctrl,RCtrl; logical_down=Ctrl,RCtrl
[main][03:48:51.493] ⌨️ after(0) 執行延遲 1.1ms
[tap]        [03:48:51.531] 💤 敲麥監聽已停止
[recorder][03:48:51] 🚀 預熱命中，直接開始錄音
[main][03:48:51.532] ⏱️ recorder.start() 耗時 0.5ms，ok=True
[tap]        [03:48:51.535] 🎙️ 敲麥監聽已啟動
[main][03:48:51.541] 🎙️ 開始錄音
[tap][sample][03:48:52.459] 持續=189ms 峰值=14331 ✓ K=1.5 CF=3.5 SC=905Hz Att=70.4ms | fK=2.2 fCF=3.7 fSC=901Hz fFlat=0.148 fHF=0.001 🎯 敲擊 #1
[tap][dim]   [03:48:52.495] 持續=36ms 峰值=483 ✗弱
[tap][sample][03:48:52.945] 持續=450ms 峰值=12059 ✗長 K=1.4 CF=3.9 SC=914Hz Att=7.6ms | fK=1.8 fCF=4.0 fSC=915Hz fFlat=0.173 fHF=0.002
[tap][sample][03:48:53.764] 持續=729ms 峰值=11729 ✗長 K=2.8 CF=5.1 SC=1653Hz Att=9.8ms | fK=3.1 fCF=5.2 fSC=1651Hz fFlat=0.413 fHF=0.013
[tap][dim]   [03:48:53.809] 持續=45ms 峰值=340 ✗弱
[tap][sample][03:48:54.187] 持續=378ms 峰值=10609 ✗長 K=1.1 CF=3.6 SC=1288Hz Att=66.1ms | fK=1.5 fCF=3.7 fSC=1280Hz fFlat=0.317 fHF=0.003
[tap][sample][03:48:54.727] 持續=477ms 峰值=8658 ✗長 K=1.0 CF=3.7 SC=2425Hz Att=2.9ms | fK=1.3 fCF=3.8 fSC=2422Hz fFlat=0.520 fHF=0.053
[tap][sample][03:48:55.627] 持續=855ms 峰值=8623 ✗長 K=3.1 CF=5.4 SC=1331Hz Att=507.8ms | fK=3.3 fCF=5.5 fSC=1328Hz fFlat=0.305 fHF=0.005
[tap][dim]   [03:48:55.654] 持續=27ms 峰值=303 ✗弱
[tap][sample][03:48:55.915] 持續=261ms 峰值=9484 ✗長 K=4.4 CF=5.5 SC=1130Hz Att=2.4ms | fK=5.4 fCF=5.9 fSC=1127Hz fFlat=0.206 fHF=0.002
[tap][sample][03:48:56.141] 持續=189ms 峰值=5408 ✗長 K=2.7 CF=5.4 SC=1463Hz Att=0.1ms | fK=3.6 fCF=5.8 fSC=1464Hz fFlat=0.274 fHF=0.007
[tap][sample][03:48:57.203] 持續=1035ms 峰值=6669 ✗長 K=4.6 CF=6.5 SC=1751Hz Att=518.2ms | fK=4.8 fCF=6.6 fSC=1752Hz fFlat=0.426 fHF=0.014
[tap][sample][03:48:57.679] 持續=324ms 峰值=6071 ✗長 K=16.3 CF=10.2 SC=1400Hz Att=237.5ms | fK=18.2 fCF=10.7 fSC=1398Hz fFlat=0.311 fHF=0.004
[tap][sample][03:48:57.805] 持續=90ms 峰值=7489 ✓ K=8.2 CF=6.0 SC=1253Hz Att=1.9ms | fK=11.9 fCF=7.0 fSC=1260Hz fFlat=0.319 fHF=0.004 🎯 敲擊 #1
[tap][dim]   [03:48:57.841] 持續=36ms 峰值=344 ✗弱
[tap][sample][03:48:58.256] 持續=414ms 峰值=3228 ✗長 K=3.5 CF=7.9 SC=2410Hz Att=368.9ms | fK=4.0 fCF=8.2 fSC=2407Hz fFlat=0.550 fHF=0.062
[tap][dim]   [03:48:58.318] 持續=27ms 峰值=599 ✗弱
[tap][sample][03:48:58.507] 持續=189ms 峰值=3045 ✗長 K=4.3 CF=5.7 SC=3744Hz Att=0.5ms | fK=5.4 fCF=6.2 fSC=3740Hz fFlat=0.624 fHF=0.290
[tap][sample][03:48:58.831] 持續=297ms 峰值=4547 ✗長 K=3.3 CF=6.6 SC=2465Hz Att=23.4ms | fK=4.0 fCF=6.9 fSC=2464Hz fFlat=0.597 fHF=0.055[main][03:48:58.833] ⌨️ 主快捷鍵觸發（Win32/逗號），keys=async_down=Ctrl,RCtrl; logical_down=Ctrl,RCtrl

[main][03:48:58.840] ⌨️ after(0) 執行延遲 6.2ms[main][03:48:58.844] ⏳ 預熱 idle 計時器啟動，10 分鐘後關閉麥克風

[recorder][VAD] Silero 語音幀 11/228 (31.4%)，有效語音 0.35s，信心閾值 0.6，最低比例 16%，最低語音 0.35s
[main][03:48:58.853] ✅ 錄音完成，送出辨識
[paster][03:48:59] 📏 [UIA] 文字為空 → 不加句號
[paster][03:48:59] 🔮 預取游標位置: at_end=False, last_punct=False (delay=0.53s, est_api=0.98s)
[transcriber][03:48:59.944] ⏱️ API 耗時: 1.09s
[main][03:48:59.944] ✅ 辨識完成: "如果不太值得做，但是可以讓代碼變得更乾淨的話，你把他寫進去"
[paster][03:48:59] 🎯 PASTE: at_end=False, last_punct=False, add_prefix=False (prefetched), prefix='，', final='如果不太值得做，但是可以讓代碼變得更乾淨的話，你把他寫進去'
[paster][03:49:00] ⌨️ TEXT input flow start: target_chars=29，視窗="Optimizing AI Whisper Performance"，hwnd=0x002720fe，process=antigravity.exe，class=Chrome_WidgetWin_1，focus=('Message input', 'max-h-[300px] rounded-md cursor-text overflow-y-auto text-md p-2 outline-none transition-all duration-100 text-sm', '', 'ComboBoxControl')，verify_readable=True，keys_before=async_down=none; logical_down=none，text='如果不太值得做，但是可以讓代碼變得更乾淨的話，你把他寫進去'
[paster][03:49:00] ⌨️ 直接輸入前釋放修飾鍵: released=none，keys_after_release=async_down=none; logical_down=none
[paster][03:49:00] ⌨️ TEXT input done: ok=True，keys_after_send=async_down=none; logical_down=none
[paster][03:49:00] ⏱️ 收到→直接輸入完成: 0.12s
[paster][03:49:00] ⌨️ TEXT input verify: ok=True，reason=changed
[tap]        [03:51:20.473] 💤 敲麥監聽已停止
[recorder][03:51:20] 💤 預熱 stream 已關閉
