[main] LOG -> F:\Cursor\AI Whisper Next\ai_whisper_20260516_010656.log
[settings] config loaded from F:\Cursor\AI Whisper Next\config.json
[main][01:06:56.854] ✅ 快捷鍵 ctrl+f12（句號）、ctrl+f11（逗號）已註冊
[main][01:06:56.855] ✅ 記憶快捷鍵 5/5 已註冊 (Win32)
[tap]         🎙️ 敲麥監聽已啟動
[recorder][VAD] 載入 Silero VAD 模型...
Using cache found in C:\Users\Administrator/.cache\torch\hub\snakers4_silero-vad_master
[recorder][VAD] ⚠️ Silero VAD 載入失敗，使用 RMS 備援: No module named 'torchaudio'
[tap][sample][01:07:16.729] 持續=189ms 峰值=13314 ✓ 🎯 敲擊 #1
[tap][sample][01:07:16.901] 持續=126ms 峰值=12558 ✓ 🎯 敲擊 #2
[tap][sample][01:07:17.125] 持續=135ms 峰值=10619 ✓ 🎯 敲擊 #3
[tap]        [01:07:17.125] 🔔 三連敲觸發（間隔 235ms / 216ms，一致性 0.92）
[recorder][01:07:17] ⏱️ InputStream() 2.5ms
[recorder][01:07:17] ⏱️ stream.start() 0.3ms
[recorder][01:07:17] 🎙️ 錄音就緒，總初始化 2.9ms
[main][01:07:17.128] ⏱️ recorder.start() 耗時 3.1ms，ok=True
[main][01:07:17.134] 🎙️ 開始錄音
[recorder][01:07:17] 🎤 第一包音訊到達，麥克風實際開啟延遲 23.7ms[tap][dim]   [01:07:17.152] 持續=27ms 峰值=359 ✗弱

[tap][dim]   [01:07:17.764] 持續=27ms 峰值=313 ✗弱
[tap][sample][01:07:19.241] 持續=1189ms 峰值=6075 ✗長
[tap][dim]   [01:07:19.267] 持續=26ms 峰值=422 ✗弱
[recorder][VAD] RMS 語音幀 40/108 (37.0%)，有效語音 1.20s，閾值 450，最低比例 16%，最低語音 0.35s
[recorder][flush] ✅ 取出 3.2s 音訊段落
[main][01:07:20.379] ✂️ 自動分段送出（靜音達1s，累積 3.2s，靜音 1.1s）
[tap][sample][01:07:20.644] 持續=134ms 峰值=14748 ✓ 🎯 敲擊 #1
[tap][dim]   [01:07:20.680] 持續=36ms 峰值=423 ✗弱
[tap][sample][01:07:20.769] 持續=36ms 峰值=8246 ✓ 🎯 敲擊 #2
[tap][dim]   [01:07:20.806] 持續=36ms 峰值=405 ✗弱
[tap][sample][01:07:20.860] 持續=54ms 峰值=1003 ✓ ⏱️ 防抖略過（距上次 72ms < 180ms）
[paster][01:07:21] 📏 [UIA] text='ctrl esc to focus or', text_after='', at_end=True, last_punct=False
[paster][01:07:21] 🔮 預取游標位置: at_end=True, last_punct=False (delay=0.12s, est_api=0.57s)
[tap][sample][01:07:21.094] 持續=135ms 峰值=12373 ✓ 🎯 敲擊 #3
[tap]        [01:07:21.094] 🔔 三連敲觸發（間隔 224ms / 225ms，一致性 1.00）
[main][01:07:21.095] ⏳ 預熱 idle 計時器啟動，10 分鐘後關閉麥克風
[recorder][stop] 錄音太短 (0.70s)，略過
[transcriber][01:07:22.023] ⏱️ API 耗時: 1.47s
[main][01:07:22.024] ✅ 分段辨識完成: "怎麼還是沒有用"
[paster][01:07:22] 🎯 PASTE: at_end=True, last_punct=False, add_prefix=True (prefetched), prefix='。', final='怎麼還是沒有用'
[paster][01:07:22] 📋 CLIP flow start: target_chars=8, restore_delay=0.30s
[paster][01:07:22] 📋 CLIP backup: count=5, formats=49161:8B, 50220:11429B, 49171:216B, 8:39652B, 17:39736B, text=missing
[paster][01:07:22] 📋 CLIP set attempt 1/4: chars=8, bytes=18, preview='。怎麼還是沒有用'
[paster][01:07:22] 📋 CLIP verify ok: attempt=1, chars=8, text='。怎麼還是沒有用'
[paster][01:07:22] ⌨️ Ctrl+V 準備送出，cb_ok=True，視窗="Fix system tray icon res… - AI Whisper Next - Cursor [系統管理員]"，hwnd=0x00101060，keys_before=async_down=none; logical_down=none，text='。怎麼還是沒有用'
[paster][01:07:22] ⌨️ 貼上前釋放修飾鍵: released=none，restore_later=none，keys_after_release=async_down=none; logical_down=none
[paster][01:07:22] ⌨️ Ctrl+V 已送出，keys_after_send=async_down=none; logical_down=none
[paster][01:07:22] 🚫 CLIP guard armed: manual Ctrl+V suppressed
[paster][01:07:22] ⏱️ 收到→貼上完成: 0.18s
[paster][01:07:22] 📋 CLIP restore wait: 0.30s
[paster][01:07:22] 📋 CLIP restore attempt 1/4: text=missing
[paster][01:07:22] 📋 CLIP restore: restored=5/5, formats=49161:8B, 50220:11429B, 49171:216B, 8:39652B, 17:39736B, text=missing
[paster][01:07:22] 📋 CLIP read: CF_UNICODETEXT missing
[paster][01:07:22] 📋 CLIP restore verify ok: attempt=1, text=''
[paster][01:07:22] 🚫 CLIP guard disarmed: blocked=0
[paster][01:07:22] 📋 CLIP read: CF_UNICODETEXT missing
[paster][01:07:23] 📋 CLIP read: CF_UNICODETEXT missing
[paster][01:07:23] 📋 CLIP read: CF_UNICODETEXT missing
[paster][01:07:23] 📋 CLIP read: CF_UNICODETEXT missing
[paster][01:07:23] 📋 CLIP read: CF_UNICODETEXT missing
[paster][01:07:23] 📋 CLIP read: CF_UNICODETEXT missing
[paster][01:07:24] 📋 CLIP read: CF_UNICODETEXT missing
[paster][01:07:24] 📋 CLIP read: CF_UNICODETEXT missing
[paster][01:07:24] 📋 CLIP read: CF_UNICODETEXT missing
[paster][01:07:24] 📋 CLIP read: CF_UNICODETEXT missing
[paster][01:07:24] 📋 CLIP read: CF_UNICODETEXT missing
[paster][01:07:24] 📋 CLIP read: CF_UNICODETEXT missing
[paster][01:07:24] 📋 CLIP watchdog done: checks=11, repairs=0, ok=True, final=''
[paster][01:07:24] 📋 剪貼簿已還原驗證（5 種格式，restore_ok=True, watch_ok=True）
[tap][dim]   [01:07:32.164] 持續=27ms 峰值=503 ✗弱
[tap][sample][01:07:32.254] 持續=90ms 峰值=4705 ✓ 🎯 敲擊 #1
[tap][dim]   [01:07:32.290] 持續=36ms 峰值=426 ✗弱
[tap][sample][01:07:32.452] 持續=99ms 峰值=2834 ✓ 🎯 敲擊 #2
[tap][dim]   [01:07:32.515] 持續=63ms 峰值=435 ✗弱
[tap][dim]   [01:07:32.614] 持續=44ms 峰值=335 ✗弱
[tap][sample][01:07:32.650] 持續=36ms 峰值=4810 ✓ 🎯 敲擊 #3
[tap]        [01:07:32.650] 🔔 三連敲觸發（間隔 189ms / 261ms，一致性 0.73）
[recorder][01:07:32] 🚀 預熱命中，直接開始錄音
[main][01:07:32.651] ⏱️ recorder.start() 耗時 0.1ms，ok=True
[main][01:07:32.655] 🎙️ 開始錄音
[tap][dim]   [01:07:32.804] 持續=28ms 峰值=362 ✗弱
[tap][sample][01:07:33.730] 持續=261ms 峰值=10838 ✗長
[tap][dim]   [01:07:33.793] 持續=63ms 峰值=588 ✗弱
[tap][sample][01:07:34.595] 持續=801ms 峰值=6905 ✗長
[tap][sample][01:07:34.756] 持續=126ms 峰值=7194 ✗長
[tap][dim]   [01:07:34.810] 持續=54ms 峰值=520 ✗弱
[tap][sample][01:07:34.972] 持續=162ms 峰值=3015 ✗長
[tap][dim]   [01:07:35.017] 持續=45ms 峰值=448 ✗弱
[tap][sample][01:07:35.107] 持續=90ms 峰值=3873 ✓ 🎯 敲擊 #1
[tap][dim]   [01:07:35.134] 持續=27ms 峰值=565 ✗弱
[tap][sample][01:07:35.359] 持續=189ms 峰值=2486 ✗長
[tap][dim]   [01:07:35.421] 持續=27ms 峰值=527 ✗弱
[tap][sample][01:07:36.070] 持續=648ms 峰值=7551 ✗長
[tap][dim]   [01:07:36.134] 持續=64ms 峰值=527 ✗弱
[tap][sample][01:07:36.295] 持續=161ms 峰值=2008 ✗長
[tap][dim]   [01:07:36.349] 持續=27ms 峰值=416 ✗弱
[tap][sample][01:07:36.385] 持續=36ms 峰值=985 ✓ 🎯 敲擊 #1
[tap][dim]   [01:07:36.412] 持續=27ms 峰值=397 ✗弱
[tap][sample][01:07:36.889] 持續=477ms 峰值=2744 ✗長
[tap][sample][01:07:37.098] 持續=164ms 峰值=2379 ✗長
[tap][dim]   [01:07:37.123] 持續=25ms 峰值=513 ✗弱
[tap][dim]   [01:07:37.853] 持續=63ms 峰值=427 ✗弱
[tap][sample][01:07:37.925] 持續=72ms 峰值=2245 ✓ 🎯 敲擊 #1
[tap][sample][01:07:38.240] 持續=252ms 峰值=3631 ✗長
[tap][dim]   [01:07:38.276] 持續=36ms 峰值=397 ✗弱
[tap][sample][01:07:38.437] 持續=135ms 峰值=1679 ✗長
[tap][sample][01:07:38.653] 持續=189ms 峰值=2729 ✗長
[tap][dim]   [01:07:38.689] 持續=36ms 峰值=405 ✗弱
[tap][sample][01:07:39.400] 持續=360ms 峰值=3975 ✗長
[tap][dim]   [01:07:39.427] 持續=27ms 峰值=519 ✗弱
[tap][sample][01:07:40.570] 持續=90ms 峰值=9698 ✓ 🎯 敲擊 #1
[tap][dim]   [01:07:40.615] 持續=45ms 峰值=301 ✗弱
[tap][sample][01:07:40.777] 持續=162ms 峰值=3937 ✗長
[tap][dim]   [01:07:40.805] 持續=27ms 峰值=475 ✗弱
[tap][sample][01:07:41.380] 持續=576ms 峰值=3858 ✗長
[tap][dim]   [01:07:41.442] 持續=27ms 峰值=322 ✗弱
[tap][sample][01:07:41.920] 持續=477ms 峰值=5031 ✗長
[tap][sample][01:07:42.145] 持續=188ms 峰值=6087 ✗長
[tap][dim]   [01:07:42.172] 持續=27ms 峰值=387 ✗弱
[tap][sample][01:07:42.434] 持續=261ms 峰值=4185 ✗長
[tap][dim]   [01:07:42.460] 持續=27ms 峰值=336 ✗弱
[recorder][VAD] RMS 語音幀 207/364 (56.9%)，有效語音 6.21s，閾值 450，最低比例 16%，最低語音 0.35s
[recorder][flush] ✅ 取出 10.9s 音訊段落
[main][01:07:43.611] ✂️ 自動分段送出（靜音達1s，累積 10.9s，靜音 1.2s）
[recorder][VAD] RMS 語音幀 0/33 (0.0%)，有效語音 0.00s，閾值 450，最低比例 16%，最低語音 0.35s
[recorder][flush] ❌ VAD 未達有效語音門檻，略過（語音比例不足 0.0% < 16%）
[transcriber][01:07:44.933] ⏱️ API 耗時: 1.18s
[main][01:07:44.933] ✅ 分段辨識完成: "用滑鼠掃過去的解決方案是可行的，這個我知道，因為我的滑鼠掃過去也OK"
[paster][01:07:45] 📏 [UIA] text='Queue another messag', text_after='', at_end=True, last_punct=True
[paster][01:07:45] 🔮 預取游標位置: at_end=True, last_punct=True (delay=0.89s, est_api=1.34s)
[paster][01:07:45] 📏 [UIA] text='Queue another messag', text_after='', at_end=True, last_punct=True
[paster][01:07:45] 🎯 PASTE: at_end=True, last_punct=True, add_prefix=False, prefix='。', uia=504ms, final='用滑鼠掃過去的解決方案是可行的，這個我知道，因為我的滑鼠掃過去也OK'
[paster][01:07:45] 📋 CLIP flow start: target_chars=34, restore_delay=0.30s
[paster][01:07:45] 📋 CLIP backup: count=5, formats=49161:8B, 50220:11429B, 49171:216B, 8:39652B, 17:39736B, text=missing
[paster][01:07:45] 📋 CLIP set attempt 1/4: chars=34, bytes=70, preview='用滑鼠掃過去的解決方案是可行的，這個我知道，因為我的滑鼠掃過去也OK'
[paster][01:07:45] 📋 CLIP verify ok: attempt=1, chars=34, text='用滑鼠掃過去的解決方案是可行的，這個我知'
[paster][01:07:45] ⌨️ Ctrl+V 準備送出，cb_ok=True，視窗="Fix system tray icon res… - AI Whisper Next - Cursor [系統管理員]"，hwnd=0x00101060，keys_before=async_down=none; logical_down=none，text='用滑鼠掃過去的解決方案是可行的，這個我知道，因為我的滑鼠掃過去也OK'
[paster][01:07:45] ⌨️ 貼上前釋放修飾鍵: released=none，restore_later=none，keys_after_release=async_down=none; logical_down=none
[paster][01:07:45] ⌨️ Ctrl+V 已送出，keys_after_send=async_down=none; logical_down=none
[paster][01:07:45] 🚫 CLIP guard armed: manual Ctrl+V suppressed
[paster][01:07:45] ⏱️ 收到→貼上完成: 0.67s
[paster][01:07:45] 📋 CLIP restore wait: 0.30s
[recorder][VAD] RMS 語音幀 0/40 (0.0%)，有效語音 0.00s，閾值 450，最低比例 16%，最低語音 0.35s
[recorder][flush] ❌ VAD 未達有效語音門檻，略過（語音比例不足 0.0% < 16%）
[paster][01:07:45] 📋 CLIP restore attempt 1/4: text=missing
[paster][01:07:45] 📋 CLIP restore: restored=5/5, formats=49161:8B, 50220:11429B, 49171:216B, 8:39652B, 17:39736B, text=missing
[paster][01:07:46] 📋 CLIP read: CF_UNICODETEXT missing
[paster][01:07:46] 📋 CLIP restore verify ok: attempt=1, text=''
[paster][01:07:46] 🚫 CLIP guard disarmed: blocked=0
[paster][01:07:46] 📋 CLIP read: CF_UNICODETEXT missing
[paster][01:07:46] 📋 CLIP read: CF_UNICODETEXT missing
[paster][01:07:46] 📋 CLIP read: CF_UNICODETEXT missing
[paster][01:07:46] 📋 CLIP read: CF_UNICODETEXT missing
[recorder][VAD] RMS 語音幀 0/33 (0.0%)，有效語音 0.00s，閾值 450，最低比例 16%，最低語音 0.35s
[recorder][flush] ❌ VAD 未達有效語音門檻，略過（語音比例不足 0.0% < 16%）
[paster][01:07:47] 📋 CLIP read: CF_UNICODETEXT missing
[paster][01:07:47] 📋 CLIP read: CF_UNICODETEXT missing
[paster][01:07:47] 📋 CLIP read: CF_UNICODETEXT missing
[paster][01:07:47] 📋 CLIP read: CF_UNICODETEXT missing
[paster][01:07:47] 📋 CLIP read: CF_UNICODETEXT missing
[recorder][VAD] RMS 語音幀 0/33 (0.0%)，有效語音 0.00s，閾值 450，最低比例 16%，最低語音 0.35s
[recorder][flush] ❌ VAD 未達有效語音門檻，略過（語音比例不足 0.0% < 16%）
[paster][01:07:48] 📋 CLIP read: CF_UNICODETEXT missing
[paster][01:07:48] 📋 CLIP read: CF_UNICODETEXT missing
[paster][01:07:48] 📋 CLIP read: CF_UNICODETEXT missing
[paster][01:07:48] 📋 CLIP watchdog done: checks=11, repairs=0, ok=True, final=''
[paster][01:07:48] 📋 剪貼簿已還原驗證（5 種格式，restore_ok=True, watch_ok=True）
[recorder][VAD] RMS 語音幀 0/33 (0.0%)，有效語音 0.00s，閾值 450，最低比例 16%，最低語音 0.35s
[recorder][flush] ❌ VAD 未達有效語音門檻，略過（語音比例不足 0.0% < 16%）
[recorder][VAD] RMS 語音幀 0/33 (0.0%)，有效語音 0.00s，閾值 450，最低比例 16%，最低語音 0.35s
[recorder][flush] ❌ VAD 未達有效語音門檻，略過（語音比例不足 0.0% < 16%）
[recorder][VAD] RMS 語音幀 0/34 (0.0%)，有效語音 0.00s，閾值 450，最低比例 16%，最低語音 0.35s
[recorder][flush] ❌ VAD 未達有效語音門檻，略過（語音比例不足 0.0% < 16%）
[recorder][VAD] RMS 語音幀 0/39 (0.0%)，有效語音 0.00s，閾值 450，最低比例 16%，最低語音 0.35s
[recorder][flush] ❌ VAD 未達有效語音門檻，略過（語音比例不足 0.0% < 16%）
[recorder][VAD] RMS 語音幀 0/33 (0.0%)，有效語音 0.00s，閾值 450，最低比例 16%，最低語音 0.35s
[recorder][flush] ❌ VAD 未達有效語音門檻，略過（語音比例不足 0.0% < 16%）
[recorder][VAD] RMS 語音幀 0/34 (0.0%)，有效語音 0.00s，閾值 450，最低比例 16%，最低語音 0.35s
[recorder][flush] ❌ VAD 未達有效語音門檻，略過（語音比例不足 0.0% < 16%）
[recorder][VAD] RMS 語音幀 0/39 (0.0%)，有效語音 0.00s，閾值 450，最低比例 16%，最低語音 0.35s
[recorder][flush] ❌ VAD 未達有效語音門檻，略過（語音比例不足 0.0% < 16%）
[tap][sample][01:07:56.572] 持續=431ms 峰值=6651 ✗長
[tap][sample][01:07:57.130] 持續=485ms 峰值=4794 ✗長
[tap][dim]   [01:07:57.157] 持續=27ms 峰值=514 ✗弱
[tap][sample][01:07:57.445] 持續=288ms 峰值=4060 ✗長
[tap][dim]   [01:07:57.472] 持續=27ms 峰值=446 ✗弱
[tap][sample][01:07:57.697] 持續=225ms 峰值=3534 ✗長
[tap][dim]   [01:07:57.733] 持續=36ms 峰值=385 ✗弱
[tap][sample][01:07:58.273] 持續=540ms 峰值=3292 ✗長
[tap][dim]   [01:07:58.300] 持續=27ms 峰值=378 ✗弱
[recorder][VAD] RMS 語音幀 69/136 (50.7%)，有效語音 2.07s，閾值 450，最低比例 16%，最低語音 0.35s
[recorder][flush] ✅ 取出 4.1s 音訊段落
[main][01:07:59.454] ✂️ 自動分段送出（靜音達1s，累積 4.1s，靜音 1.2s）
[paster][01:08:00] 📏 [UIA] text='用滑鼠掃過去的解決方案是可行的，這個我知', text_after='', at_end=True, last_punct=True
[paster][01:08:00] 🔮 預取游標位置: at_end=True, last_punct=True (delay=0.21s, est_api=0.66s)
[transcriber][01:08:00.343] ⏱️ API 耗時: 0.73s
[main][01:08:00.343] ✅ 分段辨識完成: "我覺得可能是你的滑鼠"
[paster][01:08:00] 🎯 PASTE: at_end=True, last_punct=True, add_prefix=False (prefetched), prefix='。', final='我覺得可能是你的滑鼠'
[paster][01:08:00] 📋 CLIP flow start: target_chars=10, restore_delay=0.30s
[paster][01:08:00] 📋 CLIP backup: count=5, formats=49161:8B, 50220:11429B, 49171:216B, 8:39652B, 17:39736B, text=missing
[paster][01:08:00] 📋 CLIP set attempt 1/4: chars=10, bytes=22, preview='我覺得可能是你的滑鼠'
[paster][01:08:00] 📋 CLIP verify ok: attempt=1, chars=10, text='我覺得可能是你的滑鼠'
[paster][01:08:00] ⌨️ Ctrl+V 準備送出，cb_ok=True，視窗="Fix system tray icon res… - AI Whisper Next - Cursor [系統管理員]"，hwnd=0x00101060，keys_before=async_down=none; logical_down=none，text='我覺得可能是你的滑鼠'
[paster][01:08:00] ⌨️ 貼上前釋放修飾鍵: released=none，restore_later=none，keys_after_release=async_down=none; logical_down=none
[paster][01:08:00] ⌨️ Ctrl+V 已送出，keys_after_send=async_down=none; logical_down=none
[paster][01:08:00] 🚫 CLIP guard armed: manual Ctrl+V suppressed
[paster][01:08:00] ⏱️ 收到→貼上完成: 0.20s
[paster][01:08:00] 📋 CLIP restore wait: 0.30s
[recorder][VAD] RMS 語音幀 0/39 (0.0%)，有效語音 0.00s，閾值 450，最低比例 16%，最低語音 0.35s
[recorder][flush] ❌ VAD 未達有效語音門檻，略過（語音比例不足 0.0% < 16%）
[paster][01:08:00] 📋 CLIP restore attempt 1/4: text=missing
[paster][01:08:00] 📋 CLIP restore: restored=5/5, formats=49161:8B, 50220:11429B, 49171:216B, 8:39652B, 17:39736B, text=missing
[paster][01:08:00] 📋 CLIP read: CF_UNICODETEXT missing
[paster][01:08:00] 📋 CLIP restore verify ok: attempt=1, text=''
[paster][01:08:00] 🚫 CLIP guard disarmed: blocked=0
[paster][01:08:01] 📋 CLIP read: CF_UNICODETEXT missing
[paster][01:08:01] 📋 CLIP read: CF_UNICODETEXT missing
[paster][01:08:01] 📋 CLIP read: CF_UNICODETEXT missing
[paster][01:08:01] 📋 CLIP read: CF_UNICODETEXT missing
[paster][01:08:01] 📋 CLIP read: CF_UNICODETEXT missing
[paster][01:08:02] 📋 CLIP read: CF_UNICODETEXT missing
[paster][01:08:02] 📋 CLIP read: CF_UNICODETEXT missing
[paster][01:08:02] 📋 CLIP read: CF_UNICODETEXT missing
[tap][sample][01:08:02.620] 持續=1341ms 峰值=5722 ✗長
[tap][dim]   [01:08:02.656] 持續=36ms 峰值=382 ✗弱
[paster][01:08:02] 📋 CLIP read: CF_UNICODETEXT missing
[tap][sample][01:08:02.782] 持續=126ms 峰值=984 ✗長
[tap][dim]   [01:08:02.809] 持續=27ms 峰值=396 ✗弱
[paster][01:08:02] 📋 CLIP read: CF_UNICODETEXT missing
[paster][01:08:03] 📋 CLIP read: CF_UNICODETEXT missing
[paster][01:08:03] 📋 CLIP read: CF_UNICODETEXT missing
[paster][01:08:03] 📋 CLIP watchdog done: checks=11, repairs=0, ok=True, final=''
[paster][01:08:03] 📋 剪貼簿已還原驗證（5 種格式，restore_ok=True, watch_ok=True）
[recorder][VAD] RMS 語音幀 48/109 (44.0%)，有效語音 1.44s，閾值 450，最低比例 16%，最低語音 0.35s
[recorder][flush] ✅ 取出 3.3s 音訊段落
[main][01:08:03.930] ✂️ 自動分段送出（靜音達1s，累積 3.3s，靜音 1.1s）
[paster][01:08:04] 📏 [UIA] text='用滑鼠掃過去的解決方案是可行的，這個我知', text_after='', at_end=True, last_punct=False
[paster][01:08:04] 🔮 預取游標位置: at_end=True, last_punct=False (delay=0.13s, est_api=0.58s)
[recorder][VAD] RMS 語音幀 0/39 (0.0%)，有效語音 0.00s，閾值 450，最低比例 16%，最低語音 0.35s
[recorder][flush] ❌ VAD 未達有效語音門檻，略過（語音比例不足 0.0% < 16%）
[recorder][VAD] RMS 語音幀 0/33 (0.0%)，有效語音 0.00s，閾值 450，最低比例 16%，最低語音 0.35s
[recorder][flush] ❌ VAD 未達有效語音門檻，略過（語音比例不足 0.0% < 16%）
[main][01:08:06.433] ⚠️ API 超過 2.5s 未回應，重試中…
[recorder][VAD] RMS 語音幀 0/33 (0.0%)，有效語音 0.00s，閾值 450，最低比例 16%，最低語音 0.35s
[recorder][flush] ❌ VAD 未達有效語音門檻，略過（語音比例不足 0.0% < 16%）
[transcriber][01:08:07.939] ⏱️ API 耗時: 1.36s
[main][01:08:07.939] 🔄 使用重試結果
[main][01:08:07.939] ✅ 分段辨識完成: "模擬滑鼠有問題"
[paster][01:08:07] 🎯 PASTE: at_end=True, last_punct=False, add_prefix=True (prefetched), prefix='。', final='模擬滑鼠有問題'
[paster][01:08:07] 📋 CLIP flow start: target_chars=8, restore_delay=0.30s
[paster][01:08:07] 📋 CLIP backup: count=5, formats=49161:8B, 50220:11429B, 49171:216B, 8:39652B, 17:39736B, text=missing
[paster][01:08:07] 📋 CLIP set attempt 1/4: chars=8, bytes=18, preview='。模擬滑鼠有問題'
[paster][01:08:08] 📋 CLIP verify ok: attempt=1, chars=8, text='。模擬滑鼠有問題'
[paster][01:08:08] ⌨️ Ctrl+V 準備送出，cb_ok=True，視窗="Fix system tray icon res… - AI Whisper Next - Cursor [系統管理員]"，hwnd=0x00101060，keys_before=async_down=none; logical_down=none，text='。模擬滑鼠有問題'
[paster][01:08:08] ⌨️ 貼上前釋放修飾鍵: released=none，restore_later=none，keys_after_release=async_down=none; logical_down=none
[paster][01:08:08] ⌨️ Ctrl+V 已送出，keys_after_send=async_down=none; logical_down=none
[paster][01:08:08] 🚫 CLIP guard armed: manual Ctrl+V suppressed
[paster][01:08:08] ⏱️ 收到→貼上完成: 0.19s
[paster][01:08:08] 📋 CLIP restore wait: 0.30s
[recorder][VAD] RMS 語音幀 0/40 (0.0%)，有效語音 0.00s，閾值 450，最低比例 16%，最低語音 0.35s
[recorder][flush] ❌ VAD 未達有效語音門檻，略過（語音比例不足 0.0% < 16%）
[paster][01:08:08] 📋 CLIP restore attempt 1/4: text=missing
[paster][01:08:08] 📋 CLIP restore: restored=5/5, formats=49161:8B, 50220:11429B, 49171:216B, 8:39652B, 17:39736B, text=missing
[paster][01:08:08] 📋 CLIP read: CF_UNICODETEXT missing
[paster][01:08:08] 📋 CLIP restore verify ok: attempt=1, text=''
[paster][01:08:08] 🚫 CLIP guard disarmed: blocked=0
[paster][01:08:08] 📋 CLIP read: CF_UNICODETEXT missing
[paster][01:08:08] 📋 CLIP read: CF_UNICODETEXT missing
[paster][01:08:09] 📋 CLIP read: CF_UNICODETEXT missing
[paster][01:08:09] 📋 CLIP read: CF_UNICODETEXT missing
[recorder][VAD] RMS 語音幀 0/33 (0.0%)，有效語音 0.00s，閾值 450，最低比例 16%，最低語音 0.35s
[recorder][flush] ❌ VAD 未達有效語音門檻，略過（語音比例不足 0.0% < 16%）
[paster][01:08:09] 📋 CLIP read: CF_UNICODETEXT missing
[paster][01:08:09] 📋 CLIP read: CF_UNICODETEXT missing
[paster][01:08:09] 📋 CLIP read: CF_UNICODETEXT missing
[paster][01:08:10] 📋 CLIP read: CF_UNICODETEXT missing
[paster][01:08:10] 📋 CLIP read: CF_UNICODETEXT missing
[recorder][VAD] RMS 語音幀 0/34 (0.0%)，有效語音 0.00s，閾值 450，最低比例 16%，最低語音 0.35s
[recorder][flush] ❌ VAD 未達有效語音門檻，略過（語音比例不足 0.0% < 16%）
[paster][01:08:10] 📋 CLIP read: CF_UNICODETEXT missing
[paster][01:08:10] 📋 CLIP read: CF_UNICODETEXT missing
[paster][01:08:10] 📋 CLIP read: CF_UNICODETEXT missing
[paster][01:08:10] 📋 CLIP watchdog done: checks=11, repairs=0, ok=True, final=''
[paster][01:08:10] 📋 剪貼簿已還原驗證（5 種格式，restore_ok=True, watch_ok=True）
[transcriber][01:08:11.505] ⏱️ API 耗時: 7.44s
[recorder][VAD] RMS 語音幀 0/39 (0.0%)，有效語音 0.00s，閾值 450，最低比例 16%，最低語音 0.35s
[recorder][flush] ❌ VAD 未達有效語音門檻，略過（語音比例不足 0.0% < 16%）
[recorder][VAD] RMS 語音幀 0/33 (0.0%)，有效語音 0.00s，閾值 450，最低比例 16%，最低語音 0.35s
[recorder][flush] ❌ VAD 未達有效語音門檻，略過（語音比例不足 0.0% < 16%）
[recorder][VAD] RMS 語音幀 0/34 (0.0%)，有效語音 0.00s，閾值 450，最低比例 16%，最低語音 0.35s
[recorder][flush] ❌ VAD 未達有效語音門檻，略過（語音比例不足 0.0% < 16%）
[recorder][VAD] RMS 語音幀 0/39 (0.0%)，有效語音 0.00s，閾值 450，最低比例 16%，最低語音 0.35s
[recorder][flush] ❌ VAD 未達有效語音門檻，略過（語音比例不足 0.0% < 16%）
[recorder][VAD] RMS 語音幀 0/33 (0.0%)，有效語音 0.00s，閾值 450，最低比例 16%，最低語音 0.35s
[recorder][flush] ❌ VAD 未達有效語音門檻，略過（語音比例不足 0.0% < 16%）
[recorder][VAD] RMS 語音幀 0/33 (0.0%)，有效語音 0.00s，閾值 450，最低比例 16%，最低語音 0.35s
[recorder][flush] ❌ VAD 未達有效語音門檻，略過（語音比例不足 0.0% < 16%）
[recorder][VAD] RMS 語音幀 0/40 (0.0%)，有效語音 0.00s，閾值 450，最低比例 16%，最低語音 0.35s
[recorder][flush] ❌ VAD 未達有效語音門檻，略過（語音比例不足 0.0% < 16%）
[recorder][VAD] RMS 語音幀 0/33 (0.0%)，有效語音 0.00s，閾值 450，最低比例 16%，最低語音 0.35s
[recorder][flush] ❌ VAD 未達有效語音門檻，略過（語音比例不足 0.0% < 16%）
[recorder][VAD] RMS 語音幀 0/34 (0.0%)，有效語音 0.00s，閾值 450，最低比例 16%，最低語音 0.35s
[recorder][flush] ❌ VAD 未達有效語音門檻，略過（語音比例不足 0.0% < 16%）
[recorder][VAD] RMS 語音幀 0/39 (0.0%)，有效語音 0.00s，閾值 450，最低比例 16%，最低語音 0.35s
[recorder][flush] ❌ VAD 未達有效語音門檻，略過（語音比例不足 0.0% < 16%）
[recorder][VAD] RMS 語音幀 0/33 (0.0%)，有效語音 0.00s，閾值 450，最低比例 16%，最低語音 0.35s
[recorder][flush] ❌ VAD 未達有效語音門檻，略過（語音比例不足 0.0% < 16%）
[recorder][VAD] RMS 語音幀 0/34 (0.0%)，有效語音 0.00s，閾值 450，最低比例 16%，最低語音 0.35s
[recorder][flush] ❌ VAD 未達有效語音門檻，略過（語音比例不足 0.0% < 16%）
[recorder][VAD] RMS 語音幀 0/39 (0.0%)，有效語音 0.00s，閾值 450，最低比例 16%，最低語音 0.35s
[recorder][flush] ❌ VAD 未達有效語音門檻，略過（語音比例不足 0.0% < 16%）
[recorder][VAD] RMS 語音幀 0/33 (0.0%)，有效語音 0.00s，閾值 450，最低比例 16%，最低語音 0.35s
[recorder][flush] ❌ VAD 未達有效語音門檻，略過（語音比例不足 0.0% < 16%）
[recorder][VAD] RMS 語音幀 0/34 (0.0%)，有效語音 0.00s，閾值 450，最低比例 16%，最低語音 0.35s
[recorder][flush] ❌ VAD 未達有效語音門檻，略過（語音比例不足 0.0% < 16%）
[recorder][VAD] RMS 語音幀 0/39 (0.0%)，有效語音 0.00s，閾值 450，最低比例 16%，最低語音 0.35s
[recorder][flush] ❌ VAD 未達有效語音門檻，略過（語音比例不足 0.0% < 16%）
[recorder][VAD] RMS 語音幀 0/33 (0.0%)，有效語音 0.00s，閾值 450，最低比例 16%，最低語音 0.35s
[recorder][flush] ❌ VAD 未達有效語音門檻，略過（語音比例不足 0.0% < 16%）
[recorder][VAD] RMS 語音幀 0/34 (0.0%)，有效語音 0.00s，閾值 450，最低比例 16%，最低語音 0.35s
[recorder][flush] ❌ VAD 未達有效語音門檻，略過（語音比例不足 0.0% < 16%）
[recorder][VAD] RMS 語音幀 0/39 (0.0%)，有效語音 0.00s，閾值 450，最低比例 16%，最低語音 0.35s
[recorder][flush] ❌ VAD 未達有效語音門檻，略過（語音比例不足 0.0% < 16%）
[recorder][VAD] RMS 語音幀 0/33 (0.0%)，有效語音 0.00s，閾值 450，最低比例 16%，最低語音 0.35s
[recorder][flush] ❌ VAD 未達有效語音門檻，略過（語音比例不足 0.0% < 16%）
[recorder][VAD] RMS 語音幀 0/34 (0.0%)，有效語音 0.00s，閾值 450，最低比例 16%，最低語音 0.35s
[recorder][flush] ❌ VAD 未達有效語音門檻，略過（語音比例不足 0.0% < 16%）
[recorder][VAD] RMS 語音幀 0/39 (0.0%)，有效語音 0.00s，閾值 450，最低比例 16%，最低語音 0.35s
[recorder][flush] ❌ VAD 未達有效語音門檻，略過（語音比例不足 0.0% < 16%）
[recorder][VAD] RMS 語音幀 0/33 (0.0%)，有效語音 0.00s，閾值 450，最低比例 16%，最低語音 0.35s
[recorder][flush] ❌ VAD 未達有效語音門檻，略過（語音比例不足 0.0% < 16%）
[recorder][VAD] RMS 語音幀 0/34 (0.0%)，有效語音 0.00s，閾值 450，最低比例 16%，最低語音 0.35s
[recorder][flush] ❌ VAD 未達有效語音門檻，略過（語音比例不足 0.0% < 16%）
[recorder][VAD] RMS 語音幀 0/39 (0.0%)，有效語音 0.00s，閾值 450，最低比例 16%，最低語音 0.35s
[recorder][flush] ❌ VAD 未達有效語音門檻，略過（語音比例不足 0.0% < 16%）
[recorder][VAD] RMS 語音幀 0/33 (0.0%)，有效語音 0.00s，閾值 450，最低比例 16%，最低語音 0.35s
[recorder][flush] ❌ VAD 未達有效語音門檻，略過（語音比例不足 0.0% < 16%）
[recorder][VAD] RMS 語音幀 0/34 (0.0%)，有效語音 0.00s，閾值 450，最低比例 16%，最低語音 0.35s
[recorder][flush] ❌ VAD 未達有效語音門檻，略過（語音比例不足 0.0% < 16%）
[tap][sample][01:08:40.329] 持續=135ms 峰值=11597 ✓ 🎯 敲擊 #1
[tap][sample][01:08:40.573] 持續=117ms 峰值=14257 ✓ 🎯 敲擊 #2
[recorder][VAD] RMS 語音幀 10/66 (15.2%)，有效語音 0.30s，閾值 450，最低比例 16%，最低語音 0.35s
[recorder][flush] ❌ VAD 未達有效語音門檻，略過（語音比例不足 15.2% < 16%）
[tap][sample][01:08:43.363] 持續=963ms 峰值=10135 ✗長
[tap][sample][01:08:43.903] 持續=324ms 峰值=6548 ✗長
[tap][sample][01:08:44.254] 持續=324ms 峰值=4273 ✗長
[tap][sample][01:08:46.090] 持續=1800ms 峰值=12638 ✗長
[tap][dim]   [01:08:46.180] 持續=90ms 峰值=561 ✗弱
[tap][sample][01:08:47.620] 持續=864ms 峰值=9697 ✗長
[tap][dim]   [01:08:47.656] 持續=36ms 峰值=581 ✗弱
[tap][sample][01:08:48.034] 持續=378ms 峰值=3667 ✗長
[tap][sample][01:08:49.186] 持續=324ms 峰值=7748 ✗長
[tap][sample][01:08:49.735] 持續=522ms 峰值=9338 ✗長
[tap][sample][01:08:49.789] 持續=27ms 峰值=1331 ✓ 🎯 敲擊 #1
[tap][dim]   [01:08:49.825] 持續=36ms 峰值=355 ✗弱
[recorder][VAD] RMS 語音幀 188/305 (61.6%)，有效語音 5.64s，閾值 450，最低比例 16%，最低語音 0.35s
[recorder][flush] ✅ 取出 9.2s 音訊段落
[main][01:08:50.850] ✂️ 自動分段送出（靜音達1s，累積 9.2s，靜音 1.0s）
[recorder][VAD] RMS 語音幀 0/33 (0.0%)，有效語音 0.00s，閾值 450，最低比例 16%，最低語音 0.35s
[recorder][flush] ❌ VAD 未達有效語音門檻，略過（語音比例不足 0.0% < 16%）
[paster][01:08:52] 📏 [UIA] text='ctrl esc to focus or', text_after='', at_end=True, last_punct=False
[paster][01:08:52] 🔮 預取游標位置: at_end=True, last_punct=False (delay=0.72s, est_api=1.17s)
[transcriber][01:08:52.162] ⏱️ API 耗時: 1.18s
[main][01:08:52.163] ✅ 分段辨識完成: "你先重啟，我看看你的新解決方案行不行。不行的話我們再來用我的方法"
[paster][01:08:52] 🎯 PASTE: at_end=True, last_punct=False, add_prefix=True (prefetched), prefix='。', final='你先重啟，我看看你的新解決方案行不行。不行的話我們再來用我的方法'
[paster][01:08:52] 📋 CLIP flow start: target_chars=33, restore_delay=0.30s
[paster][01:08:52] 📋 CLIP backup: count=5, formats=49161:8B, 50220:11429B, 49171:216B, 8:39652B, 17:39736B, text=missing
[paster][01:08:52] 📋 CLIP set attempt 1/4: chars=33, bytes=68, preview='。你先重啟，我看看你的新解決方案行不行。不行的話我們再來用我的方法'
[paster][01:08:52] 📋 CLIP verify ok: attempt=1, chars=33, text='。你先重啟，我看看你的新解決方案行不行。'
[paster][01:08:52] ⌨️ Ctrl+V 準備送出，cb_ok=True，視窗="Fix system tray icon res… - AI Whisper Next - Cursor [系統管理員]"，hwnd=0x00101060，keys_before=async_down=none; logical_down=none，text='。你先重啟，我看看你的新解決方案行不行。不行的話我們再來用我的方法'
[paster][01:08:52] ⌨️ 貼上前釋放修飾鍵: released=none，restore_later=none，keys_after_release=async_down=none; logical_down=none
[paster][01:08:52] ⌨️ Ctrl+V 已送出，keys_after_send=async_down=none; logical_down=none
[paster][01:08:52] 🚫 CLIP guard armed: manual Ctrl+V suppressed
[paster][01:08:52] ⏱️ 收到→貼上完成: 0.18s
[paster][01:08:52] 📋 CLIP restore wait: 0.30s
[paster][01:08:52] 📋 CLIP restore attempt 1/4: text=missing
[paster][01:08:52] 📋 CLIP restore: restored=5/5, formats=49161:8B, 50220:11429B, 49171:216B, 8:39652B, 17:39736B, text=missing
[paster][01:08:52] 📋 CLIP read: CF_UNICODETEXT missing
[paster][01:08:52] 📋 CLIP restore verify ok: attempt=1, text=''
[paster][01:08:52] 🚫 CLIP guard disarmed: blocked=0
[recorder][VAD] RMS 語音幀 0/33 (0.0%)，有效語音 0.00s，閾值 450，最低比例 16%，最低語音 0.35s
[recorder][flush] ❌ VAD 未達有效語音門檻，略過（語音比例不足 0.0% < 16%）
[paster][01:08:52] 📋 CLIP read: CF_UNICODETEXT missing
[paster][01:08:53] 📋 CLIP read: CF_UNICODETEXT missing
[paster][01:08:53] 📋 CLIP read: CF_UNICODETEXT missing
[paster][01:08:53] 📋 CLIP read: CF_UNICODETEXT missing
[paster][01:08:53] 📋 CLIP read: CF_UNICODETEXT missing
[recorder][VAD] RMS 語音幀 0/33 (0.0%)，有效語音 0.00s，閾值 450，最低比例 16%，最低語音 0.35s
[recorder][flush] ❌ VAD 未達有效語音門檻，略過（語音比例不足 0.0% < 16%）
[paster][01:08:53] 📋 CLIP read: CF_UNICODETEXT missing
[paster][01:08:54] 📋 CLIP read: CF_UNICODETEXT missing
[paster][01:08:54] 📋 CLIP read: CF_UNICODETEXT missing
[paster][01:08:54] 📋 CLIP read: CF_UNICODETEXT missing
[paster][01:08:54] 📋 CLIP read: CF_UNICODETEXT missing
[recorder][VAD] RMS 語音幀 0/33 (0.0%)，有效語音 0.00s，閾值 450，最低比例 16%，最低語音 0.35s
[recorder][flush] ❌ VAD 未達有效語音門檻，略過（語音比例不足 0.0% < 16%）
[paster][01:08:54] 📋 CLIP read: CF_UNICODETEXT missing
[paster][01:08:54] 📋 CLIP read: CF_UNICODETEXT missing
[paster][01:08:54] 📋 CLIP watchdog done: checks=11, repairs=0, ok=True, final=''
[paster][01:08:54] 📋 剪貼簿已還原驗證（5 種格式，restore_ok=True, watch_ok=True）
[recorder][VAD] RMS 語音幀 0/33 (0.0%)，有效語音 0.00s，閾值 450，最低比例 16%，最低語音 0.35s
[recorder][flush] ❌ VAD 未達有效語音門檻，略過（語音比例不足 0.0% < 16%）
[recorder][VAD] RMS 語音幀 0/33 (0.0%)，有效語音 0.00s，閾值 450，最低比例 16%，最低語音 0.35s
[recorder][flush] ❌ VAD 未達有效語音門檻，略過（語音比例不足 0.0% < 16%）
[recorder][VAD] RMS 語音幀 0/34 (0.0%)，有效語音 0.00s，閾值 450，最低比例 16%，最低語音 0.35s
[recorder][flush] ❌ VAD 未達有效語音門檻，略過（語音比例不足 0.0% < 16%）
[recorder][VAD] RMS 語音幀 0/33 (0.0%)，有效語音 0.00s，閾值 450，最低比例 16%，最低語音 0.35s
[recorder][flush] ❌ VAD 未達有效語音門檻，略過（語音比例不足 0.0% < 16%）
[recorder][VAD] RMS 語音幀 0/39 (0.0%)，有效語音 0.00s，閾值 450，最低比例 16%，最低語音 0.35s
[recorder][flush] ❌ VAD 未達有效語音門檻，略過（語音比例不足 0.0% < 16%）
[recorder][VAD] RMS 語音幀 0/33 (0.0%)，有效語音 0.00s，閾值 450，最低比例 16%，最低語音 0.35s
[recorder][flush] ❌ VAD 未達有效語音門檻，略過（語音比例不足 0.0% < 16%）
[recorder][VAD] RMS 語音幀 0/33 (0.0%)，有效語音 0.00s，閾值 450，最低比例 16%，最低語音 0.35s
[recorder][flush] ❌ VAD 未達有效語音門檻，略過（語音比例不足 0.0% < 16%）
[recorder][VAD] RMS 語音幀 0/34 (0.0%)，有效語音 0.00s，閾值 450，最低比例 16%，最低語音 0.35s
[recorder][flush] ❌ VAD 未達有效語音門檻，略過（語音比例不足 0.0% < 16%）
[recorder][VAD] RMS 語音幀 0/33 (0.0%)，有效語音 0.00s，閾值 450，最低比例 16%，最低語音 0.35s
[recorder][flush] ❌ VAD 未達有效語音門檻，略過（語音比例不足 0.0% < 16%）
[recorder][VAD] RMS 語音幀 0/33 (0.0%)，有效語音 0.00s，閾值 450，最低比例 16%，最低語音 0.35s
[recorder][flush] ❌ VAD 未達有效語音門檻，略過（語音比例不足 0.0% < 16%）
[recorder][VAD] RMS 語音幀 0/33 (0.0%)，有效語音 0.00s，閾值 450，最低比例 16%，最低語音 0.35s
[recorder][flush] ❌ VAD 未達有效語音門檻，略過（語音比例不足 0.0% < 16%）
[recorder][VAD] RMS 語音幀 0/33 (0.0%)，有效語音 0.00s，閾值 450，最低比例 16%，最低語音 0.35s
[recorder][flush] ❌ VAD 未達有效語音門檻，略過（語音比例不足 0.0% < 16%）
[recorder][VAD] RMS 語音幀 0/33 (0.0%)，有效語音 0.00s，閾值 450，最低比例 16%，最低語音 0.35s
[recorder][flush] ❌ VAD 未達有效語音門檻，略過（語音比例不足 0.0% < 16%）
[recorder][VAD] RMS 語音幀 0/33 (0.0%)，有效語音 0.00s，閾值 450，最低比例 16%，最低語音 0.35s
[recorder][flush] ❌ VAD 未達有效語音門檻，略過（語音比例不足 0.0% < 16%）
[recorder][VAD] RMS 語音幀 0/40 (0.0%)，有效語音 0.00s，閾值 450，最低比例 16%，最低語音 0.35s
[recorder][flush] ❌ VAD 未達有效語音門檻，略過（語音比例不足 0.0% < 16%）
[recorder][VAD] RMS 語音幀 0/33 (0.0%)，有效語音 0.00s，閾值 450，最低比例 16%，最低語音 0.35s
[recorder][flush] ❌ VAD 未達有效語音門檻，略過（語音比例不足 0.0% < 16%）
[recorder][VAD] RMS 語音幀 0/33 (0.0%)，有效語音 0.00s，閾值 450，最低比例 16%，最低語音 0.35s
[recorder][flush] ❌ VAD 未達有效語音門檻，略過（語音比例不足 0.0% < 16%）
[recorder][VAD] RMS 語音幀 0/33 (0.0%)，有效語音 0.00s，閾值 450，最低比例 16%，最低語音 0.35s
[recorder][flush] ❌ VAD 未達有效語音門檻，略過（語音比例不足 0.0% < 16%）
[recorder][VAD] RMS 語音幀 0/33 (0.0%)，有效語音 0.00s，閾值 450，最低比例 16%，最低語音 0.35s
[recorder][flush] ❌ VAD 未達有效語音門檻，略過（語音比例不足 0.0% < 16%）
[recorder][VAD] RMS 語音幀 0/33 (0.0%)，有效語音 0.00s，閾值 450，最低比例 16%，最低語音 0.35s
[recorder][flush] ❌ VAD 未達有效語音門檻，略過（語音比例不足 0.0% < 16%）
[recorder][VAD] RMS 語音幀 0/33 (0.0%)，有效語音 0.00s，閾值 450，最低比例 16%，最低語音 0.35s
[recorder][flush] ❌ VAD 未達有效語音門檻，略過（語音比例不足 0.0% < 16%）
[recorder][VAD] RMS 語音幀 0/33 (0.0%)，有效語音 0.00s，閾值 450，最低比例 16%，最低語音 0.35s
[recorder][flush] ❌ VAD 未達有效語音門檻，略過（語音比例不足 0.0% < 16%）
[recorder][VAD] RMS 語音幀 0/34 (0.0%)，有效語音 0.00s，閾值 450，最低比例 16%，最低語音 0.35s
[recorder][flush] ❌ VAD 未達有效語音門檻，略過（語音比例不足 0.0% < 16%）
[recorder][VAD] RMS 語音幀 0/39 (0.0%)，有效語音 0.00s，閾值 450，最低比例 16%，最低語音 0.35s
[recorder][flush] ❌ VAD 未達有效語音門檻，略過（語音比例不足 0.0% < 16%）
[recorder][VAD] RMS 語音幀 0/33 (0.0%)，有效語音 0.00s，閾值 450，最低比例 16%，最低語音 0.35s
[recorder][flush] ❌ VAD 未達有效語音門檻，略過（語音比例不足 0.0% < 16%）
[recorder][VAD] RMS 語音幀 0/34 (0.0%)，有效語音 0.00s，閾值 450，最低比例 16%，最低語音 0.35s
[recorder][flush] ❌ VAD 未達有效語音門檻，略過（語音比例不足 0.0% < 16%）
[recorder][VAD] RMS 語音幀 0/39 (0.0%)，有效語音 0.00s，閾值 450，最低比例 16%，最低語音 0.35s
[recorder][flush] ❌ VAD 未達有效語音門檻，略過（語音比例不足 0.0% < 16%）
[recorder][VAD] RMS 語音幀 0/33 (0.0%)，有效語音 0.00s，閾值 450，最低比例 16%，最低語音 0.35s
[recorder][flush] ❌ VAD 未達有效語音門檻，略過（語音比例不足 0.0% < 16%）
[recorder][VAD] RMS 語音幀 0/33 (0.0%)，有效語音 0.00s，閾值 450，最低比例 16%，最低語音 0.35s
[recorder][flush] ❌ VAD 未達有效語音門檻，略過（語音比例不足 0.0% < 16%）
